14-08-23 18:59[root]INFO | Training on acrobot environment for 1500 episodes
14-08-23 18:59[root]INFO | Agent Type: fcnn
14-08-23 18:59[root]INFO | Log Directory: acrobot_cpu/fcnn/aaai_v2_32x32_32x32c_v2_rand/
14-08-23 18:59[root]INFO | Random Weight Initialization: True
14-08-23 18:59[root]INFO | Training Started: 2023-08-14 18:59:20
14-08-23 18:59[root]INFO | Using Acrobot Environment
14-08-23 18:59[root]INFO | Hyperparameters: {"learning_rate": 0.007, "ent_coef": 0.02, "gamma": 0.99, "gae_lambda": 0.85, "clip_range": 0.2, "n_epochs": 16, "batch_size": 64, "n_steps": 1024, "vf_coef": 0.5, "max_grad_norm": 0.5}
14-08-23 18:59[root]INFO | ===================> Training with seed 100 <=================
14-08-23 18:59[root]INFO | Agent: FCNN
14-08-23 18:59[root]INFO | Creating FCNN Action Net with arch:
14-08-23 18:59[root]INFO | Using 32x32 architecture
14-08-23 18:59[root]INFO | Creating FCNN Value Net with arch:
14-08-23 18:59[root]INFO | Using 32x32 architecture
14-08-23 18:59[root]INFO | Action Net Arch: FCNN(
  (layer1): Linear(in_features=6, out_features=32, bias=True)
  (layer2): Linear(in_features=32, out_features=32, bias=True)
  (activation): ReLU()
  (layer3): Linear(in_features=32, out_features=3, bias=True)
  (softmax): Softmax(dim=1)
)
14-08-23 18:59[root]INFO | Value Net Arch: FCNN(
  (layer1): Linear(in_features=6, out_features=32, bias=True)
  (layer2): Linear(in_features=32, out_features=32, bias=True)
  (activation): ReLU()
  (layer3): Linear(in_features=32, out_features=3, bias=True)
  (value_output): Linear(in_features=3, out_features=1, bias=True)
)
14-08-23 18:59[root]INFO | Episode: 0, Avg Reward: -500.0, Best Eval: -inf
14-08-23 19:00[root]INFO | Episode: 50, Avg Reward: -292.4901960784314, Best Eval: -inf
14-08-23 19:00[root]INFO | Episode: 100, Avg Reward: -207.52, Best Eval: -inf
14-08-23 19:00[root]INFO | Episode: 150, Avg Reward: -115.26, Best Eval: -inf
14-08-23 19:00[root]INFO | Episode: 200, Avg Reward: -94.41, Best Eval: -inf
14-08-23 19:00[root]INFO | Episode: 250, Avg Reward: -91.44, Best Eval: -87.93333333333334
14-08-23 19:01[root]INFO | Episode: 300, Avg Reward: -98.63, Best Eval: -87.93333333333334
14-08-23 19:01[root]INFO | Episode: 350, Avg Reward: -104.63, Best Eval: -87.6
14-08-23 19:01[root]INFO | Episode: 400, Avg Reward: -128.26, Best Eval: -87.6
14-08-23 19:01[root]INFO | Episode: 450, Avg Reward: -125.63, Best Eval: -85.26666666666667
14-08-23 19:01[root]INFO | Episode: 500, Avg Reward: -102.11, Best Eval: -85.26666666666667
14-08-23 19:02[root]INFO | Episode: 550, Avg Reward: -94.51, Best Eval: -85.26666666666667
14-08-23 19:02[root]INFO | Episode: 600, Avg Reward: -92.21, Best Eval: -84.63333333333334
14-08-23 19:02[root]INFO | Episode: 650, Avg Reward: -89.96, Best Eval: -76.43333333333334
14-08-23 19:02[root]INFO | Episode: 700, Avg Reward: -88.9, Best Eval: -76.43333333333334
14-08-23 19:02[root]INFO | Episode: 750, Avg Reward: -94.26, Best Eval: -76.43333333333334
14-08-23 19:02[root]INFO | Episode: 800, Avg Reward: -94.7, Best Eval: -76.43333333333334
14-08-23 19:03[root]INFO | Episode: 850, Avg Reward: -94.91, Best Eval: -76.43333333333334
14-08-23 19:03[root]INFO | Episode: 900, Avg Reward: -90.19, Best Eval: -76.43333333333334
14-08-23 19:03[root]INFO | Episode: 950, Avg Reward: -84.12, Best Eval: -76.43333333333334
14-08-23 19:03[root]INFO | Episode: 1000, Avg Reward: -90.85, Best Eval: -76.43333333333334
14-08-23 19:03[root]INFO | Episode: 1050, Avg Reward: -92.43, Best Eval: -76.43333333333334
14-08-23 19:04[root]INFO | Episode: 1100, Avg Reward: -87.4, Best Eval: -76.43333333333334
14-08-23 19:04[root]INFO | Episode: 1150, Avg Reward: -84.67, Best Eval: -76.43333333333334
14-08-23 19:04[root]INFO | Episode: 1200, Avg Reward: -83.79, Best Eval: -76.43333333333334
14-08-23 19:04[root]INFO | Episode: 1250, Avg Reward: -87.8, Best Eval: -75.26666666666667
14-08-23 19:04[root]INFO | Episode: 1300, Avg Reward: -89.82, Best Eval: -75.26666666666667
14-08-23 19:04[root]INFO | Episode: 1350, Avg Reward: -91.42, Best Eval: -75.26666666666667
14-08-23 19:05[root]INFO | Episode: 1400, Avg Reward: -92.27, Best Eval: -75.26666666666667
14-08-23 19:05[root]INFO | Episode: 1450, Avg Reward: -90.96, Best Eval: -75.26666666666667
14-08-23 19:05[root]INFO | Agent: FCNN
14-08-23 19:05[root]INFO | Creating FCNN Action Net with arch:
14-08-23 19:05[root]INFO | Using 32x32 architecture
14-08-23 19:05[root]INFO | Creating FCNN Value Net with arch:
14-08-23 19:05[root]INFO | Using 32x32 architecture
14-08-23 19:05[root]INFO | Action Net Arch: FCNN(
  (layer1): Linear(in_features=6, out_features=32, bias=True)
  (layer2): Linear(in_features=32, out_features=32, bias=True)
  (activation): ReLU()
  (layer3): Linear(in_features=32, out_features=3, bias=True)
  (softmax): Softmax(dim=1)
)
14-08-23 19:05[root]INFO | Value Net Arch: FCNN(
  (layer1): Linear(in_features=6, out_features=32, bias=True)
  (layer2): Linear(in_features=32, out_features=32, bias=True)
  (activation): ReLU()
  (layer3): Linear(in_features=32, out_features=3, bias=True)
  (value_output): Linear(in_features=3, out_features=1, bias=True)
)
14-08-23 19:05[root]INFO | ==============> Test reward for seeds [500, 600]: -82.89 +/- 43.78833063728281 <==========
14-08-23 19:05[root]INFO | Execution time of seed 100: 0 hours, 6 minutes, 8 seconds
