14-08-23 18:59[root]INFO | Training on acrobot environment for 1500 episodes
14-08-23 18:59[root]INFO | Agent Type: fcnn
14-08-23 18:59[root]INFO | Log Directory: acrobot_cpu/fcnn/aaai_v2_32x32_32x32c_v2_rand/
14-08-23 18:59[root]INFO | Random Weight Initialization: True
14-08-23 18:59[root]INFO | Training Started: 2023-08-14 18:59:20
14-08-23 18:59[root]INFO | Using Acrobot Environment
14-08-23 18:59[root]INFO | Hyperparameters: {"learning_rate": 0.007, "ent_coef": 0.02, "gamma": 0.99, "gae_lambda": 0.85, "clip_range": 0.2, "n_epochs": 16, "batch_size": 64, "n_steps": 1024, "vf_coef": 0.5, "max_grad_norm": 0.5}
14-08-23 18:59[root]INFO | ===================> Training with seed 105 <=================
14-08-23 18:59[root]INFO | Agent: FCNN
14-08-23 18:59[root]INFO | Creating FCNN Action Net with arch:
14-08-23 18:59[root]INFO | Using 32x32 architecture
14-08-23 18:59[root]INFO | Creating FCNN Value Net with arch:
14-08-23 18:59[root]INFO | Using 32x32 architecture
14-08-23 18:59[root]INFO | Action Net Arch: FCNN(
  (layer1): Linear(in_features=6, out_features=32, bias=True)
  (layer2): Linear(in_features=32, out_features=32, bias=True)
  (activation): ReLU()
  (layer3): Linear(in_features=32, out_features=3, bias=True)
  (softmax): Softmax(dim=1)
)
14-08-23 18:59[root]INFO | Value Net Arch: FCNN(
  (layer1): Linear(in_features=6, out_features=32, bias=True)
  (layer2): Linear(in_features=32, out_features=32, bias=True)
  (activation): ReLU()
  (layer3): Linear(in_features=32, out_features=3, bias=True)
  (value_output): Linear(in_features=3, out_features=1, bias=True)
)
14-08-23 18:59[root]INFO | Episode: 0, Avg Reward: -371.0, Best Eval: -inf
14-08-23 19:00[root]INFO | Episode: 50, Avg Reward: -346.7647058823529, Best Eval: -inf
14-08-23 19:00[root]INFO | Episode: 100, Avg Reward: -235.18, Best Eval: -inf
14-08-23 19:00[root]INFO | Episode: 150, Avg Reward: -116.82, Best Eval: -inf
14-08-23 19:00[root]INFO | Episode: 200, Avg Reward: -101.96, Best Eval: -inf
14-08-23 19:01[root]INFO | Episode: 250, Avg Reward: -93.27, Best Eval: -81.4
14-08-23 19:01[root]INFO | Episode: 300, Avg Reward: -90.23, Best Eval: -81.4
14-08-23 19:01[root]INFO | Episode: 350, Avg Reward: -92.43, Best Eval: -81.4
14-08-23 19:01[root]INFO | Episode: 400, Avg Reward: -93.7, Best Eval: -81.4
14-08-23 19:01[root]INFO | Episode: 450, Avg Reward: -94.65, Best Eval: -81.4
14-08-23 19:02[root]INFO | Episode: 500, Avg Reward: -98.83, Best Eval: -81.4
14-08-23 19:02[root]INFO | Episode: 550, Avg Reward: -99.39, Best Eval: -80.0
14-08-23 19:02[root]INFO | Episode: 600, Avg Reward: -94.51, Best Eval: -74.83333333333333
14-08-23 19:02[root]INFO | Episode: 650, Avg Reward: -86.9, Best Eval: -74.83333333333333
14-08-23 19:02[root]INFO | Episode: 700, Avg Reward: -83.27, Best Eval: -74.83333333333333
14-08-23 19:03[root]INFO | Episode: 750, Avg Reward: -84.54, Best Eval: -74.83333333333333
14-08-23 19:03[root]INFO | Episode: 800, Avg Reward: -92.86, Best Eval: -74.83333333333333
14-08-23 19:03[root]INFO | Episode: 850, Avg Reward: -99.37, Best Eval: -74.83333333333333
14-08-23 19:03[root]INFO | Episode: 900, Avg Reward: -94.36, Best Eval: -74.83333333333333
14-08-23 19:03[root]INFO | Episode: 950, Avg Reward: -89.75, Best Eval: -74.83333333333333
14-08-23 19:04[root]INFO | Episode: 1000, Avg Reward: -93.29, Best Eval: -74.83333333333333
14-08-23 19:04[root]INFO | Episode: 1050, Avg Reward: -94.93, Best Eval: -74.83333333333333
14-08-23 19:04[root]INFO | Episode: 1100, Avg Reward: -91.96, Best Eval: -74.83333333333333
14-08-23 19:04[root]INFO | Episode: 1150, Avg Reward: -88.56, Best Eval: -74.83333333333333
14-08-23 19:04[root]INFO | Episode: 1200, Avg Reward: -87.2, Best Eval: -74.83333333333333
14-08-23 19:04[root]INFO | Episode: 1250, Avg Reward: -88.85, Best Eval: -74.83333333333333
14-08-23 19:05[root]INFO | Episode: 1300, Avg Reward: -89.02, Best Eval: -74.83333333333333
14-08-23 19:05[root]INFO | Episode: 1350, Avg Reward: -86.97, Best Eval: -74.83333333333333
14-08-23 19:05[root]INFO | Episode: 1400, Avg Reward: -91.33, Best Eval: -74.83333333333333
14-08-23 19:05[root]INFO | Episode: 1450, Avg Reward: -94.22, Best Eval: -74.83333333333333
14-08-23 19:05[root]INFO | Agent: FCNN
14-08-23 19:05[root]INFO | Creating FCNN Action Net with arch:
14-08-23 19:05[root]INFO | Using 32x32 architecture
14-08-23 19:05[root]INFO | Creating FCNN Value Net with arch:
14-08-23 19:05[root]INFO | Using 32x32 architecture
14-08-23 19:05[root]INFO | Action Net Arch: FCNN(
  (layer1): Linear(in_features=6, out_features=32, bias=True)
  (layer2): Linear(in_features=32, out_features=32, bias=True)
  (activation): ReLU()
  (layer3): Linear(in_features=32, out_features=3, bias=True)
  (softmax): Softmax(dim=1)
)
14-08-23 19:05[root]INFO | Value Net Arch: FCNN(
  (layer1): Linear(in_features=6, out_features=32, bias=True)
  (layer2): Linear(in_features=32, out_features=32, bias=True)
  (activation): ReLU()
  (layer3): Linear(in_features=32, out_features=3, bias=True)
  (value_output): Linear(in_features=3, out_features=1, bias=True)
)
14-08-23 19:05[root]INFO | ==============> Test reward for seeds [500, 600]: -80.10 +/- 18.366545674132627 <==========
14-08-23 19:05[root]INFO | Execution time of seed 105: 0 hours, 6 minutes, 30 seconds
