20-04-24 15:21[root]INFO | Training on env: walker
20-04-24 15:21[root]INFO | Agent Type: dgt
20-04-24 15:21[root]INFO | Log Directory: ./logs/walker_cpu/dgt/256leaves_44-21-15-20-Apr_Final/
20-04-24 15:21[root]INFO | GPU?: False
20-04-24 15:21[root]INFO | Num Leaves: 256
20-04-24 15:21[root]INFO | DGT Policy
20-04-24 15:21[root]INFO | Value Net Size: [256, 256]
20-04-24 15:21[root]INFO | [START]======> Training Started for Seed [11]: 2024-04-20 15:21:50
20-04-24 15:21[root]INFO | actor: DGTActor(
  (features_extractor): FlattenExtractor(
    (flatten): Flatten(start_dim=1, end_dim=-1)
  )
  (drnet): DGT(
    (_and_act_fn): Softmax(dim=-1)
    (_predicate_l): Sequential(
      (0): Linear(in_features=24, out_features=255, bias=True)
    )
    (_and_l): XLinear(
      (_l): Linear(in_features=255, out_features=256, bias=False)
    )
    (_or_l): XLinear(
      (_l): Linear(in_features=256, out_features=4, bias=False)
    )
  )
)
20-04-24 15:21[icct.rl_helpers.eval_callback]INFO | (Train) Episode: 0, Avg Reward: -99.59542501321994, Best: -99.59542501321994
20-04-24 15:21[icct.rl_helpers.eval_callback]INFO | (Eval ) num_timesteps=1500, Reward=-29.35 +/- 32.40, EpLength: 1297.40 +/- 605.20
20-04-24 15:21[icct.rl_helpers.eval_callback]INFO | (Save ) Storing Best Model: New best mean reward!
20-04-24 15:22[icct.rl_helpers.eval_callback]INFO | (Eval ) num_timesteps=3000, Reward=-12.99 +/- 0.14, EpLength: 1600.00 +/- 0.00
20-04-24 15:22[icct.rl_helpers.eval_callback]INFO | (Save ) Storing Best Model: New best mean reward!
20-04-24 15:22[icct.rl_helpers.eval_callback]INFO | (Eval ) num_timesteps=4500, Reward=-13.11 +/- 0.23, EpLength: 1600.00 +/- 0.00
20-04-24 15:22[icct.rl_helpers.eval_callback]INFO | (Train) Episode: 10, Avg Reward: -100.24750714218399, Best: -99.59542501321994
20-04-24 15:22[icct.rl_helpers.eval_callback]INFO | (Eval ) num_timesteps=6000, Reward=-12.92 +/- 0.09, EpLength: 1600.00 +/- 0.00
20-04-24 15:22[icct.rl_helpers.eval_callback]INFO | (Save ) Storing Best Model: New best mean reward!
20-04-24 15:22[icct.rl_helpers.eval_callback]INFO | (Eval ) num_timesteps=7500, Reward=-12.88 +/- 0.02, EpLength: 1600.00 +/- 0.00
20-04-24 15:22[icct.rl_helpers.eval_callback]INFO | (Save ) Storing Best Model: New best mean reward!
20-04-24 15:22[icct.rl_helpers.eval_callback]INFO | (Eval ) num_timesteps=9000, Reward=-13.05 +/- 0.34, EpLength: 1600.00 +/- 0.00
20-04-24 15:22[icct.rl_helpers.eval_callback]INFO | (Train) Episode: 20, Avg Reward: -101.13222844106478, Best: -99.59542501321994
20-04-24 15:23[icct.rl_helpers.eval_callback]INFO | (Eval ) num_timesteps=10500, Reward=-6.79 +/- 0.02, EpLength: 1600.00 +/- 0.00
20-04-24 15:23[icct.rl_helpers.eval_callback]INFO | (Save ) Storing Best Model: New best mean reward!
20-04-24 15:24[icct.rl_helpers.eval_callback]INFO | (Eval ) num_timesteps=12000, Reward=-108.66 +/- 0.76, EpLength: 84.60 +/- 16.50
20-04-24 15:26[icct.rl_helpers.eval_callback]INFO | (Eval ) num_timesteps=13500, Reward=-126.99 +/- 3.94, EpLength: 216.80 +/- 74.43
20-04-24 15:26[icct.rl_helpers.eval_callback]INFO | (Train) Episode: 30, Avg Reward: -104.57979706963805, Best: -99.59542501321994
20-04-24 15:27[icct.rl_helpers.eval_callback]INFO | (Train) Episode: 40, Avg Reward: -107.67977999052665, Best: -99.59542501321994
20-04-24 15:27[icct.rl_helpers.eval_callback]INFO | (Eval ) num_timesteps=15000, Reward=-146.60 +/- 1.92, EpLength: 1600.00 +/- 0.00
20-04-24 15:29[icct.rl_helpers.eval_callback]INFO | (Eval ) num_timesteps=16500, Reward=-120.13 +/- 1.71, EpLength: 1290.80 +/- 618.40
20-04-24 15:30[icct.rl_helpers.eval_callback]INFO | (Eval ) num_timesteps=18000, Reward=-111.19 +/- 0.04, EpLength: 1600.00 +/- 0.00
20-04-24 15:32[icct.rl_helpers.eval_callback]INFO | (Eval ) num_timesteps=19500, Reward=-80.02 +/- 5.18, EpLength: 1600.00 +/- 0.00
20-04-24 15:34[icct.rl_helpers.eval_callback]INFO | (Eval ) num_timesteps=21000, Reward=-107.09 +/- 13.51, EpLength: 1600.00 +/- 0.00
20-04-24 15:35[icct.rl_helpers.eval_callback]INFO | (Eval ) num_timesteps=22500, Reward=-108.21 +/- 8.21, EpLength: 1600.00 +/- 0.00
20-04-24 15:37[icct.rl_helpers.eval_callback]INFO | (Eval ) num_timesteps=24000, Reward=-73.17 +/- 10.39, EpLength: 1600.00 +/- 0.00
20-04-24 15:39[icct.rl_helpers.eval_callback]INFO | (Eval ) num_timesteps=25500, Reward=-109.22 +/- 2.47, EpLength: 1600.00 +/- 0.00
20-04-24 15:40[icct.rl_helpers.eval_callback]INFO | (Eval ) num_timesteps=27000, Reward=-90.63 +/- 0.60, EpLength: 1600.00 +/- 0.00
20-04-24 15:42[icct.rl_helpers.eval_callback]INFO | (Eval ) num_timesteps=28500, Reward=-93.22 +/- 7.08, EpLength: 1600.00 +/- 0.00
20-04-24 15:43[icct.rl_helpers.eval_callback]INFO | (Train) Episode: 50, Avg Reward: -106.72448879657324, Best: -99.59542501321994
20-04-24 15:44[icct.rl_helpers.eval_callback]INFO | (Eval ) num_timesteps=30000, Reward=-68.43 +/- 4.80, EpLength: 1600.00 +/- 0.00
20-04-24 15:45[icct.rl_helpers.eval_callback]INFO | (Eval ) num_timesteps=31500, Reward=-74.20 +/- 2.90, EpLength: 1600.00 +/- 0.00
20-04-24 15:46[icct.rl_helpers.eval_callback]INFO | (Eval ) num_timesteps=33000, Reward=-85.78 +/- 1.33, EpLength: 1600.00 +/- 0.00
20-04-24 15:47[icct.rl_helpers.eval_callback]INFO | (Eval ) num_timesteps=34500, Reward=-80.78 +/- 20.62, EpLength: 1600.00 +/- 0.00
20-04-24 15:49[icct.rl_helpers.eval_callback]INFO | (Eval ) num_timesteps=36000, Reward=-51.43 +/- 4.28, EpLength: 1600.00 +/- 0.00
20-04-24 15:50[icct.rl_helpers.eval_callback]INFO | (Eval ) num_timesteps=37500, Reward=-58.37 +/- 2.70, EpLength: 1600.00 +/- 0.00
20-04-24 15:51[icct.rl_helpers.eval_callback]INFO | (Eval ) num_timesteps=39000, Reward=-67.20 +/- 1.38, EpLength: 1600.00 +/- 0.00
20-04-24 15:53[icct.rl_helpers.eval_callback]INFO | (Eval ) num_timesteps=40500, Reward=-54.98 +/- 10.69, EpLength: 1600.00 +/- 0.00
20-04-24 15:54[icct.rl_helpers.eval_callback]INFO | (Eval ) num_timesteps=42000, Reward=-43.89 +/- 0.58, EpLength: 1600.00 +/- 0.00
20-04-24 15:56[icct.rl_helpers.eval_callback]INFO | (Eval ) num_timesteps=43500, Reward=-88.91 +/- 34.97, EpLength: 686.20 +/- 746.13
20-04-24 15:56[icct.rl_helpers.eval_callback]INFO | (Train) Episode: 60, Avg Reward: -100.94928948280838, Best: -99.59542501321994
20-04-24 15:57[icct.rl_helpers.eval_callback]INFO | (Eval ) num_timesteps=45000, Reward=-139.42 +/- 2.71, EpLength: 1600.00 +/- 0.00
20-04-24 15:59[icct.rl_helpers.eval_callback]INFO | (Eval ) num_timesteps=46500, Reward=-49.19 +/- 7.89, EpLength: 1600.00 +/- 0.00
20-04-24 16:00[icct.rl_helpers.eval_callback]INFO | (Eval ) num_timesteps=48000, Reward=-68.43 +/- 6.32, EpLength: 1600.00 +/- 0.00
20-04-24 16:01[icct.rl_helpers.eval_callback]INFO | (Eval ) num_timesteps=49500, Reward=-26.98 +/- 9.03, EpLength: 1600.00 +/- 0.00
20-04-24 16:03[icct.rl_helpers.eval_callback]INFO | (Eval ) num_timesteps=51000, Reward=-68.30 +/- 1.02, EpLength: 1600.00 +/- 0.00
20-04-24 16:04[icct.rl_helpers.eval_callback]INFO | (Eval ) num_timesteps=52500, Reward=-39.30 +/- 0.68, EpLength: 1600.00 +/- 0.00
20-04-24 16:05[icct.rl_helpers.eval_callback]INFO | (Eval ) num_timesteps=54000, Reward=-30.99 +/- 3.16, EpLength: 1600.00 +/- 0.00
20-04-24 16:07[icct.rl_helpers.eval_callback]INFO | (Eval ) num_timesteps=55500, Reward=-47.33 +/- 1.44, EpLength: 1600.00 +/- 0.00
20-04-24 16:08[icct.rl_helpers.eval_callback]INFO | (Eval ) num_timesteps=57000, Reward=-46.93 +/- 2.49, EpLength: 1600.00 +/- 0.00
20-04-24 16:09[icct.rl_helpers.eval_callback]INFO | (Eval ) num_timesteps=58500, Reward=-42.42 +/- 4.14, EpLength: 1600.00 +/- 0.00
20-04-24 16:10[icct.rl_helpers.eval_callback]INFO | (Train) Episode: 70, Avg Reward: -94.69247060093561, Best: -94.69247060093561
20-04-24 16:11[icct.rl_helpers.eval_callback]INFO | (Eval ) num_timesteps=60000, Reward=-39.90 +/- 2.81, EpLength: 1600.00 +/- 0.00
20-04-24 16:12[icct.rl_helpers.eval_callback]INFO | (Eval ) num_timesteps=61500, Reward=-34.83 +/- 4.25, EpLength: 1600.00 +/- 0.00
20-04-24 16:13[icct.rl_helpers.eval_callback]INFO | (Eval ) num_timesteps=63000, Reward=-33.04 +/- 0.18, EpLength: 1600.00 +/- 0.00
20-04-24 16:15[icct.rl_helpers.eval_callback]INFO | (Eval ) num_timesteps=64500, Reward=-38.51 +/- 0.56, EpLength: 1600.00 +/- 0.00
20-04-24 16:16[icct.rl_helpers.eval_callback]INFO | (Eval ) num_timesteps=66000, Reward=-49.86 +/- 11.73, EpLength: 1600.00 +/- 0.00
20-04-24 16:17[icct.rl_helpers.eval_callback]INFO | (Eval ) num_timesteps=67500, Reward=-34.41 +/- 3.34, EpLength: 1600.00 +/- 0.00
20-04-24 16:19[icct.rl_helpers.eval_callback]INFO | (Eval ) num_timesteps=69000, Reward=-45.21 +/- 0.95, EpLength: 1600.00 +/- 0.00
20-04-24 16:20[icct.rl_helpers.eval_callback]INFO | (Eval ) num_timesteps=70500, Reward=-35.75 +/- 2.64, EpLength: 1600.00 +/- 0.00
20-04-24 16:22[icct.rl_helpers.eval_callback]INFO | (Eval ) num_timesteps=72000, Reward=-69.50 +/- 22.66, EpLength: 1600.00 +/- 0.00
20-04-24 16:24[icct.rl_helpers.eval_callback]INFO | (Eval ) num_timesteps=73500, Reward=-118.44 +/- 0.44, EpLength: 49.80 +/- 0.98
20-04-24 16:25[icct.rl_helpers.eval_callback]INFO | (Eval ) num_timesteps=75000, Reward=-90.40 +/- 1.96, EpLength: 1600.00 +/- 0.00
20-04-24 16:26[icct.rl_helpers.eval_callback]INFO | (Train) Episode: 80, Avg Reward: -88.35748409521239, Best: -88.35748409521239
20-04-24 16:27[icct.rl_helpers.eval_callback]INFO | (Eval ) num_timesteps=76500, Reward=-168.36 +/- 0.15, EpLength: 1600.00 +/- 0.00
20-04-24 16:29[icct.rl_helpers.eval_callback]INFO | (Eval ) num_timesteps=78000, Reward=-35.47 +/- 2.33, EpLength: 1600.00 +/- 0.00
20-04-24 16:31[icct.rl_helpers.eval_callback]INFO | (Eval ) num_timesteps=79500, Reward=-43.03 +/- 1.18, EpLength: 1600.00 +/- 0.00
20-04-24 16:32[icct.rl_helpers.eval_callback]INFO | (Eval ) num_timesteps=81000, Reward=-24.99 +/- 1.24, EpLength: 1600.00 +/- 0.00
20-04-24 16:34[icct.rl_helpers.eval_callback]INFO | (Eval ) num_timesteps=82500, Reward=-31.32 +/- 6.25, EpLength: 1600.00 +/- 0.00
20-04-24 16:36[icct.rl_helpers.eval_callback]INFO | (Eval ) num_timesteps=84000, Reward=-43.95 +/- 15.70, EpLength: 1600.00 +/- 0.00
20-04-24 16:37[icct.rl_helpers.eval_callback]INFO | (Eval ) num_timesteps=85500, Reward=-49.72 +/- 1.76, EpLength: 1600.00 +/- 0.00
20-04-24 16:39[icct.rl_helpers.eval_callback]INFO | (Eval ) num_timesteps=87000, Reward=-32.14 +/- 1.21, EpLength: 1600.00 +/- 0.00
20-04-24 16:41[icct.rl_helpers.eval_callback]INFO | (Eval ) num_timesteps=88500, Reward=-27.75 +/- 0.38, EpLength: 1600.00 +/- 0.00
20-04-24 16:42[icct.rl_helpers.eval_callback]INFO | (Eval ) num_timesteps=90000, Reward=-47.10 +/- 20.37, EpLength: 1600.00 +/- 0.00
20-04-24 16:43[icct.rl_helpers.eval_callback]INFO | (Eval ) num_timesteps=91500, Reward=-23.50 +/- 2.43, EpLength: 1600.00 +/- 0.00
20-04-24 16:43[icct.rl_helpers.eval_callback]INFO | (Train) Episode: 90, Avg Reward: -82.97112269933633, Best: -82.97112269933633
20-04-24 16:45[icct.rl_helpers.eval_callback]INFO | (Eval ) num_timesteps=93000, Reward=-21.39 +/- 9.64, EpLength: 1600.00 +/- 0.00
20-04-24 16:46[icct.rl_helpers.eval_callback]INFO | (Eval ) num_timesteps=94500, Reward=-46.45 +/- 5.45, EpLength: 1600.00 +/- 0.00
20-04-24 16:48[icct.rl_helpers.eval_callback]INFO | (Eval ) num_timesteps=96000, Reward=-28.20 +/- 6.43, EpLength: 1600.00 +/- 0.00
20-04-24 16:49[icct.rl_helpers.eval_callback]INFO | (Eval ) num_timesteps=97500, Reward=-32.35 +/- 7.01, EpLength: 1600.00 +/- 0.00
20-04-24 16:51[icct.rl_helpers.eval_callback]INFO | (Eval ) num_timesteps=99000, Reward=10.35 +/- 3.52, EpLength: 1600.00 +/- 0.00
20-04-24 16:51[icct.rl_helpers.eval_callback]INFO | (Save ) Storing Best Model: New best mean reward!
20-04-24 16:52[icct.rl_helpers.eval_callback]INFO | (Eval ) num_timesteps=100500, Reward=-11.70 +/- 10.18, EpLength: 1600.00 +/- 0.00
20-04-24 16:54[icct.rl_helpers.eval_callback]INFO | (Eval ) num_timesteps=102000, Reward=-47.25 +/- 16.55, EpLength: 1600.00 +/- 0.00
20-04-24 16:55[icct.rl_helpers.eval_callback]INFO | (Eval ) num_timesteps=103500, Reward=7.29 +/- 2.11, EpLength: 1600.00 +/- 0.00
20-04-24 16:56[icct.rl_helpers.eval_callback]INFO | (Eval ) num_timesteps=105000, Reward=10.70 +/- 3.66, EpLength: 1600.00 +/- 0.00
20-04-24 16:56[icct.rl_helpers.eval_callback]INFO | (Save ) Storing Best Model: New best mean reward!
20-04-24 16:58[icct.rl_helpers.eval_callback]INFO | (Eval ) num_timesteps=106500, Reward=11.38 +/- 4.10, EpLength: 1600.00 +/- 0.00
20-04-24 16:58[icct.rl_helpers.eval_callback]INFO | (Save ) Storing Best Model: New best mean reward!
20-04-24 16:59[icct.rl_helpers.eval_callback]INFO | (Train) Episode: 100, Avg Reward: -75.95981098399278, Best: -75.95981098399278
20-04-24 16:59[icct.rl_helpers.eval_callback]INFO | (Eval ) num_timesteps=108000, Reward=34.67 +/- 3.39, EpLength: 1600.00 +/- 0.00
20-04-24 16:59[icct.rl_helpers.eval_callback]INFO | (Save ) Storing Best Model: New best mean reward!
20-04-24 17:01[icct.rl_helpers.eval_callback]INFO | (Eval ) num_timesteps=109500, Reward=7.69 +/- 1.86, EpLength: 1600.00 +/- 0.00
20-04-24 17:02[icct.rl_helpers.eval_callback]INFO | (Eval ) num_timesteps=111000, Reward=15.87 +/- 14.70, EpLength: 1600.00 +/- 0.00
20-04-24 17:04[icct.rl_helpers.eval_callback]INFO | (Eval ) num_timesteps=112500, Reward=-0.31 +/- 2.19, EpLength: 1600.00 +/- 0.00
20-04-24 17:05[icct.rl_helpers.eval_callback]INFO | (Eval ) num_timesteps=114000, Reward=57.34 +/- 2.93, EpLength: 1600.00 +/- 0.00
20-04-24 17:05[icct.rl_helpers.eval_callback]INFO | (Save ) Storing Best Model: New best mean reward!
20-04-24 17:07[icct.rl_helpers.eval_callback]INFO | (Eval ) num_timesteps=115500, Reward=44.77 +/- 6.33, EpLength: 1600.00 +/- 0.00
20-04-24 17:08[icct.rl_helpers.eval_callback]INFO | (Eval ) num_timesteps=117000, Reward=45.19 +/- 3.77, EpLength: 1600.00 +/- 0.00
20-04-24 17:10[icct.rl_helpers.eval_callback]INFO | (Eval ) num_timesteps=118500, Reward=-0.50 +/- 26.98, EpLength: 1600.00 +/- 0.00
20-04-24 17:12[icct.rl_helpers.eval_callback]INFO | (Eval ) num_timesteps=120000, Reward=-61.73 +/- 2.09, EpLength: 1600.00 +/- 0.00
20-04-24 17:14[icct.rl_helpers.eval_callback]INFO | (Eval ) num_timesteps=121500, Reward=-4.09 +/- 34.52, EpLength: 1600.00 +/- 0.00
20-04-24 17:15[icct.rl_helpers.eval_callback]INFO | (Eval ) num_timesteps=123000, Reward=28.44 +/- 3.31, EpLength: 1600.00 +/- 0.00
20-04-24 17:16[icct.rl_helpers.eval_callback]INFO | (Train) Episode: 110, Avg Reward: -64.48707344366714, Best: -64.48707344366714
20-04-24 17:17[icct.rl_helpers.eval_callback]INFO | (Eval ) num_timesteps=124500, Reward=1.24 +/- 4.16, EpLength: 1600.00 +/- 0.00
20-04-24 17:18[icct.rl_helpers.eval_callback]INFO | (Eval ) num_timesteps=126000, Reward=19.13 +/- 6.10, EpLength: 1600.00 +/- 0.00
20-04-24 17:20[icct.rl_helpers.eval_callback]INFO | (Eval ) num_timesteps=127500, Reward=33.45 +/- 0.95, EpLength: 1600.00 +/- 0.00
20-04-24 17:21[icct.rl_helpers.eval_callback]INFO | (Eval ) num_timesteps=129000, Reward=73.28 +/- 4.12, EpLength: 1600.00 +/- 0.00
20-04-24 17:21[icct.rl_helpers.eval_callback]INFO | (Save ) Storing Best Model: New best mean reward!
20-04-24 17:23[icct.rl_helpers.eval_callback]INFO | (Eval ) num_timesteps=130500, Reward=42.69 +/- 2.54, EpLength: 1600.00 +/- 0.00
20-04-24 17:24[icct.rl_helpers.eval_callback]INFO | (Eval ) num_timesteps=132000, Reward=48.44 +/- 1.34, EpLength: 1600.00 +/- 0.00
20-04-24 17:26[icct.rl_helpers.eval_callback]INFO | (Eval ) num_timesteps=133500, Reward=-77.64 +/- 31.06, EpLength: 1012.80 +/- 719.17
20-04-24 17:27[icct.rl_helpers.eval_callback]INFO | (Eval ) num_timesteps=135000, Reward=79.89 +/- 4.83, EpLength: 1600.00 +/- 0.00
20-04-24 17:27[icct.rl_helpers.eval_callback]INFO | (Save ) Storing Best Model: New best mean reward!
20-04-24 17:29[icct.rl_helpers.eval_callback]INFO | (Eval ) num_timesteps=136500, Reward=29.04 +/- 13.79, EpLength: 1600.00 +/- 0.00
20-04-24 17:31[icct.rl_helpers.eval_callback]INFO | (Eval ) num_timesteps=138000, Reward=42.38 +/- 5.23, EpLength: 1600.00 +/- 0.00
20-04-24 17:32[icct.rl_helpers.eval_callback]INFO | (Eval ) num_timesteps=139500, Reward=54.25 +/- 2.38, EpLength: 1600.00 +/- 0.00
20-04-24 17:32[icct.rl_helpers.eval_callback]INFO | (Train) Episode: 120, Avg Reward: -50.47682172924436, Best: -50.47682172924436
20-04-24 17:34[icct.rl_helpers.eval_callback]INFO | (Eval ) num_timesteps=141000, Reward=57.89 +/- 3.72, EpLength: 1600.00 +/- 0.00
20-04-24 17:35[icct.rl_helpers.eval_callback]INFO | (Eval ) num_timesteps=142500, Reward=70.08 +/- 2.08, EpLength: 1600.00 +/- 0.00
20-04-24 17:37[icct.rl_helpers.eval_callback]INFO | (Eval ) num_timesteps=144000, Reward=70.33 +/- 5.05, EpLength: 1600.00 +/- 0.00
20-04-24 17:38[icct.rl_helpers.eval_callback]INFO | (Eval ) num_timesteps=145500, Reward=56.04 +/- 39.73, EpLength: 1600.00 +/- 0.00
20-04-24 17:40[icct.rl_helpers.eval_callback]INFO | (Eval ) num_timesteps=147000, Reward=74.72 +/- 2.31, EpLength: 1600.00 +/- 0.00
20-04-24 17:42[icct.rl_helpers.eval_callback]INFO | (Eval ) num_timesteps=148500, Reward=79.54 +/- 1.86, EpLength: 1600.00 +/- 0.00
20-04-24 17:43[icct.rl_helpers.eval_callback]INFO | (Eval ) num_timesteps=150000, Reward=57.48 +/- 2.97, EpLength: 1600.00 +/- 0.00
20-04-24 17:44[icct.rl_helpers.eval_callback]INFO | (Eval ) num_timesteps=151500, Reward=67.20 +/- 2.53, EpLength: 1600.00 +/- 0.00
20-04-24 17:46[icct.rl_helpers.eval_callback]INFO | (Eval ) num_timesteps=153000, Reward=33.60 +/- 84.11, EpLength: 1321.80 +/- 556.40
20-04-24 17:47[icct.rl_helpers.eval_callback]INFO | (Eval ) num_timesteps=154500, Reward=79.17 +/- 3.24, EpLength: 1600.00 +/- 0.00
20-04-24 17:48[icct.rl_helpers.eval_callback]INFO | (Train) Episode: 130, Avg Reward: -32.55092680983164, Best: -32.55092680983164
20-04-24 17:49[icct.rl_helpers.eval_callback]INFO | (Eval ) num_timesteps=156000, Reward=97.12 +/- 6.03, EpLength: 1600.00 +/- 0.00
20-04-24 17:49[icct.rl_helpers.eval_callback]INFO | (Save ) Storing Best Model: New best mean reward!
20-04-24 17:50[icct.rl_helpers.eval_callback]INFO | (Eval ) num_timesteps=157500, Reward=102.17 +/- 3.32, EpLength: 1600.00 +/- 0.00
20-04-24 17:50[icct.rl_helpers.eval_callback]INFO | (Save ) Storing Best Model: New best mean reward!
20-04-24 17:51[icct.rl_helpers.eval_callback]INFO | (Eval ) num_timesteps=159000, Reward=93.92 +/- 8.93, EpLength: 1600.00 +/- 0.00
20-04-24 17:53[icct.rl_helpers.eval_callback]INFO | (Eval ) num_timesteps=160500, Reward=95.07 +/- 4.55, EpLength: 1600.00 +/- 0.00
20-04-24 17:54[icct.rl_helpers.eval_callback]INFO | (Eval ) num_timesteps=162000, Reward=102.08 +/- 4.02, EpLength: 1600.00 +/- 0.00
20-04-24 17:56[icct.rl_helpers.eval_callback]INFO | (Eval ) num_timesteps=163500, Reward=98.62 +/- 3.00, EpLength: 1600.00 +/- 0.00
20-04-24 17:57[icct.rl_helpers.eval_callback]INFO | (Eval ) num_timesteps=165000, Reward=112.15 +/- 2.60, EpLength: 1600.00 +/- 0.00
20-04-24 17:57[icct.rl_helpers.eval_callback]INFO | (Save ) Storing Best Model: New best mean reward!
20-04-24 17:59[icct.rl_helpers.eval_callback]INFO | (Eval ) num_timesteps=166500, Reward=109.94 +/- 2.13, EpLength: 1600.00 +/- 0.00
20-04-24 18:00[icct.rl_helpers.eval_callback]INFO | (Eval ) num_timesteps=168000, Reward=115.45 +/- 2.80, EpLength: 1600.00 +/- 0.00
20-04-24 18:00[icct.rl_helpers.eval_callback]INFO | (Save ) Storing Best Model: New best mean reward!
20-04-24 18:01[icct.rl_helpers.eval_callback]INFO | (Eval ) num_timesteps=169500, Reward=112.88 +/- 1.56, EpLength: 1600.00 +/- 0.00
20-04-24 18:02[icct.rl_helpers.eval_callback]INFO | (Eval ) num_timesteps=171000, Reward=106.36 +/- 1.65, EpLength: 1600.00 +/- 0.00
20-04-24 18:02[icct.rl_helpers.eval_callback]INFO | (Train) Episode: 140, Avg Reward: -10.635871508587465, Best: -10.635871508587465
20-04-24 18:03[icct.rl_helpers.eval_callback]INFO | (Eval ) num_timesteps=172500, Reward=118.24 +/- 2.03, EpLength: 1600.00 +/- 0.00
20-04-24 18:03[icct.rl_helpers.eval_callback]INFO | (Save ) Storing Best Model: New best mean reward!
20-04-24 18:04[icct.rl_helpers.eval_callback]INFO | (Eval ) num_timesteps=174000, Reward=110.40 +/- 8.08, EpLength: 1600.00 +/- 0.00
20-04-24 18:05[icct.rl_helpers.eval_callback]INFO | (Eval ) num_timesteps=175500, Reward=110.41 +/- 10.01, EpLength: 1600.00 +/- 0.00
20-04-24 18:07[icct.rl_helpers.eval_callback]INFO | (Eval ) num_timesteps=177000, Reward=122.68 +/- 2.36, EpLength: 1600.00 +/- 0.00
20-04-24 18:07[icct.rl_helpers.eval_callback]INFO | (Save ) Storing Best Model: New best mean reward!
20-04-24 18:08[icct.rl_helpers.eval_callback]INFO | (Eval ) num_timesteps=178500, Reward=126.02 +/- 2.84, EpLength: 1600.00 +/- 0.00
20-04-24 18:08[icct.rl_helpers.eval_callback]INFO | (Save ) Storing Best Model: New best mean reward!
20-04-24 18:10[icct.rl_helpers.eval_callback]INFO | (Eval ) num_timesteps=180000, Reward=126.90 +/- 3.98, EpLength: 1600.00 +/- 0.00
20-04-24 18:10[icct.rl_helpers.eval_callback]INFO | (Save ) Storing Best Model: New best mean reward!
20-04-24 18:12[icct.rl_helpers.eval_callback]INFO | (Eval ) num_timesteps=181500, Reward=114.94 +/- 1.89, EpLength: 1600.00 +/- 0.00
20-04-24 18:13[icct.rl_helpers.eval_callback]INFO | (Eval ) num_timesteps=183000, Reward=123.91 +/- 1.80, EpLength: 1600.00 +/- 0.00
20-04-24 18:15[icct.rl_helpers.eval_callback]INFO | (Eval ) num_timesteps=184500, Reward=116.15 +/- 3.40, EpLength: 1600.00 +/- 0.00
20-04-24 18:16[icct.rl_helpers.eval_callback]INFO | (Eval ) num_timesteps=186000, Reward=115.31 +/- 2.92, EpLength: 1600.00 +/- 0.00
20-04-24 18:18[icct.rl_helpers.eval_callback]INFO | (Eval ) num_timesteps=187500, Reward=121.76 +/- 1.94, EpLength: 1600.00 +/- 0.00
20-04-24 18:18[icct.rl_helpers.eval_callback]INFO | (Train) Episode: 150, Avg Reward: 11.224397574306703, Best: 11.224397574306703
20-04-24 18:19[icct.rl_helpers.eval_callback]INFO | (Eval ) num_timesteps=189000, Reward=128.92 +/- 2.80, EpLength: 1600.00 +/- 0.00
20-04-24 18:19[icct.rl_helpers.eval_callback]INFO | (Save ) Storing Best Model: New best mean reward!
20-04-24 18:21[icct.rl_helpers.eval_callback]INFO | (Eval ) num_timesteps=190500, Reward=131.08 +/- 2.13, EpLength: 1600.00 +/- 0.00
20-04-24 18:21[icct.rl_helpers.eval_callback]INFO | (Save ) Storing Best Model: New best mean reward!
20-04-24 18:22[icct.rl_helpers.eval_callback]INFO | (Eval ) num_timesteps=192000, Reward=131.19 +/- 4.02, EpLength: 1600.00 +/- 0.00
20-04-24 18:22[icct.rl_helpers.eval_callback]INFO | (Save ) Storing Best Model: New best mean reward!
20-04-24 18:24[icct.rl_helpers.eval_callback]INFO | (Eval ) num_timesteps=193500, Reward=120.71 +/- 1.94, EpLength: 1600.00 +/- 0.00
20-04-24 18:25[icct.rl_helpers.eval_callback]INFO | (Eval ) num_timesteps=195000, Reward=125.37 +/- 2.27, EpLength: 1600.00 +/- 0.00
20-04-24 18:27[icct.rl_helpers.eval_callback]INFO | (Eval ) num_timesteps=196500, Reward=-112.40 +/- 6.23, EpLength: 78.20 +/- 25.19
20-04-24 18:28[icct.rl_helpers.eval_callback]INFO | (Eval ) num_timesteps=198000, Reward=131.07 +/- 1.92, EpLength: 1600.00 +/- 0.00
20-04-24 18:30[icct.rl_helpers.eval_callback]INFO | (Eval ) num_timesteps=199500, Reward=123.99 +/- 3.39, EpLength: 1600.00 +/- 0.00
20-04-24 18:31[icct.rl_helpers.eval_callback]INFO | (Eval ) num_timesteps=201000, Reward=129.94 +/- 2.05, EpLength: 1600.00 +/- 0.00
20-04-24 18:32[icct.rl_helpers.eval_callback]INFO | (Eval ) num_timesteps=202500, Reward=129.55 +/- 3.99, EpLength: 1600.00 +/- 0.00
20-04-24 18:34[icct.rl_helpers.eval_callback]INFO | (Train) Episode: 160, Avg Reward: 30.47645566349924, Best: 30.47645566349924
20-04-24 18:34[icct.rl_helpers.eval_callback]INFO | (Eval ) num_timesteps=204000, Reward=124.98 +/- 2.21, EpLength: 1600.00 +/- 0.00
20-04-24 18:35[icct.rl_helpers.eval_callback]INFO | (Eval ) num_timesteps=205500, Reward=131.25 +/- 2.47, EpLength: 1600.00 +/- 0.00
20-04-24 18:35[icct.rl_helpers.eval_callback]INFO | (Save ) Storing Best Model: New best mean reward!
20-04-24 18:37[icct.rl_helpers.eval_callback]INFO | (Eval ) num_timesteps=207000, Reward=126.92 +/- 3.48, EpLength: 1600.00 +/- 0.00
20-04-24 18:38[icct.rl_helpers.eval_callback]INFO | (Eval ) num_timesteps=208500, Reward=129.21 +/- 1.99, EpLength: 1600.00 +/- 0.00
20-04-24 18:39[icct.rl_helpers.eval_callback]INFO | (Eval ) num_timesteps=210000, Reward=143.24 +/- 2.90, EpLength: 1600.00 +/- 0.00
20-04-24 18:39[icct.rl_helpers.eval_callback]INFO | (Save ) Storing Best Model: New best mean reward!
20-04-24 18:41[icct.rl_helpers.eval_callback]INFO | (Eval ) num_timesteps=211500, Reward=127.01 +/- 3.53, EpLength: 1600.00 +/- 0.00
20-04-24 18:42[icct.rl_helpers.eval_callback]INFO | (Eval ) num_timesteps=213000, Reward=144.55 +/- 5.34, EpLength: 1600.00 +/- 0.00
20-04-24 18:42[icct.rl_helpers.eval_callback]INFO | (Save ) Storing Best Model: New best mean reward!
20-04-24 18:44[icct.rl_helpers.eval_callback]INFO | (Eval ) num_timesteps=214500, Reward=136.68 +/- 2.78, EpLength: 1600.00 +/- 0.00
20-04-24 18:45[icct.rl_helpers.eval_callback]INFO | (Eval ) num_timesteps=216000, Reward=138.45 +/- 3.38, EpLength: 1600.00 +/- 0.00
20-04-24 18:47[icct.rl_helpers.eval_callback]INFO | (Eval ) num_timesteps=217500, Reward=138.29 +/- 1.72, EpLength: 1600.00 +/- 0.00
20-04-24 18:48[icct.rl_helpers.eval_callback]INFO | (Eval ) num_timesteps=219000, Reward=138.96 +/- 3.78, EpLength: 1600.00 +/- 0.00
20-04-24 18:49[icct.rl_helpers.eval_callback]INFO | (Train) Episode: 170, Avg Reward: 49.33497859271044, Best: 49.33497859271044
20-04-24 18:50[icct.rl_helpers.eval_callback]INFO | (Eval ) num_timesteps=220500, Reward=161.04 +/- 6.42, EpLength: 1600.00 +/- 0.00
20-04-24 18:50[icct.rl_helpers.eval_callback]INFO | (Save ) Storing Best Model: New best mean reward!
20-04-24 18:52[icct.rl_helpers.eval_callback]INFO | (Eval ) num_timesteps=222000, Reward=156.14 +/- 5.31, EpLength: 1600.00 +/- 0.00
20-04-24 18:53[icct.rl_helpers.eval_callback]INFO | (Eval ) num_timesteps=223500, Reward=-174.51 +/- 0.07, EpLength: 1600.00 +/- 0.00
20-04-24 18:55[icct.rl_helpers.eval_callback]INFO | (Eval ) num_timesteps=225000, Reward=-92.31 +/- 2.45, EpLength: 356.00 +/- 119.84
20-04-24 18:56[icct.rl_helpers.eval_callback]INFO | (Eval ) num_timesteps=226500, Reward=46.71 +/- 38.91, EpLength: 1543.40 +/- 113.20
20-04-24 18:58[icct.rl_helpers.eval_callback]INFO | (Eval ) num_timesteps=228000, Reward=64.94 +/- 19.00, EpLength: 1600.00 +/- 0.00
20-04-24 18:58[icct.rl_helpers.eval_callback]INFO | (Train) Episode: 180, Avg Reward: 49.08269817906029, Best: 51.62063785922429
20-04-24 18:59[icct.rl_helpers.eval_callback]INFO | (Eval ) num_timesteps=229500, Reward=127.98 +/- 5.25, EpLength: 1600.00 +/- 0.00
20-04-24 19:01[icct.rl_helpers.eval_callback]INFO | (Eval ) num_timesteps=231000, Reward=137.80 +/- 4.67, EpLength: 1600.00 +/- 0.00
20-04-24 19:02[icct.rl_helpers.eval_callback]INFO | (Eval ) num_timesteps=232500, Reward=137.33 +/- 3.59, EpLength: 1600.00 +/- 0.00
20-04-24 19:04[icct.rl_helpers.eval_callback]INFO | (Eval ) num_timesteps=234000, Reward=138.61 +/- 2.77, EpLength: 1600.00 +/- 0.00
20-04-24 19:05[icct.rl_helpers.eval_callback]INFO | (Eval ) num_timesteps=235500, Reward=114.27 +/- 3.80, EpLength: 1600.00 +/- 0.00
20-04-24 19:07[icct.rl_helpers.eval_callback]INFO | (Eval ) num_timesteps=237000, Reward=150.46 +/- 2.53, EpLength: 1600.00 +/- 0.00
20-04-24 19:08[icct.rl_helpers.eval_callback]INFO | (Eval ) num_timesteps=238500, Reward=112.78 +/- 4.49, EpLength: 1600.00 +/- 0.00
20-04-24 19:09[icct.rl_helpers.eval_callback]INFO | (Eval ) num_timesteps=240000, Reward=137.99 +/- 3.54, EpLength: 1600.00 +/- 0.00
20-04-24 19:11[icct.rl_helpers.eval_callback]INFO | (Eval ) num_timesteps=241500, Reward=156.44 +/- 3.90, EpLength: 1600.00 +/- 0.00
20-04-24 19:12[icct.rl_helpers.eval_callback]INFO | (Eval ) num_timesteps=243000, Reward=114.05 +/- 2.89, EpLength: 1600.00 +/- 0.00
20-04-24 19:13[icct.rl_helpers.eval_callback]INFO | (Train) Episode: 190, Avg Reward: 65.7249381367418, Best: 65.7249381367418
20-04-24 19:14[icct.rl_helpers.eval_callback]INFO | (Eval ) num_timesteps=244500, Reward=143.84 +/- 2.84, EpLength: 1600.00 +/- 0.00
20-04-24 19:15[icct.rl_helpers.eval_callback]INFO | (Eval ) num_timesteps=246000, Reward=132.36 +/- 2.68, EpLength: 1600.00 +/- 0.00
20-04-24 19:17[icct.rl_helpers.eval_callback]INFO | (Eval ) num_timesteps=247500, Reward=166.48 +/- 3.95, EpLength: 1600.00 +/- 0.00
20-04-24 19:17[icct.rl_helpers.eval_callback]INFO | (Save ) Storing Best Model: New best mean reward!
20-04-24 19:18[icct.rl_helpers.eval_callback]INFO | (Eval ) num_timesteps=249000, Reward=167.92 +/- 6.50, EpLength: 1600.00 +/- 0.00
20-04-24 19:18[icct.rl_helpers.eval_callback]INFO | (Save ) Storing Best Model: New best mean reward!
20-04-24 19:20[icct.rl_helpers.eval_callback]INFO | (Eval ) num_timesteps=250500, Reward=128.46 +/- 5.88, EpLength: 1600.00 +/- 0.00
20-04-24 19:22[icct.rl_helpers.eval_callback]INFO | (Eval ) num_timesteps=252000, Reward=169.97 +/- 9.89, EpLength: 1600.00 +/- 0.00
20-04-24 19:22[icct.rl_helpers.eval_callback]INFO | (Save ) Storing Best Model: New best mean reward!
20-04-24 19:23[icct.rl_helpers.eval_callback]INFO | (Eval ) num_timesteps=253500, Reward=182.04 +/- 3.37, EpLength: 1600.00 +/- 0.00
20-04-24 19:23[icct.rl_helpers.eval_callback]INFO | (Save ) Storing Best Model: New best mean reward!
20-04-24 19:25[icct.rl_helpers.eval_callback]INFO | (Eval ) num_timesteps=255000, Reward=163.66 +/- 5.39, EpLength: 1600.00 +/- 0.00
20-04-24 19:26[icct.rl_helpers.eval_callback]INFO | (Eval ) num_timesteps=256500, Reward=179.87 +/- 5.53, EpLength: 1600.00 +/- 0.00
20-04-24 19:28[icct.rl_helpers.eval_callback]INFO | (Eval ) num_timesteps=258000, Reward=135.97 +/- 2.64, EpLength: 1600.00 +/- 0.00
20-04-24 19:29[icct.rl_helpers.eval_callback]INFO | (Train) Episode: 200, Avg Reward: 80.34244492689831, Best: 80.34244492689831
20-04-24 19:29[icct.rl_helpers.eval_callback]INFO | (Eval ) num_timesteps=259500, Reward=164.25 +/- 7.06, EpLength: 1600.00 +/- 0.00
20-04-24 19:31[icct.rl_helpers.eval_callback]INFO | (Eval ) num_timesteps=261000, Reward=171.51 +/- 4.20, EpLength: 1600.00 +/- 0.00
20-04-24 19:33[icct.rl_helpers.eval_callback]INFO | (Eval ) num_timesteps=262500, Reward=170.37 +/- 4.07, EpLength: 1600.00 +/- 0.00
20-04-24 19:34[icct.rl_helpers.eval_callback]INFO | (Eval ) num_timesteps=264000, Reward=152.04 +/- 3.29, EpLength: 1600.00 +/- 0.00
20-04-24 19:36[icct.rl_helpers.eval_callback]INFO | (Eval ) num_timesteps=265500, Reward=158.52 +/- 3.91, EpLength: 1600.00 +/- 0.00
20-04-24 19:38[icct.rl_helpers.eval_callback]INFO | (Eval ) num_timesteps=267000, Reward=165.30 +/- 5.74, EpLength: 1600.00 +/- 0.00
20-04-24 19:39[icct.rl_helpers.eval_callback]INFO | (Eval ) num_timesteps=268500, Reward=153.76 +/- 5.35, EpLength: 1600.00 +/- 0.00
20-04-24 19:41[icct.rl_helpers.eval_callback]INFO | (Eval ) num_timesteps=270000, Reward=153.45 +/- 3.85, EpLength: 1600.00 +/- 0.00
20-04-24 19:42[icct.rl_helpers.eval_callback]INFO | (Eval ) num_timesteps=271500, Reward=163.69 +/- 5.94, EpLength: 1600.00 +/- 0.00
20-04-24 19:44[icct.rl_helpers.eval_callback]INFO | (Eval ) num_timesteps=273000, Reward=147.75 +/- 4.04, EpLength: 1600.00 +/- 0.00
20-04-24 19:45[icct.rl_helpers.eval_callback]INFO | (Eval ) num_timesteps=274500, Reward=184.48 +/- 4.76, EpLength: 1600.00 +/- 0.00
20-04-24 19:45[icct.rl_helpers.eval_callback]INFO | (Save ) Storing Best Model: New best mean reward!
20-04-24 19:46[icct.rl_helpers.eval_callback]INFO | (Train) Episode: 210, Avg Reward: 93.20044555743408, Best: 93.20044555743408
20-04-24 19:47[icct.rl_helpers.eval_callback]INFO | (Eval ) num_timesteps=276000, Reward=142.92 +/- 2.21, EpLength: 1600.00 +/- 0.00
20-04-24 19:48[icct.rl_helpers.eval_callback]INFO | (Eval ) num_timesteps=277500, Reward=161.09 +/- 6.33, EpLength: 1600.00 +/- 0.00
20-04-24 19:50[icct.rl_helpers.eval_callback]INFO | (Eval ) num_timesteps=279000, Reward=153.71 +/- 5.89, EpLength: 1600.00 +/- 0.00
20-04-24 19:51[icct.rl_helpers.eval_callback]INFO | (Eval ) num_timesteps=280500, Reward=17.80 +/- 59.99, EpLength: 1301.80 +/- 247.18
20-04-24 19:52[icct.rl_helpers.eval_callback]INFO | (Eval ) num_timesteps=282000, Reward=110.84 +/- 81.19, EpLength: 1418.00 +/- 364.00
20-04-24 19:53[icct.rl_helpers.eval_callback]INFO | (Eval ) num_timesteps=283500, Reward=113.20 +/- 59.23, EpLength: 1508.00 +/- 184.00
20-04-24 19:55[icct.rl_helpers.eval_callback]INFO | (Eval ) num_timesteps=285000, Reward=175.33 +/- 5.52, EpLength: 1600.00 +/- 0.00
20-04-24 19:56[icct.rl_helpers.eval_callback]INFO | (Eval ) num_timesteps=286500, Reward=154.13 +/- 4.38, EpLength: 1600.00 +/- 0.00
20-04-24 19:58[icct.rl_helpers.eval_callback]INFO | (Eval ) num_timesteps=288000, Reward=145.53 +/- 5.43, EpLength: 1600.00 +/- 0.00
20-04-24 19:59[icct.rl_helpers.eval_callback]INFO | (Eval ) num_timesteps=289500, Reward=147.23 +/- 12.02, EpLength: 1600.00 +/- 0.00
20-04-24 20:01[icct.rl_helpers.eval_callback]INFO | (Eval ) num_timesteps=291000, Reward=177.26 +/- 8.22, EpLength: 1600.00 +/- 0.00
20-04-24 20:01[icct.rl_helpers.eval_callback]INFO | (Train) Episode: 220, Avg Reward: 104.42667310803178, Best: 104.42667310803178
20-04-24 20:02[icct.rl_helpers.eval_callback]INFO | (Eval ) num_timesteps=292500, Reward=115.42 +/- 85.50, EpLength: 1368.80 +/- 462.40
20-04-24 20:03[icct.rl_helpers.eval_callback]INFO | (Eval ) num_timesteps=294000, Reward=196.07 +/- 6.03, EpLength: 1600.00 +/- 0.00
20-04-24 20:03[icct.rl_helpers.eval_callback]INFO | (Save ) Storing Best Model: New best mean reward!
20-04-24 20:05[icct.rl_helpers.eval_callback]INFO | (Eval ) num_timesteps=295500, Reward=177.73 +/- 9.61, EpLength: 1600.00 +/- 0.00
20-04-24 20:06[icct.rl_helpers.eval_callback]INFO | (Eval ) num_timesteps=297000, Reward=159.57 +/- 2.96, EpLength: 1600.00 +/- 0.00
20-04-24 20:08[icct.rl_helpers.eval_callback]INFO | (Eval ) num_timesteps=298500, Reward=151.52 +/- 5.29, EpLength: 1600.00 +/- 0.00
20-04-24 20:09[icct.rl_helpers.eval_callback]INFO | (Eval ) num_timesteps=300000, Reward=186.28 +/- 4.68, EpLength: 1600.00 +/- 0.00
20-04-24 20:11[icct.rl_helpers.eval_callback]INFO | (Eval ) num_timesteps=301500, Reward=163.17 +/- 5.81, EpLength: 1600.00 +/- 0.00
20-04-24 20:12[icct.rl_helpers.eval_callback]INFO | (Eval ) num_timesteps=303000, Reward=198.89 +/- 2.39, EpLength: 1600.00 +/- 0.00
20-04-24 20:12[icct.rl_helpers.eval_callback]INFO | (Save ) Storing Best Model: New best mean reward!
20-04-24 20:14[icct.rl_helpers.eval_callback]INFO | (Eval ) num_timesteps=304500, Reward=205.17 +/- 7.15, EpLength: 1600.00 +/- 0.00
20-04-24 20:14[icct.rl_helpers.eval_callback]INFO | (Save ) Storing Best Model: New best mean reward!
20-04-24 20:15[icct.rl_helpers.eval_callback]INFO | (Eval ) num_timesteps=306000, Reward=200.55 +/- 6.51, EpLength: 1600.00 +/- 0.00
20-04-24 20:16[icct.rl_helpers.eval_callback]INFO | (Train) Episode: 230, Avg Reward: 115.47478195706026, Best: 115.47478195706026
20-04-24 20:16[icct.rl_helpers.eval_callback]INFO | (Eval ) num_timesteps=307500, Reward=204.69 +/- 5.40, EpLength: 1600.00 +/- 0.00
20-04-24 20:18[icct.rl_helpers.eval_callback]INFO | (Eval ) num_timesteps=309000, Reward=177.34 +/- 7.01, EpLength: 1600.00 +/- 0.00
20-04-24 20:19[icct.rl_helpers.eval_callback]INFO | (Eval ) num_timesteps=310500, Reward=184.12 +/- 4.98, EpLength: 1600.00 +/- 0.00
20-04-24 20:20[icct.rl_helpers.eval_callback]INFO | (Eval ) num_timesteps=312000, Reward=174.53 +/- 2.67, EpLength: 1600.00 +/- 0.00
20-04-24 20:21[icct.rl_helpers.eval_callback]INFO | (Eval ) num_timesteps=313500, Reward=188.75 +/- 4.81, EpLength: 1600.00 +/- 0.00
20-04-24 20:23[icct.rl_helpers.eval_callback]INFO | (Eval ) num_timesteps=315000, Reward=218.18 +/- 4.41, EpLength: 1600.00 +/- 0.00
20-04-24 20:23[icct.rl_helpers.eval_callback]INFO | (Save ) Storing Best Model: New best mean reward!
20-04-24 20:24[icct.rl_helpers.eval_callback]INFO | (Eval ) num_timesteps=316500, Reward=202.92 +/- 7.90, EpLength: 1600.00 +/- 0.00
20-04-24 20:26[icct.rl_helpers.eval_callback]INFO | (Eval ) num_timesteps=318000, Reward=190.75 +/- 5.10, EpLength: 1600.00 +/- 0.00
20-04-24 20:27[icct.rl_helpers.eval_callback]INFO | (Eval ) num_timesteps=319500, Reward=-44.85 +/- 142.33, EpLength: 390.20 +/- 604.91
20-04-24 20:28[icct.rl_helpers.eval_callback]INFO | (Eval ) num_timesteps=321000, Reward=203.32 +/- 8.56, EpLength: 1600.00 +/- 0.00
20-04-24 20:30[icct.rl_helpers.eval_callback]INFO | (Eval ) num_timesteps=322500, Reward=190.95 +/- 3.26, EpLength: 1600.00 +/- 0.00
20-04-24 20:30[icct.rl_helpers.eval_callback]INFO | (Train) Episode: 240, Avg Reward: 124.6571164663252, Best: 124.6571164663252
20-04-24 20:31[icct.rl_helpers.eval_callback]INFO | (Eval ) num_timesteps=324000, Reward=186.15 +/- 4.66, EpLength: 1600.00 +/- 0.00
20-04-24 20:32[icct.rl_helpers.eval_callback]INFO | (Eval ) num_timesteps=325500, Reward=207.43 +/- 5.49, EpLength: 1600.00 +/- 0.00
20-04-24 20:33[icct.rl_helpers.eval_callback]INFO | (Eval ) num_timesteps=327000, Reward=219.79 +/- 4.29, EpLength: 1600.00 +/- 0.00
20-04-24 20:33[icct.rl_helpers.eval_callback]INFO | (Save ) Storing Best Model: New best mean reward!
20-04-24 20:35[icct.rl_helpers.eval_callback]INFO | (Eval ) num_timesteps=328500, Reward=207.48 +/- 3.52, EpLength: 1600.00 +/- 0.00
20-04-24 20:36[icct.rl_helpers.eval_callback]INFO | (Eval ) num_timesteps=330000, Reward=212.52 +/- 7.84, EpLength: 1600.00 +/- 0.00
20-04-24 20:38[icct.rl_helpers.eval_callback]INFO | (Eval ) num_timesteps=331500, Reward=175.90 +/- 9.59, EpLength: 1600.00 +/- 0.00
20-04-24 20:39[icct.rl_helpers.eval_callback]INFO | (Eval ) num_timesteps=333000, Reward=183.22 +/- 2.29, EpLength: 1600.00 +/- 0.00
20-04-24 20:41[icct.rl_helpers.eval_callback]INFO | (Eval ) num_timesteps=334500, Reward=222.66 +/- 8.05, EpLength: 1600.00 +/- 0.00
20-04-24 20:41[icct.rl_helpers.eval_callback]INFO | (Save ) Storing Best Model: New best mean reward!
20-04-24 20:42[icct.rl_helpers.eval_callback]INFO | (Eval ) num_timesteps=336000, Reward=198.68 +/- 7.52, EpLength: 1600.00 +/- 0.00
20-04-24 20:44[icct.rl_helpers.eval_callback]INFO | (Eval ) num_timesteps=337500, Reward=174.64 +/- 6.97, EpLength: 1600.00 +/- 0.00
20-04-24 20:45[icct.rl_helpers.eval_callback]INFO | (Eval ) num_timesteps=339000, Reward=227.30 +/- 12.13, EpLength: 1600.00 +/- 0.00
20-04-24 20:45[icct.rl_helpers.eval_callback]INFO | (Save ) Storing Best Model: New best mean reward!
20-04-24 20:45[icct.rl_helpers.eval_callback]INFO | (Train) Episode: 250, Avg Reward: 132.797567070407, Best: 132.797567070407
20-04-24 20:47[icct.rl_helpers.eval_callback]INFO | (Eval ) num_timesteps=340500, Reward=217.06 +/- 6.51, EpLength: 1600.00 +/- 0.00
20-04-24 20:48[icct.rl_helpers.eval_callback]INFO | (Eval ) num_timesteps=342000, Reward=190.35 +/- 9.09, EpLength: 1600.00 +/- 0.00
20-04-24 20:49[icct.rl_helpers.eval_callback]INFO | (Eval ) num_timesteps=343500, Reward=181.75 +/- 10.84, EpLength: 1600.00 +/- 0.00
20-04-24 20:51[icct.rl_helpers.eval_callback]INFO | (Eval ) num_timesteps=345000, Reward=192.07 +/- 6.82, EpLength: 1600.00 +/- 0.00
20-04-24 20:52[icct.rl_helpers.eval_callback]INFO | (Eval ) num_timesteps=346500, Reward=209.43 +/- 9.64, EpLength: 1600.00 +/- 0.00
20-04-24 20:53[icct.rl_helpers.eval_callback]INFO | (Eval ) num_timesteps=348000, Reward=219.56 +/- 10.13, EpLength: 1600.00 +/- 0.00
20-04-24 20:54[icct.rl_helpers.eval_callback]INFO | (Eval ) num_timesteps=349500, Reward=234.94 +/- 6.22, EpLength: 1600.00 +/- 0.00
20-04-24 20:54[icct.rl_helpers.eval_callback]INFO | (Save ) Storing Best Model: New best mean reward!
20-04-24 20:55[icct.rl_helpers.eval_callback]INFO | (Eval ) num_timesteps=351000, Reward=192.81 +/- 7.11, EpLength: 1600.00 +/- 0.00
20-04-24 20:57[icct.rl_helpers.eval_callback]INFO | (Eval ) num_timesteps=352500, Reward=198.88 +/- 12.99, EpLength: 1600.00 +/- 0.00
20-04-24 20:58[icct.rl_helpers.eval_callback]INFO | (Eval ) num_timesteps=354000, Reward=223.37 +/- 4.80, EpLength: 1600.00 +/- 0.00
20-04-24 20:59[icct.rl_helpers.eval_callback]INFO | (Train) Episode: 260, Avg Reward: 140.98952782100775, Best: 140.98952782100775
20-04-24 21:00[icct.rl_helpers.eval_callback]INFO | (Eval ) num_timesteps=355500, Reward=232.47 +/- 6.47, EpLength: 1600.00 +/- 0.00
20-04-24 21:01[icct.rl_helpers.eval_callback]INFO | (Eval ) num_timesteps=357000, Reward=206.19 +/- 3.01, EpLength: 1600.00 +/- 0.00
20-04-24 21:02[icct.rl_helpers.eval_callback]INFO | (Eval ) num_timesteps=358500, Reward=231.31 +/- 15.26, EpLength: 1600.00 +/- 0.00
20-04-24 21:03[icct.rl_helpers.eval_callback]INFO | (Eval ) num_timesteps=360000, Reward=236.06 +/- 8.09, EpLength: 1600.00 +/- 0.00
20-04-24 21:03[icct.rl_helpers.eval_callback]INFO | (Save ) Storing Best Model: New best mean reward!
20-04-24 21:05[icct.rl_helpers.eval_callback]INFO | (Eval ) num_timesteps=361500, Reward=225.48 +/- 5.32, EpLength: 1600.00 +/- 0.00
20-04-24 21:06[icct.rl_helpers.eval_callback]INFO | (Eval ) num_timesteps=363000, Reward=245.49 +/- 5.67, EpLength: 1600.00 +/- 0.00
20-04-24 21:06[icct.rl_helpers.eval_callback]INFO | (Save ) Storing Best Model: New best mean reward!
20-04-24 21:08[icct.rl_helpers.eval_callback]INFO | (Eval ) num_timesteps=364500, Reward=196.51 +/- 93.04, EpLength: 1431.00 +/- 338.00
20-04-24 21:09[icct.rl_helpers.eval_callback]INFO | (Eval ) num_timesteps=366000, Reward=254.61 +/- 7.31, EpLength: 1600.00 +/- 0.00
20-04-24 21:09[icct.rl_helpers.eval_callback]INFO | (Save ) Storing Best Model: New best mean reward!
20-04-24 21:11[icct.rl_helpers.eval_callback]INFO | (Eval ) num_timesteps=367500, Reward=243.76 +/- 10.20, EpLength: 1600.00 +/- 0.00
20-04-24 21:12[icct.rl_helpers.eval_callback]INFO | (Eval ) num_timesteps=369000, Reward=234.67 +/- 8.12, EpLength: 1600.00 +/- 0.00
20-04-24 21:14[icct.rl_helpers.eval_callback]INFO | (Eval ) num_timesteps=370500, Reward=278.40 +/- 3.01, EpLength: 1600.00 +/- 0.00
20-04-24 21:14[icct.rl_helpers.eval_callback]INFO | (Save ) Storing Best Model: New best mean reward!
20-04-24 21:14[icct.rl_helpers.eval_callback]INFO | (Train) Episode: 270, Avg Reward: 150.29870395215835, Best: 150.29870395215835
20-04-24 21:15[icct.rl_helpers.eval_callback]INFO | (Eval ) num_timesteps=372000, Reward=210.71 +/- 11.66, EpLength: 1600.00 +/- 0.00
20-04-24 21:16[icct.rl_helpers.eval_callback]INFO | (Eval ) num_timesteps=373500, Reward=164.25 +/- 110.42, EpLength: 1356.60 +/- 470.47
20-04-24 21:18[icct.rl_helpers.eval_callback]INFO | (Eval ) num_timesteps=375000, Reward=259.54 +/- 6.52, EpLength: 1600.00 +/- 0.00
20-04-24 21:19[icct.rl_helpers.eval_callback]INFO | (Eval ) num_timesteps=376500, Reward=279.73 +/- 8.25, EpLength: 1600.00 +/- 0.00
20-04-24 21:19[icct.rl_helpers.eval_callback]INFO | (Save ) Storing Best Model: New best mean reward!
20-04-24 21:21[icct.rl_helpers.eval_callback]INFO | (Eval ) num_timesteps=378000, Reward=211.26 +/- 123.30, EpLength: 1378.80 +/- 442.40
20-04-24 21:22[icct.rl_helpers.eval_callback]INFO | (Eval ) num_timesteps=379500, Reward=257.51 +/- 6.49, EpLength: 1600.00 +/- 0.00
20-04-24 21:24[icct.rl_helpers.eval_callback]INFO | (Eval ) num_timesteps=381000, Reward=287.27 +/- 0.78, EpLength: 1566.20 +/- 23.37
20-04-24 21:24[icct.rl_helpers.eval_callback]INFO | (Save ) Storing Best Model: New best mean reward!
20-04-24 21:25[icct.rl_helpers.eval_callback]INFO | (Eval ) num_timesteps=382500, Reward=258.20 +/- 8.34, EpLength: 1600.00 +/- 0.00
20-04-24 21:27[icct.rl_helpers.eval_callback]INFO | (Eval ) num_timesteps=384000, Reward=266.69 +/- 6.82, EpLength: 1600.00 +/- 0.00
20-04-24 21:29[icct.rl_helpers.eval_callback]INFO | (Eval ) num_timesteps=385500, Reward=243.97 +/- 7.52, EpLength: 1600.00 +/- 0.00
20-04-24 21:30[icct.rl_helpers.eval_callback]INFO | (Eval ) num_timesteps=387000, Reward=262.37 +/- 9.22, EpLength: 1600.00 +/- 0.00
20-04-24 21:30[icct.rl_helpers.eval_callback]INFO | (Train) Episode: 280, Avg Reward: 179.33824833273724, Best: 179.33824833273724
20-04-24 21:32[icct.rl_helpers.eval_callback]INFO | (Eval ) num_timesteps=388500, Reward=266.40 +/- 9.61, EpLength: 1600.00 +/- 0.00
20-04-24 21:34[icct.rl_helpers.eval_callback]INFO | (Eval ) num_timesteps=390000, Reward=258.91 +/- 4.61, EpLength: 1600.00 +/- 0.00
20-04-24 21:35[icct.rl_helpers.eval_callback]INFO | (Eval ) num_timesteps=391500, Reward=266.06 +/- 5.08, EpLength: 1600.00 +/- 0.00
20-04-24 21:37[icct.rl_helpers.eval_callback]INFO | (Eval ) num_timesteps=393000, Reward=283.52 +/- 2.49, EpLength: 1556.00 +/- 31.89
20-04-24 21:38[icct.rl_helpers.eval_callback]INFO | (Eval ) num_timesteps=394500, Reward=282.55 +/- 5.57, EpLength: 1584.00 +/- 17.19
20-04-24 21:40[icct.rl_helpers.eval_callback]INFO | (Eval ) num_timesteps=396000, Reward=282.61 +/- 0.98, EpLength: 1550.20 +/- 9.83
20-04-24 21:41[icct.rl_helpers.eval_callback]INFO | (Eval ) num_timesteps=397500, Reward=285.71 +/- 11.87, EpLength: 1544.60 +/- 36.33
20-04-24 21:43[icct.rl_helpers.eval_callback]INFO | (Eval ) num_timesteps=399000, Reward=279.07 +/- 3.02, EpLength: 1598.60 +/- 2.80
20-04-24 21:44[icct.rl_helpers.eval_callback]INFO | (Eval ) num_timesteps=400500, Reward=267.46 +/- 4.48, EpLength: 1600.00 +/- 0.00
20-04-24 21:45[icct.rl_helpers.eval_callback]INFO | (Train) Episode: 290, Avg Reward: 190.50189131474656, Best: 190.50189131474656
20-04-24 21:46[icct.rl_helpers.eval_callback]INFO | (Eval ) num_timesteps=402000, Reward=278.74 +/- 3.32, EpLength: 1591.60 +/- 5.95
20-04-24 21:47[icct.rl_helpers.eval_callback]INFO | (Eval ) num_timesteps=403500, Reward=269.32 +/- 7.12, EpLength: 1594.60 +/- 10.80
20-04-24 21:49[icct.rl_helpers.eval_callback]INFO | (Eval ) num_timesteps=405000, Reward=283.56 +/- 3.03, EpLength: 1580.00 +/- 23.40
20-04-24 21:50[icct.rl_helpers.eval_callback]INFO | (Eval ) num_timesteps=406500, Reward=280.32 +/- 1.85, EpLength: 1587.60 +/- 23.33
20-04-24 21:52[icct.rl_helpers.eval_callback]INFO | (Eval ) num_timesteps=408000, Reward=279.56 +/- 2.20, EpLength: 1591.60 +/- 11.76
20-04-24 21:53[icct.rl_helpers.eval_callback]INFO | (Eval ) num_timesteps=409500, Reward=278.14 +/- 6.80, EpLength: 1584.40 +/- 24.80
20-04-24 21:55[icct.rl_helpers.eval_callback]INFO | (Eval ) num_timesteps=411000, Reward=216.12 +/- 144.38, EpLength: 1215.60 +/- 508.38
20-04-24 21:56[icct.rl_helpers.eval_callback]INFO | (Eval ) num_timesteps=412500, Reward=287.24 +/- 1.52, EpLength: 1467.00 +/- 20.74
20-04-24 21:58[icct.rl_helpers.eval_callback]INFO | (Eval ) num_timesteps=414000, Reward=250.99 +/- 62.04, EpLength: 1481.80 +/- 128.40
20-04-24 21:59[icct.rl_helpers.eval_callback]INFO | (Eval ) num_timesteps=415500, Reward=282.27 +/- 2.85, EpLength: 1529.60 +/- 43.40
20-04-24 22:00[icct.rl_helpers.eval_callback]INFO | (Train) Episode: 300, Avg Reward: 200.7570235987452, Best: 201.06552095743558
20-04-24 22:01[icct.rl_helpers.eval_callback]INFO | (Eval ) num_timesteps=417000, Reward=283.63 +/- 1.53, EpLength: 1492.80 +/- 19.45
20-04-24 22:02[icct.rl_helpers.eval_callback]INFO | (Eval ) num_timesteps=418500, Reward=281.86 +/- 2.51, EpLength: 1553.20 +/- 32.96
20-04-24 22:04[icct.rl_helpers.eval_callback]INFO | (Eval ) num_timesteps=420000, Reward=273.17 +/- 4.09, EpLength: 1600.00 +/- 0.00
20-04-24 22:06[icct.rl_helpers.eval_callback]INFO | (Eval ) num_timesteps=421500, Reward=270.39 +/- 2.80, EpLength: 1600.00 +/- 0.00
20-04-24 22:07[icct.rl_helpers.eval_callback]INFO | (Eval ) num_timesteps=423000, Reward=283.43 +/- 4.18, EpLength: 1600.00 +/- 0.00
20-04-24 22:09[icct.rl_helpers.eval_callback]INFO | (Eval ) num_timesteps=424500, Reward=287.41 +/- 1.02, EpLength: 1534.40 +/- 16.38
20-04-24 22:09[icct.rl_helpers.eval_callback]INFO | (Save ) Storing Best Model: New best mean reward!
20-04-24 22:11[icct.rl_helpers.eval_callback]INFO | (Eval ) num_timesteps=426000, Reward=239.87 +/- 101.40, EpLength: 1314.80 +/- 314.47
20-04-24 22:12[icct.rl_helpers.eval_callback]INFO | (Eval ) num_timesteps=427500, Reward=218.33 +/- 135.47, EpLength: 1300.80 +/- 494.33
20-04-24 22:14[icct.rl_helpers.eval_callback]INFO | (Eval ) num_timesteps=429000, Reward=293.14 +/- 2.12, EpLength: 1451.80 +/- 34.37
20-04-24 22:14[icct.rl_helpers.eval_callback]INFO | (Save ) Storing Best Model: New best mean reward!
20-04-24 22:15[icct.rl_helpers.eval_callback]INFO | (Eval ) num_timesteps=430500, Reward=230.34 +/- 113.58, EpLength: 1284.20 +/- 361.07
20-04-24 22:16[icct.rl_helpers.eval_callback]INFO | (Train) Episode: 310, Avg Reward: 214.38622657793567, Best: 214.38622657793567
20-04-24 22:17[icct.rl_helpers.eval_callback]INFO | (Eval ) num_timesteps=432000, Reward=288.56 +/- 1.04, EpLength: 1484.40 +/- 21.15
20-04-24 22:18[icct.rl_helpers.eval_callback]INFO | (Eval ) num_timesteps=433500, Reward=286.53 +/- 3.45, EpLength: 1581.20 +/- 15.47
20-04-24 22:20[icct.rl_helpers.eval_callback]INFO | (Eval ) num_timesteps=435000, Reward=37.95 +/- 126.77, EpLength: 728.80 +/- 514.92
20-04-24 22:21[icct.rl_helpers.eval_callback]INFO | (Eval ) num_timesteps=436500, Reward=244.27 +/- 6.78, EpLength: 1600.00 +/- 0.00
20-04-24 22:23[icct.rl_helpers.eval_callback]INFO | (Eval ) num_timesteps=438000, Reward=260.71 +/- 7.41, EpLength: 1600.00 +/- 0.00
20-04-24 22:25[icct.rl_helpers.eval_callback]INFO | (Eval ) num_timesteps=439500, Reward=256.11 +/- 3.61, EpLength: 1600.00 +/- 0.00
20-04-24 22:26[icct.rl_helpers.eval_callback]INFO | (Eval ) num_timesteps=441000, Reward=124.19 +/- 118.90, EpLength: 1099.80 +/- 432.07
20-04-24 22:28[icct.rl_helpers.eval_callback]INFO | (Eval ) num_timesteps=442500, Reward=189.93 +/- 112.99, EpLength: 1298.20 +/- 316.31
20-04-24 22:30[icct.rl_helpers.eval_callback]INFO | (Eval ) num_timesteps=444000, Reward=189.18 +/- 120.60, EpLength: 1305.00 +/- 435.07
20-04-24 22:31[icct.rl_helpers.eval_callback]INFO | (Eval ) num_timesteps=445500, Reward=220.62 +/- 69.40, EpLength: 1477.20 +/- 134.45
20-04-24 22:33[icct.rl_helpers.eval_callback]INFO | (Eval ) num_timesteps=447000, Reward=261.24 +/- 13.45, EpLength: 1600.00 +/- 0.00
20-04-24 22:34[icct.rl_helpers.eval_callback]INFO | (Train) Episode: 320, Avg Reward: 225.87472294093402, Best: 225.87472294093402
20-04-24 22:34[icct.rl_helpers.eval_callback]INFO | (Eval ) num_timesteps=448500, Reward=-15.33 +/- 73.06, EpLength: 590.60 +/- 430.05
20-04-24 22:36[icct.rl_helpers.eval_callback]INFO | (Eval ) num_timesteps=450000, Reward=-12.38 +/- 59.96, EpLength: 520.60 +/- 326.98
20-04-24 22:37[icct.rl_helpers.eval_callback]INFO | (Eval ) num_timesteps=451500, Reward=87.03 +/- 110.88, EpLength: 937.20 +/- 386.33
20-04-24 22:38[icct.rl_helpers.eval_callback]INFO | (Eval ) num_timesteps=453000, Reward=159.77 +/- 140.20, EpLength: 1184.40 +/- 545.81
20-04-24 22:40[icct.rl_helpers.eval_callback]INFO | (Eval ) num_timesteps=454500, Reward=231.66 +/- 104.45, EpLength: 1407.60 +/- 338.70
20-04-24 22:41[icct.rl_helpers.eval_callback]INFO | (Eval ) num_timesteps=456000, Reward=175.56 +/- 126.19, EpLength: 1246.20 +/- 441.58
20-04-24 22:43[icct.rl_helpers.eval_callback]INFO | (Eval ) num_timesteps=457500, Reward=219.69 +/- 8.64, EpLength: 1600.00 +/- 0.00
20-04-24 22:45[icct.rl_helpers.eval_callback]INFO | (Eval ) num_timesteps=459000, Reward=263.06 +/- 5.70, EpLength: 1600.00 +/- 0.00
20-04-24 22:46[icct.rl_helpers.eval_callback]INFO | (Eval ) num_timesteps=460500, Reward=207.04 +/- 95.05, EpLength: 1397.60 +/- 258.83
20-04-24 22:47[icct.rl_helpers.eval_callback]INFO | (Train) Episode: 330, Avg Reward: 226.75827333696049, Best: 228.08186041698042
20-04-24 22:48[icct.rl_helpers.eval_callback]INFO | (Eval ) num_timesteps=462000, Reward=234.48 +/- 107.78, EpLength: 1376.20 +/- 345.79
20-04-24 22:49[icct.rl_helpers.eval_callback]INFO | (Eval ) num_timesteps=463500, Reward=271.63 +/- 8.55, EpLength: 1600.00 +/- 0.00
20-04-24 22:51[icct.rl_helpers.eval_callback]INFO | (Eval ) num_timesteps=465000, Reward=247.88 +/- 73.46, EpLength: 1476.80 +/- 178.78
20-04-24 22:52[icct.rl_helpers.eval_callback]INFO | (Eval ) num_timesteps=466500, Reward=262.81 +/- 13.01, EpLength: 1600.00 +/- 0.00
20-04-24 22:54[icct.rl_helpers.eval_callback]INFO | (Eval ) num_timesteps=468000, Reward=263.99 +/- 10.27, EpLength: 1600.00 +/- 0.00
20-04-24 22:55[icct.rl_helpers.eval_callback]INFO | (Eval ) num_timesteps=469500, Reward=285.60 +/- 0.89, EpLength: 1496.40 +/- 15.44
20-04-24 22:57[icct.rl_helpers.eval_callback]INFO | (Eval ) num_timesteps=471000, Reward=271.87 +/- 8.00, EpLength: 1600.00 +/- 0.00
20-04-24 22:58[icct.rl_helpers.eval_callback]INFO | (Eval ) num_timesteps=472500, Reward=289.52 +/- 2.38, EpLength: 1544.80 +/- 33.77
20-04-24 23:00[icct.rl_helpers.eval_callback]INFO | (Eval ) num_timesteps=474000, Reward=281.95 +/- 11.37, EpLength: 1571.80 +/- 16.94
20-04-24 23:01[icct.rl_helpers.eval_callback]INFO | (Eval ) num_timesteps=475500, Reward=271.60 +/- 5.93, EpLength: 1600.00 +/- 0.00
20-04-24 23:03[icct.rl_helpers.eval_callback]INFO | (Eval ) num_timesteps=477000, Reward=284.33 +/- 0.59, EpLength: 1578.60 +/- 14.77
20-04-24 23:03[icct.rl_helpers.eval_callback]INFO | (Train) Episode: 340, Avg Reward: 234.1657248132723, Best: 234.1657248132723
20-04-24 23:05[icct.rl_helpers.eval_callback]INFO | (Eval ) num_timesteps=478500, Reward=288.14 +/- 2.34, EpLength: 1516.00 +/- 28.57
20-04-24 23:06[icct.rl_helpers.eval_callback]INFO | (Eval ) num_timesteps=480000, Reward=42.47 +/- 131.91, EpLength: 694.80 +/- 448.14
20-04-24 23:07[icct.rl_helpers.eval_callback]INFO | (Eval ) num_timesteps=481500, Reward=214.88 +/- 141.89, EpLength: 1279.80 +/- 480.63
20-04-24 23:09[icct.rl_helpers.eval_callback]INFO | (Eval ) num_timesteps=483000, Reward=250.09 +/- 64.53, EpLength: 1512.60 +/- 120.77
20-04-24 23:10[icct.rl_helpers.eval_callback]INFO | (Eval ) num_timesteps=484500, Reward=277.52 +/- 6.33, EpLength: 1590.20 +/- 14.03
20-04-24 23:12[icct.rl_helpers.eval_callback]INFO | (Eval ) num_timesteps=486000, Reward=287.41 +/- 0.88, EpLength: 1562.20 +/- 23.52
20-04-24 23:14[icct.rl_helpers.eval_callback]INFO | (Eval ) num_timesteps=487500, Reward=284.80 +/- 1.08, EpLength: 1559.00 +/- 22.76
20-04-24 23:15[icct.rl_helpers.eval_callback]INFO | (Eval ) num_timesteps=489000, Reward=240.92 +/- 88.34, EpLength: 1422.40 +/- 256.39
20-04-24 23:17[icct.rl_helpers.eval_callback]INFO | (Eval ) num_timesteps=490500, Reward=288.43 +/- 2.03, EpLength: 1516.00 +/- 29.58
20-04-24 23:18[icct.rl_helpers.eval_callback]INFO | (Eval ) num_timesteps=492000, Reward=286.57 +/- 1.11, EpLength: 1482.20 +/- 19.78
20-04-24 23:18[icct.rl_helpers.eval_callback]INFO | (Train) Episode: 350, Avg Reward: 240.72942759636223, Best: 240.72942759636223
20-04-24 23:20[icct.rl_helpers.eval_callback]INFO | (Eval ) num_timesteps=493500, Reward=287.13 +/- 1.67, EpLength: 1431.60 +/- 23.11
20-04-24 23:21[icct.rl_helpers.eval_callback]INFO | (Eval ) num_timesteps=495000, Reward=278.97 +/- 0.94, EpLength: 1572.60 +/- 34.85
20-04-24 23:23[icct.rl_helpers.eval_callback]INFO | (Eval ) num_timesteps=496500, Reward=230.72 +/- 108.09, EpLength: 1256.40 +/- 347.81
20-04-24 23:24[icct.rl_helpers.eval_callback]INFO | (Eval ) num_timesteps=498000, Reward=223.98 +/- 134.26, EpLength: 1218.00 +/- 432.95
20-04-24 23:25[icct.rl_helpers.eval_callback]INFO | (Eval ) num_timesteps=499500, Reward=288.62 +/- 2.93, EpLength: 1493.40 +/- 50.21
20-04-24 23:26[icct.rl_helpers.eval_callback]INFO | (Eval ) num_timesteps=501000, Reward=107.21 +/- 106.21, EpLength: 940.00 +/- 399.23
20-04-24 23:27[icct.rl_helpers.eval_callback]INFO | (Train) Episode: 360, Avg Reward: 234.1590536615289, Best: 245.38592086990684
20-04-24 23:28[icct.rl_helpers.eval_callback]INFO | (Eval ) num_timesteps=502500, Reward=253.69 +/- 74.43, EpLength: 1332.00 +/- 93.82
20-04-24 23:29[icct.rl_helpers.eval_callback]INFO | (Eval ) num_timesteps=504000, Reward=248.20 +/- 86.94, EpLength: 1348.20 +/- 222.17
20-04-24 23:31[icct.rl_helpers.eval_callback]INFO | (Eval ) num_timesteps=505500, Reward=178.31 +/- 139.98, EpLength: 1048.40 +/- 434.67
20-04-24 23:32[icct.rl_helpers.eval_callback]INFO | (Eval ) num_timesteps=507000, Reward=292.01 +/- 0.97, EpLength: 1402.20 +/- 10.32
20-04-24 23:33[icct.rl_helpers.eval_callback]INFO | (Eval ) num_timesteps=508500, Reward=236.47 +/- 99.25, EpLength: 1246.40 +/- 292.44
20-04-24 23:35[icct.rl_helpers.eval_callback]INFO | (Eval ) num_timesteps=510000, Reward=282.15 +/- 1.76, EpLength: 1546.80 +/- 37.02
20-04-24 23:37[icct.rl_helpers.eval_callback]INFO | (Eval ) num_timesteps=511500, Reward=282.89 +/- 2.58, EpLength: 1504.40 +/- 45.65
20-04-24 23:38[icct.rl_helpers.eval_callback]INFO | (Eval ) num_timesteps=513000, Reward=288.21 +/- 1.68, EpLength: 1457.00 +/- 21.68
20-04-24 23:40[icct.rl_helpers.eval_callback]INFO | (Eval ) num_timesteps=514500, Reward=297.31 +/- 1.05, EpLength: 1281.60 +/- 33.00
20-04-24 23:40[icct.rl_helpers.eval_callback]INFO | (Save ) Storing Best Model: New best mean reward!
20-04-24 23:42[icct.rl_helpers.eval_callback]INFO | (Eval ) num_timesteps=516000, Reward=281.79 +/- 1.81, EpLength: 1484.80 +/- 29.38
20-04-24 23:42[icct.rl_helpers.eval_callback]INFO | (Train) Episode: 370, Avg Reward: 238.32183771955428, Best: 245.38592086990684
20-04-24 23:43[icct.rl_helpers.eval_callback]INFO | (Eval ) num_timesteps=517500, Reward=223.75 +/- 109.72, EpLength: 1379.60 +/- 376.82
20-04-24 23:45[icct.rl_helpers.eval_callback]INFO | (Eval ) num_timesteps=519000, Reward=283.55 +/- 1.71, EpLength: 1527.20 +/- 19.54
20-04-24 23:46[icct.rl_helpers.eval_callback]INFO | (Eval ) num_timesteps=520500, Reward=287.96 +/- 2.84, EpLength: 1433.40 +/- 32.40
20-04-24 23:48[icct.rl_helpers.eval_callback]INFO | (Eval ) num_timesteps=522000, Reward=247.43 +/- 89.87, EpLength: 1212.60 +/- 188.60
20-04-24 23:49[icct.rl_helpers.eval_callback]INFO | (Eval ) num_timesteps=523500, Reward=252.03 +/- 69.70, EpLength: 1275.00 +/- 132.67
20-04-24 23:51[icct.rl_helpers.eval_callback]INFO | (Eval ) num_timesteps=525000, Reward=291.95 +/- 2.22, EpLength: 1302.60 +/- 25.07
20-04-24 23:52[icct.rl_helpers.eval_callback]INFO | (Eval ) num_timesteps=526500, Reward=103.64 +/- 154.21, EpLength: 749.80 +/- 437.95
20-04-24 23:54[icct.rl_helpers.eval_callback]INFO | (Eval ) num_timesteps=528000, Reward=285.88 +/- 1.91, EpLength: 1478.40 +/- 26.17
20-04-24 23:56[icct.rl_helpers.eval_callback]INFO | (Train) Episode: 380, Avg Reward: 237.51712474597377, Best: 245.38592086990684
20-04-24 23:56[icct.rl_helpers.eval_callback]INFO | (Eval ) num_timesteps=529500, Reward=229.16 +/- 102.19, EpLength: 1312.00 +/- 314.44
20-04-24 23:57[icct.rl_helpers.eval_callback]INFO | (Eval ) num_timesteps=531000, Reward=291.19 +/- 1.31, EpLength: 1375.40 +/- 17.69
20-04-24 23:59[icct.rl_helpers.eval_callback]INFO | (Eval ) num_timesteps=532500, Reward=279.07 +/- 2.95, EpLength: 1556.20 +/- 27.77
21-04-24 00:01[icct.rl_helpers.eval_callback]INFO | (Eval ) num_timesteps=534000, Reward=280.07 +/- 1.71, EpLength: 1541.80 +/- 32.98
21-04-24 00:02[icct.rl_helpers.eval_callback]INFO | (Eval ) num_timesteps=535500, Reward=286.73 +/- 2.63, EpLength: 1453.20 +/- 45.94
21-04-24 00:04[icct.rl_helpers.eval_callback]INFO | (Eval ) num_timesteps=537000, Reward=285.57 +/- 3.12, EpLength: 1425.00 +/- 42.89
21-04-24 00:06[icct.rl_helpers.eval_callback]INFO | (Eval ) num_timesteps=538500, Reward=235.62 +/- 97.83, EpLength: 1263.00 +/- 244.65
21-04-24 00:07[icct.rl_helpers.eval_callback]INFO | (Eval ) num_timesteps=540000, Reward=278.92 +/- 3.39, EpLength: 1534.00 +/- 60.12
21-04-24 00:09[icct.rl_helpers.eval_callback]INFO | (Eval ) num_timesteps=541500, Reward=287.61 +/- 4.81, EpLength: 1466.80 +/- 72.90
21-04-24 00:10[icct.rl_helpers.eval_callback]INFO | (Eval ) num_timesteps=543000, Reward=157.15 +/- 164.17, EpLength: 987.20 +/- 511.13
21-04-24 00:11[icct.rl_helpers.eval_callback]INFO | (Train) Episode: 390, Avg Reward: 238.47858907310322, Best: 245.38592086990684
21-04-24 00:12[icct.rl_helpers.eval_callback]INFO | (Eval ) num_timesteps=544500, Reward=292.60 +/- 3.08, EpLength: 1347.80 +/- 46.92
21-04-24 00:13[icct.rl_helpers.eval_callback]INFO | (Eval ) num_timesteps=546000, Reward=287.47 +/- 1.89, EpLength: 1484.60 +/- 37.47
21-04-24 00:14[icct.rl_helpers.eval_callback]INFO | (Eval ) num_timesteps=547500, Reward=287.31 +/- 1.44, EpLength: 1408.40 +/- 16.40
21-04-24 00:16[icct.rl_helpers.eval_callback]INFO | (Eval ) num_timesteps=549000, Reward=278.65 +/- 7.57, EpLength: 1563.00 +/- 23.43
21-04-24 00:17[icct.rl_helpers.eval_callback]INFO | (Eval ) num_timesteps=550500, Reward=256.44 +/- 8.35, EpLength: 1600.00 +/- 0.00
21-04-24 00:18[icct.rl_helpers.eval_callback]INFO | (Eval ) num_timesteps=552000, Reward=284.69 +/- 2.87, EpLength: 1406.00 +/- 61.77
21-04-24 00:20[icct.rl_helpers.eval_callback]INFO | (Eval ) num_timesteps=553500, Reward=280.66 +/- 3.04, EpLength: 1522.80 +/- 56.98
21-04-24 00:21[icct.rl_helpers.eval_callback]INFO | (Eval ) num_timesteps=555000, Reward=237.13 +/- 12.88, EpLength: 1600.00 +/- 0.00
21-04-24 00:23[icct.rl_helpers.eval_callback]INFO | (Eval ) num_timesteps=556500, Reward=281.36 +/- 1.78, EpLength: 1520.40 +/- 14.22
21-04-24 00:24[icct.rl_helpers.eval_callback]INFO | (Eval ) num_timesteps=558000, Reward=279.49 +/- 2.39, EpLength: 1525.40 +/- 32.60
21-04-24 00:25[icct.rl_helpers.eval_callback]INFO | (Train) Episode: 400, Avg Reward: 242.24122956223232, Best: 245.38592086990684
21-04-24 00:25[icct.rl_helpers.eval_callback]INFO | (Eval ) num_timesteps=559500, Reward=280.47 +/- 1.60, EpLength: 1507.60 +/- 24.91
21-04-24 00:27[icct.rl_helpers.eval_callback]INFO | (Eval ) num_timesteps=561000, Reward=238.21 +/- 75.33, EpLength: 1471.60 +/- 181.09
21-04-24 00:28[icct.rl_helpers.eval_callback]INFO | (Eval ) num_timesteps=562500, Reward=272.35 +/- 2.96, EpLength: 1590.80 +/- 7.78
21-04-24 00:29[icct.rl_helpers.eval_callback]INFO | (Eval ) num_timesteps=564000, Reward=260.22 +/- 7.84, EpLength: 1600.00 +/- 0.00
21-04-24 00:30[icct.rl_helpers.eval_callback]INFO | (Eval ) num_timesteps=565500, Reward=282.75 +/- 1.57, EpLength: 1481.40 +/- 20.63
21-04-24 00:31[icct.rl_helpers.eval_callback]INFO | (Eval ) num_timesteps=567000, Reward=271.68 +/- 3.02, EpLength: 1538.00 +/- 43.72
21-04-24 00:33[icct.rl_helpers.eval_callback]INFO | (Eval ) num_timesteps=568500, Reward=281.78 +/- 1.80, EpLength: 1480.80 +/- 31.57
21-04-24 00:34[icct.rl_helpers.eval_callback]INFO | (Eval ) num_timesteps=570000, Reward=284.69 +/- 2.09, EpLength: 1514.80 +/- 37.37
21-04-24 00:36[icct.rl_helpers.eval_callback]INFO | (Eval ) num_timesteps=571500, Reward=273.16 +/- 8.48, EpLength: 1597.20 +/- 5.60
21-04-24 00:37[icct.rl_helpers.eval_callback]INFO | (Eval ) num_timesteps=573000, Reward=287.61 +/- 4.17, EpLength: 1524.80 +/- 57.07
21-04-24 00:38[icct.rl_helpers.eval_callback]INFO | (Eval ) num_timesteps=574500, Reward=289.59 +/- 2.72, EpLength: 1435.40 +/- 61.97
21-04-24 00:39[icct.rl_helpers.eval_callback]INFO | (Train) Episode: 410, Avg Reward: 242.05435354724304, Best: 245.38592086990684
21-04-24 00:40[icct.rl_helpers.eval_callback]INFO | (Eval ) num_timesteps=576000, Reward=284.59 +/- 3.02, EpLength: 1476.80 +/- 54.40
21-04-24 00:41[icct.rl_helpers.eval_callback]INFO | (Eval ) num_timesteps=577500, Reward=288.61 +/- 2.39, EpLength: 1425.20 +/- 42.53
21-04-24 00:42[icct.rl_helpers.eval_callback]INFO | (Eval ) num_timesteps=579000, Reward=256.92 +/- 14.37, EpLength: 1599.20 +/- 1.60
21-04-24 00:44[icct.rl_helpers.eval_callback]INFO | (Eval ) num_timesteps=580500, Reward=284.43 +/- 1.40, EpLength: 1442.80 +/- 19.63
21-04-24 00:45[icct.rl_helpers.eval_callback]INFO | (Eval ) num_timesteps=582000, Reward=280.67 +/- 7.48, EpLength: 1552.20 +/- 31.22
21-04-24 00:47[icct.rl_helpers.eval_callback]INFO | (Eval ) num_timesteps=583500, Reward=270.24 +/- 8.41, EpLength: 1594.60 +/- 10.80
21-04-24 00:48[icct.rl_helpers.eval_callback]INFO | (Eval ) num_timesteps=585000, Reward=292.55 +/- 1.87, EpLength: 1321.00 +/- 16.02
21-04-24 00:49[icct.rl_helpers.eval_callback]INFO | (Eval ) num_timesteps=586500, Reward=285.33 +/- 3.25, EpLength: 1343.40 +/- 50.80
21-04-24 00:51[icct.rl_helpers.eval_callback]INFO | (Eval ) num_timesteps=588000, Reward=186.29 +/- 95.01, EpLength: 1387.20 +/- 305.83
21-04-24 00:51[icct.rl_helpers.eval_callback]INFO | (Train) Episode: 420, Avg Reward: 239.27304823208718, Best: 245.38592086990684
21-04-24 00:52[icct.rl_helpers.eval_callback]INFO | (Eval ) num_timesteps=589500, Reward=284.85 +/- 2.46, EpLength: 1415.60 +/- 45.65
21-04-24 00:53[icct.rl_helpers.eval_callback]INFO | (Eval ) num_timesteps=591000, Reward=234.65 +/- 105.35, EpLength: 1217.80 +/- 302.17
21-04-24 00:55[icct.rl_helpers.eval_callback]INFO | (Eval ) num_timesteps=592500, Reward=280.92 +/- 2.24, EpLength: 1483.60 +/- 43.08
21-04-24 00:56[icct.rl_helpers.eval_callback]INFO | (Eval ) num_timesteps=594000, Reward=288.00 +/- 2.37, EpLength: 1475.60 +/- 33.45
21-04-24 00:57[icct.rl_helpers.eval_callback]INFO | (Eval ) num_timesteps=595500, Reward=282.28 +/- 2.96, EpLength: 1521.40 +/- 43.30
21-04-24 00:59[icct.rl_helpers.eval_callback]INFO | (Eval ) num_timesteps=597000, Reward=292.14 +/- 1.27, EpLength: 1344.80 +/- 33.46
21-04-24 01:00[icct.rl_helpers.eval_callback]INFO | (Eval ) num_timesteps=598500, Reward=240.93 +/- 77.36, EpLength: 1393.40 +/- 204.41
21-04-24 01:01[icct.rl_helpers.eval_callback]INFO | (Eval ) num_timesteps=600000, Reward=284.93 +/- 1.18, EpLength: 1469.40 +/- 17.23
21-04-24 01:03[icct.rl_helpers.eval_callback]INFO | (Eval ) num_timesteps=601500, Reward=290.32 +/- 1.61, EpLength: 1348.60 +/- 28.36
21-04-24 01:04[icct.rl_helpers.eval_callback]INFO | (Eval ) num_timesteps=603000, Reward=291.15 +/- 2.01, EpLength: 1287.40 +/- 21.08
21-04-24 01:05[icct.rl_helpers.eval_callback]INFO | (Train) Episode: 430, Avg Reward: 248.84693718475228, Best: 248.84693718475228
21-04-24 01:06[icct.rl_helpers.eval_callback]INFO | (Eval ) num_timesteps=604500, Reward=285.76 +/- 1.81, EpLength: 1518.60 +/- 45.14
21-04-24 01:07[icct.rl_helpers.eval_callback]INFO | (Eval ) num_timesteps=606000, Reward=291.79 +/- 1.77, EpLength: 1294.20 +/- 24.81
21-04-24 01:08[icct.rl_helpers.eval_callback]INFO | (Eval ) num_timesteps=607500, Reward=290.79 +/- 2.69, EpLength: 1400.60 +/- 40.32
21-04-24 01:10[icct.rl_helpers.eval_callback]INFO | (Eval ) num_timesteps=609000, Reward=287.16 +/- 1.63, EpLength: 1375.00 +/- 30.22
21-04-24 01:12[icct.rl_helpers.eval_callback]INFO | (Eval ) num_timesteps=610500, Reward=289.26 +/- 1.51, EpLength: 1410.20 +/- 31.48
21-04-24 01:13[icct.rl_helpers.eval_callback]INFO | (Eval ) num_timesteps=612000, Reward=283.62 +/- 2.33, EpLength: 1488.60 +/- 36.91
21-04-24 01:15[icct.rl_helpers.eval_callback]INFO | (Eval ) num_timesteps=613500, Reward=291.97 +/- 0.38, EpLength: 1361.80 +/- 11.51
21-04-24 01:16[icct.rl_helpers.eval_callback]INFO | (Eval ) num_timesteps=615000, Reward=298.80 +/- 2.73, EpLength: 1386.00 +/- 40.94
21-04-24 01:16[icct.rl_helpers.eval_callback]INFO | (Save ) Storing Best Model: New best mean reward!
21-04-24 01:18[icct.rl_helpers.eval_callback]INFO | (Eval ) num_timesteps=616500, Reward=278.65 +/- 6.54, EpLength: 1566.60 +/- 30.02
21-04-24 01:19[icct.rl_helpers.eval_callback]INFO | (Eval ) num_timesteps=618000, Reward=279.29 +/- 2.26, EpLength: 1569.80 +/- 23.37
21-04-24 01:20[icct.rl_helpers.eval_callback]INFO | (Train) Episode: 440, Avg Reward: 250.34749329546216, Best: 250.39841023610222
21-04-24 01:21[icct.rl_helpers.eval_callback]INFO | (Eval ) num_timesteps=619500, Reward=282.46 +/- 2.35, EpLength: 1521.60 +/- 42.71
21-04-24 01:23[icct.rl_helpers.eval_callback]INFO | (Eval ) num_timesteps=621000, Reward=285.80 +/- 5.38, EpLength: 1516.20 +/- 53.93
21-04-24 01:24[icct.rl_helpers.eval_callback]INFO | (Eval ) num_timesteps=622500, Reward=288.04 +/- 2.36, EpLength: 1439.40 +/- 37.59
21-04-24 01:26[icct.rl_helpers.eval_callback]INFO | (Eval ) num_timesteps=624000, Reward=286.12 +/- 0.80, EpLength: 1491.20 +/- 10.23
21-04-24 01:27[icct.rl_helpers.eval_callback]INFO | (Eval ) num_timesteps=625500, Reward=286.94 +/- 1.64, EpLength: 1446.40 +/- 24.15
21-04-24 01:29[icct.rl_helpers.eval_callback]INFO | (Eval ) num_timesteps=627000, Reward=280.53 +/- 2.30, EpLength: 1416.60 +/- 40.65
21-04-24 01:30[icct.rl_helpers.eval_callback]INFO | (Eval ) num_timesteps=628500, Reward=288.01 +/- 1.16, EpLength: 1309.80 +/- 24.92
21-04-24 01:32[icct.rl_helpers.eval_callback]INFO | (Eval ) num_timesteps=630000, Reward=287.73 +/- 3.44, EpLength: 1333.20 +/- 61.41
21-04-24 01:33[icct.rl_helpers.eval_callback]INFO | (Eval ) num_timesteps=631500, Reward=205.44 +/- 146.25, EpLength: 1128.40 +/- 499.72
21-04-24 01:34[icct.rl_helpers.eval_callback]INFO | (Train) Episode: 450, Avg Reward: 252.50495428082047, Best: 252.50495428082047
21-04-24 01:35[icct.rl_helpers.eval_callback]INFO | (Eval ) num_timesteps=633000, Reward=266.73 +/- 9.66, EpLength: 1510.20 +/- 65.86
21-04-24 01:36[icct.rl_helpers.eval_callback]INFO | (Eval ) num_timesteps=634500, Reward=286.51 +/- 1.34, EpLength: 1336.80 +/- 20.84
21-04-24 01:38[icct.rl_helpers.eval_callback]INFO | (Eval ) num_timesteps=636000, Reward=286.06 +/- 2.93, EpLength: 1395.40 +/- 35.31
21-04-24 01:40[icct.rl_helpers.eval_callback]INFO | (Eval ) num_timesteps=637500, Reward=288.28 +/- 2.83, EpLength: 1299.80 +/- 24.29
21-04-24 01:41[icct.rl_helpers.eval_callback]INFO | (Eval ) num_timesteps=639000, Reward=278.63 +/- 1.45, EpLength: 1410.80 +/- 29.98
21-04-24 01:43[icct.rl_helpers.eval_callback]INFO | (Eval ) num_timesteps=640500, Reward=282.81 +/- 3.44, EpLength: 1341.60 +/- 51.66
21-04-24 01:44[icct.rl_helpers.eval_callback]INFO | (Eval ) num_timesteps=642000, Reward=288.19 +/- 1.56, EpLength: 1258.40 +/- 26.38
21-04-24 01:46[icct.rl_helpers.eval_callback]INFO | (Eval ) num_timesteps=643500, Reward=292.63 +/- 1.13, EpLength: 1247.80 +/- 19.67
21-04-24 01:47[icct.rl_helpers.eval_callback]INFO | (Eval ) num_timesteps=645000, Reward=281.66 +/- 0.66, EpLength: 1449.80 +/- 14.96
21-04-24 01:48[icct.rl_helpers.eval_callback]INFO | (Train) Episode: 460, Avg Reward: 264.83546425621745, Best: 264.83546425621745
21-04-24 01:49[icct.rl_helpers.eval_callback]INFO | (Eval ) num_timesteps=646500, Reward=286.03 +/- 1.06, EpLength: 1327.80 +/- 16.58
21-04-24 01:50[icct.rl_helpers.eval_callback]INFO | (Eval ) num_timesteps=648000, Reward=290.52 +/- 1.33, EpLength: 1261.00 +/- 24.93
21-04-24 01:52[icct.rl_helpers.eval_callback]INFO | (Eval ) num_timesteps=649500, Reward=295.50 +/- 0.62, EpLength: 1270.20 +/- 17.35
21-04-24 01:53[icct.rl_helpers.eval_callback]INFO | (Eval ) num_timesteps=651000, Reward=281.49 +/- 4.32, EpLength: 1396.40 +/- 63.72
21-04-24 01:54[icct.rl_helpers.eval_callback]INFO | (Eval ) num_timesteps=652500, Reward=288.69 +/- 1.58, EpLength: 1303.00 +/- 17.22
21-04-24 01:56[icct.rl_helpers.eval_callback]INFO | (Eval ) num_timesteps=654000, Reward=299.16 +/- 1.44, EpLength: 1184.80 +/- 23.94
21-04-24 01:56[icct.rl_helpers.eval_callback]INFO | (Save ) Storing Best Model: New best mean reward!
21-04-24 01:57[icct.rl_helpers.eval_callback]INFO | (Eval ) num_timesteps=655500, Reward=275.98 +/- 42.73, EpLength: 1136.80 +/- 26.72
21-04-24 01:59[icct.rl_helpers.eval_callback]INFO | (Eval ) num_timesteps=657000, Reward=288.76 +/- 2.07, EpLength: 1276.20 +/- 34.56
21-04-24 02:01[icct.rl_helpers.eval_callback]INFO | (Eval ) num_timesteps=658500, Reward=296.01 +/- 1.73, EpLength: 1153.60 +/- 23.56
21-04-24 02:01[icct.rl_helpers.eval_callback]INFO | (Train) Episode: 470, Avg Reward: 266.70978145145733, Best: 266.78116827208805
21-04-24 02:02[icct.rl_helpers.eval_callback]INFO | (Eval ) num_timesteps=660000, Reward=279.82 +/- 2.12, EpLength: 1449.40 +/- 37.97
21-04-24 02:04[icct.rl_helpers.eval_callback]INFO | (Eval ) num_timesteps=661500, Reward=124.59 +/- 130.89, EpLength: 965.40 +/- 360.66
21-04-24 02:06[icct.rl_helpers.eval_callback]INFO | (Eval ) num_timesteps=663000, Reward=288.15 +/- 2.36, EpLength: 1352.20 +/- 44.21
21-04-24 02:07[icct.rl_helpers.eval_callback]INFO | (Eval ) num_timesteps=664500, Reward=291.35 +/- 3.46, EpLength: 1185.20 +/- 52.20
21-04-24 02:09[icct.rl_helpers.eval_callback]INFO | (Eval ) num_timesteps=666000, Reward=-107.26 +/- 0.16, EpLength: 45.00 +/- 0.00
21-04-24 02:10[icct.rl_helpers.eval_callback]INFO | (Eval ) num_timesteps=667500, Reward=279.56 +/- 3.38, EpLength: 1513.20 +/- 64.33
21-04-24 02:12[icct.rl_helpers.eval_callback]INFO | (Eval ) num_timesteps=669000, Reward=290.66 +/- 1.26, EpLength: 1319.20 +/- 24.75
21-04-24 02:13[icct.rl_helpers.eval_callback]INFO | (Eval ) num_timesteps=670500, Reward=289.80 +/- 1.05, EpLength: 1270.80 +/- 14.62
21-04-24 02:15[icct.rl_helpers.eval_callback]INFO | (Eval ) num_timesteps=672000, Reward=284.27 +/- 1.74, EpLength: 1374.40 +/- 23.94
21-04-24 02:15[icct.rl_helpers.eval_callback]INFO | (Train) Episode: 480, Avg Reward: 271.4958878548091, Best: 271.50497871513363
21-04-24 02:16[icct.rl_helpers.eval_callback]INFO | (Eval ) num_timesteps=673500, Reward=292.08 +/- 3.17, EpLength: 1344.60 +/- 63.32
21-04-24 02:17[icct.rl_helpers.eval_callback]INFO | (Eval ) num_timesteps=675000, Reward=290.36 +/- 1.89, EpLength: 1305.20 +/- 27.32
21-04-24 02:19[icct.rl_helpers.eval_callback]INFO | (Eval ) num_timesteps=676500, Reward=287.43 +/- 1.85, EpLength: 1406.20 +/- 31.02
21-04-24 02:20[icct.rl_helpers.eval_callback]INFO | (Eval ) num_timesteps=678000, Reward=131.51 +/- 131.36, EpLength: 909.40 +/- 320.00
21-04-24 02:22[icct.rl_helpers.eval_callback]INFO | (Eval ) num_timesteps=679500, Reward=242.70 +/- 106.56, EpLength: 1074.40 +/- 241.07
21-04-24 02:24[icct.rl_helpers.eval_callback]INFO | (Eval ) num_timesteps=681000, Reward=290.51 +/- 2.03, EpLength: 1267.20 +/- 34.94
21-04-24 02:25[icct.rl_helpers.eval_callback]INFO | (Eval ) num_timesteps=682500, Reward=292.83 +/- 1.67, EpLength: 1253.80 +/- 24.39
21-04-24 02:27[icct.rl_helpers.eval_callback]INFO | (Eval ) num_timesteps=684000, Reward=296.60 +/- 1.22, EpLength: 1262.00 +/- 17.40
21-04-24 02:28[icct.rl_helpers.eval_callback]INFO | (Eval ) num_timesteps=685500, Reward=297.81 +/- 1.32, EpLength: 1187.20 +/- 14.54
21-04-24 02:29[icct.rl_helpers.eval_callback]INFO | (Train) Episode: 490, Avg Reward: 275.39235015752024, Best: 275.39235015752024
21-04-24 02:30[icct.rl_helpers.eval_callback]INFO | (Eval ) num_timesteps=687000, Reward=297.78 +/- 1.37, EpLength: 1172.20 +/- 18.67
21-04-24 02:32[icct.rl_helpers.eval_callback]INFO | (Eval ) num_timesteps=688500, Reward=297.24 +/- 1.18, EpLength: 1180.00 +/- 10.41
21-04-24 02:33[icct.rl_helpers.eval_callback]INFO | (Eval ) num_timesteps=690000, Reward=297.53 +/- 1.42, EpLength: 1177.40 +/- 27.24
21-04-24 02:35[icct.rl_helpers.eval_callback]INFO | (Eval ) num_timesteps=691500, Reward=298.04 +/- 1.67, EpLength: 1320.00 +/- 37.35
21-04-24 02:36[icct.rl_helpers.eval_callback]INFO | (Eval ) num_timesteps=693000, Reward=293.35 +/- 1.96, EpLength: 1374.20 +/- 31.91
21-04-24 02:37[icct.rl_helpers.eval_callback]INFO | (Eval ) num_timesteps=694500, Reward=91.08 +/- 65.91, EpLength: 832.60 +/- 273.54
21-04-24 02:38[icct.rl_helpers.eval_callback]INFO | (Eval ) num_timesteps=696000, Reward=291.83 +/- 1.54, EpLength: 1338.00 +/- 25.28
21-04-24 02:39[icct.rl_helpers.eval_callback]INFO | (Eval ) num_timesteps=697500, Reward=279.55 +/- 1.59, EpLength: 1557.20 +/- 29.00
21-04-24 02:39[icct.rl_helpers.eval_callback]INFO | (Train) Episode: 500, Avg Reward: 274.9195151896814, Best: 276.65677174053576
21-04-24 02:39[icct.rl_helpers.eval_callback]INFO | (Eval ) num_timesteps=699000, Reward=292.19 +/- 1.58, EpLength: 1361.80 +/- 27.15
21-04-24 02:40[root]INFO | [END]======> Execution time of seed 11: 11 hours, 18 minutes, 25 seconds
