20-04-24 15:21[root]INFO | Training on env: walker
20-04-24 15:21[root]INFO | Agent Type: dgt
20-04-24 15:21[root]INFO | Log Directory: ./logs/walker_cpu/dgt/256leaves_44-21-15-20-Apr_Final/
20-04-24 15:21[root]INFO | GPU?: False
20-04-24 15:21[root]INFO | Num Leaves: 256
20-04-24 15:21[root]INFO | DGT Policy
20-04-24 15:21[root]INFO | Value Net Size: [256, 256]
20-04-24 15:21[root]INFO | [START]======> Training Started for Seed [23]: 2024-04-20 15:21:50
20-04-24 15:21[root]INFO | actor: DGTActor(
  (features_extractor): FlattenExtractor(
    (flatten): Flatten(start_dim=1, end_dim=-1)
  )
  (drnet): DGT(
    (_and_act_fn): Softmax(dim=-1)
    (_predicate_l): Sequential(
      (0): Linear(in_features=24, out_features=255, bias=True)
    )
    (_and_l): XLinear(
      (_l): Linear(in_features=255, out_features=256, bias=False)
    )
    (_or_l): XLinear(
      (_l): Linear(in_features=256, out_features=4, bias=False)
    )
  )
)
20-04-24 15:21[icct.rl_helpers.eval_callback]INFO | (Eval ) num_timesteps=1500, Reward=-96.43 +/- 1.50, EpLength: 75.40 +/- 6.31
20-04-24 15:21[icct.rl_helpers.eval_callback]INFO | (Save ) Storing Best Model: New best mean reward!
20-04-24 15:21[icct.rl_helpers.eval_callback]INFO | (Train) Episode: 0, Avg Reward: -83.35245116192823, Best: -83.35245116192823
20-04-24 15:21[icct.rl_helpers.eval_callback]INFO | (Eval ) num_timesteps=3000, Reward=-97.25 +/- 0.27, EpLength: 73.60 +/- 6.86
20-04-24 15:21[icct.rl_helpers.eval_callback]INFO | (Eval ) num_timesteps=4500, Reward=-96.89 +/- 0.34, EpLength: 90.20 +/- 26.83
20-04-24 15:21[icct.rl_helpers.eval_callback]INFO | (Eval ) num_timesteps=6000, Reward=-97.22 +/- 0.32, EpLength: 85.60 +/- 29.14
20-04-24 15:21[icct.rl_helpers.eval_callback]INFO | (Train) Episode: 10, Avg Reward: -102.01928043491925, Best: -83.35245116192823
20-04-24 15:21[icct.rl_helpers.eval_callback]INFO | (Eval ) num_timesteps=7500, Reward=-97.14 +/- 0.30, EpLength: 89.20 +/- 29.53
20-04-24 15:21[icct.rl_helpers.eval_callback]INFO | (Eval ) num_timesteps=9000, Reward=-97.12 +/- 0.30, EpLength: 75.80 +/- 6.37
20-04-24 15:21[icct.rl_helpers.eval_callback]INFO | (Train) Episode: 20, Avg Reward: -103.73881640629514, Best: -83.35245116192823
20-04-24 15:22[icct.rl_helpers.eval_callback]INFO | (Eval ) num_timesteps=10500, Reward=-10.27 +/- 0.03, EpLength: 1600.00 +/- 0.00
20-04-24 15:22[icct.rl_helpers.eval_callback]INFO | (Save ) Storing Best Model: New best mean reward!
20-04-24 15:23[icct.rl_helpers.eval_callback]INFO | (Eval ) num_timesteps=12000, Reward=-91.88 +/- 13.52, EpLength: 981.40 +/- 757.63
20-04-24 15:25[icct.rl_helpers.eval_callback]INFO | (Eval ) num_timesteps=13500, Reward=-87.37 +/- 5.77, EpLength: 1600.00 +/- 0.00
20-04-24 15:26[icct.rl_helpers.eval_callback]INFO | (Eval ) num_timesteps=15000, Reward=-155.99 +/- 0.03, EpLength: 1600.00 +/- 0.00
20-04-24 15:27[icct.rl_helpers.eval_callback]INFO | (Eval ) num_timesteps=16500, Reward=-165.07 +/- 0.03, EpLength: 1600.00 +/- 0.00
20-04-24 15:28[icct.rl_helpers.eval_callback]INFO | (Eval ) num_timesteps=18000, Reward=-102.42 +/- 0.24, EpLength: 1600.00 +/- 0.00
20-04-24 15:30[icct.rl_helpers.eval_callback]INFO | (Eval ) num_timesteps=19500, Reward=-116.00 +/- 1.52, EpLength: 1600.00 +/- 0.00
20-04-24 15:31[icct.rl_helpers.eval_callback]INFO | (Eval ) num_timesteps=21000, Reward=-61.33 +/- 29.02, EpLength: 1289.80 +/- 620.40
20-04-24 15:33[icct.rl_helpers.eval_callback]INFO | (Train) Episode: 30, Avg Reward: -107.93692768987708, Best: -83.35245116192823
20-04-24 15:33[icct.rl_helpers.eval_callback]INFO | (Eval ) num_timesteps=22500, Reward=-137.53 +/- 36.47, EpLength: 1289.40 +/- 621.20
20-04-24 15:34[icct.rl_helpers.eval_callback]INFO | (Eval ) num_timesteps=24000, Reward=-89.52 +/- 0.35, EpLength: 1600.00 +/- 0.00
20-04-24 15:36[icct.rl_helpers.eval_callback]INFO | (Eval ) num_timesteps=25500, Reward=-86.20 +/- 0.03, EpLength: 1600.00 +/- 0.00
20-04-24 15:38[icct.rl_helpers.eval_callback]INFO | (Eval ) num_timesteps=27000, Reward=-52.81 +/- 1.01, EpLength: 1600.00 +/- 0.00
20-04-24 15:39[icct.rl_helpers.eval_callback]INFO | (Eval ) num_timesteps=28500, Reward=-31.74 +/- 0.25, EpLength: 1600.00 +/- 0.00
20-04-24 15:41[icct.rl_helpers.eval_callback]INFO | (Eval ) num_timesteps=30000, Reward=-109.97 +/- 21.00, EpLength: 789.20 +/- 662.04
20-04-24 15:42[icct.rl_helpers.eval_callback]INFO | (Eval ) num_timesteps=31500, Reward=-114.26 +/- 4.74, EpLength: 267.80 +/- 70.14
20-04-24 15:44[icct.rl_helpers.eval_callback]INFO | (Eval ) num_timesteps=33000, Reward=-78.37 +/- 2.13, EpLength: 1600.00 +/- 0.00
20-04-24 15:45[icct.rl_helpers.eval_callback]INFO | (Eval ) num_timesteps=34500, Reward=-135.13 +/- 0.39, EpLength: 1600.00 +/- 0.00
20-04-24 15:47[icct.rl_helpers.eval_callback]INFO | (Eval ) num_timesteps=36000, Reward=-129.70 +/- 0.38, EpLength: 1600.00 +/- 0.00
20-04-24 15:49[icct.rl_helpers.eval_callback]INFO | (Eval ) num_timesteps=37500, Reward=-128.86 +/- 0.13, EpLength: 1600.00 +/- 0.00
20-04-24 15:49[icct.rl_helpers.eval_callback]INFO | (Train) Episode: 40, Avg Reward: -102.80126177526844, Best: -83.35245116192823
20-04-24 15:50[icct.rl_helpers.eval_callback]INFO | (Eval ) num_timesteps=39000, Reward=-75.04 +/- 1.94, EpLength: 1600.00 +/- 0.00
20-04-24 15:51[icct.rl_helpers.eval_callback]INFO | (Eval ) num_timesteps=40500, Reward=-88.06 +/- 10.03, EpLength: 1007.80 +/- 725.29
20-04-24 15:53[icct.rl_helpers.eval_callback]INFO | (Eval ) num_timesteps=42000, Reward=-124.59 +/- 13.92, EpLength: 490.40 +/- 555.76
20-04-24 15:54[icct.rl_helpers.eval_callback]INFO | (Eval ) num_timesteps=43500, Reward=-104.63 +/- 22.31, EpLength: 1055.80 +/- 668.85
20-04-24 15:56[icct.rl_helpers.eval_callback]INFO | (Eval ) num_timesteps=45000, Reward=-90.49 +/- 23.10, EpLength: 735.20 +/- 706.14
20-04-24 15:56[icct.rl_helpers.eval_callback]INFO | (Train) Episode: 50, Avg Reward: -104.17879577733049, Best: -83.35245116192823
20-04-24 15:57[icct.rl_helpers.eval_callback]INFO | (Eval ) num_timesteps=46500, Reward=-142.93 +/- 12.49, EpLength: 587.60 +/- 155.81
20-04-24 15:58[icct.rl_helpers.eval_callback]INFO | (Eval ) num_timesteps=48000, Reward=-61.81 +/- 5.76, EpLength: 1600.00 +/- 0.00
20-04-24 16:00[icct.rl_helpers.eval_callback]INFO | (Eval ) num_timesteps=49500, Reward=-52.96 +/- 0.33, EpLength: 1600.00 +/- 0.00
20-04-24 16:01[icct.rl_helpers.eval_callback]INFO | (Eval ) num_timesteps=51000, Reward=-106.07 +/- 1.85, EpLength: 92.00 +/- 2.19
20-04-24 16:02[icct.rl_helpers.eval_callback]INFO | (Eval ) num_timesteps=52500, Reward=-108.56 +/- 0.44, EpLength: 35.00 +/- 0.00
20-04-24 16:04[icct.rl_helpers.eval_callback]INFO | (Eval ) num_timesteps=54000, Reward=-94.81 +/- 14.35, EpLength: 1600.00 +/- 0.00
20-04-24 16:05[icct.rl_helpers.eval_callback]INFO | (Train) Episode: 60, Avg Reward: -102.96223104349498, Best: -83.35245116192823
20-04-24 16:05[icct.rl_helpers.eval_callback]INFO | (Eval ) num_timesteps=55500, Reward=-118.18 +/- 8.88, EpLength: 402.40 +/- 601.69
20-04-24 16:07[icct.rl_helpers.eval_callback]INFO | (Eval ) num_timesteps=57000, Reward=-57.91 +/- 1.15, EpLength: 1600.00 +/- 0.00
20-04-24 16:08[icct.rl_helpers.eval_callback]INFO | (Eval ) num_timesteps=58500, Reward=-77.60 +/- 14.64, EpLength: 1306.60 +/- 586.80
20-04-24 16:10[icct.rl_helpers.eval_callback]INFO | (Eval ) num_timesteps=60000, Reward=-45.83 +/- 2.53, EpLength: 1600.00 +/- 0.00
20-04-24 16:12[icct.rl_helpers.eval_callback]INFO | (Eval ) num_timesteps=61500, Reward=-84.95 +/- 9.29, EpLength: 1600.00 +/- 0.00
20-04-24 16:13[icct.rl_helpers.eval_callback]INFO | (Eval ) num_timesteps=63000, Reward=-110.19 +/- 1.95, EpLength: 1317.00 +/- 566.00
20-04-24 16:15[icct.rl_helpers.eval_callback]INFO | (Eval ) num_timesteps=64500, Reward=-59.76 +/- 4.90, EpLength: 1600.00 +/- 0.00
20-04-24 16:16[icct.rl_helpers.eval_callback]INFO | (Eval ) num_timesteps=66000, Reward=-33.16 +/- 0.34, EpLength: 1600.00 +/- 0.00
20-04-24 16:18[icct.rl_helpers.eval_callback]INFO | (Eval ) num_timesteps=67500, Reward=-92.94 +/- 0.09, EpLength: 1600.00 +/- 0.00
20-04-24 16:19[icct.rl_helpers.eval_callback]INFO | (Eval ) num_timesteps=69000, Reward=-32.63 +/- 23.37, EpLength: 1600.00 +/- 0.00
20-04-24 16:20[icct.rl_helpers.eval_callback]INFO | (Eval ) num_timesteps=70500, Reward=-73.05 +/- 0.20, EpLength: 1600.00 +/- 0.00
20-04-24 16:21[icct.rl_helpers.eval_callback]INFO | (Train) Episode: 70, Avg Reward: -97.81968842857201, Best: -83.35245116192823
20-04-24 16:22[icct.rl_helpers.eval_callback]INFO | (Eval ) num_timesteps=72000, Reward=-116.39 +/- 8.39, EpLength: 86.40 +/- 22.90
20-04-24 16:23[icct.rl_helpers.eval_callback]INFO | (Eval ) num_timesteps=73500, Reward=-92.68 +/- 0.20, EpLength: 1600.00 +/- 0.00
20-04-24 16:25[icct.rl_helpers.eval_callback]INFO | (Eval ) num_timesteps=75000, Reward=-62.51 +/- 1.23, EpLength: 1600.00 +/- 0.00
20-04-24 16:27[icct.rl_helpers.eval_callback]INFO | (Eval ) num_timesteps=76500, Reward=-86.99 +/- 0.58, EpLength: 1600.00 +/- 0.00
20-04-24 16:27[icct.rl_helpers.eval_callback]INFO | (Train) Episode: 80, Avg Reward: -99.36170227250484, Best: -83.35245116192823
20-04-24 16:28[icct.rl_helpers.eval_callback]INFO | (Eval ) num_timesteps=78000, Reward=-39.46 +/- 12.29, EpLength: 1600.00 +/- 0.00
20-04-24 16:29[icct.rl_helpers.eval_callback]INFO | (Eval ) num_timesteps=79500, Reward=-51.80 +/- 0.05, EpLength: 1600.00 +/- 0.00
20-04-24 16:30[icct.rl_helpers.eval_callback]INFO | (Eval ) num_timesteps=81000, Reward=-31.89 +/- 1.22, EpLength: 1600.00 +/- 0.00
20-04-24 16:32[icct.rl_helpers.eval_callback]INFO | (Eval ) num_timesteps=82500, Reward=-52.25 +/- 1.18, EpLength: 1600.00 +/- 0.00
20-04-24 16:33[icct.rl_helpers.eval_callback]INFO | (Eval ) num_timesteps=84000, Reward=-40.20 +/- 16.45, EpLength: 1600.00 +/- 0.00
20-04-24 16:34[icct.rl_helpers.eval_callback]INFO | (Eval ) num_timesteps=85500, Reward=-56.88 +/- 8.64, EpLength: 1600.00 +/- 0.00
20-04-24 16:36[icct.rl_helpers.eval_callback]INFO | (Eval ) num_timesteps=87000, Reward=-60.68 +/- 21.72, EpLength: 1600.00 +/- 0.00
20-04-24 16:37[icct.rl_helpers.eval_callback]INFO | (Eval ) num_timesteps=88500, Reward=-64.63 +/- 15.40, EpLength: 1600.00 +/- 0.00
20-04-24 16:38[icct.rl_helpers.eval_callback]INFO | (Eval ) num_timesteps=90000, Reward=-60.87 +/- 23.02, EpLength: 1600.00 +/- 0.00
20-04-24 16:39[icct.rl_helpers.eval_callback]INFO | (Eval ) num_timesteps=91500, Reward=-77.68 +/- 32.77, EpLength: 702.00 +/- 733.21
20-04-24 16:40[icct.rl_helpers.eval_callback]INFO | (Train) Episode: 90, Avg Reward: -94.11874142304028, Best: -83.35245116192823
20-04-24 16:41[icct.rl_helpers.eval_callback]INFO | (Eval ) num_timesteps=93000, Reward=-41.56 +/- 0.43, EpLength: 1600.00 +/- 0.00
20-04-24 16:42[icct.rl_helpers.eval_callback]INFO | (Eval ) num_timesteps=94500, Reward=-34.35 +/- 0.04, EpLength: 1600.00 +/- 0.00
20-04-24 16:43[icct.rl_helpers.eval_callback]INFO | (Eval ) num_timesteps=96000, Reward=-30.71 +/- 0.09, EpLength: 1600.00 +/- 0.00
20-04-24 16:45[icct.rl_helpers.eval_callback]INFO | (Eval ) num_timesteps=97500, Reward=-48.66 +/- 1.06, EpLength: 1600.00 +/- 0.00
20-04-24 16:46[icct.rl_helpers.eval_callback]INFO | (Eval ) num_timesteps=99000, Reward=-44.62 +/- 0.45, EpLength: 1600.00 +/- 0.00
20-04-24 16:48[icct.rl_helpers.eval_callback]INFO | (Eval ) num_timesteps=100500, Reward=-82.18 +/- 29.24, EpLength: 725.80 +/- 713.90
20-04-24 16:49[icct.rl_helpers.eval_callback]INFO | (Eval ) num_timesteps=102000, Reward=-109.25 +/- 0.33, EpLength: 65.40 +/- 8.31
20-04-24 16:50[icct.rl_helpers.eval_callback]INFO | (Eval ) num_timesteps=103500, Reward=-76.46 +/- 33.53, EpLength: 1600.00 +/- 0.00
20-04-24 16:51[icct.rl_helpers.eval_callback]INFO | (Train) Episode: 100, Avg Reward: -91.5189736655157, Best: -83.35245116192823
20-04-24 16:52[icct.rl_helpers.eval_callback]INFO | (Eval ) num_timesteps=105000, Reward=-113.12 +/- 5.57, EpLength: 85.80 +/- 12.11
20-04-24 16:53[icct.rl_helpers.eval_callback]INFO | (Eval ) num_timesteps=106500, Reward=-27.22 +/- 4.84, EpLength: 1600.00 +/- 0.00
20-04-24 16:54[icct.rl_helpers.eval_callback]INFO | (Eval ) num_timesteps=108000, Reward=-24.44 +/- 13.06, EpLength: 1600.00 +/- 0.00
20-04-24 16:56[icct.rl_helpers.eval_callback]INFO | (Eval ) num_timesteps=109500, Reward=-35.00 +/- 4.97, EpLength: 1600.00 +/- 0.00
20-04-24 16:57[icct.rl_helpers.eval_callback]INFO | (Eval ) num_timesteps=111000, Reward=-28.26 +/- 1.21, EpLength: 1600.00 +/- 0.00
20-04-24 16:59[icct.rl_helpers.eval_callback]INFO | (Eval ) num_timesteps=112500, Reward=-73.65 +/- 0.11, EpLength: 1600.00 +/- 0.00
20-04-24 17:00[icct.rl_helpers.eval_callback]INFO | (Eval ) num_timesteps=114000, Reward=-46.50 +/- 7.38, EpLength: 1600.00 +/- 0.00
20-04-24 17:02[icct.rl_helpers.eval_callback]INFO | (Eval ) num_timesteps=115500, Reward=-39.35 +/- 8.93, EpLength: 1600.00 +/- 0.00
20-04-24 17:03[icct.rl_helpers.eval_callback]INFO | (Eval ) num_timesteps=117000, Reward=-20.68 +/- 0.35, EpLength: 1600.00 +/- 0.00
20-04-24 17:04[icct.rl_helpers.eval_callback]INFO | (Eval ) num_timesteps=118500, Reward=-47.03 +/- 1.88, EpLength: 1600.00 +/- 0.00
20-04-24 17:05[icct.rl_helpers.eval_callback]INFO | (Eval ) num_timesteps=120000, Reward=-45.94 +/- 0.42, EpLength: 1600.00 +/- 0.00
20-04-24 17:06[icct.rl_helpers.eval_callback]INFO | (Train) Episode: 110, Avg Reward: -85.60005187243925, Best: -83.35245116192823
20-04-24 17:07[icct.rl_helpers.eval_callback]INFO | (Eval ) num_timesteps=121500, Reward=-39.59 +/- 28.37, EpLength: 1600.00 +/- 0.00
20-04-24 17:08[icct.rl_helpers.eval_callback]INFO | (Eval ) num_timesteps=123000, Reward=-76.29 +/- 26.45, EpLength: 1600.00 +/- 0.00
20-04-24 17:09[icct.rl_helpers.eval_callback]INFO | (Eval ) num_timesteps=124500, Reward=-36.93 +/- 0.61, EpLength: 1600.00 +/- 0.00
20-04-24 17:10[icct.rl_helpers.eval_callback]INFO | (Eval ) num_timesteps=126000, Reward=-54.63 +/- 13.93, EpLength: 1600.00 +/- 0.00
20-04-24 17:11[icct.rl_helpers.eval_callback]INFO | (Eval ) num_timesteps=127500, Reward=-22.96 +/- 0.06, EpLength: 1600.00 +/- 0.00
20-04-24 17:13[icct.rl_helpers.eval_callback]INFO | (Eval ) num_timesteps=129000, Reward=-26.56 +/- 0.01, EpLength: 1600.00 +/- 0.00
20-04-24 17:14[icct.rl_helpers.eval_callback]INFO | (Eval ) num_timesteps=130500, Reward=-38.93 +/- 0.04, EpLength: 1600.00 +/- 0.00
20-04-24 17:16[icct.rl_helpers.eval_callback]INFO | (Eval ) num_timesteps=132000, Reward=-109.63 +/- 0.43, EpLength: 1600.00 +/- 0.00
20-04-24 17:17[icct.rl_helpers.eval_callback]INFO | (Eval ) num_timesteps=133500, Reward=-55.48 +/- 1.93, EpLength: 1600.00 +/- 0.00
20-04-24 17:18[icct.rl_helpers.eval_callback]INFO | (Eval ) num_timesteps=135000, Reward=-69.30 +/- 0.15, EpLength: 1600.00 +/- 0.00
20-04-24 17:19[icct.rl_helpers.eval_callback]INFO | (Train) Episode: 120, Avg Reward: -79.35329287586053, Best: -79.35329287586053
20-04-24 17:20[icct.rl_helpers.eval_callback]INFO | (Eval ) num_timesteps=136500, Reward=-48.99 +/- 0.08, EpLength: 1600.00 +/- 0.00
20-04-24 17:21[icct.rl_helpers.eval_callback]INFO | (Eval ) num_timesteps=138000, Reward=-22.55 +/- 0.24, EpLength: 1600.00 +/- 0.00
20-04-24 17:23[icct.rl_helpers.eval_callback]INFO | (Eval ) num_timesteps=139500, Reward=-20.55 +/- 0.11, EpLength: 1600.00 +/- 0.00
20-04-24 17:25[icct.rl_helpers.eval_callback]INFO | (Eval ) num_timesteps=141000, Reward=-39.48 +/- 3.41, EpLength: 1600.00 +/- 0.00
20-04-24 17:26[icct.rl_helpers.eval_callback]INFO | (Eval ) num_timesteps=142500, Reward=-27.84 +/- 0.06, EpLength: 1600.00 +/- 0.00
20-04-24 17:27[icct.rl_helpers.eval_callback]INFO | (Eval ) num_timesteps=144000, Reward=-33.43 +/- 2.68, EpLength: 1600.00 +/- 0.00
20-04-24 17:29[icct.rl_helpers.eval_callback]INFO | (Eval ) num_timesteps=145500, Reward=-36.69 +/- 8.02, EpLength: 1600.00 +/- 0.00
20-04-24 17:30[icct.rl_helpers.eval_callback]INFO | (Train) Episode: 130, Avg Reward: -74.75433782143512, Best: -74.75433782143512
20-04-24 17:31[icct.rl_helpers.eval_callback]INFO | (Eval ) num_timesteps=147000, Reward=-108.00 +/- 0.37, EpLength: 1600.00 +/- 0.00
20-04-24 17:32[icct.rl_helpers.eval_callback]INFO | (Eval ) num_timesteps=148500, Reward=-39.19 +/- 0.34, EpLength: 1600.00 +/- 0.00
20-04-24 17:34[icct.rl_helpers.eval_callback]INFO | (Eval ) num_timesteps=150000, Reward=-112.81 +/- 17.12, EpLength: 1600.00 +/- 0.00
20-04-24 17:35[icct.rl_helpers.eval_callback]INFO | (Eval ) num_timesteps=151500, Reward=-103.77 +/- 3.04, EpLength: 405.80 +/- 597.31
20-04-24 17:36[icct.rl_helpers.eval_callback]INFO | (Eval ) num_timesteps=153000, Reward=-82.00 +/- 3.42, EpLength: 1600.00 +/- 0.00
20-04-24 17:38[icct.rl_helpers.eval_callback]INFO | (Eval ) num_timesteps=154500, Reward=-33.15 +/- 0.07, EpLength: 1600.00 +/- 0.00
20-04-24 17:38[icct.rl_helpers.eval_callback]INFO | (Train) Episode: 140, Avg Reward: -75.03233854880261, Best: -73.84270624960125
20-04-24 17:39[icct.rl_helpers.eval_callback]INFO | (Eval ) num_timesteps=156000, Reward=-35.21 +/- 0.93, EpLength: 1600.00 +/- 0.00
20-04-24 17:41[icct.rl_helpers.eval_callback]INFO | (Eval ) num_timesteps=157500, Reward=-54.39 +/- 4.19, EpLength: 1600.00 +/- 0.00
20-04-24 17:42[icct.rl_helpers.eval_callback]INFO | (Eval ) num_timesteps=159000, Reward=-49.17 +/- 0.26, EpLength: 1600.00 +/- 0.00
20-04-24 17:43[icct.rl_helpers.eval_callback]INFO | (Eval ) num_timesteps=160500, Reward=-31.42 +/- 0.04, EpLength: 1600.00 +/- 0.00
20-04-24 17:45[icct.rl_helpers.eval_callback]INFO | (Eval ) num_timesteps=162000, Reward=-28.16 +/- 1.99, EpLength: 1600.00 +/- 0.00
20-04-24 17:46[icct.rl_helpers.eval_callback]INFO | (Eval ) num_timesteps=163500, Reward=-17.74 +/- 0.09, EpLength: 1600.00 +/- 0.00
20-04-24 17:48[icct.rl_helpers.eval_callback]INFO | (Eval ) num_timesteps=165000, Reward=-29.73 +/- 0.02, EpLength: 1600.00 +/- 0.00
20-04-24 17:49[icct.rl_helpers.eval_callback]INFO | (Eval ) num_timesteps=166500, Reward=-28.07 +/- 0.23, EpLength: 1600.00 +/- 0.00
20-04-24 17:51[icct.rl_helpers.eval_callback]INFO | (Eval ) num_timesteps=168000, Reward=-35.98 +/- 0.46, EpLength: 1600.00 +/- 0.00
20-04-24 17:52[icct.rl_helpers.eval_callback]INFO | (Eval ) num_timesteps=169500, Reward=-30.21 +/- 0.05, EpLength: 1600.00 +/- 0.00
20-04-24 17:53[icct.rl_helpers.eval_callback]INFO | (Train) Episode: 150, Avg Reward: -67.83433727084147, Best: -67.83433727084147
20-04-24 17:54[icct.rl_helpers.eval_callback]INFO | (Eval ) num_timesteps=171000, Reward=-35.97 +/- 0.12, EpLength: 1600.00 +/- 0.00
20-04-24 17:55[icct.rl_helpers.eval_callback]INFO | (Eval ) num_timesteps=172500, Reward=-22.48 +/- 0.29, EpLength: 1600.00 +/- 0.00
20-04-24 17:57[icct.rl_helpers.eval_callback]INFO | (Eval ) num_timesteps=174000, Reward=-29.82 +/- 0.21, EpLength: 1600.00 +/- 0.00
20-04-24 17:58[icct.rl_helpers.eval_callback]INFO | (Eval ) num_timesteps=175500, Reward=-48.69 +/- 0.12, EpLength: 1600.00 +/- 0.00
20-04-24 17:59[icct.rl_helpers.eval_callback]INFO | (Eval ) num_timesteps=177000, Reward=-20.08 +/- 0.02, EpLength: 1600.00 +/- 0.00
20-04-24 18:00[icct.rl_helpers.eval_callback]INFO | (Eval ) num_timesteps=178500, Reward=-26.12 +/- 0.40, EpLength: 1600.00 +/- 0.00
20-04-24 18:02[icct.rl_helpers.eval_callback]INFO | (Eval ) num_timesteps=180000, Reward=-42.86 +/- 0.02, EpLength: 1600.00 +/- 0.00
20-04-24 18:03[icct.rl_helpers.eval_callback]INFO | (Eval ) num_timesteps=181500, Reward=-49.72 +/- 1.77, EpLength: 1600.00 +/- 0.00
20-04-24 18:04[icct.rl_helpers.eval_callback]INFO | (Eval ) num_timesteps=183000, Reward=-32.88 +/- 0.01, EpLength: 1600.00 +/- 0.00
20-04-24 18:05[icct.rl_helpers.eval_callback]INFO | (Eval ) num_timesteps=184500, Reward=-23.40 +/- 0.08, EpLength: 1600.00 +/- 0.00
20-04-24 18:07[icct.rl_helpers.eval_callback]INFO | (Eval ) num_timesteps=186000, Reward=-17.79 +/- 0.01, EpLength: 1600.00 +/- 0.00
20-04-24 18:07[icct.rl_helpers.eval_callback]INFO | (Train) Episode: 160, Avg Reward: -61.32016643013423, Best: -61.32016643013423
20-04-24 18:08[icct.rl_helpers.eval_callback]INFO | (Eval ) num_timesteps=187500, Reward=-18.60 +/- 0.03, EpLength: 1600.00 +/- 0.00
20-04-24 18:10[icct.rl_helpers.eval_callback]INFO | (Eval ) num_timesteps=189000, Reward=-17.34 +/- 0.02, EpLength: 1600.00 +/- 0.00
20-04-24 18:11[icct.rl_helpers.eval_callback]INFO | (Eval ) num_timesteps=190500, Reward=-21.93 +/- 0.06, EpLength: 1600.00 +/- 0.00
20-04-24 18:13[icct.rl_helpers.eval_callback]INFO | (Eval ) num_timesteps=192000, Reward=-18.25 +/- 0.21, EpLength: 1600.00 +/- 0.00
20-04-24 18:15[icct.rl_helpers.eval_callback]INFO | (Eval ) num_timesteps=193500, Reward=-27.83 +/- 0.25, EpLength: 1600.00 +/- 0.00
20-04-24 18:16[icct.rl_helpers.eval_callback]INFO | (Eval ) num_timesteps=195000, Reward=-23.56 +/- 0.06, EpLength: 1600.00 +/- 0.00
20-04-24 18:17[icct.rl_helpers.eval_callback]INFO | (Eval ) num_timesteps=196500, Reward=-25.20 +/- 0.18, EpLength: 1600.00 +/- 0.00
20-04-24 18:19[icct.rl_helpers.eval_callback]INFO | (Eval ) num_timesteps=198000, Reward=-22.85 +/- 0.75, EpLength: 1600.00 +/- 0.00
20-04-24 18:20[icct.rl_helpers.eval_callback]INFO | (Eval ) num_timesteps=199500, Reward=-20.94 +/- 1.56, EpLength: 1600.00 +/- 0.00
20-04-24 18:22[icct.rl_helpers.eval_callback]INFO | (Eval ) num_timesteps=201000, Reward=-14.81 +/- 0.01, EpLength: 1600.00 +/- 0.00
20-04-24 18:23[icct.rl_helpers.eval_callback]INFO | (Eval ) num_timesteps=202500, Reward=-13.00 +/- 0.10, EpLength: 1600.00 +/- 0.00
20-04-24 18:23[icct.rl_helpers.eval_callback]INFO | (Train) Episode: 170, Avg Reward: -57.46091992546926, Best: -57.46091992546926
20-04-24 18:25[icct.rl_helpers.eval_callback]INFO | (Eval ) num_timesteps=204000, Reward=-17.15 +/- 0.05, EpLength: 1600.00 +/- 0.00
20-04-24 18:27[icct.rl_helpers.eval_callback]INFO | (Eval ) num_timesteps=205500, Reward=-16.41 +/- 0.09, EpLength: 1600.00 +/- 0.00
20-04-24 18:28[icct.rl_helpers.eval_callback]INFO | (Eval ) num_timesteps=207000, Reward=-15.25 +/- 0.30, EpLength: 1600.00 +/- 0.00
20-04-24 18:30[icct.rl_helpers.eval_callback]INFO | (Eval ) num_timesteps=208500, Reward=-18.25 +/- 1.42, EpLength: 1600.00 +/- 0.00
20-04-24 18:31[icct.rl_helpers.eval_callback]INFO | (Eval ) num_timesteps=210000, Reward=-18.11 +/- 0.03, EpLength: 1600.00 +/- 0.00
20-04-24 18:33[icct.rl_helpers.eval_callback]INFO | (Eval ) num_timesteps=211500, Reward=-19.15 +/- 0.12, EpLength: 1600.00 +/- 0.00
20-04-24 18:35[icct.rl_helpers.eval_callback]INFO | (Eval ) num_timesteps=213000, Reward=-32.30 +/- 0.01, EpLength: 1600.00 +/- 0.00
20-04-24 18:36[icct.rl_helpers.eval_callback]INFO | (Eval ) num_timesteps=214500, Reward=-37.17 +/- 24.60, EpLength: 1600.00 +/- 0.00
20-04-24 18:38[icct.rl_helpers.eval_callback]INFO | (Eval ) num_timesteps=216000, Reward=-20.78 +/- 3.71, EpLength: 1600.00 +/- 0.00
20-04-24 18:39[icct.rl_helpers.eval_callback]INFO | (Eval ) num_timesteps=217500, Reward=-21.31 +/- 0.01, EpLength: 1600.00 +/- 0.00
20-04-24 18:40[icct.rl_helpers.eval_callback]INFO | (Train) Episode: 180, Avg Reward: -49.087597651274756, Best: -49.087597651274756
20-04-24 18:41[icct.rl_helpers.eval_callback]INFO | (Eval ) num_timesteps=219000, Reward=-103.50 +/- 1.23, EpLength: 81.20 +/- 4.66
20-04-24 18:42[icct.rl_helpers.eval_callback]INFO | (Eval ) num_timesteps=220500, Reward=-62.22 +/- 10.56, EpLength: 1600.00 +/- 0.00
20-04-24 18:43[icct.rl_helpers.eval_callback]INFO | (Eval ) num_timesteps=222000, Reward=-20.65 +/- 0.03, EpLength: 1600.00 +/- 0.00
20-04-24 18:45[icct.rl_helpers.eval_callback]INFO | (Eval ) num_timesteps=223500, Reward=-56.69 +/- 15.09, EpLength: 1600.00 +/- 0.00
20-04-24 18:46[icct.rl_helpers.eval_callback]INFO | (Eval ) num_timesteps=225000, Reward=-22.67 +/- 0.02, EpLength: 1600.00 +/- 0.00
20-04-24 18:47[icct.rl_helpers.eval_callback]INFO | (Eval ) num_timesteps=226500, Reward=-26.79 +/- 4.87, EpLength: 1600.00 +/- 0.00
20-04-24 18:48[icct.rl_helpers.eval_callback]INFO | (Eval ) num_timesteps=228000, Reward=-16.93 +/- 0.02, EpLength: 1600.00 +/- 0.00
20-04-24 18:50[icct.rl_helpers.eval_callback]INFO | (Eval ) num_timesteps=229500, Reward=-33.90 +/- 0.26, EpLength: 1600.00 +/- 0.00
20-04-24 18:51[icct.rl_helpers.eval_callback]INFO | (Eval ) num_timesteps=231000, Reward=-17.28 +/- 0.05, EpLength: 1600.00 +/- 0.00
20-04-24 18:52[icct.rl_helpers.eval_callback]INFO | (Eval ) num_timesteps=232500, Reward=-32.53 +/- 4.44, EpLength: 1600.00 +/- 0.00
20-04-24 18:53[icct.rl_helpers.eval_callback]INFO | (Eval ) num_timesteps=234000, Reward=-56.27 +/- 0.49, EpLength: 1600.00 +/- 0.00
20-04-24 18:54[icct.rl_helpers.eval_callback]INFO | (Train) Episode: 190, Avg Reward: -47.47168336421202, Best: -47.47168336421202
20-04-24 18:54[icct.rl_helpers.eval_callback]INFO | (Eval ) num_timesteps=235500, Reward=-46.75 +/- 1.26, EpLength: 1600.00 +/- 0.00
20-04-24 18:56[icct.rl_helpers.eval_callback]INFO | (Eval ) num_timesteps=237000, Reward=-13.46 +/- 0.09, EpLength: 1600.00 +/- 0.00
20-04-24 18:57[icct.rl_helpers.eval_callback]INFO | (Eval ) num_timesteps=238500, Reward=-31.50 +/- 0.45, EpLength: 1600.00 +/- 0.00
20-04-24 18:59[icct.rl_helpers.eval_callback]INFO | (Eval ) num_timesteps=240000, Reward=-21.10 +/- 3.50, EpLength: 1600.00 +/- 0.00
20-04-24 19:00[icct.rl_helpers.eval_callback]INFO | (Eval ) num_timesteps=241500, Reward=-11.99 +/- 0.06, EpLength: 1600.00 +/- 0.00
20-04-24 19:01[icct.rl_helpers.eval_callback]INFO | (Eval ) num_timesteps=243000, Reward=-43.73 +/- 24.99, EpLength: 1600.00 +/- 0.00
20-04-24 19:03[icct.rl_helpers.eval_callback]INFO | (Eval ) num_timesteps=244500, Reward=-21.60 +/- 12.06, EpLength: 1600.00 +/- 0.00
20-04-24 19:04[icct.rl_helpers.eval_callback]INFO | (Eval ) num_timesteps=246000, Reward=-13.10 +/- 0.02, EpLength: 1600.00 +/- 0.00
20-04-24 19:05[icct.rl_helpers.eval_callback]INFO | (Eval ) num_timesteps=247500, Reward=-114.66 +/- 5.35, EpLength: 114.40 +/- 21.36
20-04-24 19:07[icct.rl_helpers.eval_callback]INFO | (Eval ) num_timesteps=249000, Reward=-13.96 +/- 0.02, EpLength: 1600.00 +/- 0.00
20-04-24 19:08[icct.rl_helpers.eval_callback]INFO | (Eval ) num_timesteps=250500, Reward=-19.86 +/- 0.02, EpLength: 1600.00 +/- 0.00
20-04-24 19:08[icct.rl_helpers.eval_callback]INFO | (Train) Episode: 200, Avg Reward: -44.0570836499372, Best: -44.0570836499372
20-04-24 19:09[icct.rl_helpers.eval_callback]INFO | (Eval ) num_timesteps=252000, Reward=-16.32 +/- 0.82, EpLength: 1600.00 +/- 0.00
20-04-24 19:11[icct.rl_helpers.eval_callback]INFO | (Eval ) num_timesteps=253500, Reward=-21.07 +/- 0.01, EpLength: 1600.00 +/- 0.00
20-04-24 19:12[icct.rl_helpers.eval_callback]INFO | (Eval ) num_timesteps=255000, Reward=-34.09 +/- 0.58, EpLength: 1600.00 +/- 0.00
20-04-24 19:13[icct.rl_helpers.eval_callback]INFO | (Eval ) num_timesteps=256500, Reward=-20.32 +/- 0.23, EpLength: 1600.00 +/- 0.00
20-04-24 19:15[icct.rl_helpers.eval_callback]INFO | (Eval ) num_timesteps=258000, Reward=-15.55 +/- 1.09, EpLength: 1600.00 +/- 0.00
20-04-24 19:16[icct.rl_helpers.eval_callback]INFO | (Eval ) num_timesteps=259500, Reward=-10.37 +/- 0.14, EpLength: 1600.00 +/- 0.00
20-04-24 19:18[icct.rl_helpers.eval_callback]INFO | (Eval ) num_timesteps=261000, Reward=-11.35 +/- 0.60, EpLength: 1600.00 +/- 0.00
20-04-24 19:19[icct.rl_helpers.eval_callback]INFO | (Train) Episode: 210, Avg Reward: -44.77456633916379, Best: -42.82396258814806
20-04-24 19:19[icct.rl_helpers.eval_callback]INFO | (Eval ) num_timesteps=262500, Reward=-133.61 +/- 35.21, EpLength: 845.60 +/- 615.63
20-04-24 19:21[icct.rl_helpers.eval_callback]INFO | (Eval ) num_timesteps=264000, Reward=-20.80 +/- 7.97, EpLength: 1600.00 +/- 0.00
20-04-24 19:22[icct.rl_helpers.eval_callback]INFO | (Eval ) num_timesteps=265500, Reward=-26.75 +/- 0.58, EpLength: 1600.00 +/- 0.00
20-04-24 19:24[icct.rl_helpers.eval_callback]INFO | (Eval ) num_timesteps=267000, Reward=-32.86 +/- 3.05, EpLength: 1600.00 +/- 0.00
20-04-24 19:25[icct.rl_helpers.eval_callback]INFO | (Eval ) num_timesteps=268500, Reward=-31.21 +/- 12.51, EpLength: 1600.00 +/- 0.00
20-04-24 19:27[icct.rl_helpers.eval_callback]INFO | (Eval ) num_timesteps=270000, Reward=-25.65 +/- 0.20, EpLength: 1600.00 +/- 0.00
20-04-24 19:28[icct.rl_helpers.eval_callback]INFO | (Eval ) num_timesteps=271500, Reward=-13.94 +/- 0.31, EpLength: 1600.00 +/- 0.00
20-04-24 19:30[icct.rl_helpers.eval_callback]INFO | (Eval ) num_timesteps=273000, Reward=-70.59 +/- 23.86, EpLength: 1600.00 +/- 0.00
20-04-24 19:31[icct.rl_helpers.eval_callback]INFO | (Eval ) num_timesteps=274500, Reward=-17.51 +/- 0.42, EpLength: 1600.00 +/- 0.00
20-04-24 19:33[icct.rl_helpers.eval_callback]INFO | (Eval ) num_timesteps=276000, Reward=-11.79 +/- 1.67, EpLength: 1600.00 +/- 0.00
20-04-24 19:33[icct.rl_helpers.eval_callback]INFO | (Train) Episode: 220, Avg Reward: -44.499472589753786, Best: -42.82396258814806
20-04-24 19:34[icct.rl_helpers.eval_callback]INFO | (Eval ) num_timesteps=277500, Reward=-22.66 +/- 0.22, EpLength: 1600.00 +/- 0.00
20-04-24 19:36[icct.rl_helpers.eval_callback]INFO | (Eval ) num_timesteps=279000, Reward=-20.47 +/- 0.01, EpLength: 1600.00 +/- 0.00
20-04-24 19:37[icct.rl_helpers.eval_callback]INFO | (Eval ) num_timesteps=280500, Reward=-34.20 +/- 9.85, EpLength: 1600.00 +/- 0.00
20-04-24 19:39[icct.rl_helpers.eval_callback]INFO | (Eval ) num_timesteps=282000, Reward=-21.91 +/- 12.10, EpLength: 1600.00 +/- 0.00
20-04-24 19:41[icct.rl_helpers.eval_callback]INFO | (Eval ) num_timesteps=283500, Reward=-35.82 +/- 0.99, EpLength: 1600.00 +/- 0.00
20-04-24 19:42[icct.rl_helpers.eval_callback]INFO | (Eval ) num_timesteps=285000, Reward=-14.42 +/- 0.24, EpLength: 1600.00 +/- 0.00
20-04-24 19:44[icct.rl_helpers.eval_callback]INFO | (Eval ) num_timesteps=286500, Reward=-37.00 +/- 0.49, EpLength: 1600.00 +/- 0.00
20-04-24 19:45[icct.rl_helpers.eval_callback]INFO | (Eval ) num_timesteps=288000, Reward=-18.59 +/- 0.21, EpLength: 1600.00 +/- 0.00
20-04-24 19:47[icct.rl_helpers.eval_callback]INFO | (Eval ) num_timesteps=289500, Reward=-28.45 +/- 0.34, EpLength: 1600.00 +/- 0.00
20-04-24 19:49[icct.rl_helpers.eval_callback]INFO | (Eval ) num_timesteps=291000, Reward=-27.58 +/- 0.28, EpLength: 1600.00 +/- 0.00
20-04-24 19:51[icct.rl_helpers.eval_callback]INFO | (Eval ) num_timesteps=292500, Reward=-24.90 +/- 17.98, EpLength: 1600.00 +/- 0.00
20-04-24 19:51[icct.rl_helpers.eval_callback]INFO | (Train) Episode: 230, Avg Reward: -40.18941550725638, Best: -40.18941550725638
20-04-24 19:52[icct.rl_helpers.eval_callback]INFO | (Eval ) num_timesteps=294000, Reward=-20.69 +/- 0.54, EpLength: 1600.00 +/- 0.00
20-04-24 19:54[icct.rl_helpers.eval_callback]INFO | (Eval ) num_timesteps=295500, Reward=-27.91 +/- 0.24, EpLength: 1600.00 +/- 0.00
20-04-24 19:56[icct.rl_helpers.eval_callback]INFO | (Eval ) num_timesteps=297000, Reward=-21.68 +/- 10.02, EpLength: 1600.00 +/- 0.00
20-04-24 19:58[icct.rl_helpers.eval_callback]INFO | (Eval ) num_timesteps=298500, Reward=-13.31 +/- 3.18, EpLength: 1600.00 +/- 0.00
20-04-24 20:00[icct.rl_helpers.eval_callback]INFO | (Eval ) num_timesteps=300000, Reward=-15.88 +/- 0.36, EpLength: 1600.00 +/- 0.00
20-04-24 20:01[icct.rl_helpers.eval_callback]INFO | (Eval ) num_timesteps=301500, Reward=-9.75 +/- 1.16, EpLength: 1600.00 +/- 0.00
20-04-24 20:01[icct.rl_helpers.eval_callback]INFO | (Save ) Storing Best Model: New best mean reward!
20-04-24 20:03[icct.rl_helpers.eval_callback]INFO | (Eval ) num_timesteps=303000, Reward=-14.21 +/- 0.18, EpLength: 1600.00 +/- 0.00
20-04-24 20:04[icct.rl_helpers.eval_callback]INFO | (Eval ) num_timesteps=304500, Reward=-14.49 +/- 0.83, EpLength: 1600.00 +/- 0.00
20-04-24 20:06[icct.rl_helpers.eval_callback]INFO | (Eval ) num_timesteps=306000, Reward=-18.72 +/- 4.98, EpLength: 1600.00 +/- 0.00
20-04-24 20:07[icct.rl_helpers.eval_callback]INFO | (Eval ) num_timesteps=307500, Reward=-116.13 +/- 1.46, EpLength: 114.00 +/- 20.26
20-04-24 20:08[icct.rl_helpers.eval_callback]INFO | (Train) Episode: 240, Avg Reward: -34.58727393099333, Best: -34.58727393099333
20-04-24 20:09[icct.rl_helpers.eval_callback]INFO | (Eval ) num_timesteps=309000, Reward=-17.59 +/- 0.18, EpLength: 1600.00 +/- 0.00
20-04-24 20:10[icct.rl_helpers.eval_callback]INFO | (Eval ) num_timesteps=310500, Reward=-10.26 +/- 3.02, EpLength: 1600.00 +/- 0.00
20-04-24 20:12[icct.rl_helpers.eval_callback]INFO | (Eval ) num_timesteps=312000, Reward=-13.69 +/- 0.29, EpLength: 1600.00 +/- 0.00
20-04-24 20:14[icct.rl_helpers.eval_callback]INFO | (Eval ) num_timesteps=313500, Reward=-16.82 +/- 0.84, EpLength: 1600.00 +/- 0.00
20-04-24 20:15[icct.rl_helpers.eval_callback]INFO | (Eval ) num_timesteps=315000, Reward=-43.31 +/- 35.19, EpLength: 1318.60 +/- 562.80
20-04-24 20:17[icct.rl_helpers.eval_callback]INFO | (Eval ) num_timesteps=316500, Reward=-27.79 +/- 20.20, EpLength: 1600.00 +/- 0.00
20-04-24 20:19[icct.rl_helpers.eval_callback]INFO | (Eval ) num_timesteps=318000, Reward=-131.88 +/- 44.35, EpLength: 1584.60 +/- 30.80
20-04-24 20:20[icct.rl_helpers.eval_callback]INFO | (Eval ) num_timesteps=319500, Reward=-29.99 +/- 22.78, EpLength: 1600.00 +/- 0.00
20-04-24 20:22[icct.rl_helpers.eval_callback]INFO | (Eval ) num_timesteps=321000, Reward=-33.13 +/- 5.18, EpLength: 1600.00 +/- 0.00
20-04-24 20:23[icct.rl_helpers.eval_callback]INFO | (Eval ) num_timesteps=322500, Reward=-58.32 +/- 30.39, EpLength: 1600.00 +/- 0.00
20-04-24 20:24[icct.rl_helpers.eval_callback]INFO | (Train) Episode: 250, Avg Reward: -35.1426994972564, Best: -34.58727393099333
20-04-24 20:25[icct.rl_helpers.eval_callback]INFO | (Eval ) num_timesteps=324000, Reward=-18.62 +/- 3.87, EpLength: 1600.00 +/- 0.00
20-04-24 20:26[icct.rl_helpers.eval_callback]INFO | (Eval ) num_timesteps=325500, Reward=-18.69 +/- 0.06, EpLength: 1600.00 +/- 0.00
20-04-24 20:28[icct.rl_helpers.eval_callback]INFO | (Eval ) num_timesteps=327000, Reward=-11.99 +/- 0.70, EpLength: 1600.00 +/- 0.00
20-04-24 20:30[icct.rl_helpers.eval_callback]INFO | (Eval ) num_timesteps=328500, Reward=-58.55 +/- 15.56, EpLength: 1600.00 +/- 0.00
20-04-24 20:31[icct.rl_helpers.eval_callback]INFO | (Eval ) num_timesteps=330000, Reward=-13.95 +/- 0.03, EpLength: 1600.00 +/- 0.00
20-04-24 20:33[icct.rl_helpers.eval_callback]INFO | (Eval ) num_timesteps=331500, Reward=-25.02 +/- 1.69, EpLength: 1600.00 +/- 0.00
20-04-24 20:34[icct.rl_helpers.eval_callback]INFO | (Eval ) num_timesteps=333000, Reward=-71.92 +/- 0.10, EpLength: 1600.00 +/- 0.00
20-04-24 20:36[icct.rl_helpers.eval_callback]INFO | (Eval ) num_timesteps=334500, Reward=-51.44 +/- 15.74, EpLength: 1600.00 +/- 0.00
20-04-24 20:37[icct.rl_helpers.eval_callback]INFO | (Eval ) num_timesteps=336000, Reward=-32.77 +/- 1.12, EpLength: 1600.00 +/- 0.00
20-04-24 20:38[icct.rl_helpers.eval_callback]INFO | (Eval ) num_timesteps=337500, Reward=-44.68 +/- 5.82, EpLength: 1600.00 +/- 0.00
20-04-24 20:40[icct.rl_helpers.eval_callback]INFO | (Eval ) num_timesteps=339000, Reward=-17.71 +/- 5.32, EpLength: 1600.00 +/- 0.00
20-04-24 20:40[icct.rl_helpers.eval_callback]INFO | (Train) Episode: 260, Avg Reward: -34.93718097731647, Best: -34.58727393099333
20-04-24 20:41[icct.rl_helpers.eval_callback]INFO | (Eval ) num_timesteps=340500, Reward=-16.86 +/- 1.35, EpLength: 1600.00 +/- 0.00
20-04-24 20:43[icct.rl_helpers.eval_callback]INFO | (Eval ) num_timesteps=342000, Reward=-35.22 +/- 0.01, EpLength: 1600.00 +/- 0.00
20-04-24 20:44[icct.rl_helpers.eval_callback]INFO | (Eval ) num_timesteps=343500, Reward=-30.41 +/- 0.10, EpLength: 1600.00 +/- 0.00
20-04-24 20:46[icct.rl_helpers.eval_callback]INFO | (Eval ) num_timesteps=345000, Reward=-11.41 +/- 0.03, EpLength: 1600.00 +/- 0.00
20-04-24 20:47[icct.rl_helpers.eval_callback]INFO | (Eval ) num_timesteps=346500, Reward=-16.03 +/- 0.02, EpLength: 1600.00 +/- 0.00
20-04-24 20:49[icct.rl_helpers.eval_callback]INFO | (Eval ) num_timesteps=348000, Reward=-17.71 +/- 0.02, EpLength: 1600.00 +/- 0.00
20-04-24 20:50[icct.rl_helpers.eval_callback]INFO | (Eval ) num_timesteps=349500, Reward=-14.98 +/- 6.12, EpLength: 1600.00 +/- 0.00
20-04-24 20:52[icct.rl_helpers.eval_callback]INFO | (Eval ) num_timesteps=351000, Reward=-55.04 +/- 16.29, EpLength: 1600.00 +/- 0.00
20-04-24 20:53[icct.rl_helpers.eval_callback]INFO | (Eval ) num_timesteps=352500, Reward=-18.71 +/- 0.53, EpLength: 1600.00 +/- 0.00
20-04-24 20:55[icct.rl_helpers.eval_callback]INFO | (Eval ) num_timesteps=354000, Reward=-20.89 +/- 0.13, EpLength: 1600.00 +/- 0.00
20-04-24 20:56[icct.rl_helpers.eval_callback]INFO | (Train) Episode: 270, Avg Reward: -35.07770995675803, Best: -34.58727393099333
20-04-24 20:56[icct.rl_helpers.eval_callback]INFO | (Eval ) num_timesteps=355500, Reward=-12.58 +/- 0.05, EpLength: 1600.00 +/- 0.00
20-04-24 20:58[icct.rl_helpers.eval_callback]INFO | (Eval ) num_timesteps=357000, Reward=-46.88 +/- 16.23, EpLength: 1600.00 +/- 0.00
20-04-24 20:59[icct.rl_helpers.eval_callback]INFO | (Eval ) num_timesteps=358500, Reward=-14.44 +/- 0.04, EpLength: 1600.00 +/- 0.00
20-04-24 21:01[icct.rl_helpers.eval_callback]INFO | (Eval ) num_timesteps=360000, Reward=-14.93 +/- 0.29, EpLength: 1600.00 +/- 0.00
20-04-24 21:02[icct.rl_helpers.eval_callback]INFO | (Eval ) num_timesteps=361500, Reward=-18.15 +/- 0.31, EpLength: 1600.00 +/- 0.00
20-04-24 21:04[icct.rl_helpers.eval_callback]INFO | (Eval ) num_timesteps=363000, Reward=-22.48 +/- 8.40, EpLength: 1600.00 +/- 0.00
20-04-24 21:05[icct.rl_helpers.eval_callback]INFO | (Eval ) num_timesteps=364500, Reward=-11.80 +/- 0.03, EpLength: 1600.00 +/- 0.00
20-04-24 21:07[icct.rl_helpers.eval_callback]INFO | (Eval ) num_timesteps=366000, Reward=-21.52 +/- 0.01, EpLength: 1600.00 +/- 0.00
20-04-24 21:09[icct.rl_helpers.eval_callback]INFO | (Eval ) num_timesteps=367500, Reward=-31.67 +/- 0.04, EpLength: 1600.00 +/- 0.00
20-04-24 21:10[icct.rl_helpers.eval_callback]INFO | (Eval ) num_timesteps=369000, Reward=-14.73 +/- 0.16, EpLength: 1600.00 +/- 0.00
20-04-24 21:12[icct.rl_helpers.eval_callback]INFO | (Eval ) num_timesteps=370500, Reward=-10.47 +/- 0.23, EpLength: 1600.00 +/- 0.00
20-04-24 21:12[icct.rl_helpers.eval_callback]INFO | (Train) Episode: 280, Avg Reward: -35.103741376262825, Best: -34.58727393099333
20-04-24 21:13[icct.rl_helpers.eval_callback]INFO | (Eval ) num_timesteps=372000, Reward=-7.58 +/- 0.44, EpLength: 1600.00 +/- 0.00
20-04-24 21:13[icct.rl_helpers.eval_callback]INFO | (Save ) Storing Best Model: New best mean reward!
20-04-24 21:15[icct.rl_helpers.eval_callback]INFO | (Eval ) num_timesteps=373500, Reward=-6.13 +/- 0.35, EpLength: 1600.00 +/- 0.00
20-04-24 21:15[icct.rl_helpers.eval_callback]INFO | (Save ) Storing Best Model: New best mean reward!
20-04-24 21:17[icct.rl_helpers.eval_callback]INFO | (Eval ) num_timesteps=375000, Reward=-16.53 +/- 1.43, EpLength: 1600.00 +/- 0.00
20-04-24 21:18[icct.rl_helpers.eval_callback]INFO | (Eval ) num_timesteps=376500, Reward=-13.67 +/- 0.17, EpLength: 1600.00 +/- 0.00
20-04-24 21:20[icct.rl_helpers.eval_callback]INFO | (Eval ) num_timesteps=378000, Reward=-12.41 +/- 0.02, EpLength: 1600.00 +/- 0.00
20-04-24 21:21[icct.rl_helpers.eval_callback]INFO | (Eval ) num_timesteps=379500, Reward=-14.19 +/- 0.71, EpLength: 1600.00 +/- 0.00
20-04-24 21:23[icct.rl_helpers.eval_callback]INFO | (Eval ) num_timesteps=381000, Reward=-14.78 +/- 0.17, EpLength: 1600.00 +/- 0.00
20-04-24 21:24[icct.rl_helpers.eval_callback]INFO | (Eval ) num_timesteps=382500, Reward=-17.34 +/- 5.57, EpLength: 1600.00 +/- 0.00
20-04-24 21:26[icct.rl_helpers.eval_callback]INFO | (Eval ) num_timesteps=384000, Reward=-33.12 +/- 0.00, EpLength: 1600.00 +/- 0.00
20-04-24 21:27[icct.rl_helpers.eval_callback]INFO | (Eval ) num_timesteps=385500, Reward=-18.78 +/- 0.05, EpLength: 1600.00 +/- 0.00
20-04-24 21:28[icct.rl_helpers.eval_callback]INFO | (Eval ) num_timesteps=387000, Reward=-29.08 +/- 4.36, EpLength: 1600.00 +/- 0.00
20-04-24 21:29[icct.rl_helpers.eval_callback]INFO | (Train) Episode: 290, Avg Reward: -34.175203840573175, Best: -34.175203840573175
20-04-24 21:30[icct.rl_helpers.eval_callback]INFO | (Eval ) num_timesteps=388500, Reward=-25.77 +/- 0.19, EpLength: 1600.00 +/- 0.00
20-04-24 21:32[icct.rl_helpers.eval_callback]INFO | (Eval ) num_timesteps=390000, Reward=-33.83 +/- 3.28, EpLength: 1600.00 +/- 0.00
20-04-24 21:33[icct.rl_helpers.eval_callback]INFO | (Eval ) num_timesteps=391500, Reward=-13.25 +/- 7.34, EpLength: 1600.00 +/- 0.00
20-04-24 21:34[icct.rl_helpers.eval_callback]INFO | (Eval ) num_timesteps=393000, Reward=-17.47 +/- 0.14, EpLength: 1600.00 +/- 0.00
20-04-24 21:36[icct.rl_helpers.eval_callback]INFO | (Eval ) num_timesteps=394500, Reward=-12.14 +/- 0.03, EpLength: 1600.00 +/- 0.00
20-04-24 21:38[icct.rl_helpers.eval_callback]INFO | (Eval ) num_timesteps=396000, Reward=-11.59 +/- 0.13, EpLength: 1600.00 +/- 0.00
20-04-24 21:39[icct.rl_helpers.eval_callback]INFO | (Eval ) num_timesteps=397500, Reward=-15.74 +/- 0.16, EpLength: 1600.00 +/- 0.00
20-04-24 21:41[icct.rl_helpers.eval_callback]INFO | (Eval ) num_timesteps=399000, Reward=-20.08 +/- 0.85, EpLength: 1600.00 +/- 0.00
20-04-24 21:43[icct.rl_helpers.eval_callback]INFO | (Eval ) num_timesteps=400500, Reward=-14.25 +/- 0.41, EpLength: 1600.00 +/- 0.00
20-04-24 21:44[icct.rl_helpers.eval_callback]INFO | (Eval ) num_timesteps=402000, Reward=-10.97 +/- 0.21, EpLength: 1600.00 +/- 0.00
20-04-24 21:45[icct.rl_helpers.eval_callback]INFO | (Train) Episode: 300, Avg Reward: -33.423944786145796, Best: -33.423944786145796
20-04-24 21:46[icct.rl_helpers.eval_callback]INFO | (Eval ) num_timesteps=403500, Reward=-17.69 +/- 0.10, EpLength: 1600.00 +/- 0.00
20-04-24 21:48[icct.rl_helpers.eval_callback]INFO | (Eval ) num_timesteps=405000, Reward=-12.05 +/- 0.50, EpLength: 1600.00 +/- 0.00
20-04-24 21:49[icct.rl_helpers.eval_callback]INFO | (Eval ) num_timesteps=406500, Reward=-7.21 +/- 0.23, EpLength: 1600.00 +/- 0.00
20-04-24 21:51[icct.rl_helpers.eval_callback]INFO | (Eval ) num_timesteps=408000, Reward=-15.56 +/- 0.04, EpLength: 1600.00 +/- 0.00
20-04-24 21:53[icct.rl_helpers.eval_callback]INFO | (Eval ) num_timesteps=409500, Reward=-14.19 +/- 0.37, EpLength: 1600.00 +/- 0.00
20-04-24 21:54[icct.rl_helpers.eval_callback]INFO | (Eval ) num_timesteps=411000, Reward=-20.48 +/- 0.06, EpLength: 1600.00 +/- 0.00
20-04-24 21:56[icct.rl_helpers.eval_callback]INFO | (Eval ) num_timesteps=412500, Reward=-10.40 +/- 0.06, EpLength: 1600.00 +/- 0.00
20-04-24 21:57[icct.rl_helpers.eval_callback]INFO | (Eval ) num_timesteps=414000, Reward=-9.60 +/- 0.08, EpLength: 1600.00 +/- 0.00
20-04-24 21:59[icct.rl_helpers.eval_callback]INFO | (Eval ) num_timesteps=415500, Reward=-9.78 +/- 0.09, EpLength: 1600.00 +/- 0.00
20-04-24 22:01[icct.rl_helpers.eval_callback]INFO | (Eval ) num_timesteps=417000, Reward=-17.21 +/- 0.08, EpLength: 1600.00 +/- 0.00
20-04-24 22:02[icct.rl_helpers.eval_callback]INFO | (Eval ) num_timesteps=418500, Reward=-14.83 +/- 0.17, EpLength: 1600.00 +/- 0.00
20-04-24 22:03[icct.rl_helpers.eval_callback]INFO | (Train) Episode: 310, Avg Reward: -30.242917010923698, Best: -30.242917010923698
20-04-24 22:04[icct.rl_helpers.eval_callback]INFO | (Eval ) num_timesteps=420000, Reward=-10.46 +/- 5.29, EpLength: 1600.00 +/- 0.00
20-04-24 22:06[icct.rl_helpers.eval_callback]INFO | (Eval ) num_timesteps=421500, Reward=-15.95 +/- 4.13, EpLength: 1600.00 +/- 0.00
20-04-24 22:07[icct.rl_helpers.eval_callback]INFO | (Eval ) num_timesteps=423000, Reward=-18.45 +/- 0.27, EpLength: 1600.00 +/- 0.00
20-04-24 22:09[icct.rl_helpers.eval_callback]INFO | (Eval ) num_timesteps=424500, Reward=-16.62 +/- 1.81, EpLength: 1600.00 +/- 0.00
20-04-24 22:10[icct.rl_helpers.eval_callback]INFO | (Eval ) num_timesteps=426000, Reward=-44.01 +/- 17.15, EpLength: 1600.00 +/- 0.00
20-04-24 22:12[icct.rl_helpers.eval_callback]INFO | (Eval ) num_timesteps=427500, Reward=-21.52 +/- 0.19, EpLength: 1600.00 +/- 0.00
20-04-24 22:14[icct.rl_helpers.eval_callback]INFO | (Eval ) num_timesteps=429000, Reward=-18.07 +/- 0.15, EpLength: 1600.00 +/- 0.00
20-04-24 22:15[icct.rl_helpers.eval_callback]INFO | (Eval ) num_timesteps=430500, Reward=-13.03 +/- 0.06, EpLength: 1600.00 +/- 0.00
20-04-24 22:17[icct.rl_helpers.eval_callback]INFO | (Eval ) num_timesteps=432000, Reward=-17.54 +/- 0.39, EpLength: 1600.00 +/- 0.00
20-04-24 22:18[icct.rl_helpers.eval_callback]INFO | (Eval ) num_timesteps=433500, Reward=-21.31 +/- 0.02, EpLength: 1600.00 +/- 0.00
20-04-24 22:19[icct.rl_helpers.eval_callback]INFO | (Eval ) num_timesteps=435000, Reward=-13.37 +/- 0.16, EpLength: 1600.00 +/- 0.00
20-04-24 22:20[icct.rl_helpers.eval_callback]INFO | (Train) Episode: 320, Avg Reward: -28.31327995058967, Best: -28.306124851353992
20-04-24 22:21[icct.rl_helpers.eval_callback]INFO | (Eval ) num_timesteps=436500, Reward=-12.27 +/- 0.01, EpLength: 1600.00 +/- 0.00
20-04-24 22:22[icct.rl_helpers.eval_callback]INFO | (Eval ) num_timesteps=438000, Reward=-18.40 +/- 0.83, EpLength: 1600.00 +/- 0.00
20-04-24 22:23[icct.rl_helpers.eval_callback]INFO | (Eval ) num_timesteps=439500, Reward=-20.60 +/- 0.04, EpLength: 1600.00 +/- 0.00
20-04-24 22:25[icct.rl_helpers.eval_callback]INFO | (Eval ) num_timesteps=441000, Reward=-22.32 +/- 0.33, EpLength: 1600.00 +/- 0.00
20-04-24 22:26[icct.rl_helpers.eval_callback]INFO | (Eval ) num_timesteps=442500, Reward=-30.26 +/- 0.16, EpLength: 1600.00 +/- 0.00
20-04-24 22:27[icct.rl_helpers.eval_callback]INFO | (Eval ) num_timesteps=444000, Reward=-20.90 +/- 0.21, EpLength: 1600.00 +/- 0.00
20-04-24 22:28[icct.rl_helpers.eval_callback]INFO | (Eval ) num_timesteps=445500, Reward=-20.89 +/- 0.05, EpLength: 1600.00 +/- 0.00
20-04-24 22:29[icct.rl_helpers.eval_callback]INFO | (Eval ) num_timesteps=447000, Reward=-16.85 +/- 0.40, EpLength: 1600.00 +/- 0.00
20-04-24 22:31[icct.rl_helpers.eval_callback]INFO | (Eval ) num_timesteps=448500, Reward=-11.17 +/- 0.23, EpLength: 1600.00 +/- 0.00
20-04-24 22:32[icct.rl_helpers.eval_callback]INFO | (Eval ) num_timesteps=450000, Reward=-9.12 +/- 0.17, EpLength: 1600.00 +/- 0.00
20-04-24 22:33[icct.rl_helpers.eval_callback]INFO | (Train) Episode: 330, Avg Reward: -28.21469144262617, Best: -28.21469144262617
20-04-24 22:33[icct.rl_helpers.eval_callback]INFO | (Eval ) num_timesteps=451500, Reward=-11.59 +/- 0.15, EpLength: 1600.00 +/- 0.00
20-04-24 22:35[icct.rl_helpers.eval_callback]INFO | (Eval ) num_timesteps=453000, Reward=-18.17 +/- 0.27, EpLength: 1600.00 +/- 0.00
20-04-24 22:36[icct.rl_helpers.eval_callback]INFO | (Eval ) num_timesteps=454500, Reward=-15.20 +/- 0.10, EpLength: 1600.00 +/- 0.00
20-04-24 22:38[icct.rl_helpers.eval_callback]INFO | (Eval ) num_timesteps=456000, Reward=-10.85 +/- 1.01, EpLength: 1600.00 +/- 0.00
20-04-24 22:39[icct.rl_helpers.eval_callback]INFO | (Eval ) num_timesteps=457500, Reward=-9.27 +/- 0.09, EpLength: 1600.00 +/- 0.00
20-04-24 22:41[icct.rl_helpers.eval_callback]INFO | (Eval ) num_timesteps=459000, Reward=-13.02 +/- 0.04, EpLength: 1600.00 +/- 0.00
20-04-24 22:43[icct.rl_helpers.eval_callback]INFO | (Eval ) num_timesteps=460500, Reward=-13.93 +/- 0.43, EpLength: 1600.00 +/- 0.00
20-04-24 22:44[icct.rl_helpers.eval_callback]INFO | (Eval ) num_timesteps=462000, Reward=-11.57 +/- 0.02, EpLength: 1600.00 +/- 0.00
20-04-24 22:46[icct.rl_helpers.eval_callback]INFO | (Eval ) num_timesteps=463500, Reward=-5.63 +/- 0.35, EpLength: 1600.00 +/- 0.00
20-04-24 22:46[icct.rl_helpers.eval_callback]INFO | (Save ) Storing Best Model: New best mean reward!
20-04-24 22:48[icct.rl_helpers.eval_callback]INFO | (Eval ) num_timesteps=465000, Reward=-14.57 +/- 0.08, EpLength: 1600.00 +/- 0.00
20-04-24 22:49[icct.rl_helpers.eval_callback]INFO | (Eval ) num_timesteps=466500, Reward=-30.99 +/- 0.80, EpLength: 1600.00 +/- 0.00
20-04-24 22:50[icct.rl_helpers.eval_callback]INFO | (Train) Episode: 340, Avg Reward: -27.00962430221474, Best: -27.00962430221474
20-04-24 22:51[icct.rl_helpers.eval_callback]INFO | (Eval ) num_timesteps=468000, Reward=-30.79 +/- 0.16, EpLength: 1600.00 +/- 0.00
20-04-24 22:52[icct.rl_helpers.eval_callback]INFO | (Eval ) num_timesteps=469500, Reward=-39.89 +/- 14.29, EpLength: 1600.00 +/- 0.00
20-04-24 22:53[icct.rl_helpers.eval_callback]INFO | (Eval ) num_timesteps=471000, Reward=-13.34 +/- 0.12, EpLength: 1600.00 +/- 0.00
20-04-24 22:55[icct.rl_helpers.eval_callback]INFO | (Eval ) num_timesteps=472500, Reward=-16.40 +/- 0.12, EpLength: 1600.00 +/- 0.00
20-04-24 22:56[icct.rl_helpers.eval_callback]INFO | (Eval ) num_timesteps=474000, Reward=-6.57 +/- 0.22, EpLength: 1600.00 +/- 0.00
20-04-24 22:58[icct.rl_helpers.eval_callback]INFO | (Eval ) num_timesteps=475500, Reward=-14.09 +/- 6.62, EpLength: 1600.00 +/- 0.00
20-04-24 22:59[icct.rl_helpers.eval_callback]INFO | (Eval ) num_timesteps=477000, Reward=-27.50 +/- 5.67, EpLength: 1600.00 +/- 0.00
20-04-24 23:01[icct.rl_helpers.eval_callback]INFO | (Eval ) num_timesteps=478500, Reward=-16.78 +/- 4.06, EpLength: 1600.00 +/- 0.00
20-04-24 23:02[icct.rl_helpers.eval_callback]INFO | (Eval ) num_timesteps=480000, Reward=-12.45 +/- 3.58, EpLength: 1600.00 +/- 0.00
20-04-24 23:04[icct.rl_helpers.eval_callback]INFO | (Eval ) num_timesteps=481500, Reward=-45.39 +/- 0.34, EpLength: 1600.00 +/- 0.00
20-04-24 23:05[icct.rl_helpers.eval_callback]INFO | (Eval ) num_timesteps=483000, Reward=-16.58 +/- 0.15, EpLength: 1600.00 +/- 0.00
20-04-24 23:05[icct.rl_helpers.eval_callback]INFO | (Train) Episode: 350, Avg Reward: -25.3980930280858, Best: -25.3980930280858
20-04-24 23:07[icct.rl_helpers.eval_callback]INFO | (Eval ) num_timesteps=484500, Reward=-28.38 +/- 22.85, EpLength: 1600.00 +/- 0.00
20-04-24 23:08[icct.rl_helpers.eval_callback]INFO | (Eval ) num_timesteps=486000, Reward=-12.45 +/- 0.02, EpLength: 1600.00 +/- 0.00
20-04-24 23:10[icct.rl_helpers.eval_callback]INFO | (Eval ) num_timesteps=487500, Reward=-9.08 +/- 1.36, EpLength: 1600.00 +/- 0.00
20-04-24 23:11[icct.rl_helpers.eval_callback]INFO | (Eval ) num_timesteps=489000, Reward=-7.35 +/- 0.28, EpLength: 1600.00 +/- 0.00
20-04-24 23:13[icct.rl_helpers.eval_callback]INFO | (Eval ) num_timesteps=490500, Reward=-18.97 +/- 0.53, EpLength: 1600.00 +/- 0.00
20-04-24 23:15[icct.rl_helpers.eval_callback]INFO | (Eval ) num_timesteps=492000, Reward=-14.34 +/- 5.59, EpLength: 1600.00 +/- 0.00
20-04-24 23:16[icct.rl_helpers.eval_callback]INFO | (Eval ) num_timesteps=493500, Reward=-19.20 +/- 1.11, EpLength: 1600.00 +/- 0.00
20-04-24 23:18[icct.rl_helpers.eval_callback]INFO | (Eval ) num_timesteps=495000, Reward=-14.12 +/- 0.26, EpLength: 1600.00 +/- 0.00
20-04-24 23:20[icct.rl_helpers.eval_callback]INFO | (Eval ) num_timesteps=496500, Reward=-14.95 +/- 0.11, EpLength: 1600.00 +/- 0.00
20-04-24 23:21[icct.rl_helpers.eval_callback]INFO | (Eval ) num_timesteps=498000, Reward=-30.47 +/- 8.57, EpLength: 1600.00 +/- 0.00
20-04-24 23:23[icct.rl_helpers.eval_callback]INFO | (Train) Episode: 360, Avg Reward: -24.88248897059694, Best: -24.8728359185391
20-04-24 23:23[icct.rl_helpers.eval_callback]INFO | (Eval ) num_timesteps=499500, Reward=-18.15 +/- 0.25, EpLength: 1600.00 +/- 0.00
20-04-24 23:25[icct.rl_helpers.eval_callback]INFO | (Eval ) num_timesteps=501000, Reward=-11.06 +/- 0.52, EpLength: 1600.00 +/- 0.00
20-04-24 23:26[icct.rl_helpers.eval_callback]INFO | (Eval ) num_timesteps=502500, Reward=-12.31 +/- 1.45, EpLength: 1600.00 +/- 0.00
20-04-24 23:28[icct.rl_helpers.eval_callback]INFO | (Eval ) num_timesteps=504000, Reward=-11.68 +/- 2.50, EpLength: 1600.00 +/- 0.00
20-04-24 23:29[icct.rl_helpers.eval_callback]INFO | (Eval ) num_timesteps=505500, Reward=-14.97 +/- 0.36, EpLength: 1600.00 +/- 0.00
20-04-24 23:31[icct.rl_helpers.eval_callback]INFO | (Eval ) num_timesteps=507000, Reward=-11.72 +/- 0.32, EpLength: 1600.00 +/- 0.00
20-04-24 23:33[icct.rl_helpers.eval_callback]INFO | (Eval ) num_timesteps=508500, Reward=-11.76 +/- 1.26, EpLength: 1600.00 +/- 0.00
20-04-24 23:34[icct.rl_helpers.eval_callback]INFO | (Eval ) num_timesteps=510000, Reward=-12.61 +/- 0.90, EpLength: 1600.00 +/- 0.00
20-04-24 23:36[icct.rl_helpers.eval_callback]INFO | (Eval ) num_timesteps=511500, Reward=-12.74 +/- 0.10, EpLength: 1600.00 +/- 0.00
20-04-24 23:37[icct.rl_helpers.eval_callback]INFO | (Eval ) num_timesteps=513000, Reward=-18.59 +/- 0.15, EpLength: 1600.00 +/- 0.00
20-04-24 23:38[icct.rl_helpers.eval_callback]INFO | (Train) Episode: 370, Avg Reward: -25.118693159201317, Best: -24.8728359185391
20-04-24 23:39[icct.rl_helpers.eval_callback]INFO | (Eval ) num_timesteps=514500, Reward=-19.23 +/- 0.34, EpLength: 1600.00 +/- 0.00
20-04-24 23:40[icct.rl_helpers.eval_callback]INFO | (Eval ) num_timesteps=516000, Reward=-18.11 +/- 2.65, EpLength: 1600.00 +/- 0.00
20-04-24 23:42[icct.rl_helpers.eval_callback]INFO | (Eval ) num_timesteps=517500, Reward=-86.01 +/- 1.24, EpLength: 1600.00 +/- 0.00
20-04-24 23:43[icct.rl_helpers.eval_callback]INFO | (Eval ) num_timesteps=519000, Reward=-28.50 +/- 0.17, EpLength: 1600.00 +/- 0.00
20-04-24 23:45[icct.rl_helpers.eval_callback]INFO | (Eval ) num_timesteps=520500, Reward=-28.53 +/- 0.06, EpLength: 1600.00 +/- 0.00
20-04-24 23:46[icct.rl_helpers.eval_callback]INFO | (Eval ) num_timesteps=522000, Reward=-15.23 +/- 0.09, EpLength: 1600.00 +/- 0.00
20-04-24 23:48[icct.rl_helpers.eval_callback]INFO | (Eval ) num_timesteps=523500, Reward=-86.24 +/- 25.36, EpLength: 712.00 +/- 725.05
20-04-24 23:49[icct.rl_helpers.eval_callback]INFO | (Eval ) num_timesteps=525000, Reward=-26.92 +/- 0.13, EpLength: 1600.00 +/- 0.00
20-04-24 23:50[icct.rl_helpers.eval_callback]INFO | (Eval ) num_timesteps=526500, Reward=-24.94 +/- 9.30, EpLength: 1600.00 +/- 0.00
20-04-24 23:51[icct.rl_helpers.eval_callback]INFO | (Eval ) num_timesteps=528000, Reward=-20.43 +/- 0.05, EpLength: 1600.00 +/- 0.00
20-04-24 23:53[icct.rl_helpers.eval_callback]INFO | (Eval ) num_timesteps=529500, Reward=-16.80 +/- 0.08, EpLength: 1600.00 +/- 0.00
20-04-24 23:53[icct.rl_helpers.eval_callback]INFO | (Train) Episode: 380, Avg Reward: -25.20817748967263, Best: -24.8728359185391
20-04-24 23:54[icct.rl_helpers.eval_callback]INFO | (Eval ) num_timesteps=531000, Reward=-16.26 +/- 0.01, EpLength: 1600.00 +/- 0.00
20-04-24 23:55[icct.rl_helpers.eval_callback]INFO | (Eval ) num_timesteps=532500, Reward=-39.23 +/- 0.34, EpLength: 1600.00 +/- 0.00
20-04-24 23:56[icct.rl_helpers.eval_callback]INFO | (Eval ) num_timesteps=534000, Reward=-67.46 +/- 8.94, EpLength: 1600.00 +/- 0.00
20-04-24 23:57[icct.rl_helpers.eval_callback]INFO | (Eval ) num_timesteps=535500, Reward=-81.59 +/- 47.79, EpLength: 803.80 +/- 652.93
20-04-24 23:58[icct.rl_helpers.eval_callback]INFO | (Eval ) num_timesteps=537000, Reward=-53.90 +/- 5.73, EpLength: 1600.00 +/- 0.00
21-04-24 00:00[icct.rl_helpers.eval_callback]INFO | (Eval ) num_timesteps=538500, Reward=-8.43 +/- 0.03, EpLength: 1600.00 +/- 0.00
21-04-24 00:01[icct.rl_helpers.eval_callback]INFO | (Eval ) num_timesteps=540000, Reward=-11.39 +/- 0.02, EpLength: 1600.00 +/- 0.00
21-04-24 00:02[icct.rl_helpers.eval_callback]INFO | (Eval ) num_timesteps=541500, Reward=-15.41 +/- 0.33, EpLength: 1600.00 +/- 0.00
21-04-24 00:03[icct.rl_helpers.eval_callback]INFO | (Eval ) num_timesteps=543000, Reward=-9.06 +/- 5.32, EpLength: 1600.00 +/- 0.00
21-04-24 00:05[icct.rl_helpers.eval_callback]INFO | (Eval ) num_timesteps=544500, Reward=-27.49 +/- 0.09, EpLength: 1600.00 +/- 0.00
21-04-24 00:06[icct.rl_helpers.eval_callback]INFO | (Eval ) num_timesteps=546000, Reward=-8.49 +/- 0.09, EpLength: 1600.00 +/- 0.00
21-04-24 00:06[icct.rl_helpers.eval_callback]INFO | (Train) Episode: 390, Avg Reward: -25.466317951276764, Best: -24.8728359185391
21-04-24 00:07[icct.rl_helpers.eval_callback]INFO | (Eval ) num_timesteps=547500, Reward=-28.34 +/- 0.13, EpLength: 1600.00 +/- 0.00
21-04-24 00:09[icct.rl_helpers.eval_callback]INFO | (Eval ) num_timesteps=549000, Reward=-16.55 +/- 3.63, EpLength: 1600.00 +/- 0.00
21-04-24 00:10[icct.rl_helpers.eval_callback]INFO | (Eval ) num_timesteps=550500, Reward=-16.39 +/- 3.08, EpLength: 1600.00 +/- 0.00
21-04-24 00:11[icct.rl_helpers.eval_callback]INFO | (Eval ) num_timesteps=552000, Reward=-16.59 +/- 0.04, EpLength: 1600.00 +/- 0.00
21-04-24 00:13[icct.rl_helpers.eval_callback]INFO | (Eval ) num_timesteps=553500, Reward=-25.58 +/- 0.93, EpLength: 1600.00 +/- 0.00
21-04-24 00:14[icct.rl_helpers.eval_callback]INFO | (Eval ) num_timesteps=555000, Reward=-16.77 +/- 2.04, EpLength: 1600.00 +/- 0.00
21-04-24 00:16[icct.rl_helpers.eval_callback]INFO | (Eval ) num_timesteps=556500, Reward=-36.11 +/- 0.22, EpLength: 1600.00 +/- 0.00
21-04-24 00:17[icct.rl_helpers.eval_callback]INFO | (Eval ) num_timesteps=558000, Reward=-87.17 +/- 26.99, EpLength: 779.60 +/- 672.93
21-04-24 00:19[icct.rl_helpers.eval_callback]INFO | (Eval ) num_timesteps=559500, Reward=-37.42 +/- 5.03, EpLength: 1600.00 +/- 0.00
21-04-24 00:21[icct.rl_helpers.eval_callback]INFO | (Eval ) num_timesteps=561000, Reward=-8.07 +/- 0.38, EpLength: 1600.00 +/- 0.00
21-04-24 00:22[icct.rl_helpers.eval_callback]INFO | (Train) Episode: 400, Avg Reward: -25.639097954417984, Best: -24.8728359185391
21-04-24 00:22[icct.rl_helpers.eval_callback]INFO | (Eval ) num_timesteps=562500, Reward=-17.67 +/- 0.07, EpLength: 1600.00 +/- 0.00
21-04-24 00:24[icct.rl_helpers.eval_callback]INFO | (Eval ) num_timesteps=564000, Reward=-13.23 +/- 0.47, EpLength: 1600.00 +/- 0.00
21-04-24 00:25[icct.rl_helpers.eval_callback]INFO | (Eval ) num_timesteps=565500, Reward=-39.35 +/- 14.96, EpLength: 1600.00 +/- 0.00
21-04-24 00:27[icct.rl_helpers.eval_callback]INFO | (Eval ) num_timesteps=567000, Reward=-18.87 +/- 8.42, EpLength: 1600.00 +/- 0.00
21-04-24 00:29[icct.rl_helpers.eval_callback]INFO | (Eval ) num_timesteps=568500, Reward=-35.93 +/- 0.11, EpLength: 1600.00 +/- 0.00
21-04-24 00:30[icct.rl_helpers.eval_callback]INFO | (Eval ) num_timesteps=570000, Reward=-17.92 +/- 0.12, EpLength: 1600.00 +/- 0.00
21-04-24 00:32[icct.rl_helpers.eval_callback]INFO | (Eval ) num_timesteps=571500, Reward=-53.01 +/- 30.17, EpLength: 1600.00 +/- 0.00
21-04-24 00:33[icct.rl_helpers.eval_callback]INFO | (Eval ) num_timesteps=573000, Reward=-103.83 +/- 4.09, EpLength: 1600.00 +/- 0.00
21-04-24 00:34[icct.rl_helpers.eval_callback]INFO | (Eval ) num_timesteps=574500, Reward=-110.15 +/- 0.80, EpLength: 77.20 +/- 2.32
21-04-24 00:35[icct.rl_helpers.eval_callback]INFO | (Eval ) num_timesteps=576000, Reward=-7.20 +/- 0.15, EpLength: 1600.00 +/- 0.00
21-04-24 00:37[icct.rl_helpers.eval_callback]INFO | (Eval ) num_timesteps=577500, Reward=-13.73 +/- 0.76, EpLength: 1600.00 +/- 0.00
21-04-24 00:37[icct.rl_helpers.eval_callback]INFO | (Train) Episode: 410, Avg Reward: -27.459768235525218, Best: -24.8728359185391
21-04-24 00:38[icct.rl_helpers.eval_callback]INFO | (Eval ) num_timesteps=579000, Reward=-53.58 +/- 5.90, EpLength: 1600.00 +/- 0.00
21-04-24 00:40[icct.rl_helpers.eval_callback]INFO | (Eval ) num_timesteps=580500, Reward=-18.52 +/- 0.32, EpLength: 1600.00 +/- 0.00
21-04-24 00:41[icct.rl_helpers.eval_callback]INFO | (Eval ) num_timesteps=582000, Reward=-16.33 +/- 0.67, EpLength: 1600.00 +/- 0.00
21-04-24 00:43[icct.rl_helpers.eval_callback]INFO | (Eval ) num_timesteps=583500, Reward=-11.68 +/- 0.19, EpLength: 1600.00 +/- 0.00
21-04-24 00:44[icct.rl_helpers.eval_callback]INFO | (Eval ) num_timesteps=585000, Reward=-10.09 +/- 0.01, EpLength: 1600.00 +/- 0.00
21-04-24 00:46[icct.rl_helpers.eval_callback]INFO | (Eval ) num_timesteps=586500, Reward=-12.99 +/- 0.07, EpLength: 1600.00 +/- 0.00
21-04-24 00:47[icct.rl_helpers.eval_callback]INFO | (Eval ) num_timesteps=588000, Reward=-30.20 +/- 2.27, EpLength: 1600.00 +/- 0.00
21-04-24 00:49[icct.rl_helpers.eval_callback]INFO | (Eval ) num_timesteps=589500, Reward=-28.19 +/- 6.94, EpLength: 1600.00 +/- 0.00
21-04-24 00:50[icct.rl_helpers.eval_callback]INFO | (Eval ) num_timesteps=591000, Reward=-15.99 +/- 0.21, EpLength: 1600.00 +/- 0.00
21-04-24 00:52[icct.rl_helpers.eval_callback]INFO | (Eval ) num_timesteps=592500, Reward=-29.32 +/- 11.88, EpLength: 1600.00 +/- 0.00
21-04-24 00:54[icct.rl_helpers.eval_callback]INFO | (Eval ) num_timesteps=594000, Reward=-89.54 +/- 2.84, EpLength: 1600.00 +/- 0.00
21-04-24 00:54[icct.rl_helpers.eval_callback]INFO | (Train) Episode: 420, Avg Reward: -28.394303044317994, Best: -24.8728359185391
21-04-24 00:55[icct.rl_helpers.eval_callback]INFO | (Eval ) num_timesteps=595500, Reward=-66.91 +/- 0.01, EpLength: 1600.00 +/- 0.00
21-04-24 00:57[icct.rl_helpers.eval_callback]INFO | (Eval ) num_timesteps=597000, Reward=-44.11 +/- 0.52, EpLength: 1600.00 +/- 0.00
21-04-24 00:58[icct.rl_helpers.eval_callback]INFO | (Eval ) num_timesteps=598500, Reward=-32.92 +/- 12.34, EpLength: 1600.00 +/- 0.00
21-04-24 00:59[icct.rl_helpers.eval_callback]INFO | (Eval ) num_timesteps=600000, Reward=-10.23 +/- 0.01, EpLength: 1600.00 +/- 0.00
21-04-24 01:01[icct.rl_helpers.eval_callback]INFO | (Eval ) num_timesteps=601500, Reward=-15.37 +/- 4.22, EpLength: 1600.00 +/- 0.00
21-04-24 01:02[icct.rl_helpers.eval_callback]INFO | (Eval ) num_timesteps=603000, Reward=-73.44 +/- 0.32, EpLength: 1600.00 +/- 0.00
21-04-24 01:04[icct.rl_helpers.eval_callback]INFO | (Eval ) num_timesteps=604500, Reward=-8.08 +/- 0.03, EpLength: 1600.00 +/- 0.00
21-04-24 01:05[icct.rl_helpers.eval_callback]INFO | (Eval ) num_timesteps=606000, Reward=-11.51 +/- 2.25, EpLength: 1600.00 +/- 0.00
21-04-24 01:07[icct.rl_helpers.eval_callback]INFO | (Eval ) num_timesteps=607500, Reward=-10.94 +/- 0.53, EpLength: 1600.00 +/- 0.00
21-04-24 01:08[icct.rl_helpers.eval_callback]INFO | (Eval ) num_timesteps=609000, Reward=-18.88 +/- 0.02, EpLength: 1600.00 +/- 0.00
21-04-24 01:09[icct.rl_helpers.eval_callback]INFO | (Train) Episode: 430, Avg Reward: -28.974724069826507, Best: -24.8728359185391
21-04-24 01:10[icct.rl_helpers.eval_callback]INFO | (Eval ) num_timesteps=610500, Reward=-10.19 +/- 0.31, EpLength: 1600.00 +/- 0.00
21-04-24 01:11[icct.rl_helpers.eval_callback]INFO | (Eval ) num_timesteps=612000, Reward=-23.02 +/- 6.92, EpLength: 1600.00 +/- 0.00
21-04-24 01:13[icct.rl_helpers.eval_callback]INFO | (Eval ) num_timesteps=613500, Reward=-13.04 +/- 0.52, EpLength: 1600.00 +/- 0.00
21-04-24 01:14[icct.rl_helpers.eval_callback]INFO | (Eval ) num_timesteps=615000, Reward=-6.33 +/- 3.32, EpLength: 1600.00 +/- 0.00
21-04-24 01:15[icct.rl_helpers.eval_callback]INFO | (Eval ) num_timesteps=616500, Reward=-44.12 +/- 22.15, EpLength: 1600.00 +/- 0.00
21-04-24 01:16[icct.rl_helpers.eval_callback]INFO | (Eval ) num_timesteps=618000, Reward=-15.64 +/- 0.01, EpLength: 1600.00 +/- 0.00
21-04-24 01:18[icct.rl_helpers.eval_callback]INFO | (Eval ) num_timesteps=619500, Reward=-47.29 +/- 15.77, EpLength: 1600.00 +/- 0.00
21-04-24 01:19[icct.rl_helpers.eval_callback]INFO | (Eval ) num_timesteps=621000, Reward=-10.08 +/- 0.13, EpLength: 1600.00 +/- 0.00
21-04-24 01:21[icct.rl_helpers.eval_callback]INFO | (Eval ) num_timesteps=622500, Reward=-48.41 +/- 26.28, EpLength: 1303.80 +/- 592.40
21-04-24 01:22[icct.rl_helpers.eval_callback]INFO | (Eval ) num_timesteps=624000, Reward=-30.26 +/- 0.49, EpLength: 1600.00 +/- 0.00
21-04-24 01:23[icct.rl_helpers.eval_callback]INFO | (Eval ) num_timesteps=625500, Reward=-69.46 +/- 1.76, EpLength: 1600.00 +/- 0.00
21-04-24 01:24[icct.rl_helpers.eval_callback]INFO | (Train) Episode: 440, Avg Reward: -29.612068129620102, Best: -24.8728359185391
21-04-24 01:25[icct.rl_helpers.eval_callback]INFO | (Eval ) num_timesteps=627000, Reward=-14.70 +/- 0.08, EpLength: 1600.00 +/- 0.00
21-04-24 01:26[icct.rl_helpers.eval_callback]INFO | (Eval ) num_timesteps=628500, Reward=-19.79 +/- 0.15, EpLength: 1600.00 +/- 0.00
21-04-24 01:28[icct.rl_helpers.eval_callback]INFO | (Eval ) num_timesteps=630000, Reward=-10.46 +/- 0.08, EpLength: 1600.00 +/- 0.00
21-04-24 01:30[icct.rl_helpers.eval_callback]INFO | (Eval ) num_timesteps=631500, Reward=-13.59 +/- 1.59, EpLength: 1600.00 +/- 0.00
21-04-24 01:31[icct.rl_helpers.eval_callback]INFO | (Eval ) num_timesteps=633000, Reward=-56.66 +/- 0.07, EpLength: 1600.00 +/- 0.00
21-04-24 01:33[icct.rl_helpers.eval_callback]INFO | (Eval ) num_timesteps=634500, Reward=-34.50 +/- 4.56, EpLength: 1600.00 +/- 0.00
21-04-24 01:35[icct.rl_helpers.eval_callback]INFO | (Eval ) num_timesteps=636000, Reward=-54.03 +/- 25.08, EpLength: 1600.00 +/- 0.00
21-04-24 01:36[icct.rl_helpers.eval_callback]INFO | (Eval ) num_timesteps=637500, Reward=-42.09 +/- 6.93, EpLength: 1600.00 +/- 0.00
21-04-24 01:38[icct.rl_helpers.eval_callback]INFO | (Eval ) num_timesteps=639000, Reward=-32.47 +/- 15.99, EpLength: 1600.00 +/- 0.00
21-04-24 01:39[icct.rl_helpers.eval_callback]INFO | (Eval ) num_timesteps=640500, Reward=-16.78 +/- 0.29, EpLength: 1600.00 +/- 0.00
21-04-24 01:41[icct.rl_helpers.eval_callback]INFO | (Eval ) num_timesteps=642000, Reward=-12.07 +/- 0.28, EpLength: 1600.00 +/- 0.00
21-04-24 01:41[icct.rl_helpers.eval_callback]INFO | (Train) Episode: 450, Avg Reward: -29.740266589079955, Best: -24.8728359185391
21-04-24 01:43[icct.rl_helpers.eval_callback]INFO | (Eval ) num_timesteps=643500, Reward=-11.06 +/- 4.78, EpLength: 1600.00 +/- 0.00
21-04-24 01:44[icct.rl_helpers.eval_callback]INFO | (Eval ) num_timesteps=645000, Reward=-9.65 +/- 1.12, EpLength: 1600.00 +/- 0.00
21-04-24 01:46[icct.rl_helpers.eval_callback]INFO | (Eval ) num_timesteps=646500, Reward=-15.43 +/- 0.66, EpLength: 1600.00 +/- 0.00
21-04-24 01:47[icct.rl_helpers.eval_callback]INFO | (Eval ) num_timesteps=648000, Reward=-18.65 +/- 0.40, EpLength: 1600.00 +/- 0.00
21-04-24 01:49[icct.rl_helpers.eval_callback]INFO | (Eval ) num_timesteps=649500, Reward=-20.81 +/- 0.06, EpLength: 1600.00 +/- 0.00
21-04-24 01:50[icct.rl_helpers.eval_callback]INFO | (Eval ) num_timesteps=651000, Reward=-13.38 +/- 0.61, EpLength: 1600.00 +/- 0.00
21-04-24 01:52[icct.rl_helpers.eval_callback]INFO | (Eval ) num_timesteps=652500, Reward=-16.57 +/- 0.05, EpLength: 1600.00 +/- 0.00
21-04-24 01:53[icct.rl_helpers.eval_callback]INFO | (Eval ) num_timesteps=654000, Reward=-13.63 +/- 4.29, EpLength: 1600.00 +/- 0.00
21-04-24 01:54[icct.rl_helpers.eval_callback]INFO | (Eval ) num_timesteps=655500, Reward=-15.63 +/- 0.30, EpLength: 1600.00 +/- 0.00
21-04-24 01:56[icct.rl_helpers.eval_callback]INFO | (Eval ) num_timesteps=657000, Reward=-13.15 +/- 0.63, EpLength: 1600.00 +/- 0.00
21-04-24 01:57[icct.rl_helpers.eval_callback]INFO | (Train) Episode: 460, Avg Reward: -29.280035251790906, Best: -24.8728359185391
21-04-24 01:57[icct.rl_helpers.eval_callback]INFO | (Eval ) num_timesteps=658500, Reward=-12.54 +/- 0.06, EpLength: 1600.00 +/- 0.00
21-04-24 01:58[icct.rl_helpers.eval_callback]INFO | (Eval ) num_timesteps=660000, Reward=-20.44 +/- 15.11, EpLength: 1600.00 +/- 0.00
21-04-24 01:59[icct.rl_helpers.eval_callback]INFO | (Eval ) num_timesteps=661500, Reward=-11.13 +/- 1.20, EpLength: 1600.00 +/- 0.00
21-04-24 02:01[icct.rl_helpers.eval_callback]INFO | (Eval ) num_timesteps=663000, Reward=-37.53 +/- 3.90, EpLength: 1600.00 +/- 0.00
21-04-24 02:02[icct.rl_helpers.eval_callback]INFO | (Eval ) num_timesteps=664500, Reward=-17.31 +/- 1.49, EpLength: 1600.00 +/- 0.00
21-04-24 02:03[icct.rl_helpers.eval_callback]INFO | (Eval ) num_timesteps=666000, Reward=-24.60 +/- 0.83, EpLength: 1600.00 +/- 0.00
21-04-24 02:05[icct.rl_helpers.eval_callback]INFO | (Eval ) num_timesteps=667500, Reward=-8.18 +/- 0.39, EpLength: 1600.00 +/- 0.00
21-04-24 02:06[icct.rl_helpers.eval_callback]INFO | (Eval ) num_timesteps=669000, Reward=-14.66 +/- 5.88, EpLength: 1600.00 +/- 0.00
21-04-24 02:07[icct.rl_helpers.eval_callback]INFO | (Eval ) num_timesteps=670500, Reward=-7.78 +/- 0.04, EpLength: 1600.00 +/- 0.00
21-04-24 02:09[icct.rl_helpers.eval_callback]INFO | (Eval ) num_timesteps=672000, Reward=-17.12 +/- 9.60, EpLength: 1600.00 +/- 0.00
21-04-24 02:10[icct.rl_helpers.eval_callback]INFO | (Eval ) num_timesteps=673500, Reward=-88.65 +/- 0.63, EpLength: 1600.00 +/- 0.00
21-04-24 02:11[icct.rl_helpers.eval_callback]INFO | (Train) Episode: 470, Avg Reward: -28.60324972759042, Best: -24.8728359185391
21-04-24 02:11[icct.rl_helpers.eval_callback]INFO | (Eval ) num_timesteps=675000, Reward=-15.85 +/- 0.23, EpLength: 1600.00 +/- 0.00
21-04-24 02:13[icct.rl_helpers.eval_callback]INFO | (Eval ) num_timesteps=676500, Reward=-9.39 +/- 0.03, EpLength: 1600.00 +/- 0.00
21-04-24 02:14[icct.rl_helpers.eval_callback]INFO | (Eval ) num_timesteps=678000, Reward=-52.46 +/- 16.60, EpLength: 1600.00 +/- 0.00
21-04-24 02:16[icct.rl_helpers.eval_callback]INFO | (Eval ) num_timesteps=679500, Reward=-23.99 +/- 4.90, EpLength: 1600.00 +/- 0.00
21-04-24 02:17[icct.rl_helpers.eval_callback]INFO | (Eval ) num_timesteps=681000, Reward=-13.13 +/- 2.71, EpLength: 1600.00 +/- 0.00
21-04-24 02:19[icct.rl_helpers.eval_callback]INFO | (Eval ) num_timesteps=682500, Reward=-16.86 +/- 0.06, EpLength: 1600.00 +/- 0.00
21-04-24 02:20[icct.rl_helpers.eval_callback]INFO | (Eval ) num_timesteps=684000, Reward=-15.48 +/- 6.92, EpLength: 1600.00 +/- 0.00
21-04-24 02:21[icct.rl_helpers.eval_callback]INFO | (Eval ) num_timesteps=685500, Reward=-39.11 +/- 0.06, EpLength: 1600.00 +/- 0.00
21-04-24 02:23[icct.rl_helpers.eval_callback]INFO | (Eval ) num_timesteps=687000, Reward=-13.43 +/- 8.02, EpLength: 1600.00 +/- 0.00
21-04-24 02:24[icct.rl_helpers.eval_callback]INFO | (Eval ) num_timesteps=688500, Reward=-31.07 +/- 18.76, EpLength: 1600.00 +/- 0.00
21-04-24 02:25[icct.rl_helpers.eval_callback]INFO | (Eval ) num_timesteps=690000, Reward=-27.26 +/- 27.61, EpLength: 1600.00 +/- 0.00
21-04-24 02:26[icct.rl_helpers.eval_callback]INFO | (Train) Episode: 480, Avg Reward: -28.66877115478551, Best: -24.8728359185391
21-04-24 02:27[icct.rl_helpers.eval_callback]INFO | (Eval ) num_timesteps=691500, Reward=-36.98 +/- 14.83, EpLength: 1600.00 +/- 0.00
21-04-24 02:28[icct.rl_helpers.eval_callback]INFO | (Eval ) num_timesteps=693000, Reward=-36.64 +/- 16.90, EpLength: 1600.00 +/- 0.00
21-04-24 02:29[icct.rl_helpers.eval_callback]INFO | (Eval ) num_timesteps=694500, Reward=-21.23 +/- 0.05, EpLength: 1600.00 +/- 0.00
21-04-24 02:31[icct.rl_helpers.eval_callback]INFO | (Eval ) num_timesteps=696000, Reward=-48.52 +/- 16.84, EpLength: 1600.00 +/- 0.00
21-04-24 02:32[icct.rl_helpers.eval_callback]INFO | (Eval ) num_timesteps=697500, Reward=-14.49 +/- 3.40, EpLength: 1600.00 +/- 0.00
21-04-24 02:34[icct.rl_helpers.eval_callback]INFO | (Eval ) num_timesteps=699000, Reward=-17.91 +/- 2.57, EpLength: 1600.00 +/- 0.00
21-04-24 02:35[root]INFO | [END]======> Execution time of seed 23: 11 hours, 13 minutes, 12 seconds
