12-08-23 10:02[root]INFO | Training on cart environment for 1500 episodes
12-08-23 10:02[root]INFO | Agent Type: dgt
12-08-23 10:02[root]INFO | Log Directory: cart_cpu/dgt/aaai_15n_16x16c_rand/
12-08-23 10:02[root]INFO | Random Weight Initialization: True
12-08-23 10:02[root]INFO | Training Started: 2023-08-12 10:02:22
12-08-23 10:02[root]INFO | Using Cart Pole Environment
12-08-23 10:02[root]INFO | Hyperparameters: {"n_steps": 542, "batch_size": 43, "gamma": 0.99, "gae_lambda": 0.934, "clip_range": 0.174, "vf_coef": 0.4, "ent_coef": 0.02, "learning_rate": 0.0042, "max_grad_norm": 0.53, "n_epochs": 7}
12-08-23 10:02[root]INFO | ===================> Training with seed 62 <=================
12-08-23 10:02[root]INFO | Episode: 0, Avg Reward: 17.0, Best Eval: 48.833333333333336
12-08-23 10:02[root]INFO | Episode: 50, Avg Reward: 30.647058823529413, Best Eval: 76.23333333333333
12-08-23 10:02[root]INFO | Episode: 100, Avg Reward: 56.2, Best Eval: 212.43333333333334
12-08-23 10:03[root]INFO | Episode: 150, Avg Reward: 187.93, Best Eval: 500.0
12-08-23 10:04[root]INFO | Episode: 200, Avg Reward: 377.76, Best Eval: 500.0
12-08-23 10:05[root]INFO | Episode: 250, Avg Reward: 464.53, Best Eval: 500.0
12-08-23 10:06[root]INFO | Episode: 300, Avg Reward: 459.77, Best Eval: 500.0
12-08-23 10:07[root]INFO | Episode: 350, Avg Reward: 470.98, Best Eval: 500.0
12-08-23 10:08[root]INFO | Episode: 400, Avg Reward: 461.65, Best Eval: 500.0
12-08-23 10:09[root]INFO | Episode: 450, Avg Reward: 331.48, Best Eval: 500.0
12-08-23 10:09[root]INFO | Episode: 500, Avg Reward: 223.26, Best Eval: 500.0
12-08-23 10:09[root]INFO | Episode: 550, Avg Reward: 197.6, Best Eval: 500.0
12-08-23 10:10[root]INFO | Episode: 600, Avg Reward: 214.91, Best Eval: 500.0
12-08-23 10:11[root]INFO | Episode: 650, Avg Reward: 299.36, Best Eval: 500.0
12-08-23 10:12[root]INFO | Episode: 700, Avg Reward: 384.95, Best Eval: 500.0
12-08-23 10:13[root]INFO | Episode: 750, Avg Reward: 451.01, Best Eval: 500.0
12-08-23 10:14[root]INFO | Episode: 800, Avg Reward: 454.91, Best Eval: 500.0
12-08-23 10:14[root]INFO | Episode: 850, Avg Reward: 342.72, Best Eval: 500.0
12-08-23 10:15[root]INFO | Episode: 900, Avg Reward: 243.65, Best Eval: 500.0
12-08-23 10:15[root]INFO | Episode: 950, Avg Reward: 254.8, Best Eval: 500.0
12-08-23 10:16[root]INFO | Episode: 1000, Avg Reward: 283.18, Best Eval: 500.0
12-08-23 10:17[root]INFO | Episode: 1050, Avg Reward: 351.06, Best Eval: 500.0
12-08-23 10:18[root]INFO | Episode: 1100, Avg Reward: 423.26, Best Eval: 500.0
12-08-23 10:19[root]INFO | Episode: 1150, Avg Reward: 446.9, Best Eval: 500.0
12-08-23 10:19[root]INFO | Episode: 1200, Avg Reward: 378.01, Best Eval: 500.0
12-08-23 10:20[root]INFO | Episode: 1250, Avg Reward: 280.66, Best Eval: 500.0
12-08-23 10:21[root]INFO | Episode: 1300, Avg Reward: 321.24, Best Eval: 500.0
12-08-23 10:22[root]INFO | Episode: 1350, Avg Reward: 353.69, Best Eval: 500.0
12-08-23 10:22[root]INFO | Episode: 1400, Avg Reward: 259.17, Best Eval: 500.0
12-08-23 10:23[root]INFO | Episode: 1450, Avg Reward: 335.05, Best Eval: 500.0
12-08-23 10:25[root]INFO | ==============> Test reward for seeds [500, 600]: 500.00 +/- 0.0 <==========
12-08-23 10:25[root]INFO | Execution time of seed 62: 0 hours, 22 minutes, 47 seconds
