12-08-23 10:02[root]INFO | Training on cart environment for 1500 episodes
12-08-23 10:02[root]INFO | Agent Type: dgt
12-08-23 10:02[root]INFO | Log Directory: cart_cpu/dgt/aaai_15n_16x16c_rand/
12-08-23 10:02[root]INFO | Random Weight Initialization: True
12-08-23 10:02[root]INFO | Training Started: 2023-08-12 10:02:22
12-08-23 10:02[root]INFO | Using Cart Pole Environment
12-08-23 10:02[root]INFO | Hyperparameters: {"n_steps": 542, "batch_size": 43, "gamma": 0.99, "gae_lambda": 0.934, "clip_range": 0.174, "vf_coef": 0.4, "ent_coef": 0.02, "learning_rate": 0.0042, "max_grad_norm": 0.53, "n_epochs": 7}
12-08-23 10:02[root]INFO | ===================> Training with seed 112 <=================
12-08-23 10:02[root]INFO | Episode: 0, Avg Reward: 12.0, Best Eval: 12.266666666666667
12-08-23 10:02[root]INFO | Episode: 50, Avg Reward: 21.41176470588235, Best Eval: 486.26666666666665
12-08-23 10:02[root]INFO | Episode: 100, Avg Reward: 28.91, Best Eval: 488.76666666666665
12-08-23 10:03[root]INFO | Episode: 150, Avg Reward: 96.17, Best Eval: 497.4
12-08-23 10:03[root]INFO | Episode: 200, Avg Reward: 168.17, Best Eval: 500.0
12-08-23 10:04[root]INFO | Episode: 250, Avg Reward: 234.93, Best Eval: 500.0
12-08-23 10:05[root]INFO | Episode: 300, Avg Reward: 225.0, Best Eval: 500.0
12-08-23 10:05[root]INFO | Episode: 350, Avg Reward: 286.95, Best Eval: 500.0
12-08-23 10:06[root]INFO | Episode: 400, Avg Reward: 418.03, Best Eval: 500.0
12-08-23 10:07[root]INFO | Episode: 450, Avg Reward: 442.81, Best Eval: 500.0
12-08-23 10:08[root]INFO | Episode: 500, Avg Reward: 426.14, Best Eval: 500.0
12-08-23 10:09[root]INFO | Episode: 550, Avg Reward: 437.93, Best Eval: 500.0
12-08-23 10:10[root]INFO | Episode: 600, Avg Reward: 462.79, Best Eval: 500.0
12-08-23 10:11[root]INFO | Episode: 650, Avg Reward: 418.64, Best Eval: 500.0
12-08-23 10:12[root]INFO | Episode: 700, Avg Reward: 369.73, Best Eval: 500.0
12-08-23 10:13[root]INFO | Episode: 750, Avg Reward: 400.72, Best Eval: 500.0
12-08-23 10:14[root]INFO | Episode: 800, Avg Reward: 459.25, Best Eval: 500.0
12-08-23 10:15[root]INFO | Episode: 850, Avg Reward: 457.5, Best Eval: 500.0
12-08-23 10:16[root]INFO | Episode: 900, Avg Reward: 473.67, Best Eval: 500.0
12-08-23 10:17[root]INFO | Episode: 950, Avg Reward: 495.24, Best Eval: 500.0
12-08-23 10:18[root]INFO | Episode: 1000, Avg Reward: 478.71, Best Eval: 500.0
12-08-23 10:19[root]INFO | Episode: 1050, Avg Reward: 411.8, Best Eval: 500.0
12-08-23 10:20[root]INFO | Episode: 1100, Avg Reward: 385.53, Best Eval: 500.0
12-08-23 10:20[root]INFO | Episode: 1150, Avg Reward: 290.74, Best Eval: 500.0
12-08-23 10:21[root]INFO | Episode: 1200, Avg Reward: 257.64, Best Eval: 500.0
12-08-23 10:22[root]INFO | Episode: 1250, Avg Reward: 402.64, Best Eval: 500.0
12-08-23 10:23[root]INFO | Episode: 1300, Avg Reward: 472.21, Best Eval: 500.0
12-08-23 10:24[root]INFO | Episode: 1350, Avg Reward: 488.63, Best Eval: 500.0
12-08-23 10:25[root]INFO | Episode: 1400, Avg Reward: 499.72, Best Eval: 500.0
12-08-23 10:26[root]INFO | Episode: 1450, Avg Reward: 483.78, Best Eval: 500.0
12-08-23 10:27[root]INFO | ==============> Test reward for seeds [500, 600]: 500.00 +/- 0.0 <==========
12-08-23 10:27[root]INFO | Execution time of seed 112: 0 hours, 25 minutes, 20 seconds
