05-01-24 12:10[root]INFO | Training on env: lunar
05-01-24 12:10[root]INFO | Agent Type: drnet
05-01-24 12:10[root]INFO | Log Directory: ./logs/lunar_cpu/drnet/16leaves_24-10-12-05-Jan_Final_nsm/
05-01-24 12:10[root]INFO | GPU?: False
05-01-24 12:10[root]INFO | Num Leaves: 16
05-01-24 12:10[root]INFO | DTRegNet Policy
05-01-24 12:10[root]INFO | Value Net Size: [256, 256]
05-01-24 12:10[root]INFO | [START]======> Training Started for Seed [23]: 2024-01-05 12:10:55
05-01-24 12:10[root]INFO | actor: DTRegNetActor(
  (features_extractor): FlattenExtractor(
    (flatten): Flatten(start_dim=1, end_dim=-1)
  )
  (drnet): DTSemNetReg(
    (linear1): Linear(in_features=8, out_features=15, bias=True)
    (reluP): ReLU()
    (reluM): ReLU()
    (linear2): Linear(in_features=30, out_features=16, bias=False)
    (mpool): MaxPoolLayer()
    (softmax): Softmax(dim=-1)
    (ste): STE()
    (regression_layer_action): ModuleList(
      (0-1): 2 x Sequential(
        (0): Linear(in_features=16, out_features=8, bias=True)
      )
    )
  )
)
05-01-24 12:10[icct.rl_helpers.eval_callback]INFO | (Train) Episode: 0, Avg Reward: -285.6971732005477, Best: -285.6971732005477
05-01-24 12:10[icct.rl_helpers.eval_callback]INFO | (Eval ) num_timesteps=1500, Reward=-673.94 +/- 221.98, EpLength: 99.60 +/- 36.45
05-01-24 12:10[icct.rl_helpers.eval_callback]INFO | (Save ) Storing Best Model: New best mean reward!
05-01-24 12:10[icct.rl_helpers.eval_callback]INFO | (Train) Episode: 20, Avg Reward: -206.2512782376462, Best: -165.04204248439783
05-01-24 12:10[icct.rl_helpers.eval_callback]INFO | (Eval ) num_timesteps=3000, Reward=-668.29 +/- 375.94, EpLength: 98.20 +/- 30.72
05-01-24 12:10[icct.rl_helpers.eval_callback]INFO | (Save ) Storing Best Model: New best mean reward!
05-01-24 12:10[icct.rl_helpers.eval_callback]INFO | (Train) Episode: 40, Avg Reward: -214.64113922431147, Best: -165.04204248439783
05-01-24 12:10[icct.rl_helpers.eval_callback]INFO | (Eval ) num_timesteps=4500, Reward=-705.28 +/- 351.18, EpLength: 87.20 +/- 18.27
05-01-24 12:10[icct.rl_helpers.eval_callback]INFO | (Eval ) num_timesteps=6000, Reward=-518.16 +/- 501.14, EpLength: 95.80 +/- 33.97
05-01-24 12:10[icct.rl_helpers.eval_callback]INFO | (Save ) Storing Best Model: New best mean reward!
05-01-24 12:10[icct.rl_helpers.eval_callback]INFO | (Train) Episode: 60, Avg Reward: -213.72558270588843, Best: -165.04204248439783
05-01-24 12:10[icct.rl_helpers.eval_callback]INFO | (Eval ) num_timesteps=7500, Reward=-771.56 +/- 332.85, EpLength: 91.80 +/- 12.86
05-01-24 12:10[icct.rl_helpers.eval_callback]INFO | (Train) Episode: 80, Avg Reward: -221.64978134516664, Best: -165.04204248439783
05-01-24 12:11[icct.rl_helpers.eval_callback]INFO | (Eval ) num_timesteps=9000, Reward=-295.27 +/- 210.31, EpLength: 120.80 +/- 53.70
05-01-24 12:11[icct.rl_helpers.eval_callback]INFO | (Save ) Storing Best Model: New best mean reward!
05-01-24 12:11[icct.rl_helpers.eval_callback]INFO | (Eval ) num_timesteps=10500, Reward=-276.36 +/- 95.89, EpLength: 394.00 +/- 135.53
05-01-24 12:11[icct.rl_helpers.eval_callback]INFO | (Save ) Storing Best Model: New best mean reward!
05-01-24 12:11[icct.rl_helpers.eval_callback]INFO | (Eval ) num_timesteps=12000, Reward=-70.48 +/- 19.82, EpLength: 857.00 +/- 186.22
05-01-24 12:11[icct.rl_helpers.eval_callback]INFO | (Save ) Storing Best Model: New best mean reward!
05-01-24 12:11[icct.rl_helpers.eval_callback]INFO | (Train) Episode: 100, Avg Reward: -221.32890935994538, Best: -165.04204248439783
05-01-24 12:12[icct.rl_helpers.eval_callback]INFO | (Eval ) num_timesteps=13500, Reward=-1.38 +/- 208.86, EpLength: 413.60 +/- 45.97
05-01-24 12:12[icct.rl_helpers.eval_callback]INFO | (Save ) Storing Best Model: New best mean reward!
05-01-24 12:12[icct.rl_helpers.eval_callback]INFO | (Eval ) num_timesteps=15000, Reward=41.60 +/- 143.07, EpLength: 693.40 +/- 262.64
05-01-24 12:12[icct.rl_helpers.eval_callback]INFO | (Save ) Storing Best Model: New best mean reward!
05-01-24 12:12[icct.rl_helpers.eval_callback]INFO | (Eval ) num_timesteps=16500, Reward=-19.05 +/- 60.68, EpLength: 533.40 +/- 275.83
05-01-24 12:13[icct.rl_helpers.eval_callback]INFO | (Eval ) num_timesteps=18000, Reward=-38.48 +/- 158.81, EpLength: 347.40 +/- 121.43
05-01-24 12:13[icct.rl_helpers.eval_callback]INFO | (Eval ) num_timesteps=19500, Reward=55.17 +/- 147.85, EpLength: 591.20 +/- 258.44
05-01-24 12:13[icct.rl_helpers.eval_callback]INFO | (Save ) Storing Best Model: New best mean reward!
05-01-24 12:13[icct.rl_helpers.eval_callback]INFO | (Eval ) num_timesteps=21000, Reward=119.41 +/- 117.67, EpLength: 469.00 +/- 81.26
05-01-24 12:13[icct.rl_helpers.eval_callback]INFO | (Save ) Storing Best Model: New best mean reward!
05-01-24 12:14[icct.rl_helpers.eval_callback]INFO | (Eval ) num_timesteps=22500, Reward=68.03 +/- 192.63, EpLength: 734.20 +/- 212.56
05-01-24 12:14[icct.rl_helpers.eval_callback]INFO | (Eval ) num_timesteps=24000, Reward=92.98 +/- 139.75, EpLength: 698.00 +/- 286.22
05-01-24 12:15[icct.rl_helpers.eval_callback]INFO | (Eval ) num_timesteps=25500, Reward=201.96 +/- 11.13, EpLength: 550.60 +/- 111.65
05-01-24 12:15[icct.rl_helpers.eval_callback]INFO | (Save ) Storing Best Model: New best mean reward!
05-01-24 12:15[icct.rl_helpers.eval_callback]INFO | (Train) Episode: 120, Avg Reward: -161.028704252856, Best: -158.9913091992756
05-01-24 12:15[icct.rl_helpers.eval_callback]INFO | (Eval ) num_timesteps=27000, Reward=130.69 +/- 126.17, EpLength: 321.40 +/- 48.62
05-01-24 12:15[icct.rl_helpers.eval_callback]INFO | (Eval ) num_timesteps=28500, Reward=120.33 +/- 144.29, EpLength: 360.00 +/- 109.76
05-01-24 12:16[icct.rl_helpers.eval_callback]INFO | (Eval ) num_timesteps=30000, Reward=-46.76 +/- 130.29, EpLength: 267.00 +/- 172.42
05-01-24 12:16[icct.rl_helpers.eval_callback]INFO | (Eval ) num_timesteps=31500, Reward=29.63 +/- 99.25, EpLength: 344.00 +/- 83.76
05-01-24 12:16[icct.rl_helpers.eval_callback]INFO | (Train) Episode: 140, Avg Reward: -113.45095597672072, Best: -113.45095597672072
05-01-24 12:16[icct.rl_helpers.eval_callback]INFO | (Eval ) num_timesteps=33000, Reward=151.38 +/- 121.16, EpLength: 615.00 +/- 315.38
05-01-24 12:17[icct.rl_helpers.eval_callback]INFO | (Eval ) num_timesteps=34500, Reward=88.48 +/- 115.49, EpLength: 262.40 +/- 146.22
05-01-24 12:17[icct.rl_helpers.eval_callback]INFO | (Eval ) num_timesteps=36000, Reward=251.93 +/- 14.78, EpLength: 303.60 +/- 39.28
05-01-24 12:17[icct.rl_helpers.eval_callback]INFO | (Save ) Storing Best Model: New best mean reward!
05-01-24 12:17[icct.rl_helpers.eval_callback]INFO | (Eval ) num_timesteps=37500, Reward=228.17 +/- 116.53, EpLength: 199.80 +/- 38.34
05-01-24 12:18[icct.rl_helpers.eval_callback]INFO | (Train) Episode: 160, Avg Reward: -47.872115074704034, Best: -47.872115074704034
05-01-24 12:18[icct.rl_helpers.eval_callback]INFO | (Eval ) num_timesteps=39000, Reward=279.47 +/- 12.59, EpLength: 270.20 +/- 15.88
05-01-24 12:18[icct.rl_helpers.eval_callback]INFO | (Save ) Storing Best Model: New best mean reward!
05-01-24 12:18[icct.rl_helpers.eval_callback]INFO | (Eval ) num_timesteps=40500, Reward=252.22 +/- 19.26, EpLength: 286.40 +/- 18.70
05-01-24 12:18[icct.rl_helpers.eval_callback]INFO | (Eval ) num_timesteps=42000, Reward=181.25 +/- 156.76, EpLength: 448.60 +/- 184.32
05-01-24 12:19[icct.rl_helpers.eval_callback]INFO | (Eval ) num_timesteps=43500, Reward=193.75 +/- 80.88, EpLength: 570.40 +/- 245.74
05-01-24 12:19[icct.rl_helpers.eval_callback]INFO | (Train) Episode: 180, Avg Reward: 46.52312296014576, Best: 46.52312296014576
05-01-24 12:19[icct.rl_helpers.eval_callback]INFO | (Eval ) num_timesteps=45000, Reward=155.58 +/- 201.23, EpLength: 304.40 +/- 37.88
05-01-24 12:19[icct.rl_helpers.eval_callback]INFO | (Eval ) num_timesteps=46500, Reward=169.46 +/- 195.18, EpLength: 364.80 +/- 75.01
05-01-24 12:20[icct.rl_helpers.eval_callback]INFO | (Eval ) num_timesteps=48000, Reward=256.43 +/- 25.04, EpLength: 267.20 +/- 79.37
05-01-24 12:20[icct.rl_helpers.eval_callback]INFO | (Eval ) num_timesteps=49500, Reward=226.91 +/- 94.41, EpLength: 282.40 +/- 59.82
05-01-24 12:20[icct.rl_helpers.eval_callback]INFO | (Train) Episode: 200, Avg Reward: 130.7409895052325, Best: 130.7409895052325
05-01-24 12:20[icct.rl_helpers.eval_callback]INFO | (Eval ) num_timesteps=51000, Reward=245.01 +/- 17.59, EpLength: 301.60 +/- 89.49
05-01-24 12:21[icct.rl_helpers.eval_callback]INFO | (Eval ) num_timesteps=52500, Reward=275.80 +/- 10.61, EpLength: 332.00 +/- 169.59
05-01-24 12:21[icct.rl_helpers.eval_callback]INFO | (Eval ) num_timesteps=54000, Reward=172.34 +/- 130.26, EpLength: 408.20 +/- 306.97
05-01-24 12:21[icct.rl_helpers.eval_callback]INFO | (Train) Episode: 220, Avg Reward: 154.42424767827532, Best: 154.42424767827532
05-01-24 12:21[icct.rl_helpers.eval_callback]INFO | (Eval ) num_timesteps=55500, Reward=176.34 +/- 120.47, EpLength: 234.20 +/- 82.33
05-01-24 12:21[icct.rl_helpers.eval_callback]INFO | (Eval ) num_timesteps=57000, Reward=273.14 +/- 8.53, EpLength: 215.00 +/- 28.85
05-01-24 12:22[icct.rl_helpers.eval_callback]INFO | (Eval ) num_timesteps=58500, Reward=251.81 +/- 18.47, EpLength: 605.60 +/- 207.25
05-01-24 12:22[icct.rl_helpers.eval_callback]INFO | (Train) Episode: 240, Avg Reward: 186.15730759339138, Best: 186.15730759339138
05-01-24 12:22[icct.rl_helpers.eval_callback]INFO | (Eval ) num_timesteps=60000, Reward=271.50 +/- 18.67, EpLength: 287.60 +/- 94.26
05-01-24 12:22[icct.rl_helpers.eval_callback]INFO | (Eval ) num_timesteps=61500, Reward=273.39 +/- 26.10, EpLength: 280.20 +/- 19.07
05-01-24 12:23[icct.rl_helpers.eval_callback]INFO | (Eval ) num_timesteps=63000, Reward=183.35 +/- 133.02, EpLength: 185.80 +/- 75.80
05-01-24 12:23[icct.rl_helpers.eval_callback]INFO | (Train) Episode: 260, Avg Reward: 206.59911435337818, Best: 206.59911435337818
05-01-24 12:23[icct.rl_helpers.eval_callback]INFO | (Eval ) num_timesteps=64500, Reward=259.14 +/- 16.61, EpLength: 211.20 +/- 33.72
05-01-24 12:23[icct.rl_helpers.eval_callback]INFO | (Eval ) num_timesteps=66000, Reward=274.44 +/- 10.02, EpLength: 226.80 +/- 72.02
05-01-24 12:24[icct.rl_helpers.eval_callback]INFO | (Eval ) num_timesteps=67500, Reward=281.21 +/- 7.41, EpLength: 262.80 +/- 43.60
05-01-24 12:24[icct.rl_helpers.eval_callback]INFO | (Save ) Storing Best Model: New best mean reward!
05-01-24 12:24[icct.rl_helpers.eval_callback]INFO | (Eval ) num_timesteps=69000, Reward=276.81 +/- 20.45, EpLength: 240.80 +/- 65.13
05-01-24 12:24[icct.rl_helpers.eval_callback]INFO | (Train) Episode: 280, Avg Reward: 213.01365471262278, Best: 213.01365471262278
05-01-24 12:24[icct.rl_helpers.eval_callback]INFO | (Eval ) num_timesteps=70500, Reward=259.95 +/- 15.24, EpLength: 317.60 +/- 164.97
05-01-24 12:25[icct.rl_helpers.eval_callback]INFO | (Eval ) num_timesteps=72000, Reward=284.81 +/- 9.83, EpLength: 241.40 +/- 42.73
05-01-24 12:25[icct.rl_helpers.eval_callback]INFO | (Save ) Storing Best Model: New best mean reward!
05-01-24 12:25[icct.rl_helpers.eval_callback]INFO | (Eval ) num_timesteps=73500, Reward=277.27 +/- 15.30, EpLength: 190.00 +/- 24.14
05-01-24 12:25[icct.rl_helpers.eval_callback]INFO | (Train) Episode: 300, Avg Reward: 224.42309485234674, Best: 225.06634547127874
05-01-24 12:25[icct.rl_helpers.eval_callback]INFO | (Eval ) num_timesteps=75000, Reward=284.54 +/- 15.55, EpLength: 195.80 +/- 12.97
05-01-24 12:25[icct.rl_helpers.eval_callback]INFO | (Eval ) num_timesteps=76500, Reward=300.70 +/- 23.80, EpLength: 215.60 +/- 21.71
05-01-24 12:25[icct.rl_helpers.eval_callback]INFO | (Save ) Storing Best Model: New best mean reward!
05-01-24 12:26[icct.rl_helpers.eval_callback]INFO | (Eval ) num_timesteps=78000, Reward=279.88 +/- 9.15, EpLength: 216.00 +/- 34.76
05-01-24 12:26[icct.rl_helpers.eval_callback]INFO | (Train) Episode: 320, Avg Reward: 233.8047909301965, Best: 233.8047909301965
05-01-24 12:26[icct.rl_helpers.eval_callback]INFO | (Eval ) num_timesteps=79500, Reward=277.10 +/- 12.06, EpLength: 259.40 +/- 26.28
05-01-24 12:26[icct.rl_helpers.eval_callback]INFO | (Eval ) num_timesteps=81000, Reward=273.71 +/- 19.47, EpLength: 215.00 +/- 20.90
05-01-24 12:27[icct.rl_helpers.eval_callback]INFO | (Eval ) num_timesteps=82500, Reward=267.97 +/- 14.28, EpLength: 201.00 +/- 11.95
05-01-24 12:27[icct.rl_helpers.eval_callback]INFO | (Train) Episode: 340, Avg Reward: 252.03614715761663, Best: 253.98496005895774
05-01-24 12:27[icct.rl_helpers.eval_callback]INFO | (Eval ) num_timesteps=84000, Reward=280.49 +/- 11.72, EpLength: 206.20 +/- 32.63
05-01-24 12:27[icct.rl_helpers.eval_callback]INFO | (Eval ) num_timesteps=85500, Reward=285.30 +/- 12.30, EpLength: 186.40 +/- 28.85
05-01-24 12:27[icct.rl_helpers.eval_callback]INFO | (Eval ) num_timesteps=87000, Reward=157.09 +/- 201.25, EpLength: 426.60 +/- 301.83
05-01-24 12:27[icct.rl_helpers.eval_callback]INFO | (Train) Episode: 360, Avg Reward: 262.59492116552707, Best: 262.80723492654596
05-01-24 12:28[icct.rl_helpers.eval_callback]INFO | (Eval ) num_timesteps=88500, Reward=263.92 +/- 16.46, EpLength: 200.20 +/- 15.66
05-01-24 12:28[icct.rl_helpers.eval_callback]INFO | (Eval ) num_timesteps=90000, Reward=282.28 +/- 9.05, EpLength: 193.80 +/- 20.13
05-01-24 12:28[icct.rl_helpers.eval_callback]INFO | (Train) Episode: 380, Avg Reward: 266.8295094702251, Best: 267.2949069762181
05-01-24 12:28[icct.rl_helpers.eval_callback]INFO | (Eval ) num_timesteps=91500, Reward=269.00 +/- 8.07, EpLength: 224.20 +/- 17.79
05-01-24 12:29[icct.rl_helpers.eval_callback]INFO | (Eval ) num_timesteps=93000, Reward=229.34 +/- 74.64, EpLength: 395.60 +/- 312.25
05-01-24 12:29[icct.rl_helpers.eval_callback]INFO | (Eval ) num_timesteps=94500, Reward=283.20 +/- 8.64, EpLength: 247.40 +/- 18.36
05-01-24 12:29[icct.rl_helpers.eval_callback]INFO | (Eval ) num_timesteps=96000, Reward=272.91 +/- 8.21, EpLength: 237.20 +/- 33.08
05-01-24 12:29[icct.rl_helpers.eval_callback]INFO | (Train) Episode: 400, Avg Reward: 266.941165914641, Best: 267.300808170159
05-01-24 12:30[icct.rl_helpers.eval_callback]INFO | (Eval ) num_timesteps=97500, Reward=273.70 +/- 16.79, EpLength: 212.40 +/- 28.51
05-01-24 12:30[icct.rl_helpers.eval_callback]INFO | (Eval ) num_timesteps=99000, Reward=287.80 +/- 10.96, EpLength: 227.60 +/- 29.87
05-01-24 12:30[icct.rl_helpers.eval_callback]INFO | (Train) Episode: 420, Avg Reward: 269.43487636882224, Best: 270.5954517547109
05-01-24 12:30[icct.rl_helpers.eval_callback]INFO | (Eval ) num_timesteps=100500, Reward=287.17 +/- 15.24, EpLength: 206.80 +/- 11.12
05-01-24 12:30[icct.rl_helpers.eval_callback]INFO | (Eval ) num_timesteps=102000, Reward=231.97 +/- 123.45, EpLength: 356.20 +/- 322.26
05-01-24 12:31[icct.rl_helpers.eval_callback]INFO | (Eval ) num_timesteps=103500, Reward=272.65 +/- 16.82, EpLength: 211.60 +/- 25.56
05-01-24 12:31[icct.rl_helpers.eval_callback]INFO | (Train) Episode: 440, Avg Reward: 266.8881358378854, Best: 270.5954517547109
05-01-24 12:31[icct.rl_helpers.eval_callback]INFO | (Eval ) num_timesteps=105000, Reward=289.27 +/- 19.61, EpLength: 212.00 +/- 20.62
05-01-24 12:31[icct.rl_helpers.eval_callback]INFO | (Eval ) num_timesteps=106500, Reward=282.18 +/- 21.69, EpLength: 228.60 +/- 14.26
05-01-24 12:32[icct.rl_helpers.eval_callback]INFO | (Eval ) num_timesteps=108000, Reward=292.94 +/- 20.48, EpLength: 205.60 +/- 19.95
05-01-24 12:32[icct.rl_helpers.eval_callback]INFO | (Train) Episode: 460, Avg Reward: 269.3829499773276, Best: 270.5954517547109
05-01-24 12:32[icct.rl_helpers.eval_callback]INFO | (Eval ) num_timesteps=109500, Reward=286.61 +/- 12.97, EpLength: 190.60 +/- 27.17
05-01-24 12:32[icct.rl_helpers.eval_callback]INFO | (Eval ) num_timesteps=111000, Reward=301.70 +/- 12.96, EpLength: 201.40 +/- 14.62
05-01-24 12:32[icct.rl_helpers.eval_callback]INFO | (Save ) Storing Best Model: New best mean reward!
05-01-24 12:33[icct.rl_helpers.eval_callback]INFO | (Train) Episode: 480, Avg Reward: 270.88530409281367, Best: 271.00241666287866
05-01-24 12:33[icct.rl_helpers.eval_callback]INFO | (Eval ) num_timesteps=112500, Reward=287.48 +/- 18.53, EpLength: 190.20 +/- 23.42
05-01-24 12:33[icct.rl_helpers.eval_callback]INFO | (Eval ) num_timesteps=114000, Reward=292.64 +/- 6.01, EpLength: 200.60 +/- 29.35
05-01-24 12:33[icct.rl_helpers.eval_callback]INFO | (Eval ) num_timesteps=115500, Reward=266.16 +/- 21.60, EpLength: 186.20 +/- 9.95
05-01-24 12:33[icct.rl_helpers.eval_callback]INFO | (Train) Episode: 500, Avg Reward: 276.07186472152046, Best: 276.7943729183983
05-01-24 12:33[icct.rl_helpers.eval_callback]INFO | (Eval ) num_timesteps=117000, Reward=256.36 +/- 55.42, EpLength: 353.00 +/- 324.86
05-01-24 12:34[icct.rl_helpers.eval_callback]INFO | (Eval ) num_timesteps=118500, Reward=291.75 +/- 13.67, EpLength: 205.40 +/- 19.50
05-01-24 12:34[icct.rl_helpers.eval_callback]INFO | (Train) Episode: 520, Avg Reward: 276.7440491231449, Best: 276.82932258132996
05-01-24 12:34[icct.rl_helpers.eval_callback]INFO | (Eval ) num_timesteps=120000, Reward=289.46 +/- 11.12, EpLength: 197.80 +/- 18.87
05-01-24 12:34[icct.rl_helpers.eval_callback]INFO | (Eval ) num_timesteps=121500, Reward=286.84 +/- 15.21, EpLength: 199.40 +/- 29.69
05-01-24 12:35[icct.rl_helpers.eval_callback]INFO | (Eval ) num_timesteps=123000, Reward=291.67 +/- 6.14, EpLength: 186.60 +/- 23.41
05-01-24 12:35[icct.rl_helpers.eval_callback]INFO | (Eval ) num_timesteps=124500, Reward=286.73 +/- 11.63, EpLength: 176.00 +/- 21.05
05-01-24 12:35[icct.rl_helpers.eval_callback]INFO | (Train) Episode: 540, Avg Reward: 282.2616598089169, Best: 282.54659877106167
05-01-24 12:35[icct.rl_helpers.eval_callback]INFO | (Eval ) num_timesteps=126000, Reward=270.75 +/- 13.32, EpLength: 179.40 +/- 19.54
05-01-24 12:35[icct.rl_helpers.eval_callback]INFO | (Eval ) num_timesteps=127500, Reward=293.36 +/- 14.62, EpLength: 186.00 +/- 14.83
05-01-24 12:36[icct.rl_helpers.eval_callback]INFO | (Train) Episode: 560, Avg Reward: 282.179978526816, Best: 282.5866865373743
05-01-24 12:36[icct.rl_helpers.eval_callback]INFO | (Eval ) num_timesteps=129000, Reward=234.16 +/- 110.08, EpLength: 197.20 +/- 30.06
05-01-24 12:36[icct.rl_helpers.eval_callback]INFO | (Eval ) num_timesteps=130500, Reward=281.84 +/- 13.89, EpLength: 189.20 +/- 22.94
05-01-24 12:36[icct.rl_helpers.eval_callback]INFO | (Eval ) num_timesteps=132000, Reward=227.07 +/- 101.76, EpLength: 358.80 +/- 321.39
05-01-24 12:37[icct.rl_helpers.eval_callback]INFO | (Eval ) num_timesteps=133500, Reward=270.52 +/- 18.76, EpLength: 218.80 +/- 33.47
05-01-24 12:37[icct.rl_helpers.eval_callback]INFO | (Train) Episode: 580, Avg Reward: 277.75096042011074, Best: 282.5866865373743
05-01-24 12:37[icct.rl_helpers.eval_callback]INFO | (Eval ) num_timesteps=135000, Reward=293.93 +/- 21.46, EpLength: 199.20 +/- 25.55
05-01-24 12:37[icct.rl_helpers.eval_callback]INFO | (Eval ) num_timesteps=136500, Reward=280.57 +/- 9.45, EpLength: 182.40 +/- 17.44
05-01-24 12:38[icct.rl_helpers.eval_callback]INFO | (Eval ) num_timesteps=138000, Reward=281.54 +/- 7.06, EpLength: 181.40 +/- 20.40
05-01-24 12:38[icct.rl_helpers.eval_callback]INFO | (Train) Episode: 600, Avg Reward: 277.52732865620976, Best: 282.5866865373743
05-01-24 12:38[icct.rl_helpers.eval_callback]INFO | (Eval ) num_timesteps=139500, Reward=274.47 +/- 19.17, EpLength: 191.00 +/- 19.81
05-01-24 12:38[icct.rl_helpers.eval_callback]INFO | (Eval ) num_timesteps=141000, Reward=281.89 +/- 13.65, EpLength: 181.80 +/- 24.69
05-01-24 12:38[icct.rl_helpers.eval_callback]INFO | (Eval ) num_timesteps=142500, Reward=291.30 +/- 16.35, EpLength: 208.00 +/- 15.06
05-01-24 12:38[icct.rl_helpers.eval_callback]INFO | (Train) Episode: 620, Avg Reward: 276.86210792734784, Best: 282.5866865373743
05-01-24 12:39[icct.rl_helpers.eval_callback]INFO | (Eval ) num_timesteps=144000, Reward=281.17 +/- 15.18, EpLength: 275.40 +/- 130.91
05-01-24 12:39[icct.rl_helpers.eval_callback]INFO | (Eval ) num_timesteps=145500, Reward=276.16 +/- 13.78, EpLength: 188.80 +/- 17.39
05-01-24 12:39[icct.rl_helpers.eval_callback]INFO | (Train) Episode: 640, Avg Reward: 277.56389540020484, Best: 282.5866865373743
05-01-24 12:39[icct.rl_helpers.eval_callback]INFO | (Eval ) num_timesteps=147000, Reward=277.38 +/- 19.16, EpLength: 188.40 +/- 19.44
05-01-24 12:40[icct.rl_helpers.eval_callback]INFO | (Eval ) num_timesteps=148500, Reward=252.00 +/- 47.23, EpLength: 353.60 +/- 324.31
05-01-24 12:40[icct.rl_helpers.eval_callback]INFO | (Eval ) num_timesteps=150000, Reward=263.60 +/- 19.72, EpLength: 173.00 +/- 29.65
05-01-24 12:40[icct.rl_helpers.eval_callback]INFO | (Train) Episode: 660, Avg Reward: 276.88481813082797, Best: 282.5866865373743
05-01-24 12:40[icct.rl_helpers.eval_callback]INFO | (Eval ) num_timesteps=151500, Reward=279.17 +/- 19.43, EpLength: 176.20 +/- 23.65
05-01-24 12:41[icct.rl_helpers.eval_callback]INFO | (Eval ) num_timesteps=153000, Reward=287.05 +/- 12.02, EpLength: 189.00 +/- 19.86
05-01-24 12:41[icct.rl_helpers.eval_callback]INFO | (Eval ) num_timesteps=154500, Reward=298.28 +/- 10.91, EpLength: 200.40 +/- 12.71
05-01-24 12:41[icct.rl_helpers.eval_callback]INFO | (Train) Episode: 680, Avg Reward: 279.51228955257665, Best: 282.5866865373743
05-01-24 12:41[icct.rl_helpers.eval_callback]INFO | (Eval ) num_timesteps=156000, Reward=280.33 +/- 14.44, EpLength: 180.80 +/- 28.15
05-01-24 12:41[icct.rl_helpers.eval_callback]INFO | (Eval ) num_timesteps=157500, Reward=283.78 +/- 12.98, EpLength: 246.60 +/- 155.31
05-01-24 12:42[icct.rl_helpers.eval_callback]INFO | (Eval ) num_timesteps=159000, Reward=297.80 +/- 4.43, EpLength: 185.60 +/- 36.55
05-01-24 12:42[icct.rl_helpers.eval_callback]INFO | (Train) Episode: 700, Avg Reward: 280.918525778077, Best: 282.5866865373743
05-01-24 12:42[icct.rl_helpers.eval_callback]INFO | (Eval ) num_timesteps=160500, Reward=293.61 +/- 9.80, EpLength: 193.60 +/- 26.33
05-01-24 12:42[icct.rl_helpers.eval_callback]INFO | (Eval ) num_timesteps=162000, Reward=292.27 +/- 21.54, EpLength: 179.60 +/- 17.84
05-01-24 12:43[icct.rl_helpers.eval_callback]INFO | (Eval ) num_timesteps=163500, Reward=282.56 +/- 18.19, EpLength: 192.20 +/- 27.31
05-01-24 12:43[icct.rl_helpers.eval_callback]INFO | (Train) Episode: 720, Avg Reward: 281.7051351583014, Best: 283.05255870589497
05-01-24 12:43[icct.rl_helpers.eval_callback]INFO | (Eval ) num_timesteps=165000, Reward=280.64 +/- 17.83, EpLength: 210.20 +/- 24.31
05-01-24 12:43[icct.rl_helpers.eval_callback]INFO | (Eval ) num_timesteps=166500, Reward=294.32 +/- 6.15, EpLength: 197.40 +/- 13.17
05-01-24 12:43[icct.rl_helpers.eval_callback]INFO | (Train) Episode: 740, Avg Reward: 281.2423303605338, Best: 283.05255870589497
05-01-24 12:43[icct.rl_helpers.eval_callback]INFO | (Eval ) num_timesteps=168000, Reward=282.23 +/- 9.78, EpLength: 181.20 +/- 20.30
05-01-24 12:44[icct.rl_helpers.eval_callback]INFO | (Eval ) num_timesteps=169500, Reward=260.59 +/- 57.01, EpLength: 355.40 +/- 322.41
05-01-24 12:44[icct.rl_helpers.eval_callback]INFO | (Eval ) num_timesteps=171000, Reward=296.17 +/- 12.89, EpLength: 184.80 +/- 30.52
05-01-24 12:44[icct.rl_helpers.eval_callback]INFO | (Train) Episode: 760, Avg Reward: 281.3978313735219, Best: 283.05255870589497
05-01-24 12:44[icct.rl_helpers.eval_callback]INFO | (Eval ) num_timesteps=172500, Reward=262.16 +/- 48.70, EpLength: 711.40 +/- 272.01
05-01-24 12:45[icct.rl_helpers.eval_callback]INFO | (Eval ) num_timesteps=174000, Reward=296.33 +/- 14.52, EpLength: 210.40 +/- 15.97
05-01-24 12:45[icct.rl_helpers.eval_callback]INFO | (Eval ) num_timesteps=175500, Reward=292.27 +/- 19.33, EpLength: 200.20 +/- 26.66
05-01-24 12:45[icct.rl_helpers.eval_callback]INFO | (Train) Episode: 780, Avg Reward: 279.6858630506082, Best: 283.05255870589497
05-01-24 12:45[icct.rl_helpers.eval_callback]INFO | (Eval ) num_timesteps=177000, Reward=225.27 +/- 66.96, EpLength: 558.00 +/- 371.77
05-01-24 12:46[icct.rl_helpers.eval_callback]INFO | (Eval ) num_timesteps=178500, Reward=278.19 +/- 14.44, EpLength: 196.80 +/- 29.25
05-01-24 12:46[icct.rl_helpers.eval_callback]INFO | (Train) Episode: 800, Avg Reward: 277.6696058628062, Best: 283.05255870589497
05-01-24 12:46[icct.rl_helpers.eval_callback]INFO | (Eval ) num_timesteps=180000, Reward=289.37 +/- 12.50, EpLength: 190.20 +/- 21.87
05-01-24 12:46[icct.rl_helpers.eval_callback]INFO | (Eval ) num_timesteps=181500, Reward=289.32 +/- 23.70, EpLength: 188.40 +/- 31.54
05-01-24 12:47[icct.rl_helpers.eval_callback]INFO | (Eval ) num_timesteps=183000, Reward=280.64 +/- 25.35, EpLength: 169.60 +/- 19.95
05-01-24 12:47[icct.rl_helpers.eval_callback]INFO | (Train) Episode: 820, Avg Reward: 276.64711953449006, Best: 283.05255870589497
05-01-24 12:47[icct.rl_helpers.eval_callback]INFO | (Eval ) num_timesteps=184500, Reward=266.86 +/- 50.33, EpLength: 353.60 +/- 323.83
05-01-24 12:47[icct.rl_helpers.eval_callback]INFO | (Eval ) num_timesteps=186000, Reward=293.05 +/- 19.29, EpLength: 192.40 +/- 21.08
05-01-24 12:47[icct.rl_helpers.eval_callback]INFO | (Train) Episode: 840, Avg Reward: 275.91306491495266, Best: 283.05255870589497
05-01-24 12:47[icct.rl_helpers.eval_callback]INFO | (Eval ) num_timesteps=187500, Reward=289.75 +/- 13.83, EpLength: 177.20 +/- 21.40
05-01-24 12:48[icct.rl_helpers.eval_callback]INFO | (Eval ) num_timesteps=189000, Reward=288.75 +/- 16.33, EpLength: 164.40 +/- 19.67
05-01-24 12:48[icct.rl_helpers.eval_callback]INFO | (Eval ) num_timesteps=190500, Reward=277.95 +/- 24.16, EpLength: 180.00 +/- 27.65
05-01-24 12:48[icct.rl_helpers.eval_callback]INFO | (Train) Episode: 860, Avg Reward: 276.7149304485997, Best: 283.05255870589497
05-01-24 12:48[icct.rl_helpers.eval_callback]INFO | (Eval ) num_timesteps=192000, Reward=287.98 +/- 23.23, EpLength: 178.40 +/- 24.41
05-01-24 12:49[icct.rl_helpers.eval_callback]INFO | (Eval ) num_timesteps=193500, Reward=282.31 +/- 24.96, EpLength: 259.40 +/- 138.41
05-01-24 12:49[icct.rl_helpers.eval_callback]INFO | (Train) Episode: 880, Avg Reward: 278.1974056365625, Best: 283.05255870589497
05-01-24 12:49[icct.rl_helpers.eval_callback]INFO | (Eval ) num_timesteps=195000, Reward=275.07 +/- 14.58, EpLength: 185.80 +/- 22.14
05-01-24 12:49[icct.rl_helpers.eval_callback]INFO | (Eval ) num_timesteps=196500, Reward=300.13 +/- 17.78, EpLength: 191.60 +/- 6.65
05-01-24 12:49[icct.rl_helpers.eval_callback]INFO | (Eval ) num_timesteps=198000, Reward=234.95 +/- 98.65, EpLength: 156.40 +/- 45.91
05-01-24 12:50[icct.rl_helpers.eval_callback]INFO | (Train) Episode: 900, Avg Reward: 274.44896499578863, Best: 283.05255870589497
05-01-24 12:50[icct.rl_helpers.eval_callback]INFO | (Eval ) num_timesteps=199500, Reward=288.49 +/- 12.98, EpLength: 185.00 +/- 31.41
05-01-24 12:50[icct.rl_helpers.eval_callback]INFO | (Eval ) num_timesteps=201000, Reward=283.89 +/- 8.56, EpLength: 187.00 +/- 11.61
05-01-24 12:50[icct.rl_helpers.eval_callback]INFO | (Train) Episode: 920, Avg Reward: 276.3499475504321, Best: 283.05255870589497
05-01-24 12:50[icct.rl_helpers.eval_callback]INFO | (Eval ) num_timesteps=202500, Reward=274.07 +/- 12.62, EpLength: 208.20 +/- 9.00
05-01-24 12:51[icct.rl_helpers.eval_callback]INFO | (Eval ) num_timesteps=204000, Reward=294.75 +/- 17.84, EpLength: 188.20 +/- 17.84
05-01-24 12:51[icct.rl_helpers.eval_callback]INFO | (Eval ) num_timesteps=205500, Reward=287.52 +/- 7.26, EpLength: 192.00 +/- 7.01
05-01-24 12:51[icct.rl_helpers.eval_callback]INFO | (Train) Episode: 940, Avg Reward: 277.77211287683053, Best: 283.05255870589497
05-01-24 12:51[icct.rl_helpers.eval_callback]INFO | (Eval ) num_timesteps=207000, Reward=284.39 +/- 18.34, EpLength: 174.80 +/- 21.81
05-01-24 12:51[icct.rl_helpers.eval_callback]INFO | (Eval ) num_timesteps=208500, Reward=280.86 +/- 12.88, EpLength: 184.80 +/- 19.98
05-01-24 12:52[icct.rl_helpers.eval_callback]INFO | (Eval ) num_timesteps=210000, Reward=287.41 +/- 5.08, EpLength: 176.80 +/- 21.32
05-01-24 12:52[icct.rl_helpers.eval_callback]INFO | (Train) Episode: 960, Avg Reward: 277.0317254048751, Best: 283.05255870589497
05-01-24 12:52[icct.rl_helpers.eval_callback]INFO | (Eval ) num_timesteps=211500, Reward=284.30 +/- 14.65, EpLength: 198.20 +/- 35.87
05-01-24 12:52[icct.rl_helpers.eval_callback]INFO | (Eval ) num_timesteps=213000, Reward=279.63 +/- 28.51, EpLength: 190.80 +/- 18.96
05-01-24 12:53[icct.rl_helpers.eval_callback]INFO | (Eval ) num_timesteps=214500, Reward=285.13 +/- 23.76, EpLength: 187.60 +/- 30.32
05-01-24 12:53[icct.rl_helpers.eval_callback]INFO | (Train) Episode: 980, Avg Reward: 279.6353850642639, Best: 283.05255870589497
05-01-24 12:53[icct.rl_helpers.eval_callback]INFO | (Eval ) num_timesteps=216000, Reward=275.97 +/- 17.18, EpLength: 174.40 +/- 23.74
05-01-24 12:53[icct.rl_helpers.eval_callback]INFO | (Eval ) num_timesteps=217500, Reward=292.09 +/- 8.51, EpLength: 167.80 +/- 14.72
05-01-24 12:53[icct.rl_helpers.eval_callback]INFO | (Train) Episode: 1000, Avg Reward: 285.2155182575176, Best: 285.96051982014365
05-01-24 12:54[icct.rl_helpers.eval_callback]INFO | (Eval ) num_timesteps=219000, Reward=267.44 +/- 17.36, EpLength: 158.60 +/- 20.17
05-01-24 12:54[icct.rl_helpers.eval_callback]INFO | (Eval ) num_timesteps=220500, Reward=279.18 +/- 13.29, EpLength: 150.80 +/- 17.81
05-01-24 12:54[icct.rl_helpers.eval_callback]INFO | (Train) Episode: 1020, Avg Reward: 285.88638262265516, Best: 286.4626791387972
05-01-24 12:54[icct.rl_helpers.eval_callback]INFO | (Eval ) num_timesteps=222000, Reward=296.16 +/- 5.58, EpLength: 189.20 +/- 18.51
05-01-24 12:54[icct.rl_helpers.eval_callback]INFO | (Eval ) num_timesteps=223500, Reward=286.25 +/- 9.97, EpLength: 182.20 +/- 17.54
05-01-24 12:55[icct.rl_helpers.eval_callback]INFO | (Eval ) num_timesteps=225000, Reward=279.77 +/- 20.87, EpLength: 185.60 +/- 20.76
05-01-24 12:55[icct.rl_helpers.eval_callback]INFO | (Train) Episode: 1040, Avg Reward: 282.95291462389326, Best: 286.4626791387972
05-01-24 12:55[icct.rl_helpers.eval_callback]INFO | (Eval ) num_timesteps=226500, Reward=278.66 +/- 10.97, EpLength: 193.00 +/- 18.69
05-01-24 12:55[icct.rl_helpers.eval_callback]INFO | (Eval ) num_timesteps=228000, Reward=288.09 +/- 14.42, EpLength: 226.20 +/- 40.45
05-01-24 12:56[icct.rl_helpers.eval_callback]INFO | (Eval ) num_timesteps=229500, Reward=284.07 +/- 17.85, EpLength: 203.00 +/- 18.14
05-01-24 12:56[icct.rl_helpers.eval_callback]INFO | (Train) Episode: 1060, Avg Reward: 284.9844689487873, Best: 286.4626791387972
05-01-24 12:56[icct.rl_helpers.eval_callback]INFO | (Eval ) num_timesteps=231000, Reward=284.10 +/- 13.73, EpLength: 161.60 +/- 23.51
05-01-24 12:56[icct.rl_helpers.eval_callback]INFO | (Eval ) num_timesteps=232500, Reward=286.02 +/- 9.69, EpLength: 162.00 +/- 20.13
05-01-24 12:56[icct.rl_helpers.eval_callback]INFO | (Train) Episode: 1080, Avg Reward: 284.15698404177516, Best: 286.4626791387972
05-01-24 12:57[icct.rl_helpers.eval_callback]INFO | (Eval ) num_timesteps=234000, Reward=282.64 +/- 16.68, EpLength: 189.20 +/- 17.52
05-01-24 12:57[icct.rl_helpers.eval_callback]INFO | (Eval ) num_timesteps=235500, Reward=293.22 +/- 10.72, EpLength: 194.80 +/- 13.99
05-01-24 12:57[icct.rl_helpers.eval_callback]INFO | (Eval ) num_timesteps=237000, Reward=287.04 +/- 13.98, EpLength: 173.00 +/- 15.32
05-01-24 12:57[icct.rl_helpers.eval_callback]INFO | (Train) Episode: 1100, Avg Reward: 283.50455150846375, Best: 286.4626791387972
05-01-24 12:57[icct.rl_helpers.eval_callback]INFO | (Eval ) num_timesteps=238500, Reward=271.60 +/- 21.47, EpLength: 171.80 +/- 14.46
05-01-24 12:58[icct.rl_helpers.eval_callback]INFO | (Eval ) num_timesteps=240000, Reward=282.47 +/- 15.87, EpLength: 176.40 +/- 31.60
05-01-24 12:58[icct.rl_helpers.eval_callback]INFO | (Train) Episode: 1120, Avg Reward: 282.561232180967, Best: 286.4626791387972
05-01-24 12:58[icct.rl_helpers.eval_callback]INFO | (Eval ) num_timesteps=241500, Reward=280.69 +/- 12.04, EpLength: 175.00 +/- 24.70
05-01-24 12:58[icct.rl_helpers.eval_callback]INFO | (Eval ) num_timesteps=243000, Reward=266.16 +/- 12.82, EpLength: 170.20 +/- 18.61
05-01-24 12:59[icct.rl_helpers.eval_callback]INFO | (Eval ) num_timesteps=244500, Reward=288.58 +/- 21.09, EpLength: 169.20 +/- 19.65
05-01-24 12:59[icct.rl_helpers.eval_callback]INFO | (Train) Episode: 1140, Avg Reward: 286.32223966948675, Best: 286.5265578511369
05-01-24 12:59[icct.rl_helpers.eval_callback]INFO | (Eval ) num_timesteps=246000, Reward=291.94 +/- 11.13, EpLength: 189.60 +/- 10.65
05-01-24 12:59[icct.rl_helpers.eval_callback]INFO | (Eval ) num_timesteps=247500, Reward=289.70 +/- 15.10, EpLength: 190.00 +/- 10.12
05-01-24 12:59[icct.rl_helpers.eval_callback]INFO | (Train) Episode: 1160, Avg Reward: 284.89645080102275, Best: 286.9683049756129
05-01-24 12:59[icct.rl_helpers.eval_callback]INFO | (Eval ) num_timesteps=249000, Reward=273.29 +/- 11.16, EpLength: 200.60 +/- 20.63
05-01-24 13:00[icct.rl_helpers.eval_callback]INFO | (Eval ) num_timesteps=250500, Reward=286.67 +/- 12.37, EpLength: 273.60 +/- 186.62
05-01-24 13:00[icct.rl_helpers.eval_callback]INFO | (Eval ) num_timesteps=252000, Reward=283.96 +/- 15.74, EpLength: 179.80 +/- 10.74
05-01-24 13:00[icct.rl_helpers.eval_callback]INFO | (Train) Episode: 1180, Avg Reward: 284.37271702429393, Best: 286.9683049756129
05-01-24 13:00[icct.rl_helpers.eval_callback]INFO | (Eval ) num_timesteps=253500, Reward=291.73 +/- 16.85, EpLength: 182.20 +/- 16.27
05-01-24 13:01[icct.rl_helpers.eval_callback]INFO | (Eval ) num_timesteps=255000, Reward=280.44 +/- 19.20, EpLength: 186.40 +/- 23.43
05-01-24 13:01[icct.rl_helpers.eval_callback]INFO | (Eval ) num_timesteps=256500, Reward=281.22 +/- 12.25, EpLength: 194.20 +/- 24.69
05-01-24 13:01[icct.rl_helpers.eval_callback]INFO | (Train) Episode: 1200, Avg Reward: 282.98015281192806, Best: 286.9683049756129
05-01-24 13:01[icct.rl_helpers.eval_callback]INFO | (Eval ) num_timesteps=258000, Reward=282.14 +/- 14.39, EpLength: 192.80 +/- 30.66
05-01-24 13:01[icct.rl_helpers.eval_callback]INFO | (Eval ) num_timesteps=259500, Reward=285.08 +/- 23.91, EpLength: 175.00 +/- 13.93
05-01-24 13:02[icct.rl_helpers.eval_callback]INFO | (Eval ) num_timesteps=261000, Reward=277.08 +/- 19.65, EpLength: 176.80 +/- 11.97
05-01-24 13:02[icct.rl_helpers.eval_callback]INFO | (Train) Episode: 1220, Avg Reward: 279.63006738660084, Best: 286.9683049756129
05-01-24 13:02[icct.rl_helpers.eval_callback]INFO | (Eval ) num_timesteps=262500, Reward=289.99 +/- 11.06, EpLength: 158.00 +/- 22.16
05-01-24 13:02[icct.rl_helpers.eval_callback]INFO | (Eval ) num_timesteps=264000, Reward=281.55 +/- 19.09, EpLength: 170.60 +/- 31.55
05-01-24 13:03[icct.rl_helpers.eval_callback]INFO | (Eval ) num_timesteps=265500, Reward=283.58 +/- 11.26, EpLength: 205.80 +/- 40.42
05-01-24 13:03[icct.rl_helpers.eval_callback]INFO | (Train) Episode: 1240, Avg Reward: 276.7553690234314, Best: 286.9683049756129
05-01-24 13:03[icct.rl_helpers.eval_callback]INFO | (Eval ) num_timesteps=267000, Reward=270.58 +/- 10.21, EpLength: 168.20 +/- 9.99
05-01-24 13:03[icct.rl_helpers.eval_callback]INFO | (Eval ) num_timesteps=268500, Reward=296.94 +/- 16.16, EpLength: 188.80 +/- 28.12
05-01-24 13:04[icct.rl_helpers.eval_callback]INFO | (Eval ) num_timesteps=270000, Reward=294.74 +/- 5.16, EpLength: 180.40 +/- 11.74
05-01-24 13:04[icct.rl_helpers.eval_callback]INFO | (Train) Episode: 1260, Avg Reward: 275.7963966179603, Best: 286.9683049756129
05-01-24 13:04[icct.rl_helpers.eval_callback]INFO | (Eval ) num_timesteps=271500, Reward=279.83 +/- 28.00, EpLength: 187.80 +/- 23.56
05-01-24 13:04[icct.rl_helpers.eval_callback]INFO | (Eval ) num_timesteps=273000, Reward=275.92 +/- 9.17, EpLength: 328.80 +/- 310.47
05-01-24 13:04[icct.rl_helpers.eval_callback]INFO | (Eval ) num_timesteps=274500, Reward=280.16 +/- 18.79, EpLength: 182.00 +/- 22.41
05-01-24 13:05[icct.rl_helpers.eval_callback]INFO | (Train) Episode: 1280, Avg Reward: 273.432975339748, Best: 286.9683049756129
05-01-24 13:05[icct.rl_helpers.eval_callback]INFO | (Eval ) num_timesteps=276000, Reward=280.22 +/- 10.65, EpLength: 192.80 +/- 15.03
05-01-24 13:05[icct.rl_helpers.eval_callback]INFO | (Eval ) num_timesteps=277500, Reward=293.16 +/- 10.27, EpLength: 191.00 +/- 36.16
05-01-24 13:05[icct.rl_helpers.eval_callback]INFO | (Eval ) num_timesteps=279000, Reward=290.29 +/- 16.05, EpLength: 162.20 +/- 4.83
05-01-24 13:05[icct.rl_helpers.eval_callback]INFO | (Train) Episode: 1300, Avg Reward: 274.0428983897381, Best: 286.9683049756129
05-01-24 13:06[icct.rl_helpers.eval_callback]INFO | (Eval ) num_timesteps=280500, Reward=281.13 +/- 19.42, EpLength: 166.00 +/- 9.86
05-01-24 13:06[icct.rl_helpers.eval_callback]INFO | (Eval ) num_timesteps=282000, Reward=265.54 +/- 13.35, EpLength: 167.00 +/- 13.45
05-01-24 13:06[icct.rl_helpers.eval_callback]INFO | (Eval ) num_timesteps=283500, Reward=293.18 +/- 22.78, EpLength: 176.20 +/- 19.08
05-01-24 13:06[icct.rl_helpers.eval_callback]INFO | (Train) Episode: 1320, Avg Reward: 274.9456266810481, Best: 286.9683049756129
05-01-24 13:06[icct.rl_helpers.eval_callback]INFO | (Eval ) num_timesteps=285000, Reward=293.96 +/- 22.83, EpLength: 192.40 +/- 26.93
05-01-24 13:07[icct.rl_helpers.eval_callback]INFO | (Eval ) num_timesteps=286500, Reward=270.83 +/- 11.35, EpLength: 157.80 +/- 13.75
05-01-24 13:07[icct.rl_helpers.eval_callback]INFO | (Eval ) num_timesteps=288000, Reward=284.20 +/- 9.61, EpLength: 213.40 +/- 104.48
05-01-24 13:07[icct.rl_helpers.eval_callback]INFO | (Train) Episode: 1340, Avg Reward: 275.32474352817763, Best: 286.9683049756129
05-01-24 13:07[icct.rl_helpers.eval_callback]INFO | (Eval ) num_timesteps=289500, Reward=279.52 +/- 26.04, EpLength: 343.00 +/- 202.56
05-01-24 13:08[icct.rl_helpers.eval_callback]INFO | (Eval ) num_timesteps=291000, Reward=276.02 +/- 28.15, EpLength: 163.60 +/- 21.28
05-01-24 13:08[icct.rl_helpers.eval_callback]INFO | (Eval ) num_timesteps=292500, Reward=280.35 +/- 14.72, EpLength: 182.40 +/- 14.73
05-01-24 13:08[icct.rl_helpers.eval_callback]INFO | (Train) Episode: 1360, Avg Reward: 275.4732241864236, Best: 286.9683049756129
05-01-24 13:08[icct.rl_helpers.eval_callback]INFO | (Eval ) num_timesteps=294000, Reward=280.68 +/- 13.60, EpLength: 174.00 +/- 17.10
05-01-24 13:09[icct.rl_helpers.eval_callback]INFO | (Eval ) num_timesteps=295500, Reward=288.20 +/- 16.88, EpLength: 165.40 +/- 18.64
05-01-24 13:09[icct.rl_helpers.eval_callback]INFO | (Train) Episode: 1380, Avg Reward: 277.66583923210584, Best: 286.9683049756129
05-01-24 13:09[icct.rl_helpers.eval_callback]INFO | (Eval ) num_timesteps=297000, Reward=301.35 +/- 7.19, EpLength: 200.60 +/- 13.44
05-01-24 13:09[icct.rl_helpers.eval_callback]INFO | (Eval ) num_timesteps=298500, Reward=281.42 +/- 18.68, EpLength: 185.20 +/- 11.55
05-01-24 13:09[icct.rl_helpers.eval_callback]INFO | (Train) Episode: 1400, Avg Reward: 280.1883528984544, Best: 286.9683049756129
05-01-24 13:09[icct.rl_helpers.eval_callback]INFO | (Eval ) num_timesteps=300000, Reward=295.07 +/- 9.39, EpLength: 190.40 +/- 16.81
05-01-24 13:10[icct.rl_helpers.eval_callback]INFO | (Eval ) num_timesteps=301500, Reward=269.65 +/- 19.92, EpLength: 180.80 +/- 8.70
05-01-24 13:10[icct.rl_helpers.eval_callback]INFO | (Eval ) num_timesteps=303000, Reward=280.20 +/- 18.01, EpLength: 181.60 +/- 21.69
05-01-24 13:10[icct.rl_helpers.eval_callback]INFO | (Train) Episode: 1420, Avg Reward: 282.2144689055473, Best: 286.9683049756129
05-01-24 13:10[icct.rl_helpers.eval_callback]INFO | (Eval ) num_timesteps=304500, Reward=287.00 +/- 24.86, EpLength: 182.80 +/- 24.66
05-01-24 13:11[icct.rl_helpers.eval_callback]INFO | (Eval ) num_timesteps=306000, Reward=276.07 +/- 20.38, EpLength: 185.00 +/- 38.08
05-01-24 13:11[icct.rl_helpers.eval_callback]INFO | (Train) Episode: 1440, Avg Reward: 283.93649460490496, Best: 286.9683049756129
05-01-24 13:11[icct.rl_helpers.eval_callback]INFO | (Eval ) num_timesteps=307500, Reward=286.24 +/- 15.62, EpLength: 182.80 +/- 25.25
05-01-24 13:11[icct.rl_helpers.eval_callback]INFO | (Eval ) num_timesteps=309000, Reward=285.67 +/- 29.62, EpLength: 191.00 +/- 35.67
05-01-24 13:11[icct.rl_helpers.eval_callback]INFO | (Eval ) num_timesteps=310500, Reward=284.86 +/- 7.39, EpLength: 180.40 +/- 34.16
05-01-24 13:12[icct.rl_helpers.eval_callback]INFO | (Train) Episode: 1460, Avg Reward: 284.82966672008143, Best: 286.9683049756129
05-01-24 13:12[icct.rl_helpers.eval_callback]INFO | (Eval ) num_timesteps=312000, Reward=286.73 +/- 22.17, EpLength: 195.80 +/- 18.77
05-01-24 13:12[icct.rl_helpers.eval_callback]INFO | (Eval ) num_timesteps=313500, Reward=291.97 +/- 3.43, EpLength: 178.00 +/- 19.42
05-01-24 13:12[icct.rl_helpers.eval_callback]INFO | (Train) Episode: 1480, Avg Reward: 284.04934449100784, Best: 286.9683049756129
05-01-24 13:12[icct.rl_helpers.eval_callback]INFO | (Eval ) num_timesteps=315000, Reward=281.18 +/- 12.22, EpLength: 188.20 +/- 19.07
05-01-24 13:13[icct.rl_helpers.eval_callback]INFO | (Eval ) num_timesteps=316500, Reward=280.46 +/- 10.77, EpLength: 186.20 +/- 27.90
05-01-24 13:13[icct.rl_helpers.eval_callback]INFO | (Eval ) num_timesteps=318000, Reward=279.78 +/- 22.29, EpLength: 188.80 +/- 21.72
05-01-24 13:13[icct.rl_helpers.eval_callback]INFO | (Train) Episode: 1500, Avg Reward: 282.770649693732, Best: 286.9683049756129
05-01-24 13:13[icct.rl_helpers.eval_callback]INFO | (Eval ) num_timesteps=319500, Reward=280.63 +/- 17.10, EpLength: 204.80 +/- 24.88
05-01-24 13:13[icct.rl_helpers.eval_callback]INFO | (Eval ) num_timesteps=321000, Reward=275.61 +/- 7.98, EpLength: 181.80 +/- 29.29
05-01-24 13:14[icct.rl_helpers.eval_callback]INFO | (Train) Episode: 1520, Avg Reward: 282.4582595690319, Best: 286.9683049756129
05-01-24 13:14[icct.rl_helpers.eval_callback]INFO | (Eval ) num_timesteps=322500, Reward=285.79 +/- 16.75, EpLength: 198.20 +/- 17.77
05-01-24 13:14[icct.rl_helpers.eval_callback]INFO | (Eval ) num_timesteps=324000, Reward=289.99 +/- 17.58, EpLength: 189.00 +/- 31.57
05-01-24 13:14[icct.rl_helpers.eval_callback]INFO | (Eval ) num_timesteps=325500, Reward=293.69 +/- 17.05, EpLength: 208.00 +/- 14.76
05-01-24 13:14[icct.rl_helpers.eval_callback]INFO | (Train) Episode: 1540, Avg Reward: 283.1915620343815, Best: 286.9683049756129
05-01-24 13:15[icct.rl_helpers.eval_callback]INFO | (Eval ) num_timesteps=327000, Reward=290.58 +/- 4.95, EpLength: 193.60 +/- 21.44
05-01-24 13:15[icct.rl_helpers.eval_callback]INFO | (Eval ) num_timesteps=328500, Reward=290.23 +/- 15.57, EpLength: 197.40 +/- 18.25
05-01-24 13:15[icct.rl_helpers.eval_callback]INFO | (Train) Episode: 1560, Avg Reward: 282.7710255660756, Best: 286.9683049756129
05-01-24 13:15[icct.rl_helpers.eval_callback]INFO | (Eval ) num_timesteps=330000, Reward=293.91 +/- 19.88, EpLength: 194.60 +/- 17.30
05-01-24 13:15[icct.rl_helpers.eval_callback]INFO | (Eval ) num_timesteps=331500, Reward=281.07 +/- 18.87, EpLength: 169.60 +/- 10.21
05-01-24 13:16[icct.rl_helpers.eval_callback]INFO | (Eval ) num_timesteps=333000, Reward=260.97 +/- 46.14, EpLength: 363.40 +/- 319.12
05-01-24 13:16[icct.rl_helpers.eval_callback]INFO | (Train) Episode: 1580, Avg Reward: 281.71115541141273, Best: 286.9683049756129
05-01-24 13:16[icct.rl_helpers.eval_callback]INFO | (Eval ) num_timesteps=334500, Reward=266.84 +/- 25.94, EpLength: 167.40 +/- 17.36
05-01-24 13:16[icct.rl_helpers.eval_callback]INFO | (Eval ) num_timesteps=336000, Reward=290.94 +/- 10.66, EpLength: 185.60 +/- 12.27
05-01-24 13:17[icct.rl_helpers.eval_callback]INFO | (Train) Episode: 1600, Avg Reward: 282.89931277866066, Best: 286.9683049756129
05-01-24 13:17[icct.rl_helpers.eval_callback]INFO | (Eval ) num_timesteps=337500, Reward=284.75 +/- 15.95, EpLength: 204.20 +/- 13.26
05-01-24 13:17[icct.rl_helpers.eval_callback]INFO | (Eval ) num_timesteps=339000, Reward=294.53 +/- 13.17, EpLength: 182.60 +/- 16.50
05-01-24 13:17[icct.rl_helpers.eval_callback]INFO | (Eval ) num_timesteps=340500, Reward=287.96 +/- 16.15, EpLength: 169.60 +/- 25.02
05-01-24 13:17[icct.rl_helpers.eval_callback]INFO | (Train) Episode: 1620, Avg Reward: 283.1693700009636, Best: 286.9683049756129
05-01-24 13:18[icct.rl_helpers.eval_callback]INFO | (Eval ) num_timesteps=342000, Reward=274.34 +/- 13.72, EpLength: 167.80 +/- 28.95
05-01-24 13:18[icct.rl_helpers.eval_callback]INFO | (Eval ) num_timesteps=343500, Reward=281.32 +/- 14.01, EpLength: 174.20 +/- 15.01
05-01-24 13:18[icct.rl_helpers.eval_callback]INFO | (Train) Episode: 1640, Avg Reward: 281.7678625627876, Best: 286.9683049756129
05-01-24 13:18[icct.rl_helpers.eval_callback]INFO | (Eval ) num_timesteps=345000, Reward=287.10 +/- 5.14, EpLength: 170.40 +/- 24.61
05-01-24 13:18[icct.rl_helpers.eval_callback]INFO | (Eval ) num_timesteps=346500, Reward=287.44 +/- 18.70, EpLength: 160.20 +/- 21.20
05-01-24 13:19[icct.rl_helpers.eval_callback]INFO | (Eval ) num_timesteps=348000, Reward=293.57 +/- 10.95, EpLength: 184.60 +/- 10.50
05-01-24 13:19[icct.rl_helpers.eval_callback]INFO | (Train) Episode: 1660, Avg Reward: 283.11087405023386, Best: 286.9683049756129
05-01-24 13:19[icct.rl_helpers.eval_callback]INFO | (Eval ) num_timesteps=349500, Reward=286.60 +/- 14.20, EpLength: 177.40 +/- 22.56
05-01-24 13:19[icct.rl_helpers.eval_callback]INFO | (Eval ) num_timesteps=351000, Reward=290.03 +/- 5.81, EpLength: 207.40 +/- 97.66
05-01-24 13:19[icct.rl_helpers.eval_callback]INFO | (Train) Episode: 1680, Avg Reward: 280.7597785197545, Best: 286.9683049756129
05-01-24 13:20[icct.rl_helpers.eval_callback]INFO | (Eval ) num_timesteps=352500, Reward=290.62 +/- 9.12, EpLength: 189.80 +/- 29.66
05-01-24 13:20[icct.rl_helpers.eval_callback]INFO | (Eval ) num_timesteps=354000, Reward=286.31 +/- 24.85, EpLength: 170.20 +/- 18.88
05-01-24 13:20[icct.rl_helpers.eval_callback]INFO | (Train) Episode: 1700, Avg Reward: 279.5055949692491, Best: 286.9683049756129
05-01-24 13:20[icct.rl_helpers.eval_callback]INFO | (Eval ) num_timesteps=355500, Reward=270.96 +/- 20.27, EpLength: 169.20 +/- 18.05
05-01-24 13:20[icct.rl_helpers.eval_callback]INFO | (Eval ) num_timesteps=357000, Reward=277.82 +/- 20.31, EpLength: 192.40 +/- 16.19
05-01-24 13:21[icct.rl_helpers.eval_callback]INFO | (Eval ) num_timesteps=358500, Reward=271.79 +/- 19.51, EpLength: 168.60 +/- 16.69
05-01-24 13:21[icct.rl_helpers.eval_callback]INFO | (Train) Episode: 1720, Avg Reward: 279.6943688649365, Best: 286.9683049756129
05-01-24 13:21[icct.rl_helpers.eval_callback]INFO | (Eval ) num_timesteps=360000, Reward=290.82 +/- 17.84, EpLength: 219.60 +/- 15.51
05-01-24 13:21[icct.rl_helpers.eval_callback]INFO | (Eval ) num_timesteps=361500, Reward=274.94 +/- 18.19, EpLength: 173.40 +/- 21.49
05-01-24 13:21[icct.rl_helpers.eval_callback]INFO | (Train) Episode: 1740, Avg Reward: 280.8704816226164, Best: 286.9683049756129
05-01-24 13:22[icct.rl_helpers.eval_callback]INFO | (Eval ) num_timesteps=363000, Reward=284.13 +/- 21.36, EpLength: 186.60 +/- 24.44
05-01-24 13:22[icct.rl_helpers.eval_callback]INFO | (Eval ) num_timesteps=364500, Reward=296.37 +/- 12.66, EpLength: 218.00 +/- 18.38
05-01-24 13:22[icct.rl_helpers.eval_callback]INFO | (Train) Episode: 1760, Avg Reward: 278.7894045435541, Best: 286.9683049756129
05-01-24 13:22[icct.rl_helpers.eval_callback]INFO | (Eval ) num_timesteps=366000, Reward=281.73 +/- 17.50, EpLength: 181.40 +/- 19.16
05-01-24 13:22[icct.rl_helpers.eval_callback]INFO | (Eval ) num_timesteps=367500, Reward=291.20 +/- 14.53, EpLength: 185.00 +/- 19.95
05-01-24 13:23[icct.rl_helpers.eval_callback]INFO | (Eval ) num_timesteps=369000, Reward=291.16 +/- 11.88, EpLength: 194.60 +/- 50.56
05-01-24 13:23[icct.rl_helpers.eval_callback]INFO | (Train) Episode: 1780, Avg Reward: 282.43410429817783, Best: 286.9683049756129
05-01-24 13:23[icct.rl_helpers.eval_callback]INFO | (Eval ) num_timesteps=370500, Reward=284.32 +/- 18.89, EpLength: 165.40 +/- 26.19
05-01-24 13:23[icct.rl_helpers.eval_callback]INFO | (Eval ) num_timesteps=372000, Reward=284.71 +/- 12.18, EpLength: 168.00 +/- 22.38
05-01-24 13:24[icct.rl_helpers.eval_callback]INFO | (Train) Episode: 1800, Avg Reward: 282.6497722758973, Best: 286.9683049756129
05-01-24 13:24[icct.rl_helpers.eval_callback]INFO | (Eval ) num_timesteps=373500, Reward=286.18 +/- 27.74, EpLength: 193.60 +/- 22.81
05-01-24 13:24[icct.rl_helpers.eval_callback]INFO | (Eval ) num_timesteps=375000, Reward=278.49 +/- 20.23, EpLength: 258.60 +/- 143.88
05-01-24 13:24[icct.rl_helpers.eval_callback]INFO | (Eval ) num_timesteps=376500, Reward=286.46 +/- 12.20, EpLength: 171.80 +/- 20.11
05-01-24 13:24[icct.rl_helpers.eval_callback]INFO | (Train) Episode: 1820, Avg Reward: 283.2362981773443, Best: 286.9683049756129
05-01-24 13:24[icct.rl_helpers.eval_callback]INFO | (Eval ) num_timesteps=378000, Reward=294.65 +/- 24.28, EpLength: 202.20 +/- 9.20
05-01-24 13:25[icct.rl_helpers.eval_callback]INFO | (Eval ) num_timesteps=379500, Reward=285.56 +/- 16.75, EpLength: 190.20 +/- 8.77
05-01-24 13:25[icct.rl_helpers.eval_callback]INFO | (Eval ) num_timesteps=381000, Reward=288.24 +/- 13.62, EpLength: 189.60 +/- 23.82
05-01-24 13:25[icct.rl_helpers.eval_callback]INFO | (Train) Episode: 1840, Avg Reward: 282.30376576748176, Best: 286.9683049756129
05-01-24 13:25[icct.rl_helpers.eval_callback]INFO | (Eval ) num_timesteps=382500, Reward=287.18 +/- 6.48, EpLength: 169.20 +/- 17.84
05-01-24 13:26[icct.rl_helpers.eval_callback]INFO | (Eval ) num_timesteps=384000, Reward=281.38 +/- 17.36, EpLength: 171.40 +/- 25.18
05-01-24 13:26[icct.rl_helpers.eval_callback]INFO | (Eval ) num_timesteps=385500, Reward=280.61 +/- 13.39, EpLength: 162.60 +/- 14.71
05-01-24 13:26[icct.rl_helpers.eval_callback]INFO | (Train) Episode: 1860, Avg Reward: 285.1761042367258, Best: 286.9683049756129
05-01-24 13:26[icct.rl_helpers.eval_callback]INFO | (Eval ) num_timesteps=387000, Reward=292.36 +/- 5.35, EpLength: 257.60 +/- 96.41
05-01-24 13:27[icct.rl_helpers.eval_callback]INFO | (Eval ) num_timesteps=388500, Reward=276.32 +/- 12.04, EpLength: 182.40 +/- 14.69
05-01-24 13:27[icct.rl_helpers.eval_callback]INFO | (Train) Episode: 1880, Avg Reward: 286.4877073920497, Best: 286.9683049756129
05-01-24 13:27[icct.rl_helpers.eval_callback]INFO | (Eval ) num_timesteps=390000, Reward=293.82 +/- 12.84, EpLength: 201.20 +/- 24.00
05-01-24 13:27[icct.rl_helpers.eval_callback]INFO | (Eval ) num_timesteps=391500, Reward=284.42 +/- 13.03, EpLength: 177.20 +/- 14.62
05-01-24 13:27[icct.rl_helpers.eval_callback]INFO | (Eval ) num_timesteps=393000, Reward=297.82 +/- 14.92, EpLength: 186.40 +/- 13.03
05-01-24 13:27[icct.rl_helpers.eval_callback]INFO | (Train) Episode: 1900, Avg Reward: 287.1855267906475, Best: 287.1855267906475
05-01-24 13:28[icct.rl_helpers.eval_callback]INFO | (Eval ) num_timesteps=394500, Reward=290.46 +/- 19.40, EpLength: 184.20 +/- 16.82
05-01-24 13:28[icct.rl_helpers.eval_callback]INFO | (Eval ) num_timesteps=396000, Reward=287.93 +/- 20.45, EpLength: 199.60 +/- 31.67
05-01-24 13:28[icct.rl_helpers.eval_callback]INFO | (Train) Episode: 1920, Avg Reward: 287.15026489593487, Best: 288.27169751264296
05-01-24 13:28[icct.rl_helpers.eval_callback]INFO | (Eval ) num_timesteps=397500, Reward=285.42 +/- 11.85, EpLength: 186.60 +/- 8.24
05-01-24 13:29[icct.rl_helpers.eval_callback]INFO | (Eval ) num_timesteps=399000, Reward=275.05 +/- 20.58, EpLength: 182.60 +/- 21.89
05-01-24 13:29[icct.rl_helpers.eval_callback]INFO | (Eval ) num_timesteps=400500, Reward=284.07 +/- 15.00, EpLength: 219.20 +/- 14.13
05-01-24 13:29[icct.rl_helpers.eval_callback]INFO | (Train) Episode: 1940, Avg Reward: 288.71661964817247, Best: 288.71661964817247
05-01-24 13:29[icct.rl_helpers.eval_callback]INFO | (Eval ) num_timesteps=402000, Reward=289.33 +/- 15.90, EpLength: 194.80 +/- 17.37
05-01-24 13:29[icct.rl_helpers.eval_callback]INFO | (Eval ) num_timesteps=403500, Reward=288.87 +/- 15.45, EpLength: 204.20 +/- 38.36
05-01-24 13:30[icct.rl_helpers.eval_callback]INFO | (Train) Episode: 1960, Avg Reward: 285.93990161921397, Best: 289.1236910303811
05-01-24 13:30[icct.rl_helpers.eval_callback]INFO | (Eval ) num_timesteps=405000, Reward=283.02 +/- 16.33, EpLength: 216.00 +/- 16.33
05-01-24 13:30[icct.rl_helpers.eval_callback]INFO | (Eval ) num_timesteps=406500, Reward=280.24 +/- 16.53, EpLength: 174.80 +/- 18.56
05-01-24 13:30[icct.rl_helpers.eval_callback]INFO | (Eval ) num_timesteps=408000, Reward=284.30 +/- 12.01, EpLength: 183.40 +/- 19.43
05-01-24 13:30[icct.rl_helpers.eval_callback]INFO | (Train) Episode: 1980, Avg Reward: 286.1603514488493, Best: 289.1236910303811
05-01-24 13:31[icct.rl_helpers.eval_callback]INFO | (Eval ) num_timesteps=409500, Reward=273.29 +/- 16.62, EpLength: 169.40 +/- 19.68
05-01-24 13:31[icct.rl_helpers.eval_callback]INFO | (Eval ) num_timesteps=411000, Reward=295.46 +/- 12.73, EpLength: 184.40 +/- 21.23
05-01-24 13:31[icct.rl_helpers.eval_callback]INFO | (Train) Episode: 2000, Avg Reward: 284.59936096678945, Best: 289.1236910303811
05-01-24 13:31[icct.rl_helpers.eval_callback]INFO | (Eval ) num_timesteps=412500, Reward=267.62 +/- 10.30, EpLength: 168.20 +/- 12.94
05-01-24 13:31[icct.rl_helpers.eval_callback]INFO | (Eval ) num_timesteps=414000, Reward=282.07 +/- 10.56, EpLength: 178.80 +/- 15.79
05-01-24 13:32[icct.rl_helpers.eval_callback]INFO | (Train) Episode: 2020, Avg Reward: 284.37483252027045, Best: 289.1236910303811
05-01-24 13:32[icct.rl_helpers.eval_callback]INFO | (Eval ) num_timesteps=415500, Reward=276.45 +/- 19.18, EpLength: 174.80 +/- 20.72
05-01-24 13:32[icct.rl_helpers.eval_callback]INFO | (Eval ) num_timesteps=417000, Reward=285.26 +/- 19.48, EpLength: 169.60 +/- 23.62
05-01-24 13:32[icct.rl_helpers.eval_callback]INFO | (Eval ) num_timesteps=418500, Reward=291.01 +/- 15.85, EpLength: 174.40 +/- 24.04
05-01-24 13:32[icct.rl_helpers.eval_callback]INFO | (Train) Episode: 2040, Avg Reward: 281.76149280039294, Best: 289.1236910303811
05-01-24 13:33[icct.rl_helpers.eval_callback]INFO | (Eval ) num_timesteps=420000, Reward=288.27 +/- 14.56, EpLength: 166.40 +/- 20.79
05-01-24 13:33[icct.rl_helpers.eval_callback]INFO | (Eval ) num_timesteps=421500, Reward=290.39 +/- 13.27, EpLength: 178.40 +/- 31.74
05-01-24 13:33[icct.rl_helpers.eval_callback]INFO | (Train) Episode: 2060, Avg Reward: 283.1501866934407, Best: 289.1236910303811
05-01-24 13:33[icct.rl_helpers.eval_callback]INFO | (Eval ) num_timesteps=423000, Reward=278.71 +/- 16.77, EpLength: 170.40 +/- 29.40
05-01-24 13:33[icct.rl_helpers.eval_callback]INFO | (Eval ) num_timesteps=424500, Reward=290.83 +/- 14.97, EpLength: 221.80 +/- 26.51
05-01-24 13:34[icct.rl_helpers.eval_callback]INFO | (Eval ) num_timesteps=426000, Reward=291.24 +/- 15.90, EpLength: 222.80 +/- 29.79
05-01-24 13:34[icct.rl_helpers.eval_callback]INFO | (Train) Episode: 2080, Avg Reward: 283.251068051737, Best: 289.1236910303811
05-01-24 13:34[icct.rl_helpers.eval_callback]INFO | (Eval ) num_timesteps=427500, Reward=268.75 +/- 11.58, EpLength: 179.00 +/- 12.12
05-01-24 13:34[icct.rl_helpers.eval_callback]INFO | (Eval ) num_timesteps=429000, Reward=293.38 +/- 19.94, EpLength: 189.20 +/- 26.57
05-01-24 13:35[icct.rl_helpers.eval_callback]INFO | (Train) Episode: 2100, Avg Reward: 284.3052659818556, Best: 289.1236910303811
05-01-24 13:35[icct.rl_helpers.eval_callback]INFO | (Eval ) num_timesteps=430500, Reward=285.85 +/- 17.06, EpLength: 189.00 +/- 25.83
05-01-24 13:35[icct.rl_helpers.eval_callback]INFO | (Eval ) num_timesteps=432000, Reward=276.21 +/- 15.62, EpLength: 165.00 +/- 7.24
05-01-24 13:35[icct.rl_helpers.eval_callback]INFO | (Eval ) num_timesteps=433500, Reward=271.96 +/- 11.96, EpLength: 184.00 +/- 10.20
05-01-24 13:35[icct.rl_helpers.eval_callback]INFO | (Train) Episode: 2120, Avg Reward: 283.7915223832471, Best: 289.1236910303811
05-01-24 13:35[icct.rl_helpers.eval_callback]INFO | (Eval ) num_timesteps=435000, Reward=272.74 +/- 20.17, EpLength: 182.20 +/- 24.93
05-01-24 13:36[icct.rl_helpers.eval_callback]INFO | (Eval ) num_timesteps=436500, Reward=282.44 +/- 14.28, EpLength: 182.60 +/- 4.84
05-01-24 13:36[icct.rl_helpers.eval_callback]INFO | (Train) Episode: 2140, Avg Reward: 284.09436174338987, Best: 289.1236910303811
05-01-24 13:36[icct.rl_helpers.eval_callback]INFO | (Eval ) num_timesteps=438000, Reward=284.67 +/- 13.30, EpLength: 163.00 +/- 14.14
05-01-24 13:36[icct.rl_helpers.eval_callback]INFO | (Eval ) num_timesteps=439500, Reward=296.47 +/- 18.00, EpLength: 198.40 +/- 27.57
05-01-24 13:37[icct.rl_helpers.eval_callback]INFO | (Eval ) num_timesteps=441000, Reward=278.30 +/- 25.54, EpLength: 174.60 +/- 16.21
05-01-24 13:37[icct.rl_helpers.eval_callback]INFO | (Train) Episode: 2160, Avg Reward: 282.88014591066957, Best: 289.1236910303811
05-01-24 13:37[icct.rl_helpers.eval_callback]INFO | (Eval ) num_timesteps=442500, Reward=283.56 +/- 23.19, EpLength: 173.80 +/- 9.87
05-01-24 13:37[icct.rl_helpers.eval_callback]INFO | (Eval ) num_timesteps=444000, Reward=284.92 +/- 8.21, EpLength: 182.20 +/- 25.07
05-01-24 13:37[icct.rl_helpers.eval_callback]INFO | (Eval ) num_timesteps=445500, Reward=285.13 +/- 17.94, EpLength: 191.40 +/- 16.81
05-01-24 13:37[icct.rl_helpers.eval_callback]INFO | (Train) Episode: 2180, Avg Reward: 282.270373901404, Best: 289.1236910303811
05-01-24 13:38[icct.rl_helpers.eval_callback]INFO | (Eval ) num_timesteps=447000, Reward=278.17 +/- 14.82, EpLength: 186.80 +/- 15.89
05-01-24 13:38[icct.rl_helpers.eval_callback]INFO | (Eval ) num_timesteps=448500, Reward=280.99 +/- 9.41, EpLength: 172.00 +/- 21.34
05-01-24 13:38[icct.rl_helpers.eval_callback]INFO | (Train) Episode: 2200, Avg Reward: 278.099834926738, Best: 289.1236910303811
05-01-24 13:38[icct.rl_helpers.eval_callback]INFO | (Eval ) num_timesteps=450000, Reward=277.87 +/- 17.88, EpLength: 176.80 +/- 19.91
05-01-24 13:39[icct.rl_helpers.eval_callback]INFO | (Eval ) num_timesteps=451500, Reward=267.97 +/- 9.89, EpLength: 171.20 +/- 16.77
05-01-24 13:39[icct.rl_helpers.eval_callback]INFO | (Train) Episode: 2220, Avg Reward: 276.61126904410065, Best: 289.1236910303811
05-01-24 13:39[icct.rl_helpers.eval_callback]INFO | (Eval ) num_timesteps=453000, Reward=268.09 +/- 19.75, EpLength: 165.00 +/- 13.78
05-01-24 13:39[icct.rl_helpers.eval_callback]INFO | (Eval ) num_timesteps=454500, Reward=276.13 +/- 10.57, EpLength: 175.00 +/- 21.53
05-01-24 13:39[icct.rl_helpers.eval_callback]INFO | (Eval ) num_timesteps=456000, Reward=282.62 +/- 17.24, EpLength: 180.80 +/- 35.35
05-01-24 13:40[icct.rl_helpers.eval_callback]INFO | (Train) Episode: 2240, Avg Reward: 276.96534502653617, Best: 289.1236910303811
05-01-24 13:40[icct.rl_helpers.eval_callback]INFO | (Eval ) num_timesteps=457500, Reward=286.40 +/- 20.29, EpLength: 275.00 +/- 209.05
05-01-24 13:40[icct.rl_helpers.eval_callback]INFO | (Eval ) num_timesteps=459000, Reward=285.86 +/- 17.00, EpLength: 173.00 +/- 23.32
05-01-24 13:40[icct.rl_helpers.eval_callback]INFO | (Eval ) num_timesteps=460500, Reward=286.15 +/- 25.18, EpLength: 171.20 +/- 30.45
05-01-24 13:41[icct.rl_helpers.eval_callback]INFO | (Train) Episode: 2260, Avg Reward: 275.7782755457609, Best: 289.1236910303811
05-01-24 13:41[icct.rl_helpers.eval_callback]INFO | (Eval ) num_timesteps=462000, Reward=295.08 +/- 13.85, EpLength: 281.40 +/- 185.90
05-01-24 13:41[icct.rl_helpers.eval_callback]INFO | (Eval ) num_timesteps=463500, Reward=281.14 +/- 22.45, EpLength: 200.80 +/- 36.05
05-01-24 13:41[icct.rl_helpers.eval_callback]INFO | (Eval ) num_timesteps=465000, Reward=283.26 +/- 12.70, EpLength: 186.60 +/- 26.45
05-01-24 13:41[icct.rl_helpers.eval_callback]INFO | (Train) Episode: 2280, Avg Reward: 274.8530048826822, Best: 289.1236910303811
05-01-24 13:42[icct.rl_helpers.eval_callback]INFO | (Eval ) num_timesteps=466500, Reward=286.79 +/- 17.59, EpLength: 183.20 +/- 20.27
05-01-24 13:42[icct.rl_helpers.eval_callback]INFO | (Eval ) num_timesteps=468000, Reward=289.53 +/- 11.37, EpLength: 182.20 +/- 14.68
05-01-24 13:42[icct.rl_helpers.eval_callback]INFO | (Train) Episode: 2300, Avg Reward: 278.8976676259, Best: 289.1236910303811
05-01-24 13:42[icct.rl_helpers.eval_callback]INFO | (Eval ) num_timesteps=469500, Reward=283.96 +/- 9.80, EpLength: 177.80 +/- 11.65
05-01-24 13:42[icct.rl_helpers.eval_callback]INFO | (Eval ) num_timesteps=471000, Reward=281.89 +/- 16.12, EpLength: 169.60 +/- 23.13
05-01-24 13:43[icct.rl_helpers.eval_callback]INFO | (Eval ) num_timesteps=472500, Reward=292.84 +/- 14.13, EpLength: 177.80 +/- 12.83
05-01-24 13:43[icct.rl_helpers.eval_callback]INFO | (Train) Episode: 2320, Avg Reward: 280.21486029761707, Best: 289.1236910303811
05-01-24 13:43[icct.rl_helpers.eval_callback]INFO | (Eval ) num_timesteps=474000, Reward=294.44 +/- 8.65, EpLength: 175.00 +/- 13.22
05-01-24 13:43[icct.rl_helpers.eval_callback]INFO | (Eval ) num_timesteps=475500, Reward=278.49 +/- 18.75, EpLength: 186.80 +/- 20.29
05-01-24 13:43[icct.rl_helpers.eval_callback]INFO | (Train) Episode: 2340, Avg Reward: 281.81530420354125, Best: 289.1236910303811
05-01-24 13:44[icct.rl_helpers.eval_callback]INFO | (Eval ) num_timesteps=477000, Reward=268.55 +/- 10.66, EpLength: 169.40 +/- 14.61
05-01-24 13:44[icct.rl_helpers.eval_callback]INFO | (Eval ) num_timesteps=478500, Reward=285.76 +/- 10.34, EpLength: 173.00 +/- 18.40
05-01-24 13:44[icct.rl_helpers.eval_callback]INFO | (Eval ) num_timesteps=480000, Reward=292.80 +/- 5.97, EpLength: 256.60 +/- 132.53
05-01-24 13:44[icct.rl_helpers.eval_callback]INFO | (Train) Episode: 2360, Avg Reward: 284.36068571698723, Best: 289.1236910303811
05-01-24 13:44[icct.rl_helpers.eval_callback]INFO | (Eval ) num_timesteps=481500, Reward=289.37 +/- 25.92, EpLength: 202.00 +/- 11.44
05-01-24 13:45[icct.rl_helpers.eval_callback]INFO | (Eval ) num_timesteps=483000, Reward=276.84 +/- 18.71, EpLength: 189.20 +/- 25.49
05-01-24 13:45[icct.rl_helpers.eval_callback]INFO | (Train) Episode: 2380, Avg Reward: 284.82986945443486, Best: 289.1236910303811
05-01-24 13:45[icct.rl_helpers.eval_callback]INFO | (Eval ) num_timesteps=484500, Reward=268.55 +/- 16.57, EpLength: 187.20 +/- 13.99
05-01-24 13:45[icct.rl_helpers.eval_callback]INFO | (Eval ) num_timesteps=486000, Reward=272.17 +/- 9.20, EpLength: 170.00 +/- 22.32
05-01-24 13:46[icct.rl_helpers.eval_callback]INFO | (Eval ) num_timesteps=487500, Reward=285.21 +/- 25.68, EpLength: 183.20 +/- 24.62
05-01-24 13:46[icct.rl_helpers.eval_callback]INFO | (Train) Episode: 2400, Avg Reward: 285.0316151364583, Best: 289.1236910303811
05-01-24 13:46[icct.rl_helpers.eval_callback]INFO | (Eval ) num_timesteps=489000, Reward=285.87 +/- 8.81, EpLength: 404.00 +/- 235.18
05-01-24 13:46[icct.rl_helpers.eval_callback]INFO | (Eval ) num_timesteps=490500, Reward=272.74 +/- 13.11, EpLength: 219.20 +/- 28.86
05-01-24 13:47[icct.rl_helpers.eval_callback]INFO | (Eval ) num_timesteps=492000, Reward=268.08 +/- 49.44, EpLength: 345.20 +/- 328.64
05-01-24 13:47[icct.rl_helpers.eval_callback]INFO | (Train) Episode: 2420, Avg Reward: 285.19378254112996, Best: 289.1236910303811
05-01-24 13:47[icct.rl_helpers.eval_callback]INFO | (Eval ) num_timesteps=493500, Reward=283.21 +/- 9.81, EpLength: 175.80 +/- 12.98
05-01-24 13:47[icct.rl_helpers.eval_callback]INFO | (Eval ) num_timesteps=495000, Reward=289.18 +/- 15.85, EpLength: 179.60 +/- 20.28
05-01-24 13:47[icct.rl_helpers.eval_callback]INFO | (Train) Episode: 2440, Avg Reward: 285.4059060857131, Best: 289.1236910303811
05-01-24 13:47[icct.rl_helpers.eval_callback]INFO | (Eval ) num_timesteps=496500, Reward=278.53 +/- 23.83, EpLength: 172.40 +/- 17.92
05-01-24 13:48[icct.rl_helpers.eval_callback]INFO | (Eval ) num_timesteps=498000, Reward=293.77 +/- 10.38, EpLength: 178.80 +/- 16.70
05-01-24 13:48[icct.rl_helpers.eval_callback]INFO | (Eval ) num_timesteps=499500, Reward=285.35 +/- 23.12, EpLength: 171.20 +/- 11.82
05-01-24 13:48[icct.rl_helpers.eval_callback]INFO | (Train) Episode: 2460, Avg Reward: 286.63970096423895, Best: 289.1236910303811
05-01-24 13:48[root]INFO | [END]======> Execution time of seed 23: 1 hours, 37 minutes, 37 seconds
