20-04-24 15:23[root]INFO | Training on env: walker
20-04-24 15:23[root]INFO | Agent Type: dgt
20-04-24 15:23[root]INFO | Log Directory: ./logs/walker_cpu/dgt/128leaves_17-23-15-20-Apr_Final/
20-04-24 15:23[root]INFO | GPU?: False
20-04-24 15:23[root]INFO | Num Leaves: 128
20-04-24 15:23[root]INFO | DGT Policy
20-04-24 15:23[root]INFO | Value Net Size: [256, 256]
20-04-24 15:23[root]INFO | [START]======> Training Started for Seed [19]: 2024-04-20 15:23:24
20-04-24 15:23[root]INFO | actor: DGTActor(
  (features_extractor): FlattenExtractor(
    (flatten): Flatten(start_dim=1, end_dim=-1)
  )
  (drnet): DGT(
    (_and_act_fn): Softmax(dim=-1)
    (_predicate_l): Sequential(
      (0): Linear(in_features=24, out_features=127, bias=True)
    )
    (_and_l): XLinear(
      (_l): Linear(in_features=127, out_features=128, bias=False)
    )
    (_or_l): XLinear(
      (_l): Linear(in_features=128, out_features=4, bias=False)
    )
  )
)
20-04-24 15:23[icct.rl_helpers.eval_callback]INFO | (Eval ) num_timesteps=1500, Reward=-110.99 +/- 0.22, EpLength: 82.00 +/- 5.97
20-04-24 15:23[icct.rl_helpers.eval_callback]INFO | (Save ) Storing Best Model: New best mean reward!
20-04-24 15:23[icct.rl_helpers.eval_callback]INFO | (Train) Episode: 0, Avg Reward: -81.48007772336132, Best: -81.48007772336132
20-04-24 15:23[icct.rl_helpers.eval_callback]INFO | (Eval ) num_timesteps=3000, Reward=-111.15 +/- 0.19, EpLength: 83.80 +/- 5.23
20-04-24 15:23[icct.rl_helpers.eval_callback]INFO | (Eval ) num_timesteps=4500, Reward=-111.23 +/- 0.71, EpLength: 87.60 +/- 13.72
20-04-24 15:23[icct.rl_helpers.eval_callback]INFO | (Eval ) num_timesteps=6000, Reward=-111.11 +/- 0.03, EpLength: 81.00 +/- 0.63
20-04-24 15:23[icct.rl_helpers.eval_callback]INFO | (Train) Episode: 10, Avg Reward: -100.23349332667591, Best: -80.80399220532308
20-04-24 15:23[icct.rl_helpers.eval_callback]INFO | (Eval ) num_timesteps=7500, Reward=-111.38 +/- 0.57, EpLength: 88.80 +/- 13.12
20-04-24 15:23[icct.rl_helpers.eval_callback]INFO | (Eval ) num_timesteps=9000, Reward=-111.14 +/- 0.06, EpLength: 81.80 +/- 1.83
20-04-24 15:23[icct.rl_helpers.eval_callback]INFO | (Eval ) num_timesteps=10500, Reward=-78.01 +/- 0.20, EpLength: 1600.00 +/- 0.00
20-04-24 15:23[icct.rl_helpers.eval_callback]INFO | (Save ) Storing Best Model: New best mean reward!
20-04-24 15:24[icct.rl_helpers.eval_callback]INFO | (Train) Episode: 20, Avg Reward: -106.24920099828068, Best: -80.80399220532308
20-04-24 15:25[icct.rl_helpers.eval_callback]INFO | (Eval ) num_timesteps=12000, Reward=-119.77 +/- 0.13, EpLength: 93.20 +/- 3.43
20-04-24 15:26[icct.rl_helpers.eval_callback]INFO | (Eval ) num_timesteps=13500, Reward=-119.70 +/- 0.12, EpLength: 93.00 +/- 3.52
20-04-24 15:26[icct.rl_helpers.eval_callback]INFO | (Eval ) num_timesteps=15000, Reward=-119.76 +/- 0.13, EpLength: 92.40 +/- 4.22
20-04-24 15:27[icct.rl_helpers.eval_callback]INFO | (Eval ) num_timesteps=16500, Reward=-119.69 +/- 0.16, EpLength: 92.20 +/- 4.26
20-04-24 15:27[icct.rl_helpers.eval_callback]INFO | (Train) Episode: 30, Avg Reward: -107.32804744001011, Best: -80.80399220532308
20-04-24 15:27[icct.rl_helpers.eval_callback]INFO | (Eval ) num_timesteps=18000, Reward=-173.97 +/- 10.92, EpLength: 670.80 +/- 158.61
20-04-24 15:27[icct.rl_helpers.eval_callback]INFO | (Train) Episode: 40, Avg Reward: -111.48779802028994, Best: -80.80399220532308
20-04-24 15:28[icct.rl_helpers.eval_callback]INFO | (Train) Episode: 50, Avg Reward: -112.22322505105736, Best: -80.80399220532308
20-04-24 15:28[icct.rl_helpers.eval_callback]INFO | (Eval ) num_timesteps=19500, Reward=-178.87 +/- 46.49, EpLength: 667.20 +/- 476.91
20-04-24 15:28[icct.rl_helpers.eval_callback]INFO | (Train) Episode: 60, Avg Reward: -112.97476179450956, Best: -80.80399220532308
20-04-24 15:29[icct.rl_helpers.eval_callback]INFO | (Eval ) num_timesteps=21000, Reward=-115.96 +/- 0.08, EpLength: 63.80 +/- 0.40
20-04-24 15:30[icct.rl_helpers.eval_callback]INFO | (Eval ) num_timesteps=22500, Reward=-163.47 +/- 0.06, EpLength: 1600.00 +/- 0.00
20-04-24 15:31[icct.rl_helpers.eval_callback]INFO | (Eval ) num_timesteps=24000, Reward=-113.39 +/- 0.07, EpLength: 50.00 +/- 0.00
20-04-24 15:31[icct.rl_helpers.eval_callback]INFO | (Train) Episode: 70, Avg Reward: -113.57004230923575, Best: -80.80399220532308
20-04-24 15:31[icct.rl_helpers.eval_callback]INFO | (Train) Episode: 80, Avg Reward: -113.42076776724964, Best: -80.80399220532308
20-04-24 15:31[icct.rl_helpers.eval_callback]INFO | (Eval ) num_timesteps=25500, Reward=-113.16 +/- 0.02, EpLength: 61.00 +/- 0.00
20-04-24 15:31[icct.rl_helpers.eval_callback]INFO | (Train) Episode: 90, Avg Reward: -113.63389283748813, Best: -80.80399220532308
20-04-24 15:32[icct.rl_helpers.eval_callback]INFO | (Eval ) num_timesteps=27000, Reward=-128.87 +/- 0.23, EpLength: 72.00 +/- 0.63
20-04-24 15:32[icct.rl_helpers.eval_callback]INFO | (Train) Episode: 100, Avg Reward: -114.57369726714771, Best: -80.80399220532308
20-04-24 15:32[icct.rl_helpers.eval_callback]INFO | (Eval ) num_timesteps=28500, Reward=-115.68 +/- 0.12, EpLength: 74.20 +/- 0.40
20-04-24 15:33[icct.rl_helpers.eval_callback]INFO | (Eval ) num_timesteps=30000, Reward=-122.64 +/- 0.39, EpLength: 61.40 +/- 0.80
20-04-24 15:34[icct.rl_helpers.eval_callback]INFO | (Eval ) num_timesteps=31500, Reward=-123.90 +/- 0.02, EpLength: 56.00 +/- 0.00
20-04-24 15:34[icct.rl_helpers.eval_callback]INFO | (Train) Episode: 110, Avg Reward: -116.40843713225131, Best: -80.80399220532308
20-04-24 15:34[icct.rl_helpers.eval_callback]INFO | (Train) Episode: 120, Avg Reward: -116.98374496830384, Best: -80.80399220532308
20-04-24 15:34[icct.rl_helpers.eval_callback]INFO | (Eval ) num_timesteps=33000, Reward=-123.30 +/- 0.02, EpLength: 50.00 +/- 0.00
20-04-24 15:34[icct.rl_helpers.eval_callback]INFO | (Train) Episode: 130, Avg Reward: -117.74037244743468, Best: -80.80399220532308
20-04-24 15:35[icct.rl_helpers.eval_callback]INFO | (Eval ) num_timesteps=34500, Reward=-123.52 +/- 0.02, EpLength: 50.00 +/- 0.00
20-04-24 15:35[icct.rl_helpers.eval_callback]INFO | (Eval ) num_timesteps=36000, Reward=-105.76 +/- 1.08, EpLength: 75.60 +/- 0.80
20-04-24 15:36[icct.rl_helpers.eval_callback]INFO | (Train) Episode: 140, Avg Reward: -118.05961746811383, Best: -80.80399220532308
20-04-24 15:36[icct.rl_helpers.eval_callback]INFO | (Eval ) num_timesteps=37500, Reward=-106.75 +/- 2.30, EpLength: 86.60 +/- 4.18
20-04-24 15:36[icct.rl_helpers.eval_callback]INFO | (Eval ) num_timesteps=39000, Reward=-105.50 +/- 0.34, EpLength: 73.20 +/- 0.40
20-04-24 15:36[icct.rl_helpers.eval_callback]INFO | (Train) Episode: 150, Avg Reward: -117.59383515985374, Best: -80.80399220532308
20-04-24 15:37[icct.rl_helpers.eval_callback]INFO | (Eval ) num_timesteps=40500, Reward=-103.00 +/- 0.54, EpLength: 96.60 +/- 20.39
20-04-24 15:37[icct.rl_helpers.eval_callback]INFO | (Train) Episode: 160, Avg Reward: -117.64904450895108, Best: -80.80399220532308
20-04-24 15:37[icct.rl_helpers.eval_callback]INFO | (Train) Episode: 170, Avg Reward: -116.45206198137464, Best: -80.80399220532308
20-04-24 15:37[icct.rl_helpers.eval_callback]INFO | (Eval ) num_timesteps=42000, Reward=-104.94 +/- 1.02, EpLength: 85.80 +/- 9.56
20-04-24 15:37[icct.rl_helpers.eval_callback]INFO | (Train) Episode: 180, Avg Reward: -116.61601996539139, Best: -80.80399220532308
20-04-24 15:37[icct.rl_helpers.eval_callback]INFO | (Eval ) num_timesteps=43500, Reward=-101.58 +/- 0.55, EpLength: 77.80 +/- 0.40
20-04-24 15:37[icct.rl_helpers.eval_callback]INFO | (Train) Episode: 190, Avg Reward: -115.64839811757942, Best: -80.80399220532308
20-04-24 15:38[icct.rl_helpers.eval_callback]INFO | (Eval ) num_timesteps=45000, Reward=-95.42 +/- 0.19, EpLength: 84.80 +/- 0.40
20-04-24 15:38[icct.rl_helpers.eval_callback]INFO | (Eval ) num_timesteps=46500, Reward=-95.45 +/- 0.07, EpLength: 85.00 +/- 0.63
20-04-24 15:38[icct.rl_helpers.eval_callback]INFO | (Eval ) num_timesteps=48000, Reward=-95.10 +/- 0.08, EpLength: 90.80 +/- 0.98
20-04-24 15:39[icct.rl_helpers.eval_callback]INFO | (Train) Episode: 200, Avg Reward: -113.73036732439343, Best: -80.80399220532308
20-04-24 15:39[icct.rl_helpers.eval_callback]INFO | (Eval ) num_timesteps=49500, Reward=-95.19 +/- 0.20, EpLength: 91.60 +/- 3.61
20-04-24 15:39[icct.rl_helpers.eval_callback]INFO | (Eval ) num_timesteps=51000, Reward=-95.51 +/- 0.61, EpLength: 88.00 +/- 9.53
20-04-24 15:39[icct.rl_helpers.eval_callback]INFO | (Eval ) num_timesteps=52500, Reward=-96.84 +/- 0.41, EpLength: 72.80 +/- 3.12
20-04-24 15:40[icct.rl_helpers.eval_callback]INFO | (Eval ) num_timesteps=54000, Reward=-96.52 +/- 1.91, EpLength: 72.40 +/- 16.79
20-04-24 15:40[icct.rl_helpers.eval_callback]INFO | (Eval ) num_timesteps=55500, Reward=-95.32 +/- 0.05, EpLength: 137.20 +/- 7.60
20-04-24 15:40[icct.rl_helpers.eval_callback]INFO | (Eval ) num_timesteps=57000, Reward=-95.81 +/- 0.13, EpLength: 138.00 +/- 5.90
20-04-24 15:40[icct.rl_helpers.eval_callback]INFO | (Train) Episode: 210, Avg Reward: -110.77860298684196, Best: -80.80399220532308
20-04-24 15:41[icct.rl_helpers.eval_callback]INFO | (Eval ) num_timesteps=58500, Reward=-96.75 +/- 0.35, EpLength: 157.20 +/- 12.48
20-04-24 15:41[icct.rl_helpers.eval_callback]INFO | (Eval ) num_timesteps=60000, Reward=-66.69 +/- 3.43, EpLength: 1600.00 +/- 0.00
20-04-24 15:41[icct.rl_helpers.eval_callback]INFO | (Save ) Storing Best Model: New best mean reward!
20-04-24 15:41[icct.rl_helpers.eval_callback]INFO | (Eval ) num_timesteps=61500, Reward=-111.47 +/- 3.08, EpLength: 1600.00 +/- 0.00
20-04-24 15:42[icct.rl_helpers.eval_callback]INFO | (Eval ) num_timesteps=63000, Reward=-127.48 +/- 0.81, EpLength: 1002.40 +/- 731.91
20-04-24 15:42[icct.rl_helpers.eval_callback]INFO | (Train) Episode: 220, Avg Reward: -110.02443188411574, Best: -80.80399220532308
20-04-24 15:42[icct.rl_helpers.eval_callback]INFO | (Eval ) num_timesteps=64500, Reward=-137.46 +/- 0.03, EpLength: 1600.00 +/- 0.00
20-04-24 15:42[icct.rl_helpers.eval_callback]INFO | (Eval ) num_timesteps=66000, Reward=-133.12 +/- 3.01, EpLength: 1600.00 +/- 0.00
20-04-24 15:43[icct.rl_helpers.eval_callback]INFO | (Eval ) num_timesteps=67500, Reward=-129.75 +/- 0.27, EpLength: 1600.00 +/- 0.00
20-04-24 15:43[icct.rl_helpers.eval_callback]INFO | (Eval ) num_timesteps=69000, Reward=-161.90 +/- 23.52, EpLength: 1312.40 +/- 575.20
20-04-24 15:44[icct.rl_helpers.eval_callback]INFO | (Eval ) num_timesteps=70500, Reward=-178.82 +/- 0.02, EpLength: 1600.00 +/- 0.00
20-04-24 15:44[icct.rl_helpers.eval_callback]INFO | (Eval ) num_timesteps=72000, Reward=-107.92 +/- 0.24, EpLength: 112.80 +/- 1.94
20-04-24 15:44[icct.rl_helpers.eval_callback]INFO | (Eval ) num_timesteps=73500, Reward=-150.74 +/- 34.76, EpLength: 1005.40 +/- 728.23
20-04-24 15:45[icct.rl_helpers.eval_callback]INFO | (Eval ) num_timesteps=75000, Reward=-165.46 +/- 27.49, EpLength: 1302.60 +/- 594.80
20-04-24 15:45[icct.rl_helpers.eval_callback]INFO | (Eval ) num_timesteps=76500, Reward=-179.22 +/- 0.04, EpLength: 1600.00 +/- 0.00
20-04-24 15:46[icct.rl_helpers.eval_callback]INFO | (Eval ) num_timesteps=78000, Reward=-179.28 +/- 0.03, EpLength: 1600.00 +/- 0.00
20-04-24 15:46[icct.rl_helpers.eval_callback]INFO | (Train) Episode: 230, Avg Reward: -115.13722641727831, Best: -80.80399220532308
20-04-24 15:46[icct.rl_helpers.eval_callback]INFO | (Eval ) num_timesteps=79500, Reward=-179.28 +/- 0.03, EpLength: 1600.00 +/- 0.00
20-04-24 15:46[icct.rl_helpers.eval_callback]INFO | (Eval ) num_timesteps=81000, Reward=-112.32 +/- 0.36, EpLength: 74.80 +/- 5.15
20-04-24 15:47[icct.rl_helpers.eval_callback]INFO | (Eval ) num_timesteps=82500, Reward=-92.62 +/- 0.14, EpLength: 1600.00 +/- 0.00
