07-02-24 22:10[root]INFO | Training on env: walker
07-02-24 22:10[root]INFO | Agent Type: drnet
07-02-24 22:10[root]INFO | Log Directory: ./logs/walker_cpu/drnet/64leaves_40-09-22-07-Feb_Final_sm/
07-02-24 22:10[root]INFO | GPU?: False
07-02-24 22:10[root]INFO | Num Leaves: 64
07-02-24 22:10[root]INFO | DTRegNet Policy
07-02-24 22:10[root]INFO | Value Net Size: [512, 512]
07-02-24 22:10[root]INFO | [START]======> Training Started for Seed [13]: 2024-02-07 22:10:25
07-02-24 22:10[root]INFO | actor: DTRegNetActor(
  (features_extractor): FlattenExtractor(
    (flatten): Flatten(start_dim=1, end_dim=-1)
  )
  (drnet): DTSemNetReg(
    (linear1): Linear(in_features=24, out_features=63, bias=True)
    (reluP): ReLU()
    (reluM): ReLU()
    (linear2): Linear(in_features=126, out_features=64, bias=False)
    (mpool): MaxPoolLayer()
    (softmax): Softmax(dim=-1)
    (ste): STE()
    (regression_layer_action): Linear(in_features=64, out_features=96, bias=True)
  )
)
07-02-24 22:10[icct.rl_helpers.eval_callback]INFO | (Train) Episode: 0, Avg Reward: -101.484948448473, Best: -101.484948448473
07-02-24 22:10[icct.rl_helpers.eval_callback]INFO | (Train) Episode: 20, Avg Reward: -100.71589667847145, Best: -91.05536908403701
07-02-24 22:12[icct.rl_helpers.eval_callback]INFO | (Train) Episode: 40, Avg Reward: -105.50299224755156, Best: -91.05536908403701
07-02-24 22:13[icct.rl_helpers.eval_callback]INFO | (Eval ) num_timesteps=20000, Reward=-50.41 +/- 13.98, EpLength: 1600.00 +/- 0.00
07-02-24 22:13[icct.rl_helpers.eval_callback]INFO | (Save ) Storing Best Model: New best mean reward!
07-02-24 22:16[icct.rl_helpers.eval_callback]INFO | (Train) Episode: 60, Avg Reward: -104.61416339761509, Best: -91.05536908403701
07-02-24 22:19[icct.rl_helpers.eval_callback]INFO | (Eval ) num_timesteps=40000, Reward=-118.40 +/- 34.39, EpLength: 856.60 +/- 614.47
07-02-24 22:19[icct.rl_helpers.eval_callback]INFO | (Train) Episode: 80, Avg Reward: -103.45699872977794, Best: -91.05536908403701
07-02-24 22:24[icct.rl_helpers.eval_callback]INFO | (Train) Episode: 100, Avg Reward: -101.87334153915248, Best: -91.05536908403701
07-02-24 22:25[icct.rl_helpers.eval_callback]INFO | (Eval ) num_timesteps=60000, Reward=-33.50 +/- 0.93, EpLength: 1600.00 +/- 0.00
07-02-24 22:25[icct.rl_helpers.eval_callback]INFO | (Save ) Storing Best Model: New best mean reward!
07-02-24 22:27[icct.rl_helpers.eval_callback]INFO | (Train) Episode: 120, Avg Reward: -101.64816803390053, Best: -91.05536908403701
07-02-24 22:31[icct.rl_helpers.eval_callback]INFO | (Eval ) num_timesteps=80000, Reward=-47.51 +/- 43.90, EpLength: 1187.80 +/- 564.82
07-02-24 22:33[icct.rl_helpers.eval_callback]INFO | (Train) Episode: 140, Avg Reward: -94.00704775844451, Best: -91.05536908403701
07-02-24 22:37[icct.rl_helpers.eval_callback]INFO | (Eval ) num_timesteps=100000, Reward=-24.02 +/- 1.68, EpLength: 1600.00 +/- 0.00
07-02-24 22:37[icct.rl_helpers.eval_callback]INFO | (Save ) Storing Best Model: New best mean reward!
07-02-24 22:40[icct.rl_helpers.eval_callback]INFO | (Train) Episode: 160, Avg Reward: -86.01539015665762, Best: -86.01539015665762
07-02-24 22:42[icct.rl_helpers.eval_callback]INFO | (Eval ) num_timesteps=120000, Reward=71.89 +/- 3.29, EpLength: 1600.00 +/- 0.00
07-02-24 22:42[icct.rl_helpers.eval_callback]INFO | (Save ) Storing Best Model: New best mean reward!
07-02-24 22:48[icct.rl_helpers.eval_callback]INFO | (Eval ) num_timesteps=140000, Reward=81.85 +/- 90.87, EpLength: 1394.00 +/- 412.00
07-02-24 22:48[icct.rl_helpers.eval_callback]INFO | (Save ) Storing Best Model: New best mean reward!
07-02-24 22:49[icct.rl_helpers.eval_callback]INFO | (Train) Episode: 180, Avg Reward: -49.239819758135255, Best: -49.239819758135255
07-02-24 22:53[icct.rl_helpers.eval_callback]INFO | (Eval ) num_timesteps=160000, Reward=268.27 +/- 1.86, EpLength: 1515.20 +/- 29.61
07-02-24 22:53[icct.rl_helpers.eval_callback]INFO | (Save ) Storing Best Model: New best mean reward!
07-02-24 22:57[icct.rl_helpers.eval_callback]INFO | (Train) Episode: 200, Avg Reward: 13.52670523231318, Best: 13.52670523231318
07-02-24 22:59[icct.rl_helpers.eval_callback]INFO | (Eval ) num_timesteps=180000, Reward=256.25 +/- 50.83, EpLength: 1202.40 +/- 21.34
07-02-24 23:02[icct.rl_helpers.eval_callback]INFO | (Train) Episode: 220, Avg Reward: 65.05710951558277, Best: 65.05710951558277
07-02-24 23:05[icct.rl_helpers.eval_callback]INFO | (Eval ) num_timesteps=200000, Reward=278.23 +/- 0.95, EpLength: 1262.40 +/- 16.39
07-02-24 23:05[icct.rl_helpers.eval_callback]INFO | (Save ) Storing Best Model: New best mean reward!
07-02-24 23:08[icct.rl_helpers.eval_callback]INFO | (Train) Episode: 240, Avg Reward: 124.6099315759004, Best: 124.6099315759004
07-02-24 23:10[icct.rl_helpers.eval_callback]INFO | (Eval ) num_timesteps=220000, Reward=245.70 +/- 78.74, EpLength: 995.80 +/- 107.90
07-02-24 23:15[icct.rl_helpers.eval_callback]INFO | (Train) Episode: 260, Avg Reward: 194.19252771023721, Best: 194.19252771023721
07-02-24 23:16[icct.rl_helpers.eval_callback]INFO | (Eval ) num_timesteps=240000, Reward=223.22 +/- 140.52, EpLength: 855.20 +/- 309.45
07-02-24 23:20[icct.rl_helpers.eval_callback]INFO | (Train) Episode: 280, Avg Reward: 223.34132984870564, Best: 223.34132984870564
07-02-24 23:22[icct.rl_helpers.eval_callback]INFO | (Eval ) num_timesteps=260000, Reward=295.28 +/- 1.06, EpLength: 1035.80 +/- 16.76
07-02-24 23:22[icct.rl_helpers.eval_callback]INFO | (Save ) Storing Best Model: New best mean reward!
07-02-24 23:25[icct.rl_helpers.eval_callback]INFO | (Train) Episode: 300, Avg Reward: 232.29777117993726, Best: 235.02826561817187
07-02-24 23:28[icct.rl_helpers.eval_callback]INFO | (Eval ) num_timesteps=280000, Reward=301.33 +/- 0.91, EpLength: 964.20 +/- 17.90
07-02-24 23:28[icct.rl_helpers.eval_callback]INFO | (Save ) Storing Best Model: New best mean reward!
07-02-24 23:31[icct.rl_helpers.eval_callback]INFO | (Train) Episode: 320, Avg Reward: 253.41500459858943, Best: 253.41500459858943
07-02-24 23:33[icct.rl_helpers.eval_callback]INFO | (Eval ) num_timesteps=300000, Reward=306.62 +/- 1.53, EpLength: 916.80 +/- 17.13
07-02-24 23:33[icct.rl_helpers.eval_callback]INFO | (Save ) Storing Best Model: New best mean reward!
07-02-24 23:35[icct.rl_helpers.eval_callback]INFO | (Train) Episode: 340, Avg Reward: 253.0471561228825, Best: 255.77558825940687
07-02-24 23:39[icct.rl_helpers.eval_callback]INFO | (Eval ) num_timesteps=320000, Reward=255.77 +/- 92.11, EpLength: 845.80 +/- 152.12
07-02-24 23:40[icct.rl_helpers.eval_callback]INFO | (Train) Episode: 360, Avg Reward: 230.31644940285798, Best: 255.77558825940687
07-02-24 23:45[icct.rl_helpers.eval_callback]INFO | (Train) Episode: 380, Avg Reward: 240.68284883262487, Best: 255.77558825940687
07-02-24 23:45[icct.rl_helpers.eval_callback]INFO | (Eval ) num_timesteps=340000, Reward=236.25 +/- 126.98, EpLength: 773.40 +/- 239.99
07-02-24 23:50[icct.rl_helpers.eval_callback]INFO | (Train) Episode: 400, Avg Reward: 244.2822883883813, Best: 255.77558825940687
07-02-24 23:51[icct.rl_helpers.eval_callback]INFO | (Eval ) num_timesteps=360000, Reward=302.89 +/- 0.67, EpLength: 872.80 +/- 11.69
07-02-24 23:55[icct.rl_helpers.eval_callback]INFO | (Train) Episode: 420, Avg Reward: 248.07797111605672, Best: 255.77558825940687
07-02-24 23:56[icct.rl_helpers.eval_callback]INFO | (Eval ) num_timesteps=380000, Reward=313.28 +/- 0.56, EpLength: 868.00 +/- 8.05
07-02-24 23:56[icct.rl_helpers.eval_callback]INFO | (Save ) Storing Best Model: New best mean reward!
08-02-24 00:00[icct.rl_helpers.eval_callback]INFO | (Train) Episode: 440, Avg Reward: 262.1142780315646, Best: 262.1142780315646
08-02-24 00:02[icct.rl_helpers.eval_callback]INFO | (Eval ) num_timesteps=400000, Reward=313.71 +/- 1.08, EpLength: 892.00 +/- 12.51
08-02-24 00:02[icct.rl_helpers.eval_callback]INFO | (Save ) Storing Best Model: New best mean reward!
08-02-24 00:05[icct.rl_helpers.eval_callback]INFO | (Train) Episode: 460, Avg Reward: 284.28656996791165, Best: 286.3665261434755
08-02-24 00:08[icct.rl_helpers.eval_callback]INFO | (Eval ) num_timesteps=420000, Reward=311.22 +/- 0.90, EpLength: 878.80 +/- 4.40
08-02-24 00:09[icct.rl_helpers.eval_callback]INFO | (Train) Episode: 480, Avg Reward: 277.1618366830842, Best: 287.0101917585064
08-02-24 00:14[icct.rl_helpers.eval_callback]INFO | (Train) Episode: 500, Avg Reward: 279.83441733081924, Best: 287.0101917585064
08-02-24 00:14[icct.rl_helpers.eval_callback]INFO | (Eval ) num_timesteps=440000, Reward=314.73 +/- 0.62, EpLength: 839.80 +/- 3.31
08-02-24 00:14[icct.rl_helpers.eval_callback]INFO | (Save ) Storing Best Model: New best mean reward!
08-02-24 00:19[icct.rl_helpers.eval_callback]INFO | (Train) Episode: 520, Avg Reward: 280.301985489232, Best: 287.0101917585064
08-02-24 00:20[icct.rl_helpers.eval_callback]INFO | (Eval ) num_timesteps=460000, Reward=279.03 +/- 70.21, EpLength: 784.40 +/- 70.74
08-02-24 00:23[icct.rl_helpers.eval_callback]INFO | (Train) Episode: 540, Avg Reward: 272.54163218709755, Best: 287.0101917585064
08-02-24 00:26[icct.rl_helpers.eval_callback]INFO | (Eval ) num_timesteps=480000, Reward=313.60 +/- 0.38, EpLength: 864.60 +/- 9.31
08-02-24 00:28[icct.rl_helpers.eval_callback]INFO | (Train) Episode: 560, Avg Reward: 270.97004673797755, Best: 287.0101917585064
08-02-24 00:32[icct.rl_helpers.eval_callback]INFO | (Eval ) num_timesteps=500000, Reward=312.58 +/- 1.01, EpLength: 880.40 +/- 11.09
08-02-24 00:33[icct.rl_helpers.eval_callback]INFO | (Train) Episode: 580, Avg Reward: 284.0240301446367, Best: 287.0101917585064
08-02-24 00:38[icct.rl_helpers.eval_callback]INFO | (Train) Episode: 600, Avg Reward: 280.1003038957807, Best: 287.1866368200398
08-02-24 00:38[icct.rl_helpers.eval_callback]INFO | (Eval ) num_timesteps=520000, Reward=318.65 +/- 0.63, EpLength: 779.60 +/- 7.23
08-02-24 00:38[icct.rl_helpers.eval_callback]INFO | (Save ) Storing Best Model: New best mean reward!
08-02-24 00:43[icct.rl_helpers.eval_callback]INFO | (Train) Episode: 620, Avg Reward: 285.58741808409474, Best: 287.1866368200398
08-02-24 00:44[icct.rl_helpers.eval_callback]INFO | (Eval ) num_timesteps=540000, Reward=314.23 +/- 0.51, EpLength: 772.80 +/- 4.96
08-02-24 00:47[icct.rl_helpers.eval_callback]INFO | (Train) Episode: 640, Avg Reward: 291.38494452873965, Best: 294.6611779764838
08-02-24 00:50[icct.rl_helpers.eval_callback]INFO | (Eval ) num_timesteps=560000, Reward=314.46 +/- 0.29, EpLength: 775.20 +/- 8.47
08-02-24 00:52[icct.rl_helpers.eval_callback]INFO | (Train) Episode: 660, Avg Reward: 297.0431755274496, Best: 297.0431755274496
08-02-24 00:56[icct.rl_helpers.eval_callback]INFO | (Eval ) num_timesteps=580000, Reward=318.21 +/- 0.96, EpLength: 777.00 +/- 8.97
08-02-24 00:56[icct.rl_helpers.eval_callback]INFO | (Train) Episode: 680, Avg Reward: 291.5386821631602, Best: 297.3563382635135
08-02-24 01:01[icct.rl_helpers.eval_callback]INFO | (Train) Episode: 700, Avg Reward: 299.41863754833764, Best: 299.41863754833764
08-02-24 01:02[icct.rl_helpers.eval_callback]INFO | (Eval ) num_timesteps=600000, Reward=313.98 +/- 0.90, EpLength: 770.60 +/- 11.84
08-02-24 01:05[icct.rl_helpers.eval_callback]INFO | (Train) Episode: 720, Avg Reward: 289.9002421896949, Best: 299.4478920967942
08-02-24 01:08[icct.rl_helpers.eval_callback]INFO | (Eval ) num_timesteps=620000, Reward=313.16 +/- 1.00, EpLength: 775.60 +/- 14.37
08-02-24 01:10[icct.rl_helpers.eval_callback]INFO | (Train) Episode: 740, Avg Reward: 295.8365624843644, Best: 299.4478920967942
08-02-24 01:14[icct.rl_helpers.eval_callback]INFO | (Eval ) num_timesteps=640000, Reward=250.43 +/- 121.50, EpLength: 665.60 +/- 170.86
08-02-24 01:15[icct.rl_helpers.eval_callback]INFO | (Train) Episode: 760, Avg Reward: 298.1147956781593, Best: 299.4478920967942
08-02-24 01:19[icct.rl_helpers.eval_callback]INFO | (Train) Episode: 780, Avg Reward: 301.25048330816685, Best: 302.5998767890346
08-02-24 01:20[icct.rl_helpers.eval_callback]INFO | (Eval ) num_timesteps=660000, Reward=263.20 +/- 101.89, EpLength: 717.80 +/- 121.46
08-02-24 01:24[icct.rl_helpers.eval_callback]INFO | (Train) Episode: 800, Avg Reward: 301.47296861341437, Best: 302.5998767890346
08-02-24 01:26[icct.rl_helpers.eval_callback]INFO | (Eval ) num_timesteps=680000, Reward=320.75 +/- 0.78, EpLength: 739.20 +/- 6.79
08-02-24 01:26[icct.rl_helpers.eval_callback]INFO | (Save ) Storing Best Model: New best mean reward!
08-02-24 01:28[icct.rl_helpers.eval_callback]INFO | (Train) Episode: 820, Avg Reward: 305.25987704824024, Best: 308.10372619677634
08-02-24 01:32[icct.rl_helpers.eval_callback]INFO | (Eval ) num_timesteps=700000, Reward=267.54 +/- 102.03, EpLength: 686.20 +/- 120.29
08-02-24 01:32[root]INFO | [END]======> Execution time of seed 13: 3 hours, 22 minutes, 24 seconds
