14-02-24 10:26[root]INFO | Training on env: walker
14-02-24 10:26[root]INFO | Agent Type: drnet
14-02-24 10:26[root]INFO | Log Directory: ./logs/walker_cpu/drnet/128leaves_36-25-10-14-Feb_Final_sm/
14-02-24 10:26[root]INFO | GPU?: False
14-02-24 10:26[root]INFO | Num Leaves: 128
14-02-24 10:26[root]INFO | DTRegNet Policy
14-02-24 10:26[root]INFO | Value Net Size: [512, 512]
14-02-24 10:26[root]INFO | [START]======> Training Started for Seed [13]: 2024-02-14 10:26:17
14-02-24 10:26[root]INFO | actor: DTRegNetActor(
  (features_extractor): FlattenExtractor(
    (flatten): Flatten(start_dim=1, end_dim=-1)
  )
  (drnet): DTSemNetReg(
    (linear1): Linear(in_features=24, out_features=127, bias=True)
    (reluP): ReLU()
    (reluM): ReLU()
    (linear2): Linear(in_features=254, out_features=128, bias=False)
    (mpool): MaxPoolLayer()
    (softmax): Softmax(dim=-1)
    (ste): STE()
    (regression_layer_action): Linear(in_features=128, out_features=96, bias=True)
  )
)
14-02-24 10:26[icct.rl_helpers.eval_callback]INFO | (Train) Episode: 0, Avg Reward: -101.484948448473, Best: -101.484948448473
14-02-24 10:26[icct.rl_helpers.eval_callback]INFO | (Train) Episode: 20, Avg Reward: -100.71589667847145, Best: -91.05536908403701
14-02-24 10:26[icct.rl_helpers.eval_callback]INFO | (Train) Episode: 40, Avg Reward: -106.08983739125716, Best: -91.05536908403701
14-02-24 10:28[icct.rl_helpers.eval_callback]INFO | (Eval ) num_timesteps=20000, Reward=-95.93 +/- 13.87, EpLength: 305.00 +/- 222.52
14-02-24 10:28[icct.rl_helpers.eval_callback]INFO | (Save ) Storing Best Model: New best mean reward!
14-02-24 10:29[icct.rl_helpers.eval_callback]INFO | (Train) Episode: 60, Avg Reward: -107.59402120400101, Best: -91.05536908403701
14-02-24 10:29[icct.rl_helpers.eval_callback]INFO | (Train) Episode: 80, Avg Reward: -110.13740069646497, Best: -91.05536908403701
14-02-24 10:32[icct.rl_helpers.eval_callback]INFO | (Train) Episode: 100, Avg Reward: -108.6623420141168, Best: -91.05536908403701
14-02-24 10:32[icct.rl_helpers.eval_callback]INFO | (Eval ) num_timesteps=40000, Reward=-69.07 +/- 13.98, EpLength: 1600.00 +/- 0.00
14-02-24 10:32[icct.rl_helpers.eval_callback]INFO | (Save ) Storing Best Model: New best mean reward!
14-02-24 10:36[icct.rl_helpers.eval_callback]INFO | (Train) Episode: 120, Avg Reward: -87.34987589753325, Best: -87.16997478669893
14-02-24 10:36[icct.rl_helpers.eval_callback]INFO | (Train) Episode: 140, Avg Reward: -88.82174247661034, Best: -87.16997478669893
14-02-24 10:37[icct.rl_helpers.eval_callback]INFO | (Eval ) num_timesteps=60000, Reward=-110.65 +/- 20.20, EpLength: 402.00 +/- 599.00
14-02-24 10:37[icct.rl_helpers.eval_callback]INFO | (Train) Episode: 160, Avg Reward: -90.50264976890126, Best: -87.16997478669893
14-02-24 10:41[icct.rl_helpers.eval_callback]INFO | (Eval ) num_timesteps=80000, Reward=135.39 +/- 123.10, EpLength: 897.60 +/- 354.38
14-02-24 10:41[icct.rl_helpers.eval_callback]INFO | (Save ) Storing Best Model: New best mean reward!
14-02-24 10:42[icct.rl_helpers.eval_callback]INFO | (Train) Episode: 180, Avg Reward: -32.33628829179288, Best: -32.33628829179288
14-02-24 10:46[icct.rl_helpers.eval_callback]INFO | (Eval ) num_timesteps=100000, Reward=300.42 +/- 1.02, EpLength: 1079.20 +/- 3.92
14-02-24 10:46[icct.rl_helpers.eval_callback]INFO | (Save ) Storing Best Model: New best mean reward!
14-02-24 10:46[icct.rl_helpers.eval_callback]INFO | (Train) Episode: 200, Avg Reward: 32.18617405108213, Best: 32.18617405108213
14-02-24 10:50[icct.rl_helpers.eval_callback]INFO | (Eval ) num_timesteps=120000, Reward=298.77 +/- 0.90, EpLength: 1002.60 +/- 17.50
14-02-24 10:51[icct.rl_helpers.eval_callback]INFO | (Train) Episode: 220, Avg Reward: 82.69200949489124, Best: 82.69200949489124
14-02-24 10:55[icct.rl_helpers.eval_callback]INFO | (Eval ) num_timesteps=140000, Reward=-21.48 +/- 158.26, EpLength: 253.60 +/- 335.23
14-02-24 10:55[icct.rl_helpers.eval_callback]INFO | (Train) Episode: 240, Avg Reward: 155.1332431265381, Best: 155.1332431265381
14-02-24 10:58[icct.rl_helpers.eval_callback]INFO | (Train) Episode: 260, Avg Reward: 181.24048324525955, Best: 181.24048324525955
14-02-24 11:00[icct.rl_helpers.eval_callback]INFO | (Eval ) num_timesteps=160000, Reward=298.63 +/- 1.09, EpLength: 1047.80 +/- 21.99
14-02-24 11:03[icct.rl_helpers.eval_callback]INFO | (Train) Episode: 280, Avg Reward: 194.61280631082008, Best: 194.61280631082008
14-02-24 11:04[icct.rl_helpers.eval_callback]INFO | (Eval ) num_timesteps=180000, Reward=305.09 +/- 1.44, EpLength: 964.00 +/- 19.75
14-02-24 11:04[icct.rl_helpers.eval_callback]INFO | (Save ) Storing Best Model: New best mean reward!
14-02-24 11:07[icct.rl_helpers.eval_callback]INFO | (Train) Episode: 300, Avg Reward: 210.96516426792857, Best: 210.96516426792857
14-02-24 11:09[icct.rl_helpers.eval_callback]INFO | (Eval ) num_timesteps=200000, Reward=311.62 +/- 1.35, EpLength: 832.60 +/- 14.77
14-02-24 11:09[icct.rl_helpers.eval_callback]INFO | (Save ) Storing Best Model: New best mean reward!
14-02-24 11:11[icct.rl_helpers.eval_callback]INFO | (Train) Episode: 320, Avg Reward: 217.4405861242346, Best: 218.37693144913246
14-02-24 11:14[icct.rl_helpers.eval_callback]INFO | (Eval ) num_timesteps=220000, Reward=307.35 +/- 0.70, EpLength: 886.00 +/- 14.32
14-02-24 11:15[icct.rl_helpers.eval_callback]INFO | (Train) Episode: 340, Avg Reward: 228.22843455390523, Best: 228.22843455390523
14-02-24 11:18[icct.rl_helpers.eval_callback]INFO | (Eval ) num_timesteps=240000, Reward=313.76 +/- 0.62, EpLength: 864.00 +/- 7.69
14-02-24 11:18[icct.rl_helpers.eval_callback]INFO | (Save ) Storing Best Model: New best mean reward!
14-02-24 11:19[icct.rl_helpers.eval_callback]INFO | (Train) Episode: 360, Avg Reward: 283.60504204403287, Best: 283.60504204403287
14-02-24 11:23[icct.rl_helpers.eval_callback]INFO | (Eval ) num_timesteps=260000, Reward=315.06 +/- 1.20, EpLength: 809.80 +/- 16.34
14-02-24 11:23[icct.rl_helpers.eval_callback]INFO | (Save ) Storing Best Model: New best mean reward!
14-02-24 11:23[icct.rl_helpers.eval_callback]INFO | (Train) Episode: 380, Avg Reward: 292.1105483388746, Best: 293.2867174133038
14-02-24 11:27[icct.rl_helpers.eval_callback]INFO | (Train) Episode: 400, Avg Reward: 282.9027560187192, Best: 293.2867174133038
14-02-24 11:28[icct.rl_helpers.eval_callback]INFO | (Eval ) num_timesteps=280000, Reward=315.49 +/- 0.72, EpLength: 814.60 +/- 14.36
14-02-24 11:28[icct.rl_helpers.eval_callback]INFO | (Save ) Storing Best Model: New best mean reward!
14-02-24 11:31[icct.rl_helpers.eval_callback]INFO | (Train) Episode: 420, Avg Reward: 283.4231567576029, Best: 293.2867174133038
14-02-24 11:32[icct.rl_helpers.eval_callback]INFO | (Eval ) num_timesteps=300000, Reward=311.60 +/- 1.27, EpLength: 806.20 +/- 6.27
14-02-24 11:35[icct.rl_helpers.eval_callback]INFO | (Train) Episode: 440, Avg Reward: 282.25798187315576, Best: 293.2867174133038
14-02-24 11:37[icct.rl_helpers.eval_callback]INFO | (Eval ) num_timesteps=320000, Reward=313.95 +/- 0.62, EpLength: 894.40 +/- 4.84
14-02-24 11:39[icct.rl_helpers.eval_callback]INFO | (Train) Episode: 460, Avg Reward: 284.35883636135884, Best: 293.2867174133038
14-02-24 11:42[icct.rl_helpers.eval_callback]INFO | (Eval ) num_timesteps=340000, Reward=313.56 +/- 0.39, EpLength: 806.60 +/- 3.61
14-02-24 11:42[icct.rl_helpers.eval_callback]INFO | (Train) Episode: 480, Avg Reward: 284.7564218133, Best: 293.2867174133038
14-02-24 11:46[icct.rl_helpers.eval_callback]INFO | (Train) Episode: 500, Avg Reward: 293.0460829948823, Best: 293.2867174133038
14-02-24 11:47[icct.rl_helpers.eval_callback]INFO | (Eval ) num_timesteps=360000, Reward=312.28 +/- 0.54, EpLength: 820.40 +/- 5.89
14-02-24 11:50[icct.rl_helpers.eval_callback]INFO | (Train) Episode: 520, Avg Reward: 293.3568714906662, Best: 293.3568714906662
14-02-24 11:51[icct.rl_helpers.eval_callback]INFO | (Eval ) num_timesteps=380000, Reward=313.25 +/- 0.63, EpLength: 804.20 +/- 9.79
14-02-24 11:54[icct.rl_helpers.eval_callback]INFO | (Train) Episode: 540, Avg Reward: 297.10709965204353, Best: 297.10709965204353
14-02-24 11:56[icct.rl_helpers.eval_callback]INFO | (Eval ) num_timesteps=400000, Reward=311.20 +/- 0.58, EpLength: 804.60 +/- 11.72
14-02-24 11:57[icct.rl_helpers.eval_callback]INFO | (Train) Episode: 560, Avg Reward: 299.20223317585436, Best: 299.33414338540155
14-02-24 12:01[icct.rl_helpers.eval_callback]INFO | (Eval ) num_timesteps=420000, Reward=309.25 +/- 1.24, EpLength: 826.20 +/- 13.50
14-02-24 12:01[icct.rl_helpers.eval_callback]INFO | (Train) Episode: 580, Avg Reward: 304.3628290892848, Best: 304.3967405379088
14-02-24 12:05[icct.rl_helpers.eval_callback]INFO | (Train) Episode: 600, Avg Reward: 303.3835462349283, Best: 304.3967405379088
14-02-24 12:05[icct.rl_helpers.eval_callback]INFO | (Eval ) num_timesteps=440000, Reward=314.69 +/- 0.92, EpLength: 806.00 +/- 10.68
14-02-24 12:09[icct.rl_helpers.eval_callback]INFO | (Train) Episode: 620, Avg Reward: 306.769042871037, Best: 306.769042871037
14-02-24 12:10[icct.rl_helpers.eval_callback]INFO | (Eval ) num_timesteps=460000, Reward=310.90 +/- 1.40, EpLength: 796.20 +/- 18.19
14-02-24 12:12[icct.rl_helpers.eval_callback]INFO | (Train) Episode: 640, Avg Reward: 307.32410387327093, Best: 307.32410387327093
14-02-24 12:15[icct.rl_helpers.eval_callback]INFO | (Eval ) num_timesteps=480000, Reward=319.07 +/- 0.59, EpLength: 798.40 +/- 5.08
14-02-24 12:15[icct.rl_helpers.eval_callback]INFO | (Save ) Storing Best Model: New best mean reward!
14-02-24 12:16[icct.rl_helpers.eval_callback]INFO | (Train) Episode: 660, Avg Reward: 308.01755888040555, Best: 308.01755888040555
14-02-24 12:20[icct.rl_helpers.eval_callback]INFO | (Eval ) num_timesteps=500000, Reward=317.52 +/- 0.94, EpLength: 795.80 +/- 14.58
14-02-24 12:20[icct.rl_helpers.eval_callback]INFO | (Train) Episode: 680, Avg Reward: 308.68696672141226, Best: 308.68696672141226
14-02-24 12:23[icct.rl_helpers.eval_callback]INFO | (Train) Episode: 700, Avg Reward: 312.9762691634512, Best: 312.9762691634512
14-02-24 12:24[icct.rl_helpers.eval_callback]INFO | (Eval ) num_timesteps=520000, Reward=318.12 +/- 0.33, EpLength: 760.00 +/- 6.72
14-02-24 12:27[icct.rl_helpers.eval_callback]INFO | (Train) Episode: 720, Avg Reward: 310.72816530010664, Best: 313.3554173935129
14-02-24 12:29[icct.rl_helpers.eval_callback]INFO | (Eval ) num_timesteps=540000, Reward=317.34 +/- 0.56, EpLength: 781.00 +/- 11.01
14-02-24 12:31[icct.rl_helpers.eval_callback]INFO | (Train) Episode: 740, Avg Reward: 310.92076419555195, Best: 313.3554173935129
14-02-24 12:34[icct.rl_helpers.eval_callback]INFO | (Eval ) num_timesteps=560000, Reward=316.67 +/- 0.71, EpLength: 769.40 +/- 14.43
14-02-24 12:34[icct.rl_helpers.eval_callback]INFO | (Train) Episode: 760, Avg Reward: 311.2543200206951, Best: 313.3554173935129
14-02-24 12:38[icct.rl_helpers.eval_callback]INFO | (Train) Episode: 780, Avg Reward: 311.5932706575029, Best: 313.3554173935129
14-02-24 12:38[icct.rl_helpers.eval_callback]INFO | (Eval ) num_timesteps=580000, Reward=244.82 +/- 89.09, EpLength: 673.60 +/- 71.57
14-02-24 12:42[icct.rl_helpers.eval_callback]INFO | (Train) Episode: 800, Avg Reward: 311.93847282626194, Best: 313.3554173935129
14-02-24 12:43[icct.rl_helpers.eval_callback]INFO | (Eval ) num_timesteps=600000, Reward=321.00 +/- 0.92, EpLength: 721.60 +/- 5.68
14-02-24 12:43[icct.rl_helpers.eval_callback]INFO | (Save ) Storing Best Model: New best mean reward!
14-02-24 12:45[icct.rl_helpers.eval_callback]INFO | (Train) Episode: 820, Avg Reward: 315.0285171657303, Best: 315.0285171657303
14-02-24 12:48[icct.rl_helpers.eval_callback]INFO | (Eval ) num_timesteps=620000, Reward=318.45 +/- 0.51, EpLength: 740.80 +/- 5.74
14-02-24 12:49[icct.rl_helpers.eval_callback]INFO | (Train) Episode: 840, Avg Reward: 315.43685852141573, Best: 315.43685852141573
14-02-24 12:52[icct.rl_helpers.eval_callback]INFO | (Train) Episode: 860, Avg Reward: 315.71240202562257, Best: 315.71240202562257
14-02-24 12:53[icct.rl_helpers.eval_callback]INFO | (Eval ) num_timesteps=640000, Reward=319.41 +/- 0.86, EpLength: 744.80 +/- 6.91
14-02-24 12:56[icct.rl_helpers.eval_callback]INFO | (Train) Episode: 880, Avg Reward: 315.8616122373045, Best: 315.8965793467649
14-02-24 12:57[icct.rl_helpers.eval_callback]INFO | (Eval ) num_timesteps=660000, Reward=287.10 +/- 46.88, EpLength: 784.80 +/- 22.27
14-02-24 12:59[icct.rl_helpers.eval_callback]INFO | (Train) Episode: 900, Avg Reward: 315.84969194046045, Best: 315.9280232064215
14-02-24 13:02[icct.rl_helpers.eval_callback]INFO | (Eval ) num_timesteps=680000, Reward=319.50 +/- 0.53, EpLength: 741.40 +/- 7.66
14-02-24 13:03[icct.rl_helpers.eval_callback]INFO | (Train) Episode: 920, Avg Reward: 315.69223531976223, Best: 315.9280232064215
14-02-24 13:07[icct.rl_helpers.eval_callback]INFO | (Train) Episode: 940, Avg Reward: 315.61072522180325, Best: 315.9280232064215
14-02-24 13:07[icct.rl_helpers.eval_callback]INFO | (Eval ) num_timesteps=700000, Reward=317.90 +/- 1.02, EpLength: 748.60 +/- 7.81
14-02-24 13:07[root]INFO | [END]======> Execution time of seed 13: 2 hours, 40 minutes, 52 seconds
