13-08-23 22:33[root]INFO | Training on lunar environment for 1500 episodes
13-08-23 22:33[root]INFO | Agent Type: dtnet
13-08-23 22:33[root]INFO | Log Directory: lunar_cpu/dtnet/aaai_v2_31n_32x32c_v1_rand/
13-08-23 22:33[root]INFO | Random Weight Initialization: True
13-08-23 22:33[root]INFO | Training Started: 2023-08-13 22:33:01
13-08-23 22:33[root]INFO | Using Lunar Lander Environment
13-08-23 22:33[root]INFO | Hyperparameters: {"learning_rate": 0.02, "ent_coef": 0.01, "gamma": 0.99, "gae_lambda": 0.9, "clip_range": 0.2, "n_epochs": 10, "batch_size": 64, "n_steps": 2048, "vf_coef": 0.5, "max_grad_norm": 0.5}
13-08-23 22:33[root]INFO | ===================> Training with seed 17 <=================
13-08-23 22:33[root]INFO | Using DTNet agent
13-08-23 22:33[root]INFO | Using 32x32 architecture
13-08-23 22:33[root]INFO | Action Net Arch: DTNetv0(
  (linear1): Linear(in_features=8, out_features=31, bias=True)
  (reluP): ReLU()
  (reluM): ReLU()
  (linear2): Linear(in_features=62, out_features=32, bias=False)
  (mpool): MaxPoolLayer()
  (softmax): Softmax(dim=-1)
)
13-08-23 22:33[root]INFO | Value Net Arch: FCNN(
  (layer1): Linear(in_features=8, out_features=32, bias=True)
  (layer2): Linear(in_features=32, out_features=32, bias=True)
  (activation): ReLU()
  (layer3): Linear(in_features=32, out_features=4, bias=True)
  (value_output): Linear(in_features=4, out_features=1, bias=True)
)
13-08-23 22:33[root]INFO | Episode: 0, Avg Reward: -231.7547502964735, Best Eval: -522.1196733428166
13-08-23 22:33[root]INFO | Episode: 50, Avg Reward: -164.0595133121042, Best Eval: -330.6216524417512
13-08-23 22:34[root]INFO | Episode: 100, Avg Reward: -134.36478816889198, Best Eval: -252.84184070609237
13-08-23 22:35[root]INFO | Episode: 150, Avg Reward: -82.97482666948082, Best Eval: -135.5443725812302
13-08-23 22:39[root]INFO | Episode: 200, Avg Reward: -19.683667758725495, Best Eval: 42.28542504651777
13-08-23 22:42[root]INFO | Episode: 250, Avg Reward: 34.63675551583183, Best Eval: 149.1203955741659
13-08-23 22:47[root]INFO | Episode: 300, Avg Reward: 86.11795821339058, Best Eval: 149.1203955741659
13-08-23 22:51[root]INFO | Episode: 350, Avg Reward: 107.38794951773254, Best Eval: 149.1203955741659
13-08-23 22:56[root]INFO | Episode: 400, Avg Reward: 84.59233535768185, Best Eval: 149.1203955741659
13-08-23 23:00[root]INFO | Episode: 450, Avg Reward: 83.18301150877458, Best Eval: 163.24311449782988
13-08-23 23:05[root]INFO | Episode: 500, Avg Reward: 95.55852168735069, Best Eval: 163.24311449782988
13-08-23 23:07[root]INFO | Episode: 550, Avg Reward: 115.8210851402253, Best Eval: 217.78319664022644
13-08-23 23:10[root]INFO | Episode: 600, Avg Reward: 122.89184272940219, Best Eval: 222.26402642496913
13-08-23 23:13[root]INFO | Episode: 650, Avg Reward: 140.34221908197583, Best Eval: 222.26402642496913
13-08-23 23:15[root]INFO | Episode: 700, Avg Reward: 174.7469802129894, Best Eval: 223.73868218135013
13-08-23 23:17[root]INFO | Episode: 750, Avg Reward: 177.4951890868438, Best Eval: 223.73868218135013
13-08-23 23:18[root]INFO | Episode: 800, Avg Reward: 159.9509083397595, Best Eval: 223.73868218135013
13-08-23 23:20[root]INFO | Episode: 850, Avg Reward: 152.58132696425767, Best Eval: 223.73868218135013
13-08-23 23:23[root]INFO | Episode: 900, Avg Reward: 184.76596082839262, Best Eval: 223.73868218135013
13-08-23 23:26[root]INFO | Episode: 950, Avg Reward: 206.89290470438536, Best Eval: 223.73868218135013
13-08-23 23:28[root]INFO | Episode: 1000, Avg Reward: 209.7649184226652, Best Eval: 223.73868218135013
13-08-23 23:29[root]INFO | Episode: 1050, Avg Reward: 219.7345632243005, Best Eval: 242.2980151605325
13-08-23 23:33[root]INFO | Episode: 1100, Avg Reward: 203.05853857750537, Best Eval: 247.31194481099593
13-08-23 23:36[root]INFO | Episode: 1150, Avg Reward: 188.8280329937904, Best Eval: 247.31194481099593
13-08-23 23:39[root]INFO | Episode: 1200, Avg Reward: 176.6230781400253, Best Eval: 247.31194481099593
13-08-23 23:43[root]INFO | Episode: 1250, Avg Reward: 167.7182496548445, Best Eval: 247.31194481099593
13-08-23 23:48[root]INFO | Episode: 1300, Avg Reward: 192.92126397049122, Best Eval: 247.31194481099593
13-08-23 23:50[root]INFO | Episode: 1350, Avg Reward: 188.5446537982101, Best Eval: 247.31194481099593
13-08-23 23:51[root]INFO | Episode: 1400, Avg Reward: 185.04721216487735, Best Eval: 251.59789301288365
13-08-23 23:52[root]INFO | Episode: 1450, Avg Reward: 106.39608663269722, Best Eval: 251.59789301288365
13-08-23 23:53[root]INFO | Using DTNet agent
13-08-23 23:53[root]INFO | Using 32x32 architecture
13-08-23 23:53[root]INFO | Action Net Arch: DTNetv0(
  (linear1): Linear(in_features=8, out_features=31, bias=True)
  (reluP): ReLU()
  (reluM): ReLU()
  (linear2): Linear(in_features=62, out_features=32, bias=False)
  (mpool): MaxPoolLayer()
  (softmax): Softmax(dim=-1)
)
13-08-23 23:53[root]INFO | Value Net Arch: FCNN(
  (layer1): Linear(in_features=8, out_features=32, bias=True)
  (layer2): Linear(in_features=32, out_features=32, bias=True)
  (activation): ReLU()
  (layer3): Linear(in_features=32, out_features=4, bias=True)
  (value_output): Linear(in_features=4, out_features=1, bias=True)
)
13-08-23 23:53[root]INFO | ==============> Test reward for seeds [500, 600]: 233.56 +/- 84.81374236777496 <==========
13-08-23 23:53[root]INFO | Execution time of seed 17: 1 hours, 20 minutes, 53 seconds
