13-08-23 22:33[root]INFO | Training on lunar environment for 1500 episodes
13-08-23 22:33[root]INFO | Agent Type: dtnet
13-08-23 22:33[root]INFO | Log Directory: lunar_cpu/dtnet/aaai_v2_31n_32x32c_v1_rand/
13-08-23 22:33[root]INFO | Random Weight Initialization: True
13-08-23 22:33[root]INFO | Training Started: 2023-08-13 22:33:01
13-08-23 22:33[root]INFO | Using Lunar Lander Environment
13-08-23 22:33[root]INFO | Hyperparameters: {"learning_rate": 0.02, "ent_coef": 0.01, "gamma": 0.99, "gae_lambda": 0.9, "clip_range": 0.2, "n_epochs": 10, "batch_size": 64, "n_steps": 2048, "vf_coef": 0.5, "max_grad_norm": 0.5}
13-08-23 22:33[root]INFO | ===================> Training with seed 19 <=================
13-08-23 22:33[root]INFO | Using DTNet agent
13-08-23 22:33[root]INFO | Using 32x32 architecture
13-08-23 22:33[root]INFO | Action Net Arch: DTNetv0(
  (linear1): Linear(in_features=8, out_features=31, bias=True)
  (reluP): ReLU()
  (reluM): ReLU()
  (linear2): Linear(in_features=62, out_features=32, bias=False)
  (mpool): MaxPoolLayer()
  (softmax): Softmax(dim=-1)
)
13-08-23 22:33[root]INFO | Value Net Arch: FCNN(
  (layer1): Linear(in_features=8, out_features=32, bias=True)
  (layer2): Linear(in_features=32, out_features=32, bias=True)
  (activation): ReLU()
  (layer3): Linear(in_features=32, out_features=4, bias=True)
  (value_output): Linear(in_features=4, out_features=1, bias=True)
)
13-08-23 22:33[root]INFO | Episode: 0, Avg Reward: -122.12129893433303, Best Eval: -433.6455313905763
13-08-23 22:33[root]INFO | Episode: 50, Avg Reward: -170.71564992500683, Best Eval: -229.8924611354596
13-08-23 22:33[root]INFO | Episode: 100, Avg Reward: -138.5408962020796, Best Eval: -229.8924611354596
13-08-23 22:34[root]INFO | Episode: 150, Avg Reward: -83.59401087657054, Best Eval: -229.8924611354596
13-08-23 22:36[root]INFO | Episode: 200, Avg Reward: -54.13656651995606, Best Eval: -53.02059315169729
13-08-23 22:39[root]INFO | Episode: 250, Avg Reward: -26.697819937662526, Best Eval: -53.02059315169729
13-08-23 22:43[root]INFO | Episode: 300, Avg Reward: -3.583632707951606, Best Eval: -53.02059315169729
13-08-23 22:45[root]INFO | Episode: 350, Avg Reward: -1.9504538353722598, Best Eval: -2.3615701475338917
13-08-23 22:50[root]INFO | Episode: 400, Avg Reward: 43.25990700602299, Best Eval: -2.3615701475338917
13-08-23 22:54[root]INFO | Episode: 450, Avg Reward: 136.8230941258982, Best Eval: -2.3615701475338917
13-08-23 22:59[root]INFO | Episode: 500, Avg Reward: 151.14252575577402, Best Eval: 53.96964725680837
13-08-23 23:04[root]INFO | Episode: 550, Avg Reward: 167.57667512806566, Best Eval: 53.96964725680837
13-08-23 23:07[root]INFO | Episode: 600, Avg Reward: 176.08947811560276, Best Eval: 243.5961147110044
13-08-23 23:11[root]INFO | Episode: 650, Avg Reward: 148.3835249425275, Best Eval: 243.5961147110044
13-08-23 23:16[root]INFO | Episode: 700, Avg Reward: 193.748654493734, Best Eval: 243.5961147110044
13-08-23 23:18[root]INFO | Episode: 750, Avg Reward: 187.438839267527, Best Eval: 243.5961147110044
13-08-23 23:24[root]INFO | Episode: 800, Avg Reward: 171.89007418366955, Best Eval: 243.5961147110044
13-08-23 23:25[root]INFO | Episode: 850, Avg Reward: 211.68002909550975, Best Eval: 260.5583643153755
13-08-23 23:27[root]INFO | Episode: 900, Avg Reward: 199.35657221455472, Best Eval: 260.5583643153755
13-08-23 23:33[root]INFO | Episode: 950, Avg Reward: 199.88374234015225, Best Eval: 260.5583643153755
13-08-23 23:37[root]INFO | Episode: 1000, Avg Reward: 214.6768370943669, Best Eval: 260.5583643153755
13-08-23 23:40[root]INFO | Episode: 1050, Avg Reward: 187.21847722334317, Best Eval: 260.5583643153755
13-08-23 23:45[root]INFO | Episode: 1100, Avg Reward: 196.26827889088244, Best Eval: 260.5583643153755
13-08-23 23:49[root]INFO | Episode: 1150, Avg Reward: 223.6662010350658, Best Eval: 260.5583643153755
13-08-23 23:54[root]INFO | Episode: 1200, Avg Reward: 227.58302110022862, Best Eval: 260.5583643153755
13-08-23 23:58[root]INFO | Episode: 1250, Avg Reward: 241.0833004763566, Best Eval: 260.5583643153755
13-08-23 23:59[root]INFO | Episode: 1300, Avg Reward: 249.19368288648366, Best Eval: 261.91346957055003
14-08-23 00:00[root]INFO | Episode: 1350, Avg Reward: 243.00656477241034, Best Eval: 261.91346957055003
14-08-23 00:01[root]INFO | Episode: 1400, Avg Reward: 246.58101595715917, Best Eval: 261.91346957055003
14-08-23 00:04[root]INFO | Episode: 1450, Avg Reward: 240.6033531665546, Best Eval: 261.91346957055003
14-08-23 00:06[root]INFO | Using DTNet agent
14-08-23 00:06[root]INFO | Using 32x32 architecture
14-08-23 00:06[root]INFO | Action Net Arch: DTNetv0(
  (linear1): Linear(in_features=8, out_features=31, bias=True)
  (reluP): ReLU()
  (reluM): ReLU()
  (linear2): Linear(in_features=62, out_features=32, bias=False)
  (mpool): MaxPoolLayer()
  (softmax): Softmax(dim=-1)
)
14-08-23 00:06[root]INFO | Value Net Arch: FCNN(
  (layer1): Linear(in_features=8, out_features=32, bias=True)
  (layer2): Linear(in_features=32, out_features=32, bias=True)
  (activation): ReLU()
  (layer3): Linear(in_features=32, out_features=4, bias=True)
  (value_output): Linear(in_features=4, out_features=1, bias=True)
)
14-08-23 00:06[root]INFO | ==============> Test reward for seeds [500, 600]: 259.44 +/- 18.187384785506715 <==========
14-08-23 00:06[root]INFO | Execution time of seed 19: 1 hours, 33 minutes, 24 seconds
