13-08-23 22:32[root]INFO | Training on lunar environment for 1500 episodes
13-08-23 22:32[root]INFO | Agent Type: dtnet
13-08-23 22:32[root]INFO | Log Directory: lunar_cpu/dtnet/aaai_v2_31n_32x32c_v1_rand/
13-08-23 22:32[root]INFO | Random Weight Initialization: True
13-08-23 22:32[root]INFO | Training Started: 2023-08-13 22:32:55
13-08-23 22:32[root]INFO | Using Lunar Lander Environment
13-08-23 22:32[root]INFO | Hyperparameters: {"learning_rate": 0.02, "ent_coef": 0.01, "gamma": 0.99, "gae_lambda": 0.9, "clip_range": 0.2, "n_epochs": 10, "batch_size": 64, "n_steps": 2048, "vf_coef": 0.5, "max_grad_norm": 0.5}
13-08-23 22:32[root]INFO | ===================> Training with seed 13 <=================
13-08-23 22:32[root]INFO | Using DTNet agent
13-08-23 22:32[root]INFO | Using 32x32 architecture
13-08-23 22:32[root]INFO | Action Net Arch: DTNetv0(
  (linear1): Linear(in_features=8, out_features=31, bias=True)
  (reluP): ReLU()
  (reluM): ReLU()
  (linear2): Linear(in_features=62, out_features=32, bias=False)
  (mpool): MaxPoolLayer()
  (softmax): Softmax(dim=-1)
)
13-08-23 22:32[root]INFO | Value Net Arch: FCNN(
  (layer1): Linear(in_features=8, out_features=32, bias=True)
  (layer2): Linear(in_features=32, out_features=32, bias=True)
  (activation): ReLU()
  (layer3): Linear(in_features=32, out_features=4, bias=True)
  (value_output): Linear(in_features=4, out_features=1, bias=True)
)
13-08-23 22:32[root]INFO | Episode: 0, Avg Reward: -80.04955759085715, Best Eval: -557.3295786440062
13-08-23 22:33[root]INFO | Episode: 50, Avg Reward: -164.4903993092254, Best Eval: -310.4484457510475
13-08-23 22:33[root]INFO | Episode: 100, Avg Reward: -131.55615295462457, Best Eval: -310.4484457510475
13-08-23 22:34[root]INFO | Episode: 150, Avg Reward: -86.47665294248166, Best Eval: -310.4484457510475
13-08-23 22:35[root]INFO | Episode: 200, Avg Reward: -46.39371163069629, Best Eval: -144.05788673237936
13-08-23 22:39[root]INFO | Episode: 250, Avg Reward: 51.15422958622401, Best Eval: -25.39961621380377
13-08-23 22:43[root]INFO | Episode: 300, Avg Reward: 136.44066957278108, Best Eval: -14.8586252820712
13-08-23 22:46[root]INFO | Episode: 350, Avg Reward: 168.3055635272945, Best Eval: -14.436761069775578
13-08-23 22:50[root]INFO | Episode: 400, Avg Reward: 179.49560926962127, Best Eval: 60.952077886085895
13-08-23 22:52[root]INFO | Episode: 450, Avg Reward: 157.19128560872818, Best Eval: 168.9906563990193
13-08-23 22:55[root]INFO | Episode: 500, Avg Reward: 131.78480452912854, Best Eval: 186.40520349997996
13-08-23 22:57[root]INFO | Episode: 550, Avg Reward: 149.81599108280486, Best Eval: 230.84767631541206
13-08-23 22:58[root]INFO | Episode: 600, Avg Reward: 207.8772759929789, Best Eval: 236.24421670854608
13-08-23 23:00[root]INFO | Episode: 650, Avg Reward: 228.4799571710012, Best Eval: 236.24421670854608
13-08-23 23:01[root]INFO | Episode: 700, Avg Reward: 216.65902144455714, Best Eval: 236.24421670854608
13-08-23 23:02[root]INFO | Episode: 750, Avg Reward: 226.154011122249, Best Eval: 236.24421670854608
13-08-23 23:04[root]INFO | Episode: 800, Avg Reward: 232.35647628942516, Best Eval: 236.24421670854608
13-08-23 23:05[root]INFO | Episode: 850, Avg Reward: 206.25771158670162, Best Eval: 244.3064642712986
13-08-23 23:05[root]INFO | Episode: 900, Avg Reward: 139.0942958631982, Best Eval: 271.4224137615335
13-08-23 23:06[root]INFO | Episode: 950, Avg Reward: 162.0736526071636, Best Eval: 271.4224137615335
13-08-23 23:07[root]INFO | Episode: 1000, Avg Reward: 219.4096522793053, Best Eval: 271.4224137615335
13-08-23 23:07[root]INFO | Episode: 1050, Avg Reward: 210.02826957113643, Best Eval: 273.83115565453767
13-08-23 23:08[root]INFO | Episode: 1100, Avg Reward: 204.66936213443583, Best Eval: 273.83115565453767
13-08-23 23:08[root]INFO | Episode: 1150, Avg Reward: 211.8216561548878, Best Eval: 273.83115565453767
13-08-23 23:09[root]INFO | Episode: 1200, Avg Reward: 209.11387504781578, Best Eval: 273.83115565453767
13-08-23 23:10[root]INFO | Episode: 1250, Avg Reward: 225.16420382962355, Best Eval: 273.83115565453767
13-08-23 23:10[root]INFO | Episode: 1300, Avg Reward: 246.03375287488822, Best Eval: 273.83115565453767
13-08-23 23:11[root]INFO | Episode: 1350, Avg Reward: 229.06076201995933, Best Eval: 273.83115565453767
13-08-23 23:12[root]INFO | Episode: 1400, Avg Reward: 239.6476022344316, Best Eval: 273.83115565453767
13-08-23 23:12[root]INFO | Episode: 1450, Avg Reward: 242.32632492813454, Best Eval: 273.83115565453767
13-08-23 23:13[root]INFO | Using DTNet agent
13-08-23 23:13[root]INFO | Using 32x32 architecture
13-08-23 23:13[root]INFO | Action Net Arch: DTNetv0(
  (linear1): Linear(in_features=8, out_features=31, bias=True)
  (reluP): ReLU()
  (reluM): ReLU()
  (linear2): Linear(in_features=62, out_features=32, bias=False)
  (mpool): MaxPoolLayer()
  (softmax): Softmax(dim=-1)
)
13-08-23 23:13[root]INFO | Value Net Arch: FCNN(
  (layer1): Linear(in_features=8, out_features=32, bias=True)
  (layer2): Linear(in_features=32, out_features=32, bias=True)
  (activation): ReLU()
  (layer3): Linear(in_features=32, out_features=4, bias=True)
  (value_output): Linear(in_features=4, out_features=1, bias=True)
)
13-08-23 23:13[root]INFO | ==============> Test reward for seeds [500, 600]: 254.81 +/- 66.17049019773089 <==========
13-08-23 23:13[root]INFO | Execution time of seed 13: 0 hours, 40 minutes, 47 seconds
