08-02-24 03:51[root]INFO | Training on env: walker
08-02-24 03:51[root]INFO | Agent Type: dgt_reg
08-02-24 03:51[root]INFO | Log Directory: ./logs/walker_cpu/dgt_reg/128leaves_32-41-03-08-Feb_Final/
08-02-24 03:51[root]INFO | GPU?: False
08-02-24 03:51[root]INFO | Num Leaves: 128
08-02-24 03:51[root]INFO | DGT Reg Policy
08-02-24 03:51[root]INFO | Value Net Size: [256, 256]
08-02-24 03:51[root]INFO | [START]======> Training Started for Seed [11]: 2024-02-08 03:51:33
08-02-24 03:51[root]INFO | actor: DGTregActor(
  (features_extractor): FlattenExtractor(
    (flatten): Flatten(start_dim=1, end_dim=-1)
  )
  (drnet): DGTreg(
    (_and_act_fn): Softmax(dim=-1)
    (_predicate_l): Sequential(
      (0): Linear(in_features=24, out_features=127, bias=True)
    )
    (_and_l): XLinear(
      (_l): Linear(in_features=127, out_features=128, bias=False)
    )
    (_or_l): ModuleList(
      (0-3): 4 x Linear(in_features=128, out_features=24, bias=True)
    )
  )
)
08-02-24 03:51[icct.rl_helpers.eval_callback]INFO | (Train) Episode: 0, Avg Reward: -99.59542501321994, Best: -99.59542501321994
08-02-24 03:51[icct.rl_helpers.eval_callback]INFO | (Eval ) num_timesteps=1500, Reward=-31.66 +/- 2.12, EpLength: 1600.00 +/- 0.00
08-02-24 03:51[icct.rl_helpers.eval_callback]INFO | (Save ) Storing Best Model: New best mean reward!
08-02-24 03:51[icct.rl_helpers.eval_callback]INFO | (Eval ) num_timesteps=3000, Reward=-37.51 +/- 8.09, EpLength: 1600.00 +/- 0.00
08-02-24 03:51[icct.rl_helpers.eval_callback]INFO | (Eval ) num_timesteps=4500, Reward=-37.66 +/- 8.92, EpLength: 1600.00 +/- 0.00
08-02-24 03:52[icct.rl_helpers.eval_callback]INFO | (Eval ) num_timesteps=6000, Reward=-33.67 +/- 2.94, EpLength: 1600.00 +/- 0.00
08-02-24 03:52[icct.rl_helpers.eval_callback]INFO | (Eval ) num_timesteps=7500, Reward=-33.07 +/- 1.83, EpLength: 1600.00 +/- 0.00
08-02-24 03:52[icct.rl_helpers.eval_callback]INFO | (Eval ) num_timesteps=9000, Reward=-32.40 +/- 1.17, EpLength: 1600.00 +/- 0.00
08-02-24 03:52[icct.rl_helpers.eval_callback]INFO | (Train) Episode: 20, Avg Reward: -101.13222844106478, Best: -99.59542501321994
08-02-24 03:52[icct.rl_helpers.eval_callback]INFO | (Eval ) num_timesteps=10500, Reward=-109.18 +/- 0.87, EpLength: 66.00 +/- 14.03
08-02-24 03:52[icct.rl_helpers.eval_callback]INFO | (Eval ) num_timesteps=12000, Reward=-106.77 +/- 2.15, EpLength: 139.00 +/- 11.63
08-02-24 03:52[icct.rl_helpers.eval_callback]INFO | (Eval ) num_timesteps=13500, Reward=-102.06 +/- 0.12, EpLength: 61.80 +/- 0.40
08-02-24 03:53[icct.rl_helpers.eval_callback]INFO | (Eval ) num_timesteps=15000, Reward=-107.90 +/- 3.51, EpLength: 1600.00 +/- 0.00
08-02-24 03:53[icct.rl_helpers.eval_callback]INFO | (Eval ) num_timesteps=16500, Reward=-97.91 +/- 0.58, EpLength: 1600.00 +/- 0.00
08-02-24 03:54[icct.rl_helpers.eval_callback]INFO | (Eval ) num_timesteps=18000, Reward=-100.56 +/- 1.93, EpLength: 1600.00 +/- 0.00
08-02-24 03:54[icct.rl_helpers.eval_callback]INFO | (Eval ) num_timesteps=19500, Reward=-131.16 +/- 3.61, EpLength: 150.00 +/- 67.13
08-02-24 03:54[icct.rl_helpers.eval_callback]INFO | (Eval ) num_timesteps=21000, Reward=-112.97 +/- 0.17, EpLength: 64.80 +/- 0.40
08-02-24 03:54[icct.rl_helpers.eval_callback]INFO | (Eval ) num_timesteps=22500, Reward=-114.97 +/- 0.86, EpLength: 106.60 +/- 3.32
08-02-24 03:55[icct.rl_helpers.eval_callback]INFO | (Eval ) num_timesteps=24000, Reward=-66.27 +/- 16.51, EpLength: 1600.00 +/- 0.00
08-02-24 03:55[icct.rl_helpers.eval_callback]INFO | (Eval ) num_timesteps=25500, Reward=-55.83 +/- 2.06, EpLength: 1600.00 +/- 0.00
08-02-24 03:56[icct.rl_helpers.eval_callback]INFO | (Eval ) num_timesteps=27000, Reward=-70.84 +/- 18.31, EpLength: 1303.00 +/- 594.00
08-02-24 03:56[icct.rl_helpers.eval_callback]INFO | (Train) Episode: 40, Avg Reward: -105.61655685771932, Best: -99.59542501321994
08-02-24 03:56[icct.rl_helpers.eval_callback]INFO | (Eval ) num_timesteps=28500, Reward=-69.03 +/- 26.72, EpLength: 1301.60 +/- 596.80
08-02-24 03:56[icct.rl_helpers.eval_callback]INFO | (Eval ) num_timesteps=30000, Reward=-40.16 +/- 5.50, EpLength: 1600.00 +/- 0.00
08-02-24 03:57[icct.rl_helpers.eval_callback]INFO | (Eval ) num_timesteps=31500, Reward=-52.27 +/- 35.50, EpLength: 1303.40 +/- 593.20
08-02-24 03:57[icct.rl_helpers.eval_callback]INFO | (Eval ) num_timesteps=33000, Reward=-32.55 +/- 1.75, EpLength: 1600.00 +/- 0.00
08-02-24 03:57[icct.rl_helpers.eval_callback]INFO | (Eval ) num_timesteps=34500, Reward=-125.11 +/- 0.72, EpLength: 71.60 +/- 1.02
08-02-24 03:58[icct.rl_helpers.eval_callback]INFO | (Eval ) num_timesteps=36000, Reward=-35.55 +/- 5.86, EpLength: 1600.00 +/- 0.00
08-02-24 03:58[icct.rl_helpers.eval_callback]INFO | (Eval ) num_timesteps=37500, Reward=-41.87 +/- 1.59, EpLength: 1600.00 +/- 0.00
08-02-24 03:59[icct.rl_helpers.eval_callback]INFO | (Eval ) num_timesteps=39000, Reward=-24.55 +/- 5.23, EpLength: 1600.00 +/- 0.00
08-02-24 03:59[icct.rl_helpers.eval_callback]INFO | (Save ) Storing Best Model: New best mean reward!
08-02-24 03:59[icct.rl_helpers.eval_callback]INFO | (Eval ) num_timesteps=40500, Reward=-42.78 +/- 7.79, EpLength: 1600.00 +/- 0.00
08-02-24 03:59[icct.rl_helpers.eval_callback]INFO | (Eval ) num_timesteps=42000, Reward=-112.97 +/- 0.48, EpLength: 53.80 +/- 2.40
08-02-24 04:00[icct.rl_helpers.eval_callback]INFO | (Eval ) num_timesteps=43500, Reward=-31.96 +/- 8.10, EpLength: 1600.00 +/- 0.00
08-02-24 04:00[icct.rl_helpers.eval_callback]INFO | (Eval ) num_timesteps=45000, Reward=-29.96 +/- 0.67, EpLength: 1600.00 +/- 0.00
08-02-24 04:00[icct.rl_helpers.eval_callback]INFO | (Eval ) num_timesteps=46500, Reward=-33.67 +/- 4.71, EpLength: 1600.00 +/- 0.00
08-02-24 04:01[icct.rl_helpers.eval_callback]INFO | (Eval ) num_timesteps=48000, Reward=-41.45 +/- 5.25, EpLength: 1600.00 +/- 0.00
08-02-24 04:01[icct.rl_helpers.eval_callback]INFO | (Eval ) num_timesteps=49500, Reward=-52.81 +/- 1.58, EpLength: 1600.00 +/- 0.00
08-02-24 04:02[icct.rl_helpers.eval_callback]INFO | (Eval ) num_timesteps=51000, Reward=-63.62 +/- 1.11, EpLength: 1600.00 +/- 0.00
08-02-24 04:02[icct.rl_helpers.eval_callback]INFO | (Eval ) num_timesteps=52500, Reward=-100.28 +/- 1.29, EpLength: 1600.00 +/- 0.00
08-02-24 04:02[icct.rl_helpers.eval_callback]INFO | (Eval ) num_timesteps=54000, Reward=-97.70 +/- 1.87, EpLength: 134.80 +/- 16.27
08-02-24 04:02[icct.rl_helpers.eval_callback]INFO | (Eval ) num_timesteps=55500, Reward=-98.10 +/- 2.28, EpLength: 84.00 +/- 6.36
08-02-24 04:03[icct.rl_helpers.eval_callback]INFO | (Eval ) num_timesteps=57000, Reward=-101.12 +/- 4.49, EpLength: 84.20 +/- 8.54
08-02-24 04:03[icct.rl_helpers.eval_callback]INFO | (Train) Episode: 60, Avg Reward: -89.09085476304334, Best: -89.09085476304334
08-02-24 04:03[icct.rl_helpers.eval_callback]INFO | (Eval ) num_timesteps=58500, Reward=-125.36 +/- 1.29, EpLength: 154.80 +/- 10.05
08-02-24 04:03[icct.rl_helpers.eval_callback]INFO | (Eval ) num_timesteps=60000, Reward=-115.28 +/- 3.84, EpLength: 63.40 +/- 13.75
08-02-24 04:04[icct.rl_helpers.eval_callback]INFO | (Eval ) num_timesteps=61500, Reward=-49.52 +/- 39.86, EpLength: 1311.60 +/- 576.80
08-02-24 04:04[icct.rl_helpers.eval_callback]INFO | (Eval ) num_timesteps=63000, Reward=-32.32 +/- 14.08, EpLength: 1600.00 +/- 0.00
08-02-24 04:04[icct.rl_helpers.eval_callback]INFO | (Eval ) num_timesteps=64500, Reward=-26.86 +/- 10.85, EpLength: 1600.00 +/- 0.00
08-02-24 04:05[icct.rl_helpers.eval_callback]INFO | (Eval ) num_timesteps=66000, Reward=-21.69 +/- 18.80, EpLength: 1600.00 +/- 0.00
08-02-24 04:05[icct.rl_helpers.eval_callback]INFO | (Save ) Storing Best Model: New best mean reward!
08-02-24 04:05[icct.rl_helpers.eval_callback]INFO | (Eval ) num_timesteps=67500, Reward=-31.24 +/- 0.17, EpLength: 1600.00 +/- 0.00
08-02-24 04:06[icct.rl_helpers.eval_callback]INFO | (Eval ) num_timesteps=69000, Reward=-24.16 +/- 0.60, EpLength: 1600.00 +/- 0.00
08-02-24 04:06[icct.rl_helpers.eval_callback]INFO | (Eval ) num_timesteps=70500, Reward=-14.11 +/- 0.54, EpLength: 1600.00 +/- 0.00
08-02-24 04:06[icct.rl_helpers.eval_callback]INFO | (Save ) Storing Best Model: New best mean reward!
08-02-24 04:06[icct.rl_helpers.eval_callback]INFO | (Eval ) num_timesteps=72000, Reward=-38.00 +/- 15.04, EpLength: 1600.00 +/- 0.00
08-02-24 04:07[icct.rl_helpers.eval_callback]INFO | (Eval ) num_timesteps=73500, Reward=-11.87 +/- 1.43, EpLength: 1600.00 +/- 0.00
08-02-24 04:07[icct.rl_helpers.eval_callback]INFO | (Save ) Storing Best Model: New best mean reward!
08-02-24 04:07[icct.rl_helpers.eval_callback]INFO | (Eval ) num_timesteps=75000, Reward=-18.50 +/- 0.65, EpLength: 1600.00 +/- 0.00
08-02-24 04:08[icct.rl_helpers.eval_callback]INFO | (Eval ) num_timesteps=76500, Reward=-12.52 +/- 7.10, EpLength: 1600.00 +/- 0.00
08-02-24 04:08[icct.rl_helpers.eval_callback]INFO | (Eval ) num_timesteps=78000, Reward=-15.26 +/- 2.10, EpLength: 1600.00 +/- 0.00
08-02-24 04:08[icct.rl_helpers.eval_callback]INFO | (Eval ) num_timesteps=79500, Reward=-16.05 +/- 0.78, EpLength: 1600.00 +/- 0.00
08-02-24 04:09[icct.rl_helpers.eval_callback]INFO | (Eval ) num_timesteps=81000, Reward=-14.60 +/- 0.77, EpLength: 1600.00 +/- 0.00
08-02-24 04:09[icct.rl_helpers.eval_callback]INFO | (Eval ) num_timesteps=82500, Reward=-17.92 +/- 1.54, EpLength: 1600.00 +/- 0.00
08-02-24 04:09[icct.rl_helpers.eval_callback]INFO | (Eval ) num_timesteps=84000, Reward=-22.78 +/- 2.14, EpLength: 1600.00 +/- 0.00
08-02-24 04:10[icct.rl_helpers.eval_callback]INFO | (Eval ) num_timesteps=85500, Reward=-13.99 +/- 0.67, EpLength: 1600.00 +/- 0.00
08-02-24 04:10[icct.rl_helpers.eval_callback]INFO | (Eval ) num_timesteps=87000, Reward=-11.87 +/- 3.68, EpLength: 1600.00 +/- 0.00
08-02-24 04:10[icct.rl_helpers.eval_callback]INFO | (Save ) Storing Best Model: New best mean reward!
08-02-24 04:11[icct.rl_helpers.eval_callback]INFO | (Eval ) num_timesteps=88500, Reward=-10.84 +/- 0.33, EpLength: 1600.00 +/- 0.00
08-02-24 04:11[icct.rl_helpers.eval_callback]INFO | (Save ) Storing Best Model: New best mean reward!
08-02-24 04:11[icct.rl_helpers.eval_callback]INFO | (Train) Episode: 80, Avg Reward: -73.13018148056223, Best: -73.13018148056223
08-02-24 04:11[icct.rl_helpers.eval_callback]INFO | (Eval ) num_timesteps=90000, Reward=-12.22 +/- 1.09, EpLength: 1600.00 +/- 0.00
08-02-24 04:11[icct.rl_helpers.eval_callback]INFO | (Eval ) num_timesteps=91500, Reward=-75.86 +/- 34.29, EpLength: 605.60 +/- 556.86
08-02-24 04:12[icct.rl_helpers.eval_callback]INFO | (Eval ) num_timesteps=93000, Reward=-28.85 +/- 0.46, EpLength: 1600.00 +/- 0.00
08-02-24 04:12[icct.rl_helpers.eval_callback]INFO | (Eval ) num_timesteps=94500, Reward=-51.88 +/- 40.69, EpLength: 1600.00 +/- 0.00
08-02-24 04:12[icct.rl_helpers.eval_callback]INFO | (Eval ) num_timesteps=96000, Reward=-16.92 +/- 3.66, EpLength: 1600.00 +/- 0.00
08-02-24 04:13[icct.rl_helpers.eval_callback]INFO | (Eval ) num_timesteps=97500, Reward=-8.15 +/- 1.58, EpLength: 1600.00 +/- 0.00
08-02-24 04:13[icct.rl_helpers.eval_callback]INFO | (Save ) Storing Best Model: New best mean reward!
08-02-24 04:13[icct.rl_helpers.eval_callback]INFO | (Eval ) num_timesteps=99000, Reward=-14.79 +/- 5.40, EpLength: 1600.00 +/- 0.00
08-02-24 04:14[icct.rl_helpers.eval_callback]INFO | (Eval ) num_timesteps=100500, Reward=-19.45 +/- 1.52, EpLength: 1600.00 +/- 0.00
08-02-24 04:14[icct.rl_helpers.eval_callback]INFO | (Eval ) num_timesteps=102000, Reward=-11.84 +/- 1.17, EpLength: 1600.00 +/- 0.00
08-02-24 04:14[icct.rl_helpers.eval_callback]INFO | (Eval ) num_timesteps=103500, Reward=-14.13 +/- 0.28, EpLength: 1600.00 +/- 0.00
08-02-24 04:15[icct.rl_helpers.eval_callback]INFO | (Eval ) num_timesteps=105000, Reward=-18.34 +/- 7.04, EpLength: 1600.00 +/- 0.00
08-02-24 04:15[icct.rl_helpers.eval_callback]INFO | (Eval ) num_timesteps=106500, Reward=-35.97 +/- 11.96, EpLength: 1600.00 +/- 0.00
08-02-24 04:16[icct.rl_helpers.eval_callback]INFO | (Eval ) num_timesteps=108000, Reward=-99.01 +/- 0.96, EpLength: 1600.00 +/- 0.00
08-02-24 04:16[icct.rl_helpers.eval_callback]INFO | (Eval ) num_timesteps=109500, Reward=-81.79 +/- 30.75, EpLength: 707.60 +/- 730.40
08-02-24 04:16[icct.rl_helpers.eval_callback]INFO | (Eval ) num_timesteps=111000, Reward=-27.56 +/- 12.42, EpLength: 1600.00 +/- 0.00
08-02-24 04:17[icct.rl_helpers.eval_callback]INFO | (Eval ) num_timesteps=112500, Reward=-30.53 +/- 0.22, EpLength: 1600.00 +/- 0.00
08-02-24 04:17[icct.rl_helpers.eval_callback]INFO | (Eval ) num_timesteps=114000, Reward=-23.01 +/- 5.46, EpLength: 1600.00 +/- 0.00
08-02-24 04:17[icct.rl_helpers.eval_callback]INFO | (Eval ) num_timesteps=115500, Reward=-43.23 +/- 1.58, EpLength: 1600.00 +/- 0.00
08-02-24 04:18[icct.rl_helpers.eval_callback]INFO | (Train) Episode: 100, Avg Reward: -65.47948799462812, Best: -65.47948799462812
08-02-24 04:18[icct.rl_helpers.eval_callback]INFO | (Eval ) num_timesteps=117000, Reward=-54.15 +/- 0.53, EpLength: 1600.00 +/- 0.00
08-02-24 04:18[icct.rl_helpers.eval_callback]INFO | (Eval ) num_timesteps=118500, Reward=-40.61 +/- 0.39, EpLength: 1600.00 +/- 0.00
08-02-24 04:19[icct.rl_helpers.eval_callback]INFO | (Eval ) num_timesteps=120000, Reward=-24.40 +/- 0.05, EpLength: 1600.00 +/- 0.00
08-02-24 04:19[icct.rl_helpers.eval_callback]INFO | (Eval ) num_timesteps=121500, Reward=-23.68 +/- 10.43, EpLength: 1600.00 +/- 0.00
08-02-24 04:19[icct.rl_helpers.eval_callback]INFO | (Eval ) num_timesteps=123000, Reward=-19.41 +/- 1.42, EpLength: 1600.00 +/- 0.00
08-02-24 04:20[icct.rl_helpers.eval_callback]INFO | (Eval ) num_timesteps=124500, Reward=-25.63 +/- 4.32, EpLength: 1600.00 +/- 0.00
08-02-24 04:20[icct.rl_helpers.eval_callback]INFO | (Eval ) num_timesteps=126000, Reward=-22.68 +/- 0.73, EpLength: 1600.00 +/- 0.00
08-02-24 04:21[icct.rl_helpers.eval_callback]INFO | (Eval ) num_timesteps=127500, Reward=-17.59 +/- 1.47, EpLength: 1600.00 +/- 0.00
08-02-24 04:21[icct.rl_helpers.eval_callback]INFO | (Eval ) num_timesteps=129000, Reward=-20.84 +/- 1.11, EpLength: 1600.00 +/- 0.00
08-02-24 04:21[icct.rl_helpers.eval_callback]INFO | (Eval ) num_timesteps=130500, Reward=-93.97 +/- 29.83, EpLength: 391.80 +/- 604.26
08-02-24 04:22[icct.rl_helpers.eval_callback]INFO | (Eval ) num_timesteps=132000, Reward=-33.72 +/- 38.40, EpLength: 1300.60 +/- 598.80
08-02-24 04:22[icct.rl_helpers.eval_callback]INFO | (Eval ) num_timesteps=133500, Reward=-23.85 +/- 0.55, EpLength: 1600.00 +/- 0.00
08-02-24 04:22[icct.rl_helpers.eval_callback]INFO | (Eval ) num_timesteps=135000, Reward=-19.73 +/- 3.33, EpLength: 1600.00 +/- 0.00
08-02-24 04:23[icct.rl_helpers.eval_callback]INFO | (Eval ) num_timesteps=136500, Reward=-22.49 +/- 4.36, EpLength: 1600.00 +/- 0.00
08-02-24 04:23[icct.rl_helpers.eval_callback]INFO | (Eval ) num_timesteps=138000, Reward=-25.46 +/- 0.55, EpLength: 1600.00 +/- 0.00
08-02-24 04:24[icct.rl_helpers.eval_callback]INFO | (Eval ) num_timesteps=139500, Reward=-33.56 +/- 0.19, EpLength: 1600.00 +/- 0.00
08-02-24 04:24[icct.rl_helpers.eval_callback]INFO | (Eval ) num_timesteps=141000, Reward=-25.61 +/- 6.67, EpLength: 1600.00 +/- 0.00
08-02-24 04:24[icct.rl_helpers.eval_callback]INFO | (Eval ) num_timesteps=142500, Reward=-33.63 +/- 0.18, EpLength: 1600.00 +/- 0.00
08-02-24 04:25[icct.rl_helpers.eval_callback]INFO | (Eval ) num_timesteps=144000, Reward=-23.80 +/- 1.32, EpLength: 1600.00 +/- 0.00
08-02-24 04:25[icct.rl_helpers.eval_callback]INFO | (Eval ) num_timesteps=145500, Reward=-21.95 +/- 7.75, EpLength: 1600.00 +/- 0.00
08-02-24 04:25[icct.rl_helpers.eval_callback]INFO | (Eval ) num_timesteps=147000, Reward=-118.50 +/- 0.65, EpLength: 69.80 +/- 10.48
08-02-24 04:26[icct.rl_helpers.eval_callback]INFO | (Train) Episode: 120, Avg Reward: -51.41452523643945, Best: -51.41452523643945
08-02-24 04:26[icct.rl_helpers.eval_callback]INFO | (Eval ) num_timesteps=148500, Reward=-19.50 +/- 0.13, EpLength: 1600.00 +/- 0.00
08-02-24 04:26[icct.rl_helpers.eval_callback]INFO | (Eval ) num_timesteps=150000, Reward=-16.07 +/- 0.06, EpLength: 1600.00 +/- 0.00
08-02-24 04:27[icct.rl_helpers.eval_callback]INFO | (Eval ) num_timesteps=151500, Reward=-11.72 +/- 1.67, EpLength: 1600.00 +/- 0.00
08-02-24 04:27[icct.rl_helpers.eval_callback]INFO | (Eval ) num_timesteps=153000, Reward=-10.38 +/- 1.20, EpLength: 1600.00 +/- 0.00
08-02-24 04:27[icct.rl_helpers.eval_callback]INFO | (Eval ) num_timesteps=154500, Reward=-10.39 +/- 2.10, EpLength: 1600.00 +/- 0.00
08-02-24 04:28[icct.rl_helpers.eval_callback]INFO | (Eval ) num_timesteps=156000, Reward=-12.03 +/- 0.89, EpLength: 1600.00 +/- 0.00
08-02-24 04:28[icct.rl_helpers.eval_callback]INFO | (Eval ) num_timesteps=157500, Reward=-21.31 +/- 2.13, EpLength: 1600.00 +/- 0.00
08-02-24 04:29[icct.rl_helpers.eval_callback]INFO | (Eval ) num_timesteps=159000, Reward=-15.22 +/- 0.16, EpLength: 1600.00 +/- 0.00
08-02-24 04:29[icct.rl_helpers.eval_callback]INFO | (Eval ) num_timesteps=160500, Reward=-6.63 +/- 1.66, EpLength: 1600.00 +/- 0.00
08-02-24 04:29[icct.rl_helpers.eval_callback]INFO | (Save ) Storing Best Model: New best mean reward!
08-02-24 04:29[icct.rl_helpers.eval_callback]INFO | (Eval ) num_timesteps=162000, Reward=-14.52 +/- 0.93, EpLength: 1600.00 +/- 0.00
08-02-24 04:30[icct.rl_helpers.eval_callback]INFO | (Eval ) num_timesteps=163500, Reward=-26.07 +/- 4.53, EpLength: 1600.00 +/- 0.00
08-02-24 04:30[icct.rl_helpers.eval_callback]INFO | (Eval ) num_timesteps=165000, Reward=-10.62 +/- 1.50, EpLength: 1600.00 +/- 0.00
08-02-24 04:30[icct.rl_helpers.eval_callback]INFO | (Eval ) num_timesteps=166500, Reward=-17.67 +/- 1.93, EpLength: 1600.00 +/- 0.00
08-02-24 04:31[icct.rl_helpers.eval_callback]INFO | (Eval ) num_timesteps=168000, Reward=-29.42 +/- 5.55, EpLength: 1600.00 +/- 0.00
08-02-24 04:31[icct.rl_helpers.eval_callback]INFO | (Eval ) num_timesteps=169500, Reward=-14.35 +/- 6.45, EpLength: 1600.00 +/- 0.00
08-02-24 04:32[icct.rl_helpers.eval_callback]INFO | (Eval ) num_timesteps=171000, Reward=-20.71 +/- 20.31, EpLength: 1600.00 +/- 0.00
08-02-24 04:32[icct.rl_helpers.eval_callback]INFO | (Eval ) num_timesteps=172500, Reward=-14.28 +/- 6.81, EpLength: 1600.00 +/- 0.00
08-02-24 04:32[icct.rl_helpers.eval_callback]INFO | (Eval ) num_timesteps=174000, Reward=-25.94 +/- 5.88, EpLength: 1600.00 +/- 0.00
08-02-24 04:33[icct.rl_helpers.eval_callback]INFO | (Eval ) num_timesteps=175500, Reward=-21.67 +/- 2.96, EpLength: 1600.00 +/- 0.00
08-02-24 04:33[icct.rl_helpers.eval_callback]INFO | (Eval ) num_timesteps=177000, Reward=-16.80 +/- 0.30, EpLength: 1600.00 +/- 0.00
08-02-24 04:34[icct.rl_helpers.eval_callback]INFO | (Eval ) num_timesteps=178500, Reward=-19.18 +/- 8.77, EpLength: 1600.00 +/- 0.00
08-02-24 04:34[icct.rl_helpers.eval_callback]INFO | (Train) Episode: 140, Avg Reward: -33.54954678467246, Best: -33.54954678467246
08-02-24 04:34[icct.rl_helpers.eval_callback]INFO | (Eval ) num_timesteps=180000, Reward=-3.22 +/- 4.00, EpLength: 1600.00 +/- 0.00
08-02-24 04:34[icct.rl_helpers.eval_callback]INFO | (Save ) Storing Best Model: New best mean reward!
08-02-24 04:34[icct.rl_helpers.eval_callback]INFO | (Eval ) num_timesteps=181500, Reward=-13.81 +/- 4.47, EpLength: 1600.00 +/- 0.00
08-02-24 04:35[icct.rl_helpers.eval_callback]INFO | (Eval ) num_timesteps=183000, Reward=-39.22 +/- 0.77, EpLength: 1600.00 +/- 0.00
08-02-24 04:35[icct.rl_helpers.eval_callback]INFO | (Eval ) num_timesteps=184500, Reward=-17.84 +/- 9.87, EpLength: 1600.00 +/- 0.00
08-02-24 04:36[icct.rl_helpers.eval_callback]INFO | (Eval ) num_timesteps=186000, Reward=-8.13 +/- 2.76, EpLength: 1600.00 +/- 0.00
08-02-24 04:36[icct.rl_helpers.eval_callback]INFO | (Eval ) num_timesteps=187500, Reward=-11.93 +/- 0.66, EpLength: 1600.00 +/- 0.00
08-02-24 04:36[icct.rl_helpers.eval_callback]INFO | (Eval ) num_timesteps=189000, Reward=-6.93 +/- 0.32, EpLength: 1600.00 +/- 0.00
08-02-24 04:37[icct.rl_helpers.eval_callback]INFO | (Eval ) num_timesteps=190500, Reward=-26.45 +/- 1.21, EpLength: 1600.00 +/- 0.00
08-02-24 04:37[icct.rl_helpers.eval_callback]INFO | (Eval ) num_timesteps=192000, Reward=-29.23 +/- 0.89, EpLength: 1600.00 +/- 0.00
08-02-24 04:38[icct.rl_helpers.eval_callback]INFO | (Eval ) num_timesteps=193500, Reward=-5.27 +/- 4.49, EpLength: 1600.00 +/- 0.00
08-02-24 04:38[icct.rl_helpers.eval_callback]INFO | (Eval ) num_timesteps=195000, Reward=1.68 +/- 0.81, EpLength: 1600.00 +/- 0.00
08-02-24 04:38[icct.rl_helpers.eval_callback]INFO | (Save ) Storing Best Model: New best mean reward!
08-02-24 04:38[icct.rl_helpers.eval_callback]INFO | (Eval ) num_timesteps=196500, Reward=-13.48 +/- 9.86, EpLength: 1600.00 +/- 0.00
08-02-24 04:39[icct.rl_helpers.eval_callback]INFO | (Eval ) num_timesteps=198000, Reward=-7.84 +/- 0.47, EpLength: 1600.00 +/- 0.00
08-02-24 04:39[icct.rl_helpers.eval_callback]INFO | (Eval ) num_timesteps=199500, Reward=-27.65 +/- 8.24, EpLength: 1600.00 +/- 0.00
08-02-24 04:39[icct.rl_helpers.eval_callback]INFO | (Eval ) num_timesteps=201000, Reward=-6.01 +/- 0.17, EpLength: 1600.00 +/- 0.00
08-02-24 04:40[icct.rl_helpers.eval_callback]INFO | (Eval ) num_timesteps=202500, Reward=-17.67 +/- 21.23, EpLength: 1600.00 +/- 0.00
08-02-24 04:40[icct.rl_helpers.eval_callback]INFO | (Eval ) num_timesteps=204000, Reward=-10.73 +/- 5.04, EpLength: 1600.00 +/- 0.00
08-02-24 04:41[icct.rl_helpers.eval_callback]INFO | (Eval ) num_timesteps=205500, Reward=-17.49 +/- 9.77, EpLength: 1600.00 +/- 0.00
08-02-24 04:41[icct.rl_helpers.eval_callback]INFO | (Eval ) num_timesteps=207000, Reward=-112.72 +/- 46.00, EpLength: 1600.00 +/- 0.00
08-02-24 04:41[icct.rl_helpers.eval_callback]INFO | (Train) Episode: 160, Avg Reward: -28.017426769334396, Best: -26.887959733983426
08-02-24 04:41[icct.rl_helpers.eval_callback]INFO | (Eval ) num_timesteps=208500, Reward=-109.00 +/- 0.15, EpLength: 60.20 +/- 0.40
08-02-24 04:42[icct.rl_helpers.eval_callback]INFO | (Eval ) num_timesteps=210000, Reward=-22.79 +/- 5.15, EpLength: 1600.00 +/- 0.00
08-02-24 04:42[icct.rl_helpers.eval_callback]INFO | (Eval ) num_timesteps=211500, Reward=-18.85 +/- 9.18, EpLength: 1600.00 +/- 0.00
08-02-24 04:43[icct.rl_helpers.eval_callback]INFO | (Eval ) num_timesteps=213000, Reward=-11.21 +/- 11.04, EpLength: 1600.00 +/- 0.00
08-02-24 04:43[icct.rl_helpers.eval_callback]INFO | (Eval ) num_timesteps=214500, Reward=-27.55 +/- 2.66, EpLength: 1600.00 +/- 0.00
08-02-24 04:43[icct.rl_helpers.eval_callback]INFO | (Eval ) num_timesteps=216000, Reward=-23.80 +/- 1.02, EpLength: 1600.00 +/- 0.00
08-02-24 04:44[icct.rl_helpers.eval_callback]INFO | (Eval ) num_timesteps=217500, Reward=-20.68 +/- 8.11, EpLength: 1600.00 +/- 0.00
08-02-24 04:44[icct.rl_helpers.eval_callback]INFO | (Eval ) num_timesteps=219000, Reward=-23.32 +/- 13.23, EpLength: 1600.00 +/- 0.00
08-02-24 04:44[icct.rl_helpers.eval_callback]INFO | (Eval ) num_timesteps=220500, Reward=-12.26 +/- 2.56, EpLength: 1600.00 +/- 0.00
08-02-24 04:45[icct.rl_helpers.eval_callback]INFO | (Eval ) num_timesteps=222000, Reward=-43.52 +/- 5.17, EpLength: 1600.00 +/- 0.00
08-02-24 04:45[icct.rl_helpers.eval_callback]INFO | (Eval ) num_timesteps=223500, Reward=-30.26 +/- 4.97, EpLength: 1600.00 +/- 0.00
08-02-24 04:46[icct.rl_helpers.eval_callback]INFO | (Eval ) num_timesteps=225000, Reward=-10.44 +/- 6.27, EpLength: 1600.00 +/- 0.00
08-02-24 04:46[icct.rl_helpers.eval_callback]INFO | (Eval ) num_timesteps=226500, Reward=-15.61 +/- 0.77, EpLength: 1600.00 +/- 0.00
08-02-24 04:46[icct.rl_helpers.eval_callback]INFO | (Train) Episode: 180, Avg Reward: -35.7513851520817, Best: -26.887959733983426
08-02-24 04:46[icct.rl_helpers.eval_callback]INFO | (Eval ) num_timesteps=228000, Reward=-20.19 +/- 1.90, EpLength: 1600.00 +/- 0.00
08-02-24 04:47[icct.rl_helpers.eval_callback]INFO | (Eval ) num_timesteps=229500, Reward=-15.18 +/- 0.84, EpLength: 1600.00 +/- 0.00
08-02-24 04:47[icct.rl_helpers.eval_callback]INFO | (Eval ) num_timesteps=231000, Reward=-8.03 +/- 1.02, EpLength: 1600.00 +/- 0.00
08-02-24 04:48[icct.rl_helpers.eval_callback]INFO | (Eval ) num_timesteps=232500, Reward=-7.13 +/- 3.92, EpLength: 1600.00 +/- 0.00
08-02-24 04:48[icct.rl_helpers.eval_callback]INFO | (Eval ) num_timesteps=234000, Reward=-25.27 +/- 8.81, EpLength: 1600.00 +/- 0.00
08-02-24 04:48[icct.rl_helpers.eval_callback]INFO | (Eval ) num_timesteps=235500, Reward=-31.12 +/- 13.35, EpLength: 1600.00 +/- 0.00
08-02-24 04:49[icct.rl_helpers.eval_callback]INFO | (Eval ) num_timesteps=237000, Reward=-120.03 +/- 4.12, EpLength: 1600.00 +/- 0.00
08-02-24 04:49[icct.rl_helpers.eval_callback]INFO | (Eval ) num_timesteps=238500, Reward=-59.63 +/- 11.94, EpLength: 1600.00 +/- 0.00
08-02-24 04:49[icct.rl_helpers.eval_callback]INFO | (Eval ) num_timesteps=240000, Reward=-84.94 +/- 17.03, EpLength: 1292.80 +/- 614.40
08-02-24 04:50[icct.rl_helpers.eval_callback]INFO | (Eval ) num_timesteps=241500, Reward=-24.61 +/- 1.81, EpLength: 1600.00 +/- 0.00
08-02-24 04:50[icct.rl_helpers.eval_callback]INFO | (Eval ) num_timesteps=243000, Reward=-2.39 +/- 0.36, EpLength: 1600.00 +/- 0.00
08-02-24 04:51[icct.rl_helpers.eval_callback]INFO | (Eval ) num_timesteps=244500, Reward=-11.15 +/- 10.90, EpLength: 1600.00 +/- 0.00
08-02-24 04:51[icct.rl_helpers.eval_callback]INFO | (Eval ) num_timesteps=246000, Reward=-12.45 +/- 10.95, EpLength: 1600.00 +/- 0.00
08-02-24 04:51[icct.rl_helpers.eval_callback]INFO | (Eval ) num_timesteps=247500, Reward=-33.85 +/- 3.24, EpLength: 1600.00 +/- 0.00
08-02-24 04:52[icct.rl_helpers.eval_callback]INFO | (Eval ) num_timesteps=249000, Reward=-7.43 +/- 1.78, EpLength: 1600.00 +/- 0.00
08-02-24 04:52[icct.rl_helpers.eval_callback]INFO | (Eval ) num_timesteps=250500, Reward=-8.83 +/- 1.57, EpLength: 1600.00 +/- 0.00
08-02-24 04:53[icct.rl_helpers.eval_callback]INFO | (Eval ) num_timesteps=252000, Reward=-8.63 +/- 0.74, EpLength: 1600.00 +/- 0.00
08-02-24 04:53[icct.rl_helpers.eval_callback]INFO | (Eval ) num_timesteps=253500, Reward=-13.17 +/- 3.62, EpLength: 1600.00 +/- 0.00
08-02-24 04:53[icct.rl_helpers.eval_callback]INFO | (Eval ) num_timesteps=255000, Reward=-6.17 +/- 0.37, EpLength: 1600.00 +/- 0.00
08-02-24 04:54[icct.rl_helpers.eval_callback]INFO | (Eval ) num_timesteps=256500, Reward=-12.83 +/- 0.70, EpLength: 1600.00 +/- 0.00
08-02-24 04:54[icct.rl_helpers.eval_callback]INFO | (Eval ) num_timesteps=258000, Reward=-8.80 +/- 2.90, EpLength: 1600.00 +/- 0.00
08-02-24 04:54[icct.rl_helpers.eval_callback]INFO | (Train) Episode: 200, Avg Reward: -34.963531547947795, Best: -26.887959733983426
08-02-24 04:54[icct.rl_helpers.eval_callback]INFO | (Eval ) num_timesteps=259500, Reward=-14.11 +/- 3.91, EpLength: 1600.00 +/- 0.00
08-02-24 04:55[icct.rl_helpers.eval_callback]INFO | (Eval ) num_timesteps=261000, Reward=-23.00 +/- 1.15, EpLength: 1600.00 +/- 0.00
08-02-24 04:55[icct.rl_helpers.eval_callback]INFO | (Eval ) num_timesteps=262500, Reward=-14.18 +/- 1.38, EpLength: 1600.00 +/- 0.00
08-02-24 04:56[icct.rl_helpers.eval_callback]INFO | (Eval ) num_timesteps=264000, Reward=-9.97 +/- 0.38, EpLength: 1600.00 +/- 0.00
08-02-24 04:56[icct.rl_helpers.eval_callback]INFO | (Eval ) num_timesteps=265500, Reward=-11.56 +/- 0.22, EpLength: 1600.00 +/- 0.00
08-02-24 04:56[icct.rl_helpers.eval_callback]INFO | (Eval ) num_timesteps=267000, Reward=-12.29 +/- 0.72, EpLength: 1600.00 +/- 0.00
08-02-24 04:57[icct.rl_helpers.eval_callback]INFO | (Eval ) num_timesteps=268500, Reward=-10.26 +/- 1.16, EpLength: 1600.00 +/- 0.00
08-02-24 04:57[icct.rl_helpers.eval_callback]INFO | (Eval ) num_timesteps=270000, Reward=-13.34 +/- 1.86, EpLength: 1600.00 +/- 0.00
08-02-24 04:58[icct.rl_helpers.eval_callback]INFO | (Eval ) num_timesteps=271500, Reward=-16.40 +/- 2.79, EpLength: 1600.00 +/- 0.00
08-02-24 04:58[icct.rl_helpers.eval_callback]INFO | (Eval ) num_timesteps=273000, Reward=-40.80 +/- 0.69, EpLength: 1600.00 +/- 0.00
08-02-24 04:58[icct.rl_helpers.eval_callback]INFO | (Eval ) num_timesteps=274500, Reward=-3.79 +/- 1.36, EpLength: 1600.00 +/- 0.00
08-02-24 04:59[icct.rl_helpers.eval_callback]INFO | (Eval ) num_timesteps=276000, Reward=-19.48 +/- 6.53, EpLength: 1600.00 +/- 0.00
08-02-24 04:59[icct.rl_helpers.eval_callback]INFO | (Eval ) num_timesteps=277500, Reward=-16.59 +/- 1.87, EpLength: 1600.00 +/- 0.00
08-02-24 04:59[icct.rl_helpers.eval_callback]INFO | (Eval ) num_timesteps=279000, Reward=-15.14 +/- 1.54, EpLength: 1600.00 +/- 0.00
08-02-24 05:00[icct.rl_helpers.eval_callback]INFO | (Eval ) num_timesteps=280500, Reward=-17.49 +/- 9.54, EpLength: 1600.00 +/- 0.00
08-02-24 05:00[icct.rl_helpers.eval_callback]INFO | (Eval ) num_timesteps=282000, Reward=-16.96 +/- 9.17, EpLength: 1600.00 +/- 0.00
08-02-24 05:01[icct.rl_helpers.eval_callback]INFO | (Eval ) num_timesteps=283500, Reward=-10.99 +/- 0.84, EpLength: 1600.00 +/- 0.00
08-02-24 05:01[icct.rl_helpers.eval_callback]INFO | (Eval ) num_timesteps=285000, Reward=-3.12 +/- 1.16, EpLength: 1600.00 +/- 0.00
08-02-24 05:01[icct.rl_helpers.eval_callback]INFO | (Eval ) num_timesteps=286500, Reward=-8.76 +/- 1.80, EpLength: 1600.00 +/- 0.00
08-02-24 05:02[icct.rl_helpers.eval_callback]INFO | (Eval ) num_timesteps=288000, Reward=-17.15 +/- 0.40, EpLength: 1600.00 +/- 0.00
08-02-24 05:02[icct.rl_helpers.eval_callback]INFO | (Eval ) num_timesteps=289500, Reward=-9.00 +/- 0.33, EpLength: 1600.00 +/- 0.00
08-02-24 05:02[icct.rl_helpers.eval_callback]INFO | (Train) Episode: 220, Avg Reward: -31.873259380410264, Best: -26.887959733983426
08-02-24 05:03[icct.rl_helpers.eval_callback]INFO | (Eval ) num_timesteps=291000, Reward=-9.20 +/- 1.11, EpLength: 1600.00 +/- 0.00
08-02-24 05:03[icct.rl_helpers.eval_callback]INFO | (Eval ) num_timesteps=292500, Reward=-11.53 +/- 1.52, EpLength: 1600.00 +/- 0.00
08-02-24 05:03[icct.rl_helpers.eval_callback]INFO | (Eval ) num_timesteps=294000, Reward=-20.80 +/- 1.57, EpLength: 1600.00 +/- 0.00
08-02-24 05:04[icct.rl_helpers.eval_callback]INFO | (Eval ) num_timesteps=295500, Reward=-9.12 +/- 1.93, EpLength: 1600.00 +/- 0.00
08-02-24 05:04[icct.rl_helpers.eval_callback]INFO | (Eval ) num_timesteps=297000, Reward=-5.97 +/- 0.49, EpLength: 1600.00 +/- 0.00
08-02-24 05:05[icct.rl_helpers.eval_callback]INFO | (Eval ) num_timesteps=298500, Reward=-8.85 +/- 2.88, EpLength: 1600.00 +/- 0.00
08-02-24 05:05[icct.rl_helpers.eval_callback]INFO | (Eval ) num_timesteps=300000, Reward=-116.45 +/- 4.48, EpLength: 106.20 +/- 20.45
08-02-24 05:05[icct.rl_helpers.eval_callback]INFO | (Eval ) num_timesteps=301500, Reward=-13.09 +/- 0.53, EpLength: 1600.00 +/- 0.00
08-02-24 05:06[icct.rl_helpers.eval_callback]INFO | (Eval ) num_timesteps=303000, Reward=-33.08 +/- 0.62, EpLength: 1600.00 +/- 0.00
08-02-24 05:06[icct.rl_helpers.eval_callback]INFO | (Eval ) num_timesteps=304500, Reward=-9.59 +/- 0.81, EpLength: 1600.00 +/- 0.00
08-02-24 05:06[icct.rl_helpers.eval_callback]INFO | (Eval ) num_timesteps=306000, Reward=-30.54 +/- 2.60, EpLength: 1600.00 +/- 0.00
08-02-24 05:07[icct.rl_helpers.eval_callback]INFO | (Eval ) num_timesteps=307500, Reward=-21.60 +/- 1.73, EpLength: 1600.00 +/- 0.00
08-02-24 05:07[icct.rl_helpers.eval_callback]INFO | (Eval ) num_timesteps=309000, Reward=-6.40 +/- 4.78, EpLength: 1600.00 +/- 0.00
08-02-24 05:08[icct.rl_helpers.eval_callback]INFO | (Eval ) num_timesteps=310500, Reward=-4.90 +/- 0.63, EpLength: 1600.00 +/- 0.00
08-02-24 05:08[icct.rl_helpers.eval_callback]INFO | (Eval ) num_timesteps=312000, Reward=-77.47 +/- 5.77, EpLength: 1600.00 +/- 0.00
08-02-24 05:08[icct.rl_helpers.eval_callback]INFO | (Eval ) num_timesteps=313500, Reward=-9.76 +/- 2.04, EpLength: 1600.00 +/- 0.00
08-02-24 05:09[icct.rl_helpers.eval_callback]INFO | (Eval ) num_timesteps=315000, Reward=-9.85 +/- 2.08, EpLength: 1600.00 +/- 0.00
08-02-24 05:09[icct.rl_helpers.eval_callback]INFO | (Eval ) num_timesteps=316500, Reward=-22.58 +/- 21.70, EpLength: 1600.00 +/- 0.00
08-02-24 05:09[icct.rl_helpers.eval_callback]INFO | (Eval ) num_timesteps=318000, Reward=-10.35 +/- 0.41, EpLength: 1600.00 +/- 0.00
08-02-24 05:10[icct.rl_helpers.eval_callback]INFO | (Eval ) num_timesteps=319500, Reward=-25.83 +/- 6.34, EpLength: 1600.00 +/- 0.00
08-02-24 05:10[icct.rl_helpers.eval_callback]INFO | (Eval ) num_timesteps=321000, Reward=-6.94 +/- 1.30, EpLength: 1600.00 +/- 0.00
08-02-24 05:10[icct.rl_helpers.eval_callback]INFO | (Train) Episode: 240, Avg Reward: -32.69749921817081, Best: -26.887959733983426
08-02-24 05:11[icct.rl_helpers.eval_callback]INFO | (Eval ) num_timesteps=322500, Reward=-20.54 +/- 5.97, EpLength: 1600.00 +/- 0.00
08-02-24 05:11[icct.rl_helpers.eval_callback]INFO | (Eval ) num_timesteps=324000, Reward=-28.39 +/- 3.93, EpLength: 1600.00 +/- 0.00
08-02-24 05:11[icct.rl_helpers.eval_callback]INFO | (Eval ) num_timesteps=325500, Reward=-7.94 +/- 2.21, EpLength: 1600.00 +/- 0.00
08-02-24 05:12[icct.rl_helpers.eval_callback]INFO | (Eval ) num_timesteps=327000, Reward=1.00 +/- 1.35, EpLength: 1600.00 +/- 0.00
08-02-24 05:12[icct.rl_helpers.eval_callback]INFO | (Eval ) num_timesteps=328500, Reward=-58.24 +/- 59.22, EpLength: 1077.20 +/- 640.66
08-02-24 05:13[icct.rl_helpers.eval_callback]INFO | (Eval ) num_timesteps=330000, Reward=-19.73 +/- 0.58, EpLength: 1600.00 +/- 0.00
08-02-24 05:13[icct.rl_helpers.eval_callback]INFO | (Eval ) num_timesteps=331500, Reward=-13.93 +/- 11.70, EpLength: 1600.00 +/- 0.00
08-02-24 05:13[icct.rl_helpers.eval_callback]INFO | (Eval ) num_timesteps=333000, Reward=-112.63 +/- 0.19, EpLength: 52.40 +/- 0.49
08-02-24 05:14[icct.rl_helpers.eval_callback]INFO | (Eval ) num_timesteps=334500, Reward=-108.80 +/- 14.31, EpLength: 1307.20 +/- 585.60
08-02-24 05:14[icct.rl_helpers.eval_callback]INFO | (Eval ) num_timesteps=336000, Reward=-36.62 +/- 25.88, EpLength: 1600.00 +/- 0.00
08-02-24 05:14[icct.rl_helpers.eval_callback]INFO | (Eval ) num_timesteps=337500, Reward=-34.56 +/- 5.65, EpLength: 1600.00 +/- 0.00
08-02-24 05:15[icct.rl_helpers.eval_callback]INFO | (Eval ) num_timesteps=339000, Reward=-121.59 +/- 0.16, EpLength: 64.80 +/- 0.40
08-02-24 05:15[icct.rl_helpers.eval_callback]INFO | (Eval ) num_timesteps=340500, Reward=-66.67 +/- 1.08, EpLength: 1600.00 +/- 0.00
08-02-24 05:15[icct.rl_helpers.eval_callback]INFO | (Eval ) num_timesteps=342000, Reward=-14.45 +/- 0.65, EpLength: 1600.00 +/- 0.00
08-02-24 05:16[icct.rl_helpers.eval_callback]INFO | (Eval ) num_timesteps=343500, Reward=-24.58 +/- 6.50, EpLength: 1600.00 +/- 0.00
08-02-24 05:16[icct.rl_helpers.eval_callback]INFO | (Eval ) num_timesteps=345000, Reward=-6.01 +/- 0.73, EpLength: 1600.00 +/- 0.00
08-02-24 05:17[icct.rl_helpers.eval_callback]INFO | (Eval ) num_timesteps=346500, Reward=-21.37 +/- 0.59, EpLength: 1600.00 +/- 0.00
08-02-24 05:17[icct.rl_helpers.eval_callback]INFO | (Eval ) num_timesteps=348000, Reward=-8.44 +/- 0.90, EpLength: 1600.00 +/- 0.00
08-02-24 05:17[icct.rl_helpers.eval_callback]INFO | (Eval ) num_timesteps=349500, Reward=-20.88 +/- 3.72, EpLength: 1600.00 +/- 0.00
08-02-24 05:18[icct.rl_helpers.eval_callback]INFO | (Eval ) num_timesteps=351000, Reward=-16.03 +/- 4.10, EpLength: 1600.00 +/- 0.00
08-02-24 05:18[icct.rl_helpers.eval_callback]INFO | (Train) Episode: 260, Avg Reward: -34.827338382311865, Best: -26.887959733983426
08-02-24 05:18[icct.rl_helpers.eval_callback]INFO | (Eval ) num_timesteps=352500, Reward=-21.70 +/- 7.56, EpLength: 1600.00 +/- 0.00
08-02-24 05:19[icct.rl_helpers.eval_callback]INFO | (Eval ) num_timesteps=354000, Reward=-11.22 +/- 3.20, EpLength: 1600.00 +/- 0.00
08-02-24 05:19[icct.rl_helpers.eval_callback]INFO | (Eval ) num_timesteps=355500, Reward=-16.09 +/- 1.08, EpLength: 1600.00 +/- 0.00
08-02-24 05:19[icct.rl_helpers.eval_callback]INFO | (Eval ) num_timesteps=357000, Reward=-15.27 +/- 0.89, EpLength: 1600.00 +/- 0.00
08-02-24 05:20[icct.rl_helpers.eval_callback]INFO | (Eval ) num_timesteps=358500, Reward=-22.67 +/- 7.14, EpLength: 1600.00 +/- 0.00
08-02-24 05:20[icct.rl_helpers.eval_callback]INFO | (Eval ) num_timesteps=360000, Reward=-52.79 +/- 1.63, EpLength: 1600.00 +/- 0.00
08-02-24 05:21[icct.rl_helpers.eval_callback]INFO | (Eval ) num_timesteps=361500, Reward=-22.97 +/- 2.11, EpLength: 1600.00 +/- 0.00
08-02-24 05:21[icct.rl_helpers.eval_callback]INFO | (Eval ) num_timesteps=363000, Reward=-10.63 +/- 10.39, EpLength: 1600.00 +/- 0.00
08-02-24 05:21[icct.rl_helpers.eval_callback]INFO | (Eval ) num_timesteps=364500, Reward=-10.82 +/- 1.57, EpLength: 1600.00 +/- 0.00
08-02-24 05:22[icct.rl_helpers.eval_callback]INFO | (Eval ) num_timesteps=366000, Reward=-15.33 +/- 0.48, EpLength: 1600.00 +/- 0.00
08-02-24 05:22[icct.rl_helpers.eval_callback]INFO | (Eval ) num_timesteps=367500, Reward=-10.07 +/- 4.44, EpLength: 1600.00 +/- 0.00
08-02-24 05:22[icct.rl_helpers.eval_callback]INFO | (Eval ) num_timesteps=369000, Reward=-21.99 +/- 6.88, EpLength: 1600.00 +/- 0.00
08-02-24 05:23[icct.rl_helpers.eval_callback]INFO | (Eval ) num_timesteps=370500, Reward=-9.72 +/- 3.69, EpLength: 1600.00 +/- 0.00
08-02-24 05:23[icct.rl_helpers.eval_callback]INFO | (Eval ) num_timesteps=372000, Reward=-26.53 +/- 8.77, EpLength: 1600.00 +/- 0.00
08-02-24 05:24[icct.rl_helpers.eval_callback]INFO | (Eval ) num_timesteps=373500, Reward=-8.42 +/- 0.53, EpLength: 1600.00 +/- 0.00
08-02-24 05:24[icct.rl_helpers.eval_callback]INFO | (Eval ) num_timesteps=375000, Reward=-7.46 +/- 0.95, EpLength: 1600.00 +/- 0.00
08-02-24 05:24[icct.rl_helpers.eval_callback]INFO | (Eval ) num_timesteps=376500, Reward=-12.86 +/- 0.92, EpLength: 1600.00 +/- 0.00
08-02-24 05:25[icct.rl_helpers.eval_callback]INFO | (Eval ) num_timesteps=378000, Reward=-16.61 +/- 8.85, EpLength: 1600.00 +/- 0.00
08-02-24 05:25[icct.rl_helpers.eval_callback]INFO | (Eval ) num_timesteps=379500, Reward=-13.55 +/- 0.83, EpLength: 1600.00 +/- 0.00
08-02-24 05:26[icct.rl_helpers.eval_callback]INFO | (Eval ) num_timesteps=381000, Reward=-26.83 +/- 0.91, EpLength: 1600.00 +/- 0.00
08-02-24 05:26[icct.rl_helpers.eval_callback]INFO | (Eval ) num_timesteps=382500, Reward=-17.25 +/- 1.86, EpLength: 1600.00 +/- 0.00
08-02-24 05:26[icct.rl_helpers.eval_callback]INFO | (Train) Episode: 280, Avg Reward: -25.98518878672485, Best: -25.98518878672485
08-02-24 05:26[icct.rl_helpers.eval_callback]INFO | (Eval ) num_timesteps=384000, Reward=-14.10 +/- 9.68, EpLength: 1600.00 +/- 0.00
08-02-24 05:27[icct.rl_helpers.eval_callback]INFO | (Eval ) num_timesteps=385500, Reward=-11.54 +/- 5.05, EpLength: 1600.00 +/- 0.00
08-02-24 05:27[icct.rl_helpers.eval_callback]INFO | (Eval ) num_timesteps=387000, Reward=-17.21 +/- 0.39, EpLength: 1600.00 +/- 0.00
08-02-24 05:27[icct.rl_helpers.eval_callback]INFO | (Eval ) num_timesteps=388500, Reward=-19.95 +/- 19.57, EpLength: 1600.00 +/- 0.00
08-02-24 05:28[icct.rl_helpers.eval_callback]INFO | (Eval ) num_timesteps=390000, Reward=-12.70 +/- 4.80, EpLength: 1600.00 +/- 0.00
08-02-24 05:28[icct.rl_helpers.eval_callback]INFO | (Eval ) num_timesteps=391500, Reward=-24.54 +/- 19.58, EpLength: 1600.00 +/- 0.00
08-02-24 05:29[icct.rl_helpers.eval_callback]INFO | (Eval ) num_timesteps=393000, Reward=-37.96 +/- 28.98, EpLength: 1600.00 +/- 0.00
08-02-24 05:29[icct.rl_helpers.eval_callback]INFO | (Eval ) num_timesteps=394500, Reward=-20.66 +/- 7.05, EpLength: 1600.00 +/- 0.00
08-02-24 05:29[icct.rl_helpers.eval_callback]INFO | (Eval ) num_timesteps=396000, Reward=-9.43 +/- 1.42, EpLength: 1600.00 +/- 0.00
08-02-24 05:30[icct.rl_helpers.eval_callback]INFO | (Eval ) num_timesteps=397500, Reward=-33.04 +/- 19.10, EpLength: 1600.00 +/- 0.00
08-02-24 05:30[icct.rl_helpers.eval_callback]INFO | (Eval ) num_timesteps=399000, Reward=-16.48 +/- 0.14, EpLength: 1600.00 +/- 0.00
08-02-24 05:30[icct.rl_helpers.eval_callback]INFO | (Eval ) num_timesteps=400500, Reward=-26.29 +/- 17.64, EpLength: 1600.00 +/- 0.00
08-02-24 05:31[icct.rl_helpers.eval_callback]INFO | (Eval ) num_timesteps=402000, Reward=-12.41 +/- 0.95, EpLength: 1600.00 +/- 0.00
08-02-24 05:31[icct.rl_helpers.eval_callback]INFO | (Eval ) num_timesteps=403500, Reward=-4.98 +/- 0.66, EpLength: 1600.00 +/- 0.00
08-02-24 05:32[icct.rl_helpers.eval_callback]INFO | (Eval ) num_timesteps=405000, Reward=-17.12 +/- 3.32, EpLength: 1600.00 +/- 0.00
08-02-24 05:32[icct.rl_helpers.eval_callback]INFO | (Eval ) num_timesteps=406500, Reward=-16.70 +/- 2.46, EpLength: 1600.00 +/- 0.00
08-02-24 05:32[icct.rl_helpers.eval_callback]INFO | (Eval ) num_timesteps=408000, Reward=-4.71 +/- 1.60, EpLength: 1600.00 +/- 0.00
08-02-24 05:33[icct.rl_helpers.eval_callback]INFO | (Eval ) num_timesteps=409500, Reward=-18.01 +/- 10.05, EpLength: 1600.00 +/- 0.00
08-02-24 05:33[icct.rl_helpers.eval_callback]INFO | (Eval ) num_timesteps=411000, Reward=-14.89 +/- 2.37, EpLength: 1600.00 +/- 0.00
08-02-24 05:33[icct.rl_helpers.eval_callback]INFO | (Eval ) num_timesteps=412500, Reward=-5.54 +/- 0.55, EpLength: 1600.00 +/- 0.00
08-02-24 05:34[icct.rl_helpers.eval_callback]INFO | (Eval ) num_timesteps=414000, Reward=-17.98 +/- 2.62, EpLength: 1600.00 +/- 0.00
08-02-24 05:34[icct.rl_helpers.eval_callback]INFO | (Eval ) num_timesteps=415500, Reward=-11.09 +/- 1.97, EpLength: 1600.00 +/- 0.00
08-02-24 05:34[icct.rl_helpers.eval_callback]INFO | (Train) Episode: 300, Avg Reward: -23.297500046992614, Best: -23.297500046992614
08-02-24 05:35[icct.rl_helpers.eval_callback]INFO | (Eval ) num_timesteps=417000, Reward=-3.95 +/- 1.34, EpLength: 1600.00 +/- 0.00
08-02-24 05:35[icct.rl_helpers.eval_callback]INFO | (Eval ) num_timesteps=418500, Reward=-15.51 +/- 7.83, EpLength: 1600.00 +/- 0.00
08-02-24 05:35[icct.rl_helpers.eval_callback]INFO | (Eval ) num_timesteps=420000, Reward=-13.15 +/- 0.33, EpLength: 1600.00 +/- 0.00
08-02-24 05:36[icct.rl_helpers.eval_callback]INFO | (Eval ) num_timesteps=421500, Reward=-21.30 +/- 3.68, EpLength: 1600.00 +/- 0.00
08-02-24 05:36[icct.rl_helpers.eval_callback]INFO | (Eval ) num_timesteps=423000, Reward=-14.30 +/- 12.60, EpLength: 1600.00 +/- 0.00
08-02-24 05:37[icct.rl_helpers.eval_callback]INFO | (Eval ) num_timesteps=424500, Reward=-23.40 +/- 10.80, EpLength: 1600.00 +/- 0.00
08-02-24 05:37[icct.rl_helpers.eval_callback]INFO | (Eval ) num_timesteps=426000, Reward=-16.48 +/- 13.20, EpLength: 1600.00 +/- 0.00
08-02-24 05:37[icct.rl_helpers.eval_callback]INFO | (Eval ) num_timesteps=427500, Reward=-14.49 +/- 3.42, EpLength: 1600.00 +/- 0.00
08-02-24 05:38[icct.rl_helpers.eval_callback]INFO | (Eval ) num_timesteps=429000, Reward=-1.06 +/- 6.10, EpLength: 1600.00 +/- 0.00
08-02-24 05:38[icct.rl_helpers.eval_callback]INFO | (Eval ) num_timesteps=430500, Reward=-4.64 +/- 8.58, EpLength: 1600.00 +/- 0.00
08-02-24 05:38[icct.rl_helpers.eval_callback]INFO | (Eval ) num_timesteps=432000, Reward=-12.25 +/- 1.15, EpLength: 1600.00 +/- 0.00
08-02-24 05:39[icct.rl_helpers.eval_callback]INFO | (Eval ) num_timesteps=433500, Reward=-39.34 +/- 3.62, EpLength: 1600.00 +/- 0.00
08-02-24 05:39[icct.rl_helpers.eval_callback]INFO | (Eval ) num_timesteps=435000, Reward=-2.60 +/- 1.52, EpLength: 1600.00 +/- 0.00
08-02-24 05:40[icct.rl_helpers.eval_callback]INFO | (Eval ) num_timesteps=436500, Reward=-2.31 +/- 2.31, EpLength: 1600.00 +/- 0.00
08-02-24 05:40[icct.rl_helpers.eval_callback]INFO | (Eval ) num_timesteps=438000, Reward=-9.27 +/- 0.59, EpLength: 1600.00 +/- 0.00
08-02-24 05:40[icct.rl_helpers.eval_callback]INFO | (Eval ) num_timesteps=439500, Reward=-25.80 +/- 10.63, EpLength: 1600.00 +/- 0.00
08-02-24 05:41[icct.rl_helpers.eval_callback]INFO | (Eval ) num_timesteps=441000, Reward=-7.21 +/- 5.29, EpLength: 1600.00 +/- 0.00
08-02-24 05:41[icct.rl_helpers.eval_callback]INFO | (Eval ) num_timesteps=442500, Reward=-11.90 +/- 16.28, EpLength: 1600.00 +/- 0.00
08-02-24 05:42[icct.rl_helpers.eval_callback]INFO | (Eval ) num_timesteps=444000, Reward=-9.70 +/- 8.11, EpLength: 1600.00 +/- 0.00
08-02-24 05:42[icct.rl_helpers.eval_callback]INFO | (Eval ) num_timesteps=445500, Reward=-3.61 +/- 7.49, EpLength: 1600.00 +/- 0.00
08-02-24 05:42[icct.rl_helpers.eval_callback]INFO | (Eval ) num_timesteps=447000, Reward=-18.58 +/- 5.02, EpLength: 1600.00 +/- 0.00
08-02-24 05:42[icct.rl_helpers.eval_callback]INFO | (Train) Episode: 320, Avg Reward: -23.730171823851087, Best: -23.282497072297016
08-02-24 05:43[icct.rl_helpers.eval_callback]INFO | (Eval ) num_timesteps=448500, Reward=-15.35 +/- 0.57, EpLength: 1600.00 +/- 0.00
08-02-24 05:43[icct.rl_helpers.eval_callback]INFO | (Eval ) num_timesteps=450000, Reward=-1.98 +/- 3.03, EpLength: 1600.00 +/- 0.00
08-02-24 05:43[icct.rl_helpers.eval_callback]INFO | (Eval ) num_timesteps=451500, Reward=-6.84 +/- 1.85, EpLength: 1600.00 +/- 0.00
08-02-24 05:44[icct.rl_helpers.eval_callback]INFO | (Eval ) num_timesteps=453000, Reward=-5.01 +/- 7.80, EpLength: 1600.00 +/- 0.00
08-02-24 05:44[icct.rl_helpers.eval_callback]INFO | (Eval ) num_timesteps=454500, Reward=-20.80 +/- 3.48, EpLength: 1600.00 +/- 0.00
08-02-24 05:45[icct.rl_helpers.eval_callback]INFO | (Eval ) num_timesteps=456000, Reward=-10.26 +/- 1.22, EpLength: 1600.00 +/- 0.00
08-02-24 05:45[icct.rl_helpers.eval_callback]INFO | (Eval ) num_timesteps=457500, Reward=-9.33 +/- 4.46, EpLength: 1600.00 +/- 0.00
08-02-24 05:45[icct.rl_helpers.eval_callback]INFO | (Eval ) num_timesteps=459000, Reward=-6.92 +/- 1.89, EpLength: 1600.00 +/- 0.00
08-02-24 05:46[icct.rl_helpers.eval_callback]INFO | (Eval ) num_timesteps=460500, Reward=-5.11 +/- 0.05, EpLength: 1600.00 +/- 0.00
08-02-24 05:46[icct.rl_helpers.eval_callback]INFO | (Eval ) num_timesteps=462000, Reward=-20.56 +/- 1.74, EpLength: 1600.00 +/- 0.00
08-02-24 05:47[icct.rl_helpers.eval_callback]INFO | (Eval ) num_timesteps=463500, Reward=-9.26 +/- 2.14, EpLength: 1600.00 +/- 0.00
08-02-24 05:47[icct.rl_helpers.eval_callback]INFO | (Eval ) num_timesteps=465000, Reward=-12.06 +/- 3.04, EpLength: 1600.00 +/- 0.00
08-02-24 05:47[icct.rl_helpers.eval_callback]INFO | (Eval ) num_timesteps=466500, Reward=-23.72 +/- 0.55, EpLength: 1600.00 +/- 0.00
08-02-24 05:48[icct.rl_helpers.eval_callback]INFO | (Eval ) num_timesteps=468000, Reward=-19.96 +/- 7.26, EpLength: 1600.00 +/- 0.00
08-02-24 05:48[icct.rl_helpers.eval_callback]INFO | (Eval ) num_timesteps=469500, Reward=-5.77 +/- 5.31, EpLength: 1600.00 +/- 0.00
08-02-24 05:49[icct.rl_helpers.eval_callback]INFO | (Eval ) num_timesteps=471000, Reward=-22.14 +/- 11.91, EpLength: 1600.00 +/- 0.00
08-02-24 05:49[icct.rl_helpers.eval_callback]INFO | (Eval ) num_timesteps=472500, Reward=-15.81 +/- 10.35, EpLength: 1600.00 +/- 0.00
08-02-24 05:49[icct.rl_helpers.eval_callback]INFO | (Eval ) num_timesteps=474000, Reward=-14.47 +/- 6.47, EpLength: 1600.00 +/- 0.00
08-02-24 05:50[icct.rl_helpers.eval_callback]INFO | (Eval ) num_timesteps=475500, Reward=-3.90 +/- 1.51, EpLength: 1600.00 +/- 0.00
08-02-24 05:50[icct.rl_helpers.eval_callback]INFO | (Eval ) num_timesteps=477000, Reward=-5.82 +/- 0.95, EpLength: 1600.00 +/- 0.00
08-02-24 05:51[icct.rl_helpers.eval_callback]INFO | (Eval ) num_timesteps=478500, Reward=-15.71 +/- 0.58, EpLength: 1600.00 +/- 0.00
08-02-24 05:51[icct.rl_helpers.eval_callback]INFO | (Train) Episode: 340, Avg Reward: -21.95229752605599, Best: -21.92464058538033
08-02-24 05:51[icct.rl_helpers.eval_callback]INFO | (Eval ) num_timesteps=480000, Reward=-33.11 +/- 6.84, EpLength: 1600.00 +/- 0.00
08-02-24 05:51[icct.rl_helpers.eval_callback]INFO | (Eval ) num_timesteps=481500, Reward=-7.66 +/- 2.88, EpLength: 1600.00 +/- 0.00
08-02-24 05:52[icct.rl_helpers.eval_callback]INFO | (Eval ) num_timesteps=483000, Reward=-8.46 +/- 0.19, EpLength: 1600.00 +/- 0.00
08-02-24 05:52[icct.rl_helpers.eval_callback]INFO | (Eval ) num_timesteps=484500, Reward=-13.77 +/- 1.77, EpLength: 1600.00 +/- 0.00
08-02-24 05:53[icct.rl_helpers.eval_callback]INFO | (Eval ) num_timesteps=486000, Reward=-5.33 +/- 1.34, EpLength: 1600.00 +/- 0.00
08-02-24 05:53[icct.rl_helpers.eval_callback]INFO | (Eval ) num_timesteps=487500, Reward=-28.94 +/- 4.45, EpLength: 1600.00 +/- 0.00
08-02-24 05:53[icct.rl_helpers.eval_callback]INFO | (Eval ) num_timesteps=489000, Reward=-9.67 +/- 6.31, EpLength: 1600.00 +/- 0.00
08-02-24 05:54[icct.rl_helpers.eval_callback]INFO | (Eval ) num_timesteps=490500, Reward=-15.24 +/- 4.25, EpLength: 1600.00 +/- 0.00
08-02-24 05:54[icct.rl_helpers.eval_callback]INFO | (Eval ) num_timesteps=492000, Reward=-12.14 +/- 2.81, EpLength: 1600.00 +/- 0.00
08-02-24 05:54[icct.rl_helpers.eval_callback]INFO | (Eval ) num_timesteps=493500, Reward=-4.13 +/- 5.42, EpLength: 1600.00 +/- 0.00
08-02-24 05:55[icct.rl_helpers.eval_callback]INFO | (Eval ) num_timesteps=495000, Reward=-6.01 +/- 0.83, EpLength: 1600.00 +/- 0.00
08-02-24 05:55[icct.rl_helpers.eval_callback]INFO | (Eval ) num_timesteps=496500, Reward=-4.31 +/- 3.58, EpLength: 1600.00 +/- 0.00
08-02-24 05:56[icct.rl_helpers.eval_callback]INFO | (Eval ) num_timesteps=498000, Reward=-3.50 +/- 1.78, EpLength: 1600.00 +/- 0.00
08-02-24 05:56[icct.rl_helpers.eval_callback]INFO | (Eval ) num_timesteps=499500, Reward=-10.35 +/- 1.43, EpLength: 1600.00 +/- 0.00
08-02-24 05:56[icct.rl_helpers.eval_callback]INFO | (Eval ) num_timesteps=501000, Reward=-7.59 +/- 1.18, EpLength: 1600.00 +/- 0.00
08-02-24 05:57[icct.rl_helpers.eval_callback]INFO | (Eval ) num_timesteps=502500, Reward=-24.73 +/- 7.18, EpLength: 1600.00 +/- 0.00
08-02-24 05:57[icct.rl_helpers.eval_callback]INFO | (Eval ) num_timesteps=504000, Reward=-6.16 +/- 3.60, EpLength: 1600.00 +/- 0.00
08-02-24 05:58[icct.rl_helpers.eval_callback]INFO | (Eval ) num_timesteps=505500, Reward=-9.88 +/- 1.20, EpLength: 1600.00 +/- 0.00
08-02-24 05:58[icct.rl_helpers.eval_callback]INFO | (Eval ) num_timesteps=507000, Reward=-19.11 +/- 9.19, EpLength: 1600.00 +/- 0.00
08-02-24 05:58[icct.rl_helpers.eval_callback]INFO | (Eval ) num_timesteps=508500, Reward=-10.60 +/- 1.05, EpLength: 1600.00 +/- 0.00
08-02-24 05:59[icct.rl_helpers.eval_callback]INFO | (Eval ) num_timesteps=510000, Reward=-11.83 +/- 1.17, EpLength: 1600.00 +/- 0.00
08-02-24 05:59[icct.rl_helpers.eval_callback]INFO | (Eval ) num_timesteps=511500, Reward=-25.29 +/- 1.89, EpLength: 1600.00 +/- 0.00
08-02-24 05:59[icct.rl_helpers.eval_callback]INFO | (Train) Episode: 360, Avg Reward: -17.468708845276282, Best: -17.468708845276282
08-02-24 06:00[icct.rl_helpers.eval_callback]INFO | (Eval ) num_timesteps=513000, Reward=-3.04 +/- 6.16, EpLength: 1600.00 +/- 0.00
08-02-24 06:00[icct.rl_helpers.eval_callback]INFO | (Eval ) num_timesteps=514500, Reward=-5.15 +/- 1.04, EpLength: 1600.00 +/- 0.00
08-02-24 06:00[icct.rl_helpers.eval_callback]INFO | (Eval ) num_timesteps=516000, Reward=-19.55 +/- 2.23, EpLength: 1600.00 +/- 0.00
08-02-24 06:01[icct.rl_helpers.eval_callback]INFO | (Eval ) num_timesteps=517500, Reward=-9.78 +/- 1.80, EpLength: 1600.00 +/- 0.00
08-02-24 06:01[icct.rl_helpers.eval_callback]INFO | (Eval ) num_timesteps=519000, Reward=-3.73 +/- 0.98, EpLength: 1600.00 +/- 0.00
08-02-24 06:02[icct.rl_helpers.eval_callback]INFO | (Eval ) num_timesteps=520500, Reward=-9.41 +/- 0.63, EpLength: 1600.00 +/- 0.00
08-02-24 06:02[icct.rl_helpers.eval_callback]INFO | (Eval ) num_timesteps=522000, Reward=-9.87 +/- 2.03, EpLength: 1600.00 +/- 0.00
08-02-24 06:02[icct.rl_helpers.eval_callback]INFO | (Eval ) num_timesteps=523500, Reward=-12.44 +/- 3.28, EpLength: 1600.00 +/- 0.00
08-02-24 06:03[icct.rl_helpers.eval_callback]INFO | (Eval ) num_timesteps=525000, Reward=-9.88 +/- 1.65, EpLength: 1600.00 +/- 0.00
08-02-24 06:03[icct.rl_helpers.eval_callback]INFO | (Eval ) num_timesteps=526500, Reward=-4.61 +/- 1.46, EpLength: 1600.00 +/- 0.00
08-02-24 06:04[icct.rl_helpers.eval_callback]INFO | (Eval ) num_timesteps=528000, Reward=-3.66 +/- 0.90, EpLength: 1600.00 +/- 0.00
08-02-24 06:04[icct.rl_helpers.eval_callback]INFO | (Eval ) num_timesteps=529500, Reward=-7.99 +/- 1.24, EpLength: 1600.00 +/- 0.00
08-02-24 06:04[icct.rl_helpers.eval_callback]INFO | (Eval ) num_timesteps=531000, Reward=-4.41 +/- 2.08, EpLength: 1600.00 +/- 0.00
08-02-24 06:05[icct.rl_helpers.eval_callback]INFO | (Eval ) num_timesteps=532500, Reward=-7.31 +/- 3.58, EpLength: 1600.00 +/- 0.00
08-02-24 06:05[icct.rl_helpers.eval_callback]INFO | (Eval ) num_timesteps=534000, Reward=-7.18 +/- 0.95, EpLength: 1600.00 +/- 0.00
08-02-24 06:05[icct.rl_helpers.eval_callback]INFO | (Eval ) num_timesteps=535500, Reward=-2.54 +/- 3.27, EpLength: 1600.00 +/- 0.00
08-02-24 06:06[icct.rl_helpers.eval_callback]INFO | (Eval ) num_timesteps=537000, Reward=-0.07 +/- 1.58, EpLength: 1600.00 +/- 0.00
08-02-24 06:06[icct.rl_helpers.eval_callback]INFO | (Eval ) num_timesteps=538500, Reward=-8.11 +/- 1.13, EpLength: 1600.00 +/- 0.00
08-02-24 06:07[icct.rl_helpers.eval_callback]INFO | (Eval ) num_timesteps=540000, Reward=3.18 +/- 3.37, EpLength: 1600.00 +/- 0.00
08-02-24 06:07[icct.rl_helpers.eval_callback]INFO | (Save ) Storing Best Model: New best mean reward!
08-02-24 06:07[icct.rl_helpers.eval_callback]INFO | (Eval ) num_timesteps=541500, Reward=-0.82 +/- 5.56, EpLength: 1600.00 +/- 0.00
08-02-24 06:07[icct.rl_helpers.eval_callback]INFO | (Eval ) num_timesteps=543000, Reward=-12.90 +/- 2.64, EpLength: 1600.00 +/- 0.00
08-02-24 06:08[icct.rl_helpers.eval_callback]INFO | (Train) Episode: 380, Avg Reward: -15.996323574247054, Best: -15.996323574247054
08-02-24 06:08[icct.rl_helpers.eval_callback]INFO | (Eval ) num_timesteps=544500, Reward=0.09 +/- 2.16, EpLength: 1600.00 +/- 0.00
08-02-24 06:08[icct.rl_helpers.eval_callback]INFO | (Eval ) num_timesteps=546000, Reward=-9.64 +/- 9.40, EpLength: 1600.00 +/- 0.00
08-02-24 06:09[icct.rl_helpers.eval_callback]INFO | (Eval ) num_timesteps=547500, Reward=-14.51 +/- 1.40, EpLength: 1600.00 +/- 0.00
08-02-24 06:09[icct.rl_helpers.eval_callback]INFO | (Eval ) num_timesteps=549000, Reward=2.45 +/- 2.22, EpLength: 1600.00 +/- 0.00
08-02-24 06:09[icct.rl_helpers.eval_callback]INFO | (Eval ) num_timesteps=550500, Reward=-4.62 +/- 0.85, EpLength: 1600.00 +/- 0.00
08-02-24 06:10[icct.rl_helpers.eval_callback]INFO | (Eval ) num_timesteps=552000, Reward=-3.41 +/- 6.25, EpLength: 1600.00 +/- 0.00
08-02-24 06:10[icct.rl_helpers.eval_callback]INFO | (Eval ) num_timesteps=553500, Reward=3.17 +/- 3.54, EpLength: 1600.00 +/- 0.00
08-02-24 06:11[icct.rl_helpers.eval_callback]INFO | (Eval ) num_timesteps=555000, Reward=-7.36 +/- 35.49, EpLength: 1326.40 +/- 547.20
08-02-24 06:11[icct.rl_helpers.eval_callback]INFO | (Eval ) num_timesteps=556500, Reward=-8.71 +/- 4.96, EpLength: 1600.00 +/- 0.00
08-02-24 06:11[icct.rl_helpers.eval_callback]INFO | (Eval ) num_timesteps=558000, Reward=-3.37 +/- 8.17, EpLength: 1600.00 +/- 0.00
08-02-24 06:12[icct.rl_helpers.eval_callback]INFO | (Eval ) num_timesteps=559500, Reward=-3.66 +/- 6.06, EpLength: 1600.00 +/- 0.00
08-02-24 06:12[icct.rl_helpers.eval_callback]INFO | (Eval ) num_timesteps=561000, Reward=-6.77 +/- 3.99, EpLength: 1600.00 +/- 0.00
08-02-24 06:13[icct.rl_helpers.eval_callback]INFO | (Eval ) num_timesteps=562500, Reward=0.13 +/- 4.91, EpLength: 1600.00 +/- 0.00
08-02-24 06:13[icct.rl_helpers.eval_callback]INFO | (Eval ) num_timesteps=564000, Reward=2.68 +/- 2.23, EpLength: 1600.00 +/- 0.00
08-02-24 06:13[icct.rl_helpers.eval_callback]INFO | (Eval ) num_timesteps=565500, Reward=-2.80 +/- 3.75, EpLength: 1600.00 +/- 0.00
08-02-24 06:14[icct.rl_helpers.eval_callback]INFO | (Eval ) num_timesteps=567000, Reward=-9.63 +/- 3.69, EpLength: 1600.00 +/- 0.00
08-02-24 06:14[icct.rl_helpers.eval_callback]INFO | (Eval ) num_timesteps=568500, Reward=-0.84 +/- 8.32, EpLength: 1600.00 +/- 0.00
08-02-24 06:14[icct.rl_helpers.eval_callback]INFO | (Eval ) num_timesteps=570000, Reward=-2.24 +/- 7.77, EpLength: 1600.00 +/- 0.00
08-02-24 06:15[icct.rl_helpers.eval_callback]INFO | (Eval ) num_timesteps=571500, Reward=-6.10 +/- 1.99, EpLength: 1600.00 +/- 0.00
08-02-24 06:15[icct.rl_helpers.eval_callback]INFO | (Eval ) num_timesteps=573000, Reward=-5.77 +/- 6.29, EpLength: 1600.00 +/- 0.00
08-02-24 06:16[icct.rl_helpers.eval_callback]INFO | (Eval ) num_timesteps=574500, Reward=-4.45 +/- 1.34, EpLength: 1600.00 +/- 0.00
08-02-24 06:16[icct.rl_helpers.eval_callback]INFO | (Train) Episode: 400, Avg Reward: -14.019394716973725, Best: -14.019394716973725
08-02-24 06:16[icct.rl_helpers.eval_callback]INFO | (Eval ) num_timesteps=576000, Reward=-5.92 +/- 6.12, EpLength: 1600.00 +/- 0.00
08-02-24 06:16[icct.rl_helpers.eval_callback]INFO | (Eval ) num_timesteps=577500, Reward=-6.18 +/- 3.50, EpLength: 1600.00 +/- 0.00
08-02-24 06:17[icct.rl_helpers.eval_callback]INFO | (Eval ) num_timesteps=579000, Reward=-6.07 +/- 7.96, EpLength: 1600.00 +/- 0.00
08-02-24 06:17[icct.rl_helpers.eval_callback]INFO | (Eval ) num_timesteps=580500, Reward=-20.36 +/- 4.83, EpLength: 1600.00 +/- 0.00
08-02-24 06:18[icct.rl_helpers.eval_callback]INFO | (Eval ) num_timesteps=582000, Reward=-13.65 +/- 11.94, EpLength: 1600.00 +/- 0.00
08-02-24 06:18[icct.rl_helpers.eval_callback]INFO | (Eval ) num_timesteps=583500, Reward=-1.25 +/- 3.02, EpLength: 1600.00 +/- 0.00
08-02-24 06:18[icct.rl_helpers.eval_callback]INFO | (Eval ) num_timesteps=585000, Reward=-17.70 +/- 1.24, EpLength: 1600.00 +/- 0.00
08-02-24 06:19[icct.rl_helpers.eval_callback]INFO | (Eval ) num_timesteps=586500, Reward=-19.94 +/- 4.54, EpLength: 1600.00 +/- 0.00
08-02-24 06:19[icct.rl_helpers.eval_callback]INFO | (Eval ) num_timesteps=588000, Reward=-8.67 +/- 7.54, EpLength: 1600.00 +/- 0.00
08-02-24 06:20[icct.rl_helpers.eval_callback]INFO | (Eval ) num_timesteps=589500, Reward=-3.12 +/- 1.43, EpLength: 1600.00 +/- 0.00
08-02-24 06:20[icct.rl_helpers.eval_callback]INFO | (Eval ) num_timesteps=591000, Reward=-17.08 +/- 11.82, EpLength: 1600.00 +/- 0.00
08-02-24 06:20[icct.rl_helpers.eval_callback]INFO | (Eval ) num_timesteps=592500, Reward=-9.19 +/- 1.90, EpLength: 1600.00 +/- 0.00
08-02-24 06:21[icct.rl_helpers.eval_callback]INFO | (Eval ) num_timesteps=594000, Reward=-19.04 +/- 12.50, EpLength: 1600.00 +/- 0.00
08-02-24 06:21[icct.rl_helpers.eval_callback]INFO | (Eval ) num_timesteps=595500, Reward=-25.50 +/- 14.87, EpLength: 1600.00 +/- 0.00
08-02-24 06:22[icct.rl_helpers.eval_callback]INFO | (Eval ) num_timesteps=597000, Reward=3.42 +/- 1.21, EpLength: 1600.00 +/- 0.00
08-02-24 06:22[icct.rl_helpers.eval_callback]INFO | (Save ) Storing Best Model: New best mean reward!
08-02-24 06:22[icct.rl_helpers.eval_callback]INFO | (Eval ) num_timesteps=598500, Reward=-6.46 +/- 2.08, EpLength: 1600.00 +/- 0.00
08-02-24 06:22[icct.rl_helpers.eval_callback]INFO | (Eval ) num_timesteps=600000, Reward=-7.16 +/- 3.26, EpLength: 1600.00 +/- 0.00
08-02-24 06:23[icct.rl_helpers.eval_callback]INFO | (Eval ) num_timesteps=601500, Reward=-5.18 +/- 0.98, EpLength: 1600.00 +/- 0.00
08-02-24 06:23[icct.rl_helpers.eval_callback]INFO | (Eval ) num_timesteps=603000, Reward=-14.33 +/- 3.26, EpLength: 1600.00 +/- 0.00
08-02-24 06:23[icct.rl_helpers.eval_callback]INFO | (Eval ) num_timesteps=604500, Reward=-13.56 +/- 1.05, EpLength: 1600.00 +/- 0.00
08-02-24 06:24[icct.rl_helpers.eval_callback]INFO | (Eval ) num_timesteps=606000, Reward=-9.01 +/- 2.93, EpLength: 1600.00 +/- 0.00
08-02-24 06:24[icct.rl_helpers.eval_callback]INFO | (Eval ) num_timesteps=607500, Reward=-15.18 +/- 2.82, EpLength: 1600.00 +/- 0.00
08-02-24 06:24[icct.rl_helpers.eval_callback]INFO | (Train) Episode: 420, Avg Reward: -13.079947500281524, Best: -13.079947500281524
08-02-24 06:25[icct.rl_helpers.eval_callback]INFO | (Eval ) num_timesteps=609000, Reward=-15.54 +/- 10.15, EpLength: 1600.00 +/- 0.00
08-02-24 06:25[icct.rl_helpers.eval_callback]INFO | (Eval ) num_timesteps=610500, Reward=-11.77 +/- 4.51, EpLength: 1600.00 +/- 0.00
08-02-24 06:25[icct.rl_helpers.eval_callback]INFO | (Eval ) num_timesteps=612000, Reward=-5.84 +/- 1.60, EpLength: 1600.00 +/- 0.00
08-02-24 06:26[icct.rl_helpers.eval_callback]INFO | (Eval ) num_timesteps=613500, Reward=-16.50 +/- 6.71, EpLength: 1600.00 +/- 0.00
08-02-24 06:26[icct.rl_helpers.eval_callback]INFO | (Eval ) num_timesteps=615000, Reward=-3.87 +/- 2.56, EpLength: 1600.00 +/- 0.00
08-02-24 06:27[icct.rl_helpers.eval_callback]INFO | (Eval ) num_timesteps=616500, Reward=-4.55 +/- 2.46, EpLength: 1600.00 +/- 0.00
08-02-24 06:27[icct.rl_helpers.eval_callback]INFO | (Eval ) num_timesteps=618000, Reward=-19.09 +/- 5.50, EpLength: 1600.00 +/- 0.00
08-02-24 06:27[icct.rl_helpers.eval_callback]INFO | (Eval ) num_timesteps=619500, Reward=-0.80 +/- 8.03, EpLength: 1600.00 +/- 0.00
08-02-24 06:28[icct.rl_helpers.eval_callback]INFO | (Eval ) num_timesteps=621000, Reward=-29.21 +/- 5.96, EpLength: 1600.00 +/- 0.00
08-02-24 06:28[icct.rl_helpers.eval_callback]INFO | (Eval ) num_timesteps=622500, Reward=-12.19 +/- 5.06, EpLength: 1600.00 +/- 0.00
08-02-24 06:28[icct.rl_helpers.eval_callback]INFO | (Eval ) num_timesteps=624000, Reward=-12.77 +/- 13.69, EpLength: 1600.00 +/- 0.00
08-02-24 06:29[icct.rl_helpers.eval_callback]INFO | (Eval ) num_timesteps=625500, Reward=-30.79 +/- 14.96, EpLength: 1600.00 +/- 0.00
08-02-24 06:29[icct.rl_helpers.eval_callback]INFO | (Eval ) num_timesteps=627000, Reward=0.87 +/- 3.43, EpLength: 1600.00 +/- 0.00
08-02-24 06:30[icct.rl_helpers.eval_callback]INFO | (Eval ) num_timesteps=628500, Reward=-1.19 +/- 3.27, EpLength: 1600.00 +/- 0.00
08-02-24 06:30[icct.rl_helpers.eval_callback]INFO | (Eval ) num_timesteps=630000, Reward=-11.87 +/- 9.16, EpLength: 1600.00 +/- 0.00
08-02-24 06:30[icct.rl_helpers.eval_callback]INFO | (Eval ) num_timesteps=631500, Reward=-46.31 +/- 44.74, EpLength: 991.80 +/- 744.89
08-02-24 06:31[icct.rl_helpers.eval_callback]INFO | (Eval ) num_timesteps=633000, Reward=-16.86 +/- 5.88, EpLength: 1600.00 +/- 0.00
08-02-24 06:31[icct.rl_helpers.eval_callback]INFO | (Eval ) num_timesteps=634500, Reward=-18.55 +/- 10.94, EpLength: 1600.00 +/- 0.00
08-02-24 06:31[icct.rl_helpers.eval_callback]INFO | (Eval ) num_timesteps=636000, Reward=-6.77 +/- 11.50, EpLength: 1600.00 +/- 0.00
08-02-24 06:32[icct.rl_helpers.eval_callback]INFO | (Eval ) num_timesteps=637500, Reward=-13.24 +/- 17.76, EpLength: 1600.00 +/- 0.00
08-02-24 06:32[icct.rl_helpers.eval_callback]INFO | (Eval ) num_timesteps=639000, Reward=-6.14 +/- 1.14, EpLength: 1600.00 +/- 0.00
08-02-24 06:32[icct.rl_helpers.eval_callback]INFO | (Train) Episode: 440, Avg Reward: -12.331785999852983, Best: -12.331785999852983
08-02-24 06:33[icct.rl_helpers.eval_callback]INFO | (Eval ) num_timesteps=640500, Reward=-25.41 +/- 6.55, EpLength: 1600.00 +/- 0.00
08-02-24 06:33[icct.rl_helpers.eval_callback]INFO | (Eval ) num_timesteps=642000, Reward=-0.63 +/- 8.60, EpLength: 1600.00 +/- 0.00
08-02-24 06:33[icct.rl_helpers.eval_callback]INFO | (Eval ) num_timesteps=643500, Reward=-5.28 +/- 5.63, EpLength: 1600.00 +/- 0.00
08-02-24 06:34[icct.rl_helpers.eval_callback]INFO | (Eval ) num_timesteps=645000, Reward=-9.79 +/- 12.73, EpLength: 1600.00 +/- 0.00
08-02-24 06:34[icct.rl_helpers.eval_callback]INFO | (Eval ) num_timesteps=646500, Reward=-11.51 +/- 4.12, EpLength: 1600.00 +/- 0.00
08-02-24 06:35[icct.rl_helpers.eval_callback]INFO | (Eval ) num_timesteps=648000, Reward=-11.81 +/- 5.64, EpLength: 1600.00 +/- 0.00
08-02-24 06:35[icct.rl_helpers.eval_callback]INFO | (Eval ) num_timesteps=649500, Reward=-14.78 +/- 2.13, EpLength: 1600.00 +/- 0.00
08-02-24 06:35[icct.rl_helpers.eval_callback]INFO | (Eval ) num_timesteps=651000, Reward=-5.45 +/- 5.89, EpLength: 1600.00 +/- 0.00
08-02-24 06:36[icct.rl_helpers.eval_callback]INFO | (Eval ) num_timesteps=652500, Reward=-10.47 +/- 1.28, EpLength: 1600.00 +/- 0.00
08-02-24 06:36[icct.rl_helpers.eval_callback]INFO | (Eval ) num_timesteps=654000, Reward=-19.93 +/- 1.82, EpLength: 1600.00 +/- 0.00
08-02-24 06:36[icct.rl_helpers.eval_callback]INFO | (Eval ) num_timesteps=655500, Reward=-18.99 +/- 4.49, EpLength: 1600.00 +/- 0.00
08-02-24 06:37[icct.rl_helpers.eval_callback]INFO | (Eval ) num_timesteps=657000, Reward=-37.14 +/- 1.03, EpLength: 1600.00 +/- 0.00
08-02-24 06:37[icct.rl_helpers.eval_callback]INFO | (Eval ) num_timesteps=658500, Reward=-20.12 +/- 14.27, EpLength: 1600.00 +/- 0.00
08-02-24 06:38[icct.rl_helpers.eval_callback]INFO | (Eval ) num_timesteps=660000, Reward=-17.93 +/- 4.57, EpLength: 1600.00 +/- 0.00
08-02-24 06:38[icct.rl_helpers.eval_callback]INFO | (Eval ) num_timesteps=661500, Reward=-12.07 +/- 6.83, EpLength: 1600.00 +/- 0.00
08-02-24 06:38[icct.rl_helpers.eval_callback]INFO | (Eval ) num_timesteps=663000, Reward=0.38 +/- 2.05, EpLength: 1600.00 +/- 0.00
08-02-24 06:39[icct.rl_helpers.eval_callback]INFO | (Eval ) num_timesteps=664500, Reward=-10.72 +/- 15.78, EpLength: 1600.00 +/- 0.00
08-02-24 06:39[icct.rl_helpers.eval_callback]INFO | (Eval ) num_timesteps=666000, Reward=-12.80 +/- 11.19, EpLength: 1600.00 +/- 0.00
08-02-24 06:39[icct.rl_helpers.eval_callback]INFO | (Eval ) num_timesteps=667500, Reward=-4.20 +/- 4.35, EpLength: 1600.00 +/- 0.00
08-02-24 06:40[icct.rl_helpers.eval_callback]INFO | (Eval ) num_timesteps=669000, Reward=-21.45 +/- 0.61, EpLength: 1600.00 +/- 0.00
08-02-24 06:40[icct.rl_helpers.eval_callback]INFO | (Eval ) num_timesteps=670500, Reward=-13.58 +/- 2.27, EpLength: 1600.00 +/- 0.00
08-02-24 06:40[icct.rl_helpers.eval_callback]INFO | (Train) Episode: 460, Avg Reward: -11.171751564134501, Best: -11.048896572994309
08-02-24 06:41[icct.rl_helpers.eval_callback]INFO | (Eval ) num_timesteps=672000, Reward=-2.04 +/- 6.72, EpLength: 1600.00 +/- 0.00
08-02-24 06:41[icct.rl_helpers.eval_callback]INFO | (Eval ) num_timesteps=673500, Reward=-8.23 +/- 2.05, EpLength: 1600.00 +/- 0.00
08-02-24 06:41[icct.rl_helpers.eval_callback]INFO | (Eval ) num_timesteps=675000, Reward=-9.15 +/- 1.17, EpLength: 1600.00 +/- 0.00
08-02-24 06:42[icct.rl_helpers.eval_callback]INFO | (Eval ) num_timesteps=676500, Reward=-1.50 +/- 6.87, EpLength: 1600.00 +/- 0.00
08-02-24 06:42[icct.rl_helpers.eval_callback]INFO | (Eval ) num_timesteps=678000, Reward=-67.67 +/- 42.27, EpLength: 734.80 +/- 709.59
08-02-24 06:42[icct.rl_helpers.eval_callback]INFO | (Eval ) num_timesteps=679500, Reward=-0.04 +/- 5.30, EpLength: 1600.00 +/- 0.00
08-02-24 06:43[icct.rl_helpers.eval_callback]INFO | (Eval ) num_timesteps=681000, Reward=-4.39 +/- 3.80, EpLength: 1600.00 +/- 0.00
08-02-24 06:43[icct.rl_helpers.eval_callback]INFO | (Eval ) num_timesteps=682500, Reward=-9.51 +/- 3.14, EpLength: 1600.00 +/- 0.00
08-02-24 06:44[icct.rl_helpers.eval_callback]INFO | (Eval ) num_timesteps=684000, Reward=1.42 +/- 1.24, EpLength: 1600.00 +/- 0.00
08-02-24 06:44[icct.rl_helpers.eval_callback]INFO | (Eval ) num_timesteps=685500, Reward=-5.10 +/- 3.88, EpLength: 1600.00 +/- 0.00
08-02-24 06:44[icct.rl_helpers.eval_callback]INFO | (Eval ) num_timesteps=687000, Reward=-3.99 +/- 6.54, EpLength: 1600.00 +/- 0.00
08-02-24 06:45[icct.rl_helpers.eval_callback]INFO | (Eval ) num_timesteps=688500, Reward=-9.01 +/- 6.72, EpLength: 1600.00 +/- 0.00
08-02-24 06:45[icct.rl_helpers.eval_callback]INFO | (Eval ) num_timesteps=690000, Reward=-8.90 +/- 1.44, EpLength: 1600.00 +/- 0.00
08-02-24 06:45[icct.rl_helpers.eval_callback]INFO | (Eval ) num_timesteps=691500, Reward=-39.35 +/- 53.10, EpLength: 997.80 +/- 737.54
08-02-24 06:46[icct.rl_helpers.eval_callback]INFO | (Eval ) num_timesteps=693000, Reward=-8.92 +/- 2.89, EpLength: 1600.00 +/- 0.00
08-02-24 06:46[icct.rl_helpers.eval_callback]INFO | (Eval ) num_timesteps=694500, Reward=-19.83 +/- 9.45, EpLength: 1600.00 +/- 0.00
08-02-24 06:47[icct.rl_helpers.eval_callback]INFO | (Eval ) num_timesteps=696000, Reward=-22.41 +/- 12.40, EpLength: 1600.00 +/- 0.00
08-02-24 06:47[icct.rl_helpers.eval_callback]INFO | (Eval ) num_timesteps=697500, Reward=-18.37 +/- 8.49, EpLength: 1600.00 +/- 0.00
08-02-24 06:47[icct.rl_helpers.eval_callback]INFO | (Eval ) num_timesteps=699000, Reward=-5.30 +/- 3.34, EpLength: 1600.00 +/- 0.00
08-02-24 06:48[root]INFO | [END]======> Execution time of seed 11: 2 hours, 56 minutes, 30 seconds
