13-08-23 10:26[root]INFO | Training on lunar environment for 1500 episodes
13-08-23 10:26[root]INFO | Agent Type: icct
13-08-23 10:26[root]INFO | Log Directory: lunar_cpu/icct/aaai_31n_32x32c_v3_rand/
13-08-23 10:26[root]INFO | Random Weight Initialization: True
13-08-23 10:26[root]INFO | Training Started: 2023-08-13 10:26:16
13-08-23 10:26[root]INFO | Using Lunar Lander Environment
13-08-23 10:26[root]INFO | Hyperparameters: {"learning_rate": 0.005, "ent_coef": 0.01, "gamma": 0.99, "gae_lambda": 0.9, "clip_range": 0.2, "n_epochs": 4, "batch_size": 64, "n_steps": 2048, "vf_coef": 0.5, "max_grad_norm": 0.5}
13-08-23 10:26[root]INFO | ===================> Training with seed 50 <=================
13-08-23 10:26[root]INFO | Agent: ICCT
13-08-23 10:26[root]INFO | Action Net Arch: ICCT(
  (sig): Sigmoid()
)
13-08-23 10:26[root]INFO | Value Net Arch: Sequential(
  (0): Linear(in_features=8, out_features=32, bias=True)
  (1): ReLU()
  (2): Linear(in_features=32, out_features=32, bias=True)
  (3): ReLU()
  (4): Linear(in_features=32, out_features=1, bias=True)
)
13-08-23 10:27[root]INFO | Episode: 0, Avg Reward: -154.0060072056949, Best Eval: -182.18116656388545
13-08-23 10:38[root]INFO | Episode: 50, Avg Reward: -151.24052824736253, Best Eval: -182.18116656388545
13-08-23 10:53[root]INFO | Episode: 100, Avg Reward: -136.027550181365, Best Eval: -182.18116656388545
13-08-23 11:14[root]INFO | Episode: 150, Avg Reward: -139.7672979672868, Best Eval: -182.18116656388545
13-08-23 11:29[root]INFO | Episode: 200, Avg Reward: -147.54652900165647, Best Eval: -182.18116656388545
13-08-23 11:42[root]INFO | Episode: 250, Avg Reward: -118.85903390867723, Best Eval: -182.18116656388545
13-08-23 11:52[root]INFO | Episode: 300, Avg Reward: -99.67561292485217, Best Eval: -182.18116656388545
13-08-23 12:06[root]INFO | Episode: 350, Avg Reward: -113.78388545382367, Best Eval: -182.18116656388545
13-08-23 12:18[root]INFO | Episode: 400, Avg Reward: -161.5427125924541, Best Eval: -182.18116656388545
13-08-23 12:33[root]INFO | Episode: 450, Avg Reward: -213.58951482996912, Best Eval: -182.18116656388545
13-08-23 12:56[root]INFO | Episode: 500, Avg Reward: -183.25158205216533, Best Eval: -95.9954266696727
13-08-23 13:22[root]INFO | Episode: 550, Avg Reward: -113.69716011130731, Best Eval: -78.00744903380716
13-08-23 13:35[root]INFO | Episode: 600, Avg Reward: -123.00522643088908, Best Eval: -78.00744903380716
13-08-23 13:50[root]INFO | Episode: 650, Avg Reward: -118.294728483547, Best Eval: -78.00744903380716
13-08-23 14:05[root]INFO | Episode: 700, Avg Reward: -129.455952257733, Best Eval: -78.00744903380716
13-08-23 14:17[root]INFO | Episode: 750, Avg Reward: -167.85638371013206, Best Eval: -78.00744903380716
13-08-23 14:29[root]INFO | Episode: 800, Avg Reward: -149.3215416851407, Best Eval: -78.00744903380716
13-08-23 14:41[root]INFO | Episode: 850, Avg Reward: -153.90728305141428, Best Eval: -78.00744903380716
13-08-23 14:51[root]INFO | Episode: 900, Avg Reward: -161.85858685724787, Best Eval: -78.00744903380716
13-08-23 15:11[root]INFO | Episode: 950, Avg Reward: -158.66735628726005, Best Eval: -78.00744903380716
13-08-23 15:32[root]INFO | Episode: 1000, Avg Reward: -158.3126359135945, Best Eval: -78.00744903380716
13-08-23 15:53[root]INFO | Episode: 1050, Avg Reward: -129.61918562435204, Best Eval: -78.00744903380716
13-08-23 16:04[root]INFO | Episode: 1100, Avg Reward: -138.92756785640435, Best Eval: -78.00744903380716
13-08-23 16:14[root]INFO | Episode: 1150, Avg Reward: -137.7550245229475, Best Eval: -78.00744903380716
13-08-23 16:23[root]INFO | Episode: 1200, Avg Reward: -100.30691554772828, Best Eval: -78.00744903380716
13-08-23 16:32[root]INFO | Episode: 1250, Avg Reward: -104.369994326952, Best Eval: -78.00744903380716
13-08-23 16:38[root]INFO | Episode: 1300, Avg Reward: -129.02159479016757, Best Eval: -78.00744903380716
13-08-23 16:47[root]INFO | Episode: 1350, Avg Reward: -107.81170029043992, Best Eval: -78.00744903380716
13-08-23 16:54[root]INFO | Episode: 1400, Avg Reward: -115.26958782916016, Best Eval: -38.21893434034731
13-08-23 17:01[root]INFO | Episode: 1450, Avg Reward: -220.67281273387576, Best Eval: -38.21893434034731
13-08-23 17:07[root]INFO | Agent: ICCT
13-08-23 17:07[root]INFO | Action Net Arch: ICCT(
  (sig): Sigmoid()
)
13-08-23 17:07[root]INFO | Value Net Arch: Sequential(
  (0): Linear(in_features=8, out_features=32, bias=True)
  (1): ReLU()
  (2): Linear(in_features=32, out_features=32, bias=True)
  (3): ReLU()
  (4): Linear(in_features=32, out_features=1, bias=True)
)
13-08-23 17:10[root]INFO | ==============> Test reward for seeds [500, 600]: -79.87 +/- 102.95866395631381 <==========
13-08-23 17:10[root]INFO | Execution time of seed 50: 6 hours, 43 minutes, 50 seconds
