13-08-23 10:26[root]INFO | Training on lunar environment for 1500 episodes
13-08-23 10:26[root]INFO | Agent Type: icct
13-08-23 10:26[root]INFO | Log Directory: lunar_cpu/icct/aaai_31n_32x32c_v3_rand/
13-08-23 10:26[root]INFO | Random Weight Initialization: True
13-08-23 10:26[root]INFO | Training Started: 2023-08-13 10:26:11
13-08-23 10:26[root]INFO | Using Lunar Lander Environment
13-08-23 10:26[root]INFO | Hyperparameters: {"learning_rate": 0.005, "ent_coef": 0.01, "gamma": 0.99, "gae_lambda": 0.9, "clip_range": 0.2, "n_epochs": 4, "batch_size": 64, "n_steps": 2048, "vf_coef": 0.5, "max_grad_norm": 0.5}
13-08-23 10:26[root]INFO | ===================> Training with seed 46 <=================
13-08-23 10:26[root]INFO | Agent: ICCT
13-08-23 10:26[root]INFO | Action Net Arch: ICCT(
  (sig): Sigmoid()
)
13-08-23 10:26[root]INFO | Value Net Arch: Sequential(
  (0): Linear(in_features=8, out_features=32, bias=True)
  (1): ReLU()
  (2): Linear(in_features=32, out_features=32, bias=True)
  (3): ReLU()
  (4): Linear(in_features=32, out_features=1, bias=True)
)
13-08-23 10:27[root]INFO | Episode: 0, Avg Reward: -108.71219154633582, Best Eval: -285.1837146166083
13-08-23 10:41[root]INFO | Episode: 50, Avg Reward: -161.20231773202335, Best Eval: -285.1837146166083
13-08-23 10:58[root]INFO | Episode: 100, Avg Reward: -150.12293755710473, Best Eval: -285.1837146166083
13-08-23 11:15[root]INFO | Episode: 150, Avg Reward: -149.28120299778908, Best Eval: -285.1837146166083
13-08-23 11:31[root]INFO | Episode: 200, Avg Reward: -180.28003635727248, Best Eval: -285.1837146166083
13-08-23 11:39[root]INFO | Episode: 250, Avg Reward: -186.7697257691974, Best Eval: -285.1837146166083
13-08-23 11:47[root]INFO | Episode: 300, Avg Reward: -163.61012571507774, Best Eval: -285.1837146166083
13-08-23 12:01[root]INFO | Episode: 350, Avg Reward: -148.96538789730286, Best Eval: -285.1837146166083
13-08-23 12:16[root]INFO | Episode: 400, Avg Reward: -154.66920180890827, Best Eval: -209.3610623428336
13-08-23 12:33[root]INFO | Episode: 450, Avg Reward: -151.479194258269, Best Eval: -209.35250583381566
13-08-23 12:48[root]INFO | Episode: 500, Avg Reward: -193.87204204056306, Best Eval: -209.35250583381566
13-08-23 13:01[root]INFO | Episode: 550, Avg Reward: -230.5392057782951, Best Eval: -209.35250583381566
13-08-23 13:15[root]INFO | Episode: 600, Avg Reward: -167.5705085002145, Best Eval: -209.35250583381566
13-08-23 13:28[root]INFO | Episode: 650, Avg Reward: -129.9213431500696, Best Eval: -209.35250583381566
13-08-23 13:39[root]INFO | Episode: 700, Avg Reward: -157.41120257926465, Best Eval: -209.35250583381566
13-08-23 13:47[root]INFO | Episode: 750, Avg Reward: -149.46941614233205, Best Eval: -108.15385664301964
13-08-23 13:58[root]INFO | Episode: 800, Avg Reward: -124.63985512792148, Best Eval: -108.15385664301964
13-08-23 14:09[root]INFO | Episode: 850, Avg Reward: -128.6917917081568, Best Eval: -108.15385664301964
13-08-23 14:22[root]INFO | Episode: 900, Avg Reward: -124.17335410633419, Best Eval: -108.15385664301964
13-08-23 14:35[root]INFO | Episode: 950, Avg Reward: -119.13761978282247, Best Eval: -108.15385664301964
13-08-23 14:48[root]INFO | Episode: 1000, Avg Reward: -105.31388760436778, Best Eval: -108.15385664301964
13-08-23 15:08[root]INFO | Episode: 1050, Avg Reward: -102.39035591296008, Best Eval: -108.15385664301964
13-08-23 15:29[root]INFO | Episode: 1100, Avg Reward: -87.96122653479644, Best Eval: -108.15385664301964
13-08-23 15:46[root]INFO | Episode: 1150, Avg Reward: -87.34596326930885, Best Eval: -108.15385664301964
13-08-23 16:02[root]INFO | Episode: 1200, Avg Reward: -100.7663437186749, Best Eval: -108.15385664301964
13-08-23 16:15[root]INFO | Episode: 1250, Avg Reward: -96.50818900634185, Best Eval: -108.15385664301964
13-08-23 16:25[root]INFO | Episode: 1300, Avg Reward: -90.7530256624968, Best Eval: -108.15385664301964
13-08-23 16:35[root]INFO | Episode: 1350, Avg Reward: -94.5856951080318, Best Eval: -108.15385664301964
13-08-23 16:43[root]INFO | Episode: 1400, Avg Reward: -105.66288854715167, Best Eval: -108.15385664301964
13-08-23 16:52[root]INFO | Episode: 1450, Avg Reward: -123.93939893629671, Best Eval: -63.387446972323474
13-08-23 17:02[root]INFO | Agent: ICCT
13-08-23 17:02[root]INFO | Action Net Arch: ICCT(
  (sig): Sigmoid()
)
13-08-23 17:02[root]INFO | Value Net Arch: Sequential(
  (0): Linear(in_features=8, out_features=32, bias=True)
  (1): ReLU()
  (2): Linear(in_features=32, out_features=32, bias=True)
  (3): ReLU()
  (4): Linear(in_features=32, out_features=1, bias=True)
)
13-08-23 17:09[root]INFO | ==============> Test reward for seeds [500, 600]: -75.65 +/- 59.82777300636931 <==========
13-08-23 17:09[root]INFO | Execution time of seed 46: 6 hours, 43 minutes, 9 seconds
