08-02-24 12:49[root]INFO | Training on env: walker
08-02-24 12:49[root]INFO | Agent Type: dgt_reg
08-02-24 12:49[root]INFO | Log Directory: ./logs/walker_cpu/dgt_reg/64leaves_07-49-12-08-Feb_GSB256_GS/
08-02-24 12:49[root]INFO | GPU?: False
08-02-24 12:49[root]INFO | Num Leaves: 64
08-02-24 12:49[root]INFO | DGT Reg Policy
08-02-24 12:49[root]INFO | Value Net Size: [256, 256]
08-02-24 12:49[root]INFO | [START]======> Training Started for Seed [3]: 2024-02-08 12:49:44
08-02-24 12:49[root]INFO | actor: DGTregActor(
  (features_extractor): FlattenExtractor(
    (flatten): Flatten(start_dim=1, end_dim=-1)
  )
  (drnet): DGTreg(
    (_and_act_fn): Softmax(dim=-1)
    (_predicate_l): Sequential(
      (0): Linear(in_features=24, out_features=63, bias=True)
    )
    (_and_l): XLinear(
      (_l): Linear(in_features=63, out_features=64, bias=False)
    )
    (_or_l): ModuleList(
      (0-3): 4 x Linear(in_features=64, out_features=24, bias=True)
    )
  )
)
08-02-24 12:49[icct.rl_helpers.eval_callback]INFO | (Train) Episode: 0, Avg Reward: -107.29473723832052, Best: -107.29473723832052
08-02-24 12:49[icct.rl_helpers.eval_callback]INFO | (Eval ) num_timesteps=1500, Reward=-54.22 +/- 0.38, EpLength: 1600.00 +/- 0.00
08-02-24 12:49[icct.rl_helpers.eval_callback]INFO | (Save ) Storing Best Model: New best mean reward!
08-02-24 12:50[icct.rl_helpers.eval_callback]INFO | (Eval ) num_timesteps=3000, Reward=-40.38 +/- 15.59, EpLength: 1600.00 +/- 0.00
08-02-24 12:50[icct.rl_helpers.eval_callback]INFO | (Save ) Storing Best Model: New best mean reward!
08-02-24 12:50[icct.rl_helpers.eval_callback]INFO | (Eval ) num_timesteps=4500, Reward=-34.20 +/- 16.70, EpLength: 1600.00 +/- 0.00
08-02-24 12:50[icct.rl_helpers.eval_callback]INFO | (Save ) Storing Best Model: New best mean reward!
08-02-24 12:50[icct.rl_helpers.eval_callback]INFO | (Eval ) num_timesteps=6000, Reward=-47.23 +/- 13.49, EpLength: 1600.00 +/- 0.00
08-02-24 12:50[icct.rl_helpers.eval_callback]INFO | (Eval ) num_timesteps=7500, Reward=-46.81 +/- 13.21, EpLength: 1600.00 +/- 0.00
08-02-24 12:50[icct.rl_helpers.eval_callback]INFO | (Eval ) num_timesteps=9000, Reward=-27.31 +/- 13.52, EpLength: 1600.00 +/- 0.00
08-02-24 12:50[icct.rl_helpers.eval_callback]INFO | (Save ) Storing Best Model: New best mean reward!
08-02-24 12:50[icct.rl_helpers.eval_callback]INFO | (Eval ) num_timesteps=10500, Reward=-45.89 +/- 0.87, EpLength: 1600.00 +/- 0.00
08-02-24 12:51[icct.rl_helpers.eval_callback]INFO | (Eval ) num_timesteps=12000, Reward=-37.78 +/- 11.30, EpLength: 1600.00 +/- 0.00
08-02-24 12:51[icct.rl_helpers.eval_callback]INFO | (Eval ) num_timesteps=13500, Reward=-68.18 +/- 34.03, EpLength: 705.80 +/- 730.46
08-02-24 12:52[icct.rl_helpers.eval_callback]INFO | (Eval ) num_timesteps=15000, Reward=-96.62 +/- 0.72, EpLength: 81.00 +/- 2.53
08-02-24 12:52[icct.rl_helpers.eval_callback]INFO | (Train) Episode: 20, Avg Reward: -104.8487110508349, Best: -88.53828901442648
08-02-24 12:52[icct.rl_helpers.eval_callback]INFO | (Eval ) num_timesteps=16500, Reward=-115.61 +/- 7.53, EpLength: 117.80 +/- 20.87
08-02-24 12:52[icct.rl_helpers.eval_callback]INFO | (Eval ) num_timesteps=18000, Reward=-96.62 +/- 31.14, EpLength: 430.60 +/- 586.79
08-02-24 12:52[icct.rl_helpers.eval_callback]INFO | (Eval ) num_timesteps=19500, Reward=-96.36 +/- 1.11, EpLength: 102.60 +/- 4.08
08-02-24 12:53[icct.rl_helpers.eval_callback]INFO | (Eval ) num_timesteps=21000, Reward=-99.16 +/- 1.33, EpLength: 101.80 +/- 24.39
08-02-24 12:53[icct.rl_helpers.eval_callback]INFO | (Eval ) num_timesteps=22500, Reward=-100.47 +/- 2.16, EpLength: 96.00 +/- 34.16
08-02-24 12:53[icct.rl_helpers.eval_callback]INFO | (Eval ) num_timesteps=24000, Reward=-101.34 +/- 0.19, EpLength: 82.40 +/- 0.49
08-02-24 12:54[icct.rl_helpers.eval_callback]INFO | (Eval ) num_timesteps=25500, Reward=-95.37 +/- 0.61, EpLength: 100.60 +/- 2.24
08-02-24 12:54[icct.rl_helpers.eval_callback]INFO | (Eval ) num_timesteps=27000, Reward=-99.09 +/- 0.64, EpLength: 89.80 +/- 3.54
08-02-24 12:54[icct.rl_helpers.eval_callback]INFO | (Train) Episode: 40, Avg Reward: -103.30230880232845, Best: -88.53828901442648
08-02-24 12:54[icct.rl_helpers.eval_callback]INFO | (Eval ) num_timesteps=28500, Reward=-96.34 +/- 0.63, EpLength: 77.00 +/- 1.26
08-02-24 12:55[icct.rl_helpers.eval_callback]INFO | (Eval ) num_timesteps=30000, Reward=-94.48 +/- 0.19, EpLength: 77.20 +/- 1.60
08-02-24 12:55[icct.rl_helpers.eval_callback]INFO | (Eval ) num_timesteps=31500, Reward=-99.23 +/- 9.29, EpLength: 96.80 +/- 10.28
08-02-24 12:55[icct.rl_helpers.eval_callback]INFO | (Eval ) num_timesteps=33000, Reward=-103.39 +/- 0.44, EpLength: 78.80 +/- 0.40
08-02-24 12:55[icct.rl_helpers.eval_callback]INFO | (Train) Episode: 60, Avg Reward: -104.89030181507417, Best: -88.53828901442648
08-02-24 12:56[icct.rl_helpers.eval_callback]INFO | (Eval ) num_timesteps=34500, Reward=-121.99 +/- 0.42, EpLength: 75.20 +/- 2.79
08-02-24 12:56[icct.rl_helpers.eval_callback]INFO | (Eval ) num_timesteps=36000, Reward=-120.68 +/- 2.09, EpLength: 74.20 +/- 7.52
08-02-24 12:56[icct.rl_helpers.eval_callback]INFO | (Eval ) num_timesteps=37500, Reward=-98.35 +/- 30.47, EpLength: 401.80 +/- 599.35
08-02-24 12:57[icct.rl_helpers.eval_callback]INFO | (Eval ) num_timesteps=39000, Reward=-86.34 +/- 39.52, EpLength: 678.20 +/- 752.65
08-02-24 12:57[icct.rl_helpers.eval_callback]INFO | (Eval ) num_timesteps=40500, Reward=-54.20 +/- 33.75, EpLength: 1295.20 +/- 609.60
08-02-24 12:57[icct.rl_helpers.eval_callback]INFO | (Eval ) num_timesteps=42000, Reward=-101.47 +/- 35.19, EpLength: 409.40 +/- 595.38
08-02-24 12:58[icct.rl_helpers.eval_callback]INFO | (Eval ) num_timesteps=43500, Reward=-38.34 +/- 4.54, EpLength: 1600.00 +/- 0.00
08-02-24 12:58[icct.rl_helpers.eval_callback]INFO | (Eval ) num_timesteps=45000, Reward=-83.40 +/- 40.18, EpLength: 707.60 +/- 728.65
08-02-24 12:58[icct.rl_helpers.eval_callback]INFO | (Eval ) num_timesteps=46500, Reward=-112.74 +/- 0.26, EpLength: 80.40 +/- 1.36
08-02-24 12:59[icct.rl_helpers.eval_callback]INFO | (Eval ) num_timesteps=48000, Reward=-34.08 +/- 5.33, EpLength: 1600.00 +/- 0.00
08-02-24 12:59[icct.rl_helpers.eval_callback]INFO | (Train) Episode: 80, Avg Reward: -107.75019186015511, Best: -88.53828901442648
08-02-24 12:59[icct.rl_helpers.eval_callback]INFO | (Eval ) num_timesteps=49500, Reward=-115.34 +/- 0.85, EpLength: 115.80 +/- 12.35
08-02-24 13:00[icct.rl_helpers.eval_callback]INFO | (Eval ) num_timesteps=51000, Reward=-39.92 +/- 0.06, EpLength: 1600.00 +/- 0.00
08-02-24 13:00[icct.rl_helpers.eval_callback]INFO | (Eval ) num_timesteps=52500, Reward=-112.11 +/- 0.14, EpLength: 72.40 +/- 3.01
08-02-24 13:00[icct.rl_helpers.eval_callback]INFO | (Eval ) num_timesteps=54000, Reward=-112.27 +/- 0.20, EpLength: 71.40 +/- 0.80
08-02-24 13:01[icct.rl_helpers.eval_callback]INFO | (Eval ) num_timesteps=55500, Reward=-29.62 +/- 3.35, EpLength: 1600.00 +/- 0.00
08-02-24 13:01[icct.rl_helpers.eval_callback]INFO | (Train) Episode: 100, Avg Reward: -108.16668457077574, Best: -88.53828901442648
08-02-24 13:01[icct.rl_helpers.eval_callback]INFO | (Eval ) num_timesteps=57000, Reward=-25.03 +/- 3.33, EpLength: 1600.00 +/- 0.00
08-02-24 13:01[icct.rl_helpers.eval_callback]INFO | (Save ) Storing Best Model: New best mean reward!
08-02-24 13:01[icct.rl_helpers.eval_callback]INFO | (Eval ) num_timesteps=58500, Reward=-33.41 +/- 1.49, EpLength: 1600.00 +/- 0.00
08-02-24 13:02[icct.rl_helpers.eval_callback]INFO | (Eval ) num_timesteps=60000, Reward=-101.52 +/- 38.05, EpLength: 408.40 +/- 595.80
08-02-24 13:02[icct.rl_helpers.eval_callback]INFO | (Eval ) num_timesteps=61500, Reward=-97.43 +/- 31.98, EpLength: 377.20 +/- 611.42
08-02-24 13:02[icct.rl_helpers.eval_callback]INFO | (Eval ) num_timesteps=63000, Reward=-37.83 +/- 10.24, EpLength: 1600.00 +/- 0.00
08-02-24 13:03[icct.rl_helpers.eval_callback]INFO | (Eval ) num_timesteps=64500, Reward=-33.03 +/- 2.78, EpLength: 1600.00 +/- 0.00
08-02-24 13:03[icct.rl_helpers.eval_callback]INFO | (Eval ) num_timesteps=66000, Reward=-101.94 +/- 36.24, EpLength: 407.40 +/- 596.31
08-02-24 13:04[icct.rl_helpers.eval_callback]INFO | (Eval ) num_timesteps=67500, Reward=-44.46 +/- 0.16, EpLength: 1600.00 +/- 0.00
08-02-24 13:04[icct.rl_helpers.eval_callback]INFO | (Train) Episode: 120, Avg Reward: -108.49565824788456, Best: -88.53828901442648
08-02-24 13:04[icct.rl_helpers.eval_callback]INFO | (Eval ) num_timesteps=69000, Reward=-110.27 +/- 0.09, EpLength: 120.00 +/- 1.67
08-02-24 13:04[icct.rl_helpers.eval_callback]INFO | (Eval ) num_timesteps=70500, Reward=-110.26 +/- 0.13, EpLength: 104.00 +/- 4.47
08-02-24 13:05[icct.rl_helpers.eval_callback]INFO | (Eval ) num_timesteps=72000, Reward=-112.79 +/- 2.37, EpLength: 113.20 +/- 36.92
08-02-24 13:05[icct.rl_helpers.eval_callback]INFO | (Eval ) num_timesteps=73500, Reward=-115.88 +/- 0.33, EpLength: 65.40 +/- 0.49
08-02-24 13:05[icct.rl_helpers.eval_callback]INFO | (Eval ) num_timesteps=75000, Reward=-116.83 +/- 0.03, EpLength: 64.00 +/- 0.00
08-02-24 13:05[icct.rl_helpers.eval_callback]INFO | (Eval ) num_timesteps=76500, Reward=-116.50 +/- 0.17, EpLength: 64.00 +/- 0.00
08-02-24 13:06[icct.rl_helpers.eval_callback]INFO | (Eval ) num_timesteps=78000, Reward=-116.00 +/- 0.06, EpLength: 63.00 +/- 0.00
08-02-24 13:06[icct.rl_helpers.eval_callback]INFO | (Eval ) num_timesteps=79500, Reward=-42.52 +/- 0.99, EpLength: 1600.00 +/- 0.00
08-02-24 13:07[icct.rl_helpers.eval_callback]INFO | (Eval ) num_timesteps=81000, Reward=-37.54 +/- 1.94, EpLength: 1600.00 +/- 0.00
08-02-24 13:07[icct.rl_helpers.eval_callback]INFO | (Eval ) num_timesteps=82500, Reward=-116.41 +/- 0.12, EpLength: 52.00 +/- 0.00
08-02-24 13:07[icct.rl_helpers.eval_callback]INFO | (Eval ) num_timesteps=84000, Reward=-41.35 +/- 2.11, EpLength: 1600.00 +/- 0.00
08-02-24 13:08[icct.rl_helpers.eval_callback]INFO | (Eval ) num_timesteps=85500, Reward=-67.75 +/- 31.26, EpLength: 1600.00 +/- 0.00
08-02-24 13:08[icct.rl_helpers.eval_callback]INFO | (Eval ) num_timesteps=87000, Reward=-37.04 +/- 1.46, EpLength: 1600.00 +/- 0.00
08-02-24 13:08[icct.rl_helpers.eval_callback]INFO | (Eval ) num_timesteps=88500, Reward=-108.11 +/- 0.16, EpLength: 114.60 +/- 1.62
08-02-24 13:09[icct.rl_helpers.eval_callback]INFO | (Eval ) num_timesteps=90000, Reward=-122.54 +/- 0.09, EpLength: 57.00 +/- 0.00
08-02-24 13:09[icct.rl_helpers.eval_callback]INFO | (Eval ) num_timesteps=91500, Reward=-121.90 +/- 0.54, EpLength: 56.40 +/- 0.49
08-02-24 13:09[icct.rl_helpers.eval_callback]INFO | (Eval ) num_timesteps=93000, Reward=-114.17 +/- 0.03, EpLength: 49.00 +/- 0.00
08-02-24 13:09[icct.rl_helpers.eval_callback]INFO | (Train) Episode: 140, Avg Reward: -108.88201133772144, Best: -88.53828901442648
08-02-24 13:10[icct.rl_helpers.eval_callback]INFO | (Eval ) num_timesteps=94500, Reward=-117.23 +/- 0.67, EpLength: 54.00 +/- 0.00
08-02-24 13:10[icct.rl_helpers.eval_callback]INFO | (Eval ) num_timesteps=96000, Reward=-115.65 +/- 0.21, EpLength: 56.00 +/- 0.00
08-02-24 13:10[icct.rl_helpers.eval_callback]INFO | (Eval ) num_timesteps=97500, Reward=-123.80 +/- 0.05, EpLength: 57.00 +/- 0.00
08-02-24 13:11[icct.rl_helpers.eval_callback]INFO | (Eval ) num_timesteps=99000, Reward=-116.44 +/- 1.02, EpLength: 55.00 +/- 0.00
08-02-24 13:11[icct.rl_helpers.eval_callback]INFO | (Eval ) num_timesteps=100500, Reward=-115.54 +/- 0.06, EpLength: 55.00 +/- 0.00
08-02-24 13:11[icct.rl_helpers.eval_callback]INFO | (Eval ) num_timesteps=102000, Reward=-115.77 +/- 0.05, EpLength: 55.00 +/- 0.00
08-02-24 13:12[icct.rl_helpers.eval_callback]INFO | (Eval ) num_timesteps=103500, Reward=-115.78 +/- 0.07, EpLength: 54.00 +/- 0.00
08-02-24 13:12[icct.rl_helpers.eval_callback]INFO | (Eval ) num_timesteps=105000, Reward=-115.92 +/- 0.02, EpLength: 54.00 +/- 0.00
08-02-24 13:12[icct.rl_helpers.eval_callback]INFO | (Eval ) num_timesteps=106500, Reward=-115.97 +/- 0.03, EpLength: 53.00 +/- 0.00
08-02-24 13:13[icct.rl_helpers.eval_callback]INFO | (Eval ) num_timesteps=108000, Reward=-115.96 +/- 0.02, EpLength: 53.00 +/- 0.00
08-02-24 13:13[icct.rl_helpers.eval_callback]INFO | (Eval ) num_timesteps=109500, Reward=-115.51 +/- 0.00, EpLength: 54.00 +/- 0.00
08-02-24 13:13[icct.rl_helpers.eval_callback]INFO | (Eval ) num_timesteps=111000, Reward=-36.05 +/- 5.23, EpLength: 1600.00 +/- 0.00
08-02-24 13:14[icct.rl_helpers.eval_callback]INFO | (Eval ) num_timesteps=112500, Reward=-35.21 +/- 1.20, EpLength: 1600.00 +/- 0.00
08-02-24 13:14[icct.rl_helpers.eval_callback]INFO | (Eval ) num_timesteps=114000, Reward=-39.23 +/- 1.48, EpLength: 1600.00 +/- 0.00
08-02-24 13:14[icct.rl_helpers.eval_callback]INFO | (Eval ) num_timesteps=115500, Reward=-37.51 +/- 1.56, EpLength: 1600.00 +/- 0.00
08-02-24 13:15[icct.rl_helpers.eval_callback]INFO | (Eval ) num_timesteps=117000, Reward=-34.75 +/- 10.39, EpLength: 1600.00 +/- 0.00
08-02-24 13:15[icct.rl_helpers.eval_callback]INFO | (Eval ) num_timesteps=118500, Reward=-28.43 +/- 6.75, EpLength: 1600.00 +/- 0.00
08-02-24 13:16[icct.rl_helpers.eval_callback]INFO | (Eval ) num_timesteps=120000, Reward=-96.49 +/- 37.33, EpLength: 415.20 +/- 592.43
08-02-24 13:16[icct.rl_helpers.eval_callback]INFO | (Eval ) num_timesteps=121500, Reward=-16.14 +/- 5.09, EpLength: 1600.00 +/- 0.00
08-02-24 13:16[icct.rl_helpers.eval_callback]INFO | (Save ) Storing Best Model: New best mean reward!
08-02-24 13:16[icct.rl_helpers.eval_callback]INFO | (Train) Episode: 160, Avg Reward: -108.58822021129572, Best: -88.53828901442648
08-02-24 13:16[icct.rl_helpers.eval_callback]INFO | (Eval ) num_timesteps=123000, Reward=-15.30 +/- 0.30, EpLength: 1600.00 +/- 0.00
08-02-24 13:16[icct.rl_helpers.eval_callback]INFO | (Save ) Storing Best Model: New best mean reward!
08-02-24 13:17[icct.rl_helpers.eval_callback]INFO | (Eval ) num_timesteps=124500, Reward=-18.41 +/- 0.71, EpLength: 1600.00 +/- 0.00
08-02-24 13:17[icct.rl_helpers.eval_callback]INFO | (Eval ) num_timesteps=126000, Reward=-27.39 +/- 8.35, EpLength: 1600.00 +/- 0.00
08-02-24 13:18[icct.rl_helpers.eval_callback]INFO | (Eval ) num_timesteps=127500, Reward=-18.94 +/- 4.00, EpLength: 1600.00 +/- 0.00
08-02-24 13:18[icct.rl_helpers.eval_callback]INFO | (Eval ) num_timesteps=129000, Reward=-21.07 +/- 3.21, EpLength: 1600.00 +/- 0.00
08-02-24 13:18[icct.rl_helpers.eval_callback]INFO | (Eval ) num_timesteps=130500, Reward=-21.53 +/- 3.65, EpLength: 1600.00 +/- 0.00
08-02-24 13:19[icct.rl_helpers.eval_callback]INFO | (Eval ) num_timesteps=132000, Reward=-22.36 +/- 0.33, EpLength: 1600.00 +/- 0.00
08-02-24 13:19[icct.rl_helpers.eval_callback]INFO | (Eval ) num_timesteps=133500, Reward=-20.85 +/- 2.54, EpLength: 1600.00 +/- 0.00
08-02-24 13:20[icct.rl_helpers.eval_callback]INFO | (Eval ) num_timesteps=135000, Reward=-17.44 +/- 1.18, EpLength: 1600.00 +/- 0.00
08-02-24 13:20[icct.rl_helpers.eval_callback]INFO | (Eval ) num_timesteps=136500, Reward=-17.99 +/- 4.73, EpLength: 1600.00 +/- 0.00
08-02-24 13:20[icct.rl_helpers.eval_callback]INFO | (Eval ) num_timesteps=138000, Reward=-19.58 +/- 5.31, EpLength: 1600.00 +/- 0.00
08-02-24 13:21[icct.rl_helpers.eval_callback]INFO | (Eval ) num_timesteps=139500, Reward=-19.35 +/- 4.63, EpLength: 1600.00 +/- 0.00
08-02-24 13:21[icct.rl_helpers.eval_callback]INFO | (Eval ) num_timesteps=141000, Reward=-28.14 +/- 6.68, EpLength: 1600.00 +/- 0.00
08-02-24 13:22[icct.rl_helpers.eval_callback]INFO | (Eval ) num_timesteps=142500, Reward=-22.50 +/- 4.16, EpLength: 1600.00 +/- 0.00
08-02-24 13:22[icct.rl_helpers.eval_callback]INFO | (Eval ) num_timesteps=144000, Reward=-21.31 +/- 0.07, EpLength: 1600.00 +/- 0.00
08-02-24 13:22[icct.rl_helpers.eval_callback]INFO | (Eval ) num_timesteps=145500, Reward=-27.78 +/- 7.43, EpLength: 1600.00 +/- 0.00
08-02-24 13:23[icct.rl_helpers.eval_callback]INFO | (Eval ) num_timesteps=147000, Reward=-41.12 +/- 1.89, EpLength: 1600.00 +/- 0.00
08-02-24 13:23[icct.rl_helpers.eval_callback]INFO | (Eval ) num_timesteps=148500, Reward=-32.91 +/- 7.46, EpLength: 1600.00 +/- 0.00
08-02-24 13:24[icct.rl_helpers.eval_callback]INFO | (Eval ) num_timesteps=150000, Reward=-24.14 +/- 0.31, EpLength: 1600.00 +/- 0.00
08-02-24 13:24[icct.rl_helpers.eval_callback]INFO | (Eval ) num_timesteps=151500, Reward=-29.15 +/- 3.82, EpLength: 1600.00 +/- 0.00
08-02-24 13:24[icct.rl_helpers.eval_callback]INFO | (Train) Episode: 180, Avg Reward: -104.90530550417253, Best: -88.53828901442648
08-02-24 13:24[icct.rl_helpers.eval_callback]INFO | (Eval ) num_timesteps=153000, Reward=-40.48 +/- 7.32, EpLength: 1600.00 +/- 0.00
08-02-24 13:25[icct.rl_helpers.eval_callback]INFO | (Eval ) num_timesteps=154500, Reward=-29.49 +/- 8.36, EpLength: 1600.00 +/- 0.00
08-02-24 13:25[icct.rl_helpers.eval_callback]INFO | (Eval ) num_timesteps=156000, Reward=-78.52 +/- 39.41, EpLength: 703.40 +/- 732.11
08-02-24 13:26[icct.rl_helpers.eval_callback]INFO | (Eval ) num_timesteps=157500, Reward=-35.96 +/- 1.77, EpLength: 1600.00 +/- 0.00
08-02-24 13:26[icct.rl_helpers.eval_callback]INFO | (Eval ) num_timesteps=159000, Reward=-36.34 +/- 0.28, EpLength: 1600.00 +/- 0.00
08-02-24 13:26[icct.rl_helpers.eval_callback]INFO | (Eval ) num_timesteps=160500, Reward=-30.29 +/- 2.89, EpLength: 1600.00 +/- 0.00
08-02-24 13:27[icct.rl_helpers.eval_callback]INFO | (Eval ) num_timesteps=162000, Reward=-39.06 +/- 8.27, EpLength: 1600.00 +/- 0.00
08-02-24 13:27[icct.rl_helpers.eval_callback]INFO | (Eval ) num_timesteps=163500, Reward=-108.36 +/- 0.61, EpLength: 69.20 +/- 2.99
08-02-24 13:28[icct.rl_helpers.eval_callback]INFO | (Eval ) num_timesteps=165000, Reward=-34.07 +/- 3.73, EpLength: 1600.00 +/- 0.00
08-02-24 13:28[icct.rl_helpers.eval_callback]INFO | (Eval ) num_timesteps=166500, Reward=-31.73 +/- 0.32, EpLength: 1600.00 +/- 0.00
08-02-24 13:28[icct.rl_helpers.eval_callback]INFO | (Eval ) num_timesteps=168000, Reward=-31.91 +/- 3.37, EpLength: 1600.00 +/- 0.00
08-02-24 13:29[icct.rl_helpers.eval_callback]INFO | (Eval ) num_timesteps=169500, Reward=-36.51 +/- 4.82, EpLength: 1600.00 +/- 0.00
08-02-24 13:29[icct.rl_helpers.eval_callback]INFO | (Eval ) num_timesteps=171000, Reward=-35.98 +/- 3.76, EpLength: 1600.00 +/- 0.00
08-02-24 13:30[icct.rl_helpers.eval_callback]INFO | (Eval ) num_timesteps=172500, Reward=-35.41 +/- 3.96, EpLength: 1600.00 +/- 0.00
08-02-24 13:30[icct.rl_helpers.eval_callback]INFO | (Eval ) num_timesteps=174000, Reward=-53.27 +/- 28.04, EpLength: 1291.80 +/- 616.40
08-02-24 13:30[icct.rl_helpers.eval_callback]INFO | (Eval ) num_timesteps=175500, Reward=-39.78 +/- 0.40, EpLength: 1600.00 +/- 0.00
08-02-24 13:31[icct.rl_helpers.eval_callback]INFO | (Eval ) num_timesteps=177000, Reward=-30.65 +/- 0.13, EpLength: 1600.00 +/- 0.00
08-02-24 13:31[icct.rl_helpers.eval_callback]INFO | (Eval ) num_timesteps=178500, Reward=-50.13 +/- 33.05, EpLength: 1289.20 +/- 621.60
08-02-24 13:32[icct.rl_helpers.eval_callback]INFO | (Eval ) num_timesteps=180000, Reward=-63.27 +/- 37.37, EpLength: 987.00 +/- 750.77
08-02-24 13:32[icct.rl_helpers.eval_callback]INFO | (Train) Episode: 200, Avg Reward: -101.8436120439198, Best: -88.53828901442648
08-02-24 13:32[icct.rl_helpers.eval_callback]INFO | (Eval ) num_timesteps=181500, Reward=-35.74 +/- 3.79, EpLength: 1600.00 +/- 0.00
08-02-24 13:32[icct.rl_helpers.eval_callback]INFO | (Eval ) num_timesteps=183000, Reward=-34.29 +/- 3.06, EpLength: 1600.00 +/- 0.00
08-02-24 13:33[icct.rl_helpers.eval_callback]INFO | (Eval ) num_timesteps=184500, Reward=-31.47 +/- 3.00, EpLength: 1600.00 +/- 0.00
08-02-24 13:33[icct.rl_helpers.eval_callback]INFO | (Eval ) num_timesteps=186000, Reward=-82.49 +/- 43.27, EpLength: 674.60 +/- 755.65
08-02-24 13:34[icct.rl_helpers.eval_callback]INFO | (Eval ) num_timesteps=187500, Reward=-32.01 +/- 0.11, EpLength: 1600.00 +/- 0.00
08-02-24 13:34[icct.rl_helpers.eval_callback]INFO | (Eval ) num_timesteps=189000, Reward=-30.25 +/- 0.14, EpLength: 1600.00 +/- 0.00
08-02-24 13:34[icct.rl_helpers.eval_callback]INFO | (Eval ) num_timesteps=190500, Reward=-113.74 +/- 6.28, EpLength: 65.20 +/- 21.08
08-02-24 13:35[icct.rl_helpers.eval_callback]INFO | (Eval ) num_timesteps=192000, Reward=-35.92 +/- 3.92, EpLength: 1600.00 +/- 0.00
08-02-24 13:35[icct.rl_helpers.eval_callback]INFO | (Eval ) num_timesteps=193500, Reward=-31.98 +/- 2.63, EpLength: 1600.00 +/- 0.00
08-02-24 13:35[icct.rl_helpers.eval_callback]INFO | (Eval ) num_timesteps=195000, Reward=-32.37 +/- 1.22, EpLength: 1600.00 +/- 0.00
08-02-24 13:36[icct.rl_helpers.eval_callback]INFO | (Eval ) num_timesteps=196500, Reward=-62.92 +/- 36.39, EpLength: 997.80 +/- 737.55
08-02-24 13:36[icct.rl_helpers.eval_callback]INFO | (Eval ) num_timesteps=198000, Reward=-32.54 +/- 3.81, EpLength: 1600.00 +/- 0.00
08-02-24 13:37[icct.rl_helpers.eval_callback]INFO | (Eval ) num_timesteps=199500, Reward=-34.90 +/- 2.52, EpLength: 1600.00 +/- 0.00
08-02-24 13:37[icct.rl_helpers.eval_callback]INFO | (Eval ) num_timesteps=201000, Reward=-32.01 +/- 4.66, EpLength: 1600.00 +/- 0.00
08-02-24 13:37[icct.rl_helpers.eval_callback]INFO | (Eval ) num_timesteps=202500, Reward=-32.13 +/- 1.87, EpLength: 1600.00 +/- 0.00
08-02-24 13:38[icct.rl_helpers.eval_callback]INFO | (Eval ) num_timesteps=204000, Reward=-35.07 +/- 3.49, EpLength: 1600.00 +/- 0.00
08-02-24 13:38[icct.rl_helpers.eval_callback]INFO | (Eval ) num_timesteps=205500, Reward=-36.91 +/- 0.98, EpLength: 1600.00 +/- 0.00
08-02-24 13:39[icct.rl_helpers.eval_callback]INFO | (Eval ) num_timesteps=207000, Reward=-23.14 +/- 4.23, EpLength: 1600.00 +/- 0.00
08-02-24 13:39[icct.rl_helpers.eval_callback]INFO | (Eval ) num_timesteps=208500, Reward=-28.49 +/- 0.96, EpLength: 1600.00 +/- 0.00
08-02-24 13:39[icct.rl_helpers.eval_callback]INFO | (Eval ) num_timesteps=210000, Reward=-31.08 +/- 1.10, EpLength: 1600.00 +/- 0.00
08-02-24 13:40[icct.rl_helpers.eval_callback]INFO | (Eval ) num_timesteps=211500, Reward=-32.36 +/- 1.14, EpLength: 1600.00 +/- 0.00
08-02-24 13:40[icct.rl_helpers.eval_callback]INFO | (Train) Episode: 220, Avg Reward: -98.86338950723108, Best: -88.53828901442648
08-02-24 13:40[icct.rl_helpers.eval_callback]INFO | (Eval ) num_timesteps=213000, Reward=-37.78 +/- 3.27, EpLength: 1600.00 +/- 0.00
08-02-24 13:41[icct.rl_helpers.eval_callback]INFO | (Eval ) num_timesteps=214500, Reward=-37.75 +/- 2.22, EpLength: 1600.00 +/- 0.00
08-02-24 13:41[icct.rl_helpers.eval_callback]INFO | (Eval ) num_timesteps=216000, Reward=-33.33 +/- 1.22, EpLength: 1600.00 +/- 0.00
08-02-24 13:41[icct.rl_helpers.eval_callback]INFO | (Eval ) num_timesteps=217500, Reward=-30.66 +/- 0.36, EpLength: 1600.00 +/- 0.00
08-02-24 13:42[icct.rl_helpers.eval_callback]INFO | (Eval ) num_timesteps=219000, Reward=-32.74 +/- 0.69, EpLength: 1600.00 +/- 0.00
08-02-24 13:42[icct.rl_helpers.eval_callback]INFO | (Eval ) num_timesteps=220500, Reward=-122.37 +/- 0.78, EpLength: 50.60 +/- 0.80
08-02-24 13:42[icct.rl_helpers.eval_callback]INFO | (Eval ) num_timesteps=222000, Reward=-125.72 +/- 2.26, EpLength: 134.60 +/- 29.36
08-02-24 13:43[icct.rl_helpers.eval_callback]INFO | (Eval ) num_timesteps=223500, Reward=-14.74 +/- 0.31, EpLength: 1600.00 +/- 0.00
08-02-24 13:43[icct.rl_helpers.eval_callback]INFO | (Save ) Storing Best Model: New best mean reward!
08-02-24 13:43[icct.rl_helpers.eval_callback]INFO | (Eval ) num_timesteps=225000, Reward=-82.95 +/- 49.32, EpLength: 700.00 +/- 734.89
08-02-24 13:44[icct.rl_helpers.eval_callback]INFO | (Eval ) num_timesteps=226500, Reward=-80.00 +/- 52.22, EpLength: 699.80 +/- 735.01
08-02-24 13:44[icct.rl_helpers.eval_callback]INFO | (Eval ) num_timesteps=228000, Reward=-31.27 +/- 2.72, EpLength: 1600.00 +/- 0.00
08-02-24 13:44[icct.rl_helpers.eval_callback]INFO | (Eval ) num_timesteps=229500, Reward=-96.92 +/- 31.88, EpLength: 389.00 +/- 606.86
08-02-24 13:45[icct.rl_helpers.eval_callback]INFO | (Eval ) num_timesteps=231000, Reward=-101.40 +/- 36.89, EpLength: 358.80 +/- 620.60
08-02-24 13:45[icct.rl_helpers.eval_callback]INFO | (Eval ) num_timesteps=232500, Reward=-27.07 +/- 2.18, EpLength: 1600.00 +/- 0.00
08-02-24 13:45[icct.rl_helpers.eval_callback]INFO | (Eval ) num_timesteps=234000, Reward=-32.56 +/- 6.19, EpLength: 1600.00 +/- 0.00
08-02-24 13:46[icct.rl_helpers.eval_callback]INFO | (Eval ) num_timesteps=235500, Reward=-30.52 +/- 3.96, EpLength: 1600.00 +/- 0.00
08-02-24 13:46[icct.rl_helpers.eval_callback]INFO | (Eval ) num_timesteps=237000, Reward=-43.46 +/- 25.39, EpLength: 1600.00 +/- 0.00
08-02-24 13:47[icct.rl_helpers.eval_callback]INFO | (Eval ) num_timesteps=238500, Reward=-100.18 +/- 8.33, EpLength: 1289.60 +/- 620.80
08-02-24 13:47[icct.rl_helpers.eval_callback]INFO | (Eval ) num_timesteps=240000, Reward=-95.89 +/- 40.37, EpLength: 358.40 +/- 620.80
08-02-24 13:47[icct.rl_helpers.eval_callback]INFO | (Eval ) num_timesteps=241500, Reward=-63.56 +/- 42.46, EpLength: 979.00 +/- 760.57
08-02-24 13:48[icct.rl_helpers.eval_callback]INFO | (Eval ) num_timesteps=243000, Reward=-30.96 +/- 1.73, EpLength: 1600.00 +/- 0.00
08-02-24 13:48[icct.rl_helpers.eval_callback]INFO | (Train) Episode: 240, Avg Reward: -96.17546491639462, Best: -88.53828901442648
08-02-24 13:48[icct.rl_helpers.eval_callback]INFO | (Eval ) num_timesteps=244500, Reward=-129.43 +/- 31.29, EpLength: 1364.20 +/- 363.68
08-02-24 13:48[icct.rl_helpers.eval_callback]INFO | (Eval ) num_timesteps=246000, Reward=-32.29 +/- 1.68, EpLength: 1600.00 +/- 0.00
08-02-24 13:49[icct.rl_helpers.eval_callback]INFO | (Eval ) num_timesteps=247500, Reward=-84.86 +/- 45.08, EpLength: 1415.60 +/- 368.80
08-02-24 13:49[icct.rl_helpers.eval_callback]INFO | (Eval ) num_timesteps=249000, Reward=-34.41 +/- 1.13, EpLength: 1600.00 +/- 0.00
08-02-24 13:50[icct.rl_helpers.eval_callback]INFO | (Eval ) num_timesteps=250500, Reward=-34.09 +/- 0.72, EpLength: 1600.00 +/- 0.00
08-02-24 13:50[icct.rl_helpers.eval_callback]INFO | (Eval ) num_timesteps=252000, Reward=-53.11 +/- 30.04, EpLength: 1600.00 +/- 0.00
08-02-24 13:50[icct.rl_helpers.eval_callback]INFO | (Eval ) num_timesteps=253500, Reward=-34.77 +/- 2.01, EpLength: 1600.00 +/- 0.00
08-02-24 13:51[icct.rl_helpers.eval_callback]INFO | (Eval ) num_timesteps=255000, Reward=-37.56 +/- 1.92, EpLength: 1600.00 +/- 0.00
08-02-24 13:51[icct.rl_helpers.eval_callback]INFO | (Eval ) num_timesteps=256500, Reward=-35.20 +/- 0.65, EpLength: 1600.00 +/- 0.00
08-02-24 13:52[icct.rl_helpers.eval_callback]INFO | (Eval ) num_timesteps=258000, Reward=-46.93 +/- 26.99, EpLength: 1600.00 +/- 0.00
08-02-24 13:52[icct.rl_helpers.eval_callback]INFO | (Eval ) num_timesteps=259500, Reward=-19.27 +/- 0.93, EpLength: 1600.00 +/- 0.00
08-02-24 13:53[icct.rl_helpers.eval_callback]INFO | (Eval ) num_timesteps=261000, Reward=-38.34 +/- 34.63, EpLength: 1600.00 +/- 0.00
08-02-24 13:53[icct.rl_helpers.eval_callback]INFO | (Eval ) num_timesteps=262500, Reward=-105.79 +/- 0.28, EpLength: 1600.00 +/- 0.00
08-02-24 13:53[icct.rl_helpers.eval_callback]INFO | (Eval ) num_timesteps=264000, Reward=-39.53 +/- 2.45, EpLength: 1600.00 +/- 0.00
08-02-24 13:54[icct.rl_helpers.eval_callback]INFO | (Eval ) num_timesteps=265500, Reward=-26.29 +/- 2.71, EpLength: 1600.00 +/- 0.00
08-02-24 13:54[icct.rl_helpers.eval_callback]INFO | (Eval ) num_timesteps=267000, Reward=-32.79 +/- 2.68, EpLength: 1600.00 +/- 0.00
08-02-24 13:55[icct.rl_helpers.eval_callback]INFO | (Eval ) num_timesteps=268500, Reward=-26.53 +/- 6.65, EpLength: 1600.00 +/- 0.00
08-02-24 13:55[icct.rl_helpers.eval_callback]INFO | (Eval ) num_timesteps=270000, Reward=-80.02 +/- 44.43, EpLength: 670.60 +/- 758.85
08-02-24 13:55[icct.rl_helpers.eval_callback]INFO | (Eval ) num_timesteps=271500, Reward=-35.58 +/- 4.19, EpLength: 1600.00 +/- 0.00
08-02-24 13:55[icct.rl_helpers.eval_callback]INFO | (Train) Episode: 260, Avg Reward: -92.49917756773117, Best: -88.53828901442648
08-02-24 13:56[icct.rl_helpers.eval_callback]INFO | (Eval ) num_timesteps=273000, Reward=-33.71 +/- 1.34, EpLength: 1600.00 +/- 0.00
08-02-24 13:56[icct.rl_helpers.eval_callback]INFO | (Eval ) num_timesteps=274500, Reward=-31.05 +/- 0.15, EpLength: 1600.00 +/- 0.00
08-02-24 13:56[icct.rl_helpers.eval_callback]INFO | (Eval ) num_timesteps=276000, Reward=-35.95 +/- 3.48, EpLength: 1600.00 +/- 0.00
08-02-24 13:57[icct.rl_helpers.eval_callback]INFO | (Eval ) num_timesteps=277500, Reward=-32.32 +/- 2.77, EpLength: 1600.00 +/- 0.00
08-02-24 13:57[icct.rl_helpers.eval_callback]INFO | (Eval ) num_timesteps=279000, Reward=-28.27 +/- 3.68, EpLength: 1600.00 +/- 0.00
08-02-24 13:58[icct.rl_helpers.eval_callback]INFO | (Eval ) num_timesteps=280500, Reward=-102.54 +/- 11.78, EpLength: 980.40 +/- 758.85
08-02-24 13:58[icct.rl_helpers.eval_callback]INFO | (Eval ) num_timesteps=282000, Reward=-41.84 +/- 3.90, EpLength: 1600.00 +/- 0.00
08-02-24 13:58[icct.rl_helpers.eval_callback]INFO | (Eval ) num_timesteps=283500, Reward=-37.50 +/- 0.34, EpLength: 1600.00 +/- 0.00
08-02-24 13:59[icct.rl_helpers.eval_callback]INFO | (Eval ) num_timesteps=285000, Reward=-40.33 +/- 3.84, EpLength: 1600.00 +/- 0.00
08-02-24 13:59[icct.rl_helpers.eval_callback]INFO | (Eval ) num_timesteps=286500, Reward=-41.55 +/- 0.39, EpLength: 1600.00 +/- 0.00
08-02-24 14:00[icct.rl_helpers.eval_callback]INFO | (Eval ) num_timesteps=288000, Reward=-58.66 +/- 16.09, EpLength: 1600.00 +/- 0.00
08-02-24 14:00[icct.rl_helpers.eval_callback]INFO | (Eval ) num_timesteps=289500, Reward=-97.30 +/- 3.41, EpLength: 1315.20 +/- 569.60
08-02-24 14:00[icct.rl_helpers.eval_callback]INFO | (Eval ) num_timesteps=291000, Reward=-73.16 +/- 36.92, EpLength: 980.00 +/- 759.34
08-02-24 14:01[icct.rl_helpers.eval_callback]INFO | (Eval ) num_timesteps=292500, Reward=-53.69 +/- 0.17, EpLength: 1600.00 +/- 0.00
08-02-24 14:01[icct.rl_helpers.eval_callback]INFO | (Eval ) num_timesteps=294000, Reward=-59.71 +/- 3.68, EpLength: 1600.00 +/- 0.00
08-02-24 14:02[icct.rl_helpers.eval_callback]INFO | (Eval ) num_timesteps=295500, Reward=-61.05 +/- 1.90, EpLength: 1600.00 +/- 0.00
08-02-24 14:02[icct.rl_helpers.eval_callback]INFO | (Eval ) num_timesteps=297000, Reward=-53.82 +/- 0.50, EpLength: 1600.00 +/- 0.00
08-02-24 14:02[icct.rl_helpers.eval_callback]INFO | (Train) Episode: 280, Avg Reward: -90.71993059225274, Best: -88.53828901442648
08-02-24 14:03[icct.rl_helpers.eval_callback]INFO | (Eval ) num_timesteps=298500, Reward=-65.25 +/- 24.24, EpLength: 1600.00 +/- 0.00
08-02-24 14:03[icct.rl_helpers.eval_callback]INFO | (Eval ) num_timesteps=300000, Reward=-63.36 +/- 0.58, EpLength: 1600.00 +/- 0.00
08-02-24 14:03[icct.rl_helpers.eval_callback]INFO | (Eval ) num_timesteps=301500, Reward=-95.09 +/- 27.47, EpLength: 771.20 +/- 676.75
08-02-24 14:04[icct.rl_helpers.eval_callback]INFO | (Eval ) num_timesteps=303000, Reward=-56.97 +/- 0.13, EpLength: 1600.00 +/- 0.00
08-02-24 14:04[icct.rl_helpers.eval_callback]INFO | (Eval ) num_timesteps=304500, Reward=-55.45 +/- 0.22, EpLength: 1600.00 +/- 0.00
08-02-24 14:04[icct.rl_helpers.eval_callback]INFO | (Eval ) num_timesteps=306000, Reward=-60.02 +/- 2.72, EpLength: 1600.00 +/- 0.00
08-02-24 14:05[icct.rl_helpers.eval_callback]INFO | (Eval ) num_timesteps=307500, Reward=-95.04 +/- 32.61, EpLength: 668.80 +/- 760.32
08-02-24 14:05[icct.rl_helpers.eval_callback]INFO | (Eval ) num_timesteps=309000, Reward=-56.05 +/- 3.46, EpLength: 1600.00 +/- 0.00
08-02-24 14:06[icct.rl_helpers.eval_callback]INFO | (Eval ) num_timesteps=310500, Reward=-77.11 +/- 24.95, EpLength: 1600.00 +/- 0.00
08-02-24 14:06[icct.rl_helpers.eval_callback]INFO | (Eval ) num_timesteps=312000, Reward=-50.54 +/- 4.36, EpLength: 1600.00 +/- 0.00
08-02-24 14:06[icct.rl_helpers.eval_callback]INFO | (Eval ) num_timesteps=313500, Reward=-54.32 +/- 0.08, EpLength: 1600.00 +/- 0.00
08-02-24 14:07[icct.rl_helpers.eval_callback]INFO | (Eval ) num_timesteps=315000, Reward=-55.39 +/- 1.21, EpLength: 1600.00 +/- 0.00
08-02-24 14:07[icct.rl_helpers.eval_callback]INFO | (Eval ) num_timesteps=316500, Reward=-55.92 +/- 5.28, EpLength: 1600.00 +/- 0.00
08-02-24 14:08[icct.rl_helpers.eval_callback]INFO | (Eval ) num_timesteps=318000, Reward=-48.70 +/- 1.47, EpLength: 1600.00 +/- 0.00
08-02-24 14:08[icct.rl_helpers.eval_callback]INFO | (Eval ) num_timesteps=319500, Reward=-66.30 +/- 27.55, EpLength: 1289.00 +/- 622.00
08-02-24 14:08[icct.rl_helpers.eval_callback]INFO | (Eval ) num_timesteps=321000, Reward=-68.99 +/- 27.99, EpLength: 1289.40 +/- 621.20
08-02-24 14:09[icct.rl_helpers.eval_callback]INFO | (Eval ) num_timesteps=322500, Reward=-50.36 +/- 0.05, EpLength: 1600.00 +/- 0.00
08-02-24 14:09[icct.rl_helpers.eval_callback]INFO | (Eval ) num_timesteps=324000, Reward=-59.58 +/- 6.63, EpLength: 1600.00 +/- 0.00
08-02-24 14:10[icct.rl_helpers.eval_callback]INFO | (Eval ) num_timesteps=325500, Reward=-53.26 +/- 0.07, EpLength: 1600.00 +/- 0.00
08-02-24 14:10[icct.rl_helpers.eval_callback]INFO | (Eval ) num_timesteps=327000, Reward=-57.99 +/- 5.20, EpLength: 1600.00 +/- 0.00
08-02-24 14:10[icct.rl_helpers.eval_callback]INFO | (Eval ) num_timesteps=328500, Reward=-52.91 +/- 0.84, EpLength: 1600.00 +/- 0.00
08-02-24 14:11[icct.rl_helpers.eval_callback]INFO | (Eval ) num_timesteps=330000, Reward=-58.56 +/- 3.12, EpLength: 1600.00 +/- 0.00
08-02-24 14:11[icct.rl_helpers.eval_callback]INFO | (Train) Episode: 300, Avg Reward: -87.73916689691306, Best: -87.73916689691306
08-02-24 14:11[icct.rl_helpers.eval_callback]INFO | (Eval ) num_timesteps=331500, Reward=-54.50 +/- 0.79, EpLength: 1600.00 +/- 0.00
08-02-24 14:12[icct.rl_helpers.eval_callback]INFO | (Eval ) num_timesteps=333000, Reward=-56.73 +/- 3.60, EpLength: 1600.00 +/- 0.00
08-02-24 14:12[icct.rl_helpers.eval_callback]INFO | (Eval ) num_timesteps=334500, Reward=-58.54 +/- 4.13, EpLength: 1600.00 +/- 0.00
08-02-24 14:13[icct.rl_helpers.eval_callback]INFO | (Eval ) num_timesteps=336000, Reward=-61.16 +/- 4.30, EpLength: 1600.00 +/- 0.00
08-02-24 14:13[icct.rl_helpers.eval_callback]INFO | (Eval ) num_timesteps=337500, Reward=-54.47 +/- 0.10, EpLength: 1600.00 +/- 0.00
08-02-24 14:13[icct.rl_helpers.eval_callback]INFO | (Eval ) num_timesteps=339000, Reward=-61.02 +/- 7.83, EpLength: 1600.00 +/- 0.00
08-02-24 14:14[icct.rl_helpers.eval_callback]INFO | (Eval ) num_timesteps=340500, Reward=-59.54 +/- 3.55, EpLength: 1600.00 +/- 0.00
08-02-24 14:14[icct.rl_helpers.eval_callback]INFO | (Eval ) num_timesteps=342000, Reward=-99.14 +/- 10.50, EpLength: 1600.00 +/- 0.00
08-02-24 14:15[icct.rl_helpers.eval_callback]INFO | (Eval ) num_timesteps=343500, Reward=-58.78 +/- 3.58, EpLength: 1600.00 +/- 0.00
08-02-24 14:15[icct.rl_helpers.eval_callback]INFO | (Eval ) num_timesteps=345000, Reward=-58.46 +/- 3.46, EpLength: 1600.00 +/- 0.00
08-02-24 14:15[icct.rl_helpers.eval_callback]INFO | (Eval ) num_timesteps=346500, Reward=-62.04 +/- 3.50, EpLength: 1600.00 +/- 0.00
08-02-24 14:16[icct.rl_helpers.eval_callback]INFO | (Eval ) num_timesteps=348000, Reward=-62.49 +/- 1.45, EpLength: 1600.00 +/- 0.00
08-02-24 14:16[icct.rl_helpers.eval_callback]INFO | (Eval ) num_timesteps=349500, Reward=-63.48 +/- 3.37, EpLength: 1600.00 +/- 0.00
08-02-24 14:17[icct.rl_helpers.eval_callback]INFO | (Eval ) num_timesteps=351000, Reward=-68.49 +/- 3.68, EpLength: 1600.00 +/- 0.00
08-02-24 14:17[icct.rl_helpers.eval_callback]INFO | (Eval ) num_timesteps=352500, Reward=-66.60 +/- 3.20, EpLength: 1600.00 +/- 0.00
08-02-24 14:17[icct.rl_helpers.eval_callback]INFO | (Eval ) num_timesteps=354000, Reward=-65.29 +/- 0.14, EpLength: 1600.00 +/- 0.00
08-02-24 14:18[icct.rl_helpers.eval_callback]INFO | (Eval ) num_timesteps=355500, Reward=-68.71 +/- 3.96, EpLength: 1600.00 +/- 0.00
08-02-24 14:18[icct.rl_helpers.eval_callback]INFO | (Eval ) num_timesteps=357000, Reward=-66.66 +/- 3.92, EpLength: 1600.00 +/- 0.00
08-02-24 14:19[icct.rl_helpers.eval_callback]INFO | (Eval ) num_timesteps=358500, Reward=-65.65 +/- 0.11, EpLength: 1600.00 +/- 0.00
08-02-24 14:19[icct.rl_helpers.eval_callback]INFO | (Eval ) num_timesteps=360000, Reward=-69.64 +/- 3.16, EpLength: 1600.00 +/- 0.00
08-02-24 14:19[icct.rl_helpers.eval_callback]INFO | (Train) Episode: 320, Avg Reward: -85.13898664728795, Best: -85.13898664728795
08-02-24 14:19[icct.rl_helpers.eval_callback]INFO | (Eval ) num_timesteps=361500, Reward=-68.21 +/- 4.04, EpLength: 1600.00 +/- 0.00
08-02-24 14:20[icct.rl_helpers.eval_callback]INFO | (Eval ) num_timesteps=363000, Reward=-70.20 +/- 0.03, EpLength: 1600.00 +/- 0.00
08-02-24 14:20[icct.rl_helpers.eval_callback]INFO | (Eval ) num_timesteps=364500, Reward=-73.36 +/- 3.97, EpLength: 1600.00 +/- 0.00
08-02-24 14:21[icct.rl_helpers.eval_callback]INFO | (Eval ) num_timesteps=366000, Reward=-64.12 +/- 0.24, EpLength: 1600.00 +/- 0.00
08-02-24 14:21[icct.rl_helpers.eval_callback]INFO | (Eval ) num_timesteps=367500, Reward=-67.56 +/- 0.25, EpLength: 1600.00 +/- 0.00
08-02-24 14:21[icct.rl_helpers.eval_callback]INFO | (Eval ) num_timesteps=369000, Reward=-69.04 +/- 0.28, EpLength: 1600.00 +/- 0.00
08-02-24 14:22[icct.rl_helpers.eval_callback]INFO | (Eval ) num_timesteps=370500, Reward=-63.50 +/- 2.53, EpLength: 1600.00 +/- 0.00
08-02-24 14:22[icct.rl_helpers.eval_callback]INFO | (Eval ) num_timesteps=372000, Reward=-68.97 +/- 0.18, EpLength: 1600.00 +/- 0.00
08-02-24 14:23[icct.rl_helpers.eval_callback]INFO | (Eval ) num_timesteps=373500, Reward=-72.04 +/- 0.18, EpLength: 1600.00 +/- 0.00
08-02-24 14:23[icct.rl_helpers.eval_callback]INFO | (Eval ) num_timesteps=375000, Reward=-72.91 +/- 0.07, EpLength: 1600.00 +/- 0.00
08-02-24 14:24[icct.rl_helpers.eval_callback]INFO | (Eval ) num_timesteps=376500, Reward=-70.88 +/- 0.15, EpLength: 1600.00 +/- 0.00
08-02-24 14:24[icct.rl_helpers.eval_callback]INFO | (Eval ) num_timesteps=378000, Reward=-66.65 +/- 0.02, EpLength: 1600.00 +/- 0.00
08-02-24 14:24[icct.rl_helpers.eval_callback]INFO | (Eval ) num_timesteps=379500, Reward=-68.08 +/- 0.14, EpLength: 1600.00 +/- 0.00
08-02-24 14:25[icct.rl_helpers.eval_callback]INFO | (Eval ) num_timesteps=381000, Reward=-72.40 +/- 4.42, EpLength: 1600.00 +/- 0.00
08-02-24 14:25[icct.rl_helpers.eval_callback]INFO | (Eval ) num_timesteps=382500, Reward=-69.59 +/- 3.19, EpLength: 1600.00 +/- 0.00
08-02-24 14:26[icct.rl_helpers.eval_callback]INFO | (Eval ) num_timesteps=384000, Reward=-70.76 +/- 1.01, EpLength: 1600.00 +/- 0.00
08-02-24 14:26[icct.rl_helpers.eval_callback]INFO | (Eval ) num_timesteps=385500, Reward=-71.33 +/- 0.14, EpLength: 1600.00 +/- 0.00
08-02-24 14:26[icct.rl_helpers.eval_callback]INFO | (Eval ) num_timesteps=387000, Reward=-70.43 +/- 0.10, EpLength: 1600.00 +/- 0.00
08-02-24 14:27[icct.rl_helpers.eval_callback]INFO | (Eval ) num_timesteps=388500, Reward=-67.07 +/- 1.36, EpLength: 1600.00 +/- 0.00
08-02-24 14:27[icct.rl_helpers.eval_callback]INFO | (Eval ) num_timesteps=390000, Reward=-72.03 +/- 0.67, EpLength: 1600.00 +/- 0.00
08-02-24 14:28[icct.rl_helpers.eval_callback]INFO | (Eval ) num_timesteps=391500, Reward=-74.00 +/- 0.13, EpLength: 1600.00 +/- 0.00
08-02-24 14:28[icct.rl_helpers.eval_callback]INFO | (Train) Episode: 340, Avg Reward: -81.80512695615712, Best: -81.80512695615712
08-02-24 14:28[icct.rl_helpers.eval_callback]INFO | (Eval ) num_timesteps=393000, Reward=-73.13 +/- 2.46, EpLength: 1600.00 +/- 0.00
08-02-24 14:28[icct.rl_helpers.eval_callback]INFO | (Eval ) num_timesteps=394500, Reward=-73.30 +/- 1.47, EpLength: 1600.00 +/- 0.00
08-02-24 14:29[icct.rl_helpers.eval_callback]INFO | (Eval ) num_timesteps=396000, Reward=-73.75 +/- 2.15, EpLength: 1600.00 +/- 0.00
08-02-24 14:29[icct.rl_helpers.eval_callback]INFO | (Eval ) num_timesteps=397500, Reward=-70.92 +/- 1.46, EpLength: 1600.00 +/- 0.00
08-02-24 14:30[icct.rl_helpers.eval_callback]INFO | (Eval ) num_timesteps=399000, Reward=-68.56 +/- 0.15, EpLength: 1600.00 +/- 0.00
08-02-24 14:30[icct.rl_helpers.eval_callback]INFO | (Eval ) num_timesteps=400500, Reward=-72.50 +/- 1.76, EpLength: 1600.00 +/- 0.00
08-02-24 14:30[icct.rl_helpers.eval_callback]INFO | (Eval ) num_timesteps=402000, Reward=-97.92 +/- 2.42, EpLength: 1600.00 +/- 0.00
08-02-24 14:31[icct.rl_helpers.eval_callback]INFO | (Eval ) num_timesteps=403500, Reward=-100.47 +/- 0.13, EpLength: 1600.00 +/- 0.00
08-02-24 14:31[icct.rl_helpers.eval_callback]INFO | (Eval ) num_timesteps=405000, Reward=-93.86 +/- 6.87, EpLength: 1600.00 +/- 0.00
08-02-24 14:32[icct.rl_helpers.eval_callback]INFO | (Eval ) num_timesteps=406500, Reward=-98.03 +/- 2.87, EpLength: 1600.00 +/- 0.00
08-02-24 14:32[icct.rl_helpers.eval_callback]INFO | (Eval ) num_timesteps=408000, Reward=-97.90 +/- 3.47, EpLength: 1600.00 +/- 0.00
08-02-24 14:32[icct.rl_helpers.eval_callback]INFO | (Eval ) num_timesteps=409500, Reward=-66.26 +/- 14.82, EpLength: 1600.00 +/- 0.00
08-02-24 14:33[icct.rl_helpers.eval_callback]INFO | (Eval ) num_timesteps=411000, Reward=-88.05 +/- 10.34, EpLength: 1600.00 +/- 0.00
08-02-24 14:33[icct.rl_helpers.eval_callback]INFO | (Eval ) num_timesteps=412500, Reward=-88.04 +/- 12.65, EpLength: 1600.00 +/- 0.00
08-02-24 14:34[icct.rl_helpers.eval_callback]INFO | (Eval ) num_timesteps=414000, Reward=-72.20 +/- 7.86, EpLength: 1600.00 +/- 0.00
08-02-24 14:34[icct.rl_helpers.eval_callback]INFO | (Eval ) num_timesteps=415500, Reward=-60.24 +/- 9.88, EpLength: 1600.00 +/- 0.00
08-02-24 14:34[icct.rl_helpers.eval_callback]INFO | (Eval ) num_timesteps=417000, Reward=-59.76 +/- 5.42, EpLength: 1600.00 +/- 0.00
08-02-24 14:35[icct.rl_helpers.eval_callback]INFO | (Eval ) num_timesteps=418500, Reward=-53.12 +/- 7.67, EpLength: 1600.00 +/- 0.00
08-02-24 14:35[icct.rl_helpers.eval_callback]INFO | (Eval ) num_timesteps=420000, Reward=-52.02 +/- 5.74, EpLength: 1600.00 +/- 0.00
08-02-24 14:35[icct.rl_helpers.eval_callback]INFO | (Train) Episode: 360, Avg Reward: -81.27123233940182, Best: -81.07665417276172
08-02-24 14:36[icct.rl_helpers.eval_callback]INFO | (Eval ) num_timesteps=421500, Reward=-49.49 +/- 4.26, EpLength: 1600.00 +/- 0.00
08-02-24 14:36[icct.rl_helpers.eval_callback]INFO | (Eval ) num_timesteps=423000, Reward=-43.42 +/- 0.29, EpLength: 1600.00 +/- 0.00
08-02-24 14:37[icct.rl_helpers.eval_callback]INFO | (Eval ) num_timesteps=424500, Reward=-44.94 +/- 10.12, EpLength: 1600.00 +/- 0.00
08-02-24 14:37[icct.rl_helpers.eval_callback]INFO | (Eval ) num_timesteps=426000, Reward=-45.90 +/- 6.52, EpLength: 1600.00 +/- 0.00
08-02-24 14:37[icct.rl_helpers.eval_callback]INFO | (Eval ) num_timesteps=427500, Reward=-51.14 +/- 5.52, EpLength: 1600.00 +/- 0.00
08-02-24 14:38[icct.rl_helpers.eval_callback]INFO | (Eval ) num_timesteps=429000, Reward=-49.44 +/- 9.93, EpLength: 1600.00 +/- 0.00
08-02-24 14:38[icct.rl_helpers.eval_callback]INFO | (Eval ) num_timesteps=430500, Reward=-55.88 +/- 6.38, EpLength: 1600.00 +/- 0.00
08-02-24 14:39[icct.rl_helpers.eval_callback]INFO | (Eval ) num_timesteps=432000, Reward=-85.50 +/- 16.85, EpLength: 1292.60 +/- 614.80
08-02-24 14:39[icct.rl_helpers.eval_callback]INFO | (Eval ) num_timesteps=433500, Reward=-55.64 +/- 0.26, EpLength: 1600.00 +/- 0.00
08-02-24 14:39[icct.rl_helpers.eval_callback]INFO | (Eval ) num_timesteps=435000, Reward=-70.62 +/- 3.42, EpLength: 1600.00 +/- 0.00
08-02-24 14:40[icct.rl_helpers.eval_callback]INFO | (Eval ) num_timesteps=436500, Reward=-77.31 +/- 0.05, EpLength: 1600.00 +/- 0.00
08-02-24 14:40[icct.rl_helpers.eval_callback]INFO | (Eval ) num_timesteps=438000, Reward=-77.19 +/- 0.57, EpLength: 1600.00 +/- 0.00
08-02-24 14:41[icct.rl_helpers.eval_callback]INFO | (Eval ) num_timesteps=439500, Reward=-83.23 +/- 5.34, EpLength: 1600.00 +/- 0.00
08-02-24 14:41[icct.rl_helpers.eval_callback]INFO | (Eval ) num_timesteps=441000, Reward=-81.50 +/- 0.70, EpLength: 1600.00 +/- 0.00
08-02-24 14:41[icct.rl_helpers.eval_callback]INFO | (Eval ) num_timesteps=442500, Reward=-77.12 +/- 0.24, EpLength: 1600.00 +/- 0.00
08-02-24 14:42[icct.rl_helpers.eval_callback]INFO | (Eval ) num_timesteps=444000, Reward=-81.73 +/- 6.65, EpLength: 1600.00 +/- 0.00
08-02-24 14:42[icct.rl_helpers.eval_callback]INFO | (Eval ) num_timesteps=445500, Reward=-79.11 +/- 0.47, EpLength: 1600.00 +/- 0.00
08-02-24 14:43[icct.rl_helpers.eval_callback]INFO | (Eval ) num_timesteps=447000, Reward=-72.77 +/- 1.55, EpLength: 1600.00 +/- 0.00
08-02-24 14:43[icct.rl_helpers.eval_callback]INFO | (Eval ) num_timesteps=448500, Reward=-72.22 +/- 0.12, EpLength: 1600.00 +/- 0.00
08-02-24 14:43[icct.rl_helpers.eval_callback]INFO | (Eval ) num_timesteps=450000, Reward=-71.63 +/- 0.18, EpLength: 1600.00 +/- 0.00
08-02-24 14:44[icct.rl_helpers.eval_callback]INFO | (Train) Episode: 380, Avg Reward: -77.75581952578358, Best: -77.30635906365214
08-02-24 14:44[icct.rl_helpers.eval_callback]INFO | (Eval ) num_timesteps=451500, Reward=-73.05 +/- 0.83, EpLength: 1600.00 +/- 0.00
08-02-24 14:44[icct.rl_helpers.eval_callback]INFO | (Eval ) num_timesteps=453000, Reward=-68.92 +/- 2.68, EpLength: 1600.00 +/- 0.00
08-02-24 14:45[icct.rl_helpers.eval_callback]INFO | (Eval ) num_timesteps=454500, Reward=-68.74 +/- 5.84, EpLength: 1600.00 +/- 0.00
08-02-24 14:45[icct.rl_helpers.eval_callback]INFO | (Eval ) num_timesteps=456000, Reward=-67.43 +/- 1.63, EpLength: 1600.00 +/- 0.00
08-02-24 14:45[icct.rl_helpers.eval_callback]INFO | (Eval ) num_timesteps=457500, Reward=-71.22 +/- 5.06, EpLength: 1600.00 +/- 0.00
08-02-24 14:46[icct.rl_helpers.eval_callback]INFO | (Eval ) num_timesteps=459000, Reward=-67.36 +/- 1.61, EpLength: 1600.00 +/- 0.00
08-02-24 14:46[icct.rl_helpers.eval_callback]INFO | (Eval ) num_timesteps=460500, Reward=-72.78 +/- 5.45, EpLength: 1600.00 +/- 0.00
08-02-24 14:47[icct.rl_helpers.eval_callback]INFO | (Eval ) num_timesteps=462000, Reward=-62.97 +/- 2.47, EpLength: 1600.00 +/- 0.00
08-02-24 14:47[icct.rl_helpers.eval_callback]INFO | (Eval ) num_timesteps=463500, Reward=-61.87 +/- 2.35, EpLength: 1600.00 +/- 0.00
08-02-24 14:47[icct.rl_helpers.eval_callback]INFO | (Eval ) num_timesteps=465000, Reward=-68.62 +/- 6.99, EpLength: 1600.00 +/- 0.00
08-02-24 14:48[icct.rl_helpers.eval_callback]INFO | (Eval ) num_timesteps=466500, Reward=-70.90 +/- 6.76, EpLength: 1600.00 +/- 0.00
08-02-24 14:48[icct.rl_helpers.eval_callback]INFO | (Eval ) num_timesteps=468000, Reward=-77.08 +/- 4.53, EpLength: 1600.00 +/- 0.00
08-02-24 14:49[icct.rl_helpers.eval_callback]INFO | (Eval ) num_timesteps=469500, Reward=-77.55 +/- 3.86, EpLength: 1600.00 +/- 0.00
08-02-24 14:49[icct.rl_helpers.eval_callback]INFO | (Eval ) num_timesteps=471000, Reward=-72.19 +/- 0.70, EpLength: 1600.00 +/- 0.00
08-02-24 14:49[icct.rl_helpers.eval_callback]INFO | (Eval ) num_timesteps=472500, Reward=-76.82 +/- 3.86, EpLength: 1600.00 +/- 0.00
08-02-24 14:50[icct.rl_helpers.eval_callback]INFO | (Eval ) num_timesteps=474000, Reward=-75.20 +/- 5.13, EpLength: 1600.00 +/- 0.00
08-02-24 14:50[icct.rl_helpers.eval_callback]INFO | (Eval ) num_timesteps=475500, Reward=-70.41 +/- 6.57, EpLength: 1600.00 +/- 0.00
08-02-24 14:51[icct.rl_helpers.eval_callback]INFO | (Eval ) num_timesteps=477000, Reward=-74.67 +/- 1.99, EpLength: 1600.00 +/- 0.00
08-02-24 14:51[icct.rl_helpers.eval_callback]INFO | (Eval ) num_timesteps=478500, Reward=-65.10 +/- 2.17, EpLength: 1600.00 +/- 0.00
08-02-24 14:52[icct.rl_helpers.eval_callback]INFO | (Eval ) num_timesteps=480000, Reward=-71.26 +/- 2.23, EpLength: 1600.00 +/- 0.00
08-02-24 14:52[icct.rl_helpers.eval_callback]INFO | (Eval ) num_timesteps=481500, Reward=-67.69 +/- 5.90, EpLength: 1600.00 +/- 0.00
08-02-24 14:52[icct.rl_helpers.eval_callback]INFO | (Train) Episode: 400, Avg Reward: -74.59376239429737, Best: -74.59376239429737
08-02-24 14:52[icct.rl_helpers.eval_callback]INFO | (Eval ) num_timesteps=483000, Reward=-67.93 +/- 5.26, EpLength: 1600.00 +/- 0.00
08-02-24 14:53[icct.rl_helpers.eval_callback]INFO | (Eval ) num_timesteps=484500, Reward=-62.08 +/- 0.36, EpLength: 1600.00 +/- 0.00
08-02-24 14:53[icct.rl_helpers.eval_callback]INFO | (Eval ) num_timesteps=486000, Reward=-56.86 +/- 0.58, EpLength: 1600.00 +/- 0.00
08-02-24 14:54[icct.rl_helpers.eval_callback]INFO | (Eval ) num_timesteps=487500, Reward=-67.95 +/- 6.54, EpLength: 1600.00 +/- 0.00
08-02-24 14:54[icct.rl_helpers.eval_callback]INFO | (Eval ) num_timesteps=489000, Reward=-61.71 +/- 5.09, EpLength: 1600.00 +/- 0.00
08-02-24 14:54[icct.rl_helpers.eval_callback]INFO | (Eval ) num_timesteps=490500, Reward=-60.00 +/- 0.11, EpLength: 1600.00 +/- 0.00
08-02-24 14:55[icct.rl_helpers.eval_callback]INFO | (Eval ) num_timesteps=492000, Reward=-75.96 +/- 3.39, EpLength: 1600.00 +/- 0.00
08-02-24 14:55[icct.rl_helpers.eval_callback]INFO | (Eval ) num_timesteps=493500, Reward=-54.40 +/- 4.79, EpLength: 1600.00 +/- 0.00
08-02-24 14:56[icct.rl_helpers.eval_callback]INFO | (Eval ) num_timesteps=495000, Reward=-53.16 +/- 7.47, EpLength: 1600.00 +/- 0.00
08-02-24 14:56[icct.rl_helpers.eval_callback]INFO | (Eval ) num_timesteps=496500, Reward=-59.98 +/- 7.33, EpLength: 1600.00 +/- 0.00
08-02-24 14:56[icct.rl_helpers.eval_callback]INFO | (Eval ) num_timesteps=498000, Reward=-51.76 +/- 6.62, EpLength: 1600.00 +/- 0.00
08-02-24 14:57[icct.rl_helpers.eval_callback]INFO | (Eval ) num_timesteps=499500, Reward=-47.92 +/- 3.68, EpLength: 1600.00 +/- 0.00
08-02-24 14:57[icct.rl_helpers.eval_callback]INFO | (Eval ) num_timesteps=501000, Reward=-47.20 +/- 4.15, EpLength: 1600.00 +/- 0.00
08-02-24 14:58[icct.rl_helpers.eval_callback]INFO | (Eval ) num_timesteps=502500, Reward=-46.53 +/- 5.73, EpLength: 1600.00 +/- 0.00
08-02-24 14:58[icct.rl_helpers.eval_callback]INFO | (Eval ) num_timesteps=504000, Reward=-52.24 +/- 7.12, EpLength: 1600.00 +/- 0.00
08-02-24 14:58[icct.rl_helpers.eval_callback]INFO | (Eval ) num_timesteps=505500, Reward=-44.99 +/- 0.39, EpLength: 1600.00 +/- 0.00
08-02-24 14:59[icct.rl_helpers.eval_callback]INFO | (Eval ) num_timesteps=507000, Reward=-40.51 +/- 0.65, EpLength: 1600.00 +/- 0.00
08-02-24 14:59[icct.rl_helpers.eval_callback]INFO | (Eval ) num_timesteps=508500, Reward=-54.10 +/- 4.05, EpLength: 1600.00 +/- 0.00
08-02-24 15:00[icct.rl_helpers.eval_callback]INFO | (Eval ) num_timesteps=510000, Reward=-48.83 +/- 0.66, EpLength: 1600.00 +/- 0.00
08-02-24 15:00[icct.rl_helpers.eval_callback]INFO | (Eval ) num_timesteps=511500, Reward=-49.20 +/- 11.19, EpLength: 1600.00 +/- 0.00
08-02-24 15:00[icct.rl_helpers.eval_callback]INFO | (Eval ) num_timesteps=513000, Reward=-46.94 +/- 6.34, EpLength: 1600.00 +/- 0.00
08-02-24 15:00[icct.rl_helpers.eval_callback]INFO | (Train) Episode: 420, Avg Reward: -70.55918094354018, Best: -70.55918094354018
08-02-24 15:01[icct.rl_helpers.eval_callback]INFO | (Eval ) num_timesteps=514500, Reward=-48.11 +/- 0.75, EpLength: 1600.00 +/- 0.00
08-02-24 15:01[icct.rl_helpers.eval_callback]INFO | (Eval ) num_timesteps=516000, Reward=-39.36 +/- 6.37, EpLength: 1600.00 +/- 0.00
08-02-24 15:02[icct.rl_helpers.eval_callback]INFO | (Eval ) num_timesteps=517500, Reward=-42.47 +/- 4.33, EpLength: 1600.00 +/- 0.00
08-02-24 15:02[icct.rl_helpers.eval_callback]INFO | (Eval ) num_timesteps=519000, Reward=-38.33 +/- 6.08, EpLength: 1600.00 +/- 0.00
08-02-24 15:02[icct.rl_helpers.eval_callback]INFO | (Eval ) num_timesteps=520500, Reward=-45.60 +/- 6.33, EpLength: 1600.00 +/- 0.00
08-02-24 15:03[icct.rl_helpers.eval_callback]INFO | (Eval ) num_timesteps=522000, Reward=-44.61 +/- 0.20, EpLength: 1600.00 +/- 0.00
08-02-24 15:03[icct.rl_helpers.eval_callback]INFO | (Eval ) num_timesteps=523500, Reward=-42.58 +/- 4.06, EpLength: 1600.00 +/- 0.00
08-02-24 15:04[icct.rl_helpers.eval_callback]INFO | (Eval ) num_timesteps=525000, Reward=-38.54 +/- 4.60, EpLength: 1600.00 +/- 0.00
08-02-24 15:04[icct.rl_helpers.eval_callback]INFO | (Eval ) num_timesteps=526500, Reward=-47.82 +/- 7.95, EpLength: 1600.00 +/- 0.00
08-02-24 15:04[icct.rl_helpers.eval_callback]INFO | (Eval ) num_timesteps=528000, Reward=-39.52 +/- 7.54, EpLength: 1600.00 +/- 0.00
08-02-24 15:05[icct.rl_helpers.eval_callback]INFO | (Eval ) num_timesteps=529500, Reward=-46.89 +/- 1.78, EpLength: 1600.00 +/- 0.00
08-02-24 15:05[icct.rl_helpers.eval_callback]INFO | (Eval ) num_timesteps=531000, Reward=-40.38 +/- 0.90, EpLength: 1600.00 +/- 0.00
08-02-24 15:06[icct.rl_helpers.eval_callback]INFO | (Eval ) num_timesteps=532500, Reward=-41.86 +/- 6.96, EpLength: 1600.00 +/- 0.00
08-02-24 15:06[icct.rl_helpers.eval_callback]INFO | (Eval ) num_timesteps=534000, Reward=-42.13 +/- 4.09, EpLength: 1600.00 +/- 0.00
08-02-24 15:07[icct.rl_helpers.eval_callback]INFO | (Eval ) num_timesteps=535500, Reward=-34.02 +/- 4.51, EpLength: 1600.00 +/- 0.00
08-02-24 15:07[icct.rl_helpers.eval_callback]INFO | (Eval ) num_timesteps=537000, Reward=-37.19 +/- 4.76, EpLength: 1600.00 +/- 0.00
08-02-24 15:07[icct.rl_helpers.eval_callback]INFO | (Eval ) num_timesteps=538500, Reward=-37.32 +/- 3.24, EpLength: 1600.00 +/- 0.00
08-02-24 15:08[icct.rl_helpers.eval_callback]INFO | (Eval ) num_timesteps=540000, Reward=-35.99 +/- 5.42, EpLength: 1600.00 +/- 0.00
08-02-24 15:08[icct.rl_helpers.eval_callback]INFO | (Eval ) num_timesteps=541500, Reward=-36.44 +/- 2.44, EpLength: 1600.00 +/- 0.00
08-02-24 15:09[icct.rl_helpers.eval_callback]INFO | (Eval ) num_timesteps=543000, Reward=-42.85 +/- 4.08, EpLength: 1600.00 +/- 0.00
08-02-24 15:09[icct.rl_helpers.eval_callback]INFO | (Eval ) num_timesteps=544500, Reward=-40.22 +/- 6.07, EpLength: 1600.00 +/- 0.00
08-02-24 15:09[icct.rl_helpers.eval_callback]INFO | (Train) Episode: 440, Avg Reward: -64.48650301681178, Best: -64.48650301681178
08-02-24 15:09[icct.rl_helpers.eval_callback]INFO | (Eval ) num_timesteps=546000, Reward=-31.50 +/- 2.61, EpLength: 1600.00 +/- 0.00
08-02-24 15:10[icct.rl_helpers.eval_callback]INFO | (Eval ) num_timesteps=547500, Reward=-29.39 +/- 0.57, EpLength: 1600.00 +/- 0.00
08-02-24 15:10[icct.rl_helpers.eval_callback]INFO | (Eval ) num_timesteps=549000, Reward=-38.79 +/- 5.19, EpLength: 1600.00 +/- 0.00
08-02-24 15:11[icct.rl_helpers.eval_callback]INFO | (Eval ) num_timesteps=550500, Reward=-33.42 +/- 0.50, EpLength: 1600.00 +/- 0.00
08-02-24 15:11[icct.rl_helpers.eval_callback]INFO | (Eval ) num_timesteps=552000, Reward=-39.18 +/- 0.14, EpLength: 1600.00 +/- 0.00
08-02-24 15:11[icct.rl_helpers.eval_callback]INFO | (Eval ) num_timesteps=553500, Reward=-42.11 +/- 0.09, EpLength: 1600.00 +/- 0.00
08-02-24 15:12[icct.rl_helpers.eval_callback]INFO | (Eval ) num_timesteps=555000, Reward=-40.52 +/- 2.82, EpLength: 1600.00 +/- 0.00
08-02-24 15:12[icct.rl_helpers.eval_callback]INFO | (Eval ) num_timesteps=556500, Reward=-41.80 +/- 1.95, EpLength: 1600.00 +/- 0.00
08-02-24 15:13[icct.rl_helpers.eval_callback]INFO | (Eval ) num_timesteps=558000, Reward=-45.33 +/- 2.29, EpLength: 1600.00 +/- 0.00
08-02-24 15:13[icct.rl_helpers.eval_callback]INFO | (Eval ) num_timesteps=559500, Reward=-38.10 +/- 1.05, EpLength: 1600.00 +/- 0.00
08-02-24 15:13[icct.rl_helpers.eval_callback]INFO | (Eval ) num_timesteps=561000, Reward=-36.39 +/- 3.33, EpLength: 1600.00 +/- 0.00
08-02-24 15:14[icct.rl_helpers.eval_callback]INFO | (Eval ) num_timesteps=562500, Reward=-39.38 +/- 0.23, EpLength: 1600.00 +/- 0.00
08-02-24 15:14[icct.rl_helpers.eval_callback]INFO | (Eval ) num_timesteps=564000, Reward=-40.98 +/- 0.61, EpLength: 1600.00 +/- 0.00
08-02-24 15:15[icct.rl_helpers.eval_callback]INFO | (Eval ) num_timesteps=565500, Reward=-34.02 +/- 3.12, EpLength: 1600.00 +/- 0.00
08-02-24 15:15[icct.rl_helpers.eval_callback]INFO | (Eval ) num_timesteps=567000, Reward=-30.37 +/- 2.77, EpLength: 1600.00 +/- 0.00
08-02-24 15:15[icct.rl_helpers.eval_callback]INFO | (Eval ) num_timesteps=568500, Reward=-43.04 +/- 0.59, EpLength: 1600.00 +/- 0.00
08-02-24 15:16[icct.rl_helpers.eval_callback]INFO | (Eval ) num_timesteps=570000, Reward=-38.30 +/- 2.54, EpLength: 1600.00 +/- 0.00
08-02-24 15:16[icct.rl_helpers.eval_callback]INFO | (Eval ) num_timesteps=571500, Reward=-40.33 +/- 2.57, EpLength: 1600.00 +/- 0.00
08-02-24 15:17[icct.rl_helpers.eval_callback]INFO | (Eval ) num_timesteps=573000, Reward=-44.28 +/- 3.72, EpLength: 1600.00 +/- 0.00
08-02-24 15:17[icct.rl_helpers.eval_callback]INFO | (Eval ) num_timesteps=574500, Reward=-41.65 +/- 4.33, EpLength: 1600.00 +/- 0.00
08-02-24 15:17[icct.rl_helpers.eval_callback]INFO | (Train) Episode: 460, Avg Reward: -56.45229493893371, Best: -56.45229493893371
08-02-24 15:17[icct.rl_helpers.eval_callback]INFO | (Eval ) num_timesteps=576000, Reward=-42.78 +/- 1.49, EpLength: 1600.00 +/- 0.00
08-02-24 15:18[icct.rl_helpers.eval_callback]INFO | (Eval ) num_timesteps=577500, Reward=-41.24 +/- 0.62, EpLength: 1600.00 +/- 0.00
08-02-24 15:18[icct.rl_helpers.eval_callback]INFO | (Eval ) num_timesteps=579000, Reward=-38.15 +/- 5.11, EpLength: 1600.00 +/- 0.00
08-02-24 15:19[icct.rl_helpers.eval_callback]INFO | (Eval ) num_timesteps=580500, Reward=-34.80 +/- 4.64, EpLength: 1600.00 +/- 0.00
08-02-24 15:19[icct.rl_helpers.eval_callback]INFO | (Eval ) num_timesteps=582000, Reward=-56.21 +/- 2.16, EpLength: 1600.00 +/- 0.00
08-02-24 15:19[icct.rl_helpers.eval_callback]INFO | (Eval ) num_timesteps=583500, Reward=-55.11 +/- 0.37, EpLength: 1600.00 +/- 0.00
08-02-24 15:20[icct.rl_helpers.eval_callback]INFO | (Eval ) num_timesteps=585000, Reward=-58.51 +/- 3.72, EpLength: 1600.00 +/- 0.00
08-02-24 15:20[icct.rl_helpers.eval_callback]INFO | (Eval ) num_timesteps=586500, Reward=-52.57 +/- 1.00, EpLength: 1600.00 +/- 0.00
08-02-24 15:21[icct.rl_helpers.eval_callback]INFO | (Eval ) num_timesteps=588000, Reward=-55.57 +/- 0.01, EpLength: 1600.00 +/- 0.00
08-02-24 15:21[icct.rl_helpers.eval_callback]INFO | (Eval ) num_timesteps=589500, Reward=-44.12 +/- 4.75, EpLength: 1600.00 +/- 0.00
08-02-24 15:21[icct.rl_helpers.eval_callback]INFO | (Eval ) num_timesteps=591000, Reward=-79.21 +/- 39.52, EpLength: 993.20 +/- 743.18
08-02-24 15:22[icct.rl_helpers.eval_callback]INFO | (Eval ) num_timesteps=592500, Reward=-48.30 +/- 0.63, EpLength: 1600.00 +/- 0.00
08-02-24 15:22[icct.rl_helpers.eval_callback]INFO | (Eval ) num_timesteps=594000, Reward=-51.34 +/- 5.37, EpLength: 1600.00 +/- 0.00
08-02-24 15:23[icct.rl_helpers.eval_callback]INFO | (Eval ) num_timesteps=595500, Reward=-54.70 +/- 4.75, EpLength: 1600.00 +/- 0.00
08-02-24 15:23[icct.rl_helpers.eval_callback]INFO | (Eval ) num_timesteps=597000, Reward=-58.27 +/- 0.32, EpLength: 1600.00 +/- 0.00
08-02-24 15:23[icct.rl_helpers.eval_callback]INFO | (Eval ) num_timesteps=598500, Reward=-56.72 +/- 5.45, EpLength: 1600.00 +/- 0.00
08-02-24 15:23[icct.rl_helpers.eval_callback]INFO | (Train) Episode: 480, Avg Reward: -56.33132492474162, Best: -55.534342233611135
08-02-24 15:24[icct.rl_helpers.eval_callback]INFO | (Eval ) num_timesteps=600000, Reward=-52.66 +/- 5.99, EpLength: 1600.00 +/- 0.00
08-02-24 15:24[icct.rl_helpers.eval_callback]INFO | (Eval ) num_timesteps=601500, Reward=-55.34 +/- 4.73, EpLength: 1600.00 +/- 0.00
08-02-24 15:25[icct.rl_helpers.eval_callback]INFO | (Eval ) num_timesteps=603000, Reward=-64.63 +/- 5.04, EpLength: 1600.00 +/- 0.00
08-02-24 15:25[icct.rl_helpers.eval_callback]INFO | (Eval ) num_timesteps=604500, Reward=-56.79 +/- 5.67, EpLength: 1600.00 +/- 0.00
08-02-24 15:25[icct.rl_helpers.eval_callback]INFO | (Eval ) num_timesteps=606000, Reward=-61.71 +/- 2.20, EpLength: 1600.00 +/- 0.00
08-02-24 15:26[icct.rl_helpers.eval_callback]INFO | (Eval ) num_timesteps=607500, Reward=-42.02 +/- 0.22, EpLength: 1600.00 +/- 0.00
08-02-24 15:26[icct.rl_helpers.eval_callback]INFO | (Eval ) num_timesteps=609000, Reward=-60.80 +/- 5.10, EpLength: 1600.00 +/- 0.00
08-02-24 15:27[icct.rl_helpers.eval_callback]INFO | (Eval ) num_timesteps=610500, Reward=-102.84 +/- 21.92, EpLength: 388.00 +/- 606.41
08-02-24 15:27[icct.rl_helpers.eval_callback]INFO | (Eval ) num_timesteps=612000, Reward=-109.19 +/- 0.29, EpLength: 92.80 +/- 1.72
08-02-24 15:27[icct.rl_helpers.eval_callback]INFO | (Eval ) num_timesteps=613500, Reward=-73.41 +/- 19.74, EpLength: 1307.80 +/- 584.40
08-02-24 15:28[icct.rl_helpers.eval_callback]INFO | (Eval ) num_timesteps=615000, Reward=-55.82 +/- 4.17, EpLength: 1600.00 +/- 0.00
08-02-24 15:28[icct.rl_helpers.eval_callback]INFO | (Eval ) num_timesteps=616500, Reward=-47.76 +/- 13.02, EpLength: 1600.00 +/- 0.00
08-02-24 15:29[icct.rl_helpers.eval_callback]INFO | (Eval ) num_timesteps=618000, Reward=-26.51 +/- 2.10, EpLength: 1600.00 +/- 0.00
08-02-24 15:29[icct.rl_helpers.eval_callback]INFO | (Eval ) num_timesteps=619500, Reward=-35.06 +/- 2.82, EpLength: 1600.00 +/- 0.00
08-02-24 15:29[icct.rl_helpers.eval_callback]INFO | (Eval ) num_timesteps=621000, Reward=-36.04 +/- 11.62, EpLength: 1600.00 +/- 0.00
08-02-24 15:30[icct.rl_helpers.eval_callback]INFO | (Eval ) num_timesteps=622500, Reward=-35.25 +/- 5.72, EpLength: 1600.00 +/- 0.00
08-02-24 15:30[icct.rl_helpers.eval_callback]INFO | (Eval ) num_timesteps=624000, Reward=-29.45 +/- 5.21, EpLength: 1600.00 +/- 0.00
08-02-24 15:31[icct.rl_helpers.eval_callback]INFO | (Eval ) num_timesteps=625500, Reward=-27.59 +/- 7.31, EpLength: 1600.00 +/- 0.00
08-02-24 15:31[icct.rl_helpers.eval_callback]INFO | (Eval ) num_timesteps=627000, Reward=-23.58 +/- 1.71, EpLength: 1600.00 +/- 0.00
08-02-24 15:31[icct.rl_helpers.eval_callback]INFO | (Eval ) num_timesteps=628500, Reward=-24.72 +/- 5.42, EpLength: 1600.00 +/- 0.00
08-02-24 15:31[icct.rl_helpers.eval_callback]INFO | (Train) Episode: 500, Avg Reward: -53.116871516594586, Best: -53.116871516594586
08-02-24 15:32[icct.rl_helpers.eval_callback]INFO | (Eval ) num_timesteps=630000, Reward=-20.82 +/- 0.38, EpLength: 1600.00 +/- 0.00
08-02-24 15:32[icct.rl_helpers.eval_callback]INFO | (Eval ) num_timesteps=631500, Reward=-31.28 +/- 4.83, EpLength: 1600.00 +/- 0.00
08-02-24 15:33[icct.rl_helpers.eval_callback]INFO | (Eval ) num_timesteps=633000, Reward=-32.04 +/- 2.01, EpLength: 1600.00 +/- 0.00
08-02-24 15:33[icct.rl_helpers.eval_callback]INFO | (Eval ) num_timesteps=634500, Reward=-29.21 +/- 0.66, EpLength: 1600.00 +/- 0.00
08-02-24 15:33[icct.rl_helpers.eval_callback]INFO | (Eval ) num_timesteps=636000, Reward=-29.78 +/- 1.93, EpLength: 1600.00 +/- 0.00
08-02-24 15:34[icct.rl_helpers.eval_callback]INFO | (Eval ) num_timesteps=637500, Reward=-20.52 +/- 5.17, EpLength: 1600.00 +/- 0.00
08-02-24 15:34[icct.rl_helpers.eval_callback]INFO | (Eval ) num_timesteps=639000, Reward=-30.00 +/- 2.53, EpLength: 1600.00 +/- 0.00
08-02-24 15:35[icct.rl_helpers.eval_callback]INFO | (Eval ) num_timesteps=640500, Reward=-33.21 +/- 4.58, EpLength: 1600.00 +/- 0.00
08-02-24 15:35[icct.rl_helpers.eval_callback]INFO | (Eval ) num_timesteps=642000, Reward=-30.67 +/- 1.66, EpLength: 1600.00 +/- 0.00
08-02-24 15:35[icct.rl_helpers.eval_callback]INFO | (Eval ) num_timesteps=643500, Reward=-54.57 +/- 30.28, EpLength: 1600.00 +/- 0.00
08-02-24 15:36[icct.rl_helpers.eval_callback]INFO | (Eval ) num_timesteps=645000, Reward=-26.79 +/- 9.21, EpLength: 1600.00 +/- 0.00
08-02-24 15:36[icct.rl_helpers.eval_callback]INFO | (Eval ) num_timesteps=646500, Reward=-113.40 +/- 0.01, EpLength: 42.00 +/- 0.00
08-02-24 15:37[icct.rl_helpers.eval_callback]INFO | (Eval ) num_timesteps=648000, Reward=-30.29 +/- 3.19, EpLength: 1600.00 +/- 0.00
08-02-24 15:37[icct.rl_helpers.eval_callback]INFO | (Eval ) num_timesteps=649500, Reward=-30.90 +/- 0.93, EpLength: 1600.00 +/- 0.00
08-02-24 15:37[icct.rl_helpers.eval_callback]INFO | (Eval ) num_timesteps=651000, Reward=-47.41 +/- 32.12, EpLength: 1313.00 +/- 574.00
08-02-24 15:38[icct.rl_helpers.eval_callback]INFO | (Eval ) num_timesteps=652500, Reward=-87.63 +/- 28.12, EpLength: 736.00 +/- 705.46
08-02-24 15:38[icct.rl_helpers.eval_callback]INFO | (Eval ) num_timesteps=654000, Reward=-45.58 +/- 4.32, EpLength: 1600.00 +/- 0.00
08-02-24 15:38[icct.rl_helpers.eval_callback]INFO | (Eval ) num_timesteps=655500, Reward=-108.53 +/- 0.80, EpLength: 164.80 +/- 11.48
08-02-24 15:39[icct.rl_helpers.eval_callback]INFO | (Eval ) num_timesteps=657000, Reward=-108.60 +/- 1.19, EpLength: 164.20 +/- 15.54
08-02-24 15:39[icct.rl_helpers.eval_callback]INFO | (Eval ) num_timesteps=658500, Reward=-24.85 +/- 8.48, EpLength: 1600.00 +/- 0.00
08-02-24 15:39[icct.rl_helpers.eval_callback]INFO | (Train) Episode: 520, Avg Reward: -47.92485535099061, Best: -47.92485535099061
08-02-24 15:39[icct.rl_helpers.eval_callback]INFO | (Eval ) num_timesteps=660000, Reward=-69.55 +/- 34.68, EpLength: 980.20 +/- 759.10
08-02-24 15:40[icct.rl_helpers.eval_callback]INFO | (Eval ) num_timesteps=661500, Reward=-70.67 +/- 34.02, EpLength: 979.40 +/- 760.08
08-02-24 15:40[icct.rl_helpers.eval_callback]INFO | (Eval ) num_timesteps=663000, Reward=-112.22 +/- 0.03, EpLength: 42.00 +/- 0.00
08-02-24 15:40[icct.rl_helpers.eval_callback]INFO | (Eval ) num_timesteps=664500, Reward=-112.61 +/- 0.02, EpLength: 43.00 +/- 0.00
08-02-24 15:41[icct.rl_helpers.eval_callback]INFO | (Eval ) num_timesteps=666000, Reward=-112.98 +/- 0.03, EpLength: 42.00 +/- 0.00
08-02-24 15:41[icct.rl_helpers.eval_callback]INFO | (Eval ) num_timesteps=667500, Reward=-95.48 +/- 35.64, EpLength: 354.20 +/- 622.90
08-02-24 15:42[icct.rl_helpers.eval_callback]INFO | (Eval ) num_timesteps=669000, Reward=-23.16 +/- 5.04, EpLength: 1600.00 +/- 0.00
08-02-24 15:42[icct.rl_helpers.eval_callback]INFO | (Eval ) num_timesteps=670500, Reward=-20.03 +/- 2.95, EpLength: 1600.00 +/- 0.00
08-02-24 15:42[icct.rl_helpers.eval_callback]INFO | (Eval ) num_timesteps=672000, Reward=-20.62 +/- 4.45, EpLength: 1600.00 +/- 0.00
08-02-24 15:43[icct.rl_helpers.eval_callback]INFO | (Eval ) num_timesteps=673500, Reward=-16.62 +/- 3.09, EpLength: 1600.00 +/- 0.00
08-02-24 15:43[icct.rl_helpers.eval_callback]INFO | (Eval ) num_timesteps=675000, Reward=-24.11 +/- 4.87, EpLength: 1600.00 +/- 0.00
08-02-24 15:44[icct.rl_helpers.eval_callback]INFO | (Eval ) num_timesteps=676500, Reward=-18.48 +/- 3.73, EpLength: 1600.00 +/- 0.00
08-02-24 15:44[icct.rl_helpers.eval_callback]INFO | (Eval ) num_timesteps=678000, Reward=-17.50 +/- 5.51, EpLength: 1600.00 +/- 0.00
08-02-24 15:44[icct.rl_helpers.eval_callback]INFO | (Eval ) num_timesteps=679500, Reward=-12.80 +/- 3.01, EpLength: 1600.00 +/- 0.00
08-02-24 15:44[icct.rl_helpers.eval_callback]INFO | (Save ) Storing Best Model: New best mean reward!
08-02-24 15:45[icct.rl_helpers.eval_callback]INFO | (Eval ) num_timesteps=681000, Reward=-12.94 +/- 3.80, EpLength: 1600.00 +/- 0.00
08-02-24 15:45[icct.rl_helpers.eval_callback]INFO | (Eval ) num_timesteps=682500, Reward=-13.46 +/- 0.99, EpLength: 1600.00 +/- 0.00
08-02-24 15:46[icct.rl_helpers.eval_callback]INFO | (Eval ) num_timesteps=684000, Reward=-14.63 +/- 4.31, EpLength: 1600.00 +/- 0.00
08-02-24 15:46[icct.rl_helpers.eval_callback]INFO | (Eval ) num_timesteps=685500, Reward=-21.41 +/- 4.98, EpLength: 1600.00 +/- 0.00
08-02-24 15:46[icct.rl_helpers.eval_callback]INFO | (Eval ) num_timesteps=687000, Reward=-24.83 +/- 0.00, EpLength: 1600.00 +/- 0.00
08-02-24 15:47[icct.rl_helpers.eval_callback]INFO | (Train) Episode: 540, Avg Reward: -46.25008128960272, Best: -46.25008128960272
08-02-24 15:47[icct.rl_helpers.eval_callback]INFO | (Eval ) num_timesteps=688500, Reward=-13.63 +/- 7.06, EpLength: 1600.00 +/- 0.00
08-02-24 15:47[icct.rl_helpers.eval_callback]INFO | (Eval ) num_timesteps=690000, Reward=-9.91 +/- 3.10, EpLength: 1600.00 +/- 0.00
08-02-24 15:47[icct.rl_helpers.eval_callback]INFO | (Save ) Storing Best Model: New best mean reward!
08-02-24 15:48[icct.rl_helpers.eval_callback]INFO | (Eval ) num_timesteps=691500, Reward=-16.75 +/- 4.89, EpLength: 1600.00 +/- 0.00
08-02-24 15:48[icct.rl_helpers.eval_callback]INFO | (Eval ) num_timesteps=693000, Reward=-20.64 +/- 2.01, EpLength: 1600.00 +/- 0.00
08-02-24 15:48[icct.rl_helpers.eval_callback]INFO | (Eval ) num_timesteps=694500, Reward=-21.37 +/- 2.31, EpLength: 1600.00 +/- 0.00
08-02-24 15:49[icct.rl_helpers.eval_callback]INFO | (Eval ) num_timesteps=696000, Reward=-20.68 +/- 6.80, EpLength: 1600.00 +/- 0.00
08-02-24 15:49[icct.rl_helpers.eval_callback]INFO | (Eval ) num_timesteps=697500, Reward=-13.99 +/- 2.61, EpLength: 1600.00 +/- 0.00
08-02-24 15:50[icct.rl_helpers.eval_callback]INFO | (Eval ) num_timesteps=699000, Reward=-12.33 +/- 3.70, EpLength: 1600.00 +/- 0.00
08-02-24 15:50[root]INFO | [END]======> Execution time of seed 3: 3 hours, 0 minutes, 36 seconds
