07-11-24 04:33[root]INFO | Training on cart environment for 1500 episodes
07-11-24 04:33[root]INFO | Agent Type: dtnet
07-11-24 04:33[root]INFO | Log Directory: cart_cpu/dtnet/aaai_v2_new_rand/
07-11-24 04:33[root]INFO | Random Weight Initialization: True
07-11-24 04:33[root]INFO | Training Started: 2024-11-07 04:33:21
07-11-24 04:33[root]INFO | Using Cart Pole Environment
07-11-24 04:33[root]INFO | Hyperparameters: {"learning_rate": 0.024, "gamma": 0.99, "batch_size": 32, "n_steps": 832, "ent_coef": 0.02, "clip_range": 0.2, "vf_coef": 0.5, "max_grad_norm": 0.5, "gae_lambda": 0.86, "n_epochs": 20}
07-11-24 04:33[root]INFO | ===================> Training with seed 104 <=================
07-11-24 04:33[root]INFO | Using DTNet agent
07-11-24 04:33[root]INFO | Using cartpole architecture 16x16
07-11-24 04:33[root]INFO | Action Net Arch: DTNetv0(
  (linear1): Linear(in_features=4, out_features=15, bias=True)
  (reluP): ReLU()
  (reluM): ReLU()
  (linear2): Linear(in_features=30, out_features=16, bias=False)
  (mpool): MaxPoolLayer()
  (softmax): Softmax(dim=-1)
)
07-11-24 04:33[root]INFO | Value Net Arch: FCNN(
  (layer1): Linear(in_features=4, out_features=16, bias=True)
  (layer2): Linear(in_features=16, out_features=16, bias=True)
  (activation): ReLU()
  (layer3): Linear(in_features=16, out_features=2, bias=True)
  (value_output): Linear(in_features=2, out_features=1, bias=True)
)
07-11-24 04:33[root]INFO | Episode: 0, Avg Reward: 19.0, Best Eval: -inf
07-11-24 04:33[root]INFO | Episode: 50, Avg Reward: 18.392156862745097, Best Eval: -inf
07-11-24 04:33[root]INFO | Episode: 100, Avg Reward: 24.06, Best Eval: -inf
07-11-24 04:35[root]INFO | Episode: 150, Avg Reward: 95.86, Best Eval: -inf
07-11-24 04:38[root]INFO | Episode: 200, Avg Reward: 188.35, Best Eval: -inf
07-11-24 04:42[root]INFO | Episode: 250, Avg Reward: 233.36, Best Eval: 427.8
07-11-24 04:47[root]INFO | Episode: 300, Avg Reward: 310.17, Best Eval: 500.0
07-11-24 04:53[root]INFO | Episode: 350, Avg Reward: 427.65, Best Eval: 500.0
07-11-24 04:57[root]INFO | Episode: 400, Avg Reward: 404.57, Best Eval: 500.0
07-11-24 05:02[root]INFO | Episode: 450, Avg Reward: 320.6, Best Eval: 500.0
07-11-24 05:05[root]INFO | Episode: 500, Avg Reward: 282.64, Best Eval: 500.0
07-11-24 05:11[root]INFO | Episode: 550, Avg Reward: 363.34, Best Eval: 500.0
07-11-24 05:17[root]INFO | Episode: 600, Avg Reward: 488.44, Best Eval: 500.0
07-11-24 05:24[root]INFO | Episode: 650, Avg Reward: 498.23, Best Eval: 500.0
07-11-24 05:30[root]INFO | Episode: 700, Avg Reward: 493.97, Best Eval: 500.0
07-11-24 05:34[root]INFO | Episode: 750, Avg Reward: 378.18, Best Eval: 500.0
07-11-24 05:39[root]INFO | Episode: 800, Avg Reward: 307.5, Best Eval: 500.0
07-11-24 05:40[root]INFO | Episode: 850, Avg Reward: 230.99, Best Eval: 500.0
07-11-24 05:42[root]INFO | Episode: 900, Avg Reward: 113.87, Best Eval: 500.0
07-11-24 05:43[root]INFO | Episode: 950, Avg Reward: 115.6, Best Eval: 500.0
07-11-24 05:47[root]INFO | Episode: 1000, Avg Reward: 192.36, Best Eval: 500.0
07-11-24 05:53[root]INFO | Episode: 1050, Avg Reward: 371.86, Best Eval: 500.0
07-11-24 05:59[root]INFO | Episode: 1100, Avg Reward: 484.32, Best Eval: 500.0
07-11-24 06:05[root]INFO | Episode: 1150, Avg Reward: 493.33, Best Eval: 500.0
07-11-24 06:11[root]INFO | Episode: 1200, Avg Reward: 455.88, Best Eval: 500.0
07-11-24 06:15[root]INFO | Episode: 1250, Avg Reward: 380.09, Best Eval: 500.0
07-11-24 06:22[root]INFO | Episode: 1300, Avg Reward: 409.82, Best Eval: 500.0
07-11-24 06:29[root]INFO | Episode: 1350, Avg Reward: 486.45, Best Eval: 500.0
07-11-24 06:34[root]INFO | Episode: 1400, Avg Reward: 474.38, Best Eval: 500.0
07-11-24 06:38[root]INFO | Episode: 1450, Avg Reward: 465.96, Best Eval: 500.0
07-11-24 06:42[root]INFO | Using DTNet agent
07-11-24 06:42[root]INFO | Using cartpole architecture 16x16
07-11-24 06:42[root]INFO | Action Net Arch: DTNetv0(
  (linear1): Linear(in_features=4, out_features=15, bias=True)
  (reluP): ReLU()
  (reluM): ReLU()
  (linear2): Linear(in_features=30, out_features=16, bias=False)
  (mpool): MaxPoolLayer()
  (softmax): Softmax(dim=-1)
)
07-11-24 06:42[root]INFO | Value Net Arch: FCNN(
  (layer1): Linear(in_features=4, out_features=16, bias=True)
  (layer2): Linear(in_features=16, out_features=16, bias=True)
  (activation): ReLU()
  (layer3): Linear(in_features=16, out_features=2, bias=True)
  (value_output): Linear(in_features=2, out_features=1, bias=True)
)
07-11-24 06:42[root]INFO | ==============> Test reward for seeds [500, 600]: 500.00 +/- 0.0 <==========
07-11-24 06:42[root]INFO | Execution time of seed 104: 2 hours, 9 minutes, 9 seconds
