nohup: ignoring input
===>Training Started for Configuration: Batch Size: 128, Learning Rate: 0.001, 
LR Scheduler Rate: 0.95<===
{
    'code': 'ctslice',
    'name': 'CT Slice',
    'filepath': 'datasets/ctslice/',
    'n_attributes': 384,
    'attributes': [],
    'n_classes': 1,
    'classes': [],
    'use_L1': True,
    'lamda_L1': 5e-05,
    'nseed': 5,
    'tseed': None,
    'grad_clip': False,
    'over_param': [],
    'reg_hidden': 0,
    'test_split': 0.2,
    'val_split': 0.2,
    'depth': 5,
    'ste': 'hard_argmax_ste',
    'bins': array([-2.1 , -1.14, -0.76, -0.49, -0.13,  0.25,  0.75,  1.4 ]),
    'wt_init': 'none',
    'smax_temp': 0.5,
    'epochs': 40,
    'batch_size': 128,
    'learning_rate': 0.001,
    'lr_scheduler': True,
    'lr_scheduler_gamma': 0.95,
    'top_k': 4,
    'epochs_fine_tune': 30,
    'mix_experts': 2,
    'learning_rate_tune': 0.0001,
    'detach': False,
    'use_pretrained': False
}
X_train size: (34240, 384), y_train size: (34240,)
X_val size: (8560, 384), y_val size: (8560,)
X_test size: (10700, 384), y_test size: (10700,)
X_train min: -9.38750611054979
X_train max: 185.03783396922844
train size:
torch.Size([34240, 384])
test size:
torch.Size([10700, 384])
val size:
torch.Size([8560, 384])
[-2.1  -1.14 -0.76 -0.49 -0.13  0.25  0.75  1.4 ]
Max y_train_clf: 7
Min y_train_clf: 0
train size:
torch.Size([34240, 384])
test size:
torch.Size([10700, 384])
val size:
torch.Size([8560, 384])
Class Label Distribution:
Class 0: 4276 samples
Class 1: 4356 samples
Class 2: 4238 samples
Class 3: 4268 samples
Class 4: 4249 samples
Class 5: 4299 samples
Class 6: 4305 samples
Class 7: 4249 samples
======================================================================
Iteration 0/1  Seed 1  (dataset: CT Slice, 0/1):  Num Sample: 34240 
======================================================================
DTSemNet(
  (linear1): Sequential(
    (0): Linear(in_features=384, out_features=31, bias=True)
  )
  (bn): BatchNorm1d(31, eps=1e-05, momentum=0.1, affine=True, 
track_running_stats=True)
  (reluP): ReLU()
  (reluM): ReLU()
  (linear2): Linear(in_features=62, out_features=32, bias=False)
  (softmax): Softmax(dim=-1)
  (mpool): MaxPoolLayer()
  (experts): ModuleList(
    (0): Expert(
      (layer): Linear(in_features=384, out_features=1, bias=True)
    )
    (1): Expert(
      (layer): Linear(in_features=384, out_features=1, bias=True)
    )
    (2): Expert(
      (layer): Linear(in_features=384, out_features=1, bias=True)
    )
    (3): Expert(
      (layer): Linear(in_features=384, out_features=1, bias=True)
    )
    (4): Expert(
      (layer): Linear(in_features=384, out_features=1, bias=True)
    )
    (5): Expert(
      (layer): Linear(in_features=384, out_features=1, bias=True)
    )
    (6): Expert(
      (layer): Linear(in_features=384, out_features=1, bias=True)
    )
    (7): Expert(
      (layer): Linear(in_features=384, out_features=1, bias=True)
    )
    (8): Expert(
      (layer): Linear(in_features=384, out_features=1, bias=True)
    )
    (9): Expert(
      (layer): Linear(in_features=384, out_features=1, bias=True)
    )
    (10): Expert(
      (layer): Linear(in_features=384, out_features=1, bias=True)
    )
    (11): Expert(
      (layer): Linear(in_features=384, out_features=1, bias=True)
    )
    (12): Expert(
      (layer): Linear(in_features=384, out_features=1, bias=True)
    )
    (13): Expert(
      (layer): Linear(in_features=384, out_features=1, bias=True)
    )
    (14): Expert(
      (layer): Linear(in_features=384, out_features=1, bias=True)
    )
    (15): Expert(
      (layer): Linear(in_features=384, out_features=1, bias=True)
    )
    (16): Expert(
      (layer): Linear(in_features=384, out_features=1, bias=True)
    )
    (17): Expert(
      (layer): Linear(in_features=384, out_features=1, bias=True)
    )
    (18): Expert(
      (layer): Linear(in_features=384, out_features=1, bias=True)
    )
    (19): Expert(
      (layer): Linear(in_features=384, out_features=1, bias=True)
    )
    (20): Expert(
      (layer): Linear(in_features=384, out_features=1, bias=True)
    )
    (21): Expert(
      (layer): Linear(in_features=384, out_features=1, bias=True)
    )
    (22): Expert(
      (layer): Linear(in_features=384, out_features=1, bias=True)
    )
    (23): Expert(
      (layer): Linear(in_features=384, out_features=1, bias=True)
    )
    (24): Expert(
      (layer): Linear(in_features=384, out_features=1, bias=True)
    )
    (25): Expert(
      (layer): Linear(in_features=384, out_features=1, bias=True)
    )
    (26): Expert(
      (layer): Linear(in_features=384, out_features=1, bias=True)
    )
    (27): Expert(
      (layer): Linear(in_features=384, out_features=1, bias=True)
    )
    (28): Expert(
      (layer): Linear(in_features=384, out_features=1, bias=True)
    )
    (29): Expert(
      (layer): Linear(in_features=384, out_features=1, bias=True)
    )
    (30): Expert(
      (layer): Linear(in_features=384, out_features=1, bias=True)
    )
    (31): Expert(
      (layer): Linear(in_features=384, out_features=1, bias=True)
    )
  )
)
Epoch: 0, Leaf Dist: [642.0, 625.0, 525.0, 514.0, 513.0, 447.0, 443.0, 440.0, 
417.0, 416.0, 414.0, 402.0, 351.0, 348.0, 333.0, 310.0, 296.0, 295.0, 293.0, 
287.0, 282.0, 270.0, 235.0, 231.0, 207.0, 207.0, 200.0, 188.0, 181.0, 148.0, 
135.0, 105.0]
Epoch: 1/40, Average Loss: 53.0570, Train Acc: 7.2840 Test Acc: 7.5037
Epoch: 1, Leaf Dist: [1304.0, 1212.0, 1137.0, 845.0, 716.0, 594.0, 566.0, 520.0,
492.0, 443.0, 388.0, 321.0, 279.0, 268.0, 226.0, 213.0, 212.0, 175.0, 118.0, 
108.0, 92.0, 92.0, 86.0, 72.0, 64.0, 45.0, 45.0, 32.0, 23.0, 8.0, 4.0, 0.0]
Epoch: 2/40, Average Loss: 40.4027, Train Acc: 6.3563 Test Acc: 6.6347
Epoch: 2, Leaf Dist: [1320.0, 1222.0, 1214.0, 1154.0, 1086.0, 529.0, 517.0, 
498.0, 455.0, 407.0, 318.0, 293.0, 259.0, 202.0, 192.0, 178.0, 177.0, 137.0, 
95.0, 91.0, 70.0, 60.0, 55.0, 46.0, 35.0, 25.0, 25.0, 19.0, 15.0, 4.0, 2.0, 0.0]
Epoch: 3/40, Average Loss: 28.9724, Train Acc: 5.3826 Test Acc: 5.5064
Epoch: 4/40, Average Loss: 23.9702, Train Acc: 4.8959 Test Acc: 4.9833
Epoch: 5/40, Average Loss: 26.0434, Train Acc: 5.1033 Test Acc: 5.1919
Epoch: 5, Leaf Dist: [1380.0, 1267.0, 1198.0, 931.0, 920.0, 705.0, 673.0, 631.0,
502.0, 396.0, 355.0, 322.0, 260.0, 170.0, 151.0, 121.0, 117.0, 106.0, 84.0, 
63.0, 60.0, 58.0, 56.0, 45.0, 32.0, 28.0, 24.0, 17.0, 13.0, 11.0, 3.0, 1.0]
Epoch: 6/40, Average Loss: 21.5229, Train Acc: 4.6393 Test Acc: 4.6939
Epoch: 7/40, Average Loss: 19.1349, Train Acc: 4.3743 Test Acc: 4.3739
Epoch: 8/40, Average Loss: 14.2362, Train Acc: 3.7731 Test Acc: 3.7707
Epoch: 9/40, Average Loss: 17.4657, Train Acc: 4.1792 Test Acc: 4.1096
Epoch: 10/40, Average Loss: 14.3463, Train Acc: 3.7876 Test Acc: 3.8583
Epoch: 10, Leaf Dist: [1282.0, 1272.0, 1206.0, 1036.0, 1006.0, 835.0, 738.0, 
673.0, 559.0, 416.0, 316.0, 241.0, 211.0, 161.0, 148.0, 128.0, 87.0, 75.0, 69.0,
57.0, 46.0, 35.0, 29.0, 22.0, 17.0, 12.0, 9.0, 6.0, 6.0, 1.0, 1.0, 0.0]
Epoch: 11/40, Average Loss: 12.1429, Train Acc: 3.4847 Test Acc: 3.4595
Epoch: 12/40, Average Loss: 12.8761, Train Acc: 3.5883 Test Acc: 3.6877
Epoch: 13/40, Average Loss: 9.2931, Train Acc: 3.0485 Test Acc: 3.0365
Epoch: 14/40, Average Loss: 9.6919, Train Acc: 3.1132 Test Acc: 3.1635
Epoch: 15/40, Average Loss: 8.5589, Train Acc: 2.9256 Test Acc: 2.8997
Epoch: 16/40, Average Loss: 9.3208, Train Acc: 3.0530 Test Acc: 3.0952
Epoch: 17/40, Average Loss: 9.4892, Train Acc: 3.0805 Test Acc: 3.0781
Epoch: 18/40, Average Loss: 8.3522, Train Acc: 2.8900 Test Acc: 2.9553
Epoch: 19/40, Average Loss: 7.9455, Train Acc: 2.8188 Test Acc: 2.8670
Epoch: 20/40, Average Loss: 7.6929, Train Acc: 2.7736 Test Acc: 2.8229
Epoch: 21/40, Average Loss: 9.0124, Train Acc: 3.0021 Test Acc: 3.0796
Epoch: 22/40, Average Loss: 7.7266, Train Acc: 2.7797 Test Acc: 2.8318
Epoch: 23/40, Average Loss: 8.0446, Train Acc: 2.8363 Test Acc: 2.8420
Epoch: 24/40, Average Loss: 7.1633, Train Acc: 2.6764 Test Acc: 2.7431
Epoch: 25/40, Average Loss: 7.4917, Train Acc: 2.7371 Test Acc: 2.7748
Epoch: 26/40, Average Loss: 8.5883, Train Acc: 2.9306 Test Acc: 3.0132
Epoch: 27/40, Average Loss: 6.8173, Train Acc: 2.6110 Test Acc: 2.6985
Epoch: 28/40, Average Loss: 7.7065, Train Acc: 2.7761 Test Acc: 2.7955
Epoch: 29/40, Average Loss: 7.2186, Train Acc: 2.6867 Test Acc: 2.7967
Epoch: 30/40, Average Loss: 7.0693, Train Acc: 2.6588 Test Acc: 2.7703
Epoch: 31/40, Average Loss: 7.6603, Train Acc: 2.7677 Test Acc: 2.8032
Epoch: 32/40, Average Loss: 6.9512, Train Acc: 2.6365 Test Acc: 2.6992
Epoch: 33/40, Average Loss: 7.2669, Train Acc: 2.6957 Test Acc: 2.7759
Epoch: 34/40, Average Loss: 7.3919, Train Acc: 2.7188 Test Acc: 2.7904
Epoch: 35/40, Average Loss: 6.9102, Train Acc: 2.6287 Test Acc: 2.6741
Epoch: 36/40, Average Loss: 6.2072, Train Acc: 2.4914 Test Acc: 2.5721
Epoch: 37/40, Average Loss: 6.1396, Train Acc: 2.4778 Test Acc: 2.5180
Epoch: 38/40, Average Loss: 6.9521, Train Acc: 2.6367 Test Acc: 2.7081
Epoch: 39/40, Average Loss: 6.7011, Train Acc: 2.5886 Test Acc: 2.6635
Epoch: 40/40, Average Loss: 6.2795, Train Acc: 2.5059 Test Acc: 2.5653
Epoch: Final 100%, Leaf Dist: [1297.0, 884.0, 872.0, 731.0, 681.0, 672.0, 561.0,
554.0, 552.0, 535.0, 534.0, 476.0, 473.0, 291.0, 265.0, 228.0, 214.0, 208.0, 
207.0, 175.0, 152.0, 48.0, 35.0, 28.0, 23.0, 4.0, 0.0, 0.0, 0.0, 0.0, 0.0, 0.0]
Before Retraining Each Leaf (Top1): Train RMSE: 2.5059, Test RMSE: 2.5653
Training Stage 2: Regression Layer
=========== 0 =========== 0
Leaf 0: 4176 samples
Stage2 | Leaf: 0/32, Average Loss: 6.1179, Train Acc: 2.4734 Test Acc: 2.5306
=========== 1 =========== 1
Leaf 1: 4224 samples
Stage2 | Leaf: 1/32, Average Loss: 5.9564, Train Acc: 2.4406 Test Acc: 2.4994
=========== 2 =========== 2
Leaf 2: 2927 samples
Stage2 | Leaf: 2/32, Average Loss: 5.8292, Train Acc: 2.4144 Test Acc: 2.4725
=========== 3 =========== 3
Leaf 3: 3430 samples
Stage2 | Leaf: 3/32, Average Loss: 5.7437, Train Acc: 2.3966 Test Acc: 2.4561
=========== 4 =========== 4
Leaf 4: 765 samples
Stage2 | Leaf: 4/32, Average Loss: 5.7344, Train Acc: 2.3947 Test Acc: 2.4534
=========== 5 =========== 5
Leaf 5: 133 samples
Stage2 | Leaf: 5/32, Average Loss: 5.7344, Train Acc: 2.3947 Test Acc: 2.4534
=========== 6 =========== 6
Leaf 6: 3651 samples
Stage2 | Leaf: 6/32, Average Loss: 5.6870, Train Acc: 2.3847 Test Acc: 2.4441
=========== 7 =========== 7
Leaf 7: 21 samples
Stage2 | Leaf: 7/32, Average Loss: 5.6870, Train Acc: 2.3847 Test Acc: 2.4441
=========== 8 =========== 8
Leaf 8: 3162 samples
Stage2 | Leaf: 8/32, Average Loss: 5.4213, Train Acc: 2.3284 Test Acc: 2.3903
=========== 9 =========== 9
Leaf 9: 4414 samples
Stage2 | Leaf: 9/32, Average Loss: 5.1506, Train Acc: 2.2695 Test Acc: 2.3291
=========== 10 =========== 10
Leaf 10: 2504 samples
Stage2 | Leaf: 10/32, Average Loss: 5.0601, Train Acc: 2.2495 Test Acc: 2.3150
=========== 11 =========== 11
Leaf 11: 3821 samples
Stage2 | Leaf: 11/32, Average Loss: 4.8857, Train Acc: 2.2104 Test Acc: 2.2826
=========== 12 =========== 12
Leaf 12: 2716 samples
Stage2 | Leaf: 12/32, Average Loss: 4.7134, Train Acc: 2.1710 Test Acc: 2.2449
=========== 13 =========== 13
Leaf 13: 2422 samples
Stage2 | Leaf: 13/32, Average Loss: 4.4653, Train Acc: 2.1131 Test Acc: 2.1835
=========== 14 =========== 14
Leaf 14: 45 samples
/home/subratpp/miniconda3/envs/dprl/lib/python3.8/site-packages/sklearn/linear_model/_coordinate_descent.py:614: ConvergenceWarning: Objective did not converge. You might want to increase the number of iterations. Duality gap: 0.14907987952716972, tolerance: 0.10447259410451405
  model = cd_fast.enet_coordinate_descent_gram(
/home/subratpp/miniconda3/envs/dprl/lib/python3.8/site-packages/sklearn/linear_model/_coordinate_descent.py:614: ConvergenceWarning: Objective did not converge. You might want to increase the number of iterations. Duality gap: 0.32914080972097803, tolerance: 0.10447259410451405
  model = cd_fast.enet_coordinate_descent_gram(
/home/subratpp/miniconda3/envs/dprl/lib/python3.8/site-packages/sklearn/linear_model/_coordinate_descent.py:614: ConvergenceWarning: Objective did not converge. You might want to increase the number of iterations. Duality gap: 0.15775674101043702, tolerance: 0.10481315532931985
  model = cd_fast.enet_coordinate_descent_gram(
/home/subratpp/miniconda3/envs/dprl/lib/python3.8/site-packages/sklearn/linear_model/_coordinate_descent.py:614: ConvergenceWarning: Objective did not converge. You might want to increase the number of iterations. Duality gap: 0.21405013831987008, tolerance: 0.10481315532931985
  model = cd_fast.enet_coordinate_descent_gram(
/home/subratpp/miniconda3/envs/dprl/lib/python3.8/site-packages/sklearn/linear_model/_coordinate_descent.py:614: ConvergenceWarning: Objective did not converge. You might want to increase the number of iterations. Duality gap: 0.20622113136223597, tolerance: 0.10609430149306313
  model = cd_fast.enet_coordinate_descent_gram(
/home/subratpp/miniconda3/envs/dprl/lib/python3.8/site-packages/sklearn/linear_model/_coordinate_descent.py:614: ConvergenceWarning: Objective did not converge. You might want to increase the number of iterations. Duality gap: 0.1796503272858403, tolerance: 0.10609430149306313
  model = cd_fast.enet_coordinate_descent_gram(
/home/subratpp/miniconda3/envs/dprl/lib/python3.8/site-packages/sklearn/linear_model/_coordinate_descent.py:614: ConvergenceWarning: Objective did not converge. You might want to increase the number of iterations. Duality gap: 0.2880239340529207, tolerance: 0.10609430149306313
  model = cd_fast.enet_coordinate_descent_gram(
/home/subratpp/miniconda3/envs/dprl/lib/python3.8/site-packages/sklearn/linear_model/_coordinate_descent.py:614: ConvergenceWarning: Objective did not converge. You might want to increase the number of iterations. Duality gap: 0.17115497778780409, tolerance: 0.10653213890333191
  model = cd_fast.enet_coordinate_descent_gram(
/home/subratpp/miniconda3/envs/dprl/lib/python3.8/site-packages/sklearn/linear_model/_coordinate_descent.py:614: ConvergenceWarning: Objective did not converge. You might want to increase the number of iterations. Duality gap: 0.20600258121039117, tolerance: 0.10653213890333191
  model = cd_fast.enet_coordinate_descent_gram(
/home/subratpp/miniconda3/envs/dprl/lib/python3.8/site-packages/sklearn/linear_model/_coordinate_descent.py:614: ConvergenceWarning: Objective did not converge. You might want to increase the number of iterations. Duality gap: 0.18546448500018275, tolerance: 0.10669925961194504
  model = cd_fast.enet_coordinate_descent_gram(
/home/subratpp/miniconda3/envs/dprl/lib/python3.8/site-packages/sklearn/linear_model/_coordinate_descent.py:614: ConvergenceWarning: Objective did not converge. You might want to increase the number of iterations. Duality gap: 0.16256470313527283, tolerance: 0.10669925961194504
  model = cd_fast.enet_coordinate_descent_gram(
/home/subratpp/miniconda3/envs/dprl/lib/python3.8/site-packages/sklearn/linear_model/_coordinate_descent.py:628: ConvergenceWarning: Objective did not converge. You might want to increase the number of iterations, check the scale of the features or consider increasing regularisation. Duality gap: 2.271e+00, tolerance: 1.322e-01
  model = cd_fast.enet_coordinate_descent(
/home/subratpp/miniconda3/envs/dprl/lib/python3.8/site-packages/sklearn/linear_model/_coordinate_descent.py:614: ConvergenceWarning: Objective did not converge. You might want to increase the number of iterations. Duality gap: 0.006810571086354217, tolerance: 0.003469284752307353
  model = cd_fast.enet_coordinate_descent_gram(
/home/subratpp/miniconda3/envs/dprl/lib/python3.8/site-packages/sklearn/linear_model/_coordinate_descent.py:614: ConvergenceWarning: Objective did not converge. You might want to increase the number of iterations. Duality gap: 0.006792004546659347, tolerance: 0.003290047863339888
  model = cd_fast.enet_coordinate_descent_gram(
/home/subratpp/miniconda3/envs/dprl/lib/python3.8/site-packages/sklearn/linear_model/_coordinate_descent.py:614: ConvergenceWarning: Objective did not converge. You might want to increase the number of iterations. Duality gap: 0.009093063471820706, tolerance: 0.003226071147126598
  model = cd_fast.enet_coordinate_descent_gram(
/home/subratpp/miniconda3/envs/dprl/lib/python3.8/site-packages/sklearn/linear_model/_coordinate_descent.py:628: ConvergenceWarning: Objective did not converge. You might want to increase the number of iterations, check the scale of the features or consider increasing regularisation. Duality gap: 2.623e-02, tolerance: 4.146e-03
  model = cd_fast.enet_coordinate_descent(
/home/subratpp/miniconda3/envs/dprl/lib/python3.8/site-packages/sklearn/linear_model/_coordinate_descent.py:628: ConvergenceWarning: Objective did not converge. You might want to increase the number of iterations, check the scale of the features or consider increasing regularisation. Duality gap: 1.261e-03, tolerance: 1.238e-03
  model = cd_fast.enet_coordinate_descent(
/home/subratpp/miniconda3/envs/dprl/lib/python3.8/site-packages/sklearn/linear_model/_coordinate_descent.py:628: ConvergenceWarning: Objective did not converge. You might want to increase the number of iterations, check the scale of the features or consider increasing regularisation. Duality gap: 8.781e-03, tolerance: 1.566e-03
  model = cd_fast.enet_coordinate_descent(
/home/subratpp/miniconda3/envs/dprl/lib/python3.8/site-packages/sklearn/linear_model/_coordinate_descent.py:628: ConvergenceWarning: Objective did not converge. You might want to increase the number of iterations, check the scale of the features or consider increasing regularisation. Duality gap: 2.034e+00, tolerance: 8.436e-02
  model = cd_fast.enet_coordinate_descent(
/home/subratpp/miniconda3/envs/dprl/lib/python3.8/site-packages/sklearn/linear_model/_coordinate_descent.py:614: ConvergenceWarning: Objective did not converge. You might want to increase the number of iterations. Duality gap: 0.03900129018835319, tolerance: 0.011206319696891922
  model = cd_fast.enet_coordinate_descent_gram(
/home/subratpp/miniconda3/envs/dprl/lib/python3.8/site-packages/sklearn/linear_model/_coordinate_descent.py:614: ConvergenceWarning: Objective did not converge. You might want to increase the number of iterations. Duality gap: 0.03548225120011317, tolerance: 0.011172707702855831
  model = cd_fast.enet_coordinate_descent_gram(
/home/subratpp/miniconda3/envs/dprl/lib/python3.8/site-packages/sklearn/linear_model/_coordinate_descent.py:628: ConvergenceWarning: Objective did not converge. You might want to increase the number of iterations, check the scale of the features or consider increasing regularisation. Duality gap: 2.994e-04, tolerance: 2.756e-04
  model = cd_fast.enet_coordinate_descent(
/home/subratpp/miniconda3/envs/dprl/lib/python3.8/site-packages/sklearn/linear_model/_coordinate_descent.py:628: ConvergenceWarning: Objective did not converge. You might want to increase the number of iterations, check the scale of the features or consider increasing regularisation. Duality gap: 3.323e-04, tolerance: 2.800e-04
  model = cd_fast.enet_coordinate_descent(
Stage2 | Leaf: 14/32, Average Loss: 4.4653, Train Acc: 2.1131 Test Acc: 2.1835
=========== 15 =========== 15
Leaf 15: 329 samples
Stage2 | Leaf: 15/32, Average Loss: 4.4158, Train Acc: 2.1014 Test Acc: 2.1697
=========== 16 =========== 16
Leaf 16: 2916 samples
/home/subratpp/miniconda3/envs/dprl/lib/python3.8/site-packages/sklearn/linear_model/_coordinate_descent.py:628: ConvergenceWarning: Objective did not converge. You might want to increase the number of iterations, check the scale of the features or consider increasing regularisation. Duality gap: 3.314e-04, tolerance: 2.756e-04
  model = cd_fast.enet_coordinate_descent(
/home/subratpp/miniconda3/envs/dprl/lib/python3.8/site-packages/sklearn/linear_model/_coordinate_descent.py:628: ConvergenceWarning: Objective did not converge. You might want to increase the number of iterations, check the scale of the features or consider increasing regularisation. Duality gap: 2.492e-02, tolerance: 2.329e-02
  model = cd_fast.enet_coordinate_descent(
/home/subratpp/miniconda3/envs/dprl/lib/python3.8/site-packages/sklearn/linear_model/_coordinate_descent.py:628: ConvergenceWarning: Objective did not converge. You might want to increase the number of iterations, check the scale of the features or consider increasing regularisation. Duality gap: 7.742e-02, tolerance: 2.257e-02
  model = cd_fast.enet_coordinate_descent(
/home/subratpp/miniconda3/envs/dprl/lib/python3.8/site-packages/sklearn/linear_model/_coordinate_descent.py:628: ConvergenceWarning: Objective did not converge. You might want to increase the number of iterations, check the scale of the features or consider increasing regularisation. Duality gap: 5.224e-02, tolerance: 2.287e-02
  model = cd_fast.enet_coordinate_descent(
/home/subratpp/miniconda3/envs/dprl/lib/python3.8/site-packages/sklearn/linear_model/_coordinate_descent.py:628: ConvergenceWarning: Objective did not converge. You might want to increase the number of iterations, check the scale of the features or consider increasing regularisation. Duality gap: 4.567e-02, tolerance: 2.329e-02
  model = cd_fast.enet_coordinate_descent(
/home/subratpp/miniconda3/envs/dprl/lib/python3.8/site-packages/sklearn/linear_model/_coordinate_descent.py:628: ConvergenceWarning: Objective did not converge. You might want to increase the number of iterations, check the scale of the features or consider increasing regularisation. Duality gap: 2.391e-02, tolerance: 2.257e-02
  model = cd_fast.enet_coordinate_descent(
/home/subratpp/miniconda3/envs/dprl/lib/python3.8/site-packages/sklearn/linear_model/_coordinate_descent.py:628: ConvergenceWarning: Objective did not converge. You might want to increase the number of iterations, check the scale of the features or consider increasing regularisation. Duality gap: 1.607e-01, tolerance: 2.865e-02
  model = cd_fast.enet_coordinate_descent(
/home/subratpp/miniconda3/envs/dprl/lib/python3.8/site-packages/sklearn/linear_model/_coordinate_descent.py:614: ConvergenceWarning: Objective did not converge. You might want to increase the number of iterations. Duality gap: 0.8748237431567247, tolerance: 0.38618226632684566
  model = cd_fast.enet_coordinate_descent_gram(
/home/subratpp/miniconda3/envs/dprl/lib/python3.8/site-packages/sklearn/linear_model/_coordinate_descent.py:614: ConvergenceWarning: Objective did not converge. You might want to increase the number of iterations. Duality gap: 0.7154403746967732, tolerance: 0.38618226632684566
  model = cd_fast.enet_coordinate_descent_gram(
/home/subratpp/miniconda3/envs/dprl/lib/python3.8/site-packages/sklearn/linear_model/_coordinate_descent.py:614: ConvergenceWarning: Objective did not converge. You might want to increase the number of iterations. Duality gap: 0.628766839832978, tolerance: 0.38618226632684566
  model = cd_fast.enet_coordinate_descent_gram(
/home/subratpp/miniconda3/envs/dprl/lib/python3.8/site-packages/sklearn/linear_model/_coordinate_descent.py:614: ConvergenceWarning: Objective did not converge. You might want to increase the number of iterations. Duality gap: 0.7344706677879316, tolerance: 0.38378149137929957
  model = cd_fast.enet_coordinate_descent_gram(
/home/subratpp/miniconda3/envs/dprl/lib/python3.8/site-packages/sklearn/linear_model/_coordinate_descent.py:614: ConvergenceWarning: Objective did not converge. You might want to increase the number of iterations. Duality gap: 0.4589358323954986, tolerance: 0.38378149137929957
  model = cd_fast.enet_coordinate_descent_gram(
/home/subratpp/miniconda3/envs/dprl/lib/python3.8/site-packages/sklearn/linear_model/_coordinate_descent.py:614: ConvergenceWarning: Objective did not converge. You might want to increase the number of iterations. Duality gap: 0.3917420754705123, tolerance: 0.38378149137929957
  model = cd_fast.enet_coordinate_descent_gram(
/home/subratpp/miniconda3/envs/dprl/lib/python3.8/site-packages/sklearn/linear_model/_coordinate_descent.py:614: ConvergenceWarning: Objective did not converge. You might want to increase the number of iterations. Duality gap: 0.45634529275775515, tolerance: 0.38378149137929957
  model = cd_fast.enet_coordinate_descent_gram(
/home/subratpp/miniconda3/envs/dprl/lib/python3.8/site-packages/sklearn/linear_model/_coordinate_descent.py:614: ConvergenceWarning: Objective did not converge. You might want to increase the number of iterations. Duality gap: 1.0147875237032444, tolerance: 0.38448392590150327
  model = cd_fast.enet_coordinate_descent_gram(
/home/subratpp/miniconda3/envs/dprl/lib/python3.8/site-packages/sklearn/linear_model/_coordinate_descent.py:614: ConvergenceWarning: Objective did not converge. You might want to increase the number of iterations. Duality gap: 0.4008663120363778, tolerance: 0.38448392590150327
  model = cd_fast.enet_coordinate_descent_gram(
/home/subratpp/miniconda3/envs/dprl/lib/python3.8/site-packages/sklearn/linear_model/_coordinate_descent.py:614: ConvergenceWarning: Objective did not converge. You might want to increase the number of iterations. Duality gap: 0.38559352019176085, tolerance: 0.38448392590150327
  model = cd_fast.enet_coordinate_descent_gram(
/home/subratpp/miniconda3/envs/dprl/lib/python3.8/site-packages/sklearn/linear_model/_coordinate_descent.py:614: ConvergenceWarning: Objective did not converge. You might want to increase the number of iterations. Duality gap: 1.3033821294844188, tolerance: 0.37544393582657415
  model = cd_fast.enet_coordinate_descent_gram(
/home/subratpp/miniconda3/envs/dprl/lib/python3.8/site-packages/sklearn/linear_model/_coordinate_descent.py:614: ConvergenceWarning: Objective did not converge. You might want to increase the number of iterations. Duality gap: 0.48549962159787086, tolerance: 0.37544393582657415
  model = cd_fast.enet_coordinate_descent_gram(
/home/subratpp/miniconda3/envs/dprl/lib/python3.8/site-packages/sklearn/linear_model/_coordinate_descent.py:614: ConvergenceWarning: Objective did not converge. You might want to increase the number of iterations. Duality gap: 0.4697648510767749, tolerance: 0.37544393582657415
  model = cd_fast.enet_coordinate_descent_gram(
/home/subratpp/miniconda3/envs/dprl/lib/python3.8/site-packages/sklearn/linear_model/_coordinate_descent.py:614: ConvergenceWarning: Objective did not converge. You might want to increase the number of iterations. Duality gap: 0.9697398742320296, tolerance: 0.3679212581020331
  model = cd_fast.enet_coordinate_descent_gram(
/home/subratpp/miniconda3/envs/dprl/lib/python3.8/site-packages/sklearn/linear_model/_coordinate_descent.py:614: ConvergenceWarning: Objective did not converge. You might want to increase the number of iterations. Duality gap: 0.7677541648263464, tolerance: 0.3679212581020331
  model = cd_fast.enet_coordinate_descent_gram(
/home/subratpp/miniconda3/envs/dprl/lib/python3.8/site-packages/sklearn/linear_model/_coordinate_descent.py:614: ConvergenceWarning: Objective did not converge. You might want to increase the number of iterations. Duality gap: 0.6304351227197733, tolerance: 0.3679212581020331
  model = cd_fast.enet_coordinate_descent_gram(
/home/subratpp/miniconda3/envs/dprl/lib/python3.8/site-packages/sklearn/linear_model/_coordinate_descent.py:614: ConvergenceWarning: Objective did not converge. You might want to increase the number of iterations. Duality gap: 0.58640871215092, tolerance: 0.38618226632684566
  model = cd_fast.enet_coordinate_descent_gram(
Stage2 | Leaf: 16/32, Average Loss: 3.7802, Train Acc: 1.9443 Test Acc: 2.0498
=========== 17 =========== 17
Leaf 17: 2165 samples
Stage2 | Leaf: 17/32, Average Loss: 3.3889, Train Acc: 1.8409 Test Acc: 1.9539
=========== 18 =========== 18
Leaf 18: 2817 samples
Stage2 | Leaf: 18/32, Average Loss: 3.2940, Train Acc: 1.8149 Test Acc: 1.9299
=========== 19 =========== 19
Leaf 19: 2129 samples
Stage2 | Leaf: 19/32, Average Loss: 2.6214, Train Acc: 1.6191 Test Acc: 1.7594
=========== 20 =========== 20
Leaf 20: 171 samples
Stage2 | Leaf: 20/32, Average Loss: 2.5400, Train Acc: 1.5938 Test Acc: 1.7397
=========== 21 =========== 21
Leaf 21: 369 samples
Stage2 | Leaf: 21/32, Average Loss: 2.4804, Train Acc: 1.5749 Test Acc: 1.7364
=========== 22 =========== 22
Leaf 22: 5587 samples
Stage2 | Leaf: 22/32, Average Loss: 2.0612, Train Acc: 1.4357 Test Acc: 1.5994
=========== 23 =========== 23
Leaf 23: 4040 samples
Stage2 | Leaf: 23/32, Average Loss: 1.5732, Train Acc: 1.2543 Test Acc: 1.4548
=========== 24 =========== 24
Leaf 24: 6 samples
Stage2 | Leaf: 24/32, Average Loss: 1.5732, Train Acc: 1.2543 Test Acc: 1.4548
=========== 25 =========== 25
Leaf 25: 0 samples
=========== 26 =========== 26
Leaf 26: 760 samples
Stage2 | Leaf: 26/32, Average Loss: 1.4068, Train Acc: 1.1861 Test Acc: 1.3959
=========== 27 =========== 27
Leaf 27: 6 samples
Stage2 | Leaf: 27/32, Average Loss: 1.4067, Train Acc: 1.1861 Test Acc: 1.3959
=========== 28 =========== 28
Leaf 28: 57 samples
Stage2 | Leaf: 28/32, Average Loss: 1.3951, Train Acc: 1.1811 Test Acc: 1.3903
=========== 29 =========== 29
Leaf 29: 2818 samples
Stage2 | Leaf: 29/32, Average Loss: 1.2083, Train Acc: 1.0992 Test Acc: 1.3177
=========== 30 =========== 30
Leaf 30: 3668 samples
Stage2 | Leaf: 30/32, Average Loss: 1.0536, Train Acc: 1.0264 Test Acc: 1.2439
=========== 31 =========== 31
Leaf 31: 2231 samples
Stage2 | Leaf: 31/32, Average Loss: 0.9953, Train Acc: 0.9977 Test Acc: 1.2177
After retraining each leaf (Top1): Train RMSE: 0.9977, Test RMSE: 1.2177
Epoch: 1/30, Average Loss: 0.9437, Train Acc: 0.9714 Test Acc: 1.1990
Epoch: 2/30, Average Loss: 0.8488, Train Acc: 0.9213 Test Acc: 1.1650
Epoch: 3/30, Average Loss: 0.8082, Train Acc: 0.8990 Test Acc: 1.1481
Epoch: 4/30, Average Loss: 0.7824, Train Acc: 0.8846 Test Acc: 1.1302
Epoch: 5/30, Average Loss: 0.7596, Train Acc: 0.8716 Test Acc: 1.1278
Epoch: 6/30, Average Loss: 0.7463, Train Acc: 0.8639 Test Acc: 1.1291
Epoch: 7/30, Average Loss: 0.7136, Train Acc: 0.8448 Test Acc: 1.1069
Epoch: 8/30, Average Loss: 0.7205, Train Acc: 0.8488 Test Acc: 1.1208
Epoch: 9/30, Average Loss: 0.6954, Train Acc: 0.8339 Test Acc: 1.0923
Epoch: 10/30, Average Loss: 0.6984, Train Acc: 0.8357 Test Acc: 1.1035
Epoch: 11/30, Average Loss: 0.6802, Train Acc: 0.8248 Test Acc: 1.0825
Epoch: 12/30, Average Loss: 0.6915, Train Acc: 0.8315 Test Acc: 1.0864
Epoch: 13/30, Average Loss: 0.6817, Train Acc: 0.8257 Test Acc: 1.0778
Epoch: 14/30, Average Loss: 0.6643, Train Acc: 0.8151 Test Acc: 1.0661
Epoch: 15/30, Average Loss: 0.6666, Train Acc: 0.8165 Test Acc: 1.0839
Epoch: 16/30, Average Loss: 0.6728, Train Acc: 0.8202 Test Acc: 1.0892
Epoch: 17/30, Average Loss: 0.6814, Train Acc: 0.8255 Test Acc: 1.0785
Epoch: 18/30, Average Loss: 0.6737, Train Acc: 0.8208 Test Acc: 1.0221
Epoch: 19/30, Average Loss: 0.6842, Train Acc: 0.8272 Test Acc: 1.1044
Epoch: 20/30, Average Loss: 0.6499, Train Acc: 0.8062 Test Acc: 1.1266
Epoch: 21/30, Average Loss: 0.6688, Train Acc: 0.8178 Test Acc: 1.0101
Epoch: 22/30, Average Loss: 0.6675, Train Acc: 0.8170 Test Acc: 1.0817
Epoch: 23/30, Average Loss: 0.6657, Train Acc: 0.8159 Test Acc: 1.0698
Epoch: 24/30, Average Loss: 0.6893, Train Acc: 0.8303 Test Acc: 1.1437
Epoch: 25/30, Average Loss: 0.6550, Train Acc: 0.8093 Test Acc: 1.1123
Epoch: 26/30, Average Loss: 0.6506, Train Acc: 0.8066 Test Acc: 1.0550
Epoch: 27/30, Average Loss: 0.6823, Train Acc: 0.8260 Test Acc: 1.1415
Epoch: 28/30, Average Loss: 0.6612, Train Acc: 0.8131 Test Acc: 1.1177
Epoch: 29/30, Average Loss: 0.6419, Train Acc: 0.8012 Test Acc: 1.0653
Epoch: 30/30, Average Loss: 0.6411, Train Acc: 0.8007 Test Acc: 1.0674
==================== Final Evaluation ====================
Train RMSE: 0.8007, Test RMSE: 1.0674
Elapsed time: 331.63 seconds
Saved summary to 
'logs/regression/dtregnet_topk_topk_leaf_dist_ct_2025_08_19-21_19_10_summary.txt
'.
Saved full data to 
'logs/regression/dtregnet_topk_topk_leaf_dist_ct_2025_08_19-21_19_10_full.txt'.
X_train size: (34240, 384), y_train size: (34240,)
X_val size: (8560, 384), y_val size: (8560,)
X_test size: (10700, 384), y_test size: (10700,)
X_train min: -9.845989021126508
X_train max: 185.03783396917208
train size:
torch.Size([34240, 384])
test size:
torch.Size([10700, 384])
val size:
torch.Size([8560, 384])
[-2.1  -1.14 -0.76 -0.49 -0.13  0.25  0.75  1.4 ]
Max y_train_clf: 7
Min y_train_clf: 0
train size:
torch.Size([34240, 384])
test size:
torch.Size([10700, 384])
val size:
torch.Size([8560, 384])
Class Label Distribution:
Class 0: 4254 samples
Class 1: 4454 samples
Class 2: 4184 samples
Class 3: 4315 samples
Class 4: 4161 samples
Class 5: 4326 samples
Class 6: 4299 samples
Class 7: 4247 samples
======================================================================
Iteration 0/1  Seed 2  (dataset: CT Slice, 0/1):  Num Sample: 34240 
======================================================================
DTSemNet(
  (linear1): Sequential(
    (0): Linear(in_features=384, out_features=31, bias=True)
  )
  (bn): BatchNorm1d(31, eps=1e-05, momentum=0.1, affine=True, 
track_running_stats=True)
  (reluP): ReLU()
  (reluM): ReLU()
  (linear2): Linear(in_features=62, out_features=32, bias=False)
  (softmax): Softmax(dim=-1)
  (mpool): MaxPoolLayer()
  (experts): ModuleList(
    (0): Expert(
      (layer): Linear(in_features=384, out_features=1, bias=True)
    )
    (1): Expert(
      (layer): Linear(in_features=384, out_features=1, bias=True)
    )
    (2): Expert(
      (layer): Linear(in_features=384, out_features=1, bias=True)
    )
    (3): Expert(
      (layer): Linear(in_features=384, out_features=1, bias=True)
    )
    (4): Expert(
      (layer): Linear(in_features=384, out_features=1, bias=True)
    )
    (5): Expert(
      (layer): Linear(in_features=384, out_features=1, bias=True)
    )
    (6): Expert(
      (layer): Linear(in_features=384, out_features=1, bias=True)
    )
    (7): Expert(
      (layer): Linear(in_features=384, out_features=1, bias=True)
    )
    (8): Expert(
      (layer): Linear(in_features=384, out_features=1, bias=True)
    )
    (9): Expert(
      (layer): Linear(in_features=384, out_features=1, bias=True)
    )
    (10): Expert(
      (layer): Linear(in_features=384, out_features=1, bias=True)
    )
    (11): Expert(
      (layer): Linear(in_features=384, out_features=1, bias=True)
    )
    (12): Expert(
      (layer): Linear(in_features=384, out_features=1, bias=True)
    )
    (13): Expert(
      (layer): Linear(in_features=384, out_features=1, bias=True)
    )
    (14): Expert(
      (layer): Linear(in_features=384, out_features=1, bias=True)
    )
    (15): Expert(
      (layer): Linear(in_features=384, out_features=1, bias=True)
    )
    (16): Expert(
      (layer): Linear(in_features=384, out_features=1, bias=True)
    )
    (17): Expert(
      (layer): Linear(in_features=384, out_features=1, bias=True)
    )
    (18): Expert(
      (layer): Linear(in_features=384, out_features=1, bias=True)
    )
    (19): Expert(
      (layer): Linear(in_features=384, out_features=1, bias=True)
    )
    (20): Expert(
      (layer): Linear(in_features=384, out_features=1, bias=True)
    )
    (21): Expert(
      (layer): Linear(in_features=384, out_features=1, bias=True)
    )
    (22): Expert(
      (layer): Linear(in_features=384, out_features=1, bias=True)
    )
    (23): Expert(
      (layer): Linear(in_features=384, out_features=1, bias=True)
    )
    (24): Expert(
      (layer): Linear(in_features=384, out_features=1, bias=True)
    )
    (25): Expert(
      (layer): Linear(in_features=384, out_features=1, bias=True)
    )
    (26): Expert(
      (layer): Linear(in_features=384, out_features=1, bias=True)
    )
    (27): Expert(
      (layer): Linear(in_features=384, out_features=1, bias=True)
    )
    (28): Expert(
      (layer): Linear(in_features=384, out_features=1, bias=True)
    )
    (29): Expert(
      (layer): Linear(in_features=384, out_features=1, bias=True)
    )
    (30): Expert(
      (layer): Linear(in_features=384, out_features=1, bias=True)
    )
    (31): Expert(
      (layer): Linear(in_features=384, out_features=1, bias=True)
    )
  )
)
Epoch: 0, Leaf Dist: [666.0, 616.0, 546.0, 510.0, 500.0, 452.0, 450.0, 438.0, 
432.0, 420.0, 395.0, 376.0, 323.0, 323.0, 323.0, 307.0, 296.0, 286.0, 285.0, 
280.0, 271.0, 265.0, 252.0, 232.0, 223.0, 199.0, 195.0, 195.0, 192.0, 168.0, 
156.0, 128.0]
Epoch: 1/40, Average Loss: 46.6984, Train Acc: 6.8336 Test Acc: 6.8033
Epoch: 1, Leaf Dist: [2353.0, 1110.0, 737.0, 732.0, 672.0, 559.0, 482.0, 480.0, 
435.0, 422.0, 413.0, 383.0, 358.0, 256.0, 202.0, 162.0, 153.0, 135.0, 134.0, 
111.0, 83.0, 65.0, 61.0, 47.0, 29.0, 29.0, 28.0, 26.0, 18.0, 14.0, 7.0, 4.0]
Epoch: 2/40, Average Loss: 28.5486, Train Acc: 5.3431 Test Acc: 5.3512
Epoch: 2, Leaf Dist: [2250.0, 1110.0, 1000.0, 792.0, 729.0, 642.0, 624.0, 498.0,
426.0, 419.0, 338.0, 321.0, 258.0, 171.0, 153.0, 141.0, 137.0, 128.0, 105.0, 
96.0, 65.0, 58.0, 47.0, 41.0, 37.0, 33.0, 23.0, 22.0, 14.0, 10.0, 7.0, 5.0]
Epoch: 3/40, Average Loss: 24.6119, Train Acc: 4.9610 Test Acc: 5.0469
Epoch: 4/40, Average Loss: 19.5256, Train Acc: 4.4188 Test Acc: 4.4198
Epoch: 5/40, Average Loss: 18.5983, Train Acc: 4.3126 Test Acc: 4.2844
Epoch: 5, Leaf Dist: [1590.0, 1238.0, 1214.0, 822.0, 765.0, 755.0, 616.0, 589.0,
578.0, 517.0, 468.0, 202.0, 177.0, 166.0, 148.0, 129.0, 115.0, 103.0, 77.0, 
75.0, 73.0, 61.0, 52.0, 46.0, 30.0, 26.0, 22.0, 16.0, 15.0, 12.0, 2.0, 1.0]
Epoch: 6/40, Average Loss: 16.9541, Train Acc: 4.1175 Test Acc: 4.1053
Epoch: 7/40, Average Loss: 16.1869, Train Acc: 4.0233 Test Acc: 4.0580
Epoch: 8/40, Average Loss: 12.9658, Train Acc: 3.6008 Test Acc: 3.6948
Epoch: 9/40, Average Loss: 11.4189, Train Acc: 3.3792 Test Acc: 3.3902
Epoch: 10/40, Average Loss: 13.1712, Train Acc: 3.6292 Test Acc: 3.5566
Epoch: 10, Leaf Dist: [1295.0, 1237.0, 1023.0, 888.0, 791.0, 681.0, 651.0, 
611.0, 584.0, 577.0, 575.0, 440.0, 355.0, 185.0, 171.0, 149.0, 101.0, 83.0, 
75.0, 62.0, 53.0, 52.0, 19.0, 8.0, 8.0, 7.0, 7.0, 5.0, 4.0, 2.0, 1.0, 0.0]
Epoch: 11/40, Average Loss: 12.7501, Train Acc: 3.5707 Test Acc: 3.5473
Epoch: 12/40, Average Loss: 12.0847, Train Acc: 3.4763 Test Acc: 3.4942
Epoch: 13/40, Average Loss: 13.1980, Train Acc: 3.6329 Test Acc: 3.6289
Epoch: 14/40, Average Loss: 13.5200, Train Acc: 3.6770 Test Acc: 3.6756
Epoch: 15/40, Average Loss: 13.6341, Train Acc: 3.6924 Test Acc: 3.6144
Epoch: 16/40, Average Loss: 13.2813, Train Acc: 3.6444 Test Acc: 3.5729
Epoch: 17/40, Average Loss: 12.4809, Train Acc: 3.5328 Test Acc: 3.5038
Epoch: 18/40, Average Loss: 16.0151, Train Acc: 4.0019 Test Acc: 3.9808
Epoch: 19/40, Average Loss: 14.4921, Train Acc: 3.8069 Test Acc: 3.8305
Epoch: 20/40, Average Loss: 14.2187, Train Acc: 3.7708 Test Acc: 3.7174
Epoch: 21/40, Average Loss: 15.4045, Train Acc: 3.9249 Test Acc: 3.9329
Epoch: 22/40, Average Loss: 12.2831, Train Acc: 3.5047 Test Acc: 3.4683
Epoch: 23/40, Average Loss: 12.8397, Train Acc: 3.5833 Test Acc: 3.5634
Epoch: 24/40, Average Loss: 13.3173, Train Acc: 3.6493 Test Acc: 3.5772
Epoch: 25/40, Average Loss: 13.1794, Train Acc: 3.6303 Test Acc: 3.6207
Epoch: 26/40, Average Loss: 11.4032, Train Acc: 3.3769 Test Acc: 3.3567
Epoch: 27/40, Average Loss: 10.3093, Train Acc: 3.2108 Test Acc: 3.1827
Epoch: 28/40, Average Loss: 11.3135, Train Acc: 3.3635 Test Acc: 3.3726
Epoch: 29/40, Average Loss: 12.4474, Train Acc: 3.5281 Test Acc: 3.5190
Epoch: 30/40, Average Loss: 11.3515, Train Acc: 3.3692 Test Acc: 3.4028
Epoch: 31/40, Average Loss: 10.6974, Train Acc: 3.2707 Test Acc: 3.3063
Epoch: 32/40, Average Loss: 10.3521, Train Acc: 3.2175 Test Acc: 3.2497
Epoch: 33/40, Average Loss: 9.8700, Train Acc: 3.1417 Test Acc: 3.1349
Epoch: 34/40, Average Loss: 11.0988, Train Acc: 3.3315 Test Acc: 3.3547
Epoch: 35/40, Average Loss: 9.9236, Train Acc: 3.1502 Test Acc: 3.1764
Epoch: 36/40, Average Loss: 9.7815, Train Acc: 3.1275 Test Acc: 3.1654
Epoch: 37/40, Average Loss: 9.2735, Train Acc: 3.0452 Test Acc: 3.0915
Epoch: 38/40, Average Loss: 10.1794, Train Acc: 3.1905 Test Acc: 3.2129
Epoch: 39/40, Average Loss: 9.2367, Train Acc: 3.0392 Test Acc: 3.0374
Epoch: 40/40, Average Loss: 9.2789, Train Acc: 3.0461 Test Acc: 3.0441
Epoch: Final 100%, Leaf Dist: [965.0, 846.0, 733.0, 682.0, 665.0, 661.0, 583.0, 
569.0, 567.0, 539.0, 467.0, 456.0, 439.0, 430.0, 369.0, 368.0, 346.0, 318.0, 
182.0, 164.0, 90.0, 79.0, 54.0, 37.0, 34.0, 29.0, 24.0, 4.0, 0.0, 0.0, 0.0, 0.0]
Before Retraining Each Leaf (Top1): Train RMSE: 3.0461, Test RMSE: 3.0441
Training Stage 2: Regression Layer
=========== 0 =========== 0
Leaf 0: 434 samples
/home/subratpp/miniconda3/envs/dprl/lib/python3.8/site-packages/sklearn/linear_model/_coordinate_descent.py:614: ConvergenceWarning: Objective did not converge. You might want to increase the number of iterations. Duality gap: 0.4369139015070935, tolerance: 0.38378149137929957
  model = cd_fast.enet_coordinate_descent_gram(
/home/subratpp/miniconda3/envs/dprl/lib/python3.8/site-packages/sklearn/linear_model/_coordinate_descent.py:614: ConvergenceWarning: Objective did not converge. You might want to increase the number of iterations. Duality gap: 0.6168727242737653, tolerance: 0.37544393582657415
  model = cd_fast.enet_coordinate_descent_gram(
/home/subratpp/miniconda3/envs/dprl/lib/python3.8/site-packages/sklearn/linear_model/_coordinate_descent.py:614: ConvergenceWarning: Objective did not converge. You might want to increase the number of iterations. Duality gap: 0.6656143155850884, tolerance: 0.3679212581020331
  model = cd_fast.enet_coordinate_descent_gram(
/home/subratpp/miniconda3/envs/dprl/lib/python3.8/site-packages/sklearn/linear_model/_coordinate_descent.py:628: ConvergenceWarning: Objective did not converge. You might want to increase the number of iterations, check the scale of the features or consider increasing regularisation. Duality gap: 4.167e+00, tolerance: 4.745e-01
  model = cd_fast.enet_coordinate_descent(
/home/subratpp/miniconda3/envs/dprl/lib/python3.8/site-packages/sklearn/linear_model/_coordinate_descent.py:628: ConvergenceWarning: Objective did not converge. You might want to increase the number of iterations, check the scale of the features or consider increasing regularisation. Duality gap: 3.598e-02, tolerance: 1.772e-02
  model = cd_fast.enet_coordinate_descent(
/home/subratpp/miniconda3/envs/dprl/lib/python3.8/site-packages/sklearn/linear_model/_coordinate_descent.py:628: ConvergenceWarning: Objective did not converge. You might want to increase the number of iterations, check the scale of the features or consider increasing regularisation. Duality gap: 5.388e-02, tolerance: 2.833e-02
  model = cd_fast.enet_coordinate_descent(
/home/subratpp/miniconda3/envs/dprl/lib/python3.8/site-packages/sklearn/linear_model/_coordinate_descent.py:628: ConvergenceWarning: Objective did not converge. You might want to increase the number of iterations, check the scale of the features or consider increasing regularisation. Duality gap: 7.377e-02, tolerance: 2.802e-02
  model = cd_fast.enet_coordinate_descent(
/home/subratpp/miniconda3/envs/dprl/lib/python3.8/site-packages/sklearn/linear_model/_coordinate_descent.py:628: ConvergenceWarning: Objective did not converge. You might want to increase the number of iterations, check the scale of the features or consider increasing regularisation. Duality gap: 7.186e-02, tolerance: 2.753e-02
  model = cd_fast.enet_coordinate_descent(
/home/subratpp/miniconda3/envs/dprl/lib/python3.8/site-packages/sklearn/linear_model/_coordinate_descent.py:628: ConvergenceWarning: Objective did not converge. You might want to increase the number of iterations, check the scale of the features or consider increasing regularisation. Duality gap: 4.212e-02, tolerance: 2.800e-02
  model = cd_fast.enet_coordinate_descent(
/home/subratpp/miniconda3/envs/dprl/lib/python3.8/site-packages/sklearn/linear_model/_coordinate_descent.py:628: ConvergenceWarning: Objective did not converge. You might want to increase the number of iterations, check the scale of the features or consider increasing regularisation. Duality gap: 2.887e-02, tolerance: 2.791e-02
  model = cd_fast.enet_coordinate_descent(
/home/subratpp/miniconda3/envs/dprl/lib/python3.8/site-packages/sklearn/linear_model/_coordinate_descent.py:628: ConvergenceWarning: Objective did not converge. You might want to increase the number of iterations, check the scale of the features or consider increasing regularisation. Duality gap: 3.143e-02, tolerance: 2.791e-02
  model = cd_fast.enet_coordinate_descent(
/home/subratpp/miniconda3/envs/dprl/lib/python3.8/site-packages/sklearn/linear_model/_coordinate_descent.py:614: ConvergenceWarning: Objective did not converge. You might want to increase the number of iterations. Duality gap: 0.24892622614781068, tolerance: 0.02351157571236315
  model = cd_fast.enet_coordinate_descent_gram(
/home/subratpp/miniconda3/envs/dprl/lib/python3.8/site-packages/sklearn/linear_model/_coordinate_descent.py:614: ConvergenceWarning: Objective did not converge. You might want to increase the number of iterations. Duality gap: 0.3509114962716371, tolerance: 0.023048372739798113
  model = cd_fast.enet_coordinate_descent_gram(
/home/subratpp/miniconda3/envs/dprl/lib/python3.8/site-packages/sklearn/linear_model/_coordinate_descent.py:614: ConvergenceWarning: Objective did not converge. You might want to increase the number of iterations. Duality gap: 0.035253835951259305, tolerance: 0.023541148912867717
  model = cd_fast.enet_coordinate_descent_gram(
/home/subratpp/miniconda3/envs/dprl/lib/python3.8/site-packages/sklearn/linear_model/_coordinate_descent.py:628: ConvergenceWarning: Objective did not converge. You might want to increase the number of iterations, check the scale of the features or consider increasing regularisation. Duality gap: 1.420e+00, tolerance: 2.936e-02
  model = cd_fast.enet_coordinate_descent(
/home/subratpp/miniconda3/envs/dprl/lib/python3.8/site-packages/sklearn/linear_model/_coordinate_descent.py:614: ConvergenceWarning: Objective did not converge. You might want to increase the number of iterations. Duality gap: 0.010034722917069416, tolerance: 0.005276034018202471
  model = cd_fast.enet_coordinate_descent_gram(
/home/subratpp/miniconda3/envs/dprl/lib/python3.8/site-packages/sklearn/linear_model/_coordinate_descent.py:628: ConvergenceWarning: Objective did not converge. You might want to increase the number of iterations, check the scale of the features or consider increasing regularisation. Duality gap: 5.332e-05, tolerance: 1.708e-05
  model = cd_fast.enet_coordinate_descent(
/home/subratpp/miniconda3/envs/dprl/lib/python3.8/site-packages/sklearn/linear_model/_coordinate_descent.py:628: ConvergenceWarning: Objective did not converge. You might want to increase the number of iterations, check the scale of the features or consider increasing regularisation. Duality gap: 1.893e-03, tolerance: 1.480e-03
  model = cd_fast.enet_coordinate_descent(
/home/subratpp/miniconda3/envs/dprl/lib/python3.8/site-packages/sklearn/linear_model/_coordinate_descent.py:628: ConvergenceWarning: Objective did not converge. You might want to increase the number of iterations, check the scale of the features or consider increasing regularisation. Duality gap: 1.612e-03, tolerance: 1.480e-03
  model = cd_fast.enet_coordinate_descent(
/home/subratpp/miniconda3/envs/dprl/lib/python3.8/site-packages/sklearn/linear_model/_coordinate_descent.py:628: ConvergenceWarning: Objective did not converge. You might want to increase the number of iterations, check the scale of the features or consider increasing regularisation. Duality gap: 7.740e-03, tolerance: 1.591e-03
  model = cd_fast.enet_coordinate_descent(
/home/subratpp/miniconda3/envs/dprl/lib/python3.8/site-packages/sklearn/linear_model/_coordinate_descent.py:614: ConvergenceWarning: Objective did not converge. You might want to increase the number of iterations. Duality gap: 0.007077590523869581, tolerance: 0.005807983227717625
  model = cd_fast.enet_coordinate_descent_gram(
/home/subratpp/miniconda3/envs/dprl/lib/python3.8/site-packages/sklearn/linear_model/_coordinate_descent.py:628: ConvergenceWarning: Objective did not converge. You might want to increase the number of iterations, check the scale of the features or consider increasing regularisation. Duality gap: 2.754e-03, tolerance: 1.767e-03
  model = cd_fast.enet_coordinate_descent(
Stage2 | Leaf: 0/32, Average Loss: 9.2664, Train Acc: 3.0441 Test Acc: 3.0426
=========== 1 =========== 1
Leaf 1: 136 samples
Stage2 | Leaf: 1/32, Average Loss: 9.2664, Train Acc: 3.0441 Test Acc: 3.0426
=========== 2 =========== 2
Leaf 2: 159 samples
Stage2 | Leaf: 2/32, Average Loss: 9.2662, Train Acc: 3.0440 Test Acc: 3.0426
=========== 3 =========== 3
Leaf 3: 162 samples
Stage2 | Leaf: 3/32, Average Loss: 9.2605, Train Acc: 3.0431 Test Acc: 3.0418
=========== 4 =========== 4
Leaf 4: 3254 samples
Stage2 | Leaf: 4/32, Average Loss: 9.1676, Train Acc: 3.0278 Test Acc: 3.0280
=========== 5 =========== 5
Leaf 5: 4064 samples
Stage2 | Leaf: 5/32, Average Loss: 8.9147, Train Acc: 2.9857 Test Acc: 2.9854
=========== 6 =========== 6
Leaf 6: 3306 samples
Stage2 | Leaf: 6/32, Average Loss: 8.7399, Train Acc: 2.9563 Test Acc: 2.9501
=========== 7 =========== 7
Leaf 7: 2882 samples
Stage2 | Leaf: 7/32, Average Loss: 8.6660, Train Acc: 2.9438 Test Acc: 2.9393
=========== 8 =========== 8
Leaf 8: 2156 samples
Stage2 | Leaf: 8/32, Average Loss: 8.3746, Train Acc: 2.8939 Test Acc: 2.8921
=========== 9 =========== 9
Leaf 9: 2598 samples
Stage2 | Leaf: 9/32, Average Loss: 7.9912, Train Acc: 2.8269 Test Acc: 2.8333
=========== 10 =========== 10
Leaf 10: 3203 samples
Stage2 | Leaf: 10/32, Average Loss: 7.7827, Train Acc: 2.7897 Test Acc: 2.7895
=========== 11 =========== 11
Leaf 11: 4311 samples
Stage2 | Leaf: 11/32, Average Loss: 7.6202, Train Acc: 2.7605 Test Acc: 2.7597
=========== 12 =========== 12
Leaf 12: 4237 samples
Stage2 | Leaf: 12/32, Average Loss: 7.2997, Train Acc: 2.7018 Test Acc: 2.7076
=========== 13 =========== 13
Leaf 13: 5081 samples
Stage2 | Leaf: 13/32, Average Loss: 7.0370, Train Acc: 2.6527 Test Acc: 2.6471
=========== 14 =========== 14
Leaf 14: 212 samples
Stage2 | Leaf: 14/32, Average Loss: 6.9920, Train Acc: 2.6442 Test Acc: 2.6367
=========== 15 =========== 15
Leaf 15: 2628 samples
Stage2 | Leaf: 15/32, Average Loss: 5.4864, Train Acc: 2.3423 Test Acc: 2.3482
=========== 16 =========== 16
Leaf 16: 716 samples
Stage2 | Leaf: 16/32, Average Loss: 5.3810, Train Acc: 2.3197 Test Acc: 2.3316
=========== 17 =========== 17
Leaf 17: 3649 samples
Stage2 | Leaf: 17/32, Average Loss: 5.3488, Train Acc: 2.3127 Test Acc: 2.3238
=========== 18 =========== 18
Leaf 18: 4254 samples
Stage2 | Leaf: 18/32, Average Loss: 5.2597, Train Acc: 2.2934 Test Acc: 2.3008
=========== 19 =========== 19
Leaf 19: 1 samples
only <4 samples
Stage2 | Leaf: 19/32, Average Loss: 5.2597, Train Acc: 2.2934 Test Acc: 2.3008
=========== 20 =========== 20
Leaf 20: 3527 samples
/home/subratpp/miniconda3/envs/dprl/lib/python3.8/site-packages/sklearn/linear_model/_coordinate_descent.py:628: ConvergenceWarning: Objective did not converge. You might want to increase the number of iterations, check the scale of the features or consider increasing regularisation. Duality gap: 6.485e-03, tolerance: 1.765e-03
  model = cd_fast.enet_coordinate_descent(
/home/subratpp/miniconda3/envs/dprl/lib/python3.8/site-packages/sklearn/linear_model/_coordinate_descent.py:628: ConvergenceWarning: Objective did not converge. You might want to increase the number of iterations, check the scale of the features or consider increasing regularisation. Duality gap: 3.010e-03, tolerance: 1.723e-03
  model = cd_fast.enet_coordinate_descent(
/home/subratpp/miniconda3/envs/dprl/lib/python3.8/site-packages/sklearn/linear_model/_coordinate_descent.py:628: ConvergenceWarning: Objective did not converge. You might want to increase the number of iterations, check the scale of the features or consider increasing regularisation. Duality gap: 2.139e-03, tolerance: 1.723e-03
  model = cd_fast.enet_coordinate_descent(
/home/subratpp/miniconda3/envs/dprl/lib/python3.8/site-packages/sklearn/linear_model/_coordinate_descent.py:628: ConvergenceWarning: Objective did not converge. You might want to increase the number of iterations, check the scale of the features or consider increasing regularisation. Duality gap: 2.650e-03, tolerance: 1.723e-03
  model = cd_fast.enet_coordinate_descent(
/home/subratpp/miniconda3/envs/dprl/lib/python3.8/site-packages/sklearn/linear_model/_coordinate_descent.py:628: ConvergenceWarning: Objective did not converge. You might want to increase the number of iterations, check the scale of the features or consider increasing regularisation. Duality gap: 4.054e-04, tolerance: 2.204e-04
  model = cd_fast.enet_coordinate_descent(
/home/subratpp/miniconda3/envs/dprl/lib/python3.8/site-packages/sklearn/linear_model/_coordinate_descent.py:628: ConvergenceWarning: Objective did not converge. You might want to increase the number of iterations, check the scale of the features or consider increasing regularisation. Duality gap: 4.345e-03, tolerance: 5.564e-04
  model = cd_fast.enet_coordinate_descent(
/home/subratpp/miniconda3/envs/dprl/lib/python3.8/site-packages/sklearn/linear_model/_coordinate_descent.py:628: ConvergenceWarning: Objective did not converge. You might want to increase the number of iterations, check the scale of the features or consider increasing regularisation. Duality gap: 3.336e-04, tolerance: 2.220e-04
  model = cd_fast.enet_coordinate_descent(
/home/subratpp/miniconda3/envs/dprl/lib/python3.8/site-packages/sklearn/linear_model/_coordinate_descent.py:628: ConvergenceWarning: Objective did not converge. You might want to increase the number of iterations, check the scale of the features or consider increasing regularisation. Duality gap: 2.700e-04, tolerance: 2.535e-04
  model = cd_fast.enet_coordinate_descent(
/home/subratpp/miniconda3/envs/dprl/lib/python3.8/site-packages/sklearn/linear_model/_coordinate_descent.py:628: ConvergenceWarning: Objective did not converge. You might want to increase the number of iterations, check the scale of the features or consider increasing regularisation. Duality gap: 2.918e-04, tolerance: 2.544e-04
  model = cd_fast.enet_coordinate_descent(
/home/subratpp/miniconda3/envs/dprl/lib/python3.8/site-packages/sklearn/linear_model/_coordinate_descent.py:628: ConvergenceWarning: Objective did not converge. You might want to increase the number of iterations, check the scale of the features or consider increasing regularisation. Duality gap: 2.591e-04, tolerance: 2.486e-04
  model = cd_fast.enet_coordinate_descent(
/home/subratpp/miniconda3/envs/dprl/lib/python3.8/site-packages/sklearn/linear_model/_coordinate_descent.py:628: ConvergenceWarning: Objective did not converge. You might want to increase the number of iterations, check the scale of the features or consider increasing regularisation. Duality gap: 1.333e-03, tolerance: 3.037e-04
  model = cd_fast.enet_coordinate_descent(
/home/subratpp/miniconda3/envs/dprl/lib/python3.8/site-packages/sklearn/linear_model/_coordinate_descent.py:614: ConvergenceWarning: Objective did not converge. You might want to increase the number of iterations. Duality gap: 0.0072350469738458045, tolerance: 0.00589510066107107
  model = cd_fast.enet_coordinate_descent_gram(
/home/subratpp/miniconda3/envs/dprl/lib/python3.8/site-packages/sklearn/linear_model/_coordinate_descent.py:628: ConvergenceWarning: Objective did not converge. You might want to increase the number of iterations, check the scale of the features or consider increasing regularisation. Duality gap: 7.793e-03, tolerance: 7.370e-03
  model = cd_fast.enet_coordinate_descent(
/home/subratpp/miniconda3/envs/dprl/lib/python3.8/site-packages/sklearn/linear_model/_coordinate_descent.py:614: ConvergenceWarning: Objective did not converge. You might want to increase the number of iterations. Duality gap: 0.07284733446238789, tolerance: 0.04018132873983067
  model = cd_fast.enet_coordinate_descent_gram(
/home/subratpp/miniconda3/envs/dprl/lib/python3.8/site-packages/sklearn/linear_model/_coordinate_descent.py:614: ConvergenceWarning: Objective did not converge. You might want to increase the number of iterations. Duality gap: 0.08193898382507214, tolerance: 0.04135137588275996
  model = cd_fast.enet_coordinate_descent_gram(
/home/subratpp/miniconda3/envs/dprl/lib/python3.8/site-packages/sklearn/linear_model/_coordinate_descent.py:614: ConvergenceWarning: Objective did not converge. You might want to increase the number of iterations. Duality gap: 0.07169557204868582, tolerance: 0.040153430690371396
  model = cd_fast.enet_coordinate_descent_gram(
/home/subratpp/miniconda3/envs/dprl/lib/python3.8/site-packages/sklearn/linear_model/_coordinate_descent.py:628: ConvergenceWarning: Objective did not converge. You might want to increase the number of iterations, check the scale of the features or consider increasing regularisation. Duality gap: 1.038e-02, tolerance: 7.046e-03
  model = cd_fast.enet_coordinate_descent(
/home/subratpp/miniconda3/envs/dprl/lib/python3.8/site-packages/sklearn/linear_model/_coordinate_descent.py:628: ConvergenceWarning: Objective did not converge. You might want to increase the number of iterations, check the scale of the features or consider increasing regularisation. Duality gap: 1.465e-02, tolerance: 7.130e-03
  model = cd_fast.enet_coordinate_descent(
/home/subratpp/miniconda3/envs/dprl/lib/python3.8/site-packages/sklearn/linear_model/_coordinate_descent.py:628: ConvergenceWarning: Objective did not converge. You might want to increase the number of iterations, check the scale of the features or consider increasing regularisation. Duality gap: 8.276e-03, tolerance: 6.606e-03
  model = cd_fast.enet_coordinate_descent(
/home/subratpp/miniconda3/envs/dprl/lib/python3.8/site-packages/sklearn/linear_model/_coordinate_descent.py:628: ConvergenceWarning: Objective did not converge. You might want to increase the number of iterations, check the scale of the features or consider increasing regularisation. Duality gap: 7.346e-03, tolerance: 7.130e-03
  model = cd_fast.enet_coordinate_descent(
/home/subratpp/miniconda3/envs/dprl/lib/python3.8/site-packages/sklearn/linear_model/_coordinate_descent.py:614: ConvergenceWarning: Objective did not converge. You might want to increase the number of iterations. Duality gap: 0.009312767049617587, tolerance: 0.006820528076401539
  model = cd_fast.enet_coordinate_descent_gram(
/home/subratpp/miniconda3/envs/dprl/lib/python3.8/site-packages/sklearn/linear_model/_coordinate_descent.py:614: ConvergenceWarning: Objective did not converge. You might want to increase the number of iterations. Duality gap: 0.008750496764394988, tolerance: 0.005295338248764423
  model = cd_fast.enet_coordinate_descent_gram(
Stage2 | Leaf: 20/32, Average Loss: 4.1275, Train Acc: 2.0316 Test Acc: 2.0770
=========== 21 =========== 21
Leaf 21: 1544 samples
Stage2 | Leaf: 21/32, Average Loss: 3.9016, Train Acc: 1.9752 Test Acc: 2.0325
=========== 22 =========== 22
Leaf 22: 4929 samples
Stage2 | Leaf: 22/32, Average Loss: 3.0308, Train Acc: 1.7409 Test Acc: 1.8099
=========== 23 =========== 23
Leaf 23: 1529 samples
Stage2 | Leaf: 23/32, Average Loss: 1.4332, Train Acc: 1.1972 Test Acc: 1.3304
=========== 24 =========== 24
Leaf 24: 32 samples
Stage2 | Leaf: 24/32, Average Loss: 1.4332, Train Acc: 1.1972 Test Acc: 1.3304
=========== 25 =========== 25
Leaf 25: 513 samples
Stage2 | Leaf: 25/32, Average Loss: 1.3454, Train Acc: 1.1599 Test Acc: 1.2959
=========== 26 =========== 26
Leaf 26: 616 samples
/home/subratpp/miniconda3/envs/dprl/lib/python3.8/site-packages/sklearn/linear_model/_coordinate_descent.py:614: ConvergenceWarning: Objective did not converge. You might want to increase the number of iterations. Duality gap: 0.012200110838547218, tolerance: 0.005295338248764423
  model = cd_fast.enet_coordinate_descent_gram(
/home/subratpp/miniconda3/envs/dprl/lib/python3.8/site-packages/sklearn/linear_model/_coordinate_descent.py:614: ConvergenceWarning: Objective did not converge. You might want to increase the number of iterations. Duality gap: 0.013889603124877858, tolerance: 0.005295338248764423
  model = cd_fast.enet_coordinate_descent_gram(
/home/subratpp/miniconda3/envs/dprl/lib/python3.8/site-packages/sklearn/linear_model/_coordinate_descent.py:614: ConvergenceWarning: Objective did not converge. You might want to increase the number of iterations. Duality gap: 0.006355591587716702, tolerance: 0.0046587990041187955
  model = cd_fast.enet_coordinate_descent_gram(
/home/subratpp/miniconda3/envs/dprl/lib/python3.8/site-packages/sklearn/linear_model/_coordinate_descent.py:614: ConvergenceWarning: Objective did not converge. You might want to increase the number of iterations. Duality gap: 0.004544221198660381, tolerance: 0.003906799057069511
  model = cd_fast.enet_coordinate_descent_gram(
/home/subratpp/miniconda3/envs/dprl/lib/python3.8/site-packages/sklearn/linear_model/_coordinate_descent.py:614: ConvergenceWarning: Objective did not converge. You might want to increase the number of iterations. Duality gap: 0.036822973619242916, tolerance: 0.004746004673646075
  model = cd_fast.enet_coordinate_descent_gram(
/home/subratpp/miniconda3/envs/dprl/lib/python3.8/site-packages/sklearn/linear_model/_coordinate_descent.py:614: ConvergenceWarning: Objective did not converge. You might want to increase the number of iterations. Duality gap: 0.05282060039850478, tolerance: 0.00477240319567482
  model = cd_fast.enet_coordinate_descent_gram(
/home/subratpp/miniconda3/envs/dprl/lib/python3.8/site-packages/sklearn/linear_model/_coordinate_descent.py:614: ConvergenceWarning: Objective did not converge. You might want to increase the number of iterations. Duality gap: 0.04464492639469064, tolerance: 0.029103932070814506
  model = cd_fast.enet_coordinate_descent_gram(
/home/subratpp/miniconda3/envs/dprl/lib/python3.8/site-packages/sklearn/linear_model/_coordinate_descent.py:614: ConvergenceWarning: Objective did not converge. You might want to increase the number of iterations. Duality gap: 0.0352478043569473, tolerance: 0.028617052134246753
  model = cd_fast.enet_coordinate_descent_gram(
/home/subratpp/miniconda3/envs/dprl/lib/python3.8/site-packages/sklearn/linear_model/_coordinate_descent.py:614: ConvergenceWarning: Objective did not converge. You might want to increase the number of iterations. Duality gap: 0.17243892660029303, tolerance: 0.029203067694701476
  model = cd_fast.enet_coordinate_descent_gram(
/home/subratpp/miniconda3/envs/dprl/lib/python3.8/site-packages/sklearn/linear_model/_coordinate_descent.py:614: ConvergenceWarning: Objective did not converge. You might want to increase the number of iterations. Duality gap: 0.15822213346776515, tolerance: 0.028487329855256736
  model = cd_fast.enet_coordinate_descent_gram(
/home/subratpp/miniconda3/envs/dprl/lib/python3.8/site-packages/sklearn/linear_model/_coordinate_descent.py:614: ConvergenceWarning: Objective did not converge. You might want to increase the number of iterations. Duality gap: 0.10008118390986276, tolerance: 0.0290189461497944
  model = cd_fast.enet_coordinate_descent_gram(
/home/subratpp/miniconda3/envs/dprl/lib/python3.8/site-packages/sklearn/linear_model/_coordinate_descent.py:628: ConvergenceWarning: Objective did not converge. You might want to increase the number of iterations, check the scale of the features or consider increasing regularisation. Duality gap: 6.984e-01, tolerance: 3.611e-02
  model = cd_fast.enet_coordinate_descent(
/home/subratpp/miniconda3/envs/dprl/lib/python3.8/site-packages/sklearn/linear_model/_coordinate_descent.py:614: ConvergenceWarning: Objective did not converge. You might want to increase the number of iterations. Duality gap: 0.0057481778079639945, tolerance: 0.0025405224729442366
  model = cd_fast.enet_coordinate_descent_gram(
/home/subratpp/miniconda3/envs/dprl/lib/python3.8/site-packages/sklearn/linear_model/_coordinate_descent.py:614: ConvergenceWarning: Objective did not converge. You might want to increase the number of iterations. Duality gap: 0.00342420283158118, tolerance: 0.0024382417617831898
  model = cd_fast.enet_coordinate_descent_gram(
/home/subratpp/miniconda3/envs/dprl/lib/python3.8/site-packages/sklearn/linear_model/_coordinate_descent.py:614: ConvergenceWarning: Objective did not converge. You might want to increase the number of iterations. Duality gap: 0.004704272068781545, tolerance: 0.0026105226563660567
  model = cd_fast.enet_coordinate_descent_gram(
/home/subratpp/miniconda3/envs/dprl/lib/python3.8/site-packages/sklearn/linear_model/_coordinate_descent.py:614: ConvergenceWarning: Objective did not converge. You might want to increase the number of iterations. Duality gap: 0.0028643355712247853, tolerance: 0.002539037035616262
  model = cd_fast.enet_coordinate_descent_gram(
/home/subratpp/miniconda3/envs/dprl/lib/python3.8/site-packages/sklearn/linear_model/_coordinate_descent.py:628: ConvergenceWarning: Objective did not converge. You might want to increase the number of iterations, check the scale of the features or consider increasing regularisation. Duality gap: 7.593e-03, tolerance: 3.170e-03
  model = cd_fast.enet_coordinate_descent(
/home/subratpp/miniconda3/envs/dprl/lib/python3.8/site-packages/sklearn/linear_model/_coordinate_descent.py:614: ConvergenceWarning: Objective did not converge. You might want to increase the number of iterations. Duality gap: 0.01275118314393514, tolerance: 0.002676826654352106
  model = cd_fast.enet_coordinate_descent_gram(
/home/subratpp/miniconda3/envs/dprl/lib/python3.8/site-packages/sklearn/linear_model/_coordinate_descent.py:614: ConvergenceWarning: Objective did not converge. You might want to increase the number of iterations. Duality gap: 0.007549563405799042, tolerance: 0.0026494718167178128
  model = cd_fast.enet_coordinate_descent_gram(
/home/subratpp/miniconda3/envs/dprl/lib/python3.8/site-packages/sklearn/linear_model/_coordinate_descent.py:614: ConvergenceWarning: Objective did not converge. You might want to increase the number of iterations. Duality gap: 0.006774528058549029, tolerance: 0.0027716168651462673
  model = cd_fast.enet_coordinate_descent_gram(
/home/subratpp/miniconda3/envs/dprl/lib/python3.8/site-packages/sklearn/linear_model/_coordinate_descent.py:614: ConvergenceWarning: Objective did not converge. You might want to increase the number of iterations. Duality gap: 0.012071771441056145, tolerance: 0.0026312751858628626
  model = cd_fast.enet_coordinate_descent_gram(
/home/subratpp/miniconda3/envs/dprl/lib/python3.8/site-packages/sklearn/linear_model/_coordinate_descent.py:614: ConvergenceWarning: Objective did not converge. You might want to increase the number of iterations. Duality gap: 0.007740481401964344, tolerance: 0.002684723710695453
  model = cd_fast.enet_coordinate_descent_gram(
/home/subratpp/miniconda3/envs/dprl/lib/python3.8/site-packages/sklearn/linear_model/_coordinate_descent.py:628: ConvergenceWarning: Objective did not converge. You might want to increase the number of iterations, check the scale of the features or consider increasing regularisation. Duality gap: 1.040e-02, tolerance: 3.354e-03
  model = cd_fast.enet_coordinate_descent(
/home/subratpp/miniconda3/envs/dprl/lib/python3.8/site-packages/sklearn/linear_model/_coordinate_descent.py:614: ConvergenceWarning: Objective did not converge. You might want to increase the number of iterations. Duality gap: 0.05975889834154363, tolerance: 0.03436119965100454
  model = cd_fast.enet_coordinate_descent_gram(
Stage2 | Leaf: 26/32, Average Loss: 1.3341, Train Acc: 1.1550 Test Acc: 1.2909
=========== 27 =========== 27
Leaf 27: 0 samples
=========== 28 =========== 28
Leaf 28: 567 samples
Stage2 | Leaf: 28/32, Average Loss: 1.2902, Train Acc: 1.1359 Test Acc: 1.2694
=========== 29 =========== 29
Leaf 29: 2755 samples
Stage2 | Leaf: 29/32, Average Loss: 1.2534, Train Acc: 1.1195 Test Acc: 1.2523
=========== 30 =========== 30
Leaf 30: 2969 samples
Stage2 | Leaf: 30/32, Average Loss: 1.1264, Train Acc: 1.0613 Test Acc: 1.2025
=========== 31 =========== 31
Leaf 31: 2056 samples
Stage2 | Leaf: 31/32, Average Loss: 0.9764, Train Acc: 0.9881 Test Acc: 1.1517
After retraining each leaf (Top1): Train RMSE: 0.9881, Test RMSE: 1.1517
Epoch: 1/30, Average Loss: 0.8471, Train Acc: 0.9204 Test Acc: 1.1863
Epoch: 2/30, Average Loss: 0.7816, Train Acc: 0.8841 Test Acc: 1.1672
Epoch: 3/30, Average Loss: 0.7486, Train Acc: 0.8652 Test Acc: 1.0563
Epoch: 4/30, Average Loss: 0.7289, Train Acc: 0.8538 Test Acc: 1.0498
Epoch: 5/30, Average Loss: 0.7183, Train Acc: 0.8475 Test Acc: 1.0490
Epoch: 6/30, Average Loss: 0.6671, Train Acc: 0.8168 Test Acc: 1.1286
Epoch: 7/30, Average Loss: 0.6586, Train Acc: 0.8116 Test Acc: 1.0238
Epoch: 8/30, Average Loss: 0.6618, Train Acc: 0.8135 Test Acc: 1.0267
Epoch: 9/30, Average Loss: 0.6259, Train Acc: 0.7911 Test Acc: 1.1113
Epoch: 10/30, Average Loss: 0.6568, Train Acc: 0.8104 Test Acc: 1.1152
Epoch: 11/30, Average Loss: 0.6443, Train Acc: 0.8027 Test Acc: 1.0269
Epoch: 12/30, Average Loss: 0.6428, Train Acc: 0.8018 Test Acc: 1.0430
Epoch: 13/30, Average Loss: 0.6506, Train Acc: 0.8066 Test Acc: 1.0245
Epoch: 14/30, Average Loss: 0.6161, Train Acc: 0.7849 Test Acc: 1.1141
Epoch: 15/30, Average Loss: 0.6166, Train Acc: 0.7852 Test Acc: 1.0094
Epoch: 16/30, Average Loss: 0.6060, Train Acc: 0.7784 Test Acc: 1.0101
Epoch: 17/30, Average Loss: 0.6048, Train Acc: 0.7777 Test Acc: 1.1070
Epoch: 18/30, Average Loss: 0.6086, Train Acc: 0.7801 Test Acc: 1.0102
Epoch: 19/30, Average Loss: 0.6002, Train Acc: 0.7748 Test Acc: 1.0063
Epoch: 20/30, Average Loss: 0.5876, Train Acc: 0.7665 Test Acc: 1.0056
Epoch: 21/30, Average Loss: 0.5959, Train Acc: 0.7719 Test Acc: 1.0031
Epoch: 22/30, Average Loss: 0.5880, Train Acc: 0.7668 Test Acc: 1.0058
Epoch: 23/30, Average Loss: 0.6102, Train Acc: 0.7811 Test Acc: 1.0138
Epoch: 24/30, Average Loss: 0.5813, Train Acc: 0.7625 Test Acc: 0.9985
Epoch: 25/30, Average Loss: 0.5945, Train Acc: 0.7710 Test Acc: 1.0059
Epoch: 26/30, Average Loss: 0.5730, Train Acc: 0.7570 Test Acc: 0.9926
Epoch: 27/30, Average Loss: 0.5978, Train Acc: 0.7732 Test Acc: 1.0019
Epoch: 28/30, Average Loss: 0.5791, Train Acc: 0.7610 Test Acc: 1.0012
Epoch: 29/30, Average Loss: 0.5676, Train Acc: 0.7534 Test Acc: 0.9982
Epoch: 30/30, Average Loss: 0.5973, Train Acc: 0.7729 Test Acc: 1.0046
==================== Final Evaluation ====================
Train RMSE: 0.7729, Test RMSE: 1.0046
Elapsed time: 335.99 seconds
Saved summary to 
'logs/regression/dtregnet_topk_topk_leaf_dist_ct_2025_08_19-21_19_10_summary.txt
'.
Saved full data to 
'logs/regression/dtregnet_topk_topk_leaf_dist_ct_2025_08_19-21_19_10_full.txt'.
X_train size: (34240, 384), y_train size: (34240,)
X_val size: (8560, 384), y_val size: (8560,)
X_test size: (10700, 384), y_test size: (10700,)
X_train min: -10.051676700452285
X_train max: 185.03783396918848
train size:
torch.Size([34240, 384])
test size:
torch.Size([10700, 384])
val size:
torch.Size([8560, 384])
[-2.1  -1.14 -0.76 -0.49 -0.13  0.25  0.75  1.4 ]
Max y_train_clf: 7
Min y_train_clf: 0
train size:
torch.Size([34240, 384])
test size:
torch.Size([10700, 384])
val size:
torch.Size([8560, 384])
Class Label Distribution:
Class 0: 4258 samples
Class 1: 4377 samples
Class 2: 4259 samples
Class 3: 4315 samples
Class 4: 4224 samples
Class 5: 4258 samples
Class 6: 4291 samples
Class 7: 4258 samples
======================================================================
Iteration 0/1  Seed 3  (dataset: CT Slice, 0/1):  Num Sample: 34240 
======================================================================
DTSemNet(
  (linear1): Sequential(
    (0): Linear(in_features=384, out_features=31, bias=True)
  )
  (bn): BatchNorm1d(31, eps=1e-05, momentum=0.1, affine=True, 
track_running_stats=True)
  (reluP): ReLU()
  (reluM): ReLU()
  (linear2): Linear(in_features=62, out_features=32, bias=False)
  (softmax): Softmax(dim=-1)
  (mpool): MaxPoolLayer()
  (experts): ModuleList(
    (0): Expert(
      (layer): Linear(in_features=384, out_features=1, bias=True)
    )
    (1): Expert(
      (layer): Linear(in_features=384, out_features=1, bias=True)
    )
    (2): Expert(
      (layer): Linear(in_features=384, out_features=1, bias=True)
    )
    (3): Expert(
      (layer): Linear(in_features=384, out_features=1, bias=True)
    )
    (4): Expert(
      (layer): Linear(in_features=384, out_features=1, bias=True)
    )
    (5): Expert(
      (layer): Linear(in_features=384, out_features=1, bias=True)
    )
    (6): Expert(
      (layer): Linear(in_features=384, out_features=1, bias=True)
    )
    (7): Expert(
      (layer): Linear(in_features=384, out_features=1, bias=True)
    )
    (8): Expert(
      (layer): Linear(in_features=384, out_features=1, bias=True)
    )
    (9): Expert(
      (layer): Linear(in_features=384, out_features=1, bias=True)
    )
    (10): Expert(
      (layer): Linear(in_features=384, out_features=1, bias=True)
    )
    (11): Expert(
      (layer): Linear(in_features=384, out_features=1, bias=True)
    )
    (12): Expert(
      (layer): Linear(in_features=384, out_features=1, bias=True)
    )
    (13): Expert(
      (layer): Linear(in_features=384, out_features=1, bias=True)
    )
    (14): Expert(
      (layer): Linear(in_features=384, out_features=1, bias=True)
    )
    (15): Expert(
      (layer): Linear(in_features=384, out_features=1, bias=True)
    )
    (16): Expert(
      (layer): Linear(in_features=384, out_features=1, bias=True)
    )
    (17): Expert(
      (layer): Linear(in_features=384, out_features=1, bias=True)
    )
    (18): Expert(
      (layer): Linear(in_features=384, out_features=1, bias=True)
    )
    (19): Expert(
      (layer): Linear(in_features=384, out_features=1, bias=True)
    )
    (20): Expert(
      (layer): Linear(in_features=384, out_features=1, bias=True)
    )
    (21): Expert(
      (layer): Linear(in_features=384, out_features=1, bias=True)
    )
    (22): Expert(
      (layer): Linear(in_features=384, out_features=1, bias=True)
    )
    (23): Expert(
      (layer): Linear(in_features=384, out_features=1, bias=True)
    )
    (24): Expert(
      (layer): Linear(in_features=384, out_features=1, bias=True)
    )
    (25): Expert(
      (layer): Linear(in_features=384, out_features=1, bias=True)
    )
    (26): Expert(
      (layer): Linear(in_features=384, out_features=1, bias=True)
    )
    (27): Expert(
      (layer): Linear(in_features=384, out_features=1, bias=True)
    )
    (28): Expert(
      (layer): Linear(in_features=384, out_features=1, bias=True)
    )
    (29): Expert(
      (layer): Linear(in_features=384, out_features=1, bias=True)
    )
    (30): Expert(
      (layer): Linear(in_features=384, out_features=1, bias=True)
    )
    (31): Expert(
      (layer): Linear(in_features=384, out_features=1, bias=True)
    )
  )
)
Epoch: 0, Leaf Dist: [647.0, 636.0, 547.0, 494.0, 489.0, 446.0, 445.0, 427.0, 
423.0, 402.0, 402.0, 365.0, 344.0, 337.0, 325.0, 325.0, 313.0, 309.0, 300.0, 
298.0, 263.0, 245.0, 239.0, 233.0, 226.0, 217.0, 198.0, 198.0, 190.0, 162.0, 
145.0, 110.0]
Epoch: 1/40, Average Loss: 42.6614, Train Acc: 6.5316 Test Acc: 6.6470
Epoch: 1, Leaf Dist: [1222.0, 1166.0, 1098.0, 895.0, 778.0, 688.0, 624.0, 614.0,
546.0, 341.0, 304.0, 264.0, 254.0, 212.0, 177.0, 175.0, 174.0, 154.0, 151.0, 
145.0, 140.0, 113.0, 100.0, 86.0, 78.0, 68.0, 40.0, 36.0, 29.0, 23.0, 5.0, 0.0]
Epoch: 2/40, Average Loss: 25.4289, Train Acc: 5.0427 Test Acc: 5.0667
Epoch: 2, Leaf Dist: [1357.0, 1171.0, 1144.0, 1140.0, 1055.0, 634.0, 574.0, 
506.0, 500.0, 400.0, 223.0, 215.0, 213.0, 197.0, 195.0, 140.0, 140.0, 139.0, 
127.0, 124.0, 95.0, 89.0, 85.0, 64.0, 59.0, 43.0, 29.0, 17.0, 16.0, 7.0, 2.0, 
0.0]
Epoch: 3/40, Average Loss: 22.0433, Train Acc: 4.6950 Test Acc: 4.7428
Epoch: 4/40, Average Loss: 21.1301, Train Acc: 4.5968 Test Acc: 4.6487
Epoch: 5/40, Average Loss: 16.4525, Train Acc: 4.0562 Test Acc: 4.0559
Epoch: 5, Leaf Dist: [1286.0, 1027.0, 972.0, 939.0, 868.0, 710.0, 691.0, 690.0, 
564.0, 504.0, 437.0, 321.0, 246.0, 207.0, 196.0, 155.0, 139.0, 137.0, 106.0, 
92.0, 90.0, 68.0, 60.0, 53.0, 40.0, 30.0, 28.0, 26.0, 16.0, 2.0, 0.0, 0.0]
Epoch: 6/40, Average Loss: 13.3128, Train Acc: 3.6487 Test Acc: 3.7181
Epoch: 7/40, Average Loss: 13.2305, Train Acc: 3.6374 Test Acc: 3.7322
Epoch: 8/40, Average Loss: 11.5595, Train Acc: 3.3999 Test Acc: 3.4793
Epoch: 9/40, Average Loss: 15.4500, Train Acc: 3.9307 Test Acc: 3.9849
Epoch: 10/40, Average Loss: 13.8175, Train Acc: 3.7172 Test Acc: 3.8822
Epoch: 10, Leaf Dist: [1423.0, 1184.0, 1139.0, 1110.0, 1003.0, 852.0, 796.0, 
717.0, 516.0, 312.0, 268.0, 184.0, 173.0, 150.0, 143.0, 121.0, 116.0, 107.0, 
84.0, 53.0, 41.0, 38.0, 37.0, 32.0, 22.0, 20.0, 19.0, 15.0, 11.0, 8.0, 6.0, 0.0]
Epoch: 11/40, Average Loss: 11.7154, Train Acc: 3.4228 Test Acc: 3.4873
Epoch: 12/40, Average Loss: 9.3485, Train Acc: 3.0575 Test Acc: 3.1927
Epoch: 13/40, Average Loss: 10.4923, Train Acc: 3.2392 Test Acc: 3.1573
