05-01-24 12:06[root]INFO | Training on env: lunar
05-01-24 12:06[root]INFO | Agent Type: drnet
05-01-24 12:06[root]INFO | Log Directory: ./logs/lunar_cpu/drnet/16leaves_26-06-12-05-Jan_Final_nsm/
05-01-24 12:06[root]INFO | GPU?: False
05-01-24 12:06[root]INFO | Num Leaves: 16
05-01-24 12:06[root]INFO | DTRegNet Policy
05-01-24 12:06[root]INFO | Value Net Size: [256, 256]
05-01-24 12:06[root]INFO | [START]======> Training Started for Seed [19]: 2024-01-05 12:06:49
05-01-24 12:06[root]INFO | actor: DTRegNetActor(
  (features_extractor): FlattenExtractor(
    (flatten): Flatten(start_dim=1, end_dim=-1)
  )
  (drnet): DTSemNetReg(
    (linear1): Linear(in_features=8, out_features=15, bias=True)
    (reluP): ReLU()
    (reluM): ReLU()
    (linear2): Linear(in_features=30, out_features=16, bias=False)
    (mpool): MaxPoolLayer()
    (softmax): Softmax(dim=-1)
    (ste): STE()
    (regression_layer_action): ModuleList(
      (0-1): 2 x Sequential(
        (0): Linear(in_features=16, out_features=8, bias=True)
      )
    )
  )
)
05-01-24 12:06[icct.rl_helpers.eval_callback]INFO | (Train) Episode: 0, Avg Reward: -177.8432333469391, Best: -177.8432333469391
05-01-24 12:06[icct.rl_helpers.eval_callback]INFO | (Eval ) num_timesteps=1500, Reward=-369.88 +/- 196.64, EpLength: 88.00 +/- 13.86
05-01-24 12:06[icct.rl_helpers.eval_callback]INFO | (Save ) Storing Best Model: New best mean reward!
05-01-24 12:06[icct.rl_helpers.eval_callback]INFO | (Train) Episode: 20, Avg Reward: -267.04514836880844, Best: -112.96218902803957
05-01-24 12:06[icct.rl_helpers.eval_callback]INFO | (Eval ) num_timesteps=3000, Reward=-720.49 +/- 259.84, EpLength: 158.80 +/- 69.44
05-01-24 12:06[icct.rl_helpers.eval_callback]INFO | (Train) Episode: 40, Avg Reward: -234.2631606753041, Best: -112.96218902803957
05-01-24 12:06[icct.rl_helpers.eval_callback]INFO | (Eval ) num_timesteps=4500, Reward=-700.28 +/- 607.21, EpLength: 130.80 +/- 64.97
05-01-24 12:06[icct.rl_helpers.eval_callback]INFO | (Eval ) num_timesteps=6000, Reward=-559.93 +/- 228.87, EpLength: 103.00 +/- 20.21
05-01-24 12:06[icct.rl_helpers.eval_callback]INFO | (Train) Episode: 60, Avg Reward: -237.09821923422822, Best: -112.96218902803957
05-01-24 12:06[icct.rl_helpers.eval_callback]INFO | (Eval ) num_timesteps=7500, Reward=-714.47 +/- 386.18, EpLength: 150.20 +/- 62.21
05-01-24 12:06[icct.rl_helpers.eval_callback]INFO | (Train) Episode: 80, Avg Reward: -221.91066620871533, Best: -112.96218902803957
05-01-24 12:06[icct.rl_helpers.eval_callback]INFO | (Eval ) num_timesteps=9000, Reward=-445.37 +/- 129.34, EpLength: 91.40 +/- 9.35
05-01-24 12:07[icct.rl_helpers.eval_callback]INFO | (Eval ) num_timesteps=10500, Reward=-387.37 +/- 172.97, EpLength: 99.00 +/- 7.85
05-01-24 12:07[icct.rl_helpers.eval_callback]INFO | (Train) Episode: 100, Avg Reward: -217.0955113978828, Best: -112.96218902803957
05-01-24 12:07[icct.rl_helpers.eval_callback]INFO | (Eval ) num_timesteps=12000, Reward=-106.74 +/- 59.40, EpLength: 110.20 +/- 12.58
05-01-24 12:07[icct.rl_helpers.eval_callback]INFO | (Save ) Storing Best Model: New best mean reward!
05-01-24 12:07[icct.rl_helpers.eval_callback]INFO | (Eval ) num_timesteps=13500, Reward=-86.76 +/- 22.71, EpLength: 144.20 +/- 32.55
05-01-24 12:07[icct.rl_helpers.eval_callback]INFO | (Save ) Storing Best Model: New best mean reward!
05-01-24 12:07[icct.rl_helpers.eval_callback]INFO | (Train) Episode: 120, Avg Reward: -174.12314042426456, Best: -112.96218902803957
05-01-24 12:07[icct.rl_helpers.eval_callback]INFO | (Eval ) num_timesteps=15000, Reward=-41.37 +/- 30.27, EpLength: 240.20 +/- 19.51
05-01-24 12:07[icct.rl_helpers.eval_callback]INFO | (Save ) Storing Best Model: New best mean reward!
05-01-24 12:08[icct.rl_helpers.eval_callback]INFO | (Eval ) num_timesteps=16500, Reward=30.01 +/- 107.66, EpLength: 306.00 +/- 49.44
05-01-24 12:08[icct.rl_helpers.eval_callback]INFO | (Save ) Storing Best Model: New best mean reward!
05-01-24 12:08[icct.rl_helpers.eval_callback]INFO | (Eval ) num_timesteps=18000, Reward=2.55 +/- 75.34, EpLength: 429.00 +/- 140.36
05-01-24 12:09[icct.rl_helpers.eval_callback]INFO | (Eval ) num_timesteps=19500, Reward=-21.73 +/- 126.64, EpLength: 788.40 +/- 173.21
05-01-24 12:09[icct.rl_helpers.eval_callback]INFO | (Eval ) num_timesteps=21000, Reward=22.77 +/- 125.15, EpLength: 814.20 +/- 134.40
05-01-24 12:09[icct.rl_helpers.eval_callback]INFO | (Eval ) num_timesteps=22500, Reward=-95.63 +/- 98.27, EpLength: 599.80 +/- 253.80
05-01-24 12:10[icct.rl_helpers.eval_callback]INFO | (Eval ) num_timesteps=24000, Reward=31.54 +/- 73.17, EpLength: 723.80 +/- 274.62
05-01-24 12:10[icct.rl_helpers.eval_callback]INFO | (Save ) Storing Best Model: New best mean reward!
05-01-24 12:10[icct.rl_helpers.eval_callback]INFO | (Eval ) num_timesteps=25500, Reward=-12.81 +/- 118.00, EpLength: 562.20 +/- 91.10
05-01-24 12:10[icct.rl_helpers.eval_callback]INFO | (Train) Episode: 140, Avg Reward: -140.75353305281507, Best: -112.96218902803957
05-01-24 12:11[icct.rl_helpers.eval_callback]INFO | (Eval ) num_timesteps=27000, Reward=-72.55 +/- 85.41, EpLength: 712.20 +/- 245.51
05-01-24 12:11[icct.rl_helpers.eval_callback]INFO | (Eval ) num_timesteps=28500, Reward=12.45 +/- 110.36, EpLength: 960.00 +/- 80.00
05-01-24 12:12[icct.rl_helpers.eval_callback]INFO | (Eval ) num_timesteps=30000, Reward=-58.92 +/- 91.50, EpLength: 977.80 +/- 44.40
05-01-24 12:12[icct.rl_helpers.eval_callback]INFO | (Eval ) num_timesteps=31500, Reward=-45.17 +/- 56.76, EpLength: 862.80 +/- 274.40
05-01-24 12:13[icct.rl_helpers.eval_callback]INFO | (Eval ) num_timesteps=33000, Reward=-15.27 +/- 45.20, EpLength: 723.60 +/- 338.89
05-01-24 12:13[icct.rl_helpers.eval_callback]INFO | (Eval ) num_timesteps=34500, Reward=24.37 +/- 113.01, EpLength: 732.80 +/- 294.52
05-01-24 12:14[icct.rl_helpers.eval_callback]INFO | (Eval ) num_timesteps=36000, Reward=13.16 +/- 101.59, EpLength: 899.40 +/- 126.11
05-01-24 12:14[icct.rl_helpers.eval_callback]INFO | (Eval ) num_timesteps=37500, Reward=87.88 +/- 95.37, EpLength: 835.40 +/- 134.55
05-01-24 12:14[icct.rl_helpers.eval_callback]INFO | (Save ) Storing Best Model: New best mean reward!
05-01-24 12:15[icct.rl_helpers.eval_callback]INFO | (Eval ) num_timesteps=39000, Reward=114.44 +/- 89.82, EpLength: 821.00 +/- 219.82
05-01-24 12:15[icct.rl_helpers.eval_callback]INFO | (Save ) Storing Best Model: New best mean reward!
05-01-24 12:15[icct.rl_helpers.eval_callback]INFO | (Eval ) num_timesteps=40500, Reward=233.99 +/- 9.31, EpLength: 584.40 +/- 40.87
05-01-24 12:15[icct.rl_helpers.eval_callback]INFO | (Save ) Storing Best Model: New best mean reward!
05-01-24 12:16[icct.rl_helpers.eval_callback]INFO | (Eval ) num_timesteps=42000, Reward=210.52 +/- 53.77, EpLength: 608.40 +/- 165.82
05-01-24 12:16[icct.rl_helpers.eval_callback]INFO | (Eval ) num_timesteps=43500, Reward=211.01 +/- 29.90, EpLength: 535.80 +/- 153.77
05-01-24 12:16[icct.rl_helpers.eval_callback]INFO | (Eval ) num_timesteps=45000, Reward=229.07 +/- 21.03, EpLength: 449.60 +/- 103.05
05-01-24 12:17[icct.rl_helpers.eval_callback]INFO | (Train) Episode: 160, Avg Reward: -88.59534638040293, Best: -88.59534638040293
05-01-24 12:17[icct.rl_helpers.eval_callback]INFO | (Eval ) num_timesteps=46500, Reward=234.41 +/- 44.65, EpLength: 488.20 +/- 228.63
05-01-24 12:17[icct.rl_helpers.eval_callback]INFO | (Save ) Storing Best Model: New best mean reward!
05-01-24 12:17[icct.rl_helpers.eval_callback]INFO | (Eval ) num_timesteps=48000, Reward=246.33 +/- 17.67, EpLength: 401.80 +/- 70.72
05-01-24 12:17[icct.rl_helpers.eval_callback]INFO | (Save ) Storing Best Model: New best mean reward!
05-01-24 12:18[icct.rl_helpers.eval_callback]INFO | (Eval ) num_timesteps=49500, Reward=227.72 +/- 34.22, EpLength: 535.00 +/- 132.35
05-01-24 12:18[icct.rl_helpers.eval_callback]INFO | (Eval ) num_timesteps=51000, Reward=227.26 +/- 17.14, EpLength: 465.40 +/- 81.45
05-01-24 12:18[icct.rl_helpers.eval_callback]INFO | (Eval ) num_timesteps=52500, Reward=246.61 +/- 6.46, EpLength: 349.60 +/- 43.31
05-01-24 12:18[icct.rl_helpers.eval_callback]INFO | (Save ) Storing Best Model: New best mean reward!
05-01-24 12:19[icct.rl_helpers.eval_callback]INFO | (Eval ) num_timesteps=54000, Reward=242.79 +/- 15.97, EpLength: 324.40 +/- 22.20
05-01-24 12:19[icct.rl_helpers.eval_callback]INFO | (Eval ) num_timesteps=55500, Reward=243.17 +/- 11.37, EpLength: 337.80 +/- 61.54
05-01-24 12:19[icct.rl_helpers.eval_callback]INFO | (Eval ) num_timesteps=57000, Reward=192.48 +/- 98.80, EpLength: 430.60 +/- 285.66
05-01-24 12:19[icct.rl_helpers.eval_callback]INFO | (Train) Episode: 180, Avg Reward: -7.69587458161936, Best: -7.69587458161936
05-01-24 12:20[icct.rl_helpers.eval_callback]INFO | (Eval ) num_timesteps=58500, Reward=247.73 +/- 18.16, EpLength: 311.40 +/- 41.87
05-01-24 12:20[icct.rl_helpers.eval_callback]INFO | (Save ) Storing Best Model: New best mean reward!
05-01-24 12:20[icct.rl_helpers.eval_callback]INFO | (Eval ) num_timesteps=60000, Reward=253.65 +/- 23.56, EpLength: 370.80 +/- 115.58
05-01-24 12:20[icct.rl_helpers.eval_callback]INFO | (Save ) Storing Best Model: New best mean reward!
05-01-24 12:20[icct.rl_helpers.eval_callback]INFO | (Eval ) num_timesteps=61500, Reward=240.44 +/- 11.08, EpLength: 299.60 +/- 29.54
05-01-24 12:21[icct.rl_helpers.eval_callback]INFO | (Eval ) num_timesteps=63000, Reward=202.49 +/- 33.61, EpLength: 388.40 +/- 132.22
05-01-24 12:21[icct.rl_helpers.eval_callback]INFO | (Eval ) num_timesteps=64500, Reward=233.81 +/- 15.46, EpLength: 396.20 +/- 53.84
05-01-24 12:21[icct.rl_helpers.eval_callback]INFO | (Train) Episode: 200, Avg Reward: 81.62440081937453, Best: 81.62440081937453
05-01-24 12:21[icct.rl_helpers.eval_callback]INFO | (Eval ) num_timesteps=66000, Reward=233.53 +/- 32.96, EpLength: 373.00 +/- 47.69
05-01-24 12:22[icct.rl_helpers.eval_callback]INFO | (Eval ) num_timesteps=67500, Reward=188.22 +/- 91.12, EpLength: 485.80 +/- 260.45
05-01-24 12:22[icct.rl_helpers.eval_callback]INFO | (Eval ) num_timesteps=69000, Reward=210.76 +/- 42.71, EpLength: 568.40 +/- 211.95
05-01-24 12:22[icct.rl_helpers.eval_callback]INFO | (Eval ) num_timesteps=70500, Reward=172.80 +/- 106.88, EpLength: 500.80 +/- 250.74
05-01-24 12:23[icct.rl_helpers.eval_callback]INFO | (Eval ) num_timesteps=72000, Reward=71.94 +/- 137.02, EpLength: 773.00 +/- 284.64
05-01-24 12:23[icct.rl_helpers.eval_callback]INFO | (Train) Episode: 220, Avg Reward: 138.02441164087503, Best: 138.02441164087503
05-01-24 12:23[icct.rl_helpers.eval_callback]INFO | (Eval ) num_timesteps=73500, Reward=260.79 +/- 20.18, EpLength: 371.60 +/- 40.08
05-01-24 12:23[icct.rl_helpers.eval_callback]INFO | (Save ) Storing Best Model: New best mean reward!
05-01-24 12:24[icct.rl_helpers.eval_callback]INFO | (Eval ) num_timesteps=75000, Reward=120.56 +/- 158.41, EpLength: 662.80 +/- 284.57
05-01-24 12:24[icct.rl_helpers.eval_callback]INFO | (Eval ) num_timesteps=76500, Reward=78.96 +/- 137.24, EpLength: 764.60 +/- 288.41
05-01-24 12:24[icct.rl_helpers.eval_callback]INFO | (Eval ) num_timesteps=78000, Reward=113.95 +/- 117.50, EpLength: 734.40 +/- 256.50
05-01-24 12:25[icct.rl_helpers.eval_callback]INFO | (Eval ) num_timesteps=79500, Reward=114.00 +/- 163.78, EpLength: 659.20 +/- 289.04
05-01-24 12:25[icct.rl_helpers.eval_callback]INFO | (Eval ) num_timesteps=81000, Reward=181.49 +/- 103.80, EpLength: 584.20 +/- 217.22
05-01-24 12:25[icct.rl_helpers.eval_callback]INFO | (Train) Episode: 240, Avg Reward: 186.52319554507693, Best: 186.52319554507693
05-01-24 12:26[icct.rl_helpers.eval_callback]INFO | (Eval ) num_timesteps=82500, Reward=91.33 +/- 118.60, EpLength: 776.60 +/- 184.20
05-01-24 12:26[icct.rl_helpers.eval_callback]INFO | (Eval ) num_timesteps=84000, Reward=200.70 +/- 81.08, EpLength: 496.80 +/- 249.88
05-01-24 12:26[icct.rl_helpers.eval_callback]INFO | (Eval ) num_timesteps=85500, Reward=164.66 +/- 100.39, EpLength: 552.20 +/- 235.91
05-01-24 12:27[icct.rl_helpers.eval_callback]INFO | (Eval ) num_timesteps=87000, Reward=152.00 +/- 136.17, EpLength: 535.20 +/- 256.63
05-01-24 12:27[icct.rl_helpers.eval_callback]INFO | (Eval ) num_timesteps=88500, Reward=151.21 +/- 99.31, EpLength: 549.20 +/- 229.90
05-01-24 12:27[icct.rl_helpers.eval_callback]INFO | (Train) Episode: 260, Avg Reward: 230.02576531123785, Best: 230.02576531123785
05-01-24 12:28[icct.rl_helpers.eval_callback]INFO | (Eval ) num_timesteps=90000, Reward=111.86 +/- 148.25, EpLength: 557.60 +/- 264.88
05-01-24 12:28[icct.rl_helpers.eval_callback]INFO | (Eval ) num_timesteps=91500, Reward=195.62 +/- 117.33, EpLength: 360.20 +/- 36.91
05-01-24 12:28[icct.rl_helpers.eval_callback]INFO | (Eval ) num_timesteps=93000, Reward=232.35 +/- 17.36, EpLength: 383.40 +/- 39.81
05-01-24 12:29[icct.rl_helpers.eval_callback]INFO | (Eval ) num_timesteps=94500, Reward=222.67 +/- 16.75, EpLength: 432.20 +/- 122.61
05-01-24 12:29[icct.rl_helpers.eval_callback]INFO | (Eval ) num_timesteps=96000, Reward=225.42 +/- 12.49, EpLength: 346.00 +/- 76.43
05-01-24 12:29[icct.rl_helpers.eval_callback]INFO | (Eval ) num_timesteps=97500, Reward=172.41 +/- 124.53, EpLength: 524.20 +/- 241.35
05-01-24 12:30[icct.rl_helpers.eval_callback]INFO | (Train) Episode: 280, Avg Reward: 220.46646704643317, Best: 230.06375964573462
05-01-24 12:30[icct.rl_helpers.eval_callback]INFO | (Eval ) num_timesteps=99000, Reward=173.56 +/- 104.81, EpLength: 515.60 +/- 256.23
05-01-24 12:30[icct.rl_helpers.eval_callback]INFO | (Eval ) num_timesteps=100500, Reward=228.15 +/- 21.06, EpLength: 395.60 +/- 26.52
05-01-24 12:30[icct.rl_helpers.eval_callback]INFO | (Eval ) num_timesteps=102000, Reward=179.91 +/- 80.43, EpLength: 393.00 +/- 118.75
05-01-24 12:31[icct.rl_helpers.eval_callback]INFO | (Eval ) num_timesteps=103500, Reward=241.88 +/- 23.04, EpLength: 386.80 +/- 46.39
05-01-24 12:31[icct.rl_helpers.eval_callback]INFO | (Eval ) num_timesteps=105000, Reward=198.79 +/- 96.19, EpLength: 353.00 +/- 26.59
05-01-24 12:31[icct.rl_helpers.eval_callback]INFO | (Eval ) num_timesteps=106500, Reward=231.79 +/- 10.46, EpLength: 374.40 +/- 51.81
05-01-24 12:32[icct.rl_helpers.eval_callback]INFO | (Train) Episode: 300, Avg Reward: 215.9843844245635, Best: 230.06375964573462
05-01-24 12:32[icct.rl_helpers.eval_callback]INFO | (Eval ) num_timesteps=108000, Reward=234.52 +/- 20.29, EpLength: 344.20 +/- 89.80
05-01-24 12:32[icct.rl_helpers.eval_callback]INFO | (Eval ) num_timesteps=109500, Reward=233.23 +/- 16.20, EpLength: 353.80 +/- 54.52
05-01-24 12:32[icct.rl_helpers.eval_callback]INFO | (Eval ) num_timesteps=111000, Reward=227.57 +/- 43.17, EpLength: 377.40 +/- 57.70
05-01-24 12:33[icct.rl_helpers.eval_callback]INFO | (Eval ) num_timesteps=112500, Reward=233.01 +/- 12.42, EpLength: 338.60 +/- 47.36
05-01-24 12:33[icct.rl_helpers.eval_callback]INFO | (Train) Episode: 320, Avg Reward: 221.73356592760697, Best: 230.06375964573462
05-01-24 12:33[icct.rl_helpers.eval_callback]INFO | (Eval ) num_timesteps=114000, Reward=252.96 +/- 19.06, EpLength: 344.20 +/- 45.20
05-01-24 12:33[icct.rl_helpers.eval_callback]INFO | (Eval ) num_timesteps=115500, Reward=226.91 +/- 47.90, EpLength: 502.00 +/- 295.35
05-01-24 12:34[icct.rl_helpers.eval_callback]INFO | (Eval ) num_timesteps=117000, Reward=204.23 +/- 33.28, EpLength: 413.40 +/- 177.22
05-01-24 12:34[icct.rl_helpers.eval_callback]INFO | (Eval ) num_timesteps=118500, Reward=237.47 +/- 17.80, EpLength: 313.00 +/- 26.63
05-01-24 12:34[icct.rl_helpers.eval_callback]INFO | (Eval ) num_timesteps=120000, Reward=226.23 +/- 14.69, EpLength: 345.80 +/- 63.42
05-01-24 12:35[icct.rl_helpers.eval_callback]INFO | (Train) Episode: 340, Avg Reward: 218.04433497805184, Best: 230.06375964573462
05-01-24 12:35[icct.rl_helpers.eval_callback]INFO | (Eval ) num_timesteps=121500, Reward=253.06 +/- 13.19, EpLength: 319.20 +/- 29.57
05-01-24 12:35[icct.rl_helpers.eval_callback]INFO | (Eval ) num_timesteps=123000, Reward=265.52 +/- 26.29, EpLength: 323.20 +/- 97.85
05-01-24 12:35[icct.rl_helpers.eval_callback]INFO | (Save ) Storing Best Model: New best mean reward!
05-01-24 12:35[icct.rl_helpers.eval_callback]INFO | (Eval ) num_timesteps=124500, Reward=242.33 +/- 16.18, EpLength: 346.00 +/- 113.27
05-01-24 12:36[icct.rl_helpers.eval_callback]INFO | (Eval ) num_timesteps=126000, Reward=240.55 +/- 7.59, EpLength: 301.00 +/- 47.76
05-01-24 12:36[icct.rl_helpers.eval_callback]INFO | (Train) Episode: 360, Avg Reward: 219.6285538461981, Best: 230.06375964573462
05-01-24 12:36[icct.rl_helpers.eval_callback]INFO | (Eval ) num_timesteps=127500, Reward=249.55 +/- 16.71, EpLength: 305.60 +/- 28.62
05-01-24 12:36[icct.rl_helpers.eval_callback]INFO | (Eval ) num_timesteps=129000, Reward=249.91 +/- 14.78, EpLength: 316.20 +/- 45.95
05-01-24 12:37[icct.rl_helpers.eval_callback]INFO | (Eval ) num_timesteps=130500, Reward=248.59 +/- 17.43, EpLength: 326.60 +/- 35.44
05-01-24 12:37[icct.rl_helpers.eval_callback]INFO | (Train) Episode: 380, Avg Reward: 234.46537819825892, Best: 234.46537819825892
05-01-24 12:37[icct.rl_helpers.eval_callback]INFO | (Eval ) num_timesteps=132000, Reward=215.50 +/- 80.25, EpLength: 286.80 +/- 41.72
05-01-24 12:37[icct.rl_helpers.eval_callback]INFO | (Eval ) num_timesteps=133500, Reward=261.44 +/- 12.55, EpLength: 311.60 +/- 27.32
05-01-24 12:38[icct.rl_helpers.eval_callback]INFO | (Eval ) num_timesteps=135000, Reward=259.84 +/- 7.60, EpLength: 323.40 +/- 26.72
05-01-24 12:38[icct.rl_helpers.eval_callback]INFO | (Eval ) num_timesteps=136500, Reward=245.98 +/- 20.45, EpLength: 336.60 +/- 22.65
05-01-24 12:38[icct.rl_helpers.eval_callback]INFO | (Eval ) num_timesteps=138000, Reward=249.09 +/- 16.07, EpLength: 303.80 +/- 23.79
05-01-24 12:38[icct.rl_helpers.eval_callback]INFO | (Train) Episode: 400, Avg Reward: 242.3989432094129, Best: 242.3989432094129
05-01-24 12:39[icct.rl_helpers.eval_callback]INFO | (Eval ) num_timesteps=139500, Reward=251.92 +/- 11.38, EpLength: 323.60 +/- 26.19
05-01-24 12:39[icct.rl_helpers.eval_callback]INFO | (Eval ) num_timesteps=141000, Reward=272.63 +/- 14.85, EpLength: 363.60 +/- 55.51
05-01-24 12:39[icct.rl_helpers.eval_callback]INFO | (Save ) Storing Best Model: New best mean reward!
05-01-24 12:39[icct.rl_helpers.eval_callback]INFO | (Eval ) num_timesteps=142500, Reward=268.11 +/- 18.30, EpLength: 314.60 +/- 29.45
05-01-24 12:40[icct.rl_helpers.eval_callback]INFO | (Train) Episode: 420, Avg Reward: 242.18700606281635, Best: 243.33754893612203
05-01-24 12:40[icct.rl_helpers.eval_callback]INFO | (Eval ) num_timesteps=144000, Reward=262.75 +/- 8.58, EpLength: 345.20 +/- 20.22
05-01-24 12:40[icct.rl_helpers.eval_callback]INFO | (Eval ) num_timesteps=145500, Reward=251.14 +/- 25.44, EpLength: 330.60 +/- 22.61
05-01-24 12:40[icct.rl_helpers.eval_callback]INFO | (Eval ) num_timesteps=147000, Reward=261.45 +/- 15.21, EpLength: 342.20 +/- 57.06
05-01-24 12:41[icct.rl_helpers.eval_callback]INFO | (Eval ) num_timesteps=148500, Reward=265.35 +/- 21.76, EpLength: 311.40 +/- 18.18
05-01-24 12:41[icct.rl_helpers.eval_callback]INFO | (Train) Episode: 440, Avg Reward: 256.6354709606701, Best: 256.6354709606701
05-01-24 12:41[icct.rl_helpers.eval_callback]INFO | (Eval ) num_timesteps=150000, Reward=257.89 +/- 25.25, EpLength: 317.40 +/- 50.55
05-01-24 12:41[icct.rl_helpers.eval_callback]INFO | (Eval ) num_timesteps=151500, Reward=270.55 +/- 24.53, EpLength: 324.40 +/- 60.63
05-01-24 12:42[icct.rl_helpers.eval_callback]INFO | (Eval ) num_timesteps=153000, Reward=270.29 +/- 21.61, EpLength: 305.80 +/- 47.78
05-01-24 12:42[icct.rl_helpers.eval_callback]INFO | (Eval ) num_timesteps=154500, Reward=258.00 +/- 17.07, EpLength: 305.80 +/- 11.50
05-01-24 12:42[icct.rl_helpers.eval_callback]INFO | (Train) Episode: 460, Avg Reward: 258.1394146215761, Best: 258.45657572762815
05-01-24 12:42[icct.rl_helpers.eval_callback]INFO | (Eval ) num_timesteps=156000, Reward=251.01 +/- 10.09, EpLength: 309.80 +/- 30.58
05-01-24 12:42[icct.rl_helpers.eval_callback]INFO | (Eval ) num_timesteps=157500, Reward=265.55 +/- 32.80, EpLength: 327.80 +/- 34.95
05-01-24 12:43[icct.rl_helpers.eval_callback]INFO | (Eval ) num_timesteps=159000, Reward=265.23 +/- 19.93, EpLength: 322.60 +/- 77.39
05-01-24 12:43[icct.rl_helpers.eval_callback]INFO | (Eval ) num_timesteps=160500, Reward=262.85 +/- 19.92, EpLength: 288.60 +/- 23.08
05-01-24 12:43[icct.rl_helpers.eval_callback]INFO | (Train) Episode: 480, Avg Reward: 258.7303395951154, Best: 259.436532822973
05-01-24 12:43[icct.rl_helpers.eval_callback]INFO | (Eval ) num_timesteps=162000, Reward=258.52 +/- 19.69, EpLength: 302.00 +/- 28.05
05-01-24 12:44[icct.rl_helpers.eval_callback]INFO | (Eval ) num_timesteps=163500, Reward=260.95 +/- 18.68, EpLength: 294.40 +/- 12.66
05-01-24 12:44[icct.rl_helpers.eval_callback]INFO | (Eval ) num_timesteps=165000, Reward=257.61 +/- 18.44, EpLength: 276.40 +/- 13.00
05-01-24 12:44[icct.rl_helpers.eval_callback]INFO | (Eval ) num_timesteps=166500, Reward=258.84 +/- 13.95, EpLength: 300.20 +/- 37.99
05-01-24 12:44[icct.rl_helpers.eval_callback]INFO | (Train) Episode: 500, Avg Reward: 260.0134620151513, Best: 260.0134620151513
05-01-24 12:45[icct.rl_helpers.eval_callback]INFO | (Eval ) num_timesteps=168000, Reward=257.54 +/- 24.43, EpLength: 304.00 +/- 15.71
05-01-24 12:45[icct.rl_helpers.eval_callback]INFO | (Eval ) num_timesteps=169500, Reward=256.62 +/- 15.23, EpLength: 268.60 +/- 23.64
05-01-24 12:45[icct.rl_helpers.eval_callback]INFO | (Eval ) num_timesteps=171000, Reward=274.58 +/- 22.57, EpLength: 289.20 +/- 16.15
05-01-24 12:45[icct.rl_helpers.eval_callback]INFO | (Save ) Storing Best Model: New best mean reward!
05-01-24 12:45[icct.rl_helpers.eval_callback]INFO | (Train) Episode: 520, Avg Reward: 262.1201314981526, Best: 263.4822146639586
05-01-24 12:46[icct.rl_helpers.eval_callback]INFO | (Eval ) num_timesteps=172500, Reward=261.34 +/- 10.15, EpLength: 277.60 +/- 30.34
05-01-24 12:46[icct.rl_helpers.eval_callback]INFO | (Eval ) num_timesteps=174000, Reward=256.13 +/- 27.13, EpLength: 284.40 +/- 32.48
05-01-24 12:46[icct.rl_helpers.eval_callback]INFO | (Eval ) num_timesteps=175500, Reward=273.18 +/- 19.42, EpLength: 265.20 +/- 33.28
05-01-24 12:47[icct.rl_helpers.eval_callback]INFO | (Eval ) num_timesteps=177000, Reward=277.50 +/- 7.75, EpLength: 261.40 +/- 26.64
05-01-24 12:47[icct.rl_helpers.eval_callback]INFO | (Save ) Storing Best Model: New best mean reward!
05-01-24 12:47[icct.rl_helpers.eval_callback]INFO | (Train) Episode: 540, Avg Reward: 264.22836292270443, Best: 264.22836292270443
05-01-24 12:47[icct.rl_helpers.eval_callback]INFO | (Eval ) num_timesteps=178500, Reward=258.75 +/- 10.19, EpLength: 261.20 +/- 19.38
05-01-24 12:47[icct.rl_helpers.eval_callback]INFO | (Eval ) num_timesteps=180000, Reward=249.98 +/- 17.48, EpLength: 279.00 +/- 18.64
05-01-24 12:47[icct.rl_helpers.eval_callback]INFO | (Eval ) num_timesteps=181500, Reward=275.22 +/- 12.23, EpLength: 258.20 +/- 30.52
05-01-24 12:48[icct.rl_helpers.eval_callback]INFO | (Train) Episode: 560, Avg Reward: 267.58978931161556, Best: 267.58978931161556
05-01-24 12:48[icct.rl_helpers.eval_callback]INFO | (Eval ) num_timesteps=183000, Reward=263.88 +/- 19.59, EpLength: 246.80 +/- 27.49
05-01-24 12:48[icct.rl_helpers.eval_callback]INFO | (Eval ) num_timesteps=184500, Reward=257.28 +/- 23.05, EpLength: 259.80 +/- 27.94
05-01-24 12:48[icct.rl_helpers.eval_callback]INFO | (Eval ) num_timesteps=186000, Reward=270.03 +/- 18.13, EpLength: 262.80 +/- 24.00
05-01-24 12:49[icct.rl_helpers.eval_callback]INFO | (Eval ) num_timesteps=187500, Reward=275.77 +/- 11.57, EpLength: 250.40 +/- 24.58
05-01-24 12:49[icct.rl_helpers.eval_callback]INFO | (Train) Episode: 580, Avg Reward: 269.2554989955987, Best: 269.2554989955987
05-01-24 12:49[icct.rl_helpers.eval_callback]INFO | (Eval ) num_timesteps=189000, Reward=273.71 +/- 14.73, EpLength: 256.20 +/- 16.51
05-01-24 12:49[icct.rl_helpers.eval_callback]INFO | (Eval ) num_timesteps=190500, Reward=284.19 +/- 5.86, EpLength: 251.00 +/- 23.57
05-01-24 12:49[icct.rl_helpers.eval_callback]INFO | (Save ) Storing Best Model: New best mean reward!
05-01-24 12:50[icct.rl_helpers.eval_callback]INFO | (Eval ) num_timesteps=192000, Reward=271.62 +/- 13.65, EpLength: 257.80 +/- 34.16
05-01-24 12:50[icct.rl_helpers.eval_callback]INFO | (Train) Episode: 600, Avg Reward: 267.4568143330604, Best: 269.2554989955987
05-01-24 12:50[icct.rl_helpers.eval_callback]INFO | (Eval ) num_timesteps=193500, Reward=256.54 +/- 26.24, EpLength: 277.80 +/- 54.48
05-01-24 12:50[icct.rl_helpers.eval_callback]INFO | (Eval ) num_timesteps=195000, Reward=257.28 +/- 10.28, EpLength: 248.00 +/- 26.18
05-01-24 12:50[icct.rl_helpers.eval_callback]INFO | (Eval ) num_timesteps=196500, Reward=225.33 +/- 87.43, EpLength: 246.80 +/- 40.30
05-01-24 12:51[icct.rl_helpers.eval_callback]INFO | (Eval ) num_timesteps=198000, Reward=258.46 +/- 12.96, EpLength: 239.60 +/- 21.95
05-01-24 12:51[icct.rl_helpers.eval_callback]INFO | (Train) Episode: 620, Avg Reward: 266.346811177892, Best: 269.2554989955987
05-01-24 12:51[icct.rl_helpers.eval_callback]INFO | (Eval ) num_timesteps=199500, Reward=266.40 +/- 26.72, EpLength: 264.20 +/- 53.51
05-01-24 12:51[icct.rl_helpers.eval_callback]INFO | (Eval ) num_timesteps=201000, Reward=270.74 +/- 27.69, EpLength: 257.40 +/- 39.11
05-01-24 12:52[icct.rl_helpers.eval_callback]INFO | (Eval ) num_timesteps=202500, Reward=270.54 +/- 10.09, EpLength: 244.20 +/- 30.28
05-01-24 12:52[icct.rl_helpers.eval_callback]INFO | (Eval ) num_timesteps=204000, Reward=259.99 +/- 10.77, EpLength: 282.60 +/- 38.42
05-01-24 12:52[icct.rl_helpers.eval_callback]INFO | (Train) Episode: 640, Avg Reward: 264.2346192675285, Best: 269.2554989955987
05-01-24 12:52[icct.rl_helpers.eval_callback]INFO | (Eval ) num_timesteps=205500, Reward=276.52 +/- 11.60, EpLength: 242.60 +/- 40.96
05-01-24 12:53[icct.rl_helpers.eval_callback]INFO | (Eval ) num_timesteps=207000, Reward=267.63 +/- 12.61, EpLength: 282.60 +/- 58.60
05-01-24 12:53[icct.rl_helpers.eval_callback]INFO | (Eval ) num_timesteps=208500, Reward=279.88 +/- 7.69, EpLength: 242.60 +/- 49.04
05-01-24 12:53[icct.rl_helpers.eval_callback]INFO | (Train) Episode: 660, Avg Reward: 264.9966846658236, Best: 269.2554989955987
05-01-24 12:53[icct.rl_helpers.eval_callback]INFO | (Eval ) num_timesteps=210000, Reward=265.57 +/- 18.97, EpLength: 271.00 +/- 45.63
05-01-24 12:54[icct.rl_helpers.eval_callback]INFO | (Eval ) num_timesteps=211500, Reward=269.34 +/- 20.54, EpLength: 239.20 +/- 32.37
05-01-24 12:54[icct.rl_helpers.eval_callback]INFO | (Eval ) num_timesteps=213000, Reward=253.99 +/- 20.73, EpLength: 234.60 +/- 22.97
05-01-24 12:54[icct.rl_helpers.eval_callback]INFO | (Train) Episode: 680, Avg Reward: 264.23503414490693, Best: 269.2554989955987
05-01-24 12:54[icct.rl_helpers.eval_callback]INFO | (Eval ) num_timesteps=214500, Reward=260.79 +/- 20.05, EpLength: 222.20 +/- 30.33
05-01-24 12:54[icct.rl_helpers.eval_callback]INFO | (Eval ) num_timesteps=216000, Reward=279.65 +/- 16.14, EpLength: 304.60 +/- 83.24
05-01-24 12:55[icct.rl_helpers.eval_callback]INFO | (Eval ) num_timesteps=217500, Reward=270.47 +/- 10.96, EpLength: 260.20 +/- 53.61
05-01-24 12:55[icct.rl_helpers.eval_callback]INFO | (Eval ) num_timesteps=219000, Reward=265.30 +/- 18.41, EpLength: 257.20 +/- 51.92
05-01-24 12:55[icct.rl_helpers.eval_callback]INFO | (Eval ) num_timesteps=220500, Reward=274.44 +/- 15.16, EpLength: 255.20 +/- 55.63
05-01-24 12:56[icct.rl_helpers.eval_callback]INFO | (Train) Episode: 700, Avg Reward: 263.85647395542105, Best: 269.2554989955987
05-01-24 12:56[icct.rl_helpers.eval_callback]INFO | (Eval ) num_timesteps=222000, Reward=269.20 +/- 10.42, EpLength: 227.00 +/- 51.15
05-01-24 12:56[icct.rl_helpers.eval_callback]INFO | (Eval ) num_timesteps=223500, Reward=283.55 +/- 17.91, EpLength: 272.60 +/- 54.47
05-01-24 12:56[icct.rl_helpers.eval_callback]INFO | (Eval ) num_timesteps=225000, Reward=268.84 +/- 17.20, EpLength: 240.60 +/- 61.36
05-01-24 12:56[icct.rl_helpers.eval_callback]INFO | (Train) Episode: 720, Avg Reward: 266.5466504497151, Best: 269.2554989955987
05-01-24 12:57[icct.rl_helpers.eval_callback]INFO | (Eval ) num_timesteps=226500, Reward=261.46 +/- 33.01, EpLength: 277.00 +/- 69.24
05-01-24 12:57[icct.rl_helpers.eval_callback]INFO | (Eval ) num_timesteps=228000, Reward=272.97 +/- 22.99, EpLength: 256.20 +/- 56.80
05-01-24 12:57[icct.rl_helpers.eval_callback]INFO | (Eval ) num_timesteps=229500, Reward=276.17 +/- 20.17, EpLength: 264.60 +/- 52.08
05-01-24 12:58[icct.rl_helpers.eval_callback]INFO | (Eval ) num_timesteps=231000, Reward=273.49 +/- 26.85, EpLength: 254.40 +/- 63.34
05-01-24 12:58[icct.rl_helpers.eval_callback]INFO | (Train) Episode: 740, Avg Reward: 267.846660953904, Best: 269.2554989955987
05-01-24 12:58[icct.rl_helpers.eval_callback]INFO | (Eval ) num_timesteps=232500, Reward=264.31 +/- 24.33, EpLength: 273.80 +/- 38.83
05-01-24 12:58[icct.rl_helpers.eval_callback]INFO | (Eval ) num_timesteps=234000, Reward=278.33 +/- 23.12, EpLength: 267.00 +/- 38.63
05-01-24 12:58[icct.rl_helpers.eval_callback]INFO | (Eval ) num_timesteps=235500, Reward=275.89 +/- 18.46, EpLength: 272.40 +/- 56.08
05-01-24 12:59[icct.rl_helpers.eval_callback]INFO | (Train) Episode: 760, Avg Reward: 269.8732257787798, Best: 269.8732257787798
05-01-24 12:59[icct.rl_helpers.eval_callback]INFO | (Eval ) num_timesteps=237000, Reward=262.75 +/- 15.42, EpLength: 238.20 +/- 16.82
05-01-24 12:59[icct.rl_helpers.eval_callback]INFO | (Eval ) num_timesteps=238500, Reward=282.21 +/- 8.45, EpLength: 325.40 +/- 28.36
05-01-24 12:59[icct.rl_helpers.eval_callback]INFO | (Eval ) num_timesteps=240000, Reward=278.26 +/- 19.01, EpLength: 265.40 +/- 38.88
05-01-24 13:00[icct.rl_helpers.eval_callback]INFO | (Train) Episode: 780, Avg Reward: 272.87875490712884, Best: 272.87875490712884
05-01-24 13:00[icct.rl_helpers.eval_callback]INFO | (Eval ) num_timesteps=241500, Reward=276.89 +/- 18.37, EpLength: 253.20 +/- 23.86
05-01-24 13:00[icct.rl_helpers.eval_callback]INFO | (Eval ) num_timesteps=243000, Reward=276.64 +/- 16.08, EpLength: 261.20 +/- 27.93
05-01-24 13:00[icct.rl_helpers.eval_callback]INFO | (Eval ) num_timesteps=244500, Reward=283.27 +/- 7.38, EpLength: 237.00 +/- 16.57
05-01-24 13:00[icct.rl_helpers.eval_callback]INFO | (Train) Episode: 800, Avg Reward: 276.7202371723743, Best: 276.7202371723743
05-01-24 13:01[icct.rl_helpers.eval_callback]INFO | (Eval ) num_timesteps=246000, Reward=278.35 +/- 7.88, EpLength: 242.20 +/- 27.82
05-01-24 13:01[icct.rl_helpers.eval_callback]INFO | (Eval ) num_timesteps=247500, Reward=275.16 +/- 11.55, EpLength: 234.20 +/- 28.54
05-01-24 13:01[icct.rl_helpers.eval_callback]INFO | (Eval ) num_timesteps=249000, Reward=269.66 +/- 13.38, EpLength: 246.00 +/- 24.96
05-01-24 13:01[icct.rl_helpers.eval_callback]INFO | (Eval ) num_timesteps=250500, Reward=266.95 +/- 17.73, EpLength: 239.40 +/- 17.68
05-01-24 13:02[icct.rl_helpers.eval_callback]INFO | (Train) Episode: 820, Avg Reward: 274.8846912902787, Best: 276.7202371723743
05-01-24 13:02[icct.rl_helpers.eval_callback]INFO | (Eval ) num_timesteps=252000, Reward=270.85 +/- 17.57, EpLength: 239.40 +/- 16.02
05-01-24 13:02[icct.rl_helpers.eval_callback]INFO | (Eval ) num_timesteps=253500, Reward=275.40 +/- 10.70, EpLength: 235.60 +/- 13.92
05-01-24 13:02[icct.rl_helpers.eval_callback]INFO | (Eval ) num_timesteps=255000, Reward=266.17 +/- 15.73, EpLength: 224.60 +/- 15.09
05-01-24 13:02[icct.rl_helpers.eval_callback]INFO | (Train) Episode: 840, Avg Reward: 274.4580032406151, Best: 276.7202371723743
05-01-24 13:03[icct.rl_helpers.eval_callback]INFO | (Eval ) num_timesteps=256500, Reward=281.64 +/- 6.58, EpLength: 212.00 +/- 15.81
05-01-24 13:03[icct.rl_helpers.eval_callback]INFO | (Eval ) num_timesteps=258000, Reward=281.50 +/- 18.66, EpLength: 315.60 +/- 214.07
05-01-24 13:03[icct.rl_helpers.eval_callback]INFO | (Eval ) num_timesteps=259500, Reward=277.51 +/- 17.11, EpLength: 197.40 +/- 7.28
05-01-24 13:03[icct.rl_helpers.eval_callback]INFO | (Train) Episode: 860, Avg Reward: 272.18692703142284, Best: 276.7202371723743
05-01-24 13:04[icct.rl_helpers.eval_callback]INFO | (Eval ) num_timesteps=261000, Reward=278.17 +/- 16.26, EpLength: 204.60 +/- 19.74
05-01-24 13:04[icct.rl_helpers.eval_callback]INFO | (Eval ) num_timesteps=262500, Reward=260.30 +/- 12.89, EpLength: 226.80 +/- 13.75
05-01-24 13:04[icct.rl_helpers.eval_callback]INFO | (Eval ) num_timesteps=264000, Reward=281.95 +/- 13.67, EpLength: 210.00 +/- 21.98
05-01-24 13:04[icct.rl_helpers.eval_callback]INFO | (Train) Episode: 880, Avg Reward: 273.4254548845871, Best: 276.7202371723743
05-01-24 13:04[icct.rl_helpers.eval_callback]INFO | (Eval ) num_timesteps=265500, Reward=275.80 +/- 13.03, EpLength: 224.20 +/- 20.51
05-01-24 13:05[icct.rl_helpers.eval_callback]INFO | (Eval ) num_timesteps=267000, Reward=288.65 +/- 11.81, EpLength: 216.40 +/- 16.64
05-01-24 13:05[icct.rl_helpers.eval_callback]INFO | (Save ) Storing Best Model: New best mean reward!
05-01-24 13:05[icct.rl_helpers.eval_callback]INFO | (Eval ) num_timesteps=268500, Reward=272.60 +/- 6.79, EpLength: 211.60 +/- 22.00
05-01-24 13:05[icct.rl_helpers.eval_callback]INFO | (Train) Episode: 900, Avg Reward: 273.36045222843495, Best: 276.7202371723743
05-01-24 13:05[icct.rl_helpers.eval_callback]INFO | (Eval ) num_timesteps=270000, Reward=270.85 +/- 14.68, EpLength: 220.20 +/- 28.78
05-01-24 13:06[icct.rl_helpers.eval_callback]INFO | (Eval ) num_timesteps=271500, Reward=262.08 +/- 26.28, EpLength: 213.00 +/- 19.19
05-01-24 13:06[icct.rl_helpers.eval_callback]INFO | (Eval ) num_timesteps=273000, Reward=270.94 +/- 31.94, EpLength: 201.60 +/- 17.23
05-01-24 13:06[icct.rl_helpers.eval_callback]INFO | (Train) Episode: 920, Avg Reward: 278.47420181316824, Best: 278.6343366893306
05-01-24 13:06[icct.rl_helpers.eval_callback]INFO | (Eval ) num_timesteps=274500, Reward=284.78 +/- 7.21, EpLength: 222.80 +/- 16.12
05-01-24 13:07[icct.rl_helpers.eval_callback]INFO | (Eval ) num_timesteps=276000, Reward=271.96 +/- 24.53, EpLength: 201.60 +/- 6.50
05-01-24 13:07[icct.rl_helpers.eval_callback]INFO | (Eval ) num_timesteps=277500, Reward=274.90 +/- 25.19, EpLength: 205.60 +/- 15.50
05-01-24 13:07[icct.rl_helpers.eval_callback]INFO | (Train) Episode: 940, Avg Reward: 279.8065398955655, Best: 279.8065398955655
05-01-24 13:07[icct.rl_helpers.eval_callback]INFO | (Eval ) num_timesteps=279000, Reward=289.43 +/- 11.95, EpLength: 216.80 +/- 11.55
05-01-24 13:07[icct.rl_helpers.eval_callback]INFO | (Save ) Storing Best Model: New best mean reward!
05-01-24 13:07[icct.rl_helpers.eval_callback]INFO | (Eval ) num_timesteps=280500, Reward=260.93 +/- 17.01, EpLength: 216.40 +/- 8.55
05-01-24 13:08[icct.rl_helpers.eval_callback]INFO | (Eval ) num_timesteps=282000, Reward=289.55 +/- 8.51, EpLength: 241.40 +/- 14.72
05-01-24 13:08[icct.rl_helpers.eval_callback]INFO | (Save ) Storing Best Model: New best mean reward!
05-01-24 13:08[icct.rl_helpers.eval_callback]INFO | (Train) Episode: 960, Avg Reward: 282.4065506099747, Best: 282.64234664235187
05-01-24 13:08[icct.rl_helpers.eval_callback]INFO | (Eval ) num_timesteps=283500, Reward=270.87 +/- 18.75, EpLength: 223.40 +/- 19.50
05-01-24 13:08[icct.rl_helpers.eval_callback]INFO | (Eval ) num_timesteps=285000, Reward=268.30 +/- 20.15, EpLength: 205.80 +/- 17.46
05-01-24 13:09[icct.rl_helpers.eval_callback]INFO | (Train) Episode: 980, Avg Reward: 282.0183147223146, Best: 282.8602504803565
05-01-24 13:09[icct.rl_helpers.eval_callback]INFO | (Eval ) num_timesteps=286500, Reward=278.72 +/- 18.87, EpLength: 237.60 +/- 26.08
05-01-24 13:09[icct.rl_helpers.eval_callback]INFO | (Eval ) num_timesteps=288000, Reward=272.47 +/- 10.20, EpLength: 221.00 +/- 15.43
05-01-24 13:09[icct.rl_helpers.eval_callback]INFO | (Eval ) num_timesteps=289500, Reward=272.01 +/- 17.14, EpLength: 207.80 +/- 10.40
05-01-24 13:09[icct.rl_helpers.eval_callback]INFO | (Train) Episode: 1000, Avg Reward: 283.1502227647839, Best: 284.00290140400267
05-01-24 13:09[icct.rl_helpers.eval_callback]INFO | (Eval ) num_timesteps=291000, Reward=284.51 +/- 11.55, EpLength: 234.40 +/- 19.92
05-01-24 13:10[icct.rl_helpers.eval_callback]INFO | (Eval ) num_timesteps=292500, Reward=280.06 +/- 17.97, EpLength: 226.00 +/- 17.50
05-01-24 13:10[icct.rl_helpers.eval_callback]INFO | (Eval ) num_timesteps=294000, Reward=269.09 +/- 18.88, EpLength: 232.40 +/- 25.46
05-01-24 13:10[icct.rl_helpers.eval_callback]INFO | (Train) Episode: 1020, Avg Reward: 279.4255779209958, Best: 284.00290140400267
05-01-24 13:10[icct.rl_helpers.eval_callback]INFO | (Eval ) num_timesteps=295500, Reward=264.39 +/- 6.46, EpLength: 213.20 +/- 8.63
05-01-24 13:11[icct.rl_helpers.eval_callback]INFO | (Eval ) num_timesteps=297000, Reward=281.71 +/- 16.42, EpLength: 238.20 +/- 20.43
05-01-24 13:11[icct.rl_helpers.eval_callback]INFO | (Eval ) num_timesteps=298500, Reward=278.75 +/- 16.36, EpLength: 228.80 +/- 27.06
05-01-24 13:11[icct.rl_helpers.eval_callback]INFO | (Train) Episode: 1040, Avg Reward: 280.86069129913716, Best: 284.00290140400267
05-01-24 13:11[icct.rl_helpers.eval_callback]INFO | (Eval ) num_timesteps=300000, Reward=273.51 +/- 23.14, EpLength: 234.80 +/- 25.15
05-01-24 13:12[icct.rl_helpers.eval_callback]INFO | (Eval ) num_timesteps=301500, Reward=274.15 +/- 30.86, EpLength: 230.00 +/- 10.83
05-01-24 13:12[icct.rl_helpers.eval_callback]INFO | (Eval ) num_timesteps=303000, Reward=287.91 +/- 11.98, EpLength: 249.60 +/- 26.48
05-01-24 13:12[icct.rl_helpers.eval_callback]INFO | (Train) Episode: 1060, Avg Reward: 280.72621805115745, Best: 284.00290140400267
05-01-24 13:12[icct.rl_helpers.eval_callback]INFO | (Eval ) num_timesteps=304500, Reward=272.36 +/- 25.74, EpLength: 240.60 +/- 21.26
05-01-24 13:12[icct.rl_helpers.eval_callback]INFO | (Eval ) num_timesteps=306000, Reward=278.15 +/- 12.93, EpLength: 249.20 +/- 9.87
05-01-24 13:13[icct.rl_helpers.eval_callback]INFO | (Eval ) num_timesteps=307500, Reward=266.93 +/- 21.03, EpLength: 241.20 +/- 12.81
05-01-24 13:13[icct.rl_helpers.eval_callback]INFO | (Train) Episode: 1080, Avg Reward: 279.1763199450874, Best: 284.00290140400267
05-01-24 13:13[icct.rl_helpers.eval_callback]INFO | (Eval ) num_timesteps=309000, Reward=274.51 +/- 9.95, EpLength: 218.80 +/- 14.03
05-01-24 13:13[icct.rl_helpers.eval_callback]INFO | (Eval ) num_timesteps=310500, Reward=273.82 +/- 14.07, EpLength: 241.40 +/- 15.91
05-01-24 13:14[icct.rl_helpers.eval_callback]INFO | (Eval ) num_timesteps=312000, Reward=256.92 +/- 15.90, EpLength: 235.20 +/- 11.32
05-01-24 13:14[icct.rl_helpers.eval_callback]INFO | (Train) Episode: 1100, Avg Reward: 276.00931582799797, Best: 284.00290140400267
05-01-24 13:14[icct.rl_helpers.eval_callback]INFO | (Eval ) num_timesteps=313500, Reward=265.83 +/- 19.12, EpLength: 246.00 +/- 12.08
05-01-24 13:14[icct.rl_helpers.eval_callback]INFO | (Eval ) num_timesteps=315000, Reward=267.72 +/- 20.08, EpLength: 246.40 +/- 20.58
05-01-24 13:15[icct.rl_helpers.eval_callback]INFO | (Eval ) num_timesteps=316500, Reward=264.30 +/- 24.03, EpLength: 238.60 +/- 17.97
05-01-24 13:15[icct.rl_helpers.eval_callback]INFO | (Train) Episode: 1120, Avg Reward: 277.401599419668, Best: 284.00290140400267
05-01-24 13:15[icct.rl_helpers.eval_callback]INFO | (Eval ) num_timesteps=318000, Reward=283.56 +/- 16.53, EpLength: 241.20 +/- 12.54
05-01-24 13:15[icct.rl_helpers.eval_callback]INFO | (Eval ) num_timesteps=319500, Reward=277.91 +/- 13.32, EpLength: 243.00 +/- 11.98
05-01-24 13:15[icct.rl_helpers.eval_callback]INFO | (Eval ) num_timesteps=321000, Reward=254.73 +/- 16.10, EpLength: 230.40 +/- 25.02
05-01-24 13:15[icct.rl_helpers.eval_callback]INFO | (Train) Episode: 1140, Avg Reward: 276.23915674755665, Best: 284.00290140400267
05-01-24 13:16[icct.rl_helpers.eval_callback]INFO | (Eval ) num_timesteps=322500, Reward=282.57 +/- 22.67, EpLength: 241.00 +/- 24.81
05-01-24 13:16[icct.rl_helpers.eval_callback]INFO | (Eval ) num_timesteps=324000, Reward=290.74 +/- 14.55, EpLength: 240.20 +/- 17.63
05-01-24 13:16[icct.rl_helpers.eval_callback]INFO | (Save ) Storing Best Model: New best mean reward!
05-01-24 13:16[icct.rl_helpers.eval_callback]INFO | (Eval ) num_timesteps=325500, Reward=273.05 +/- 9.91, EpLength: 240.40 +/- 21.00
05-01-24 13:17[icct.rl_helpers.eval_callback]INFO | (Train) Episode: 1160, Avg Reward: 274.4392083949555, Best: 284.00290140400267
05-01-24 13:17[icct.rl_helpers.eval_callback]INFO | (Eval ) num_timesteps=327000, Reward=260.83 +/- 24.85, EpLength: 216.00 +/- 19.65
05-01-24 13:17[icct.rl_helpers.eval_callback]INFO | (Eval ) num_timesteps=328500, Reward=291.02 +/- 11.54, EpLength: 222.20 +/- 14.70
05-01-24 13:17[icct.rl_helpers.eval_callback]INFO | (Save ) Storing Best Model: New best mean reward!
05-01-24 13:17[icct.rl_helpers.eval_callback]INFO | (Eval ) num_timesteps=330000, Reward=276.77 +/- 18.96, EpLength: 234.20 +/- 14.01
05-01-24 13:17[icct.rl_helpers.eval_callback]INFO | (Train) Episode: 1180, Avg Reward: 273.6885881657606, Best: 284.00290140400267
05-01-24 13:18[icct.rl_helpers.eval_callback]INFO | (Eval ) num_timesteps=331500, Reward=282.34 +/- 17.13, EpLength: 259.00 +/- 8.74
05-01-24 13:18[icct.rl_helpers.eval_callback]INFO | (Eval ) num_timesteps=333000, Reward=263.70 +/- 7.36, EpLength: 245.00 +/- 8.60
05-01-24 13:18[icct.rl_helpers.eval_callback]INFO | (Eval ) num_timesteps=334500, Reward=274.50 +/- 21.87, EpLength: 235.80 +/- 13.56
05-01-24 13:18[icct.rl_helpers.eval_callback]INFO | (Train) Episode: 1200, Avg Reward: 274.4912519416818, Best: 284.00290140400267
05-01-24 13:18[icct.rl_helpers.eval_callback]INFO | (Eval ) num_timesteps=336000, Reward=284.83 +/- 6.36, EpLength: 226.20 +/- 22.30
05-01-24 13:19[icct.rl_helpers.eval_callback]INFO | (Eval ) num_timesteps=337500, Reward=275.16 +/- 23.59, EpLength: 236.80 +/- 17.95
05-01-24 13:19[icct.rl_helpers.eval_callback]INFO | (Eval ) num_timesteps=339000, Reward=280.99 +/- 26.35, EpLength: 224.40 +/- 14.35
05-01-24 13:19[icct.rl_helpers.eval_callback]INFO | (Train) Episode: 1220, Avg Reward: 275.17613966497464, Best: 284.00290140400267
05-01-24 13:19[icct.rl_helpers.eval_callback]INFO | (Eval ) num_timesteps=340500, Reward=292.87 +/- 16.20, EpLength: 211.60 +/- 8.09
05-01-24 13:19[icct.rl_helpers.eval_callback]INFO | (Save ) Storing Best Model: New best mean reward!
05-01-24 13:20[icct.rl_helpers.eval_callback]INFO | (Eval ) num_timesteps=342000, Reward=299.45 +/- 12.98, EpLength: 235.80 +/- 17.05
05-01-24 13:20[icct.rl_helpers.eval_callback]INFO | (Save ) Storing Best Model: New best mean reward!
05-01-24 13:20[icct.rl_helpers.eval_callback]INFO | (Eval ) num_timesteps=343500, Reward=275.18 +/- 21.74, EpLength: 224.20 +/- 28.25
05-01-24 13:20[icct.rl_helpers.eval_callback]INFO | (Train) Episode: 1240, Avg Reward: 275.68077744671393, Best: 284.00290140400267
05-01-24 13:20[icct.rl_helpers.eval_callback]INFO | (Eval ) num_timesteps=345000, Reward=283.81 +/- 8.27, EpLength: 215.60 +/- 30.08
05-01-24 13:21[icct.rl_helpers.eval_callback]INFO | (Eval ) num_timesteps=346500, Reward=259.37 +/- 26.50, EpLength: 268.60 +/- 132.89
05-01-24 13:21[icct.rl_helpers.eval_callback]INFO | (Train) Episode: 1260, Avg Reward: 276.7179787966004, Best: 284.00290140400267
05-01-24 13:21[icct.rl_helpers.eval_callback]INFO | (Eval ) num_timesteps=348000, Reward=284.12 +/- 13.42, EpLength: 224.40 +/- 18.49
05-01-24 13:21[icct.rl_helpers.eval_callback]INFO | (Eval ) num_timesteps=349500, Reward=262.61 +/- 11.60, EpLength: 220.40 +/- 16.43
05-01-24 13:21[icct.rl_helpers.eval_callback]INFO | (Eval ) num_timesteps=351000, Reward=279.48 +/- 9.95, EpLength: 230.60 +/- 26.72
05-01-24 13:22[icct.rl_helpers.eval_callback]INFO | (Train) Episode: 1280, Avg Reward: 277.8077529939517, Best: 284.00290140400267
05-01-24 13:22[icct.rl_helpers.eval_callback]INFO | (Eval ) num_timesteps=352500, Reward=283.61 +/- 17.49, EpLength: 207.40 +/- 20.54
05-01-24 13:22[icct.rl_helpers.eval_callback]INFO | (Eval ) num_timesteps=354000, Reward=275.74 +/- 12.43, EpLength: 203.80 +/- 23.06
05-01-24 13:22[icct.rl_helpers.eval_callback]INFO | (Eval ) num_timesteps=355500, Reward=276.59 +/- 18.96, EpLength: 226.00 +/- 18.58
05-01-24 13:23[icct.rl_helpers.eval_callback]INFO | (Eval ) num_timesteps=357000, Reward=292.53 +/- 10.14, EpLength: 225.60 +/- 11.11
05-01-24 13:23[icct.rl_helpers.eval_callback]INFO | (Train) Episode: 1300, Avg Reward: 274.8992911883192, Best: 284.00290140400267
05-01-24 13:23[icct.rl_helpers.eval_callback]INFO | (Eval ) num_timesteps=358500, Reward=294.70 +/- 21.64, EpLength: 216.80 +/- 26.84
05-01-24 13:23[icct.rl_helpers.eval_callback]INFO | (Eval ) num_timesteps=360000, Reward=278.01 +/- 21.52, EpLength: 198.40 +/- 10.09
05-01-24 13:23[icct.rl_helpers.eval_callback]INFO | (Train) Episode: 1320, Avg Reward: 276.04210614044655, Best: 284.00290140400267
05-01-24 13:23[icct.rl_helpers.eval_callback]INFO | (Eval ) num_timesteps=361500, Reward=297.66 +/- 21.50, EpLength: 206.60 +/- 39.32
05-01-24 13:24[icct.rl_helpers.eval_callback]INFO | (Eval ) num_timesteps=363000, Reward=287.11 +/- 19.51, EpLength: 200.20 +/- 12.01
05-01-24 13:24[icct.rl_helpers.eval_callback]INFO | (Eval ) num_timesteps=364500, Reward=271.67 +/- 19.25, EpLength: 201.60 +/- 7.76
05-01-24 13:24[icct.rl_helpers.eval_callback]INFO | (Train) Episode: 1340, Avg Reward: 276.8878600470105, Best: 284.00290140400267
05-01-24 13:24[icct.rl_helpers.eval_callback]INFO | (Eval ) num_timesteps=366000, Reward=275.36 +/- 13.96, EpLength: 259.40 +/- 136.82
05-01-24 13:25[icct.rl_helpers.eval_callback]INFO | (Eval ) num_timesteps=367500, Reward=270.88 +/- 14.60, EpLength: 187.00 +/- 15.03
05-01-24 13:25[icct.rl_helpers.eval_callback]INFO | (Eval ) num_timesteps=369000, Reward=278.86 +/- 17.90, EpLength: 179.20 +/- 10.23
05-01-24 13:25[icct.rl_helpers.eval_callback]INFO | (Eval ) num_timesteps=370500, Reward=282.02 +/- 11.60, EpLength: 169.80 +/- 16.62
05-01-24 13:25[icct.rl_helpers.eval_callback]INFO | (Train) Episode: 1360, Avg Reward: 272.6959522866486, Best: 284.00290140400267
05-01-24 13:26[icct.rl_helpers.eval_callback]INFO | (Eval ) num_timesteps=372000, Reward=278.48 +/- 14.17, EpLength: 201.40 +/- 20.24
05-01-24 13:26[icct.rl_helpers.eval_callback]INFO | (Eval ) num_timesteps=373500, Reward=276.20 +/- 9.77, EpLength: 180.20 +/- 12.73
05-01-24 13:26[icct.rl_helpers.eval_callback]INFO | (Eval ) num_timesteps=375000, Reward=280.42 +/- 18.39, EpLength: 271.00 +/- 126.30
05-01-24 13:26[icct.rl_helpers.eval_callback]INFO | (Eval ) num_timesteps=376500, Reward=272.43 +/- 11.58, EpLength: 192.80 +/- 23.64
05-01-24 13:27[icct.rl_helpers.eval_callback]INFO | (Train) Episode: 1380, Avg Reward: 270.80815909984454, Best: 284.00290140400267
05-01-24 13:27[icct.rl_helpers.eval_callback]INFO | (Eval ) num_timesteps=378000, Reward=266.28 +/- 21.63, EpLength: 232.00 +/- 77.98
05-01-24 13:27[icct.rl_helpers.eval_callback]INFO | (Eval ) num_timesteps=379500, Reward=282.81 +/- 14.88, EpLength: 191.20 +/- 14.09
05-01-24 13:27[icct.rl_helpers.eval_callback]INFO | (Eval ) num_timesteps=381000, Reward=282.53 +/- 25.25, EpLength: 177.20 +/- 14.20
05-01-24 13:28[icct.rl_helpers.eval_callback]INFO | (Eval ) num_timesteps=382500, Reward=269.65 +/- 4.13, EpLength: 187.20 +/- 14.92
05-01-24 13:28[icct.rl_helpers.eval_callback]INFO | (Eval ) num_timesteps=384000, Reward=279.54 +/- 15.42, EpLength: 195.40 +/- 27.44
05-01-24 13:28[icct.rl_helpers.eval_callback]INFO | (Train) Episode: 1400, Avg Reward: 267.2723766680886, Best: 284.00290140400267
05-01-24 13:28[icct.rl_helpers.eval_callback]INFO | (Eval ) num_timesteps=385500, Reward=294.87 +/- 16.40, EpLength: 194.40 +/- 18.37
05-01-24 13:29[icct.rl_helpers.eval_callback]INFO | (Eval ) num_timesteps=387000, Reward=277.50 +/- 9.85, EpLength: 189.60 +/- 19.15
05-01-24 13:29[icct.rl_helpers.eval_callback]INFO | (Eval ) num_timesteps=388500, Reward=278.77 +/- 15.36, EpLength: 174.80 +/- 20.33
05-01-24 13:29[icct.rl_helpers.eval_callback]INFO | (Eval ) num_timesteps=390000, Reward=263.26 +/- 8.16, EpLength: 219.00 +/- 88.34
05-01-24 13:29[icct.rl_helpers.eval_callback]INFO | (Train) Episode: 1420, Avg Reward: 264.97318039843776, Best: 284.00290140400267
05-01-24 13:29[icct.rl_helpers.eval_callback]INFO | (Eval ) num_timesteps=391500, Reward=283.18 +/- 7.32, EpLength: 184.20 +/- 16.53
05-01-24 13:30[icct.rl_helpers.eval_callback]INFO | (Eval ) num_timesteps=393000, Reward=299.06 +/- 9.00, EpLength: 219.20 +/- 16.29
05-01-24 13:30[icct.rl_helpers.eval_callback]INFO | (Eval ) num_timesteps=394500, Reward=299.04 +/- 7.87, EpLength: 190.60 +/- 31.87
05-01-24 13:30[icct.rl_helpers.eval_callback]INFO | (Eval ) num_timesteps=396000, Reward=281.37 +/- 19.71, EpLength: 193.60 +/- 27.71
05-01-24 13:30[icct.rl_helpers.eval_callback]INFO | (Train) Episode: 1440, Avg Reward: 261.4824847639536, Best: 284.00290140400267
05-01-24 13:31[icct.rl_helpers.eval_callback]INFO | (Eval ) num_timesteps=397500, Reward=271.01 +/- 21.63, EpLength: 179.40 +/- 27.66
05-01-24 13:31[icct.rl_helpers.eval_callback]INFO | (Eval ) num_timesteps=399000, Reward=287.57 +/- 19.01, EpLength: 193.00 +/- 38.67
05-01-24 13:31[icct.rl_helpers.eval_callback]INFO | (Eval ) num_timesteps=400500, Reward=278.53 +/- 10.27, EpLength: 189.60 +/- 16.19
05-01-24 13:31[icct.rl_helpers.eval_callback]INFO | (Train) Episode: 1460, Avg Reward: 265.3802768458674, Best: 284.00290140400267
05-01-24 13:32[icct.rl_helpers.eval_callback]INFO | (Eval ) num_timesteps=402000, Reward=293.43 +/- 8.76, EpLength: 199.00 +/- 26.74
05-01-24 13:32[icct.rl_helpers.eval_callback]INFO | (Eval ) num_timesteps=403500, Reward=280.45 +/- 13.71, EpLength: 189.00 +/- 38.69
05-01-24 13:32[icct.rl_helpers.eval_callback]INFO | (Eval ) num_timesteps=405000, Reward=275.59 +/- 19.16, EpLength: 181.40 +/- 15.05
05-01-24 13:32[icct.rl_helpers.eval_callback]INFO | (Train) Episode: 1480, Avg Reward: 267.5531274750263, Best: 284.00290140400267
05-01-24 13:32[icct.rl_helpers.eval_callback]INFO | (Eval ) num_timesteps=406500, Reward=291.28 +/- 15.60, EpLength: 203.20 +/- 35.55
05-01-24 13:33[icct.rl_helpers.eval_callback]INFO | (Eval ) num_timesteps=408000, Reward=280.11 +/- 13.77, EpLength: 202.40 +/- 42.11
05-01-24 13:33[icct.rl_helpers.eval_callback]INFO | (Eval ) num_timesteps=409500, Reward=289.89 +/- 15.86, EpLength: 184.20 +/- 28.59
05-01-24 13:33[icct.rl_helpers.eval_callback]INFO | (Train) Episode: 1500, Avg Reward: 274.8738650063902, Best: 284.00290140400267
05-01-24 13:33[icct.rl_helpers.eval_callback]INFO | (Eval ) num_timesteps=411000, Reward=283.91 +/- 14.11, EpLength: 192.40 +/- 22.04
05-01-24 13:34[icct.rl_helpers.eval_callback]INFO | (Eval ) num_timesteps=412500, Reward=301.04 +/- 10.18, EpLength: 195.80 +/- 39.31
05-01-24 13:34[icct.rl_helpers.eval_callback]INFO | (Save ) Storing Best Model: New best mean reward!
05-01-24 13:34[icct.rl_helpers.eval_callback]INFO | (Eval ) num_timesteps=414000, Reward=268.28 +/- 11.90, EpLength: 177.60 +/- 17.72
05-01-24 13:34[icct.rl_helpers.eval_callback]INFO | (Train) Episode: 1520, Avg Reward: 276.1137607770172, Best: 284.00290140400267
05-01-24 13:34[icct.rl_helpers.eval_callback]INFO | (Eval ) num_timesteps=415500, Reward=282.67 +/- 23.72, EpLength: 197.80 +/- 24.38
05-01-24 13:34[icct.rl_helpers.eval_callback]INFO | (Eval ) num_timesteps=417000, Reward=273.76 +/- 12.50, EpLength: 172.00 +/- 21.79
05-01-24 13:35[icct.rl_helpers.eval_callback]INFO | (Train) Episode: 1540, Avg Reward: 276.9878163387464, Best: 284.00290140400267
05-01-24 13:35[icct.rl_helpers.eval_callback]INFO | (Eval ) num_timesteps=418500, Reward=265.06 +/- 7.76, EpLength: 175.40 +/- 13.03
05-01-24 13:35[icct.rl_helpers.eval_callback]INFO | (Eval ) num_timesteps=420000, Reward=261.98 +/- 68.25, EpLength: 343.00 +/- 329.26
05-01-24 13:35[icct.rl_helpers.eval_callback]INFO | (Eval ) num_timesteps=421500, Reward=238.45 +/- 69.10, EpLength: 361.80 +/- 319.49
05-01-24 13:36[icct.rl_helpers.eval_callback]INFO | (Eval ) num_timesteps=423000, Reward=277.31 +/- 21.94, EpLength: 241.80 +/- 94.88
05-01-24 13:36[icct.rl_helpers.eval_callback]INFO | (Eval ) num_timesteps=424500, Reward=263.43 +/- 31.06, EpLength: 265.60 +/- 161.91
05-01-24 13:36[icct.rl_helpers.eval_callback]INFO | (Train) Episode: 1560, Avg Reward: 273.0334370750612, Best: 284.00290140400267
05-01-24 13:36[icct.rl_helpers.eval_callback]INFO | (Eval ) num_timesteps=426000, Reward=264.58 +/- 40.13, EpLength: 330.40 +/- 326.03
05-01-24 13:37[icct.rl_helpers.eval_callback]INFO | (Eval ) num_timesteps=427500, Reward=277.61 +/- 10.32, EpLength: 179.60 +/- 23.33
05-01-24 13:37[icct.rl_helpers.eval_callback]INFO | (Eval ) num_timesteps=429000, Reward=232.39 +/- 63.10, EpLength: 506.60 +/- 403.13
05-01-24 13:37[icct.rl_helpers.eval_callback]INFO | (Train) Episode: 1580, Avg Reward: 272.1758304023942, Best: 284.00290140400267
05-01-24 13:37[icct.rl_helpers.eval_callback]INFO | (Eval ) num_timesteps=430500, Reward=278.70 +/- 18.55, EpLength: 209.40 +/- 21.36
05-01-24 13:38[icct.rl_helpers.eval_callback]INFO | (Eval ) num_timesteps=432000, Reward=269.00 +/- 29.90, EpLength: 281.00 +/- 166.41
05-01-24 13:38[icct.rl_helpers.eval_callback]INFO | (Eval ) num_timesteps=433500, Reward=245.75 +/- 54.08, EpLength: 408.00 +/- 304.74
05-01-24 13:38[icct.rl_helpers.eval_callback]INFO | (Train) Episode: 1600, Avg Reward: 271.5722225342213, Best: 284.00290140400267
05-01-24 13:38[icct.rl_helpers.eval_callback]INFO | (Eval ) num_timesteps=435000, Reward=282.55 +/- 13.94, EpLength: 185.60 +/- 10.63
05-01-24 13:38[icct.rl_helpers.eval_callback]INFO | (Eval ) num_timesteps=436500, Reward=285.19 +/- 14.00, EpLength: 190.20 +/- 31.01
05-01-24 13:39[icct.rl_helpers.eval_callback]INFO | (Train) Episode: 1620, Avg Reward: 270.4176724814007, Best: 284.00290140400267
05-01-24 13:39[icct.rl_helpers.eval_callback]INFO | (Eval ) num_timesteps=438000, Reward=275.55 +/- 19.83, EpLength: 242.40 +/- 102.10
05-01-24 13:39[icct.rl_helpers.eval_callback]INFO | (Eval ) num_timesteps=439500, Reward=271.90 +/- 25.58, EpLength: 266.80 +/- 191.78
05-01-24 13:39[icct.rl_helpers.eval_callback]INFO | (Eval ) num_timesteps=441000, Reward=286.29 +/- 7.01, EpLength: 240.00 +/- 77.37
05-01-24 13:40[icct.rl_helpers.eval_callback]INFO | (Train) Episode: 1640, Avg Reward: 271.47100130052, Best: 284.00290140400267
05-01-24 13:40[icct.rl_helpers.eval_callback]INFO | (Eval ) num_timesteps=442500, Reward=270.60 +/- 11.18, EpLength: 189.80 +/- 19.24
05-01-24 13:40[icct.rl_helpers.eval_callback]INFO | (Eval ) num_timesteps=444000, Reward=274.49 +/- 14.13, EpLength: 182.40 +/- 10.33
05-01-24 13:40[icct.rl_helpers.eval_callback]INFO | (Eval ) num_timesteps=445500, Reward=266.77 +/- 18.35, EpLength: 191.20 +/- 22.44
05-01-24 13:40[icct.rl_helpers.eval_callback]INFO | (Train) Episode: 1660, Avg Reward: 277.0717191403145, Best: 284.00290140400267
05-01-24 13:41[icct.rl_helpers.eval_callback]INFO | (Eval ) num_timesteps=447000, Reward=268.68 +/- 19.49, EpLength: 176.00 +/- 10.22
05-01-24 13:41[icct.rl_helpers.eval_callback]INFO | (Eval ) num_timesteps=448500, Reward=269.33 +/- 8.56, EpLength: 216.20 +/- 40.59
05-01-24 13:41[icct.rl_helpers.eval_callback]INFO | (Eval ) num_timesteps=450000, Reward=277.19 +/- 11.89, EpLength: 196.00 +/- 44.78
05-01-24 13:41[icct.rl_helpers.eval_callback]INFO | (Eval ) num_timesteps=451500, Reward=283.64 +/- 24.27, EpLength: 203.00 +/- 35.82
05-01-24 13:41[icct.rl_helpers.eval_callback]INFO | (Train) Episode: 1680, Avg Reward: 278.01148983183737, Best: 284.00290140400267
05-01-24 13:42[icct.rl_helpers.eval_callback]INFO | (Eval ) num_timesteps=453000, Reward=285.99 +/- 17.20, EpLength: 181.20 +/- 20.12
05-01-24 13:42[icct.rl_helpers.eval_callback]INFO | (Eval ) num_timesteps=454500, Reward=279.96 +/- 17.39, EpLength: 183.60 +/- 25.03
05-01-24 13:42[icct.rl_helpers.eval_callback]INFO | (Train) Episode: 1700, Avg Reward: 278.12218510835936, Best: 284.00290140400267
05-01-24 13:42[icct.rl_helpers.eval_callback]INFO | (Eval ) num_timesteps=456000, Reward=289.33 +/- 22.94, EpLength: 187.40 +/- 33.19
05-01-24 13:43[icct.rl_helpers.eval_callback]INFO | (Eval ) num_timesteps=457500, Reward=249.25 +/- 72.11, EpLength: 357.80 +/- 322.47
05-01-24 13:43[icct.rl_helpers.eval_callback]INFO | (Eval ) num_timesteps=459000, Reward=291.27 +/- 16.11, EpLength: 181.60 +/- 38.66
05-01-24 13:43[icct.rl_helpers.eval_callback]INFO | (Train) Episode: 1720, Avg Reward: 278.3888645974157, Best: 284.00290140400267
05-01-24 13:43[icct.rl_helpers.eval_callback]INFO | (Eval ) num_timesteps=460500, Reward=277.53 +/- 20.92, EpLength: 188.60 +/- 28.83
05-01-24 13:43[icct.rl_helpers.eval_callback]INFO | (Eval ) num_timesteps=462000, Reward=276.40 +/- 18.37, EpLength: 278.20 +/- 120.61
05-01-24 13:44[icct.rl_helpers.eval_callback]INFO | (Eval ) num_timesteps=463500, Reward=279.32 +/- 7.57, EpLength: 167.20 +/- 26.21
05-01-24 13:44[icct.rl_helpers.eval_callback]INFO | (Train) Episode: 1740, Avg Reward: 277.11207316272174, Best: 284.00290140400267
05-01-24 13:44[icct.rl_helpers.eval_callback]INFO | (Eval ) num_timesteps=465000, Reward=271.88 +/- 15.67, EpLength: 209.00 +/- 27.50
05-01-24 13:44[icct.rl_helpers.eval_callback]INFO | (Eval ) num_timesteps=466500, Reward=257.41 +/- 14.82, EpLength: 252.60 +/- 180.91
05-01-24 13:45[icct.rl_helpers.eval_callback]INFO | (Eval ) num_timesteps=468000, Reward=263.07 +/- 25.96, EpLength: 317.00 +/- 168.19
05-01-24 13:45[icct.rl_helpers.eval_callback]INFO | (Eval ) num_timesteps=469500, Reward=279.86 +/- 11.63, EpLength: 206.80 +/- 47.26
05-01-24 13:45[icct.rl_helpers.eval_callback]INFO | (Eval ) num_timesteps=471000, Reward=292.95 +/- 6.88, EpLength: 204.00 +/- 18.01
05-01-24 13:45[icct.rl_helpers.eval_callback]INFO | (Train) Episode: 1760, Avg Reward: 271.4696028962135, Best: 284.00290140400267
05-01-24 13:46[icct.rl_helpers.eval_callback]INFO | (Eval ) num_timesteps=472500, Reward=278.63 +/- 21.03, EpLength: 301.80 +/- 180.49
05-01-24 13:46[icct.rl_helpers.eval_callback]INFO | (Eval ) num_timesteps=474000, Reward=271.75 +/- 41.02, EpLength: 320.00 +/- 268.26
05-01-24 13:46[icct.rl_helpers.eval_callback]INFO | (Eval ) num_timesteps=475500, Reward=285.04 +/- 6.97, EpLength: 226.60 +/- 67.20
05-01-24 13:46[icct.rl_helpers.eval_callback]INFO | (Train) Episode: 1780, Avg Reward: 269.7923971009511, Best: 284.00290140400267
05-01-24 13:46[icct.rl_helpers.eval_callback]INFO | (Eval ) num_timesteps=477000, Reward=266.89 +/- 18.45, EpLength: 258.20 +/- 133.73
05-01-24 13:47[icct.rl_helpers.eval_callback]INFO | (Eval ) num_timesteps=478500, Reward=277.66 +/- 6.81, EpLength: 188.00 +/- 23.91
05-01-24 13:47[icct.rl_helpers.eval_callback]INFO | (Train) Episode: 1800, Avg Reward: 269.40395411380945, Best: 284.00290140400267
05-01-24 13:47[icct.rl_helpers.eval_callback]INFO | (Eval ) num_timesteps=480000, Reward=270.54 +/- 18.11, EpLength: 186.40 +/- 27.90
05-01-24 13:47[icct.rl_helpers.eval_callback]INFO | (Eval ) num_timesteps=481500, Reward=278.25 +/- 18.41, EpLength: 180.60 +/- 24.10
05-01-24 13:48[icct.rl_helpers.eval_callback]INFO | (Eval ) num_timesteps=483000, Reward=289.15 +/- 13.30, EpLength: 248.00 +/- 23.87
05-01-24 13:48[icct.rl_helpers.eval_callback]INFO | (Eval ) num_timesteps=484500, Reward=292.05 +/- 21.48, EpLength: 338.80 +/- 173.06
05-01-24 13:48[icct.rl_helpers.eval_callback]INFO | (Train) Episode: 1820, Avg Reward: 268.9325318770006, Best: 284.00290140400267
05-01-24 13:48[icct.rl_helpers.eval_callback]INFO | (Eval ) num_timesteps=486000, Reward=269.93 +/- 32.60, EpLength: 254.20 +/- 86.99
05-01-24 13:49[icct.rl_helpers.eval_callback]INFO | (Eval ) num_timesteps=487500, Reward=265.59 +/- 8.89, EpLength: 181.20 +/- 27.15
05-01-24 13:49[icct.rl_helpers.eval_callback]INFO | (Eval ) num_timesteps=489000, Reward=285.82 +/- 16.91, EpLength: 193.00 +/- 51.89
05-01-24 13:49[icct.rl_helpers.eval_callback]INFO | (Train) Episode: 1840, Avg Reward: 268.54453275767094, Best: 284.00290140400267
05-01-24 13:49[icct.rl_helpers.eval_callback]INFO | (Eval ) num_timesteps=490500, Reward=281.84 +/- 16.78, EpLength: 200.20 +/- 30.17
05-01-24 13:49[icct.rl_helpers.eval_callback]INFO | (Eval ) num_timesteps=492000, Reward=288.60 +/- 15.89, EpLength: 205.80 +/- 16.34
05-01-24 13:50[icct.rl_helpers.eval_callback]INFO | (Eval ) num_timesteps=493500, Reward=280.98 +/- 16.02, EpLength: 195.40 +/- 41.65
05-01-24 13:50[icct.rl_helpers.eval_callback]INFO | (Train) Episode: 1860, Avg Reward: 271.00511962940203, Best: 284.00290140400267
05-01-24 13:50[icct.rl_helpers.eval_callback]INFO | (Eval ) num_timesteps=495000, Reward=280.93 +/- 17.33, EpLength: 198.40 +/- 43.09
05-01-24 13:50[icct.rl_helpers.eval_callback]INFO | (Eval ) num_timesteps=496500, Reward=290.97 +/- 11.00, EpLength: 178.00 +/- 23.64
05-01-24 13:51[icct.rl_helpers.eval_callback]INFO | (Eval ) num_timesteps=498000, Reward=275.85 +/- 16.03, EpLength: 188.40 +/- 19.27
05-01-24 13:51[icct.rl_helpers.eval_callback]INFO | (Train) Episode: 1880, Avg Reward: 272.8847897333501, Best: 284.00290140400267
05-01-24 13:51[icct.rl_helpers.eval_callback]INFO | (Eval ) num_timesteps=499500, Reward=278.83 +/- 18.78, EpLength: 190.20 +/- 3.54
05-01-24 13:51[root]INFO | [END]======> Execution time of seed 19: 1 hours, 44 minutes, 40 seconds
