08-02-24 03:41[root]INFO | Training on env: walker
08-02-24 03:41[root]INFO | Agent Type: dgt_reg
08-02-24 03:41[root]INFO | Log Directory: ./logs/walker_cpu/dgt_reg/64leaves_48-40-03-08-Feb_Final/
08-02-24 03:41[root]INFO | GPU?: False
08-02-24 03:41[root]INFO | Num Leaves: 64
08-02-24 03:41[root]INFO | DGT Reg Policy
08-02-24 03:41[root]INFO | Value Net Size: [256, 256]
08-02-24 03:41[root]INFO | [START]======> Training Started for Seed [13]: 2024-02-08 03:41:23
08-02-24 03:41[root]INFO | actor: DGTregActor(
  (features_extractor): FlattenExtractor(
    (flatten): Flatten(start_dim=1, end_dim=-1)
  )
  (drnet): DGTreg(
    (_and_act_fn): Softmax(dim=-1)
    (_predicate_l): Sequential(
      (0): Linear(in_features=24, out_features=63, bias=True)
    )
    (_and_l): XLinear(
      (_l): Linear(in_features=63, out_features=64, bias=False)
    )
    (_or_l): ModuleList(
      (0-3): 4 x Linear(in_features=64, out_features=24, bias=True)
    )
  )
)
08-02-24 03:41[icct.rl_helpers.eval_callback]INFO | (Train) Episode: 0, Avg Reward: -101.484948448473, Best: -101.484948448473
08-02-24 03:41[icct.rl_helpers.eval_callback]INFO | (Eval ) num_timesteps=1500, Reward=-104.10 +/- 1.07, EpLength: 114.00 +/- 38.91
08-02-24 03:41[icct.rl_helpers.eval_callback]INFO | (Save ) Storing Best Model: New best mean reward!
08-02-24 03:41[icct.rl_helpers.eval_callback]INFO | (Eval ) num_timesteps=3000, Reward=-78.06 +/- 31.80, EpLength: 697.20 +/- 737.15
08-02-24 03:41[icct.rl_helpers.eval_callback]INFO | (Save ) Storing Best Model: New best mean reward!
08-02-24 03:41[icct.rl_helpers.eval_callback]INFO | (Eval ) num_timesteps=4500, Reward=-99.57 +/- 13.12, EpLength: 402.60 +/- 598.88
08-02-24 03:41[icct.rl_helpers.eval_callback]INFO | (Eval ) num_timesteps=6000, Reward=-81.53 +/- 33.82, EpLength: 715.40 +/- 722.78
08-02-24 03:41[icct.rl_helpers.eval_callback]INFO | (Eval ) num_timesteps=7500, Reward=-103.42 +/- 0.44, EpLength: 107.40 +/- 27.07
08-02-24 03:41[icct.rl_helpers.eval_callback]INFO | (Eval ) num_timesteps=9000, Reward=-79.74 +/- 31.26, EpLength: 727.40 +/- 713.74
08-02-24 03:41[icct.rl_helpers.eval_callback]INFO | (Train) Episode: 20, Avg Reward: -100.71589667847145, Best: -91.05536908403701
08-02-24 03:41[icct.rl_helpers.eval_callback]INFO | (Eval ) num_timesteps=10500, Reward=-95.64 +/- 0.39, EpLength: 88.60 +/- 3.01
08-02-24 03:42[icct.rl_helpers.eval_callback]INFO | (Eval ) num_timesteps=12000, Reward=-87.61 +/- 24.01, EpLength: 980.80 +/- 758.36
08-02-24 03:42[icct.rl_helpers.eval_callback]INFO | (Eval ) num_timesteps=13500, Reward=-103.12 +/- 0.05, EpLength: 84.20 +/- 0.75
08-02-24 03:42[icct.rl_helpers.eval_callback]INFO | (Eval ) num_timesteps=15000, Reward=-146.05 +/- 0.13, EpLength: 1600.00 +/- 0.00
08-02-24 03:43[icct.rl_helpers.eval_callback]INFO | (Eval ) num_timesteps=16500, Reward=-61.55 +/- 32.58, EpLength: 1600.00 +/- 0.00
08-02-24 03:43[icct.rl_helpers.eval_callback]INFO | (Save ) Storing Best Model: New best mean reward!
08-02-24 03:43[icct.rl_helpers.eval_callback]INFO | (Train) Episode: 40, Avg Reward: -103.5480056886075, Best: -91.05536908403701
08-02-24 03:43[icct.rl_helpers.eval_callback]INFO | (Eval ) num_timesteps=18000, Reward=-107.48 +/- 33.53, EpLength: 397.60 +/- 601.23
08-02-24 03:43[icct.rl_helpers.eval_callback]INFO | (Eval ) num_timesteps=19500, Reward=-113.26 +/- 17.23, EpLength: 1600.00 +/- 0.00
08-02-24 03:44[icct.rl_helpers.eval_callback]INFO | (Eval ) num_timesteps=21000, Reward=-101.00 +/- 13.18, EpLength: 1600.00 +/- 0.00
08-02-24 03:44[icct.rl_helpers.eval_callback]INFO | (Eval ) num_timesteps=22500, Reward=-110.55 +/- 2.07, EpLength: 1600.00 +/- 0.00
08-02-24 03:44[icct.rl_helpers.eval_callback]INFO | (Eval ) num_timesteps=24000, Reward=-64.82 +/- 7.25, EpLength: 1600.00 +/- 0.00
08-02-24 03:45[icct.rl_helpers.eval_callback]INFO | (Eval ) num_timesteps=25500, Reward=-108.76 +/- 6.22, EpLength: 1600.00 +/- 0.00
08-02-24 03:45[icct.rl_helpers.eval_callback]INFO | (Train) Episode: 60, Avg Reward: -110.75106414090443, Best: -91.05536908403701
08-02-24 03:45[icct.rl_helpers.eval_callback]INFO | (Eval ) num_timesteps=27000, Reward=-95.86 +/- 1.92, EpLength: 1600.00 +/- 0.00
08-02-24 03:45[icct.rl_helpers.eval_callback]INFO | (Eval ) num_timesteps=28500, Reward=-91.27 +/- 24.10, EpLength: 1600.00 +/- 0.00
08-02-24 03:46[icct.rl_helpers.eval_callback]INFO | (Eval ) num_timesteps=30000, Reward=-79.33 +/- 23.14, EpLength: 1600.00 +/- 0.00
08-02-24 03:46[icct.rl_helpers.eval_callback]INFO | (Eval ) num_timesteps=31500, Reward=-39.73 +/- 3.31, EpLength: 1600.00 +/- 0.00
08-02-24 03:46[icct.rl_helpers.eval_callback]INFO | (Save ) Storing Best Model: New best mean reward!
08-02-24 03:46[icct.rl_helpers.eval_callback]INFO | (Eval ) num_timesteps=33000, Reward=-84.17 +/- 17.80, EpLength: 1600.00 +/- 0.00
08-02-24 03:47[icct.rl_helpers.eval_callback]INFO | (Eval ) num_timesteps=34500, Reward=-38.31 +/- 3.00, EpLength: 1600.00 +/- 0.00
08-02-24 03:47[icct.rl_helpers.eval_callback]INFO | (Save ) Storing Best Model: New best mean reward!
08-02-24 03:47[icct.rl_helpers.eval_callback]INFO | (Eval ) num_timesteps=36000, Reward=-50.53 +/- 14.79, EpLength: 1600.00 +/- 0.00
08-02-24 03:47[icct.rl_helpers.eval_callback]INFO | (Eval ) num_timesteps=37500, Reward=-89.70 +/- 21.65, EpLength: 1600.00 +/- 0.00
08-02-24 03:48[icct.rl_helpers.eval_callback]INFO | (Eval ) num_timesteps=39000, Reward=-54.83 +/- 10.95, EpLength: 1600.00 +/- 0.00
08-02-24 03:48[icct.rl_helpers.eval_callback]INFO | (Eval ) num_timesteps=40500, Reward=-43.15 +/- 1.78, EpLength: 1600.00 +/- 0.00
08-02-24 03:48[icct.rl_helpers.eval_callback]INFO | (Eval ) num_timesteps=42000, Reward=-117.49 +/- 10.96, EpLength: 134.00 +/- 43.87
08-02-24 03:49[icct.rl_helpers.eval_callback]INFO | (Eval ) num_timesteps=43500, Reward=-65.71 +/- 4.32, EpLength: 1600.00 +/- 0.00
08-02-24 03:49[icct.rl_helpers.eval_callback]INFO | (Eval ) num_timesteps=45000, Reward=-75.31 +/- 3.78, EpLength: 1600.00 +/- 0.00
08-02-24 03:50[icct.rl_helpers.eval_callback]INFO | (Eval ) num_timesteps=46500, Reward=-69.76 +/- 10.99, EpLength: 1600.00 +/- 0.00
08-02-24 03:50[icct.rl_helpers.eval_callback]INFO | (Eval ) num_timesteps=48000, Reward=-59.00 +/- 4.92, EpLength: 1600.00 +/- 0.00
08-02-24 03:50[icct.rl_helpers.eval_callback]INFO | (Eval ) num_timesteps=49500, Reward=-35.38 +/- 0.65, EpLength: 1600.00 +/- 0.00
08-02-24 03:50[icct.rl_helpers.eval_callback]INFO | (Save ) Storing Best Model: New best mean reward!
08-02-24 03:51[icct.rl_helpers.eval_callback]INFO | (Eval ) num_timesteps=51000, Reward=-53.75 +/- 16.30, EpLength: 1600.00 +/- 0.00
08-02-24 03:51[icct.rl_helpers.eval_callback]INFO | (Train) Episode: 80, Avg Reward: -99.98458281705632, Best: -91.05536908403701
08-02-24 03:51[icct.rl_helpers.eval_callback]INFO | (Eval ) num_timesteps=52500, Reward=-44.33 +/- 26.32, EpLength: 1315.20 +/- 569.60
08-02-24 03:51[icct.rl_helpers.eval_callback]INFO | (Eval ) num_timesteps=54000, Reward=-78.48 +/- 50.15, EpLength: 1011.80 +/- 505.22
08-02-24 03:52[icct.rl_helpers.eval_callback]INFO | (Eval ) num_timesteps=55500, Reward=-38.47 +/- 52.90, EpLength: 1431.60 +/- 336.80
08-02-24 03:52[icct.rl_helpers.eval_callback]INFO | (Eval ) num_timesteps=57000, Reward=-101.74 +/- 1.14, EpLength: 154.80 +/- 9.02
08-02-24 03:52[icct.rl_helpers.eval_callback]INFO | (Eval ) num_timesteps=58500, Reward=-78.91 +/- 9.10, EpLength: 1600.00 +/- 0.00
08-02-24 03:53[icct.rl_helpers.eval_callback]INFO | (Eval ) num_timesteps=60000, Reward=-58.98 +/- 4.12, EpLength: 1600.00 +/- 0.00
08-02-24 03:53[icct.rl_helpers.eval_callback]INFO | (Eval ) num_timesteps=61500, Reward=-36.33 +/- 4.06, EpLength: 1600.00 +/- 0.00
08-02-24 03:53[icct.rl_helpers.eval_callback]INFO | (Eval ) num_timesteps=63000, Reward=-62.56 +/- 0.76, EpLength: 1600.00 +/- 0.00
08-02-24 03:54[icct.rl_helpers.eval_callback]INFO | (Eval ) num_timesteps=64500, Reward=-73.40 +/- 0.52, EpLength: 1600.00 +/- 0.00
08-02-24 03:54[icct.rl_helpers.eval_callback]INFO | (Eval ) num_timesteps=66000, Reward=-48.72 +/- 1.20, EpLength: 1600.00 +/- 0.00
08-02-24 03:54[icct.rl_helpers.eval_callback]INFO | (Eval ) num_timesteps=67500, Reward=-22.30 +/- 4.55, EpLength: 1600.00 +/- 0.00
08-02-24 03:54[icct.rl_helpers.eval_callback]INFO | (Save ) Storing Best Model: New best mean reward!
08-02-24 03:55[icct.rl_helpers.eval_callback]INFO | (Eval ) num_timesteps=69000, Reward=-45.60 +/- 4.45, EpLength: 1600.00 +/- 0.00
08-02-24 03:55[icct.rl_helpers.eval_callback]INFO | (Eval ) num_timesteps=70500, Reward=-52.57 +/- 4.64, EpLength: 1600.00 +/- 0.00
08-02-24 03:55[icct.rl_helpers.eval_callback]INFO | (Eval ) num_timesteps=72000, Reward=-36.16 +/- 4.03, EpLength: 1600.00 +/- 0.00
08-02-24 03:56[icct.rl_helpers.eval_callback]INFO | (Eval ) num_timesteps=73500, Reward=-44.22 +/- 2.58, EpLength: 1600.00 +/- 0.00
08-02-24 03:56[icct.rl_helpers.eval_callback]INFO | (Eval ) num_timesteps=75000, Reward=-32.92 +/- 1.99, EpLength: 1600.00 +/- 0.00
08-02-24 03:57[icct.rl_helpers.eval_callback]INFO | (Eval ) num_timesteps=76500, Reward=-43.06 +/- 0.76, EpLength: 1600.00 +/- 0.00
08-02-24 03:57[icct.rl_helpers.eval_callback]INFO | (Eval ) num_timesteps=78000, Reward=-36.50 +/- 8.84, EpLength: 1600.00 +/- 0.00
08-02-24 03:57[icct.rl_helpers.eval_callback]INFO | (Eval ) num_timesteps=79500, Reward=-38.64 +/- 6.51, EpLength: 1600.00 +/- 0.00
08-02-24 03:57[icct.rl_helpers.eval_callback]INFO | (Train) Episode: 100, Avg Reward: -89.59654483566369, Best: -89.59654483566369
08-02-24 03:58[icct.rl_helpers.eval_callback]INFO | (Eval ) num_timesteps=81000, Reward=-58.84 +/- 9.22, EpLength: 1600.00 +/- 0.00
08-02-24 03:58[icct.rl_helpers.eval_callback]INFO | (Eval ) num_timesteps=82500, Reward=-29.57 +/- 0.98, EpLength: 1600.00 +/- 0.00
08-02-24 03:58[icct.rl_helpers.eval_callback]INFO | (Eval ) num_timesteps=84000, Reward=-36.59 +/- 2.61, EpLength: 1600.00 +/- 0.00
08-02-24 03:59[icct.rl_helpers.eval_callback]INFO | (Eval ) num_timesteps=85500, Reward=-60.80 +/- 1.87, EpLength: 1600.00 +/- 0.00
08-02-24 03:59[icct.rl_helpers.eval_callback]INFO | (Eval ) num_timesteps=87000, Reward=-30.32 +/- 3.03, EpLength: 1600.00 +/- 0.00
08-02-24 03:59[icct.rl_helpers.eval_callback]INFO | (Eval ) num_timesteps=88500, Reward=-42.14 +/- 4.74, EpLength: 1600.00 +/- 0.00
08-02-24 04:00[icct.rl_helpers.eval_callback]INFO | (Eval ) num_timesteps=90000, Reward=-18.74 +/- 2.60, EpLength: 1600.00 +/- 0.00
08-02-24 04:00[icct.rl_helpers.eval_callback]INFO | (Save ) Storing Best Model: New best mean reward!
08-02-24 04:00[icct.rl_helpers.eval_callback]INFO | (Eval ) num_timesteps=91500, Reward=-44.48 +/- 2.30, EpLength: 1600.00 +/- 0.00
08-02-24 04:01[icct.rl_helpers.eval_callback]INFO | (Eval ) num_timesteps=93000, Reward=-134.13 +/- 18.81, EpLength: 1600.00 +/- 0.00
08-02-24 04:01[icct.rl_helpers.eval_callback]INFO | (Eval ) num_timesteps=94500, Reward=8.28 +/- 17.93, EpLength: 1600.00 +/- 0.00
08-02-24 04:01[icct.rl_helpers.eval_callback]INFO | (Save ) Storing Best Model: New best mean reward!
08-02-24 04:01[icct.rl_helpers.eval_callback]INFO | (Eval ) num_timesteps=96000, Reward=-14.50 +/- 0.68, EpLength: 1600.00 +/- 0.00
08-02-24 04:02[icct.rl_helpers.eval_callback]INFO | (Eval ) num_timesteps=97500, Reward=-23.97 +/- 16.55, EpLength: 1600.00 +/- 0.00
08-02-24 04:02[icct.rl_helpers.eval_callback]INFO | (Eval ) num_timesteps=99000, Reward=-112.82 +/- 4.53, EpLength: 1600.00 +/- 0.00
08-02-24 04:02[icct.rl_helpers.eval_callback]INFO | (Eval ) num_timesteps=100500, Reward=-118.88 +/- 2.35, EpLength: 1600.00 +/- 0.00
08-02-24 04:03[icct.rl_helpers.eval_callback]INFO | (Eval ) num_timesteps=102000, Reward=-89.31 +/- 34.57, EpLength: 1190.20 +/- 384.75
08-02-24 04:03[icct.rl_helpers.eval_callback]INFO | (Eval ) num_timesteps=103500, Reward=-96.90 +/- 31.74, EpLength: 1303.80 +/- 592.40
08-02-24 04:03[icct.rl_helpers.eval_callback]INFO | (Eval ) num_timesteps=105000, Reward=-21.16 +/- 2.00, EpLength: 1600.00 +/- 0.00
08-02-24 04:04[icct.rl_helpers.eval_callback]INFO | (Eval ) num_timesteps=106500, Reward=-7.09 +/- 10.48, EpLength: 1600.00 +/- 0.00
08-02-24 04:04[icct.rl_helpers.eval_callback]INFO | (Eval ) num_timesteps=108000, Reward=-12.55 +/- 16.83, EpLength: 1600.00 +/- 0.00
08-02-24 04:04[icct.rl_helpers.eval_callback]INFO | (Train) Episode: 120, Avg Reward: -79.15557412206884, Best: -79.15557412206884
08-02-24 04:05[icct.rl_helpers.eval_callback]INFO | (Eval ) num_timesteps=109500, Reward=-25.85 +/- 16.00, EpLength: 1600.00 +/- 0.00
08-02-24 04:05[icct.rl_helpers.eval_callback]INFO | (Eval ) num_timesteps=111000, Reward=-30.73 +/- 4.83, EpLength: 1600.00 +/- 0.00
08-02-24 04:05[icct.rl_helpers.eval_callback]INFO | (Eval ) num_timesteps=112500, Reward=-4.94 +/- 1.22, EpLength: 1600.00 +/- 0.00
08-02-24 04:06[icct.rl_helpers.eval_callback]INFO | (Eval ) num_timesteps=114000, Reward=-27.00 +/- 10.00, EpLength: 1600.00 +/- 0.00
08-02-24 04:06[icct.rl_helpers.eval_callback]INFO | (Eval ) num_timesteps=115500, Reward=-17.02 +/- 2.25, EpLength: 1600.00 +/- 0.00
08-02-24 04:06[icct.rl_helpers.eval_callback]INFO | (Eval ) num_timesteps=117000, Reward=3.83 +/- 15.65, EpLength: 1600.00 +/- 0.00
08-02-24 04:07[icct.rl_helpers.eval_callback]INFO | (Eval ) num_timesteps=118500, Reward=-198.56 +/- 10.79, EpLength: 1289.20 +/- 180.37
08-02-24 04:07[icct.rl_helpers.eval_callback]INFO | (Eval ) num_timesteps=120000, Reward=-75.32 +/- 8.43, EpLength: 1600.00 +/- 0.00
08-02-24 04:08[icct.rl_helpers.eval_callback]INFO | (Eval ) num_timesteps=121500, Reward=-71.78 +/- 10.21, EpLength: 1600.00 +/- 0.00
08-02-24 04:08[icct.rl_helpers.eval_callback]INFO | (Eval ) num_timesteps=123000, Reward=-86.77 +/- 7.31, EpLength: 1600.00 +/- 0.00
08-02-24 04:08[icct.rl_helpers.eval_callback]INFO | (Eval ) num_timesteps=124500, Reward=-45.15 +/- 1.50, EpLength: 1600.00 +/- 0.00
08-02-24 04:09[icct.rl_helpers.eval_callback]INFO | (Eval ) num_timesteps=126000, Reward=-32.99 +/- 4.82, EpLength: 1600.00 +/- 0.00
08-02-24 04:09[icct.rl_helpers.eval_callback]INFO | (Eval ) num_timesteps=127500, Reward=-48.67 +/- 6.15, EpLength: 1600.00 +/- 0.00
08-02-24 04:09[icct.rl_helpers.eval_callback]INFO | (Eval ) num_timesteps=129000, Reward=-49.82 +/- 12.72, EpLength: 1600.00 +/- 0.00
08-02-24 04:10[icct.rl_helpers.eval_callback]INFO | (Eval ) num_timesteps=130500, Reward=-50.50 +/- 5.10, EpLength: 1600.00 +/- 0.00
08-02-24 04:10[icct.rl_helpers.eval_callback]INFO | (Eval ) num_timesteps=132000, Reward=-47.89 +/- 2.58, EpLength: 1600.00 +/- 0.00
08-02-24 04:10[icct.rl_helpers.eval_callback]INFO | (Eval ) num_timesteps=133500, Reward=-39.17 +/- 10.26, EpLength: 1600.00 +/- 0.00
08-02-24 04:11[icct.rl_helpers.eval_callback]INFO | (Eval ) num_timesteps=135000, Reward=-47.22 +/- 10.71, EpLength: 1600.00 +/- 0.00
08-02-24 04:11[icct.rl_helpers.eval_callback]INFO | (Eval ) num_timesteps=136500, Reward=-47.42 +/- 3.90, EpLength: 1600.00 +/- 0.00
08-02-24 04:12[icct.rl_helpers.eval_callback]INFO | (Eval ) num_timesteps=138000, Reward=-43.34 +/- 10.04, EpLength: 1600.00 +/- 0.00
08-02-24 04:12[icct.rl_helpers.eval_callback]INFO | (Train) Episode: 140, Avg Reward: -65.9120524643785, Best: -65.9120524643785
08-02-24 04:12[icct.rl_helpers.eval_callback]INFO | (Eval ) num_timesteps=139500, Reward=-45.38 +/- 14.63, EpLength: 1600.00 +/- 0.00
08-02-24 04:12[icct.rl_helpers.eval_callback]INFO | (Eval ) num_timesteps=141000, Reward=-48.19 +/- 0.81, EpLength: 1600.00 +/- 0.00
08-02-24 04:13[icct.rl_helpers.eval_callback]INFO | (Eval ) num_timesteps=142500, Reward=-41.66 +/- 7.90, EpLength: 1600.00 +/- 0.00
08-02-24 04:13[icct.rl_helpers.eval_callback]INFO | (Eval ) num_timesteps=144000, Reward=-42.38 +/- 7.78, EpLength: 1600.00 +/- 0.00
08-02-24 04:13[icct.rl_helpers.eval_callback]INFO | (Eval ) num_timesteps=145500, Reward=-54.38 +/- 3.49, EpLength: 1600.00 +/- 0.00
08-02-24 04:14[icct.rl_helpers.eval_callback]INFO | (Eval ) num_timesteps=147000, Reward=-74.69 +/- 14.57, EpLength: 1600.00 +/- 0.00
08-02-24 04:14[icct.rl_helpers.eval_callback]INFO | (Eval ) num_timesteps=148500, Reward=-9.26 +/- 23.65, EpLength: 1600.00 +/- 0.00
08-02-24 04:14[icct.rl_helpers.eval_callback]INFO | (Eval ) num_timesteps=150000, Reward=20.83 +/- 13.61, EpLength: 1600.00 +/- 0.00
08-02-24 04:14[icct.rl_helpers.eval_callback]INFO | (Save ) Storing Best Model: New best mean reward!
08-02-24 04:15[icct.rl_helpers.eval_callback]INFO | (Eval ) num_timesteps=151500, Reward=42.00 +/- 1.87, EpLength: 1600.00 +/- 0.00
08-02-24 04:15[icct.rl_helpers.eval_callback]INFO | (Save ) Storing Best Model: New best mean reward!
08-02-24 04:15[icct.rl_helpers.eval_callback]INFO | (Eval ) num_timesteps=153000, Reward=37.61 +/- 1.54, EpLength: 1600.00 +/- 0.00
08-02-24 04:16[icct.rl_helpers.eval_callback]INFO | (Eval ) num_timesteps=154500, Reward=30.70 +/- 2.96, EpLength: 1600.00 +/- 0.00
08-02-24 04:16[icct.rl_helpers.eval_callback]INFO | (Eval ) num_timesteps=156000, Reward=29.23 +/- 1.44, EpLength: 1600.00 +/- 0.00
08-02-24 04:16[icct.rl_helpers.eval_callback]INFO | (Eval ) num_timesteps=157500, Reward=27.30 +/- 3.87, EpLength: 1600.00 +/- 0.00
08-02-24 04:17[icct.rl_helpers.eval_callback]INFO | (Eval ) num_timesteps=159000, Reward=20.73 +/- 2.27, EpLength: 1600.00 +/- 0.00
08-02-24 04:17[icct.rl_helpers.eval_callback]INFO | (Eval ) num_timesteps=160500, Reward=41.77 +/- 1.93, EpLength: 1600.00 +/- 0.00
08-02-24 04:17[icct.rl_helpers.eval_callback]INFO | (Eval ) num_timesteps=162000, Reward=38.72 +/- 2.82, EpLength: 1600.00 +/- 0.00
08-02-24 04:18[icct.rl_helpers.eval_callback]INFO | (Eval ) num_timesteps=163500, Reward=43.45 +/- 2.12, EpLength: 1600.00 +/- 0.00
08-02-24 04:18[icct.rl_helpers.eval_callback]INFO | (Save ) Storing Best Model: New best mean reward!
08-02-24 04:18[icct.rl_helpers.eval_callback]INFO | (Eval ) num_timesteps=165000, Reward=42.56 +/- 3.00, EpLength: 1600.00 +/- 0.00
08-02-24 04:19[icct.rl_helpers.eval_callback]INFO | (Eval ) num_timesteps=166500, Reward=30.43 +/- 25.34, EpLength: 1600.00 +/- 0.00
08-02-24 04:19[icct.rl_helpers.eval_callback]INFO | (Eval ) num_timesteps=168000, Reward=45.93 +/- 0.92, EpLength: 1600.00 +/- 0.00
08-02-24 04:19[icct.rl_helpers.eval_callback]INFO | (Save ) Storing Best Model: New best mean reward!
08-02-24 04:19[icct.rl_helpers.eval_callback]INFO | (Eval ) num_timesteps=169500, Reward=45.31 +/- 1.39, EpLength: 1600.00 +/- 0.00
08-02-24 04:20[icct.rl_helpers.eval_callback]INFO | (Eval ) num_timesteps=171000, Reward=48.89 +/- 0.77, EpLength: 1600.00 +/- 0.00
08-02-24 04:20[icct.rl_helpers.eval_callback]INFO | (Save ) Storing Best Model: New best mean reward!
08-02-24 04:20[icct.rl_helpers.eval_callback]INFO | (Train) Episode: 160, Avg Reward: -36.70693495058324, Best: -36.70693495058324
08-02-24 04:20[icct.rl_helpers.eval_callback]INFO | (Eval ) num_timesteps=172500, Reward=64.64 +/- 2.97, EpLength: 1600.00 +/- 0.00
08-02-24 04:20[icct.rl_helpers.eval_callback]INFO | (Save ) Storing Best Model: New best mean reward!
08-02-24 04:20[icct.rl_helpers.eval_callback]INFO | (Eval ) num_timesteps=174000, Reward=50.38 +/- 2.39, EpLength: 1600.00 +/- 0.00
08-02-24 04:21[icct.rl_helpers.eval_callback]INFO | (Eval ) num_timesteps=175500, Reward=-83.55 +/- 6.84, EpLength: 1600.00 +/- 0.00
08-02-24 04:21[icct.rl_helpers.eval_callback]INFO | (Eval ) num_timesteps=177000, Reward=62.97 +/- 1.25, EpLength: 1600.00 +/- 0.00
08-02-24 04:21[icct.rl_helpers.eval_callback]INFO | (Eval ) num_timesteps=178500, Reward=47.88 +/- 69.97, EpLength: 1600.00 +/- 0.00
08-02-24 04:22[icct.rl_helpers.eval_callback]INFO | (Eval ) num_timesteps=180000, Reward=66.34 +/- 3.47, EpLength: 1600.00 +/- 0.00
08-02-24 04:22[icct.rl_helpers.eval_callback]INFO | (Save ) Storing Best Model: New best mean reward!
08-02-24 04:22[icct.rl_helpers.eval_callback]INFO | (Eval ) num_timesteps=181500, Reward=70.22 +/- 3.53, EpLength: 1600.00 +/- 0.00
08-02-24 04:22[icct.rl_helpers.eval_callback]INFO | (Save ) Storing Best Model: New best mean reward!
08-02-24 04:23[icct.rl_helpers.eval_callback]INFO | (Eval ) num_timesteps=183000, Reward=69.15 +/- 0.98, EpLength: 1600.00 +/- 0.00
08-02-24 04:23[icct.rl_helpers.eval_callback]INFO | (Eval ) num_timesteps=184500, Reward=-138.30 +/- 37.56, EpLength: 1600.00 +/- 0.00
08-02-24 04:23[icct.rl_helpers.eval_callback]INFO | (Eval ) num_timesteps=186000, Reward=-119.15 +/- 0.31, EpLength: 1600.00 +/- 0.00
08-02-24 04:24[icct.rl_helpers.eval_callback]INFO | (Eval ) num_timesteps=187500, Reward=-55.34 +/- 0.50, EpLength: 1600.00 +/- 0.00
08-02-24 04:24[icct.rl_helpers.eval_callback]INFO | (Eval ) num_timesteps=189000, Reward=-40.03 +/- 16.00, EpLength: 1600.00 +/- 0.00
08-02-24 04:24[icct.rl_helpers.eval_callback]INFO | (Eval ) num_timesteps=190500, Reward=-17.65 +/- 15.96, EpLength: 1600.00 +/- 0.00
08-02-24 04:25[icct.rl_helpers.eval_callback]INFO | (Eval ) num_timesteps=192000, Reward=-19.27 +/- 26.51, EpLength: 1600.00 +/- 0.00
08-02-24 04:25[icct.rl_helpers.eval_callback]INFO | (Eval ) num_timesteps=193500, Reward=-9.09 +/- 16.75, EpLength: 1600.00 +/- 0.00
08-02-24 04:26[icct.rl_helpers.eval_callback]INFO | (Eval ) num_timesteps=195000, Reward=-16.85 +/- 26.97, EpLength: 1600.00 +/- 0.00
08-02-24 04:26[icct.rl_helpers.eval_callback]INFO | (Eval ) num_timesteps=196500, Reward=40.72 +/- 5.07, EpLength: 1600.00 +/- 0.00
08-02-24 04:26[icct.rl_helpers.eval_callback]INFO | (Eval ) num_timesteps=198000, Reward=51.63 +/- 1.60, EpLength: 1600.00 +/- 0.00
08-02-24 04:27[icct.rl_helpers.eval_callback]INFO | (Eval ) num_timesteps=199500, Reward=16.11 +/- 29.59, EpLength: 1600.00 +/- 0.00
08-02-24 04:27[icct.rl_helpers.eval_callback]INFO | (Train) Episode: 180, Avg Reward: -23.17852688052093, Best: -23.17852688052093
08-02-24 04:27[icct.rl_helpers.eval_callback]INFO | (Eval ) num_timesteps=201000, Reward=-36.86 +/- 5.58, EpLength: 1600.00 +/- 0.00
08-02-24 04:27[icct.rl_helpers.eval_callback]INFO | (Eval ) num_timesteps=202500, Reward=-45.47 +/- 12.85, EpLength: 1600.00 +/- 0.00
08-02-24 04:28[icct.rl_helpers.eval_callback]INFO | (Eval ) num_timesteps=204000, Reward=54.54 +/- 2.72, EpLength: 1600.00 +/- 0.00
08-02-24 04:28[icct.rl_helpers.eval_callback]INFO | (Eval ) num_timesteps=205500, Reward=-72.91 +/- 15.61, EpLength: 1600.00 +/- 0.00
08-02-24 04:28[icct.rl_helpers.eval_callback]INFO | (Eval ) num_timesteps=207000, Reward=-51.44 +/- 20.07, EpLength: 1600.00 +/- 0.00
08-02-24 04:29[icct.rl_helpers.eval_callback]INFO | (Eval ) num_timesteps=208500, Reward=-41.05 +/- 1.73, EpLength: 1600.00 +/- 0.00
08-02-24 04:29[icct.rl_helpers.eval_callback]INFO | (Eval ) num_timesteps=210000, Reward=-42.27 +/- 1.70, EpLength: 1600.00 +/- 0.00
08-02-24 04:29[icct.rl_helpers.eval_callback]INFO | (Eval ) num_timesteps=211500, Reward=-115.11 +/- 2.44, EpLength: 700.20 +/- 734.83
08-02-24 04:30[icct.rl_helpers.eval_callback]INFO | (Eval ) num_timesteps=213000, Reward=-49.89 +/- 7.64, EpLength: 1600.00 +/- 0.00
08-02-24 04:30[icct.rl_helpers.eval_callback]INFO | (Eval ) num_timesteps=214500, Reward=-89.77 +/- 20.45, EpLength: 1600.00 +/- 0.00
08-02-24 04:31[icct.rl_helpers.eval_callback]INFO | (Eval ) num_timesteps=216000, Reward=-84.56 +/- 1.88, EpLength: 1600.00 +/- 0.00
08-02-24 04:31[icct.rl_helpers.eval_callback]INFO | (Eval ) num_timesteps=217500, Reward=-110.02 +/- 0.19, EpLength: 1600.00 +/- 0.00
08-02-24 04:31[icct.rl_helpers.eval_callback]INFO | (Eval ) num_timesteps=219000, Reward=-85.43 +/- 31.13, EpLength: 970.60 +/- 577.76
08-02-24 04:32[icct.rl_helpers.eval_callback]INFO | (Eval ) num_timesteps=220500, Reward=-103.04 +/- 0.44, EpLength: 85.20 +/- 4.12
08-02-24 04:32[icct.rl_helpers.eval_callback]INFO | (Eval ) num_timesteps=222000, Reward=-106.85 +/- 10.43, EpLength: 1354.60 +/- 490.80
08-02-24 04:32[icct.rl_helpers.eval_callback]INFO | (Train) Episode: 200, Avg Reward: -30.311183488071165, Best: -20.86989206175631
08-02-24 04:32[icct.rl_helpers.eval_callback]INFO | (Eval ) num_timesteps=223500, Reward=-124.37 +/- 8.74, EpLength: 173.40 +/- 66.99
08-02-24 04:32[icct.rl_helpers.eval_callback]INFO | (Train) Episode: 220, Avg Reward: -45.171131923293544, Best: -20.86989206175631
08-02-24 04:32[icct.rl_helpers.eval_callback]INFO | (Eval ) num_timesteps=225000, Reward=-122.25 +/- 1.00, EpLength: 62.00 +/- 1.55
08-02-24 04:33[icct.rl_helpers.eval_callback]INFO | (Eval ) num_timesteps=226500, Reward=-138.32 +/- 3.93, EpLength: 1600.00 +/- 0.00
08-02-24 04:33[icct.rl_helpers.eval_callback]INFO | (Eval ) num_timesteps=228000, Reward=-65.42 +/- 16.90, EpLength: 1600.00 +/- 0.00
08-02-24 04:34[icct.rl_helpers.eval_callback]INFO | (Eval ) num_timesteps=229500, Reward=-89.62 +/- 5.15, EpLength: 1600.00 +/- 0.00
08-02-24 04:34[icct.rl_helpers.eval_callback]INFO | (Eval ) num_timesteps=231000, Reward=-55.40 +/- 0.33, EpLength: 1600.00 +/- 0.00
08-02-24 04:34[icct.rl_helpers.eval_callback]INFO | (Eval ) num_timesteps=232500, Reward=-58.39 +/- 1.39, EpLength: 1600.00 +/- 0.00
08-02-24 04:34[icct.rl_helpers.eval_callback]INFO | (Train) Episode: 240, Avg Reward: -57.775423762852704, Best: -20.86989206175631
08-02-24 04:35[icct.rl_helpers.eval_callback]INFO | (Eval ) num_timesteps=234000, Reward=-165.30 +/- 41.18, EpLength: 1378.00 +/- 282.46
08-02-24 04:35[icct.rl_helpers.eval_callback]INFO | (Eval ) num_timesteps=235500, Reward=30.21 +/- 4.80, EpLength: 1600.00 +/- 0.00
08-02-24 04:35[icct.rl_helpers.eval_callback]INFO | (Eval ) num_timesteps=237000, Reward=39.77 +/- 12.63, EpLength: 1600.00 +/- 0.00
08-02-24 04:36[icct.rl_helpers.eval_callback]INFO | (Eval ) num_timesteps=238500, Reward=55.89 +/- 31.26, EpLength: 1600.00 +/- 0.00
08-02-24 04:36[icct.rl_helpers.eval_callback]INFO | (Eval ) num_timesteps=240000, Reward=-9.82 +/- 7.81, EpLength: 1600.00 +/- 0.00
08-02-24 04:36[icct.rl_helpers.eval_callback]INFO | (Eval ) num_timesteps=241500, Reward=69.59 +/- 59.74, EpLength: 1600.00 +/- 0.00
08-02-24 04:37[icct.rl_helpers.eval_callback]INFO | (Eval ) num_timesteps=243000, Reward=89.62 +/- 1.56, EpLength: 1600.00 +/- 0.00
08-02-24 04:37[icct.rl_helpers.eval_callback]INFO | (Save ) Storing Best Model: New best mean reward!
08-02-24 04:37[icct.rl_helpers.eval_callback]INFO | (Eval ) num_timesteps=244500, Reward=87.90 +/- 2.40, EpLength: 1600.00 +/- 0.00
08-02-24 04:37[icct.rl_helpers.eval_callback]INFO | (Eval ) num_timesteps=246000, Reward=63.89 +/- 1.70, EpLength: 1600.00 +/- 0.00
08-02-24 04:38[icct.rl_helpers.eval_callback]INFO | (Eval ) num_timesteps=247500, Reward=67.66 +/- 2.98, EpLength: 1600.00 +/- 0.00
08-02-24 04:38[icct.rl_helpers.eval_callback]INFO | (Eval ) num_timesteps=249000, Reward=81.25 +/- 2.32, EpLength: 1600.00 +/- 0.00
08-02-24 04:39[icct.rl_helpers.eval_callback]INFO | (Eval ) num_timesteps=250500, Reward=86.62 +/- 3.08, EpLength: 1600.00 +/- 0.00
08-02-24 04:39[icct.rl_helpers.eval_callback]INFO | (Eval ) num_timesteps=252000, Reward=76.02 +/- 1.44, EpLength: 1600.00 +/- 0.00
08-02-24 04:39[icct.rl_helpers.eval_callback]INFO | (Eval ) num_timesteps=253500, Reward=67.92 +/- 3.72, EpLength: 1600.00 +/- 0.00
08-02-24 04:40[icct.rl_helpers.eval_callback]INFO | (Eval ) num_timesteps=255000, Reward=75.37 +/- 2.66, EpLength: 1600.00 +/- 0.00
08-02-24 04:40[icct.rl_helpers.eval_callback]INFO | (Eval ) num_timesteps=256500, Reward=82.10 +/- 2.80, EpLength: 1600.00 +/- 0.00
08-02-24 04:40[icct.rl_helpers.eval_callback]INFO | (Eval ) num_timesteps=258000, Reward=76.23 +/- 3.33, EpLength: 1600.00 +/- 0.00
08-02-24 04:41[icct.rl_helpers.eval_callback]INFO | (Eval ) num_timesteps=259500, Reward=81.15 +/- 2.06, EpLength: 1600.00 +/- 0.00
08-02-24 04:41[icct.rl_helpers.eval_callback]INFO | (Eval ) num_timesteps=261000, Reward=82.63 +/- 1.53, EpLength: 1600.00 +/- 0.00
08-02-24 04:41[icct.rl_helpers.eval_callback]INFO | (Eval ) num_timesteps=262500, Reward=85.35 +/- 2.77, EpLength: 1600.00 +/- 0.00
08-02-24 04:42[icct.rl_helpers.eval_callback]INFO | (Eval ) num_timesteps=264000, Reward=90.87 +/- 1.39, EpLength: 1600.00 +/- 0.00
08-02-24 04:42[icct.rl_helpers.eval_callback]INFO | (Save ) Storing Best Model: New best mean reward!
08-02-24 04:42[icct.rl_helpers.eval_callback]INFO | (Eval ) num_timesteps=265500, Reward=84.89 +/- 1.90, EpLength: 1600.00 +/- 0.00
08-02-24 04:42[icct.rl_helpers.eval_callback]INFO | (Train) Episode: 260, Avg Reward: -51.94341018616527, Best: -20.86989206175631
08-02-24 04:43[icct.rl_helpers.eval_callback]INFO | (Eval ) num_timesteps=267000, Reward=92.59 +/- 4.00, EpLength: 1600.00 +/- 0.00
08-02-24 04:43[icct.rl_helpers.eval_callback]INFO | (Save ) Storing Best Model: New best mean reward!
08-02-24 04:43[icct.rl_helpers.eval_callback]INFO | (Eval ) num_timesteps=268500, Reward=71.80 +/- 1.13, EpLength: 1600.00 +/- 0.00
08-02-24 04:43[icct.rl_helpers.eval_callback]INFO | (Eval ) num_timesteps=270000, Reward=65.92 +/- 1.91, EpLength: 1600.00 +/- 0.00
08-02-24 04:44[icct.rl_helpers.eval_callback]INFO | (Eval ) num_timesteps=271500, Reward=83.20 +/- 2.06, EpLength: 1600.00 +/- 0.00
08-02-24 04:44[icct.rl_helpers.eval_callback]INFO | (Eval ) num_timesteps=273000, Reward=87.77 +/- 1.78, EpLength: 1600.00 +/- 0.00
08-02-24 04:44[icct.rl_helpers.eval_callback]INFO | (Eval ) num_timesteps=274500, Reward=83.47 +/- 3.29, EpLength: 1600.00 +/- 0.00
08-02-24 04:45[icct.rl_helpers.eval_callback]INFO | (Eval ) num_timesteps=276000, Reward=85.98 +/- 2.23, EpLength: 1600.00 +/- 0.00
08-02-24 04:45[icct.rl_helpers.eval_callback]INFO | (Eval ) num_timesteps=277500, Reward=85.41 +/- 5.61, EpLength: 1600.00 +/- 0.00
08-02-24 04:45[icct.rl_helpers.eval_callback]INFO | (Eval ) num_timesteps=279000, Reward=88.10 +/- 6.39, EpLength: 1600.00 +/- 0.00
08-02-24 04:46[icct.rl_helpers.eval_callback]INFO | (Eval ) num_timesteps=280500, Reward=101.46 +/- 5.24, EpLength: 1600.00 +/- 0.00
08-02-24 04:46[icct.rl_helpers.eval_callback]INFO | (Save ) Storing Best Model: New best mean reward!
08-02-24 04:46[icct.rl_helpers.eval_callback]INFO | (Eval ) num_timesteps=282000, Reward=102.77 +/- 4.32, EpLength: 1600.00 +/- 0.00
08-02-24 04:46[icct.rl_helpers.eval_callback]INFO | (Save ) Storing Best Model: New best mean reward!
08-02-24 04:47[icct.rl_helpers.eval_callback]INFO | (Eval ) num_timesteps=283500, Reward=110.88 +/- 5.25, EpLength: 1600.00 +/- 0.00
08-02-24 04:47[icct.rl_helpers.eval_callback]INFO | (Save ) Storing Best Model: New best mean reward!
08-02-24 04:47[icct.rl_helpers.eval_callback]INFO | (Eval ) num_timesteps=285000, Reward=136.44 +/- 5.40, EpLength: 1600.00 +/- 0.00
08-02-24 04:47[icct.rl_helpers.eval_callback]INFO | (Save ) Storing Best Model: New best mean reward!
08-02-24 04:47[icct.rl_helpers.eval_callback]INFO | (Eval ) num_timesteps=286500, Reward=125.52 +/- 7.24, EpLength: 1600.00 +/- 0.00
08-02-24 04:48[icct.rl_helpers.eval_callback]INFO | (Eval ) num_timesteps=288000, Reward=115.83 +/- 5.04, EpLength: 1600.00 +/- 0.00
08-02-24 04:48[icct.rl_helpers.eval_callback]INFO | (Eval ) num_timesteps=289500, Reward=115.00 +/- 6.68, EpLength: 1600.00 +/- 0.00
08-02-24 04:48[icct.rl_helpers.eval_callback]INFO | (Eval ) num_timesteps=291000, Reward=115.46 +/- 2.24, EpLength: 1600.00 +/- 0.00
08-02-24 04:49[icct.rl_helpers.eval_callback]INFO | (Eval ) num_timesteps=292500, Reward=79.62 +/- 3.89, EpLength: 1600.00 +/- 0.00
08-02-24 04:49[icct.rl_helpers.eval_callback]INFO | (Eval ) num_timesteps=294000, Reward=184.29 +/- 8.49, EpLength: 1600.00 +/- 0.00
08-02-24 04:49[icct.rl_helpers.eval_callback]INFO | (Save ) Storing Best Model: New best mean reward!
08-02-24 04:50[icct.rl_helpers.eval_callback]INFO | (Eval ) num_timesteps=295500, Reward=150.30 +/- 3.10, EpLength: 1600.00 +/- 0.00
08-02-24 04:50[icct.rl_helpers.eval_callback]INFO | (Eval ) num_timesteps=297000, Reward=126.72 +/- 5.66, EpLength: 1600.00 +/- 0.00
08-02-24 04:50[icct.rl_helpers.eval_callback]INFO | (Train) Episode: 280, Avg Reward: -33.02144393010983, Best: -20.86989206175631
08-02-24 04:50[icct.rl_helpers.eval_callback]INFO | (Eval ) num_timesteps=298500, Reward=56.75 +/- 3.28, EpLength: 1600.00 +/- 0.00
08-02-24 04:51[icct.rl_helpers.eval_callback]INFO | (Eval ) num_timesteps=300000, Reward=137.97 +/- 2.77, EpLength: 1600.00 +/- 0.00
08-02-24 04:51[icct.rl_helpers.eval_callback]INFO | (Eval ) num_timesteps=301500, Reward=126.88 +/- 7.41, EpLength: 1600.00 +/- 0.00
08-02-24 04:51[icct.rl_helpers.eval_callback]INFO | (Eval ) num_timesteps=303000, Reward=137.06 +/- 4.98, EpLength: 1600.00 +/- 0.00
08-02-24 04:52[icct.rl_helpers.eval_callback]INFO | (Eval ) num_timesteps=304500, Reward=81.24 +/- 6.46, EpLength: 1600.00 +/- 0.00
08-02-24 04:52[icct.rl_helpers.eval_callback]INFO | (Eval ) num_timesteps=306000, Reward=120.72 +/- 4.53, EpLength: 1600.00 +/- 0.00
08-02-24 04:53[icct.rl_helpers.eval_callback]INFO | (Eval ) num_timesteps=307500, Reward=126.53 +/- 4.61, EpLength: 1600.00 +/- 0.00
08-02-24 04:53[icct.rl_helpers.eval_callback]INFO | (Eval ) num_timesteps=309000, Reward=118.13 +/- 3.03, EpLength: 1600.00 +/- 0.00
08-02-24 04:53[icct.rl_helpers.eval_callback]INFO | (Eval ) num_timesteps=310500, Reward=115.76 +/- 6.72, EpLength: 1600.00 +/- 0.00
08-02-24 04:54[icct.rl_helpers.eval_callback]INFO | (Eval ) num_timesteps=312000, Reward=80.42 +/- 19.68, EpLength: 1600.00 +/- 0.00
08-02-24 04:54[icct.rl_helpers.eval_callback]INFO | (Eval ) num_timesteps=313500, Reward=111.44 +/- 4.31, EpLength: 1600.00 +/- 0.00
08-02-24 04:54[icct.rl_helpers.eval_callback]INFO | (Eval ) num_timesteps=315000, Reward=131.29 +/- 10.57, EpLength: 1600.00 +/- 0.00
08-02-24 04:55[icct.rl_helpers.eval_callback]INFO | (Eval ) num_timesteps=316500, Reward=98.65 +/- 3.49, EpLength: 1600.00 +/- 0.00
08-02-24 04:55[icct.rl_helpers.eval_callback]INFO | (Eval ) num_timesteps=318000, Reward=169.04 +/- 9.18, EpLength: 1600.00 +/- 0.00
08-02-24 04:55[icct.rl_helpers.eval_callback]INFO | (Eval ) num_timesteps=319500, Reward=167.24 +/- 76.11, EpLength: 1464.60 +/- 270.80
08-02-24 04:56[icct.rl_helpers.eval_callback]INFO | (Eval ) num_timesteps=321000, Reward=128.49 +/- 6.10, EpLength: 1600.00 +/- 0.00
08-02-24 04:56[icct.rl_helpers.eval_callback]INFO | (Eval ) num_timesteps=322500, Reward=148.12 +/- 3.51, EpLength: 1600.00 +/- 0.00
08-02-24 04:57[icct.rl_helpers.eval_callback]INFO | (Eval ) num_timesteps=324000, Reward=258.10 +/- 8.87, EpLength: 1599.20 +/- 1.60
08-02-24 04:57[icct.rl_helpers.eval_callback]INFO | (Save ) Storing Best Model: New best mean reward!
08-02-24 04:57[icct.rl_helpers.eval_callback]INFO | (Eval ) num_timesteps=325500, Reward=217.14 +/- 6.44, EpLength: 1600.00 +/- 0.00
08-02-24 04:57[icct.rl_helpers.eval_callback]INFO | (Eval ) num_timesteps=327000, Reward=147.32 +/- 8.25, EpLength: 1600.00 +/- 0.00
08-02-24 04:58[icct.rl_helpers.eval_callback]INFO | (Eval ) num_timesteps=328500, Reward=144.04 +/- 8.78, EpLength: 1600.00 +/- 0.00
08-02-24 04:58[icct.rl_helpers.eval_callback]INFO | (Train) Episode: 300, Avg Reward: 6.514874097954533, Best: 6.514874097954533
08-02-24 04:58[icct.rl_helpers.eval_callback]INFO | (Eval ) num_timesteps=330000, Reward=187.91 +/- 2.58, EpLength: 1600.00 +/- 0.00
08-02-24 04:58[icct.rl_helpers.eval_callback]INFO | (Eval ) num_timesteps=331500, Reward=130.85 +/- 2.42, EpLength: 1600.00 +/- 0.00
08-02-24 04:59[icct.rl_helpers.eval_callback]INFO | (Eval ) num_timesteps=333000, Reward=111.81 +/- 2.71, EpLength: 1600.00 +/- 0.00
08-02-24 04:59[icct.rl_helpers.eval_callback]INFO | (Eval ) num_timesteps=334500, Reward=130.03 +/- 8.03, EpLength: 1600.00 +/- 0.00
08-02-24 05:00[icct.rl_helpers.eval_callback]INFO | (Eval ) num_timesteps=336000, Reward=148.65 +/- 8.16, EpLength: 1600.00 +/- 0.00
08-02-24 05:00[icct.rl_helpers.eval_callback]INFO | (Eval ) num_timesteps=337500, Reward=142.40 +/- 2.86, EpLength: 1600.00 +/- 0.00
08-02-24 05:00[icct.rl_helpers.eval_callback]INFO | (Eval ) num_timesteps=339000, Reward=144.79 +/- 3.71, EpLength: 1600.00 +/- 0.00
08-02-24 05:01[icct.rl_helpers.eval_callback]INFO | (Eval ) num_timesteps=340500, Reward=123.96 +/- 4.92, EpLength: 1600.00 +/- 0.00
08-02-24 05:01[icct.rl_helpers.eval_callback]INFO | (Eval ) num_timesteps=342000, Reward=238.16 +/- 10.87, EpLength: 1600.00 +/- 0.00
08-02-24 05:01[icct.rl_helpers.eval_callback]INFO | (Eval ) num_timesteps=343500, Reward=193.89 +/- 7.25, EpLength: 1600.00 +/- 0.00
08-02-24 05:02[icct.rl_helpers.eval_callback]INFO | (Eval ) num_timesteps=345000, Reward=201.79 +/- 13.73, EpLength: 1600.00 +/- 0.00
08-02-24 05:02[icct.rl_helpers.eval_callback]INFO | (Eval ) num_timesteps=346500, Reward=226.62 +/- 20.96, EpLength: 1600.00 +/- 0.00
08-02-24 05:03[icct.rl_helpers.eval_callback]INFO | (Eval ) num_timesteps=348000, Reward=232.10 +/- 2.61, EpLength: 1600.00 +/- 0.00
08-02-24 05:03[icct.rl_helpers.eval_callback]INFO | (Eval ) num_timesteps=349500, Reward=174.78 +/- 13.18, EpLength: 1600.00 +/- 0.00
08-02-24 05:03[icct.rl_helpers.eval_callback]INFO | (Eval ) num_timesteps=351000, Reward=171.20 +/- 10.68, EpLength: 1600.00 +/- 0.00
08-02-24 05:04[icct.rl_helpers.eval_callback]INFO | (Eval ) num_timesteps=352500, Reward=149.29 +/- 19.51, EpLength: 1600.00 +/- 0.00
08-02-24 05:04[icct.rl_helpers.eval_callback]INFO | (Eval ) num_timesteps=354000, Reward=26.09 +/- 80.44, EpLength: 1277.00 +/- 528.24
08-02-24 05:04[icct.rl_helpers.eval_callback]INFO | (Eval ) num_timesteps=355500, Reward=124.15 +/- 31.85, EpLength: 1600.00 +/- 0.00
08-02-24 05:05[icct.rl_helpers.eval_callback]INFO | (Eval ) num_timesteps=357000, Reward=153.40 +/- 12.83, EpLength: 1600.00 +/- 0.00
08-02-24 05:05[icct.rl_helpers.eval_callback]INFO | (Eval ) num_timesteps=358500, Reward=93.34 +/- 8.53, EpLength: 1600.00 +/- 0.00
08-02-24 05:05[icct.rl_helpers.eval_callback]INFO | (Eval ) num_timesteps=360000, Reward=108.97 +/- 8.77, EpLength: 1600.00 +/- 0.00
08-02-24 05:06[icct.rl_helpers.eval_callback]INFO | (Train) Episode: 320, Avg Reward: 57.834886527636534, Best: 57.834886527636534
08-02-24 05:06[icct.rl_helpers.eval_callback]INFO | (Eval ) num_timesteps=361500, Reward=134.73 +/- 7.89, EpLength: 1600.00 +/- 0.00
08-02-24 05:06[icct.rl_helpers.eval_callback]INFO | (Eval ) num_timesteps=363000, Reward=125.63 +/- 2.24, EpLength: 1600.00 +/- 0.00
08-02-24 05:07[icct.rl_helpers.eval_callback]INFO | (Eval ) num_timesteps=364500, Reward=48.06 +/- 64.67, EpLength: 1388.00 +/- 183.09
08-02-24 05:07[icct.rl_helpers.eval_callback]INFO | (Eval ) num_timesteps=366000, Reward=194.53 +/- 10.18, EpLength: 1600.00 +/- 0.00
08-02-24 05:07[icct.rl_helpers.eval_callback]INFO | (Eval ) num_timesteps=367500, Reward=183.18 +/- 10.44, EpLength: 1600.00 +/- 0.00
08-02-24 05:08[icct.rl_helpers.eval_callback]INFO | (Eval ) num_timesteps=369000, Reward=181.26 +/- 10.80, EpLength: 1600.00 +/- 0.00
08-02-24 05:08[icct.rl_helpers.eval_callback]INFO | (Eval ) num_timesteps=370500, Reward=137.96 +/- 3.51, EpLength: 1600.00 +/- 0.00
08-02-24 05:08[icct.rl_helpers.eval_callback]INFO | (Eval ) num_timesteps=372000, Reward=66.69 +/- 69.04, EpLength: 1425.40 +/- 349.20
08-02-24 05:09[icct.rl_helpers.eval_callback]INFO | (Eval ) num_timesteps=373500, Reward=150.07 +/- 7.31, EpLength: 1600.00 +/- 0.00
08-02-24 05:09[icct.rl_helpers.eval_callback]INFO | (Eval ) num_timesteps=375000, Reward=218.60 +/- 8.31, EpLength: 1600.00 +/- 0.00
08-02-24 05:09[icct.rl_helpers.eval_callback]INFO | (Eval ) num_timesteps=376500, Reward=171.26 +/- 93.11, EpLength: 1600.00 +/- 0.00
08-02-24 05:10[icct.rl_helpers.eval_callback]INFO | (Eval ) num_timesteps=378000, Reward=61.94 +/- 73.56, EpLength: 1422.80 +/- 354.40
08-02-24 05:10[icct.rl_helpers.eval_callback]INFO | (Eval ) num_timesteps=379500, Reward=-74.24 +/- 24.37, EpLength: 636.20 +/- 550.61
08-02-24 05:11[icct.rl_helpers.eval_callback]INFO | (Eval ) num_timesteps=381000, Reward=135.23 +/- 64.43, EpLength: 1476.00 +/- 248.00
08-02-24 05:11[icct.rl_helpers.eval_callback]INFO | (Eval ) num_timesteps=382500, Reward=223.52 +/- 22.28, EpLength: 1600.00 +/- 0.00
08-02-24 05:11[icct.rl_helpers.eval_callback]INFO | (Eval ) num_timesteps=384000, Reward=71.39 +/- 104.90, EpLength: 1600.00 +/- 0.00
08-02-24 05:12[icct.rl_helpers.eval_callback]INFO | (Eval ) num_timesteps=385500, Reward=200.43 +/- 49.00, EpLength: 1598.80 +/- 2.40
08-02-24 05:12[icct.rl_helpers.eval_callback]INFO | (Eval ) num_timesteps=387000, Reward=210.71 +/- 73.88, EpLength: 1543.00 +/- 114.00
08-02-24 05:12[icct.rl_helpers.eval_callback]INFO | (Eval ) num_timesteps=388500, Reward=206.95 +/- 9.56, EpLength: 1600.00 +/- 0.00
08-02-24 05:13[icct.rl_helpers.eval_callback]INFO | (Eval ) num_timesteps=390000, Reward=157.83 +/- 69.06, EpLength: 1508.20 +/- 183.60
08-02-24 05:13[icct.rl_helpers.eval_callback]INFO | (Eval ) num_timesteps=391500, Reward=207.29 +/- 15.11, EpLength: 1600.00 +/- 0.00
08-02-24 05:13[icct.rl_helpers.eval_callback]INFO | (Eval ) num_timesteps=393000, Reward=97.09 +/- 90.06, EpLength: 1335.40 +/- 267.92
08-02-24 05:13[icct.rl_helpers.eval_callback]INFO | (Train) Episode: 340, Avg Reward: 111.53574506721101, Best: 111.53574506721101
08-02-24 05:14[icct.rl_helpers.eval_callback]INFO | (Eval ) num_timesteps=394500, Reward=68.70 +/- 109.47, EpLength: 1185.60 +/- 530.85
08-02-24 05:14[icct.rl_helpers.eval_callback]INFO | (Eval ) num_timesteps=396000, Reward=257.99 +/- 1.84, EpLength: 1600.00 +/- 0.00
08-02-24 05:14[icct.rl_helpers.eval_callback]INFO | (Eval ) num_timesteps=397500, Reward=232.61 +/- 8.96, EpLength: 1600.00 +/- 0.00
08-02-24 05:15[icct.rl_helpers.eval_callback]INFO | (Eval ) num_timesteps=399000, Reward=259.39 +/- 8.14, EpLength: 1598.40 +/- 3.20
08-02-24 05:15[icct.rl_helpers.eval_callback]INFO | (Save ) Storing Best Model: New best mean reward!
08-02-24 05:15[icct.rl_helpers.eval_callback]INFO | (Eval ) num_timesteps=400500, Reward=263.36 +/- 2.71, EpLength: 1550.40 +/- 28.25
08-02-24 05:15[icct.rl_helpers.eval_callback]INFO | (Save ) Storing Best Model: New best mean reward!
08-02-24 05:16[icct.rl_helpers.eval_callback]INFO | (Eval ) num_timesteps=402000, Reward=260.09 +/- 1.62, EpLength: 1582.60 +/- 14.12
08-02-24 05:16[icct.rl_helpers.eval_callback]INFO | (Eval ) num_timesteps=403500, Reward=264.36 +/- 1.19, EpLength: 1578.20 +/- 19.20
08-02-24 05:16[icct.rl_helpers.eval_callback]INFO | (Save ) Storing Best Model: New best mean reward!
08-02-24 05:16[icct.rl_helpers.eval_callback]INFO | (Eval ) num_timesteps=405000, Reward=201.51 +/- 103.35, EpLength: 1442.80 +/- 314.40
08-02-24 05:17[icct.rl_helpers.eval_callback]INFO | (Eval ) num_timesteps=406500, Reward=224.57 +/- 48.84, EpLength: 1600.00 +/- 0.00
08-02-24 05:17[icct.rl_helpers.eval_callback]INFO | (Eval ) num_timesteps=408000, Reward=256.36 +/- 7.97, EpLength: 1560.60 +/- 40.63
08-02-24 05:17[icct.rl_helpers.eval_callback]INFO | (Eval ) num_timesteps=409500, Reward=-96.70 +/- 3.83, EpLength: 105.20 +/- 13.41
08-02-24 05:18[icct.rl_helpers.eval_callback]INFO | (Eval ) num_timesteps=411000, Reward=258.31 +/- 10.64, EpLength: 1491.60 +/- 60.92
08-02-24 05:18[icct.rl_helpers.eval_callback]INFO | (Eval ) num_timesteps=412500, Reward=216.62 +/- 115.33, EpLength: 1244.00 +/- 299.39
08-02-24 05:18[icct.rl_helpers.eval_callback]INFO | (Eval ) num_timesteps=414000, Reward=283.60 +/- 0.50, EpLength: 1350.60 +/- 12.55
08-02-24 05:18[icct.rl_helpers.eval_callback]INFO | (Save ) Storing Best Model: New best mean reward!
08-02-24 05:19[icct.rl_helpers.eval_callback]INFO | (Eval ) num_timesteps=415500, Reward=172.89 +/- 132.65, EpLength: 1077.00 +/- 372.19
08-02-24 05:19[icct.rl_helpers.eval_callback]INFO | (Eval ) num_timesteps=417000, Reward=286.90 +/- 1.38, EpLength: 1369.00 +/- 18.49
08-02-24 05:19[icct.rl_helpers.eval_callback]INFO | (Save ) Storing Best Model: New best mean reward!
08-02-24 05:19[icct.rl_helpers.eval_callback]INFO | (Eval ) num_timesteps=418500, Reward=270.08 +/- 9.72, EpLength: 1564.80 +/- 29.81
08-02-24 05:20[icct.rl_helpers.eval_callback]INFO | (Eval ) num_timesteps=420000, Reward=282.11 +/- 0.55, EpLength: 1367.40 +/- 11.22
08-02-24 05:20[icct.rl_helpers.eval_callback]INFO | (Eval ) num_timesteps=421500, Reward=239.32 +/- 69.51, EpLength: 1496.20 +/- 87.96
08-02-24 05:20[icct.rl_helpers.eval_callback]INFO | (Eval ) num_timesteps=423000, Reward=223.38 +/- 111.86, EpLength: 1178.80 +/- 309.47
08-02-24 05:21[icct.rl_helpers.eval_callback]INFO | (Train) Episode: 360, Avg Reward: 151.8670556070436, Best: 151.8670556070436
08-02-24 05:21[icct.rl_helpers.eval_callback]INFO | (Eval ) num_timesteps=424500, Reward=175.26 +/- 133.21, EpLength: 1060.60 +/- 283.27
08-02-24 05:21[icct.rl_helpers.eval_callback]INFO | (Eval ) num_timesteps=426000, Reward=292.99 +/- 1.06, EpLength: 1192.20 +/- 16.83
08-02-24 05:21[icct.rl_helpers.eval_callback]INFO | (Save ) Storing Best Model: New best mean reward!
08-02-24 05:21[icct.rl_helpers.eval_callback]INFO | (Eval ) num_timesteps=427500, Reward=286.68 +/- 0.61, EpLength: 1275.80 +/- 8.47
08-02-24 05:22[icct.rl_helpers.eval_callback]INFO | (Eval ) num_timesteps=429000, Reward=272.89 +/- 14.02, EpLength: 1435.60 +/- 110.38
08-02-24 05:22[icct.rl_helpers.eval_callback]INFO | (Eval ) num_timesteps=430500, Reward=275.47 +/- 2.08, EpLength: 1344.80 +/- 35.27
08-02-24 05:22[icct.rl_helpers.eval_callback]INFO | (Eval ) num_timesteps=432000, Reward=279.76 +/- 4.60, EpLength: 1332.40 +/- 72.35
08-02-24 05:23[icct.rl_helpers.eval_callback]INFO | (Eval ) num_timesteps=433500, Reward=283.28 +/- 1.87, EpLength: 1239.60 +/- 34.21
08-02-24 05:23[icct.rl_helpers.eval_callback]INFO | (Eval ) num_timesteps=435000, Reward=286.67 +/- 0.36, EpLength: 1235.00 +/- 4.34
08-02-24 05:23[icct.rl_helpers.eval_callback]INFO | (Eval ) num_timesteps=436500, Reward=284.90 +/- 1.29, EpLength: 1291.80 +/- 13.69
08-02-24 05:24[icct.rl_helpers.eval_callback]INFO | (Eval ) num_timesteps=438000, Reward=287.18 +/- 0.67, EpLength: 1270.00 +/- 8.90
08-02-24 05:24[icct.rl_helpers.eval_callback]INFO | (Eval ) num_timesteps=439500, Reward=286.84 +/- 1.15, EpLength: 1293.20 +/- 25.77
08-02-24 05:25[icct.rl_helpers.eval_callback]INFO | (Eval ) num_timesteps=441000, Reward=226.77 +/- 111.38, EpLength: 1194.40 +/- 264.84
08-02-24 05:25[icct.rl_helpers.eval_callback]INFO | (Eval ) num_timesteps=442500, Reward=284.14 +/- 1.17, EpLength: 1307.60 +/- 34.58
08-02-24 05:25[icct.rl_helpers.eval_callback]INFO | (Eval ) num_timesteps=444000, Reward=135.10 +/- 134.56, EpLength: 910.40 +/- 350.98
08-02-24 05:26[icct.rl_helpers.eval_callback]INFO | (Eval ) num_timesteps=445500, Reward=285.87 +/- 2.46, EpLength: 1270.20 +/- 54.04
08-02-24 05:26[icct.rl_helpers.eval_callback]INFO | (Eval ) num_timesteps=447000, Reward=274.99 +/- 32.75, EpLength: 1269.20 +/- 165.85
08-02-24 05:26[icct.rl_helpers.eval_callback]INFO | (Eval ) num_timesteps=448500, Reward=285.07 +/- 4.27, EpLength: 1215.40 +/- 64.32
08-02-24 05:27[icct.rl_helpers.eval_callback]INFO | (Eval ) num_timesteps=450000, Reward=291.53 +/- 0.56, EpLength: 1199.20 +/- 8.33
08-02-24 05:27[icct.rl_helpers.eval_callback]INFO | (Train) Episode: 380, Avg Reward: 188.94333447363366, Best: 188.94333447363366
08-02-24 05:27[icct.rl_helpers.eval_callback]INFO | (Eval ) num_timesteps=451500, Reward=285.80 +/- 1.78, EpLength: 1255.40 +/- 28.40
08-02-24 05:27[icct.rl_helpers.eval_callback]INFO | (Eval ) num_timesteps=453000, Reward=285.67 +/- 1.05, EpLength: 1188.40 +/- 17.10
08-02-24 05:28[icct.rl_helpers.eval_callback]INFO | (Eval ) num_timesteps=454500, Reward=286.87 +/- 0.47, EpLength: 1174.60 +/- 17.86
08-02-24 05:28[icct.rl_helpers.eval_callback]INFO | (Eval ) num_timesteps=456000, Reward=284.96 +/- 0.56, EpLength: 1260.00 +/- 3.29
08-02-24 05:28[icct.rl_helpers.eval_callback]INFO | (Eval ) num_timesteps=457500, Reward=240.69 +/- 82.44, EpLength: 1208.20 +/- 155.03
08-02-24 05:29[icct.rl_helpers.eval_callback]INFO | (Eval ) num_timesteps=459000, Reward=216.13 +/- 143.28, EpLength: 1283.80 +/- 160.00
08-02-24 05:29[icct.rl_helpers.eval_callback]INFO | (Eval ) num_timesteps=460500, Reward=284.14 +/- 1.53, EpLength: 1191.80 +/- 25.09
08-02-24 05:29[icct.rl_helpers.eval_callback]INFO | (Eval ) num_timesteps=462000, Reward=278.15 +/- 1.43, EpLength: 1197.60 +/- 15.09
08-02-24 05:30[icct.rl_helpers.eval_callback]INFO | (Eval ) num_timesteps=463500, Reward=227.78 +/- 116.89, EpLength: 1229.00 +/- 186.15
08-02-24 05:30[icct.rl_helpers.eval_callback]INFO | (Eval ) num_timesteps=465000, Reward=291.25 +/- 2.10, EpLength: 1092.80 +/- 39.66
08-02-24 05:30[icct.rl_helpers.eval_callback]INFO | (Eval ) num_timesteps=466500, Reward=280.48 +/- 0.83, EpLength: 1235.60 +/- 13.91
08-02-24 05:31[icct.rl_helpers.eval_callback]INFO | (Eval ) num_timesteps=468000, Reward=290.16 +/- 0.76, EpLength: 1090.40 +/- 12.26
08-02-24 05:31[icct.rl_helpers.eval_callback]INFO | (Eval ) num_timesteps=469500, Reward=290.56 +/- 3.66, EpLength: 1167.60 +/- 81.17
08-02-24 05:31[icct.rl_helpers.eval_callback]INFO | (Eval ) num_timesteps=471000, Reward=277.82 +/- 0.27, EpLength: 1224.20 +/- 14.77
08-02-24 05:32[icct.rl_helpers.eval_callback]INFO | (Eval ) num_timesteps=472500, Reward=297.19 +/- 0.95, EpLength: 1127.20 +/- 12.66
08-02-24 05:32[icct.rl_helpers.eval_callback]INFO | (Save ) Storing Best Model: New best mean reward!
08-02-24 05:32[icct.rl_helpers.eval_callback]INFO | (Eval ) num_timesteps=474000, Reward=293.20 +/- 1.09, EpLength: 1120.40 +/- 8.78
08-02-24 05:32[icct.rl_helpers.eval_callback]INFO | (Eval ) num_timesteps=475500, Reward=280.77 +/- 0.66, EpLength: 1231.20 +/- 19.63
08-02-24 05:32[icct.rl_helpers.eval_callback]INFO | (Train) Episode: 400, Avg Reward: 219.9850826450893, Best: 219.9850826450893
08-02-24 05:33[icct.rl_helpers.eval_callback]INFO | (Eval ) num_timesteps=477000, Reward=284.51 +/- 0.93, EpLength: 1211.20 +/- 15.73
08-02-24 05:33[icct.rl_helpers.eval_callback]INFO | (Eval ) num_timesteps=478500, Reward=277.58 +/- 1.06, EpLength: 1228.40 +/- 16.52
08-02-24 05:33[icct.rl_helpers.eval_callback]INFO | (Eval ) num_timesteps=480000, Reward=285.98 +/- 1.51, EpLength: 1279.60 +/- 30.72
08-02-24 05:34[icct.rl_helpers.eval_callback]INFO | (Eval ) num_timesteps=481500, Reward=287.12 +/- 0.72, EpLength: 1177.40 +/- 10.93
08-02-24 05:34[icct.rl_helpers.eval_callback]INFO | (Eval ) num_timesteps=483000, Reward=287.47 +/- 0.63, EpLength: 1212.00 +/- 11.19
08-02-24 05:34[icct.rl_helpers.eval_callback]INFO | (Eval ) num_timesteps=484500, Reward=282.05 +/- 0.90, EpLength: 1267.20 +/- 16.90
08-02-24 05:35[icct.rl_helpers.eval_callback]INFO | (Eval ) num_timesteps=486000, Reward=286.79 +/- 0.62, EpLength: 1215.80 +/- 16.99
08-02-24 05:35[icct.rl_helpers.eval_callback]INFO | (Eval ) num_timesteps=487500, Reward=286.26 +/- 0.82, EpLength: 1173.40 +/- 11.57
08-02-24 05:35[icct.rl_helpers.eval_callback]INFO | (Eval ) num_timesteps=489000, Reward=286.52 +/- 1.13, EpLength: 1200.20 +/- 12.73
08-02-24 05:36[icct.rl_helpers.eval_callback]INFO | (Eval ) num_timesteps=490500, Reward=284.96 +/- 0.92, EpLength: 1216.00 +/- 15.09
08-02-24 05:36[icct.rl_helpers.eval_callback]INFO | (Eval ) num_timesteps=492000, Reward=-81.87 +/- 21.36, EpLength: 1600.00 +/- 0.00
08-02-24 05:36[icct.rl_helpers.eval_callback]INFO | (Eval ) num_timesteps=493500, Reward=286.86 +/- 0.65, EpLength: 1195.00 +/- 15.53
08-02-24 05:37[icct.rl_helpers.eval_callback]INFO | (Eval ) num_timesteps=495000, Reward=278.14 +/- 1.56, EpLength: 1203.80 +/- 17.79
08-02-24 05:37[icct.rl_helpers.eval_callback]INFO | (Eval ) num_timesteps=496500, Reward=56.39 +/- 187.13, EpLength: 593.20 +/- 511.47
08-02-24 05:37[icct.rl_helpers.eval_callback]INFO | (Eval ) num_timesteps=498000, Reward=290.99 +/- 2.08, EpLength: 1251.00 +/- 23.74
08-02-24 05:38[icct.rl_helpers.eval_callback]INFO | (Eval ) num_timesteps=499500, Reward=291.81 +/- 1.08, EpLength: 1283.60 +/- 20.46
08-02-24 05:38[icct.rl_helpers.eval_callback]INFO | (Train) Episode: 420, Avg Reward: 240.11211318876195, Best: 240.11211318876195
08-02-24 05:38[icct.rl_helpers.eval_callback]INFO | (Eval ) num_timesteps=501000, Reward=290.59 +/- 0.84, EpLength: 1255.60 +/- 25.86
08-02-24 05:39[icct.rl_helpers.eval_callback]INFO | (Eval ) num_timesteps=502500, Reward=203.69 +/- 154.37, EpLength: 1180.00 +/- 485.77
08-02-24 05:39[icct.rl_helpers.eval_callback]INFO | (Eval ) num_timesteps=504000, Reward=-104.50 +/- 5.00, EpLength: 171.80 +/- 12.78
08-02-24 05:39[icct.rl_helpers.eval_callback]INFO | (Eval ) num_timesteps=505500, Reward=119.40 +/- 187.00, EpLength: 952.00 +/- 586.96
08-02-24 05:39[icct.rl_helpers.eval_callback]INFO | (Eval ) num_timesteps=507000, Reward=283.45 +/- 1.74, EpLength: 1390.40 +/- 32.93
08-02-24 05:40[icct.rl_helpers.eval_callback]INFO | (Eval ) num_timesteps=508500, Reward=241.22 +/- 74.14, EpLength: 1318.20 +/- 35.75
08-02-24 05:40[icct.rl_helpers.eval_callback]INFO | (Eval ) num_timesteps=510000, Reward=288.72 +/- 1.57, EpLength: 1241.20 +/- 29.32
08-02-24 05:40[icct.rl_helpers.eval_callback]INFO | (Eval ) num_timesteps=511500, Reward=282.92 +/- 0.90, EpLength: 1329.80 +/- 16.33
08-02-24 05:41[icct.rl_helpers.eval_callback]INFO | (Eval ) num_timesteps=513000, Reward=-109.12 +/- 0.07, EpLength: 48.00 +/- 0.00
08-02-24 05:41[icct.rl_helpers.eval_callback]INFO | (Eval ) num_timesteps=514500, Reward=282.81 +/- 1.93, EpLength: 1301.20 +/- 24.49
08-02-24 05:41[icct.rl_helpers.eval_callback]INFO | (Eval ) num_timesteps=516000, Reward=-104.42 +/- 0.53, EpLength: 68.80 +/- 0.98
08-02-24 05:42[icct.rl_helpers.eval_callback]INFO | (Eval ) num_timesteps=517500, Reward=285.64 +/- 2.02, EpLength: 1290.40 +/- 26.50
08-02-24 05:42[icct.rl_helpers.eval_callback]INFO | (Eval ) num_timesteps=519000, Reward=259.28 +/- 72.70, EpLength: 1276.80 +/- 162.76
08-02-24 05:42[icct.rl_helpers.eval_callback]INFO | (Eval ) num_timesteps=520500, Reward=289.65 +/- 2.22, EpLength: 1305.80 +/- 45.47
08-02-24 05:43[icct.rl_helpers.eval_callback]INFO | (Eval ) num_timesteps=522000, Reward=291.75 +/- 1.44, EpLength: 1212.80 +/- 26.95
08-02-24 05:43[icct.rl_helpers.eval_callback]INFO | (Eval ) num_timesteps=523500, Reward=293.32 +/- 0.61, EpLength: 1200.60 +/- 13.69
08-02-24 05:43[icct.rl_helpers.eval_callback]INFO | (Eval ) num_timesteps=525000, Reward=291.72 +/- 0.66, EpLength: 1254.40 +/- 16.14
08-02-24 05:44[icct.rl_helpers.eval_callback]INFO | (Train) Episode: 440, Avg Reward: 255.85520515582795, Best: 256.0263511417317
08-02-24 05:44[icct.rl_helpers.eval_callback]INFO | (Eval ) num_timesteps=526500, Reward=284.14 +/- 0.66, EpLength: 1225.00 +/- 9.27
08-02-24 05:44[icct.rl_helpers.eval_callback]INFO | (Eval ) num_timesteps=528000, Reward=289.48 +/- 0.79, EpLength: 1232.20 +/- 11.91
08-02-24 05:44[icct.rl_helpers.eval_callback]INFO | (Eval ) num_timesteps=529500, Reward=279.65 +/- 0.71, EpLength: 1231.00 +/- 11.64
08-02-24 05:45[icct.rl_helpers.eval_callback]INFO | (Eval ) num_timesteps=531000, Reward=285.94 +/- 0.76, EpLength: 1236.20 +/- 11.37
08-02-24 05:45[icct.rl_helpers.eval_callback]INFO | (Eval ) num_timesteps=532500, Reward=287.17 +/- 0.59, EpLength: 1173.60 +/- 14.88
08-02-24 05:45[icct.rl_helpers.eval_callback]INFO | (Eval ) num_timesteps=534000, Reward=280.02 +/- 1.15, EpLength: 1248.60 +/- 24.66
08-02-24 05:46[icct.rl_helpers.eval_callback]INFO | (Eval ) num_timesteps=535500, Reward=291.66 +/- 0.88, EpLength: 1167.60 +/- 14.92
08-02-24 05:46[icct.rl_helpers.eval_callback]INFO | (Eval ) num_timesteps=537000, Reward=281.15 +/- 1.09, EpLength: 1257.00 +/- 23.76
08-02-24 05:47[icct.rl_helpers.eval_callback]INFO | (Eval ) num_timesteps=538500, Reward=287.65 +/- 0.61, EpLength: 1236.40 +/- 16.70
08-02-24 05:47[icct.rl_helpers.eval_callback]INFO | (Eval ) num_timesteps=540000, Reward=287.26 +/- 0.99, EpLength: 1236.80 +/- 21.95
08-02-24 05:47[icct.rl_helpers.eval_callback]INFO | (Eval ) num_timesteps=541500, Reward=288.51 +/- 0.84, EpLength: 1204.40 +/- 13.89
08-02-24 05:48[icct.rl_helpers.eval_callback]INFO | (Eval ) num_timesteps=543000, Reward=290.40 +/- 0.60, EpLength: 1197.40 +/- 12.35
08-02-24 05:48[icct.rl_helpers.eval_callback]INFO | (Eval ) num_timesteps=544500, Reward=214.08 +/- 133.85, EpLength: 1375.20 +/- 125.66
08-02-24 05:48[icct.rl_helpers.eval_callback]INFO | (Eval ) num_timesteps=546000, Reward=289.27 +/- 0.81, EpLength: 1192.60 +/- 10.29
08-02-24 05:49[icct.rl_helpers.eval_callback]INFO | (Eval ) num_timesteps=547500, Reward=284.80 +/- 1.79, EpLength: 1203.20 +/- 34.36
08-02-24 05:49[icct.rl_helpers.eval_callback]INFO | (Eval ) num_timesteps=549000, Reward=295.91 +/- 1.11, EpLength: 1199.80 +/- 20.41
08-02-24 05:49[icct.rl_helpers.eval_callback]INFO | (Eval ) num_timesteps=550500, Reward=288.37 +/- 1.40, EpLength: 1188.20 +/- 24.46
08-02-24 05:49[icct.rl_helpers.eval_callback]INFO | (Train) Episode: 460, Avg Reward: 260.6377161951491, Best: 260.6377161951491
08-02-24 05:50[icct.rl_helpers.eval_callback]INFO | (Eval ) num_timesteps=552000, Reward=293.32 +/- 1.73, EpLength: 1240.80 +/- 37.17
08-02-24 05:50[icct.rl_helpers.eval_callback]INFO | (Eval ) num_timesteps=553500, Reward=289.66 +/- 0.49, EpLength: 1167.20 +/- 14.99
08-02-24 05:50[icct.rl_helpers.eval_callback]INFO | (Eval ) num_timesteps=555000, Reward=288.67 +/- 1.26, EpLength: 1165.60 +/- 15.00
08-02-24 05:51[icct.rl_helpers.eval_callback]INFO | (Eval ) num_timesteps=556500, Reward=290.53 +/- 0.55, EpLength: 1139.00 +/- 10.49
08-02-24 05:51[icct.rl_helpers.eval_callback]INFO | (Eval ) num_timesteps=558000, Reward=290.88 +/- 2.22, EpLength: 1162.40 +/- 38.54
08-02-24 05:51[icct.rl_helpers.eval_callback]INFO | (Eval ) num_timesteps=559500, Reward=292.23 +/- 0.74, EpLength: 1147.20 +/- 9.58
08-02-24 05:52[icct.rl_helpers.eval_callback]INFO | (Eval ) num_timesteps=561000, Reward=293.72 +/- 1.00, EpLength: 1156.40 +/- 19.46
08-02-24 05:52[icct.rl_helpers.eval_callback]INFO | (Eval ) num_timesteps=562500, Reward=290.92 +/- 0.36, EpLength: 1213.20 +/- 6.85
08-02-24 05:52[icct.rl_helpers.eval_callback]INFO | (Eval ) num_timesteps=564000, Reward=287.59 +/- 1.15, EpLength: 1156.60 +/- 18.21
08-02-24 05:53[icct.rl_helpers.eval_callback]INFO | (Eval ) num_timesteps=565500, Reward=289.99 +/- 1.23, EpLength: 1182.40 +/- 16.91
08-02-24 05:53[icct.rl_helpers.eval_callback]INFO | (Eval ) num_timesteps=567000, Reward=285.88 +/- 0.38, EpLength: 1174.60 +/- 8.09
08-02-24 05:53[icct.rl_helpers.eval_callback]INFO | (Eval ) num_timesteps=568500, Reward=286.81 +/- 1.30, EpLength: 1138.80 +/- 18.86
08-02-24 05:54[icct.rl_helpers.eval_callback]INFO | (Eval ) num_timesteps=570000, Reward=285.68 +/- 0.70, EpLength: 1154.40 +/- 17.07
08-02-24 05:54[icct.rl_helpers.eval_callback]INFO | (Eval ) num_timesteps=571500, Reward=289.05 +/- 0.80, EpLength: 1104.00 +/- 17.50
08-02-24 05:54[icct.rl_helpers.eval_callback]INFO | (Eval ) num_timesteps=573000, Reward=287.41 +/- 1.32, EpLength: 1159.60 +/- 19.94
08-02-24 05:55[icct.rl_helpers.eval_callback]INFO | (Eval ) num_timesteps=574500, Reward=290.32 +/- 1.20, EpLength: 1137.40 +/- 23.81
08-02-24 05:55[icct.rl_helpers.eval_callback]INFO | (Train) Episode: 480, Avg Reward: 260.19990465184094, Best: 261.0860926393854
08-02-24 05:55[icct.rl_helpers.eval_callback]INFO | (Eval ) num_timesteps=576000, Reward=290.32 +/- 0.91, EpLength: 1104.60 +/- 20.83
08-02-24 05:55[icct.rl_helpers.eval_callback]INFO | (Eval ) num_timesteps=577500, Reward=227.89 +/- 123.77, EpLength: 979.60 +/- 290.32
08-02-24 05:56[icct.rl_helpers.eval_callback]INFO | (Eval ) num_timesteps=579000, Reward=295.02 +/- 0.57, EpLength: 1118.40 +/- 6.05
08-02-24 05:56[icct.rl_helpers.eval_callback]INFO | (Eval ) num_timesteps=580500, Reward=291.43 +/- 0.87, EpLength: 1160.20 +/- 8.54
08-02-24 05:56[icct.rl_helpers.eval_callback]INFO | (Eval ) num_timesteps=582000, Reward=289.83 +/- 0.90, EpLength: 1208.60 +/- 13.37
08-02-24 05:57[icct.rl_helpers.eval_callback]INFO | (Eval ) num_timesteps=583500, Reward=295.83 +/- 1.09, EpLength: 1190.40 +/- 34.94
08-02-24 05:57[icct.rl_helpers.eval_callback]INFO | (Eval ) num_timesteps=585000, Reward=289.32 +/- 0.93, EpLength: 1133.40 +/- 11.48
08-02-24 05:57[icct.rl_helpers.eval_callback]INFO | (Eval ) num_timesteps=586500, Reward=292.01 +/- 0.58, EpLength: 1137.80 +/- 24.79
08-02-24 05:58[icct.rl_helpers.eval_callback]INFO | (Eval ) num_timesteps=588000, Reward=291.71 +/- 0.93, EpLength: 1167.20 +/- 23.98
08-02-24 05:58[icct.rl_helpers.eval_callback]INFO | (Eval ) num_timesteps=589500, Reward=295.63 +/- 0.75, EpLength: 1143.40 +/- 11.41
08-02-24 05:58[icct.rl_helpers.eval_callback]INFO | (Eval ) num_timesteps=591000, Reward=291.44 +/- 0.55, EpLength: 1166.80 +/- 12.48
08-02-24 05:59[icct.rl_helpers.eval_callback]INFO | (Eval ) num_timesteps=592500, Reward=285.97 +/- 0.62, EpLength: 1172.80 +/- 16.45
08-02-24 05:59[icct.rl_helpers.eval_callback]INFO | (Eval ) num_timesteps=594000, Reward=294.66 +/- 0.82, EpLength: 1124.80 +/- 5.19
08-02-24 05:59[icct.rl_helpers.eval_callback]INFO | (Eval ) num_timesteps=595500, Reward=291.80 +/- 0.76, EpLength: 1123.80 +/- 15.26
08-02-24 06:00[icct.rl_helpers.eval_callback]INFO | (Eval ) num_timesteps=597000, Reward=233.93 +/- 108.10, EpLength: 1062.20 +/- 233.92
08-02-24 06:00[icct.rl_helpers.eval_callback]INFO | (Train) Episode: 500, Avg Reward: 260.05440525145934, Best: 263.62580378045766
08-02-24 06:00[icct.rl_helpers.eval_callback]INFO | (Eval ) num_timesteps=598500, Reward=281.77 +/- 1.41, EpLength: 1179.20 +/- 11.07
08-02-24 06:00[icct.rl_helpers.eval_callback]INFO | (Eval ) num_timesteps=600000, Reward=294.27 +/- 0.55, EpLength: 1110.80 +/- 4.12
08-02-24 06:01[icct.rl_helpers.eval_callback]INFO | (Eval ) num_timesteps=601500, Reward=163.08 +/- 148.79, EpLength: 876.80 +/- 339.35
08-02-24 06:01[icct.rl_helpers.eval_callback]INFO | (Eval ) num_timesteps=603000, Reward=291.17 +/- 0.88, EpLength: 1118.80 +/- 14.46
08-02-24 06:01[icct.rl_helpers.eval_callback]INFO | (Eval ) num_timesteps=604500, Reward=282.73 +/- 1.04, EpLength: 1173.00 +/- 8.29
08-02-24 06:02[icct.rl_helpers.eval_callback]INFO | (Eval ) num_timesteps=606000, Reward=290.70 +/- 0.43, EpLength: 1081.20 +/- 3.60
08-02-24 06:02[icct.rl_helpers.eval_callback]INFO | (Eval ) num_timesteps=607500, Reward=293.96 +/- 0.75, EpLength: 1075.80 +/- 13.11
08-02-24 06:02[icct.rl_helpers.eval_callback]INFO | (Eval ) num_timesteps=609000, Reward=290.87 +/- 0.44, EpLength: 1105.40 +/- 9.81
08-02-24 06:03[icct.rl_helpers.eval_callback]INFO | (Eval ) num_timesteps=610500, Reward=170.27 +/- 152.68, EpLength: 1034.40 +/- 355.66
08-02-24 06:03[icct.rl_helpers.eval_callback]INFO | (Eval ) num_timesteps=612000, Reward=297.91 +/- 1.09, EpLength: 1075.00 +/- 10.97
08-02-24 06:03[icct.rl_helpers.eval_callback]INFO | (Save ) Storing Best Model: New best mean reward!
08-02-24 06:03[icct.rl_helpers.eval_callback]INFO | (Eval ) num_timesteps=613500, Reward=290.88 +/- 0.75, EpLength: 1091.60 +/- 12.60
08-02-24 06:04[icct.rl_helpers.eval_callback]INFO | (Eval ) num_timesteps=615000, Reward=285.36 +/- 1.06, EpLength: 1095.60 +/- 16.91
08-02-24 06:04[icct.rl_helpers.eval_callback]INFO | (Eval ) num_timesteps=616500, Reward=289.39 +/- 1.33, EpLength: 1147.60 +/- 17.33
08-02-24 06:04[icct.rl_helpers.eval_callback]INFO | (Eval ) num_timesteps=618000, Reward=294.65 +/- 1.36, EpLength: 1097.40 +/- 19.21
08-02-24 06:05[icct.rl_helpers.eval_callback]INFO | (Eval ) num_timesteps=619500, Reward=294.19 +/- 1.03, EpLength: 1137.00 +/- 13.27
08-02-24 06:05[icct.rl_helpers.eval_callback]INFO | (Train) Episode: 520, Avg Reward: 266.49558029870093, Best: 266.49558029870093
08-02-24 06:05[icct.rl_helpers.eval_callback]INFO | (Eval ) num_timesteps=621000, Reward=293.94 +/- 0.62, EpLength: 1094.80 +/- 5.71
08-02-24 06:05[icct.rl_helpers.eval_callback]INFO | (Eval ) num_timesteps=622500, Reward=285.06 +/- 0.42, EpLength: 1171.40 +/- 8.66
08-02-24 06:06[icct.rl_helpers.eval_callback]INFO | (Eval ) num_timesteps=624000, Reward=296.15 +/- 0.68, EpLength: 1061.40 +/- 8.48
08-02-24 06:06[icct.rl_helpers.eval_callback]INFO | (Eval ) num_timesteps=625500, Reward=285.05 +/- 0.78, EpLength: 1144.60 +/- 16.81
08-02-24 06:06[icct.rl_helpers.eval_callback]INFO | (Eval ) num_timesteps=627000, Reward=290.02 +/- 2.04, EpLength: 1177.00 +/- 27.75
08-02-24 06:07[icct.rl_helpers.eval_callback]INFO | (Eval ) num_timesteps=628500, Reward=291.71 +/- 0.44, EpLength: 1074.00 +/- 9.94
08-02-24 06:07[icct.rl_helpers.eval_callback]INFO | (Eval ) num_timesteps=630000, Reward=290.06 +/- 0.32, EpLength: 1069.00 +/- 6.16
08-02-24 06:07[icct.rl_helpers.eval_callback]INFO | (Eval ) num_timesteps=631500, Reward=299.23 +/- 0.60, EpLength: 1080.60 +/- 10.67
08-02-24 06:07[icct.rl_helpers.eval_callback]INFO | (Save ) Storing Best Model: New best mean reward!
08-02-24 06:08[icct.rl_helpers.eval_callback]INFO | (Eval ) num_timesteps=633000, Reward=64.51 +/- 187.51, EpLength: 1387.40 +/- 260.64
08-02-24 06:08[icct.rl_helpers.eval_callback]INFO | (Eval ) num_timesteps=634500, Reward=301.37 +/- 0.60, EpLength: 1066.20 +/- 5.67
08-02-24 06:08[icct.rl_helpers.eval_callback]INFO | (Save ) Storing Best Model: New best mean reward!
08-02-24 06:08[icct.rl_helpers.eval_callback]INFO | (Eval ) num_timesteps=636000, Reward=163.52 +/- 167.25, EpLength: 785.20 +/- 345.69
08-02-24 06:09[icct.rl_helpers.eval_callback]INFO | (Eval ) num_timesteps=637500, Reward=296.05 +/- 1.14, EpLength: 1061.40 +/- 15.20
08-02-24 06:09[icct.rl_helpers.eval_callback]INFO | (Eval ) num_timesteps=639000, Reward=290.54 +/- 1.02, EpLength: 1104.20 +/- 17.08
08-02-24 06:09[icct.rl_helpers.eval_callback]INFO | (Eval ) num_timesteps=640500, Reward=290.11 +/- 0.50, EpLength: 1115.20 +/- 6.11
08-02-24 06:10[icct.rl_helpers.eval_callback]INFO | (Eval ) num_timesteps=642000, Reward=290.71 +/- 1.19, EpLength: 1098.40 +/- 13.97
08-02-24 06:10[icct.rl_helpers.eval_callback]INFO | (Train) Episode: 540, Avg Reward: 274.6156399257647, Best: 274.6156399257647
08-02-24 06:10[icct.rl_helpers.eval_callback]INFO | (Eval ) num_timesteps=643500, Reward=298.24 +/- 0.34, EpLength: 1078.00 +/- 9.70
08-02-24 06:10[icct.rl_helpers.eval_callback]INFO | (Eval ) num_timesteps=645000, Reward=290.41 +/- 0.94, EpLength: 1093.20 +/- 18.48
08-02-24 06:11[icct.rl_helpers.eval_callback]INFO | (Eval ) num_timesteps=646500, Reward=290.21 +/- 1.02, EpLength: 1098.40 +/- 15.23
08-02-24 06:11[icct.rl_helpers.eval_callback]INFO | (Eval ) num_timesteps=648000, Reward=286.19 +/- 0.58, EpLength: 1113.00 +/- 11.45
08-02-24 06:11[icct.rl_helpers.eval_callback]INFO | (Eval ) num_timesteps=649500, Reward=294.88 +/- 1.61, EpLength: 1112.80 +/- 22.42
08-02-24 06:12[icct.rl_helpers.eval_callback]INFO | (Eval ) num_timesteps=651000, Reward=292.65 +/- 1.17, EpLength: 1155.60 +/- 24.00
08-02-24 06:12[icct.rl_helpers.eval_callback]INFO | (Eval ) num_timesteps=652500, Reward=291.39 +/- 0.54, EpLength: 1110.60 +/- 14.29
08-02-24 06:12[icct.rl_helpers.eval_callback]INFO | (Eval ) num_timesteps=654000, Reward=289.59 +/- 0.87, EpLength: 1127.40 +/- 6.22
08-02-24 06:13[icct.rl_helpers.eval_callback]INFO | (Eval ) num_timesteps=655500, Reward=-102.12 +/- 0.84, EpLength: 56.80 +/- 2.14
08-02-24 06:13[icct.rl_helpers.eval_callback]INFO | (Eval ) num_timesteps=657000, Reward=285.22 +/- 0.68, EpLength: 1113.20 +/- 9.24
08-02-24 06:13[icct.rl_helpers.eval_callback]INFO | (Eval ) num_timesteps=658500, Reward=293.86 +/- 2.71, EpLength: 1098.00 +/- 37.01
08-02-24 06:14[icct.rl_helpers.eval_callback]INFO | (Eval ) num_timesteps=660000, Reward=288.91 +/- 0.82, EpLength: 1061.20 +/- 10.93
08-02-24 06:14[icct.rl_helpers.eval_callback]INFO | (Eval ) num_timesteps=661500, Reward=255.93 +/- 76.83, EpLength: 1006.80 +/- 111.09
08-02-24 06:14[icct.rl_helpers.eval_callback]INFO | (Eval ) num_timesteps=663000, Reward=293.44 +/- 0.50, EpLength: 1067.60 +/- 6.80
08-02-24 06:15[icct.rl_helpers.eval_callback]INFO | (Eval ) num_timesteps=664500, Reward=300.46 +/- 1.05, EpLength: 1058.40 +/- 20.61
08-02-24 06:15[icct.rl_helpers.eval_callback]INFO | (Train) Episode: 560, Avg Reward: 273.5634220358719, Best: 277.21611671581627
08-02-24 06:15[icct.rl_helpers.eval_callback]INFO | (Eval ) num_timesteps=666000, Reward=292.78 +/- 1.71, EpLength: 1070.00 +/- 14.83
08-02-24 06:15[icct.rl_helpers.eval_callback]INFO | (Eval ) num_timesteps=667500, Reward=299.86 +/- 1.09, EpLength: 1118.00 +/- 22.75
08-02-24 06:16[icct.rl_helpers.eval_callback]INFO | (Eval ) num_timesteps=669000, Reward=289.53 +/- 1.25, EpLength: 1110.60 +/- 20.20
08-02-24 06:16[icct.rl_helpers.eval_callback]INFO | (Eval ) num_timesteps=670500, Reward=288.88 +/- 2.01, EpLength: 1164.00 +/- 27.71
08-02-24 06:16[icct.rl_helpers.eval_callback]INFO | (Eval ) num_timesteps=672000, Reward=292.15 +/- 0.50, EpLength: 1170.60 +/- 10.01
08-02-24 06:17[icct.rl_helpers.eval_callback]INFO | (Eval ) num_timesteps=673500, Reward=289.95 +/- 0.85, EpLength: 1142.20 +/- 9.50
08-02-24 06:17[icct.rl_helpers.eval_callback]INFO | (Eval ) num_timesteps=675000, Reward=293.84 +/- 0.81, EpLength: 1125.00 +/- 6.93
08-02-24 06:17[icct.rl_helpers.eval_callback]INFO | (Eval ) num_timesteps=676500, Reward=280.41 +/- 3.39, EpLength: 1225.80 +/- 54.61
08-02-24 06:18[icct.rl_helpers.eval_callback]INFO | (Eval ) num_timesteps=678000, Reward=295.83 +/- 1.49, EpLength: 1194.80 +/- 34.96
08-02-24 06:18[icct.rl_helpers.eval_callback]INFO | (Eval ) num_timesteps=679500, Reward=296.35 +/- 0.74, EpLength: 1234.80 +/- 16.89
08-02-24 06:18[icct.rl_helpers.eval_callback]INFO | (Eval ) num_timesteps=681000, Reward=289.51 +/- 1.14, EpLength: 1188.20 +/- 10.61
08-02-24 06:19[icct.rl_helpers.eval_callback]INFO | (Eval ) num_timesteps=682500, Reward=288.82 +/- 0.60, EpLength: 1165.80 +/- 19.97
08-02-24 06:19[icct.rl_helpers.eval_callback]INFO | (Eval ) num_timesteps=684000, Reward=290.87 +/- 0.90, EpLength: 1191.00 +/- 24.33
08-02-24 06:19[icct.rl_helpers.eval_callback]INFO | (Eval ) num_timesteps=685500, Reward=293.78 +/- 1.12, EpLength: 1178.20 +/- 20.42
08-02-24 06:20[icct.rl_helpers.eval_callback]INFO | (Eval ) num_timesteps=687000, Reward=298.12 +/- 0.88, EpLength: 1227.80 +/- 5.49
08-02-24 06:20[icct.rl_helpers.eval_callback]INFO | (Eval ) num_timesteps=688500, Reward=299.88 +/- 0.88, EpLength: 1189.60 +/- 13.78
08-02-24 06:20[icct.rl_helpers.eval_callback]INFO | (Train) Episode: 580, Avg Reward: 275.5528032818051, Best: 277.21611671581627
08-02-24 06:20[icct.rl_helpers.eval_callback]INFO | (Eval ) num_timesteps=690000, Reward=243.58 +/- 82.69, EpLength: 1122.80 +/- 122.87
08-02-24 06:21[icct.rl_helpers.eval_callback]INFO | (Eval ) num_timesteps=691500, Reward=288.49 +/- 2.10, EpLength: 1297.60 +/- 36.94
08-02-24 06:21[icct.rl_helpers.eval_callback]INFO | (Eval ) num_timesteps=693000, Reward=291.28 +/- 1.22, EpLength: 1248.20 +/- 18.97
08-02-24 06:22[icct.rl_helpers.eval_callback]INFO | (Eval ) num_timesteps=694500, Reward=253.76 +/- 85.63, EpLength: 1078.20 +/- 157.61
08-02-24 06:22[icct.rl_helpers.eval_callback]INFO | (Eval ) num_timesteps=696000, Reward=293.51 +/- 3.70, EpLength: 1142.40 +/- 55.26
08-02-24 06:22[icct.rl_helpers.eval_callback]INFO | (Eval ) num_timesteps=697500, Reward=294.74 +/- 2.22, EpLength: 1078.80 +/- 40.25
08-02-24 06:23[icct.rl_helpers.eval_callback]INFO | (Eval ) num_timesteps=699000, Reward=299.46 +/- 1.25, EpLength: 1059.60 +/- 21.95
08-02-24 06:23[root]INFO | [END]======> Execution time of seed 13: 2 hours, 41 minutes, 49 seconds
