12-08-23 10:17[root]INFO | Training on cart environment for 1500 episodes
12-08-23 10:17[root]INFO | Agent Type: icct
12-08-23 10:17[root]INFO | Log Directory: cart_cpu/icct/aaai_15na_soft_16x16c_rand/
12-08-23 10:17[root]INFO | Random Weight Initialization: True
12-08-23 10:17[root]INFO | Training Started: 2023-08-12 10:17:09
12-08-23 10:17[root]INFO | Using Cart Pole Environment
12-08-23 10:17[root]INFO | Hyperparameters: {"learning_rate": 0.024, "gamma": 0.99, "batch_size": 32, "n_steps": 832, "ent_coef": 0.02, "clip_range": 0.2, "vf_coef": 0.5, "max_grad_norm": 0.5, "gae_lambda": 0.86, "n_epochs": 20}
12-08-23 10:17[root]INFO | ===================> Training with seed 104 <=================
12-08-23 10:17[root]INFO | Agent: ICCT
12-08-23 10:17[root]INFO | Episode: 0, Avg Reward: 19.0, Best Eval: 9.5
12-08-23 10:17[root]INFO | Episode: 50, Avg Reward: 25.254901960784313, Best Eval: 118.13333333333334
12-08-23 10:17[root]INFO | Episode: 100, Avg Reward: 60.26, Best Eval: 283.0
12-08-23 10:18[root]INFO | Episode: 150, Avg Reward: 146.44, Best Eval: 381.3666666666667
12-08-23 10:19[root]INFO | Episode: 200, Avg Reward: 235.98, Best Eval: 500.0
12-08-23 10:20[root]INFO | Episode: 250, Avg Reward: 287.9, Best Eval: 500.0
12-08-23 10:21[root]INFO | Episode: 300, Avg Reward: 305.74, Best Eval: 500.0
12-08-23 10:21[root]INFO | Episode: 350, Avg Reward: 257.79, Best Eval: 500.0
12-08-23 10:22[root]INFO | Episode: 400, Avg Reward: 160.62, Best Eval: 500.0
12-08-23 10:22[root]INFO | Episode: 450, Avg Reward: 112.17, Best Eval: 500.0
12-08-23 10:23[root]INFO | Episode: 500, Avg Reward: 169.45, Best Eval: 500.0
12-08-23 10:24[root]INFO | Episode: 550, Avg Reward: 324.32, Best Eval: 500.0
12-08-23 10:25[root]INFO | Episode: 600, Avg Reward: 385.59, Best Eval: 500.0
12-08-23 10:26[root]INFO | Episode: 650, Avg Reward: 318.5, Best Eval: 500.0
12-08-23 10:27[root]INFO | Episode: 700, Avg Reward: 280.23, Best Eval: 500.0
12-08-23 10:28[root]INFO | Episode: 750, Avg Reward: 293.56, Best Eval: 500.0
12-08-23 10:29[root]INFO | Episode: 800, Avg Reward: 324.24, Best Eval: 500.0
12-08-23 10:30[root]INFO | Episode: 850, Avg Reward: 334.14, Best Eval: 500.0
12-08-23 10:31[root]INFO | Episode: 900, Avg Reward: 265.54, Best Eval: 500.0
12-08-23 10:32[root]INFO | Episode: 950, Avg Reward: 167.6, Best Eval: 500.0
12-08-23 10:33[root]INFO | Episode: 1000, Avg Reward: 190.32, Best Eval: 500.0
12-08-23 10:34[root]INFO | Episode: 1050, Avg Reward: 284.42, Best Eval: 500.0
12-08-23 10:34[root]INFO | Episode: 1100, Avg Reward: 337.87, Best Eval: 500.0
12-08-23 10:35[root]INFO | Episode: 1150, Avg Reward: 361.99, Best Eval: 500.0
12-08-23 10:36[root]INFO | Episode: 1200, Avg Reward: 339.13, Best Eval: 500.0
12-08-23 10:37[root]INFO | Episode: 1250, Avg Reward: 254.1, Best Eval: 500.0
12-08-23 10:38[root]INFO | Episode: 1300, Avg Reward: 220.89, Best Eval: 500.0
12-08-23 10:38[root]INFO | Episode: 1350, Avg Reward: 229.01, Best Eval: 500.0
12-08-23 10:39[root]INFO | Episode: 1400, Avg Reward: 198.32, Best Eval: 500.0
12-08-23 10:40[root]INFO | Episode: 1450, Avg Reward: 297.8, Best Eval: 500.0
12-08-23 10:41[root]INFO | Agent: ICCT
12-08-23 10:42[root]INFO | ==============> Test reward for seeds [500, 600]: 500.00 +/- 0.0 <==========
12-08-23 10:42[root]INFO | Execution time of seed 104: 0 hours, 24 minutes, 58 seconds
