12-08-23 10:17[root]INFO | Training on cart environment for 1500 episodes
12-08-23 10:17[root]INFO | Agent Type: icct
12-08-23 10:17[root]INFO | Log Directory: cart_cpu/icct/aaai_15na_soft_16x16c_rand/
12-08-23 10:17[root]INFO | Random Weight Initialization: True
12-08-23 10:17[root]INFO | Training Started: 2023-08-12 10:17:09
12-08-23 10:17[root]INFO | Using Cart Pole Environment
12-08-23 10:17[root]INFO | Hyperparameters: {"learning_rate": 0.024, "gamma": 0.99, "batch_size": 32, "n_steps": 832, "ent_coef": 0.02, "clip_range": 0.2, "vf_coef": 0.5, "max_grad_norm": 0.5, "gae_lambda": 0.86, "n_epochs": 20}
12-08-23 10:17[root]INFO | ===================> Training with seed 65 <=================
12-08-23 10:17[root]INFO | Agent: ICCT
12-08-23 10:17[root]INFO | Episode: 0, Avg Reward: 15.0, Best Eval: 9.5
12-08-23 10:17[root]INFO | Episode: 50, Avg Reward: 25.392156862745097, Best Eval: 224.66666666666666
12-08-23 10:17[root]INFO | Episode: 100, Avg Reward: 74.01, Best Eval: 267.1
12-08-23 10:18[root]INFO | Episode: 150, Avg Reward: 156.36, Best Eval: 489.3
12-08-23 10:19[root]INFO | Episode: 200, Avg Reward: 230.82, Best Eval: 499.9
12-08-23 10:20[root]INFO | Episode: 250, Avg Reward: 291.27, Best Eval: 500.0
12-08-23 10:21[root]INFO | Episode: 300, Avg Reward: 265.19, Best Eval: 500.0
12-08-23 10:22[root]INFO | Episode: 350, Avg Reward: 274.23, Best Eval: 500.0
12-08-23 10:23[root]INFO | Episode: 400, Avg Reward: 405.88, Best Eval: 500.0
12-08-23 10:25[root]INFO | Episode: 450, Avg Reward: 460.05, Best Eval: 500.0
12-08-23 10:26[root]INFO | Episode: 500, Avg Reward: 461.31, Best Eval: 500.0
12-08-23 10:27[root]INFO | Episode: 550, Avg Reward: 396.93, Best Eval: 500.0
12-08-23 10:28[root]INFO | Episode: 600, Avg Reward: 317.0, Best Eval: 500.0
12-08-23 10:29[root]INFO | Episode: 650, Avg Reward: 380.92, Best Eval: 500.0
12-08-23 10:31[root]INFO | Episode: 700, Avg Reward: 438.77, Best Eval: 500.0
12-08-23 10:32[root]INFO | Episode: 750, Avg Reward: 450.79, Best Eval: 500.0
12-08-23 10:33[root]INFO | Episode: 800, Avg Reward: 453.04, Best Eval: 500.0
12-08-23 10:34[root]INFO | Episode: 850, Avg Reward: 433.5, Best Eval: 500.0
12-08-23 10:35[root]INFO | Episode: 900, Avg Reward: 348.29, Best Eval: 500.0
12-08-23 10:37[root]INFO | Episode: 950, Avg Reward: 342.73, Best Eval: 500.0
12-08-23 10:38[root]INFO | Episode: 1000, Avg Reward: 441.02, Best Eval: 500.0
12-08-23 10:39[root]INFO | Episode: 1050, Avg Reward: 433.5, Best Eval: 500.0
12-08-23 10:40[root]INFO | Episode: 1100, Avg Reward: 300.53, Best Eval: 500.0
12-08-23 10:41[root]INFO | Episode: 1150, Avg Reward: 310.81, Best Eval: 500.0
12-08-23 10:42[root]INFO | Episode: 1200, Avg Reward: 332.75, Best Eval: 500.0
12-08-23 10:43[root]INFO | Episode: 1250, Avg Reward: 261.03, Best Eval: 500.0
12-08-23 10:44[root]INFO | Episode: 1300, Avg Reward: 281.35, Best Eval: 500.0
12-08-23 10:45[root]INFO | Episode: 1350, Avg Reward: 357.64, Best Eval: 500.0
12-08-23 10:46[root]INFO | Episode: 1400, Avg Reward: 363.96, Best Eval: 500.0
12-08-23 10:47[root]INFO | Episode: 1450, Avg Reward: 291.96, Best Eval: 500.0
12-08-23 10:48[root]INFO | Agent: ICCT
12-08-23 10:48[root]INFO | ==============> Test reward for seeds [500, 600]: 500.00 +/- 0.0 <==========
12-08-23 10:48[root]INFO | Execution time of seed 65: 0 hours, 31 minutes, 40 seconds
