12-08-23 10:17[root]INFO | Training on cart environment for 1500 episodes
12-08-23 10:17[root]INFO | Agent Type: icct
12-08-23 10:17[root]INFO | Log Directory: cart_cpu/icct/aaai_15na_soft_16x16c_rand/
12-08-23 10:17[root]INFO | Random Weight Initialization: True
12-08-23 10:17[root]INFO | Training Started: 2023-08-12 10:17:09
12-08-23 10:17[root]INFO | Using Cart Pole Environment
12-08-23 10:17[root]INFO | Hyperparameters: {"learning_rate": 0.024, "gamma": 0.99, "batch_size": 32, "n_steps": 832, "ent_coef": 0.02, "clip_range": 0.2, "vf_coef": 0.5, "max_grad_norm": 0.5, "gae_lambda": 0.86, "n_epochs": 20}
12-08-23 10:17[root]INFO | ===================> Training with seed 62 <=================
12-08-23 10:17[root]INFO | Agent: ICCT
12-08-23 10:17[root]INFO | Episode: 0, Avg Reward: 17.0, Best Eval: 9.366666666666667
12-08-23 10:17[root]INFO | Episode: 50, Avg Reward: 23.96078431372549, Best Eval: 430.8666666666667
12-08-23 10:18[root]INFO | Episode: 100, Avg Reward: 114.1, Best Eval: 500.0
12-08-23 10:18[root]INFO | Episode: 150, Avg Reward: 245.61, Best Eval: 500.0
12-08-23 10:20[root]INFO | Episode: 200, Avg Reward: 322.99, Best Eval: 500.0
12-08-23 10:20[root]INFO | Episode: 250, Avg Reward: 295.58, Best Eval: 500.0
12-08-23 10:21[root]INFO | Episode: 300, Avg Reward: 252.59, Best Eval: 500.0
12-08-23 10:22[root]INFO | Episode: 350, Avg Reward: 335.48, Best Eval: 500.0
12-08-23 10:23[root]INFO | Episode: 400, Avg Reward: 347.84, Best Eval: 500.0
12-08-23 10:24[root]INFO | Episode: 450, Avg Reward: 383.72, Best Eval: 500.0
12-08-23 10:26[root]INFO | Episode: 500, Avg Reward: 453.53, Best Eval: 500.0
12-08-23 10:27[root]INFO | Episode: 550, Avg Reward: 411.62, Best Eval: 500.0
12-08-23 10:28[root]INFO | Episode: 600, Avg Reward: 349.8, Best Eval: 500.0
12-08-23 10:28[root]INFO | Episode: 650, Avg Reward: 223.29, Best Eval: 500.0
12-08-23 10:29[root]INFO | Episode: 700, Avg Reward: 110.27, Best Eval: 500.0
12-08-23 10:30[root]INFO | Episode: 750, Avg Reward: 163.46, Best Eval: 500.0
12-08-23 10:30[root]INFO | Episode: 800, Avg Reward: 228.25, Best Eval: 500.0
12-08-23 10:31[root]INFO | Episode: 850, Avg Reward: 127.17, Best Eval: 500.0
12-08-23 10:31[root]INFO | Episode: 900, Avg Reward: 64.64, Best Eval: 500.0
12-08-23 10:32[root]INFO | Episode: 950, Avg Reward: 220.58, Best Eval: 500.0
12-08-23 10:33[root]INFO | Episode: 1000, Avg Reward: 360.43, Best Eval: 500.0
12-08-23 10:34[root]INFO | Episode: 1050, Avg Reward: 400.31, Best Eval: 500.0
12-08-23 10:36[root]INFO | Episode: 1100, Avg Reward: 449.69, Best Eval: 500.0
12-08-23 10:37[root]INFO | Episode: 1150, Avg Reward: 455.14, Best Eval: 500.0
12-08-23 10:38[root]INFO | Episode: 1200, Avg Reward: 379.15, Best Eval: 500.0
12-08-23 10:39[root]INFO | Episode: 1250, Avg Reward: 375.25, Best Eval: 500.0
12-08-23 10:40[root]INFO | Episode: 1300, Avg Reward: 433.52, Best Eval: 500.0
12-08-23 10:41[root]INFO | Episode: 1350, Avg Reward: 355.86, Best Eval: 500.0
12-08-23 10:42[root]INFO | Episode: 1400, Avg Reward: 363.39, Best Eval: 500.0
12-08-23 10:43[root]INFO | Episode: 1450, Avg Reward: 431.58, Best Eval: 500.0
12-08-23 10:44[root]INFO | Agent: ICCT
12-08-23 10:44[root]INFO | ==============> Test reward for seeds [500, 600]: 500.00 +/- 0.0 <==========
12-08-23 10:44[root]INFO | Execution time of seed 62: 0 hours, 27 minutes, 39 seconds
