12-08-23 10:17[root]INFO | Training on cart environment for 1500 episodes
12-08-23 10:17[root]INFO | Agent Type: icct
12-08-23 10:17[root]INFO | Log Directory: cart_cpu/icct/aaai_15na_soft_16x16c_rand/
12-08-23 10:17[root]INFO | Random Weight Initialization: True
12-08-23 10:17[root]INFO | Training Started: 2023-08-12 10:17:09
12-08-23 10:17[root]INFO | Using Cart Pole Environment
12-08-23 10:17[root]INFO | Hyperparameters: {"learning_rate": 0.024, "gamma": 0.99, "batch_size": 32, "n_steps": 832, "ent_coef": 0.02, "clip_range": 0.2, "vf_coef": 0.5, "max_grad_norm": 0.5, "gae_lambda": 0.86, "n_epochs": 20}
12-08-23 10:17[root]INFO | ===================> Training with seed 100 <=================
12-08-23 10:17[root]INFO | Agent: ICCT
12-08-23 10:17[root]INFO | Episode: 0, Avg Reward: 16.0, Best Eval: 9.233333333333333
12-08-23 10:17[root]INFO | Episode: 50, Avg Reward: 21.745098039215687, Best Eval: 43.56666666666667
12-08-23 10:17[root]INFO | Episode: 100, Avg Reward: 44.99, Best Eval: 400.8
12-08-23 10:18[root]INFO | Episode: 150, Avg Reward: 122.56, Best Eval: 471.6
12-08-23 10:19[root]INFO | Episode: 200, Avg Reward: 230.01, Best Eval: 500.0
12-08-23 10:19[root]INFO | Episode: 250, Avg Reward: 233.44, Best Eval: 500.0
12-08-23 10:20[root]INFO | Episode: 300, Avg Reward: 250.58, Best Eval: 500.0
12-08-23 10:21[root]INFO | Episode: 350, Avg Reward: 367.69, Best Eval: 500.0
12-08-23 10:23[root]INFO | Episode: 400, Avg Reward: 400.61, Best Eval: 500.0
12-08-23 10:23[root]INFO | Episode: 450, Avg Reward: 303.72, Best Eval: 500.0
12-08-23 10:24[root]INFO | Episode: 500, Avg Reward: 187.81, Best Eval: 500.0
12-08-23 10:25[root]INFO | Episode: 550, Avg Reward: 227.43, Best Eval: 500.0
12-08-23 10:26[root]INFO | Episode: 600, Avg Reward: 378.27, Best Eval: 500.0
12-08-23 10:27[root]INFO | Episode: 650, Avg Reward: 359.47, Best Eval: 500.0
12-08-23 10:28[root]INFO | Episode: 700, Avg Reward: 329.59, Best Eval: 500.0
12-08-23 10:29[root]INFO | Episode: 750, Avg Reward: 366.08, Best Eval: 500.0
12-08-23 10:30[root]INFO | Episode: 800, Avg Reward: 400.53, Best Eval: 500.0
12-08-23 10:31[root]INFO | Episode: 850, Avg Reward: 428.65, Best Eval: 500.0
12-08-23 10:32[root]INFO | Episode: 900, Avg Reward: 360.26, Best Eval: 500.0
12-08-23 10:33[root]INFO | Episode: 950, Avg Reward: 263.1, Best Eval: 500.0
12-08-23 10:34[root]INFO | Episode: 1000, Avg Reward: 285.35, Best Eval: 500.0
12-08-23 10:34[root]INFO | Episode: 1050, Avg Reward: 257.6, Best Eval: 500.0
12-08-23 10:35[root]INFO | Episode: 1100, Avg Reward: 189.0, Best Eval: 500.0
12-08-23 10:35[root]INFO | Episode: 1150, Avg Reward: 158.33, Best Eval: 500.0
12-08-23 10:36[root]INFO | Episode: 1200, Avg Reward: 176.64, Best Eval: 500.0
12-08-23 10:37[root]INFO | Episode: 1250, Avg Reward: 290.89, Best Eval: 500.0
12-08-23 10:38[root]INFO | Episode: 1300, Avg Reward: 384.21, Best Eval: 500.0
12-08-23 10:39[root]INFO | Episode: 1350, Avg Reward: 447.41, Best Eval: 500.0
12-08-23 10:40[root]INFO | Episode: 1400, Avg Reward: 434.49, Best Eval: 500.0
12-08-23 10:41[root]INFO | Episode: 1450, Avg Reward: 437.74, Best Eval: 500.0
12-08-23 10:43[root]INFO | Agent: ICCT
12-08-23 10:43[root]INFO | ==============> Test reward for seeds [500, 600]: 500.00 +/- 0.0 <==========
12-08-23 10:43[root]INFO | Execution time of seed 100: 0 hours, 26 minutes, 10 seconds
