12-08-23 10:17[root]INFO | Training on cart environment for 1500 episodes
12-08-23 10:17[root]INFO | Agent Type: icct
12-08-23 10:17[root]INFO | Log Directory: cart_cpu/icct/aaai_15na_soft_16x16c_rand/
12-08-23 10:17[root]INFO | Random Weight Initialization: True
12-08-23 10:17[root]INFO | Training Started: 2023-08-12 10:17:09
12-08-23 10:17[root]INFO | Using Cart Pole Environment
12-08-23 10:17[root]INFO | Hyperparameters: {"learning_rate": 0.024, "gamma": 0.99, "batch_size": 32, "n_steps": 832, "ent_coef": 0.02, "clip_range": 0.2, "vf_coef": 0.5, "max_grad_norm": 0.5, "gae_lambda": 0.86, "n_epochs": 20}
12-08-23 10:17[root]INFO | ===================> Training with seed 112 <=================
12-08-23 10:17[root]INFO | Agent: ICCT
12-08-23 10:17[root]INFO | Episode: 0, Avg Reward: 21.0, Best Eval: 9.466666666666667
12-08-23 10:17[root]INFO | Episode: 50, Avg Reward: 27.725490196078432, Best Eval: 207.16666666666666
12-08-23 10:17[root]INFO | Episode: 100, Avg Reward: 91.89, Best Eval: 283.1333333333333
12-08-23 10:19[root]INFO | Episode: 150, Avg Reward: 262.45, Best Eval: 500.0
12-08-23 10:20[root]INFO | Episode: 200, Avg Reward: 354.49, Best Eval: 500.0
12-08-23 10:22[root]INFO | Episode: 250, Avg Reward: 337.01, Best Eval: 500.0
12-08-23 10:23[root]INFO | Episode: 300, Avg Reward: 371.54, Best Eval: 500.0
12-08-23 10:25[root]INFO | Episode: 350, Avg Reward: 434.35, Best Eval: 500.0
12-08-23 10:26[root]INFO | Episode: 400, Avg Reward: 434.16, Best Eval: 500.0
12-08-23 10:27[root]INFO | Episode: 450, Avg Reward: 272.64, Best Eval: 500.0
12-08-23 10:28[root]INFO | Episode: 500, Avg Reward: 238.37, Best Eval: 500.0
12-08-23 10:30[root]INFO | Episode: 550, Avg Reward: 415.16, Best Eval: 500.0
12-08-23 10:31[root]INFO | Episode: 600, Avg Reward: 479.16, Best Eval: 500.0
12-08-23 10:32[root]INFO | Episode: 650, Avg Reward: 428.98, Best Eval: 500.0
12-08-23 10:34[root]INFO | Episode: 700, Avg Reward: 354.35, Best Eval: 500.0
12-08-23 10:35[root]INFO | Episode: 750, Avg Reward: 394.73, Best Eval: 500.0
12-08-23 10:37[root]INFO | Episode: 800, Avg Reward: 416.21, Best Eval: 500.0
12-08-23 10:38[root]INFO | Episode: 850, Avg Reward: 318.41, Best Eval: 500.0
12-08-23 10:39[root]INFO | Episode: 900, Avg Reward: 298.11, Best Eval: 500.0
12-08-23 10:39[root]INFO | Episode: 950, Avg Reward: 275.06, Best Eval: 500.0
12-08-23 10:41[root]INFO | Episode: 1000, Avg Reward: 265.58, Best Eval: 500.0
12-08-23 10:41[root]INFO | Episode: 1050, Avg Reward: 242.22, Best Eval: 500.0
12-08-23 10:42[root]INFO | Episode: 1100, Avg Reward: 211.87, Best Eval: 500.0
12-08-23 10:44[root]INFO | Episode: 1150, Avg Reward: 337.76, Best Eval: 500.0
12-08-23 10:45[root]INFO | Episode: 1200, Avg Reward: 457.11, Best Eval: 500.0
12-08-23 10:47[root]INFO | Episode: 1250, Avg Reward: 454.13, Best Eval: 500.0
12-08-23 10:48[root]INFO | Episode: 1300, Avg Reward: 410.44, Best Eval: 500.0
12-08-23 10:49[root]INFO | Episode: 1350, Avg Reward: 383.23, Best Eval: 500.0
12-08-23 10:51[root]INFO | Episode: 1400, Avg Reward: 406.0, Best Eval: 500.0
12-08-23 10:52[root]INFO | Episode: 1450, Avg Reward: 429.57, Best Eval: 500.0
12-08-23 10:54[root]INFO | Agent: ICCT
12-08-23 10:54[root]INFO | ==============> Test reward for seeds [500, 600]: 500.00 +/- 0.0 <==========
12-08-23 10:54[root]INFO | Execution time of seed 112: 0 hours, 37 minutes, 12 seconds
