20-04-24 15:19[root]INFO | Training on env: walker
20-04-24 15:19[root]INFO | Agent Type: dgt
20-04-24 15:19[root]INFO | Log Directory: ./logs/walker_cpu/dgt/64leaves_57-18-15-20-Apr_Final/
20-04-24 15:19[root]INFO | GPU?: False
20-04-24 15:19[root]INFO | Num Leaves: 64
20-04-24 15:19[root]INFO | DGT Policy
20-04-24 15:19[root]INFO | Value Net Size: [256, 256]
20-04-24 15:19[root]INFO | [START]======> Training Started for Seed [13]: 2024-04-20 15:19:04
20-04-24 15:19[root]INFO | actor: DGTActor(
  (features_extractor): FlattenExtractor(
    (flatten): Flatten(start_dim=1, end_dim=-1)
  )
  (drnet): DGT(
    (_and_act_fn): Softmax(dim=-1)
    (_predicate_l): Sequential(
      (0): Linear(in_features=24, out_features=63, bias=True)
    )
    (_and_l): XLinear(
      (_l): Linear(in_features=63, out_features=64, bias=False)
    )
    (_or_l): XLinear(
      (_l): Linear(in_features=64, out_features=4, bias=False)
    )
  )
)
20-04-24 15:19[icct.rl_helpers.eval_callback]INFO | (Train) Episode: 0, Avg Reward: -101.484948448473, Best: -101.484948448473
20-04-24 15:19[icct.rl_helpers.eval_callback]INFO | (Eval ) num_timesteps=1500, Reward=-97.81 +/- 0.03, EpLength: 86.20 +/- 2.40
20-04-24 15:19[icct.rl_helpers.eval_callback]INFO | (Save ) Storing Best Model: New best mean reward!
20-04-24 15:19[icct.rl_helpers.eval_callback]INFO | (Eval ) num_timesteps=3000, Reward=-97.79 +/- 0.05, EpLength: 85.40 +/- 1.50
20-04-24 15:19[icct.rl_helpers.eval_callback]INFO | (Save ) Storing Best Model: New best mean reward!
20-04-24 15:19[icct.rl_helpers.eval_callback]INFO | (Eval ) num_timesteps=4500, Reward=-97.79 +/- 0.04, EpLength: 84.80 +/- 1.17
20-04-24 15:19[icct.rl_helpers.eval_callback]INFO | (Save ) Storing Best Model: New best mean reward!
20-04-24 15:19[icct.rl_helpers.eval_callback]INFO | (Eval ) num_timesteps=6000, Reward=-97.80 +/- 0.03, EpLength: 85.40 +/- 1.02
20-04-24 15:19[icct.rl_helpers.eval_callback]INFO | (Train) Episode: 10, Avg Reward: -98.42840234429985, Best: -91.05536908403701
20-04-24 15:19[icct.rl_helpers.eval_callback]INFO | (Eval ) num_timesteps=7500, Reward=-97.82 +/- 0.04, EpLength: 85.60 +/- 1.36
20-04-24 15:19[icct.rl_helpers.eval_callback]INFO | (Eval ) num_timesteps=9000, Reward=-97.81 +/- 0.03, EpLength: 86.20 +/- 0.98
20-04-24 15:19[icct.rl_helpers.eval_callback]INFO | (Train) Episode: 20, Avg Reward: -100.71589667847145, Best: -91.05536908403701
20-04-24 15:19[icct.rl_helpers.eval_callback]INFO | (Eval ) num_timesteps=10500, Reward=-92.88 +/- 0.03, EpLength: 92.00 +/- 1.26
20-04-24 15:19[icct.rl_helpers.eval_callback]INFO | (Save ) Storing Best Model: New best mean reward!
20-04-24 15:20[icct.rl_helpers.eval_callback]INFO | (Train) Episode: 30, Avg Reward: -101.05274299840256, Best: -91.05536908403701
20-04-24 15:21[icct.rl_helpers.eval_callback]INFO | (Eval ) num_timesteps=12000, Reward=-116.12 +/- 3.66, EpLength: 81.00 +/- 10.16
20-04-24 15:23[icct.rl_helpers.eval_callback]INFO | (Eval ) num_timesteps=13500, Reward=-58.67 +/- 1.95, EpLength: 1600.00 +/- 0.00
20-04-24 15:23[icct.rl_helpers.eval_callback]INFO | (Save ) Storing Best Model: New best mean reward!
20-04-24 15:23[icct.rl_helpers.eval_callback]INFO | (Train) Episode: 40, Avg Reward: -103.7578042229539, Best: -91.05536908403701
20-04-24 15:24[icct.rl_helpers.eval_callback]INFO | (Eval ) num_timesteps=15000, Reward=-141.29 +/- 4.06, EpLength: 1600.00 +/- 0.00
20-04-24 15:26[icct.rl_helpers.eval_callback]INFO | (Eval ) num_timesteps=16500, Reward=-103.48 +/- 6.26, EpLength: 1600.00 +/- 0.00
20-04-24 15:28[icct.rl_helpers.eval_callback]INFO | (Eval ) num_timesteps=18000, Reward=-105.54 +/- 1.99, EpLength: 1600.00 +/- 0.00
20-04-24 15:30[icct.rl_helpers.eval_callback]INFO | (Eval ) num_timesteps=19500, Reward=-55.47 +/- 3.30, EpLength: 1600.00 +/- 0.00
20-04-24 15:30[icct.rl_helpers.eval_callback]INFO | (Save ) Storing Best Model: New best mean reward!
20-04-24 15:31[icct.rl_helpers.eval_callback]INFO | (Eval ) num_timesteps=21000, Reward=-107.99 +/- 0.36, EpLength: 1600.00 +/- 0.00
20-04-24 15:32[icct.rl_helpers.eval_callback]INFO | (Eval ) num_timesteps=22500, Reward=-123.02 +/- 0.39, EpLength: 75.00 +/- 1.26
20-04-24 15:33[icct.rl_helpers.eval_callback]INFO | (Train) Episode: 50, Avg Reward: -109.05061515860646, Best: -91.05536908403701
20-04-24 15:34[icct.rl_helpers.eval_callback]INFO | (Eval ) num_timesteps=24000, Reward=-115.89 +/- 0.61, EpLength: 64.20 +/- 0.40
20-04-24 15:35[icct.rl_helpers.eval_callback]INFO | (Eval ) num_timesteps=25500, Reward=-65.47 +/- 0.19, EpLength: 1600.00 +/- 0.00
20-04-24 15:37[icct.rl_helpers.eval_callback]INFO | (Eval ) num_timesteps=27000, Reward=-111.83 +/- 3.65, EpLength: 1600.00 +/- 0.00
20-04-24 15:38[icct.rl_helpers.eval_callback]INFO | (Eval ) num_timesteps=28500, Reward=-73.91 +/- 0.18, EpLength: 1600.00 +/- 0.00
20-04-24 15:40[icct.rl_helpers.eval_callback]INFO | (Eval ) num_timesteps=30000, Reward=-54.50 +/- 0.08, EpLength: 1600.00 +/- 0.00
20-04-24 15:40[icct.rl_helpers.eval_callback]INFO | (Save ) Storing Best Model: New best mean reward!
20-04-24 15:42[icct.rl_helpers.eval_callback]INFO | (Eval ) num_timesteps=31500, Reward=-44.75 +/- 2.22, EpLength: 1600.00 +/- 0.00
20-04-24 15:42[icct.rl_helpers.eval_callback]INFO | (Save ) Storing Best Model: New best mean reward!
20-04-24 15:43[icct.rl_helpers.eval_callback]INFO | (Eval ) num_timesteps=33000, Reward=-42.89 +/- 0.26, EpLength: 1600.00 +/- 0.00
20-04-24 15:43[icct.rl_helpers.eval_callback]INFO | (Save ) Storing Best Model: New best mean reward!
20-04-24 15:44[icct.rl_helpers.eval_callback]INFO | (Train) Episode: 60, Avg Reward: -106.6445098534644, Best: -91.05536908403701
20-04-24 15:45[icct.rl_helpers.eval_callback]INFO | (Eval ) num_timesteps=34500, Reward=-86.15 +/- 0.08, EpLength: 1600.00 +/- 0.00
20-04-24 15:46[icct.rl_helpers.eval_callback]INFO | (Eval ) num_timesteps=36000, Reward=-67.06 +/- 8.48, EpLength: 1600.00 +/- 0.00
20-04-24 15:48[icct.rl_helpers.eval_callback]INFO | (Eval ) num_timesteps=37500, Reward=-49.20 +/- 1.70, EpLength: 1600.00 +/- 0.00
20-04-24 15:49[icct.rl_helpers.eval_callback]INFO | (Eval ) num_timesteps=39000, Reward=-36.94 +/- 0.29, EpLength: 1600.00 +/- 0.00
20-04-24 15:49[icct.rl_helpers.eval_callback]INFO | (Save ) Storing Best Model: New best mean reward!
20-04-24 15:51[icct.rl_helpers.eval_callback]INFO | (Eval ) num_timesteps=40500, Reward=-74.28 +/- 0.43, EpLength: 1600.00 +/- 0.00
20-04-24 15:52[icct.rl_helpers.eval_callback]INFO | (Eval ) num_timesteps=42000, Reward=-97.50 +/- 0.01, EpLength: 1600.00 +/- 0.00
20-04-24 15:53[icct.rl_helpers.eval_callback]INFO | (Eval ) num_timesteps=43500, Reward=-78.48 +/- 37.77, EpLength: 999.00 +/- 736.07
20-04-24 15:55[icct.rl_helpers.eval_callback]INFO | (Eval ) num_timesteps=45000, Reward=-127.75 +/- 10.12, EpLength: 1322.80 +/- 554.40
20-04-24 15:56[icct.rl_helpers.eval_callback]INFO | (Eval ) num_timesteps=46500, Reward=-43.46 +/- 2.90, EpLength: 1600.00 +/- 0.00
20-04-24 15:57[icct.rl_helpers.eval_callback]INFO | (Eval ) num_timesteps=48000, Reward=-34.98 +/- 1.00, EpLength: 1600.00 +/- 0.00
20-04-24 15:57[icct.rl_helpers.eval_callback]INFO | (Save ) Storing Best Model: New best mean reward!
20-04-24 15:58[icct.rl_helpers.eval_callback]INFO | (Train) Episode: 70, Avg Reward: -101.89204976891048, Best: -91.05536908403701
20-04-24 15:59[icct.rl_helpers.eval_callback]INFO | (Eval ) num_timesteps=49500, Reward=-55.65 +/- 1.22, EpLength: 1600.00 +/- 0.00
20-04-24 16:01[icct.rl_helpers.eval_callback]INFO | (Eval ) num_timesteps=51000, Reward=-91.11 +/- 2.99, EpLength: 1600.00 +/- 0.00
20-04-24 16:02[icct.rl_helpers.eval_callback]INFO | (Eval ) num_timesteps=52500, Reward=-44.09 +/- 0.04, EpLength: 1600.00 +/- 0.00
20-04-24 16:04[icct.rl_helpers.eval_callback]INFO | (Eval ) num_timesteps=54000, Reward=-48.69 +/- 0.01, EpLength: 1600.00 +/- 0.00
20-04-24 16:06[icct.rl_helpers.eval_callback]INFO | (Eval ) num_timesteps=55500, Reward=-90.85 +/- 12.96, EpLength: 1600.00 +/- 0.00
20-04-24 16:08[icct.rl_helpers.eval_callback]INFO | (Eval ) num_timesteps=57000, Reward=-62.65 +/- 0.05, EpLength: 1600.00 +/- 0.00
20-04-24 16:09[icct.rl_helpers.eval_callback]INFO | (Eval ) num_timesteps=58500, Reward=-35.77 +/- 0.06, EpLength: 1600.00 +/- 0.00
20-04-24 16:11[icct.rl_helpers.eval_callback]INFO | (Eval ) num_timesteps=60000, Reward=-40.60 +/- 0.05, EpLength: 1600.00 +/- 0.00
20-04-24 16:13[icct.rl_helpers.eval_callback]INFO | (Eval ) num_timesteps=61500, Reward=-42.84 +/- 16.11, EpLength: 1600.00 +/- 0.00
20-04-24 16:15[icct.rl_helpers.eval_callback]INFO | (Eval ) num_timesteps=63000, Reward=-42.94 +/- 0.84, EpLength: 1600.00 +/- 0.00
20-04-24 16:16[icct.rl_helpers.eval_callback]INFO | (Train) Episode: 80, Avg Reward: -95.8991404312205, Best: -91.05536908403701
20-04-24 16:16[icct.rl_helpers.eval_callback]INFO | (Eval ) num_timesteps=64500, Reward=-8.30 +/- 0.02, EpLength: 1600.00 +/- 0.00
20-04-24 16:16[icct.rl_helpers.eval_callback]INFO | (Save ) Storing Best Model: New best mean reward!
20-04-24 16:18[icct.rl_helpers.eval_callback]INFO | (Eval ) num_timesteps=66000, Reward=-17.99 +/- 0.03, EpLength: 1600.00 +/- 0.00
20-04-24 16:19[icct.rl_helpers.eval_callback]INFO | (Eval ) num_timesteps=67500, Reward=-26.35 +/- 10.22, EpLength: 1600.00 +/- 0.00
20-04-24 16:21[icct.rl_helpers.eval_callback]INFO | (Eval ) num_timesteps=69000, Reward=-30.45 +/- 0.32, EpLength: 1600.00 +/- 0.00
20-04-24 16:23[icct.rl_helpers.eval_callback]INFO | (Eval ) num_timesteps=70500, Reward=-88.32 +/- 42.55, EpLength: 705.80 +/- 730.18
20-04-24 16:24[icct.rl_helpers.eval_callback]INFO | (Eval ) num_timesteps=72000, Reward=-35.53 +/- 1.16, EpLength: 1600.00 +/- 0.00
20-04-24 16:26[icct.rl_helpers.eval_callback]INFO | (Eval ) num_timesteps=73500, Reward=-31.81 +/- 1.01, EpLength: 1600.00 +/- 0.00
20-04-24 16:28[icct.rl_helpers.eval_callback]INFO | (Eval ) num_timesteps=75000, Reward=-17.13 +/- 0.11, EpLength: 1600.00 +/- 0.00
20-04-24 16:29[icct.rl_helpers.eval_callback]INFO | (Eval ) num_timesteps=76500, Reward=-34.55 +/- 0.02, EpLength: 1600.00 +/- 0.00
20-04-24 16:31[icct.rl_helpers.eval_callback]INFO | (Eval ) num_timesteps=78000, Reward=-41.09 +/- 0.11, EpLength: 1600.00 +/- 0.00
20-04-24 16:31[icct.rl_helpers.eval_callback]INFO | (Train) Episode: 90, Avg Reward: -89.39721519132453, Best: -89.39721519132453
20-04-24 16:32[icct.rl_helpers.eval_callback]INFO | (Eval ) num_timesteps=79500, Reward=-18.72 +/- 0.02, EpLength: 1600.00 +/- 0.00
20-04-24 16:34[icct.rl_helpers.eval_callback]INFO | (Eval ) num_timesteps=81000, Reward=-16.90 +/- 0.02, EpLength: 1600.00 +/- 0.00
20-04-24 16:35[icct.rl_helpers.eval_callback]INFO | (Eval ) num_timesteps=82500, Reward=-18.05 +/- 0.02, EpLength: 1600.00 +/- 0.00
20-04-24 16:37[icct.rl_helpers.eval_callback]INFO | (Eval ) num_timesteps=84000, Reward=-13.39 +/- 0.05, EpLength: 1600.00 +/- 0.00
20-04-24 16:38[icct.rl_helpers.eval_callback]INFO | (Eval ) num_timesteps=85500, Reward=-37.49 +/- 0.08, EpLength: 1600.00 +/- 0.00
20-04-24 16:40[icct.rl_helpers.eval_callback]INFO | (Eval ) num_timesteps=87000, Reward=-20.80 +/- 0.80, EpLength: 1600.00 +/- 0.00
20-04-24 16:41[icct.rl_helpers.eval_callback]INFO | (Eval ) num_timesteps=88500, Reward=-51.44 +/- 22.17, EpLength: 1600.00 +/- 0.00
20-04-24 16:43[icct.rl_helpers.eval_callback]INFO | (Eval ) num_timesteps=90000, Reward=-52.54 +/- 25.80, EpLength: 1600.00 +/- 0.00
20-04-24 16:45[icct.rl_helpers.eval_callback]INFO | (Eval ) num_timesteps=91500, Reward=-32.12 +/- 23.03, EpLength: 1600.00 +/- 0.00
20-04-24 16:46[icct.rl_helpers.eval_callback]INFO | (Eval ) num_timesteps=93000, Reward=-12.12 +/- 0.38, EpLength: 1600.00 +/- 0.00
20-04-24 16:48[icct.rl_helpers.eval_callback]INFO | (Eval ) num_timesteps=94500, Reward=-16.71 +/- 2.35, EpLength: 1600.00 +/- 0.00
20-04-24 16:48[icct.rl_helpers.eval_callback]INFO | (Train) Episode: 100, Avg Reward: -83.01245971199016, Best: -83.01245971199016
20-04-24 16:49[icct.rl_helpers.eval_callback]INFO | (Eval ) num_timesteps=96000, Reward=-11.62 +/- 0.08, EpLength: 1600.00 +/- 0.00
20-04-24 16:51[icct.rl_helpers.eval_callback]INFO | (Eval ) num_timesteps=97500, Reward=-18.81 +/- 0.03, EpLength: 1600.00 +/- 0.00
20-04-24 16:52[icct.rl_helpers.eval_callback]INFO | (Eval ) num_timesteps=99000, Reward=-10.18 +/- 0.44, EpLength: 1600.00 +/- 0.00
20-04-24 16:54[icct.rl_helpers.eval_callback]INFO | (Eval ) num_timesteps=100500, Reward=-17.16 +/- 0.01, EpLength: 1600.00 +/- 0.00
20-04-24 16:55[icct.rl_helpers.eval_callback]INFO | (Eval ) num_timesteps=102000, Reward=-65.65 +/- 0.02, EpLength: 1600.00 +/- 0.00
20-04-24 16:57[icct.rl_helpers.eval_callback]INFO | (Eval ) num_timesteps=103500, Reward=-21.42 +/- 7.34, EpLength: 1600.00 +/- 0.00
20-04-24 16:58[icct.rl_helpers.eval_callback]INFO | (Eval ) num_timesteps=105000, Reward=-25.91 +/- 0.26, EpLength: 1600.00 +/- 0.00
20-04-24 17:00[icct.rl_helpers.eval_callback]INFO | (Eval ) num_timesteps=106500, Reward=-20.74 +/- 0.07, EpLength: 1600.00 +/- 0.00
20-04-24 17:02[icct.rl_helpers.eval_callback]INFO | (Eval ) num_timesteps=108000, Reward=-20.32 +/- 7.17, EpLength: 1600.00 +/- 0.00
20-04-24 17:03[icct.rl_helpers.eval_callback]INFO | (Eval ) num_timesteps=109500, Reward=-18.68 +/- 0.02, EpLength: 1600.00 +/- 0.00
20-04-24 17:04[icct.rl_helpers.eval_callback]INFO | (Train) Episode: 110, Avg Reward: -75.52581007705348, Best: -75.52581007705348
20-04-24 17:04[icct.rl_helpers.eval_callback]INFO | (Eval ) num_timesteps=111000, Reward=-13.09 +/- 0.02, EpLength: 1600.00 +/- 0.00
20-04-24 17:06[icct.rl_helpers.eval_callback]INFO | (Eval ) num_timesteps=112500, Reward=-19.90 +/- 0.01, EpLength: 1600.00 +/- 0.00
20-04-24 17:07[icct.rl_helpers.eval_callback]INFO | (Eval ) num_timesteps=114000, Reward=-20.54 +/- 0.07, EpLength: 1600.00 +/- 0.00
20-04-24 17:09[icct.rl_helpers.eval_callback]INFO | (Eval ) num_timesteps=115500, Reward=-20.89 +/- 0.16, EpLength: 1600.00 +/- 0.00
20-04-24 17:11[icct.rl_helpers.eval_callback]INFO | (Eval ) num_timesteps=117000, Reward=-11.47 +/- 0.02, EpLength: 1600.00 +/- 0.00
20-04-24 17:12[icct.rl_helpers.eval_callback]INFO | (Eval ) num_timesteps=118500, Reward=-13.81 +/- 0.02, EpLength: 1600.00 +/- 0.00
20-04-24 17:14[icct.rl_helpers.eval_callback]INFO | (Eval ) num_timesteps=120000, Reward=-17.49 +/- 0.07, EpLength: 1600.00 +/- 0.00
20-04-24 17:15[icct.rl_helpers.eval_callback]INFO | (Eval ) num_timesteps=121500, Reward=-13.16 +/- 0.04, EpLength: 1600.00 +/- 0.00
20-04-24 17:17[icct.rl_helpers.eval_callback]INFO | (Eval ) num_timesteps=123000, Reward=-15.41 +/- 0.00, EpLength: 1600.00 +/- 0.00
20-04-24 17:19[icct.rl_helpers.eval_callback]INFO | (Eval ) num_timesteps=124500, Reward=-8.17 +/- 0.02, EpLength: 1600.00 +/- 0.00
20-04-24 17:19[icct.rl_helpers.eval_callback]INFO | (Save ) Storing Best Model: New best mean reward!
20-04-24 17:20[icct.rl_helpers.eval_callback]INFO | (Eval ) num_timesteps=126000, Reward=-13.50 +/- 0.02, EpLength: 1600.00 +/- 0.00
20-04-24 17:21[icct.rl_helpers.eval_callback]INFO | (Train) Episode: 120, Avg Reward: -67.44782837694262, Best: -67.44782837694262
20-04-24 17:22[icct.rl_helpers.eval_callback]INFO | (Eval ) num_timesteps=127500, Reward=-13.48 +/- 0.08, EpLength: 1600.00 +/- 0.00
20-04-24 17:23[icct.rl_helpers.eval_callback]INFO | (Eval ) num_timesteps=129000, Reward=-18.84 +/- 0.07, EpLength: 1600.00 +/- 0.00
20-04-24 17:25[icct.rl_helpers.eval_callback]INFO | (Eval ) num_timesteps=130500, Reward=-15.59 +/- 0.06, EpLength: 1600.00 +/- 0.00
20-04-24 17:27[icct.rl_helpers.eval_callback]INFO | (Eval ) num_timesteps=132000, Reward=-11.29 +/- 0.45, EpLength: 1600.00 +/- 0.00
20-04-24 17:28[icct.rl_helpers.eval_callback]INFO | (Eval ) num_timesteps=133500, Reward=-12.75 +/- 0.02, EpLength: 1600.00 +/- 0.00
20-04-24 17:30[icct.rl_helpers.eval_callback]INFO | (Eval ) num_timesteps=135000, Reward=-11.49 +/- 0.08, EpLength: 1600.00 +/- 0.00
20-04-24 17:32[icct.rl_helpers.eval_callback]INFO | (Eval ) num_timesteps=136500, Reward=-10.34 +/- 0.06, EpLength: 1600.00 +/- 0.00
20-04-24 17:33[icct.rl_helpers.eval_callback]INFO | (Eval ) num_timesteps=138000, Reward=-13.59 +/- 0.37, EpLength: 1600.00 +/- 0.00
20-04-24 17:35[icct.rl_helpers.eval_callback]INFO | (Eval ) num_timesteps=139500, Reward=-12.24 +/- 0.02, EpLength: 1600.00 +/- 0.00
20-04-24 17:37[icct.rl_helpers.eval_callback]INFO | (Eval ) num_timesteps=141000, Reward=-15.38 +/- 0.04, EpLength: 1600.00 +/- 0.00
20-04-24 17:38[icct.rl_helpers.eval_callback]INFO | (Eval ) num_timesteps=142500, Reward=-15.45 +/- 0.49, EpLength: 1600.00 +/- 0.00
20-04-24 17:38[icct.rl_helpers.eval_callback]INFO | (Train) Episode: 130, Avg Reward: -59.21580585868068, Best: -59.21580585868068
20-04-24 17:40[icct.rl_helpers.eval_callback]INFO | (Eval ) num_timesteps=144000, Reward=-22.82 +/- 0.12, EpLength: 1600.00 +/- 0.00
20-04-24 17:42[icct.rl_helpers.eval_callback]INFO | (Eval ) num_timesteps=145500, Reward=-12.83 +/- 0.05, EpLength: 1600.00 +/- 0.00
20-04-24 17:43[icct.rl_helpers.eval_callback]INFO | (Eval ) num_timesteps=147000, Reward=-16.82 +/- 0.02, EpLength: 1600.00 +/- 0.00
20-04-24 17:45[icct.rl_helpers.eval_callback]INFO | (Eval ) num_timesteps=148500, Reward=-23.03 +/- 5.72, EpLength: 1600.00 +/- 0.00
20-04-24 17:46[icct.rl_helpers.eval_callback]INFO | (Eval ) num_timesteps=150000, Reward=-16.76 +/- 0.01, EpLength: 1600.00 +/- 0.00
20-04-24 17:48[icct.rl_helpers.eval_callback]INFO | (Eval ) num_timesteps=151500, Reward=-17.37 +/- 0.09, EpLength: 1600.00 +/- 0.00
20-04-24 17:49[icct.rl_helpers.eval_callback]INFO | (Eval ) num_timesteps=153000, Reward=-12.42 +/- 0.04, EpLength: 1600.00 +/- 0.00
20-04-24 17:51[icct.rl_helpers.eval_callback]INFO | (Eval ) num_timesteps=154500, Reward=-16.15 +/- 0.18, EpLength: 1600.00 +/- 0.00
20-04-24 17:52[icct.rl_helpers.eval_callback]INFO | (Eval ) num_timesteps=156000, Reward=-12.60 +/- 0.12, EpLength: 1600.00 +/- 0.00
20-04-24 17:54[icct.rl_helpers.eval_callback]INFO | (Eval ) num_timesteps=157500, Reward=-15.53 +/- 0.01, EpLength: 1600.00 +/- 0.00
20-04-24 17:55[icct.rl_helpers.eval_callback]INFO | (Train) Episode: 140, Avg Reward: -49.90638674070337, Best: -49.90638674070337
20-04-24 17:55[icct.rl_helpers.eval_callback]INFO | (Eval ) num_timesteps=159000, Reward=-9.81 +/- 0.08, EpLength: 1600.00 +/- 0.00
20-04-24 17:57[icct.rl_helpers.eval_callback]INFO | (Eval ) num_timesteps=160500, Reward=-9.88 +/- 0.02, EpLength: 1600.00 +/- 0.00
20-04-24 17:58[icct.rl_helpers.eval_callback]INFO | (Eval ) num_timesteps=162000, Reward=-10.59 +/- 0.18, EpLength: 1600.00 +/- 0.00
20-04-24 18:00[icct.rl_helpers.eval_callback]INFO | (Eval ) num_timesteps=163500, Reward=-21.31 +/- 0.01, EpLength: 1600.00 +/- 0.00
20-04-24 18:02[icct.rl_helpers.eval_callback]INFO | (Eval ) num_timesteps=165000, Reward=-11.50 +/- 0.03, EpLength: 1600.00 +/- 0.00
20-04-24 18:03[icct.rl_helpers.eval_callback]INFO | (Eval ) num_timesteps=166500, Reward=-13.28 +/- 0.16, EpLength: 1600.00 +/- 0.00
20-04-24 18:04[icct.rl_helpers.eval_callback]INFO | (Eval ) num_timesteps=168000, Reward=-11.96 +/- 0.04, EpLength: 1600.00 +/- 0.00
20-04-24 18:06[icct.rl_helpers.eval_callback]INFO | (Eval ) num_timesteps=169500, Reward=-15.31 +/- 0.02, EpLength: 1600.00 +/- 0.00
20-04-24 18:07[icct.rl_helpers.eval_callback]INFO | (Eval ) num_timesteps=171000, Reward=-9.86 +/- 0.52, EpLength: 1600.00 +/- 0.00
20-04-24 18:09[icct.rl_helpers.eval_callback]INFO | (Eval ) num_timesteps=172500, Reward=-8.78 +/- 0.20, EpLength: 1600.00 +/- 0.00
20-04-24 18:11[icct.rl_helpers.eval_callback]INFO | (Eval ) num_timesteps=174000, Reward=-14.18 +/- 0.04, EpLength: 1600.00 +/- 0.00
20-04-24 18:12[icct.rl_helpers.eval_callback]INFO | (Train) Episode: 150, Avg Reward: -38.84561231146465, Best: -38.84561231146465
20-04-24 18:13[icct.rl_helpers.eval_callback]INFO | (Eval ) num_timesteps=175500, Reward=-9.00 +/- 0.01, EpLength: 1600.00 +/- 0.00
20-04-24 18:14[icct.rl_helpers.eval_callback]INFO | (Eval ) num_timesteps=177000, Reward=-14.63 +/- 0.02, EpLength: 1600.00 +/- 0.00
20-04-24 18:16[icct.rl_helpers.eval_callback]INFO | (Eval ) num_timesteps=178500, Reward=-10.53 +/- 0.02, EpLength: 1600.00 +/- 0.00
20-04-24 18:18[icct.rl_helpers.eval_callback]INFO | (Eval ) num_timesteps=180000, Reward=-13.16 +/- 0.06, EpLength: 1600.00 +/- 0.00
20-04-24 18:20[icct.rl_helpers.eval_callback]INFO | (Eval ) num_timesteps=181500, Reward=-10.26 +/- 0.03, EpLength: 1600.00 +/- 0.00
20-04-24 18:22[icct.rl_helpers.eval_callback]INFO | (Eval ) num_timesteps=183000, Reward=-16.57 +/- 0.01, EpLength: 1600.00 +/- 0.00
20-04-24 18:24[icct.rl_helpers.eval_callback]INFO | (Eval ) num_timesteps=184500, Reward=-18.49 +/- 0.02, EpLength: 1600.00 +/- 0.00
20-04-24 18:26[icct.rl_helpers.eval_callback]INFO | (Eval ) num_timesteps=186000, Reward=-11.78 +/- 0.03, EpLength: 1600.00 +/- 0.00
20-04-24 18:27[icct.rl_helpers.eval_callback]INFO | (Eval ) num_timesteps=187500, Reward=-12.73 +/- 2.40, EpLength: 1600.00 +/- 0.00
20-04-24 18:28[icct.rl_helpers.eval_callback]INFO | (Eval ) num_timesteps=189000, Reward=-11.75 +/- 2.11, EpLength: 1600.00 +/- 0.00
20-04-24 18:30[icct.rl_helpers.eval_callback]INFO | (Eval ) num_timesteps=190500, Reward=-9.69 +/- 0.03, EpLength: 1600.00 +/- 0.00
20-04-24 18:30[icct.rl_helpers.eval_callback]INFO | (Train) Episode: 160, Avg Reward: -31.21393967092433, Best: -31.21393967092433
20-04-24 18:31[icct.rl_helpers.eval_callback]INFO | (Eval ) num_timesteps=192000, Reward=-8.27 +/- 0.02, EpLength: 1600.00 +/- 0.00
20-04-24 18:33[icct.rl_helpers.eval_callback]INFO | (Eval ) num_timesteps=193500, Reward=-14.03 +/- 0.04, EpLength: 1600.00 +/- 0.00
20-04-24 18:35[icct.rl_helpers.eval_callback]INFO | (Eval ) num_timesteps=195000, Reward=-19.91 +/- 8.48, EpLength: 1600.00 +/- 0.00
20-04-24 18:36[icct.rl_helpers.eval_callback]INFO | (Eval ) num_timesteps=196500, Reward=-17.62 +/- 0.38, EpLength: 1600.00 +/- 0.00
20-04-24 18:38[icct.rl_helpers.eval_callback]INFO | (Eval ) num_timesteps=198000, Reward=-18.10 +/- 0.02, EpLength: 1600.00 +/- 0.00
20-04-24 18:39[icct.rl_helpers.eval_callback]INFO | (Eval ) num_timesteps=199500, Reward=-13.27 +/- 0.06, EpLength: 1600.00 +/- 0.00
20-04-24 18:41[icct.rl_helpers.eval_callback]INFO | (Eval ) num_timesteps=201000, Reward=-6.87 +/- 0.23, EpLength: 1600.00 +/- 0.00
20-04-24 18:41[icct.rl_helpers.eval_callback]INFO | (Save ) Storing Best Model: New best mean reward!
20-04-24 18:43[icct.rl_helpers.eval_callback]INFO | (Eval ) num_timesteps=202500, Reward=-14.66 +/- 0.19, EpLength: 1600.00 +/- 0.00
20-04-24 18:44[icct.rl_helpers.eval_callback]INFO | (Eval ) num_timesteps=204000, Reward=-7.13 +/- 0.00, EpLength: 1600.00 +/- 0.00
20-04-24 18:46[icct.rl_helpers.eval_callback]INFO | (Eval ) num_timesteps=205500, Reward=-6.60 +/- 0.08, EpLength: 1600.00 +/- 0.00
20-04-24 18:46[icct.rl_helpers.eval_callback]INFO | (Save ) Storing Best Model: New best mean reward!
20-04-24 18:46[icct.rl_helpers.eval_callback]INFO | (Train) Episode: 170, Avg Reward: -25.939219301784423, Best: -25.939219301784423
20-04-24 18:47[icct.rl_helpers.eval_callback]INFO | (Eval ) num_timesteps=207000, Reward=-9.46 +/- 0.58, EpLength: 1600.00 +/- 0.00
20-04-24 18:49[icct.rl_helpers.eval_callback]INFO | (Eval ) num_timesteps=208500, Reward=-12.22 +/- 0.29, EpLength: 1600.00 +/- 0.00
20-04-24 18:50[icct.rl_helpers.eval_callback]INFO | (Eval ) num_timesteps=210000, Reward=-11.57 +/- 0.12, EpLength: 1600.00 +/- 0.00
20-04-24 18:52[icct.rl_helpers.eval_callback]INFO | (Eval ) num_timesteps=211500, Reward=-18.46 +/- 1.80, EpLength: 1600.00 +/- 0.00
20-04-24 18:54[icct.rl_helpers.eval_callback]INFO | (Eval ) num_timesteps=213000, Reward=-12.71 +/- 1.35, EpLength: 1600.00 +/- 0.00
20-04-24 18:55[icct.rl_helpers.eval_callback]INFO | (Eval ) num_timesteps=214500, Reward=-12.63 +/- 0.15, EpLength: 1600.00 +/- 0.00
20-04-24 18:57[icct.rl_helpers.eval_callback]INFO | (Eval ) num_timesteps=216000, Reward=-10.71 +/- 0.02, EpLength: 1600.00 +/- 0.00
20-04-24 18:59[icct.rl_helpers.eval_callback]INFO | (Eval ) num_timesteps=217500, Reward=-13.77 +/- 0.11, EpLength: 1600.00 +/- 0.00
20-04-24 19:00[icct.rl_helpers.eval_callback]INFO | (Eval ) num_timesteps=219000, Reward=-29.91 +/- 0.05, EpLength: 1600.00 +/- 0.00
20-04-24 19:02[icct.rl_helpers.eval_callback]INFO | (Eval ) num_timesteps=220500, Reward=-9.63 +/- 0.13, EpLength: 1600.00 +/- 0.00
20-04-24 19:03[icct.rl_helpers.eval_callback]INFO | (Eval ) num_timesteps=222000, Reward=-20.33 +/- 0.06, EpLength: 1600.00 +/- 0.00
20-04-24 19:04[icct.rl_helpers.eval_callback]INFO | (Train) Episode: 180, Avg Reward: -22.53577066922074, Best: -22.53577066922074
20-04-24 19:05[icct.rl_helpers.eval_callback]INFO | (Eval ) num_timesteps=223500, Reward=-13.96 +/- 0.08, EpLength: 1600.00 +/- 0.00
20-04-24 19:06[icct.rl_helpers.eval_callback]INFO | (Eval ) num_timesteps=225000, Reward=-10.03 +/- 0.01, EpLength: 1600.00 +/- 0.00
20-04-24 19:08[icct.rl_helpers.eval_callback]INFO | (Eval ) num_timesteps=226500, Reward=-17.24 +/- 0.04, EpLength: 1600.00 +/- 0.00
20-04-24 19:09[icct.rl_helpers.eval_callback]INFO | (Eval ) num_timesteps=228000, Reward=-11.11 +/- 0.02, EpLength: 1600.00 +/- 0.00
20-04-24 19:11[icct.rl_helpers.eval_callback]INFO | (Eval ) num_timesteps=229500, Reward=-22.15 +/- 0.01, EpLength: 1600.00 +/- 0.00
20-04-24 19:12[icct.rl_helpers.eval_callback]INFO | (Eval ) num_timesteps=231000, Reward=-9.05 +/- 0.13, EpLength: 1600.00 +/- 0.00
20-04-24 19:14[icct.rl_helpers.eval_callback]INFO | (Eval ) num_timesteps=232500, Reward=-15.82 +/- 0.02, EpLength: 1600.00 +/- 0.00
20-04-24 19:16[icct.rl_helpers.eval_callback]INFO | (Eval ) num_timesteps=234000, Reward=-13.23 +/- 0.07, EpLength: 1600.00 +/- 0.00
20-04-24 19:17[icct.rl_helpers.eval_callback]INFO | (Eval ) num_timesteps=235500, Reward=-10.22 +/- 0.26, EpLength: 1600.00 +/- 0.00
20-04-24 19:19[icct.rl_helpers.eval_callback]INFO | (Eval ) num_timesteps=237000, Reward=-17.75 +/- 5.22, EpLength: 1600.00 +/- 0.00
20-04-24 19:20[icct.rl_helpers.eval_callback]INFO | (Eval ) num_timesteps=238500, Reward=-21.23 +/- 1.81, EpLength: 1600.00 +/- 0.00
20-04-24 19:20[icct.rl_helpers.eval_callback]INFO | (Train) Episode: 190, Avg Reward: -20.918724954078506, Best: -20.918724954078506
20-04-24 19:22[icct.rl_helpers.eval_callback]INFO | (Eval ) num_timesteps=240000, Reward=-10.00 +/- 0.01, EpLength: 1600.00 +/- 0.00
20-04-24 19:23[icct.rl_helpers.eval_callback]INFO | (Eval ) num_timesteps=241500, Reward=-10.98 +/- 0.05, EpLength: 1600.00 +/- 0.00
20-04-24 19:24[icct.rl_helpers.eval_callback]INFO | (Eval ) num_timesteps=243000, Reward=-7.64 +/- 0.03, EpLength: 1600.00 +/- 0.00
20-04-24 19:26[icct.rl_helpers.eval_callback]INFO | (Eval ) num_timesteps=244500, Reward=-13.69 +/- 4.94, EpLength: 1600.00 +/- 0.00
20-04-24 19:27[icct.rl_helpers.eval_callback]INFO | (Eval ) num_timesteps=246000, Reward=-22.57 +/- 11.71, EpLength: 1600.00 +/- 0.00
20-04-24 19:29[icct.rl_helpers.eval_callback]INFO | (Eval ) num_timesteps=247500, Reward=-11.85 +/- 0.18, EpLength: 1600.00 +/- 0.00
20-04-24 19:30[icct.rl_helpers.eval_callback]INFO | (Eval ) num_timesteps=249000, Reward=-16.31 +/- 0.02, EpLength: 1600.00 +/- 0.00
20-04-24 19:31[icct.rl_helpers.eval_callback]INFO | (Eval ) num_timesteps=250500, Reward=-44.09 +/- 0.03, EpLength: 1600.00 +/- 0.00
20-04-24 19:33[icct.rl_helpers.eval_callback]INFO | (Eval ) num_timesteps=252000, Reward=-25.11 +/- 1.50, EpLength: 1600.00 +/- 0.00
20-04-24 19:34[icct.rl_helpers.eval_callback]INFO | (Eval ) num_timesteps=253500, Reward=-6.06 +/- 0.25, EpLength: 1600.00 +/- 0.00
20-04-24 19:34[icct.rl_helpers.eval_callback]INFO | (Save ) Storing Best Model: New best mean reward!
20-04-24 19:35[icct.rl_helpers.eval_callback]INFO | (Train) Episode: 200, Avg Reward: -20.525828885094462, Best: -20.249853667167127
20-04-24 19:36[icct.rl_helpers.eval_callback]INFO | (Eval ) num_timesteps=255000, Reward=-9.15 +/- 0.07, EpLength: 1600.00 +/- 0.00
20-04-24 19:37[icct.rl_helpers.eval_callback]INFO | (Eval ) num_timesteps=256500, Reward=-30.13 +/- 35.09, EpLength: 1600.00 +/- 0.00
20-04-24 19:39[icct.rl_helpers.eval_callback]INFO | (Eval ) num_timesteps=258000, Reward=-7.26 +/- 0.11, EpLength: 1600.00 +/- 0.00
20-04-24 19:40[icct.rl_helpers.eval_callback]INFO | (Eval ) num_timesteps=259500, Reward=-7.69 +/- 0.25, EpLength: 1600.00 +/- 0.00
20-04-24 19:42[icct.rl_helpers.eval_callback]INFO | (Eval ) num_timesteps=261000, Reward=-16.67 +/- 0.22, EpLength: 1600.00 +/- 0.00
20-04-24 19:43[icct.rl_helpers.eval_callback]INFO | (Eval ) num_timesteps=262500, Reward=-11.45 +/- 0.02, EpLength: 1600.00 +/- 0.00
20-04-24 19:45[icct.rl_helpers.eval_callback]INFO | (Eval ) num_timesteps=264000, Reward=-104.67 +/- 12.11, EpLength: 668.80 +/- 760.32
20-04-24 19:46[icct.rl_helpers.eval_callback]INFO | (Eval ) num_timesteps=265500, Reward=-18.29 +/- 0.03, EpLength: 1600.00 +/- 0.00
20-04-24 19:48[icct.rl_helpers.eval_callback]INFO | (Eval ) num_timesteps=267000, Reward=-18.49 +/- 0.02, EpLength: 1600.00 +/- 0.00
20-04-24 19:50[icct.rl_helpers.eval_callback]INFO | (Eval ) num_timesteps=268500, Reward=-8.58 +/- 0.93, EpLength: 1600.00 +/- 0.00
20-04-24 19:51[icct.rl_helpers.eval_callback]INFO | (Train) Episode: 210, Avg Reward: -21.802130611372895, Best: -20.249853667167127
20-04-24 19:51[icct.rl_helpers.eval_callback]INFO | (Eval ) num_timesteps=270000, Reward=-8.77 +/- 0.14, EpLength: 1600.00 +/- 0.00
20-04-24 19:53[icct.rl_helpers.eval_callback]INFO | (Eval ) num_timesteps=271500, Reward=-11.41 +/- 0.02, EpLength: 1600.00 +/- 0.00
20-04-24 19:54[icct.rl_helpers.eval_callback]INFO | (Eval ) num_timesteps=273000, Reward=-14.53 +/- 0.02, EpLength: 1600.00 +/- 0.00
20-04-24 19:56[icct.rl_helpers.eval_callback]INFO | (Eval ) num_timesteps=274500, Reward=-15.74 +/- 0.02, EpLength: 1600.00 +/- 0.00
20-04-24 19:58[icct.rl_helpers.eval_callback]INFO | (Eval ) num_timesteps=276000, Reward=-15.19 +/- 0.02, EpLength: 1600.00 +/- 0.00
20-04-24 19:59[icct.rl_helpers.eval_callback]INFO | (Eval ) num_timesteps=277500, Reward=-11.86 +/- 0.02, EpLength: 1600.00 +/- 0.00
20-04-24 20:01[icct.rl_helpers.eval_callback]INFO | (Eval ) num_timesteps=279000, Reward=-6.95 +/- 2.36, EpLength: 1600.00 +/- 0.00
20-04-24 20:03[icct.rl_helpers.eval_callback]INFO | (Eval ) num_timesteps=280500, Reward=-10.11 +/- 0.03, EpLength: 1600.00 +/- 0.00
20-04-24 20:05[icct.rl_helpers.eval_callback]INFO | (Eval ) num_timesteps=282000, Reward=-12.72 +/- 2.79, EpLength: 1600.00 +/- 0.00
20-04-24 20:06[icct.rl_helpers.eval_callback]INFO | (Eval ) num_timesteps=283500, Reward=-9.91 +/- 0.76, EpLength: 1600.00 +/- 0.00
20-04-24 20:08[icct.rl_helpers.eval_callback]INFO | (Eval ) num_timesteps=285000, Reward=-13.30 +/- 0.02, EpLength: 1600.00 +/- 0.00
20-04-24 20:09[icct.rl_helpers.eval_callback]INFO | (Train) Episode: 220, Avg Reward: -21.529846214870656, Best: -20.249853667167127
20-04-24 20:10[icct.rl_helpers.eval_callback]INFO | (Eval ) num_timesteps=286500, Reward=-7.95 +/- 0.01, EpLength: 1600.00 +/- 0.00
20-04-24 20:11[icct.rl_helpers.eval_callback]INFO | (Eval ) num_timesteps=288000, Reward=-24.86 +/- 0.04, EpLength: 1600.00 +/- 0.00
20-04-24 20:13[icct.rl_helpers.eval_callback]INFO | (Eval ) num_timesteps=289500, Reward=-105.96 +/- 0.06, EpLength: 1600.00 +/- 0.00
20-04-24 20:14[icct.rl_helpers.eval_callback]INFO | (Eval ) num_timesteps=291000, Reward=-14.64 +/- 0.09, EpLength: 1600.00 +/- 0.00
20-04-24 20:16[icct.rl_helpers.eval_callback]INFO | (Eval ) num_timesteps=292500, Reward=-13.00 +/- 0.90, EpLength: 1600.00 +/- 0.00
20-04-24 20:17[icct.rl_helpers.eval_callback]INFO | (Eval ) num_timesteps=294000, Reward=-15.22 +/- 0.19, EpLength: 1600.00 +/- 0.00
20-04-24 20:19[icct.rl_helpers.eval_callback]INFO | (Eval ) num_timesteps=295500, Reward=-15.02 +/- 0.02, EpLength: 1600.00 +/- 0.00
20-04-24 20:21[icct.rl_helpers.eval_callback]INFO | (Eval ) num_timesteps=297000, Reward=-11.14 +/- 0.03, EpLength: 1600.00 +/- 0.00
20-04-24 20:22[icct.rl_helpers.eval_callback]INFO | (Eval ) num_timesteps=298500, Reward=-42.61 +/- 35.79, EpLength: 1299.00 +/- 602.00
20-04-24 20:24[icct.rl_helpers.eval_callback]INFO | (Eval ) num_timesteps=300000, Reward=-132.89 +/- 53.57, EpLength: 1600.00 +/- 0.00
20-04-24 20:25[icct.rl_helpers.eval_callback]INFO | (Train) Episode: 230, Avg Reward: -23.72007489823818, Best: -20.249853667167127
20-04-24 20:26[icct.rl_helpers.eval_callback]INFO | (Eval ) num_timesteps=301500, Reward=-18.07 +/- 0.14, EpLength: 1600.00 +/- 0.00
20-04-24 20:27[icct.rl_helpers.eval_callback]INFO | (Eval ) num_timesteps=303000, Reward=-121.69 +/- 46.79, EpLength: 1600.00 +/- 0.00
20-04-24 20:29[icct.rl_helpers.eval_callback]INFO | (Eval ) num_timesteps=304500, Reward=-15.26 +/- 0.02, EpLength: 1600.00 +/- 0.00
20-04-24 20:31[icct.rl_helpers.eval_callback]INFO | (Eval ) num_timesteps=306000, Reward=-30.30 +/- 0.11, EpLength: 1600.00 +/- 0.00
20-04-24 20:32[icct.rl_helpers.eval_callback]INFO | (Eval ) num_timesteps=307500, Reward=-15.14 +/- 0.01, EpLength: 1600.00 +/- 0.00
20-04-24 20:34[icct.rl_helpers.eval_callback]INFO | (Eval ) num_timesteps=309000, Reward=-108.74 +/- 62.15, EpLength: 1600.00 +/- 0.00
20-04-24 20:36[icct.rl_helpers.eval_callback]INFO | (Eval ) num_timesteps=310500, Reward=-34.13 +/- 0.03, EpLength: 1600.00 +/- 0.00
20-04-24 20:37[icct.rl_helpers.eval_callback]INFO | (Eval ) num_timesteps=312000, Reward=-12.46 +/- 0.03, EpLength: 1600.00 +/- 0.00
20-04-24 20:39[icct.rl_helpers.eval_callback]INFO | (Eval ) num_timesteps=313500, Reward=-33.46 +/- 0.35, EpLength: 1600.00 +/- 0.00
20-04-24 20:40[icct.rl_helpers.eval_callback]INFO | (Eval ) num_timesteps=315000, Reward=-27.20 +/- 0.01, EpLength: 1600.00 +/- 0.00
20-04-24 20:42[icct.rl_helpers.eval_callback]INFO | (Eval ) num_timesteps=316500, Reward=-30.27 +/- 0.02, EpLength: 1600.00 +/- 0.00
20-04-24 20:42[icct.rl_helpers.eval_callback]INFO | (Train) Episode: 240, Avg Reward: -24.948604489478402, Best: -20.249853667167127
20-04-24 20:43[icct.rl_helpers.eval_callback]INFO | (Eval ) num_timesteps=318000, Reward=-14.46 +/- 0.04, EpLength: 1600.00 +/- 0.00
20-04-24 20:45[icct.rl_helpers.eval_callback]INFO | (Eval ) num_timesteps=319500, Reward=-32.03 +/- 0.02, EpLength: 1600.00 +/- 0.00
20-04-24 20:46[icct.rl_helpers.eval_callback]INFO | (Eval ) num_timesteps=321000, Reward=-17.41 +/- 0.02, EpLength: 1600.00 +/- 0.00
20-04-24 20:48[icct.rl_helpers.eval_callback]INFO | (Eval ) num_timesteps=322500, Reward=-13.14 +/- 0.04, EpLength: 1600.00 +/- 0.00
20-04-24 20:49[icct.rl_helpers.eval_callback]INFO | (Eval ) num_timesteps=324000, Reward=-19.15 +/- 0.03, EpLength: 1600.00 +/- 0.00
20-04-24 20:51[icct.rl_helpers.eval_callback]INFO | (Eval ) num_timesteps=325500, Reward=-17.83 +/- 0.02, EpLength: 1600.00 +/- 0.00
20-04-24 20:53[icct.rl_helpers.eval_callback]INFO | (Eval ) num_timesteps=327000, Reward=-23.89 +/- 0.03, EpLength: 1600.00 +/- 0.00
20-04-24 20:54[icct.rl_helpers.eval_callback]INFO | (Eval ) num_timesteps=328500, Reward=-156.54 +/- 0.09, EpLength: 1600.00 +/- 0.00
20-04-24 20:56[icct.rl_helpers.eval_callback]INFO | (Eval ) num_timesteps=330000, Reward=-99.02 +/- 20.57, EpLength: 384.00 +/- 608.02
20-04-24 20:57[icct.rl_helpers.eval_callback]INFO | (Train) Episode: 250, Avg Reward: -26.96956526014459, Best: -20.249853667167127
20-04-24 20:57[icct.rl_helpers.eval_callback]INFO | (Eval ) num_timesteps=331500, Reward=-75.71 +/- 1.30, EpLength: 1600.00 +/- 0.00
20-04-24 20:59[icct.rl_helpers.eval_callback]INFO | (Eval ) num_timesteps=333000, Reward=-16.47 +/- 0.06, EpLength: 1600.00 +/- 0.00
20-04-24 21:00[icct.rl_helpers.eval_callback]INFO | (Eval ) num_timesteps=334500, Reward=-38.71 +/- 3.91, EpLength: 1600.00 +/- 0.00
20-04-24 21:02[icct.rl_helpers.eval_callback]INFO | (Eval ) num_timesteps=336000, Reward=-20.05 +/- 0.02, EpLength: 1600.00 +/- 0.00
20-04-24 21:04[icct.rl_helpers.eval_callback]INFO | (Eval ) num_timesteps=337500, Reward=-22.46 +/- 0.08, EpLength: 1600.00 +/- 0.00
20-04-24 21:05[icct.rl_helpers.eval_callback]INFO | (Eval ) num_timesteps=339000, Reward=-28.54 +/- 6.73, EpLength: 1600.00 +/- 0.00
20-04-24 21:06[icct.rl_helpers.eval_callback]INFO | (Eval ) num_timesteps=340500, Reward=-27.70 +/- 0.01, EpLength: 1600.00 +/- 0.00
20-04-24 21:08[icct.rl_helpers.eval_callback]INFO | (Eval ) num_timesteps=342000, Reward=-34.56 +/- 0.02, EpLength: 1600.00 +/- 0.00
20-04-24 21:10[icct.rl_helpers.eval_callback]INFO | (Eval ) num_timesteps=343500, Reward=-54.99 +/- 0.02, EpLength: 1600.00 +/- 0.00
20-04-24 21:11[icct.rl_helpers.eval_callback]INFO | (Eval ) num_timesteps=345000, Reward=-61.76 +/- 9.21, EpLength: 1600.00 +/- 0.00
20-04-24 21:13[icct.rl_helpers.eval_callback]INFO | (Eval ) num_timesteps=346500, Reward=-18.62 +/- 3.49, EpLength: 1600.00 +/- 0.00
20-04-24 21:13[icct.rl_helpers.eval_callback]INFO | (Train) Episode: 260, Avg Reward: -28.614970306437463, Best: -20.249853667167127
20-04-24 21:14[icct.rl_helpers.eval_callback]INFO | (Eval ) num_timesteps=348000, Reward=-36.92 +/- 1.18, EpLength: 1600.00 +/- 0.00
20-04-24 21:16[icct.rl_helpers.eval_callback]INFO | (Eval ) num_timesteps=349500, Reward=-29.78 +/- 0.02, EpLength: 1600.00 +/- 0.00
20-04-24 21:17[icct.rl_helpers.eval_callback]INFO | (Eval ) num_timesteps=351000, Reward=-13.77 +/- 2.73, EpLength: 1600.00 +/- 0.00
20-04-24 21:18[icct.rl_helpers.eval_callback]INFO | (Eval ) num_timesteps=352500, Reward=-21.04 +/- 7.58, EpLength: 1600.00 +/- 0.00
20-04-24 21:20[icct.rl_helpers.eval_callback]INFO | (Eval ) num_timesteps=354000, Reward=-15.93 +/- 0.03, EpLength: 1600.00 +/- 0.00
20-04-24 21:21[icct.rl_helpers.eval_callback]INFO | (Eval ) num_timesteps=355500, Reward=-23.13 +/- 0.29, EpLength: 1600.00 +/- 0.00
20-04-24 21:23[icct.rl_helpers.eval_callback]INFO | (Eval ) num_timesteps=357000, Reward=-17.67 +/- 1.06, EpLength: 1600.00 +/- 0.00
20-04-24 21:25[icct.rl_helpers.eval_callback]INFO | (Eval ) num_timesteps=358500, Reward=-15.98 +/- 0.01, EpLength: 1600.00 +/- 0.00
20-04-24 21:26[icct.rl_helpers.eval_callback]INFO | (Eval ) num_timesteps=360000, Reward=-19.03 +/- 0.39, EpLength: 1600.00 +/- 0.00
20-04-24 21:28[icct.rl_helpers.eval_callback]INFO | (Eval ) num_timesteps=361500, Reward=-36.64 +/- 7.90, EpLength: 1600.00 +/- 0.00
20-04-24 21:30[icct.rl_helpers.eval_callback]INFO | (Eval ) num_timesteps=363000, Reward=-24.20 +/- 0.05, EpLength: 1600.00 +/- 0.00
20-04-24 21:30[icct.rl_helpers.eval_callback]INFO | (Train) Episode: 270, Avg Reward: -29.376546214913695, Best: -20.249853667167127
20-04-24 21:31[icct.rl_helpers.eval_callback]INFO | (Eval ) num_timesteps=364500, Reward=-24.13 +/- 0.03, EpLength: 1600.00 +/- 0.00
20-04-24 21:33[icct.rl_helpers.eval_callback]INFO | (Eval ) num_timesteps=366000, Reward=-13.30 +/- 0.02, EpLength: 1600.00 +/- 0.00
20-04-24 21:34[icct.rl_helpers.eval_callback]INFO | (Eval ) num_timesteps=367500, Reward=-28.75 +/- 7.33, EpLength: 1600.00 +/- 0.00
20-04-24 21:36[icct.rl_helpers.eval_callback]INFO | (Eval ) num_timesteps=369000, Reward=-15.74 +/- 0.11, EpLength: 1600.00 +/- 0.00
20-04-24 21:37[icct.rl_helpers.eval_callback]INFO | (Eval ) num_timesteps=370500, Reward=-16.95 +/- 1.28, EpLength: 1600.00 +/- 0.00
20-04-24 21:39[icct.rl_helpers.eval_callback]INFO | (Eval ) num_timesteps=372000, Reward=-27.17 +/- 0.01, EpLength: 1600.00 +/- 0.00
20-04-24 21:41[icct.rl_helpers.eval_callback]INFO | (Eval ) num_timesteps=373500, Reward=-17.76 +/- 0.01, EpLength: 1600.00 +/- 0.00
20-04-24 21:42[icct.rl_helpers.eval_callback]INFO | (Eval ) num_timesteps=375000, Reward=-26.72 +/- 6.30, EpLength: 1600.00 +/- 0.00
20-04-24 21:44[icct.rl_helpers.eval_callback]INFO | (Eval ) num_timesteps=376500, Reward=-15.18 +/- 0.01, EpLength: 1600.00 +/- 0.00
20-04-24 21:45[icct.rl_helpers.eval_callback]INFO | (Eval ) num_timesteps=378000, Reward=-15.17 +/- 0.18, EpLength: 1600.00 +/- 0.00
20-04-24 21:46[icct.rl_helpers.eval_callback]INFO | (Train) Episode: 280, Avg Reward: -29.723278161160422, Best: -20.249853667167127
20-04-24 21:47[icct.rl_helpers.eval_callback]INFO | (Eval ) num_timesteps=379500, Reward=-20.25 +/- 0.06, EpLength: 1600.00 +/- 0.00
20-04-24 21:48[icct.rl_helpers.eval_callback]INFO | (Eval ) num_timesteps=381000, Reward=-31.18 +/- 0.14, EpLength: 1600.00 +/- 0.00
20-04-24 21:49[icct.rl_helpers.eval_callback]INFO | (Eval ) num_timesteps=382500, Reward=-12.93 +/- 0.04, EpLength: 1600.00 +/- 0.00
20-04-24 21:51[icct.rl_helpers.eval_callback]INFO | (Eval ) num_timesteps=384000, Reward=-12.09 +/- 0.07, EpLength: 1600.00 +/- 0.00
20-04-24 21:53[icct.rl_helpers.eval_callback]INFO | (Eval ) num_timesteps=385500, Reward=-10.89 +/- 0.06, EpLength: 1600.00 +/- 0.00
20-04-24 21:54[icct.rl_helpers.eval_callback]INFO | (Eval ) num_timesteps=387000, Reward=-13.92 +/- 4.77, EpLength: 1600.00 +/- 0.00
20-04-24 21:56[icct.rl_helpers.eval_callback]INFO | (Eval ) num_timesteps=388500, Reward=-16.04 +/- 0.13, EpLength: 1600.00 +/- 0.00
20-04-24 21:57[icct.rl_helpers.eval_callback]INFO | (Eval ) num_timesteps=390000, Reward=-9.66 +/- 0.03, EpLength: 1600.00 +/- 0.00
20-04-24 21:59[icct.rl_helpers.eval_callback]INFO | (Eval ) num_timesteps=391500, Reward=-14.33 +/- 0.02, EpLength: 1600.00 +/- 0.00
20-04-24 22:00[icct.rl_helpers.eval_callback]INFO | (Eval ) num_timesteps=393000, Reward=-15.75 +/- 0.01, EpLength: 1600.00 +/- 0.00
20-04-24 22:02[icct.rl_helpers.eval_callback]INFO | (Eval ) num_timesteps=394500, Reward=-14.02 +/- 0.02, EpLength: 1600.00 +/- 0.00
20-04-24 22:03[icct.rl_helpers.eval_callback]INFO | (Train) Episode: 290, Avg Reward: -29.83840345156307, Best: -20.249853667167127
20-04-24 22:04[icct.rl_helpers.eval_callback]INFO | (Eval ) num_timesteps=396000, Reward=-18.75 +/- 0.03, EpLength: 1600.00 +/- 0.00
20-04-24 22:05[icct.rl_helpers.eval_callback]INFO | (Eval ) num_timesteps=397500, Reward=-16.15 +/- 0.02, EpLength: 1600.00 +/- 0.00
20-04-24 22:07[icct.rl_helpers.eval_callback]INFO | (Eval ) num_timesteps=399000, Reward=-18.04 +/- 3.19, EpLength: 1600.00 +/- 0.00
20-04-24 22:08[icct.rl_helpers.eval_callback]INFO | (Eval ) num_timesteps=400500, Reward=-13.11 +/- 0.03, EpLength: 1600.00 +/- 0.00
20-04-24 22:10[icct.rl_helpers.eval_callback]INFO | (Eval ) num_timesteps=402000, Reward=-25.62 +/- 17.81, EpLength: 1600.00 +/- 0.00
20-04-24 22:12[icct.rl_helpers.eval_callback]INFO | (Eval ) num_timesteps=403500, Reward=-9.73 +/- 0.10, EpLength: 1600.00 +/- 0.00
20-04-24 22:13[icct.rl_helpers.eval_callback]INFO | (Eval ) num_timesteps=405000, Reward=-15.54 +/- 0.03, EpLength: 1600.00 +/- 0.00
20-04-24 22:15[icct.rl_helpers.eval_callback]INFO | (Eval ) num_timesteps=406500, Reward=-34.55 +/- 0.00, EpLength: 1600.00 +/- 0.00
20-04-24 22:17[icct.rl_helpers.eval_callback]INFO | (Eval ) num_timesteps=408000, Reward=-18.18 +/- 0.04, EpLength: 1600.00 +/- 0.00
20-04-24 22:18[icct.rl_helpers.eval_callback]INFO | (Eval ) num_timesteps=409500, Reward=-90.54 +/- 23.20, EpLength: 1600.00 +/- 0.00
20-04-24 22:19[icct.rl_helpers.eval_callback]INFO | (Eval ) num_timesteps=411000, Reward=-49.47 +/- 0.37, EpLength: 1600.00 +/- 0.00
20-04-24 22:20[icct.rl_helpers.eval_callback]INFO | (Train) Episode: 300, Avg Reward: -30.01030307827642, Best: -20.249853667167127
20-04-24 22:21[icct.rl_helpers.eval_callback]INFO | (Eval ) num_timesteps=412500, Reward=-33.54 +/- 0.01, EpLength: 1600.00 +/- 0.00
20-04-24 22:23[icct.rl_helpers.eval_callback]INFO | (Eval ) num_timesteps=414000, Reward=-20.10 +/- 0.03, EpLength: 1600.00 +/- 0.00
20-04-24 22:25[icct.rl_helpers.eval_callback]INFO | (Eval ) num_timesteps=415500, Reward=-24.87 +/- 0.03, EpLength: 1600.00 +/- 0.00
20-04-24 22:26[icct.rl_helpers.eval_callback]INFO | (Eval ) num_timesteps=417000, Reward=-14.01 +/- 0.03, EpLength: 1600.00 +/- 0.00
20-04-24 22:28[icct.rl_helpers.eval_callback]INFO | (Eval ) num_timesteps=418500, Reward=-14.24 +/- 0.06, EpLength: 1600.00 +/- 0.00
20-04-24 22:30[icct.rl_helpers.eval_callback]INFO | (Eval ) num_timesteps=420000, Reward=-19.01 +/- 0.01, EpLength: 1600.00 +/- 0.00
20-04-24 22:31[icct.rl_helpers.eval_callback]INFO | (Eval ) num_timesteps=421500, Reward=-15.17 +/- 0.06, EpLength: 1600.00 +/- 0.00
20-04-24 22:33[icct.rl_helpers.eval_callback]INFO | (Eval ) num_timesteps=423000, Reward=-17.08 +/- 0.03, EpLength: 1600.00 +/- 0.00
20-04-24 22:34[icct.rl_helpers.eval_callback]INFO | (Eval ) num_timesteps=424500, Reward=-18.54 +/- 0.01, EpLength: 1600.00 +/- 0.00
20-04-24 22:36[icct.rl_helpers.eval_callback]INFO | (Eval ) num_timesteps=426000, Reward=-15.75 +/- 0.02, EpLength: 1600.00 +/- 0.00
20-04-24 22:38[icct.rl_helpers.eval_callback]INFO | (Train) Episode: 310, Avg Reward: -28.95543656036386, Best: -20.249853667167127
20-04-24 22:38[icct.rl_helpers.eval_callback]INFO | (Eval ) num_timesteps=427500, Reward=-19.01 +/- 0.03, EpLength: 1600.00 +/- 0.00
20-04-24 22:40[icct.rl_helpers.eval_callback]INFO | (Eval ) num_timesteps=429000, Reward=-21.27 +/- 0.04, EpLength: 1600.00 +/- 0.00
20-04-24 22:41[icct.rl_helpers.eval_callback]INFO | (Eval ) num_timesteps=430500, Reward=-15.67 +/- 0.02, EpLength: 1600.00 +/- 0.00
20-04-24 22:43[icct.rl_helpers.eval_callback]INFO | (Eval ) num_timesteps=432000, Reward=-8.49 +/- 0.02, EpLength: 1600.00 +/- 0.00
20-04-24 22:45[icct.rl_helpers.eval_callback]INFO | (Eval ) num_timesteps=433500, Reward=-113.82 +/- 0.33, EpLength: 1600.00 +/- 0.00
20-04-24 22:46[icct.rl_helpers.eval_callback]INFO | (Eval ) num_timesteps=435000, Reward=-13.93 +/- 0.14, EpLength: 1600.00 +/- 0.00
20-04-24 22:48[icct.rl_helpers.eval_callback]INFO | (Eval ) num_timesteps=436500, Reward=-12.85 +/- 0.06, EpLength: 1600.00 +/- 0.00
20-04-24 22:49[icct.rl_helpers.eval_callback]INFO | (Eval ) num_timesteps=438000, Reward=-18.15 +/- 0.04, EpLength: 1600.00 +/- 0.00
20-04-24 22:50[icct.rl_helpers.eval_callback]INFO | (Eval ) num_timesteps=439500, Reward=-13.19 +/- 0.04, EpLength: 1600.00 +/- 0.00
20-04-24 22:52[icct.rl_helpers.eval_callback]INFO | (Eval ) num_timesteps=441000, Reward=-19.61 +/- 0.05, EpLength: 1600.00 +/- 0.00
20-04-24 22:53[icct.rl_helpers.eval_callback]INFO | (Eval ) num_timesteps=442500, Reward=-15.96 +/- 0.02, EpLength: 1600.00 +/- 0.00
20-04-24 22:54[icct.rl_helpers.eval_callback]INFO | (Train) Episode: 320, Avg Reward: -30.08615265137472, Best: -20.249853667167127
20-04-24 22:54[icct.rl_helpers.eval_callback]INFO | (Eval ) num_timesteps=444000, Reward=-14.86 +/- 0.51, EpLength: 1600.00 +/- 0.00
20-04-24 22:56[icct.rl_helpers.eval_callback]INFO | (Eval ) num_timesteps=445500, Reward=-36.03 +/- 0.04, EpLength: 1600.00 +/- 0.00
20-04-24 22:57[icct.rl_helpers.eval_callback]INFO | (Eval ) num_timesteps=447000, Reward=-20.09 +/- 0.04, EpLength: 1600.00 +/- 0.00
20-04-24 22:58[icct.rl_helpers.eval_callback]INFO | (Eval ) num_timesteps=448500, Reward=-9.78 +/- 0.04, EpLength: 1600.00 +/- 0.00
20-04-24 23:00[icct.rl_helpers.eval_callback]INFO | (Eval ) num_timesteps=450000, Reward=-20.39 +/- 0.05, EpLength: 1600.00 +/- 0.00
20-04-24 23:01[icct.rl_helpers.eval_callback]INFO | (Eval ) num_timesteps=451500, Reward=-18.60 +/- 0.38, EpLength: 1600.00 +/- 0.00
20-04-24 23:03[icct.rl_helpers.eval_callback]INFO | (Eval ) num_timesteps=453000, Reward=-28.70 +/- 25.94, EpLength: 1600.00 +/- 0.00
20-04-24 23:04[icct.rl_helpers.eval_callback]INFO | (Eval ) num_timesteps=454500, Reward=-17.11 +/- 0.09, EpLength: 1600.00 +/- 0.00
20-04-24 23:06[icct.rl_helpers.eval_callback]INFO | (Eval ) num_timesteps=456000, Reward=-22.16 +/- 0.06, EpLength: 1600.00 +/- 0.00
20-04-24 23:08[icct.rl_helpers.eval_callback]INFO | (Eval ) num_timesteps=457500, Reward=-30.50 +/- 0.12, EpLength: 1600.00 +/- 0.00
20-04-24 23:09[icct.rl_helpers.eval_callback]INFO | (Eval ) num_timesteps=459000, Reward=-20.30 +/- 0.10, EpLength: 1600.00 +/- 0.00
20-04-24 23:09[icct.rl_helpers.eval_callback]INFO | (Train) Episode: 330, Avg Reward: -28.529508025615215, Best: -20.249853667167127
20-04-24 23:11[icct.rl_helpers.eval_callback]INFO | (Eval ) num_timesteps=460500, Reward=-18.66 +/- 0.40, EpLength: 1600.00 +/- 0.00
20-04-24 23:13[icct.rl_helpers.eval_callback]INFO | (Eval ) num_timesteps=462000, Reward=-12.64 +/- 0.01, EpLength: 1600.00 +/- 0.00
20-04-24 23:14[icct.rl_helpers.eval_callback]INFO | (Eval ) num_timesteps=463500, Reward=-63.66 +/- 0.05, EpLength: 1600.00 +/- 0.00
20-04-24 23:16[icct.rl_helpers.eval_callback]INFO | (Eval ) num_timesteps=465000, Reward=-22.94 +/- 0.03, EpLength: 1600.00 +/- 0.00
20-04-24 23:18[icct.rl_helpers.eval_callback]INFO | (Eval ) num_timesteps=466500, Reward=-22.03 +/- 0.36, EpLength: 1600.00 +/- 0.00
20-04-24 23:19[icct.rl_helpers.eval_callback]INFO | (Eval ) num_timesteps=468000, Reward=-54.76 +/- 0.53, EpLength: 1600.00 +/- 0.00
20-04-24 23:21[icct.rl_helpers.eval_callback]INFO | (Eval ) num_timesteps=469500, Reward=-68.17 +/- 0.27, EpLength: 1600.00 +/- 0.00
20-04-24 23:22[icct.rl_helpers.eval_callback]INFO | (Eval ) num_timesteps=471000, Reward=-48.42 +/- 0.03, EpLength: 1600.00 +/- 0.00
20-04-24 23:24[icct.rl_helpers.eval_callback]INFO | (Eval ) num_timesteps=472500, Reward=-20.44 +/- 0.07, EpLength: 1600.00 +/- 0.00
20-04-24 23:25[icct.rl_helpers.eval_callback]INFO | (Eval ) num_timesteps=474000, Reward=-17.35 +/- 0.02, EpLength: 1600.00 +/- 0.00
20-04-24 23:26[icct.rl_helpers.eval_callback]INFO | (Train) Episode: 340, Avg Reward: -28.744988794996132, Best: -20.249853667167127
20-04-24 23:27[icct.rl_helpers.eval_callback]INFO | (Eval ) num_timesteps=475500, Reward=-22.55 +/- 0.03, EpLength: 1600.00 +/- 0.00
20-04-24 23:28[icct.rl_helpers.eval_callback]INFO | (Eval ) num_timesteps=477000, Reward=-21.97 +/- 0.03, EpLength: 1600.00 +/- 0.00
20-04-24 23:30[icct.rl_helpers.eval_callback]INFO | (Eval ) num_timesteps=478500, Reward=-21.95 +/- 0.59, EpLength: 1600.00 +/- 0.00
20-04-24 23:32[icct.rl_helpers.eval_callback]INFO | (Eval ) num_timesteps=480000, Reward=-55.97 +/- 1.43, EpLength: 1600.00 +/- 0.00
20-04-24 23:33[icct.rl_helpers.eval_callback]INFO | (Eval ) num_timesteps=481500, Reward=-29.01 +/- 0.01, EpLength: 1600.00 +/- 0.00
20-04-24 23:35[icct.rl_helpers.eval_callback]INFO | (Eval ) num_timesteps=483000, Reward=-13.99 +/- 0.02, EpLength: 1600.00 +/- 0.00
20-04-24 23:37[icct.rl_helpers.eval_callback]INFO | (Eval ) num_timesteps=484500, Reward=-18.94 +/- 0.54, EpLength: 1600.00 +/- 0.00
20-04-24 23:39[icct.rl_helpers.eval_callback]INFO | (Eval ) num_timesteps=486000, Reward=-20.73 +/- 1.47, EpLength: 1600.00 +/- 0.00
20-04-24 23:41[icct.rl_helpers.eval_callback]INFO | (Eval ) num_timesteps=487500, Reward=-23.33 +/- 0.01, EpLength: 1600.00 +/- 0.00
20-04-24 23:43[icct.rl_helpers.eval_callback]INFO | (Eval ) num_timesteps=489000, Reward=-20.21 +/- 0.02, EpLength: 1600.00 +/- 0.00
20-04-24 23:44[icct.rl_helpers.eval_callback]INFO | (Eval ) num_timesteps=490500, Reward=-16.04 +/- 0.02, EpLength: 1600.00 +/- 0.00
20-04-24 23:45[icct.rl_helpers.eval_callback]INFO | (Train) Episode: 350, Avg Reward: -27.68910414216134, Best: -20.249853667167127
20-04-24 23:46[icct.rl_helpers.eval_callback]INFO | (Eval ) num_timesteps=492000, Reward=-33.56 +/- 1.04, EpLength: 1600.00 +/- 0.00
20-04-24 23:48[icct.rl_helpers.eval_callback]INFO | (Eval ) num_timesteps=493500, Reward=-56.73 +/- 10.12, EpLength: 1600.00 +/- 0.00
20-04-24 23:49[icct.rl_helpers.eval_callback]INFO | (Eval ) num_timesteps=495000, Reward=-22.94 +/- 0.03, EpLength: 1600.00 +/- 0.00
20-04-24 23:51[icct.rl_helpers.eval_callback]INFO | (Eval ) num_timesteps=496500, Reward=-29.41 +/- 0.03, EpLength: 1600.00 +/- 0.00
20-04-24 23:52[icct.rl_helpers.eval_callback]INFO | (Eval ) num_timesteps=498000, Reward=-29.64 +/- 12.65, EpLength: 1600.00 +/- 0.00
20-04-24 23:53[icct.rl_helpers.eval_callback]INFO | (Eval ) num_timesteps=499500, Reward=-9.02 +/- 0.07, EpLength: 1600.00 +/- 0.00
20-04-24 23:55[icct.rl_helpers.eval_callback]INFO | (Eval ) num_timesteps=501000, Reward=-11.39 +/- 5.61, EpLength: 1600.00 +/- 0.00
20-04-24 23:57[icct.rl_helpers.eval_callback]INFO | (Eval ) num_timesteps=502500, Reward=-21.42 +/- 0.01, EpLength: 1600.00 +/- 0.00
20-04-24 23:58[icct.rl_helpers.eval_callback]INFO | (Eval ) num_timesteps=504000, Reward=-24.33 +/- 0.02, EpLength: 1600.00 +/- 0.00
21-04-24 00:00[icct.rl_helpers.eval_callback]INFO | (Eval ) num_timesteps=505500, Reward=-21.99 +/- 0.03, EpLength: 1600.00 +/- 0.00
21-04-24 00:02[icct.rl_helpers.eval_callback]INFO | (Eval ) num_timesteps=507000, Reward=-8.12 +/- 0.10, EpLength: 1600.00 +/- 0.00
21-04-24 00:02[icct.rl_helpers.eval_callback]INFO | (Train) Episode: 360, Avg Reward: -27.111417078343848, Best: -20.249853667167127
21-04-24 00:03[icct.rl_helpers.eval_callback]INFO | (Eval ) num_timesteps=508500, Reward=-19.14 +/- 0.01, EpLength: 1600.00 +/- 0.00
21-04-24 00:05[icct.rl_helpers.eval_callback]INFO | (Eval ) num_timesteps=510000, Reward=-24.63 +/- 0.08, EpLength: 1600.00 +/- 0.00
21-04-24 00:07[icct.rl_helpers.eval_callback]INFO | (Eval ) num_timesteps=511500, Reward=-45.56 +/- 27.72, EpLength: 1600.00 +/- 0.00
21-04-24 00:08[icct.rl_helpers.eval_callback]INFO | (Eval ) num_timesteps=513000, Reward=-14.09 +/- 1.35, EpLength: 1600.00 +/- 0.00
21-04-24 00:10[icct.rl_helpers.eval_callback]INFO | (Eval ) num_timesteps=514500, Reward=-13.03 +/- 0.03, EpLength: 1600.00 +/- 0.00
21-04-24 00:11[icct.rl_helpers.eval_callback]INFO | (Eval ) num_timesteps=516000, Reward=-27.43 +/- 0.05, EpLength: 1600.00 +/- 0.00
21-04-24 00:13[icct.rl_helpers.eval_callback]INFO | (Eval ) num_timesteps=517500, Reward=-13.11 +/- 0.02, EpLength: 1600.00 +/- 0.00
21-04-24 00:15[icct.rl_helpers.eval_callback]INFO | (Eval ) num_timesteps=519000, Reward=-18.46 +/- 0.01, EpLength: 1600.00 +/- 0.00
21-04-24 00:16[icct.rl_helpers.eval_callback]INFO | (Eval ) num_timesteps=520500, Reward=-19.90 +/- 2.49, EpLength: 1600.00 +/- 0.00
21-04-24 00:18[icct.rl_helpers.eval_callback]INFO | (Eval ) num_timesteps=522000, Reward=-17.30 +/- 0.01, EpLength: 1600.00 +/- 0.00
21-04-24 00:19[icct.rl_helpers.eval_callback]INFO | (Train) Episode: 370, Avg Reward: -26.99409859341283, Best: -20.249853667167127
21-04-24 00:20[icct.rl_helpers.eval_callback]INFO | (Eval ) num_timesteps=523500, Reward=-12.66 +/- 0.06, EpLength: 1600.00 +/- 0.00
21-04-24 00:22[icct.rl_helpers.eval_callback]INFO | (Eval ) num_timesteps=525000, Reward=-119.46 +/- 52.59, EpLength: 1600.00 +/- 0.00
21-04-24 00:23[icct.rl_helpers.eval_callback]INFO | (Eval ) num_timesteps=526500, Reward=-32.26 +/- 0.02, EpLength: 1600.00 +/- 0.00
21-04-24 00:25[icct.rl_helpers.eval_callback]INFO | (Eval ) num_timesteps=528000, Reward=-19.06 +/- 0.02, EpLength: 1600.00 +/- 0.00
21-04-24 00:26[icct.rl_helpers.eval_callback]INFO | (Eval ) num_timesteps=529500, Reward=-12.32 +/- 0.04, EpLength: 1600.00 +/- 0.00
21-04-24 00:28[icct.rl_helpers.eval_callback]INFO | (Eval ) num_timesteps=531000, Reward=-18.96 +/- 0.04, EpLength: 1600.00 +/- 0.00
21-04-24 00:29[icct.rl_helpers.eval_callback]INFO | (Eval ) num_timesteps=532500, Reward=-18.79 +/- 0.02, EpLength: 1600.00 +/- 0.00
21-04-24 00:31[icct.rl_helpers.eval_callback]INFO | (Eval ) num_timesteps=534000, Reward=-21.46 +/- 0.03, EpLength: 1600.00 +/- 0.00
21-04-24 00:33[icct.rl_helpers.eval_callback]INFO | (Eval ) num_timesteps=535500, Reward=-19.96 +/- 0.02, EpLength: 1600.00 +/- 0.00
21-04-24 00:34[icct.rl_helpers.eval_callback]INFO | (Eval ) num_timesteps=537000, Reward=-112.25 +/- 0.09, EpLength: 54.00 +/- 0.00
21-04-24 00:36[icct.rl_helpers.eval_callback]INFO | (Eval ) num_timesteps=538500, Reward=-18.58 +/- 7.89, EpLength: 1600.00 +/- 0.00
21-04-24 00:36[icct.rl_helpers.eval_callback]INFO | (Train) Episode: 380, Avg Reward: -27.59708091461581, Best: -20.249853667167127
21-04-24 00:37[icct.rl_helpers.eval_callback]INFO | (Eval ) num_timesteps=540000, Reward=-10.03 +/- 0.02, EpLength: 1600.00 +/- 0.00
21-04-24 00:38[icct.rl_helpers.eval_callback]INFO | (Eval ) num_timesteps=541500, Reward=-14.78 +/- 0.02, EpLength: 1600.00 +/- 0.00
21-04-24 00:40[icct.rl_helpers.eval_callback]INFO | (Eval ) num_timesteps=543000, Reward=-48.47 +/- 0.06, EpLength: 1600.00 +/- 0.00
21-04-24 00:41[icct.rl_helpers.eval_callback]INFO | (Eval ) num_timesteps=544500, Reward=-20.43 +/- 0.05, EpLength: 1600.00 +/- 0.00
21-04-24 00:43[icct.rl_helpers.eval_callback]INFO | (Eval ) num_timesteps=546000, Reward=-26.32 +/- 0.05, EpLength: 1600.00 +/- 0.00
21-04-24 00:44[icct.rl_helpers.eval_callback]INFO | (Eval ) num_timesteps=547500, Reward=-17.76 +/- 0.01, EpLength: 1600.00 +/- 0.00
21-04-24 00:46[icct.rl_helpers.eval_callback]INFO | (Eval ) num_timesteps=549000, Reward=-20.41 +/- 0.05, EpLength: 1600.00 +/- 0.00
21-04-24 00:48[icct.rl_helpers.eval_callback]INFO | (Eval ) num_timesteps=550500, Reward=-22.96 +/- 0.16, EpLength: 1600.00 +/- 0.00
21-04-24 00:49[icct.rl_helpers.eval_callback]INFO | (Eval ) num_timesteps=552000, Reward=-12.53 +/- 0.04, EpLength: 1600.00 +/- 0.00
21-04-24 00:51[icct.rl_helpers.eval_callback]INFO | (Eval ) num_timesteps=553500, Reward=-22.54 +/- 0.02, EpLength: 1600.00 +/- 0.00
21-04-24 00:53[icct.rl_helpers.eval_callback]INFO | (Eval ) num_timesteps=555000, Reward=-13.06 +/- 0.16, EpLength: 1600.00 +/- 0.00
21-04-24 00:53[icct.rl_helpers.eval_callback]INFO | (Train) Episode: 390, Avg Reward: -28.268820983795823, Best: -20.249853667167127
21-04-24 00:54[icct.rl_helpers.eval_callback]INFO | (Eval ) num_timesteps=556500, Reward=-16.15 +/- 0.01, EpLength: 1600.00 +/- 0.00
21-04-24 00:56[icct.rl_helpers.eval_callback]INFO | (Eval ) num_timesteps=558000, Reward=-6.85 +/- 0.03, EpLength: 1600.00 +/- 0.00
21-04-24 00:58[icct.rl_helpers.eval_callback]INFO | (Eval ) num_timesteps=559500, Reward=-17.57 +/- 0.02, EpLength: 1600.00 +/- 0.00
21-04-24 01:00[icct.rl_helpers.eval_callback]INFO | (Eval ) num_timesteps=561000, Reward=-46.36 +/- 12.77, EpLength: 1600.00 +/- 0.00
21-04-24 01:01[icct.rl_helpers.eval_callback]INFO | (Eval ) num_timesteps=562500, Reward=-34.07 +/- 0.02, EpLength: 1600.00 +/- 0.00
21-04-24 01:03[icct.rl_helpers.eval_callback]INFO | (Eval ) num_timesteps=564000, Reward=-21.32 +/- 0.02, EpLength: 1600.00 +/- 0.00
21-04-24 01:04[icct.rl_helpers.eval_callback]INFO | (Eval ) num_timesteps=565500, Reward=-21.18 +/- 0.02, EpLength: 1600.00 +/- 0.00
21-04-24 01:06[icct.rl_helpers.eval_callback]INFO | (Eval ) num_timesteps=567000, Reward=-27.28 +/- 0.02, EpLength: 1600.00 +/- 0.00
21-04-24 01:08[icct.rl_helpers.eval_callback]INFO | (Eval ) num_timesteps=568500, Reward=-13.04 +/- 0.04, EpLength: 1600.00 +/- 0.00
21-04-24 01:09[icct.rl_helpers.eval_callback]INFO | (Eval ) num_timesteps=570000, Reward=-12.38 +/- 0.02, EpLength: 1600.00 +/- 0.00
21-04-24 01:10[icct.rl_helpers.eval_callback]INFO | (Train) Episode: 400, Avg Reward: -29.157635149282623, Best: -20.249853667167127
21-04-24 01:11[icct.rl_helpers.eval_callback]INFO | (Eval ) num_timesteps=571500, Reward=-9.96 +/- 0.06, EpLength: 1600.00 +/- 0.00
21-04-24 01:12[icct.rl_helpers.eval_callback]INFO | (Eval ) num_timesteps=573000, Reward=-19.73 +/- 0.02, EpLength: 1600.00 +/- 0.00
21-04-24 01:14[icct.rl_helpers.eval_callback]INFO | (Eval ) num_timesteps=574500, Reward=-7.57 +/- 0.01, EpLength: 1600.00 +/- 0.00
21-04-24 01:15[icct.rl_helpers.eval_callback]INFO | (Eval ) num_timesteps=576000, Reward=-15.88 +/- 0.01, EpLength: 1600.00 +/- 0.00
21-04-24 01:17[icct.rl_helpers.eval_callback]INFO | (Eval ) num_timesteps=577500, Reward=-18.30 +/- 0.02, EpLength: 1600.00 +/- 0.00
21-04-24 01:18[icct.rl_helpers.eval_callback]INFO | (Eval ) num_timesteps=579000, Reward=-18.44 +/- 0.02, EpLength: 1600.00 +/- 0.00
21-04-24 01:20[icct.rl_helpers.eval_callback]INFO | (Eval ) num_timesteps=580500, Reward=-24.18 +/- 0.01, EpLength: 1600.00 +/- 0.00
21-04-24 01:21[icct.rl_helpers.eval_callback]INFO | (Eval ) num_timesteps=582000, Reward=-23.00 +/- 0.01, EpLength: 1600.00 +/- 0.00
21-04-24 01:23[icct.rl_helpers.eval_callback]INFO | (Eval ) num_timesteps=583500, Reward=-33.80 +/- 0.02, EpLength: 1600.00 +/- 0.00
21-04-24 01:24[icct.rl_helpers.eval_callback]INFO | (Eval ) num_timesteps=585000, Reward=-22.83 +/- 0.15, EpLength: 1600.00 +/- 0.00
21-04-24 01:26[icct.rl_helpers.eval_callback]INFO | (Eval ) num_timesteps=586500, Reward=-113.93 +/- 0.03, EpLength: 1600.00 +/- 0.00
21-04-24 01:27[icct.rl_helpers.eval_callback]INFO | (Train) Episode: 410, Avg Reward: -29.591198293741463, Best: -20.249853667167127
21-04-24 01:28[icct.rl_helpers.eval_callback]INFO | (Eval ) num_timesteps=588000, Reward=-99.61 +/- 0.04, EpLength: 1600.00 +/- 0.00
21-04-24 01:30[icct.rl_helpers.eval_callback]INFO | (Eval ) num_timesteps=589500, Reward=-26.87 +/- 0.76, EpLength: 1600.00 +/- 0.00
21-04-24 01:32[icct.rl_helpers.eval_callback]INFO | (Eval ) num_timesteps=591000, Reward=-25.73 +/- 0.02, EpLength: 1600.00 +/- 0.00
21-04-24 01:33[icct.rl_helpers.eval_callback]INFO | (Eval ) num_timesteps=592500, Reward=-24.74 +/- 0.02, EpLength: 1600.00 +/- 0.00
21-04-24 01:34[icct.rl_helpers.eval_callback]INFO | (Eval ) num_timesteps=594000, Reward=-25.84 +/- 0.08, EpLength: 1600.00 +/- 0.00
21-04-24 01:36[icct.rl_helpers.eval_callback]INFO | (Eval ) num_timesteps=595500, Reward=-12.67 +/- 0.05, EpLength: 1600.00 +/- 0.00
21-04-24 01:37[icct.rl_helpers.eval_callback]INFO | (Eval ) num_timesteps=597000, Reward=-13.68 +/- 0.03, EpLength: 1600.00 +/- 0.00
21-04-24 01:39[icct.rl_helpers.eval_callback]INFO | (Eval ) num_timesteps=598500, Reward=-19.17 +/- 0.05, EpLength: 1600.00 +/- 0.00
21-04-24 01:41[icct.rl_helpers.eval_callback]INFO | (Eval ) num_timesteps=600000, Reward=-22.13 +/- 1.28, EpLength: 1600.00 +/- 0.00
21-04-24 01:42[icct.rl_helpers.eval_callback]INFO | (Eval ) num_timesteps=601500, Reward=-24.07 +/- 1.79, EpLength: 1600.00 +/- 0.00
21-04-24 01:44[icct.rl_helpers.eval_callback]INFO | (Eval ) num_timesteps=603000, Reward=-11.62 +/- 0.05, EpLength: 1600.00 +/- 0.00
21-04-24 01:44[icct.rl_helpers.eval_callback]INFO | (Train) Episode: 420, Avg Reward: -29.72890791298515, Best: -20.249853667167127
21-04-24 01:46[icct.rl_helpers.eval_callback]INFO | (Eval ) num_timesteps=604500, Reward=-12.05 +/- 1.57, EpLength: 1600.00 +/- 0.00
21-04-24 01:47[icct.rl_helpers.eval_callback]INFO | (Eval ) num_timesteps=606000, Reward=-14.32 +/- 0.03, EpLength: 1600.00 +/- 0.00
21-04-24 01:49[icct.rl_helpers.eval_callback]INFO | (Eval ) num_timesteps=607500, Reward=-15.07 +/- 0.03, EpLength: 1600.00 +/- 0.00
21-04-24 01:51[icct.rl_helpers.eval_callback]INFO | (Eval ) num_timesteps=609000, Reward=-14.33 +/- 0.06, EpLength: 1600.00 +/- 0.00
21-04-24 01:53[icct.rl_helpers.eval_callback]INFO | (Eval ) num_timesteps=610500, Reward=-19.04 +/- 0.02, EpLength: 1600.00 +/- 0.00
21-04-24 01:54[icct.rl_helpers.eval_callback]INFO | (Eval ) num_timesteps=612000, Reward=-28.12 +/- 0.03, EpLength: 1600.00 +/- 0.00
21-04-24 01:56[icct.rl_helpers.eval_callback]INFO | (Eval ) num_timesteps=613500, Reward=-3.80 +/- 0.22, EpLength: 1600.00 +/- 0.00
21-04-24 01:56[icct.rl_helpers.eval_callback]INFO | (Save ) Storing Best Model: New best mean reward!
21-04-24 01:58[icct.rl_helpers.eval_callback]INFO | (Eval ) num_timesteps=615000, Reward=-11.90 +/- 0.02, EpLength: 1600.00 +/- 0.00
21-04-24 01:59[icct.rl_helpers.eval_callback]INFO | (Eval ) num_timesteps=616500, Reward=-40.35 +/- 0.02, EpLength: 1600.00 +/- 0.00
21-04-24 02:01[icct.rl_helpers.eval_callback]INFO | (Eval ) num_timesteps=618000, Reward=-23.22 +/- 1.07, EpLength: 1600.00 +/- 0.00
21-04-24 02:02[icct.rl_helpers.eval_callback]INFO | (Train) Episode: 430, Avg Reward: -29.639280130906528, Best: -20.249853667167127
21-04-24 02:02[icct.rl_helpers.eval_callback]INFO | (Eval ) num_timesteps=619500, Reward=-34.32 +/- 0.04, EpLength: 1600.00 +/- 0.00
21-04-24 02:04[icct.rl_helpers.eval_callback]INFO | (Eval ) num_timesteps=621000, Reward=-15.57 +/- 0.73, EpLength: 1600.00 +/- 0.00
21-04-24 02:05[icct.rl_helpers.eval_callback]INFO | (Eval ) num_timesteps=622500, Reward=-28.15 +/- 0.07, EpLength: 1600.00 +/- 0.00
21-04-24 02:07[icct.rl_helpers.eval_callback]INFO | (Eval ) num_timesteps=624000, Reward=-20.60 +/- 0.03, EpLength: 1600.00 +/- 0.00
21-04-24 02:09[icct.rl_helpers.eval_callback]INFO | (Eval ) num_timesteps=625500, Reward=-18.57 +/- 0.06, EpLength: 1600.00 +/- 0.00
21-04-24 02:10[icct.rl_helpers.eval_callback]INFO | (Eval ) num_timesteps=627000, Reward=-25.88 +/- 0.02, EpLength: 1600.00 +/- 0.00
21-04-24 02:12[icct.rl_helpers.eval_callback]INFO | (Eval ) num_timesteps=628500, Reward=-36.26 +/- 0.04, EpLength: 1600.00 +/- 0.00
21-04-24 02:13[icct.rl_helpers.eval_callback]INFO | (Eval ) num_timesteps=630000, Reward=-18.71 +/- 0.09, EpLength: 1600.00 +/- 0.00
21-04-24 02:15[icct.rl_helpers.eval_callback]INFO | (Eval ) num_timesteps=631500, Reward=-15.63 +/- 0.07, EpLength: 1600.00 +/- 0.00
21-04-24 02:17[icct.rl_helpers.eval_callback]INFO | (Eval ) num_timesteps=633000, Reward=-13.10 +/- 0.01, EpLength: 1600.00 +/- 0.00
21-04-24 02:18[icct.rl_helpers.eval_callback]INFO | (Eval ) num_timesteps=634500, Reward=-14.44 +/- 0.02, EpLength: 1600.00 +/- 0.00
21-04-24 02:19[icct.rl_helpers.eval_callback]INFO | (Train) Episode: 440, Avg Reward: -28.781212842003896, Best: -20.249853667167127
21-04-24 02:20[icct.rl_helpers.eval_callback]INFO | (Eval ) num_timesteps=636000, Reward=-17.49 +/- 0.02, EpLength: 1600.00 +/- 0.00
21-04-24 02:21[icct.rl_helpers.eval_callback]INFO | (Eval ) num_timesteps=637500, Reward=-26.67 +/- 0.01, EpLength: 1600.00 +/- 0.00
21-04-24 02:23[icct.rl_helpers.eval_callback]INFO | (Eval ) num_timesteps=639000, Reward=-18.16 +/- 0.02, EpLength: 1600.00 +/- 0.00
21-04-24 02:25[icct.rl_helpers.eval_callback]INFO | (Eval ) num_timesteps=640500, Reward=-18.85 +/- 0.04, EpLength: 1600.00 +/- 0.00
21-04-24 02:27[icct.rl_helpers.eval_callback]INFO | (Eval ) num_timesteps=642000, Reward=-33.59 +/- 19.03, EpLength: 1600.00 +/- 0.00
21-04-24 02:28[icct.rl_helpers.eval_callback]INFO | (Eval ) num_timesteps=643500, Reward=-20.98 +/- 0.02, EpLength: 1600.00 +/- 0.00
21-04-24 02:30[icct.rl_helpers.eval_callback]INFO | (Eval ) num_timesteps=645000, Reward=-14.13 +/- 0.28, EpLength: 1600.00 +/- 0.00
21-04-24 02:32[icct.rl_helpers.eval_callback]INFO | (Eval ) num_timesteps=646500, Reward=-18.60 +/- 0.07, EpLength: 1600.00 +/- 0.00
21-04-24 02:33[icct.rl_helpers.eval_callback]INFO | (Eval ) num_timesteps=648000, Reward=-9.25 +/- 0.22, EpLength: 1600.00 +/- 0.00
21-04-24 02:35[icct.rl_helpers.eval_callback]INFO | (Eval ) num_timesteps=649500, Reward=-9.07 +/- 0.02, EpLength: 1600.00 +/- 0.00
21-04-24 02:36[icct.rl_helpers.eval_callback]INFO | (Eval ) num_timesteps=651000, Reward=-13.33 +/- 0.02, EpLength: 1600.00 +/- 0.00
21-04-24 02:37[icct.rl_helpers.eval_callback]INFO | (Train) Episode: 450, Avg Reward: -28.143249917980373, Best: -20.249853667167127
21-04-24 02:38[icct.rl_helpers.eval_callback]INFO | (Eval ) num_timesteps=652500, Reward=-21.63 +/- 0.02, EpLength: 1600.00 +/- 0.00
21-04-24 02:40[icct.rl_helpers.eval_callback]INFO | (Eval ) num_timesteps=654000, Reward=-17.16 +/- 0.02, EpLength: 1600.00 +/- 0.00
21-04-24 02:41[icct.rl_helpers.eval_callback]INFO | (Eval ) num_timesteps=655500, Reward=-16.66 +/- 0.03, EpLength: 1600.00 +/- 0.00
21-04-24 02:42[icct.rl_helpers.eval_callback]INFO | (Eval ) num_timesteps=657000, Reward=-11.32 +/- 0.09, EpLength: 1600.00 +/- 0.00
21-04-24 02:44[icct.rl_helpers.eval_callback]INFO | (Eval ) num_timesteps=658500, Reward=-15.54 +/- 0.02, EpLength: 1600.00 +/- 0.00
21-04-24 02:46[icct.rl_helpers.eval_callback]INFO | (Eval ) num_timesteps=660000, Reward=-15.16 +/- 0.04, EpLength: 1600.00 +/- 0.00
21-04-24 02:47[icct.rl_helpers.eval_callback]INFO | (Eval ) num_timesteps=661500, Reward=-73.69 +/- 61.22, EpLength: 1600.00 +/- 0.00
21-04-24 02:49[icct.rl_helpers.eval_callback]INFO | (Eval ) num_timesteps=663000, Reward=-24.28 +/- 0.05, EpLength: 1600.00 +/- 0.00
21-04-24 02:51[icct.rl_helpers.eval_callback]INFO | (Eval ) num_timesteps=664500, Reward=-15.67 +/- 0.10, EpLength: 1600.00 +/- 0.00
21-04-24 02:52[icct.rl_helpers.eval_callback]INFO | (Eval ) num_timesteps=666000, Reward=-74.44 +/- 0.08, EpLength: 1600.00 +/- 0.00
21-04-24 02:54[icct.rl_helpers.eval_callback]INFO | (Train) Episode: 460, Avg Reward: -27.77404449255537, Best: -20.249853667167127
21-04-24 02:54[icct.rl_helpers.eval_callback]INFO | (Eval ) num_timesteps=667500, Reward=-42.54 +/- 0.04, EpLength: 1600.00 +/- 0.00
21-04-24 02:56[icct.rl_helpers.eval_callback]INFO | (Eval ) num_timesteps=669000, Reward=-34.25 +/- 0.06, EpLength: 1600.00 +/- 0.00
21-04-24 02:57[icct.rl_helpers.eval_callback]INFO | (Eval ) num_timesteps=670500, Reward=-16.07 +/- 0.26, EpLength: 1600.00 +/- 0.00
21-04-24 02:59[icct.rl_helpers.eval_callback]INFO | (Eval ) num_timesteps=672000, Reward=-35.07 +/- 0.12, EpLength: 1600.00 +/- 0.00
21-04-24 03:00[icct.rl_helpers.eval_callback]INFO | (Eval ) num_timesteps=673500, Reward=-24.30 +/- 0.02, EpLength: 1600.00 +/- 0.00
21-04-24 03:02[icct.rl_helpers.eval_callback]INFO | (Eval ) num_timesteps=675000, Reward=-10.90 +/- 1.43, EpLength: 1600.00 +/- 0.00
21-04-24 03:03[icct.rl_helpers.eval_callback]INFO | (Eval ) num_timesteps=676500, Reward=-27.05 +/- 0.09, EpLength: 1600.00 +/- 0.00
21-04-24 03:04[icct.rl_helpers.eval_callback]INFO | (Eval ) num_timesteps=678000, Reward=-43.37 +/- 0.15, EpLength: 1600.00 +/- 0.00
21-04-24 03:06[icct.rl_helpers.eval_callback]INFO | (Eval ) num_timesteps=679500, Reward=-22.25 +/- 0.01, EpLength: 1600.00 +/- 0.00
21-04-24 03:07[icct.rl_helpers.eval_callback]INFO | (Eval ) num_timesteps=681000, Reward=-17.26 +/- 0.08, EpLength: 1600.00 +/- 0.00
21-04-24 03:09[icct.rl_helpers.eval_callback]INFO | (Eval ) num_timesteps=682500, Reward=-14.33 +/- 0.12, EpLength: 1600.00 +/- 0.00
21-04-24 03:09[icct.rl_helpers.eval_callback]INFO | (Train) Episode: 470, Avg Reward: -28.612312190419924, Best: -20.249853667167127
21-04-24 03:10[icct.rl_helpers.eval_callback]INFO | (Eval ) num_timesteps=684000, Reward=-14.23 +/- 0.03, EpLength: 1600.00 +/- 0.00
21-04-24 03:11[icct.rl_helpers.eval_callback]INFO | (Eval ) num_timesteps=685500, Reward=-20.07 +/- 0.02, EpLength: 1600.00 +/- 0.00
21-04-24 03:12[icct.rl_helpers.eval_callback]INFO | (Eval ) num_timesteps=687000, Reward=-8.08 +/- 0.05, EpLength: 1600.00 +/- 0.00
21-04-24 03:13[icct.rl_helpers.eval_callback]INFO | (Eval ) num_timesteps=688500, Reward=-19.81 +/- 1.56, EpLength: 1600.00 +/- 0.00
21-04-24 03:14[icct.rl_helpers.eval_callback]INFO | (Eval ) num_timesteps=690000, Reward=-25.90 +/- 0.05, EpLength: 1600.00 +/- 0.00
21-04-24 03:15[icct.rl_helpers.eval_callback]INFO | (Eval ) num_timesteps=691500, Reward=-38.96 +/- 0.03, EpLength: 1600.00 +/- 0.00
21-04-24 03:16[icct.rl_helpers.eval_callback]INFO | (Eval ) num_timesteps=693000, Reward=-17.98 +/- 0.01, EpLength: 1600.00 +/- 0.00
21-04-24 03:17[icct.rl_helpers.eval_callback]INFO | (Eval ) num_timesteps=694500, Reward=-19.33 +/- 0.02, EpLength: 1600.00 +/- 0.00
21-04-24 03:19[icct.rl_helpers.eval_callback]INFO | (Eval ) num_timesteps=696000, Reward=-21.11 +/- 0.02, EpLength: 1600.00 +/- 0.00
21-04-24 03:19[icct.rl_helpers.eval_callback]INFO | (Eval ) num_timesteps=697500, Reward=-67.41 +/- 0.01, EpLength: 1600.00 +/- 0.00
21-04-24 03:20[icct.rl_helpers.eval_callback]INFO | (Eval ) num_timesteps=699000, Reward=-42.67 +/- 30.15, EpLength: 1600.00 +/- 0.00
21-04-24 03:20[icct.rl_helpers.eval_callback]INFO | (Train) Episode: 480, Avg Reward: -28.9042499470827, Best: -20.249853667167127
21-04-24 03:20[root]INFO | [END]======> Execution time of seed 13: 12 hours, 1 minutes, 20 seconds
