20-04-24 01:40[root]INFO | Training on env: walker
20-04-24 01:40[root]INFO | Agent Type: dgt
20-04-24 01:40[root]INFO | Log Directory: ./logs/walker_cpu/dgt/128leaves_40-39-01-20-Apr_Final/
20-04-24 01:40[root]INFO | GPU?: False
20-04-24 01:40[root]INFO | Num Leaves: 128
20-04-24 01:40[root]INFO | DGT Policy
20-04-24 01:40[root]INFO | Value Net Size: [256, 256]
20-04-24 01:40[root]INFO | [START]======> Training Started for Seed [23]: 2024-04-20 01:40:17
20-04-24 01:40[root]INFO | actor: DGTActor(
  (features_extractor): FlattenExtractor(
    (flatten): Flatten(start_dim=1, end_dim=-1)
  )
  (drnet): DGT(
    (_and_act_fn): Softmax(dim=-1)
    (_predicate_l): Sequential(
      (0): Linear(in_features=24, out_features=127, bias=True)
    )
    (_and_l): XLinear(
      (_l): Linear(in_features=127, out_features=128, bias=False)
    )
    (_or_l): XLinear(
      (_l): Linear(in_features=128, out_features=4, bias=False)
    )
  )
)
