20-04-24 15:18[root]INFO | Training on env: walker
20-04-24 15:18[root]INFO | Agent Type: dgt
20-04-24 15:18[root]INFO | Log Directory: ./logs/walker_cpu/dgt/32leaves_22-18-15-20-Apr_Final/
20-04-24 15:18[root]INFO | GPU?: False
20-04-24 15:18[root]INFO | Num Leaves: 32
20-04-24 15:18[root]INFO | DGT Policy
20-04-24 15:18[root]INFO | Value Net Size: [256, 256]
20-04-24 15:18[root]INFO | [START]======> Training Started for Seed [17]: 2024-04-20 15:18:49
20-04-24 15:18[root]INFO | actor: DGTActor(
  (features_extractor): FlattenExtractor(
    (flatten): Flatten(start_dim=1, end_dim=-1)
  )
  (drnet): DGT(
    (_and_act_fn): Softmax(dim=-1)
    (_predicate_l): Sequential(
      (0): Linear(in_features=24, out_features=31, bias=True)
    )
    (_and_l): XLinear(
      (_l): Linear(in_features=31, out_features=32, bias=False)
    )
    (_or_l): XLinear(
      (_l): Linear(in_features=32, out_features=4, bias=False)
    )
  )
)
20-04-24 15:18[icct.rl_helpers.eval_callback]INFO | (Train) Episode: 0, Avg Reward: -99.49971721507609, Best: -99.49971721507609
20-04-24 15:18[icct.rl_helpers.eval_callback]INFO | (Eval ) num_timesteps=1500, Reward=-23.80 +/- 6.25, EpLength: 1600.00 +/- 0.00
20-04-24 15:18[icct.rl_helpers.eval_callback]INFO | (Save ) Storing Best Model: New best mean reward!
20-04-24 15:19[icct.rl_helpers.eval_callback]INFO | (Eval ) num_timesteps=3000, Reward=-23.76 +/- 7.82, EpLength: 1600.00 +/- 0.00
20-04-24 15:19[icct.rl_helpers.eval_callback]INFO | (Save ) Storing Best Model: New best mean reward!
20-04-24 15:19[icct.rl_helpers.eval_callback]INFO | (Eval ) num_timesteps=4500, Reward=-29.68 +/- 2.17, EpLength: 1600.00 +/- 0.00
20-04-24 15:19[icct.rl_helpers.eval_callback]INFO | (Train) Episode: 10, Avg Reward: -97.47239210367553, Best: -92.63044177020515
20-04-24 15:19[icct.rl_helpers.eval_callback]INFO | (Eval ) num_timesteps=6000, Reward=-47.99 +/- 41.26, EpLength: 1321.60 +/- 556.80
20-04-24 15:19[icct.rl_helpers.eval_callback]INFO | (Eval ) num_timesteps=7500, Reward=-23.52 +/- 7.35, EpLength: 1600.00 +/- 0.00
20-04-24 15:19[icct.rl_helpers.eval_callback]INFO | (Save ) Storing Best Model: New best mean reward!
20-04-24 15:19[icct.rl_helpers.eval_callback]INFO | (Eval ) num_timesteps=9000, Reward=-68.31 +/- 50.83, EpLength: 1040.60 +/- 685.18
20-04-24 15:20[icct.rl_helpers.eval_callback]INFO | (Eval ) num_timesteps=10500, Reward=-112.05 +/- 0.10, EpLength: 121.00 +/- 7.29
20-04-24 15:21[icct.rl_helpers.eval_callback]INFO | (Eval ) num_timesteps=12000, Reward=-108.58 +/- 0.47, EpLength: 63.60 +/- 1.74
20-04-24 15:23[icct.rl_helpers.eval_callback]INFO | (Eval ) num_timesteps=13500, Reward=-105.35 +/- 0.05, EpLength: 47.20 +/- 0.40
20-04-24 15:23[icct.rl_helpers.eval_callback]INFO | (Train) Episode: 20, Avg Reward: -98.18576004023821, Best: -92.63044177020515
20-04-24 15:23[icct.rl_helpers.eval_callback]INFO | (Train) Episode: 30, Avg Reward: -101.58502052430234, Best: -92.63044177020515
20-04-24 15:24[icct.rl_helpers.eval_callback]INFO | (Eval ) num_timesteps=15000, Reward=-122.24 +/- 1.73, EpLength: 98.60 +/- 10.46
20-04-24 15:25[icct.rl_helpers.eval_callback]INFO | (Eval ) num_timesteps=16500, Reward=-122.07 +/- 9.90, EpLength: 725.20 +/- 714.28
20-04-24 15:27[icct.rl_helpers.eval_callback]INFO | (Eval ) num_timesteps=18000, Reward=-135.36 +/- 0.10, EpLength: 1600.00 +/- 0.00
20-04-24 15:28[icct.rl_helpers.eval_callback]INFO | (Eval ) num_timesteps=19500, Reward=-153.73 +/- 0.20, EpLength: 1600.00 +/- 0.00
20-04-24 15:29[icct.rl_helpers.eval_callback]INFO | (Eval ) num_timesteps=21000, Reward=-125.05 +/- 2.23, EpLength: 90.60 +/- 2.06
20-04-24 15:29[icct.rl_helpers.eval_callback]INFO | (Train) Episode: 40, Avg Reward: -106.01737748156977, Best: -92.63044177020515
20-04-24 15:30[icct.rl_helpers.eval_callback]INFO | (Eval ) num_timesteps=22500, Reward=-113.68 +/- 1.09, EpLength: 50.80 +/- 4.02
20-04-24 15:31[icct.rl_helpers.eval_callback]INFO | (Eval ) num_timesteps=24000, Reward=-87.96 +/- 9.46, EpLength: 1600.00 +/- 0.00
20-04-24 15:32[icct.rl_helpers.eval_callback]INFO | (Eval ) num_timesteps=25500, Reward=-113.98 +/- 1.72, EpLength: 128.60 +/- 8.21
20-04-24 15:34[icct.rl_helpers.eval_callback]INFO | (Eval ) num_timesteps=27000, Reward=-96.07 +/- 2.11, EpLength: 1600.00 +/- 0.00
20-04-24 15:35[icct.rl_helpers.eval_callback]INFO | (Eval ) num_timesteps=28500, Reward=-97.24 +/- 0.05, EpLength: 1600.00 +/- 0.00
20-04-24 15:36[icct.rl_helpers.eval_callback]INFO | (Eval ) num_timesteps=30000, Reward=-112.59 +/- 0.58, EpLength: 1600.00 +/- 0.00
20-04-24 15:38[icct.rl_helpers.eval_callback]INFO | (Eval ) num_timesteps=31500, Reward=-115.76 +/- 7.59, EpLength: 679.00 +/- 751.99
20-04-24 15:39[icct.rl_helpers.eval_callback]INFO | (Train) Episode: 50, Avg Reward: -106.75040074171743, Best: -92.63044177020515
20-04-24 15:39[icct.rl_helpers.eval_callback]INFO | (Eval ) num_timesteps=33000, Reward=-119.45 +/- 2.87, EpLength: 1600.00 +/- 0.00
20-04-24 15:40[icct.rl_helpers.eval_callback]INFO | (Eval ) num_timesteps=34500, Reward=-140.73 +/- 2.40, EpLength: 1600.00 +/- 0.00
20-04-24 15:42[icct.rl_helpers.eval_callback]INFO | (Eval ) num_timesteps=36000, Reward=-105.81 +/- 1.26, EpLength: 1600.00 +/- 0.00
20-04-24 15:43[icct.rl_helpers.eval_callback]INFO | (Eval ) num_timesteps=37500, Reward=-96.89 +/- 1.88, EpLength: 1600.00 +/- 0.00
20-04-24 15:44[icct.rl_helpers.eval_callback]INFO | (Eval ) num_timesteps=39000, Reward=-90.51 +/- 1.36, EpLength: 1600.00 +/- 0.00
20-04-24 15:46[icct.rl_helpers.eval_callback]INFO | (Eval ) num_timesteps=40500, Reward=-121.09 +/- 0.93, EpLength: 1600.00 +/- 0.00
20-04-24 15:47[icct.rl_helpers.eval_callback]INFO | (Eval ) num_timesteps=42000, Reward=-114.20 +/- 0.65, EpLength: 1600.00 +/- 0.00
20-04-24 15:49[icct.rl_helpers.eval_callback]INFO | (Eval ) num_timesteps=43500, Reward=-123.10 +/- 0.11, EpLength: 49.00 +/- 0.00
20-04-24 15:50[icct.rl_helpers.eval_callback]INFO | (Eval ) num_timesteps=45000, Reward=-25.41 +/- 0.11, EpLength: 1600.00 +/- 0.00
20-04-24 15:50[icct.rl_helpers.eval_callback]INFO | (Train) Episode: 60, Avg Reward: -105.24396410872333, Best: -92.63044177020515
20-04-24 15:51[icct.rl_helpers.eval_callback]INFO | (Eval ) num_timesteps=46500, Reward=-71.13 +/- 22.14, EpLength: 1600.00 +/- 0.00
20-04-24 15:52[icct.rl_helpers.eval_callback]INFO | (Eval ) num_timesteps=48000, Reward=-57.54 +/- 0.57, EpLength: 1600.00 +/- 0.00
20-04-24 15:53[icct.rl_helpers.eval_callback]INFO | (Eval ) num_timesteps=49500, Reward=-61.54 +/- 0.16, EpLength: 1600.00 +/- 0.00
20-04-24 15:54[icct.rl_helpers.eval_callback]INFO | (Eval ) num_timesteps=51000, Reward=-45.88 +/- 0.10, EpLength: 1600.00 +/- 0.00
20-04-24 15:56[icct.rl_helpers.eval_callback]INFO | (Eval ) num_timesteps=52500, Reward=-45.90 +/- 2.05, EpLength: 1600.00 +/- 0.00
20-04-24 15:57[icct.rl_helpers.eval_callback]INFO | (Eval ) num_timesteps=54000, Reward=-27.96 +/- 0.18, EpLength: 1600.00 +/- 0.00
20-04-24 15:57[icct.rl_helpers.eval_callback]INFO | (Train) Episode: 70, Avg Reward: -102.40706288836029, Best: -92.63044177020515
20-04-24 15:58[icct.rl_helpers.eval_callback]INFO | (Eval ) num_timesteps=55500, Reward=-35.75 +/- 0.02, EpLength: 1600.00 +/- 0.00
20-04-24 16:00[icct.rl_helpers.eval_callback]INFO | (Eval ) num_timesteps=57000, Reward=-34.81 +/- 0.62, EpLength: 1600.00 +/- 0.00
20-04-24 16:01[icct.rl_helpers.eval_callback]INFO | (Eval ) num_timesteps=58500, Reward=-79.64 +/- 44.40, EpLength: 1600.00 +/- 0.00
20-04-24 16:02[icct.rl_helpers.eval_callback]INFO | (Eval ) num_timesteps=60000, Reward=-33.05 +/- 2.12, EpLength: 1600.00 +/- 0.00
20-04-24 16:04[icct.rl_helpers.eval_callback]INFO | (Eval ) num_timesteps=61500, Reward=-40.97 +/- 2.06, EpLength: 1600.00 +/- 0.00
20-04-24 16:05[icct.rl_helpers.eval_callback]INFO | (Eval ) num_timesteps=63000, Reward=-45.21 +/- 7.56, EpLength: 1600.00 +/- 0.00
20-04-24 16:06[icct.rl_helpers.eval_callback]INFO | (Eval ) num_timesteps=64500, Reward=-45.08 +/- 5.51, EpLength: 1600.00 +/- 0.00
20-04-24 16:08[icct.rl_helpers.eval_callback]INFO | (Eval ) num_timesteps=66000, Reward=-49.40 +/- 2.01, EpLength: 1600.00 +/- 0.00
20-04-24 16:09[icct.rl_helpers.eval_callback]INFO | (Eval ) num_timesteps=67500, Reward=-34.58 +/- 0.27, EpLength: 1600.00 +/- 0.00
20-04-24 16:10[icct.rl_helpers.eval_callback]INFO | (Train) Episode: 80, Avg Reward: -95.97279983647631, Best: -92.63044177020515
20-04-24 16:10[icct.rl_helpers.eval_callback]INFO | (Eval ) num_timesteps=69000, Reward=-36.52 +/- 0.09, EpLength: 1600.00 +/- 0.00
20-04-24 16:11[icct.rl_helpers.eval_callback]INFO | (Eval ) num_timesteps=70500, Reward=-35.85 +/- 6.09, EpLength: 1600.00 +/- 0.00
20-04-24 16:13[icct.rl_helpers.eval_callback]INFO | (Eval ) num_timesteps=72000, Reward=-27.07 +/- 0.13, EpLength: 1600.00 +/- 0.00
20-04-24 16:14[icct.rl_helpers.eval_callback]INFO | (Eval ) num_timesteps=73500, Reward=-45.55 +/- 2.43, EpLength: 1600.00 +/- 0.00
20-04-24 16:15[icct.rl_helpers.eval_callback]INFO | (Eval ) num_timesteps=75000, Reward=-35.29 +/- 5.58, EpLength: 1600.00 +/- 0.00
20-04-24 16:17[icct.rl_helpers.eval_callback]INFO | (Eval ) num_timesteps=76500, Reward=-34.75 +/- 0.41, EpLength: 1600.00 +/- 0.00
20-04-24 16:18[icct.rl_helpers.eval_callback]INFO | (Eval ) num_timesteps=78000, Reward=-31.27 +/- 3.50, EpLength: 1600.00 +/- 0.00
20-04-24 16:19[icct.rl_helpers.eval_callback]INFO | (Eval ) num_timesteps=79500, Reward=-35.53 +/- 6.43, EpLength: 1600.00 +/- 0.00
20-04-24 16:20[icct.rl_helpers.eval_callback]INFO | (Eval ) num_timesteps=81000, Reward=-44.96 +/- 0.67, EpLength: 1600.00 +/- 0.00
20-04-24 16:20[icct.rl_helpers.eval_callback]INFO | (Train) Episode: 90, Avg Reward: -91.17299678200004, Best: -90.72639039253866
20-04-24 16:21[icct.rl_helpers.eval_callback]INFO | (Eval ) num_timesteps=82500, Reward=-105.15 +/- 0.21, EpLength: 63.20 +/- 0.75
20-04-24 16:22[icct.rl_helpers.eval_callback]INFO | (Eval ) num_timesteps=84000, Reward=-39.10 +/- 3.97, EpLength: 1600.00 +/- 0.00
20-04-24 16:23[icct.rl_helpers.eval_callback]INFO | (Eval ) num_timesteps=85500, Reward=-36.95 +/- 0.50, EpLength: 1600.00 +/- 0.00
20-04-24 16:24[icct.rl_helpers.eval_callback]INFO | (Eval ) num_timesteps=87000, Reward=-32.10 +/- 5.87, EpLength: 1600.00 +/- 0.00
20-04-24 16:26[icct.rl_helpers.eval_callback]INFO | (Eval ) num_timesteps=88500, Reward=-29.82 +/- 0.58, EpLength: 1600.00 +/- 0.00
20-04-24 16:27[icct.rl_helpers.eval_callback]INFO | (Train) Episode: 100, Avg Reward: -89.03990915232337, Best: -89.03990915232337
20-04-24 16:27[icct.rl_helpers.eval_callback]INFO | (Eval ) num_timesteps=90000, Reward=-56.21 +/- 6.68, EpLength: 1600.00 +/- 0.00
20-04-24 16:28[icct.rl_helpers.eval_callback]INFO | (Eval ) num_timesteps=91500, Reward=-37.12 +/- 0.66, EpLength: 1600.00 +/- 0.00
20-04-24 16:29[icct.rl_helpers.eval_callback]INFO | (Eval ) num_timesteps=93000, Reward=-19.78 +/- 0.28, EpLength: 1600.00 +/- 0.00
20-04-24 16:29[icct.rl_helpers.eval_callback]INFO | (Save ) Storing Best Model: New best mean reward!
20-04-24 16:31[icct.rl_helpers.eval_callback]INFO | (Eval ) num_timesteps=94500, Reward=-36.01 +/- 0.05, EpLength: 1600.00 +/- 0.00
20-04-24 16:32[icct.rl_helpers.eval_callback]INFO | (Eval ) num_timesteps=96000, Reward=-102.89 +/- 1.69, EpLength: 82.40 +/- 3.20
20-04-24 16:34[icct.rl_helpers.eval_callback]INFO | (Eval ) num_timesteps=97500, Reward=-108.72 +/- 1.73, EpLength: 1600.00 +/- 0.00
20-04-24 16:35[icct.rl_helpers.eval_callback]INFO | (Eval ) num_timesteps=99000, Reward=-54.84 +/- 1.86, EpLength: 1600.00 +/- 0.00
20-04-24 16:37[icct.rl_helpers.eval_callback]INFO | (Eval ) num_timesteps=100500, Reward=-21.26 +/- 0.23, EpLength: 1600.00 +/- 0.00
20-04-24 16:37[icct.rl_helpers.eval_callback]INFO | (Train) Episode: 110, Avg Reward: -85.56897616791132, Best: -85.56897616791132
20-04-24 16:38[icct.rl_helpers.eval_callback]INFO | (Eval ) num_timesteps=102000, Reward=-31.54 +/- 0.01, EpLength: 1600.00 +/- 0.00
20-04-24 16:40[icct.rl_helpers.eval_callback]INFO | (Eval ) num_timesteps=103500, Reward=-102.52 +/- 1.24, EpLength: 93.20 +/- 4.58
20-04-24 16:41[icct.rl_helpers.eval_callback]INFO | (Eval ) num_timesteps=105000, Reward=-84.03 +/- 46.86, EpLength: 689.60 +/- 743.38
20-04-24 16:43[icct.rl_helpers.eval_callback]INFO | (Eval ) num_timesteps=106500, Reward=-35.20 +/- 1.38, EpLength: 1600.00 +/- 0.00
20-04-24 16:44[icct.rl_helpers.eval_callback]INFO | (Eval ) num_timesteps=108000, Reward=-74.43 +/- 0.01, EpLength: 1600.00 +/- 0.00
20-04-24 16:44[icct.rl_helpers.eval_callback]INFO | (Train) Episode: 120, Avg Reward: -83.41310046750165, Best: -83.41310046750165
20-04-24 16:46[icct.rl_helpers.eval_callback]INFO | (Eval ) num_timesteps=109500, Reward=-30.99 +/- 0.02, EpLength: 1600.00 +/- 0.00
20-04-24 16:48[icct.rl_helpers.eval_callback]INFO | (Eval ) num_timesteps=111000, Reward=-30.11 +/- 0.14, EpLength: 1600.00 +/- 0.00
20-04-24 16:49[icct.rl_helpers.eval_callback]INFO | (Eval ) num_timesteps=112500, Reward=-26.93 +/- 5.81, EpLength: 1600.00 +/- 0.00
20-04-24 16:51[icct.rl_helpers.eval_callback]INFO | (Eval ) num_timesteps=114000, Reward=-25.28 +/- 1.94, EpLength: 1600.00 +/- 0.00
20-04-24 16:53[icct.rl_helpers.eval_callback]INFO | (Eval ) num_timesteps=115500, Reward=-33.87 +/- 2.14, EpLength: 1600.00 +/- 0.00
20-04-24 16:54[icct.rl_helpers.eval_callback]INFO | (Eval ) num_timesteps=117000, Reward=-111.87 +/- 1.17, EpLength: 62.40 +/- 4.03
20-04-24 16:55[icct.rl_helpers.eval_callback]INFO | (Eval ) num_timesteps=118500, Reward=-22.83 +/- 0.79, EpLength: 1600.00 +/- 0.00
20-04-24 16:57[icct.rl_helpers.eval_callback]INFO | (Eval ) num_timesteps=120000, Reward=-25.02 +/- 0.71, EpLength: 1600.00 +/- 0.00
20-04-24 16:58[icct.rl_helpers.eval_callback]INFO | (Eval ) num_timesteps=121500, Reward=-20.77 +/- 0.74, EpLength: 1600.00 +/- 0.00
20-04-24 17:00[icct.rl_helpers.eval_callback]INFO | (Eval ) num_timesteps=123000, Reward=-3.53 +/- 1.14, EpLength: 1600.00 +/- 0.00
20-04-24 17:00[icct.rl_helpers.eval_callback]INFO | (Save ) Storing Best Model: New best mean reward!
20-04-24 17:01[icct.rl_helpers.eval_callback]INFO | (Train) Episode: 130, Avg Reward: -75.59068032047173, Best: -75.59068032047173
20-04-24 17:01[icct.rl_helpers.eval_callback]INFO | (Eval ) num_timesteps=124500, Reward=-11.44 +/- 4.75, EpLength: 1600.00 +/- 0.00
20-04-24 17:02[icct.rl_helpers.eval_callback]INFO | (Eval ) num_timesteps=126000, Reward=-38.60 +/- 13.24, EpLength: 1600.00 +/- 0.00
20-04-24 17:04[icct.rl_helpers.eval_callback]INFO | (Eval ) num_timesteps=127500, Reward=-13.78 +/- 0.89, EpLength: 1600.00 +/- 0.00
20-04-24 17:05[icct.rl_helpers.eval_callback]INFO | (Eval ) num_timesteps=129000, Reward=-15.82 +/- 0.34, EpLength: 1600.00 +/- 0.00
20-04-24 17:07[icct.rl_helpers.eval_callback]INFO | (Eval ) num_timesteps=130500, Reward=-13.34 +/- 0.06, EpLength: 1600.00 +/- 0.00
20-04-24 17:08[icct.rl_helpers.eval_callback]INFO | (Eval ) num_timesteps=132000, Reward=-13.55 +/- 0.23, EpLength: 1600.00 +/- 0.00
20-04-24 17:10[icct.rl_helpers.eval_callback]INFO | (Eval ) num_timesteps=133500, Reward=-15.26 +/- 1.10, EpLength: 1600.00 +/- 0.00
20-04-24 17:12[icct.rl_helpers.eval_callback]INFO | (Eval ) num_timesteps=135000, Reward=-14.93 +/- 0.84, EpLength: 1600.00 +/- 0.00
20-04-24 17:13[icct.rl_helpers.eval_callback]INFO | (Eval ) num_timesteps=136500, Reward=-15.14 +/- 0.07, EpLength: 1600.00 +/- 0.00
20-04-24 17:14[icct.rl_helpers.eval_callback]INFO | (Eval ) num_timesteps=138000, Reward=-30.09 +/- 13.17, EpLength: 1600.00 +/- 0.00
20-04-24 17:16[icct.rl_helpers.eval_callback]INFO | (Eval ) num_timesteps=139500, Reward=-20.81 +/- 3.56, EpLength: 1600.00 +/- 0.00
20-04-24 17:17[icct.rl_helpers.eval_callback]INFO | (Train) Episode: 140, Avg Reward: -65.97843041060311, Best: -65.97843041060311
20-04-24 17:18[icct.rl_helpers.eval_callback]INFO | (Eval ) num_timesteps=141000, Reward=-12.60 +/- 0.39, EpLength: 1600.00 +/- 0.00
20-04-24 17:19[icct.rl_helpers.eval_callback]INFO | (Eval ) num_timesteps=142500, Reward=-12.51 +/- 1.82, EpLength: 1600.00 +/- 0.00
20-04-24 17:21[icct.rl_helpers.eval_callback]INFO | (Eval ) num_timesteps=144000, Reward=-25.38 +/- 5.26, EpLength: 1600.00 +/- 0.00
20-04-24 17:22[icct.rl_helpers.eval_callback]INFO | (Eval ) num_timesteps=145500, Reward=-17.46 +/- 6.22, EpLength: 1600.00 +/- 0.00
20-04-24 17:23[icct.rl_helpers.eval_callback]INFO | (Eval ) num_timesteps=147000, Reward=-23.58 +/- 0.37, EpLength: 1600.00 +/- 0.00
20-04-24 17:25[icct.rl_helpers.eval_callback]INFO | (Eval ) num_timesteps=148500, Reward=-43.97 +/- 23.16, EpLength: 1600.00 +/- 0.00
20-04-24 17:26[icct.rl_helpers.eval_callback]INFO | (Eval ) num_timesteps=150000, Reward=-0.99 +/- 0.19, EpLength: 1600.00 +/- 0.00
20-04-24 17:26[icct.rl_helpers.eval_callback]INFO | (Save ) Storing Best Model: New best mean reward!
20-04-24 17:28[icct.rl_helpers.eval_callback]INFO | (Eval ) num_timesteps=151500, Reward=-24.14 +/- 5.07, EpLength: 1600.00 +/- 0.00
20-04-24 17:29[icct.rl_helpers.eval_callback]INFO | (Eval ) num_timesteps=153000, Reward=-35.30 +/- 13.87, EpLength: 1600.00 +/- 0.00
20-04-24 17:31[icct.rl_helpers.eval_callback]INFO | (Eval ) num_timesteps=154500, Reward=-36.56 +/- 12.32, EpLength: 1600.00 +/- 0.00
20-04-24 17:32[icct.rl_helpers.eval_callback]INFO | (Eval ) num_timesteps=156000, Reward=-13.08 +/- 0.20, EpLength: 1600.00 +/- 0.00
20-04-24 17:32[icct.rl_helpers.eval_callback]INFO | (Train) Episode: 150, Avg Reward: -57.98962869543821, Best: -57.98962869543821
20-04-24 17:34[icct.rl_helpers.eval_callback]INFO | (Eval ) num_timesteps=157500, Reward=-47.64 +/- 0.27, EpLength: 1600.00 +/- 0.00
20-04-24 17:35[icct.rl_helpers.eval_callback]INFO | (Eval ) num_timesteps=159000, Reward=-10.63 +/- 0.52, EpLength: 1600.00 +/- 0.00
20-04-24 17:37[icct.rl_helpers.eval_callback]INFO | (Eval ) num_timesteps=160500, Reward=-48.89 +/- 22.54, EpLength: 1600.00 +/- 0.00
20-04-24 17:38[icct.rl_helpers.eval_callback]INFO | (Eval ) num_timesteps=162000, Reward=-116.37 +/- 0.35, EpLength: 129.60 +/- 1.96
20-04-24 17:39[icct.rl_helpers.eval_callback]INFO | (Eval ) num_timesteps=163500, Reward=-123.45 +/- 0.52, EpLength: 116.40 +/- 1.96
20-04-24 17:41[icct.rl_helpers.eval_callback]INFO | (Eval ) num_timesteps=165000, Reward=-116.05 +/- 0.05, EpLength: 52.00 +/- 0.00
20-04-24 17:42[icct.rl_helpers.eval_callback]INFO | (Eval ) num_timesteps=166500, Reward=-14.30 +/- 0.74, EpLength: 1600.00 +/- 0.00
20-04-24 17:44[icct.rl_helpers.eval_callback]INFO | (Eval ) num_timesteps=168000, Reward=-14.56 +/- 0.24, EpLength: 1600.00 +/- 0.00
20-04-24 17:45[icct.rl_helpers.eval_callback]INFO | (Train) Episode: 160, Avg Reward: -52.841362448428235, Best: -52.841362448428235
20-04-24 17:45[icct.rl_helpers.eval_callback]INFO | (Eval ) num_timesteps=169500, Reward=-111.28 +/- 0.04, EpLength: 50.00 +/- 0.00
20-04-24 17:46[icct.rl_helpers.eval_callback]INFO | (Eval ) num_timesteps=171000, Reward=-10.61 +/- 1.23, EpLength: 1600.00 +/- 0.00
20-04-24 17:48[icct.rl_helpers.eval_callback]INFO | (Eval ) num_timesteps=172500, Reward=-26.50 +/- 6.34, EpLength: 1600.00 +/- 0.00
20-04-24 17:49[icct.rl_helpers.eval_callback]INFO | (Eval ) num_timesteps=174000, Reward=-20.29 +/- 0.32, EpLength: 1600.00 +/- 0.00
20-04-24 17:51[icct.rl_helpers.eval_callback]INFO | (Eval ) num_timesteps=175500, Reward=-25.51 +/- 3.14, EpLength: 1600.00 +/- 0.00
20-04-24 17:52[icct.rl_helpers.eval_callback]INFO | (Eval ) num_timesteps=177000, Reward=-18.33 +/- 0.08, EpLength: 1600.00 +/- 0.00
20-04-24 17:54[icct.rl_helpers.eval_callback]INFO | (Eval ) num_timesteps=178500, Reward=-14.64 +/- 1.37, EpLength: 1600.00 +/- 0.00
20-04-24 17:55[icct.rl_helpers.eval_callback]INFO | (Eval ) num_timesteps=180000, Reward=-12.79 +/- 0.05, EpLength: 1600.00 +/- 0.00
20-04-24 17:57[icct.rl_helpers.eval_callback]INFO | (Eval ) num_timesteps=181500, Reward=-13.84 +/- 0.11, EpLength: 1600.00 +/- 0.00
20-04-24 17:58[icct.rl_helpers.eval_callback]INFO | (Eval ) num_timesteps=183000, Reward=-14.31 +/- 0.01, EpLength: 1600.00 +/- 0.00
20-04-24 17:59[icct.rl_helpers.eval_callback]INFO | (Train) Episode: 170, Avg Reward: -47.86876180392138, Best: -47.86876180392138
20-04-24 18:00[icct.rl_helpers.eval_callback]INFO | (Eval ) num_timesteps=184500, Reward=-17.51 +/- 0.08, EpLength: 1600.00 +/- 0.00
20-04-24 18:01[icct.rl_helpers.eval_callback]INFO | (Eval ) num_timesteps=186000, Reward=-12.31 +/- 0.10, EpLength: 1600.00 +/- 0.00
20-04-24 18:03[icct.rl_helpers.eval_callback]INFO | (Eval ) num_timesteps=187500, Reward=-14.08 +/- 0.01, EpLength: 1600.00 +/- 0.00
20-04-24 18:04[icct.rl_helpers.eval_callback]INFO | (Eval ) num_timesteps=189000, Reward=-18.33 +/- 10.81, EpLength: 1600.00 +/- 0.00
20-04-24 18:06[icct.rl_helpers.eval_callback]INFO | (Eval ) num_timesteps=190500, Reward=-22.56 +/- 0.19, EpLength: 1600.00 +/- 0.00
20-04-24 18:08[icct.rl_helpers.eval_callback]INFO | (Eval ) num_timesteps=192000, Reward=-16.93 +/- 6.70, EpLength: 1600.00 +/- 0.00
20-04-24 18:09[icct.rl_helpers.eval_callback]INFO | (Eval ) num_timesteps=193500, Reward=-1.04 +/- 0.50, EpLength: 1600.00 +/- 0.00
20-04-24 18:11[icct.rl_helpers.eval_callback]INFO | (Eval ) num_timesteps=195000, Reward=-11.93 +/- 0.62, EpLength: 1600.00 +/- 0.00
20-04-24 18:12[icct.rl_helpers.eval_callback]INFO | (Eval ) num_timesteps=196500, Reward=-20.60 +/- 0.03, EpLength: 1600.00 +/- 0.00
20-04-24 18:14[icct.rl_helpers.eval_callback]INFO | (Eval ) num_timesteps=198000, Reward=-12.91 +/- 0.03, EpLength: 1600.00 +/- 0.00
20-04-24 18:15[icct.rl_helpers.eval_callback]INFO | (Eval ) num_timesteps=199500, Reward=-17.98 +/- 0.04, EpLength: 1600.00 +/- 0.00
20-04-24 18:15[icct.rl_helpers.eval_callback]INFO | (Train) Episode: 180, Avg Reward: -44.71379195266616, Best: -44.71379195266616
20-04-24 18:17[icct.rl_helpers.eval_callback]INFO | (Eval ) num_timesteps=201000, Reward=-12.81 +/- 5.76, EpLength: 1600.00 +/- 0.00
20-04-24 18:18[icct.rl_helpers.eval_callback]INFO | (Eval ) num_timesteps=202500, Reward=-6.37 +/- 0.05, EpLength: 1600.00 +/- 0.00
20-04-24 18:19[icct.rl_helpers.eval_callback]INFO | (Eval ) num_timesteps=204000, Reward=-8.47 +/- 0.22, EpLength: 1600.00 +/- 0.00
20-04-24 18:21[icct.rl_helpers.eval_callback]INFO | (Eval ) num_timesteps=205500, Reward=-15.25 +/- 6.27, EpLength: 1600.00 +/- 0.00
20-04-24 18:22[icct.rl_helpers.eval_callback]INFO | (Eval ) num_timesteps=207000, Reward=-26.26 +/- 0.04, EpLength: 1600.00 +/- 0.00
20-04-24 18:24[icct.rl_helpers.eval_callback]INFO | (Eval ) num_timesteps=208500, Reward=-7.64 +/- 0.04, EpLength: 1600.00 +/- 0.00
20-04-24 18:25[icct.rl_helpers.eval_callback]INFO | (Eval ) num_timesteps=210000, Reward=-21.43 +/- 9.15, EpLength: 1600.00 +/- 0.00
20-04-24 18:27[icct.rl_helpers.eval_callback]INFO | (Eval ) num_timesteps=211500, Reward=-12.05 +/- 5.45, EpLength: 1600.00 +/- 0.00
20-04-24 18:28[icct.rl_helpers.eval_callback]INFO | (Eval ) num_timesteps=213000, Reward=-18.58 +/- 5.60, EpLength: 1600.00 +/- 0.00
20-04-24 18:29[icct.rl_helpers.eval_callback]INFO | (Train) Episode: 190, Avg Reward: -42.26278899438308, Best: -42.26278899438308
20-04-24 18:29[icct.rl_helpers.eval_callback]INFO | (Eval ) num_timesteps=214500, Reward=-100.28 +/- 0.77, EpLength: 67.60 +/- 3.20
20-04-24 18:31[icct.rl_helpers.eval_callback]INFO | (Eval ) num_timesteps=216000, Reward=-12.69 +/- 0.28, EpLength: 1600.00 +/- 0.00
20-04-24 18:32[icct.rl_helpers.eval_callback]INFO | (Eval ) num_timesteps=217500, Reward=-7.69 +/- 0.14, EpLength: 1600.00 +/- 0.00
20-04-24 18:34[icct.rl_helpers.eval_callback]INFO | (Eval ) num_timesteps=219000, Reward=-5.58 +/- 0.25, EpLength: 1600.00 +/- 0.00
20-04-24 18:35[icct.rl_helpers.eval_callback]INFO | (Eval ) num_timesteps=220500, Reward=-7.14 +/- 0.07, EpLength: 1600.00 +/- 0.00
20-04-24 18:36[icct.rl_helpers.eval_callback]INFO | (Eval ) num_timesteps=222000, Reward=-14.26 +/- 0.08, EpLength: 1600.00 +/- 0.00
20-04-24 18:38[icct.rl_helpers.eval_callback]INFO | (Eval ) num_timesteps=223500, Reward=-17.70 +/- 0.33, EpLength: 1600.00 +/- 0.00
20-04-24 18:39[icct.rl_helpers.eval_callback]INFO | (Eval ) num_timesteps=225000, Reward=-63.13 +/- 5.59, EpLength: 1600.00 +/- 0.00
20-04-24 18:41[icct.rl_helpers.eval_callback]INFO | (Eval ) num_timesteps=226500, Reward=-17.22 +/- 13.15, EpLength: 1600.00 +/- 0.00
20-04-24 18:42[icct.rl_helpers.eval_callback]INFO | (Eval ) num_timesteps=228000, Reward=-10.80 +/- 0.10, EpLength: 1600.00 +/- 0.00
20-04-24 18:43[icct.rl_helpers.eval_callback]INFO | (Eval ) num_timesteps=229500, Reward=-38.67 +/- 0.58, EpLength: 1600.00 +/- 0.00
20-04-24 18:44[icct.rl_helpers.eval_callback]INFO | (Train) Episode: 200, Avg Reward: -37.07564374529668, Best: -37.07564374529668
20-04-24 18:45[icct.rl_helpers.eval_callback]INFO | (Eval ) num_timesteps=231000, Reward=-19.12 +/- 0.77, EpLength: 1600.00 +/- 0.00
20-04-24 18:46[icct.rl_helpers.eval_callback]INFO | (Eval ) num_timesteps=232500, Reward=-18.33 +/- 0.20, EpLength: 1600.00 +/- 0.00
20-04-24 18:48[icct.rl_helpers.eval_callback]INFO | (Eval ) num_timesteps=234000, Reward=-16.13 +/- 0.40, EpLength: 1600.00 +/- 0.00
20-04-24 18:49[icct.rl_helpers.eval_callback]INFO | (Eval ) num_timesteps=235500, Reward=-13.81 +/- 0.21, EpLength: 1600.00 +/- 0.00
20-04-24 18:50[icct.rl_helpers.eval_callback]INFO | (Eval ) num_timesteps=237000, Reward=-26.12 +/- 10.97, EpLength: 1600.00 +/- 0.00
20-04-24 18:52[icct.rl_helpers.eval_callback]INFO | (Eval ) num_timesteps=238500, Reward=-30.71 +/- 8.73, EpLength: 1600.00 +/- 0.00
20-04-24 18:53[icct.rl_helpers.eval_callback]INFO | (Eval ) num_timesteps=240000, Reward=-20.44 +/- 0.15, EpLength: 1600.00 +/- 0.00
20-04-24 18:54[icct.rl_helpers.eval_callback]INFO | (Eval ) num_timesteps=241500, Reward=-15.52 +/- 2.44, EpLength: 1600.00 +/- 0.00
20-04-24 18:56[icct.rl_helpers.eval_callback]INFO | (Eval ) num_timesteps=243000, Reward=-5.03 +/- 0.68, EpLength: 1600.00 +/- 0.00
20-04-24 18:57[icct.rl_helpers.eval_callback]INFO | (Eval ) num_timesteps=244500, Reward=-11.52 +/- 0.57, EpLength: 1600.00 +/- 0.00
20-04-24 18:59[icct.rl_helpers.eval_callback]INFO | (Eval ) num_timesteps=246000, Reward=-80.76 +/- 7.26, EpLength: 1600.00 +/- 0.00
20-04-24 18:59[icct.rl_helpers.eval_callback]INFO | (Train) Episode: 210, Avg Reward: -33.07014808530272, Best: -33.07014808530272
20-04-24 19:00[icct.rl_helpers.eval_callback]INFO | (Eval ) num_timesteps=247500, Reward=-10.45 +/- 1.55, EpLength: 1600.00 +/- 0.00
20-04-24 19:02[icct.rl_helpers.eval_callback]INFO | (Eval ) num_timesteps=249000, Reward=-14.58 +/- 7.71, EpLength: 1600.00 +/- 0.00
20-04-24 19:03[icct.rl_helpers.eval_callback]INFO | (Eval ) num_timesteps=250500, Reward=-11.66 +/- 0.07, EpLength: 1600.00 +/- 0.00
20-04-24 19:04[icct.rl_helpers.eval_callback]INFO | (Eval ) num_timesteps=252000, Reward=-17.90 +/- 1.91, EpLength: 1600.00 +/- 0.00
20-04-24 19:06[icct.rl_helpers.eval_callback]INFO | (Eval ) num_timesteps=253500, Reward=-7.16 +/- 0.06, EpLength: 1600.00 +/- 0.00
20-04-24 19:07[icct.rl_helpers.eval_callback]INFO | (Eval ) num_timesteps=255000, Reward=-19.71 +/- 0.12, EpLength: 1600.00 +/- 0.00
20-04-24 19:09[icct.rl_helpers.eval_callback]INFO | (Eval ) num_timesteps=256500, Reward=-11.40 +/- 5.20, EpLength: 1600.00 +/- 0.00
20-04-24 19:10[icct.rl_helpers.eval_callback]INFO | (Eval ) num_timesteps=258000, Reward=-46.85 +/- 3.87, EpLength: 1600.00 +/- 0.00
20-04-24 19:12[icct.rl_helpers.eval_callback]INFO | (Eval ) num_timesteps=259500, Reward=-18.56 +/- 0.91, EpLength: 1600.00 +/- 0.00
20-04-24 19:13[icct.rl_helpers.eval_callback]INFO | (Eval ) num_timesteps=261000, Reward=-86.48 +/- 2.08, EpLength: 1600.00 +/- 0.00
20-04-24 19:14[icct.rl_helpers.eval_callback]INFO | (Train) Episode: 220, Avg Reward: -28.020192385933683, Best: -27.963742724740136
20-04-24 19:14[icct.rl_helpers.eval_callback]INFO | (Eval ) num_timesteps=262500, Reward=-8.99 +/- 0.13, EpLength: 1600.00 +/- 0.00
20-04-24 19:16[icct.rl_helpers.eval_callback]INFO | (Eval ) num_timesteps=264000, Reward=-13.07 +/- 1.42, EpLength: 1600.00 +/- 0.00
20-04-24 19:17[icct.rl_helpers.eval_callback]INFO | (Eval ) num_timesteps=265500, Reward=-21.57 +/- 11.76, EpLength: 1600.00 +/- 0.00
20-04-24 19:18[icct.rl_helpers.eval_callback]INFO | (Eval ) num_timesteps=267000, Reward=-19.23 +/- 6.09, EpLength: 1600.00 +/- 0.00
20-04-24 19:20[icct.rl_helpers.eval_callback]INFO | (Eval ) num_timesteps=268500, Reward=-13.88 +/- 0.71, EpLength: 1600.00 +/- 0.00
20-04-24 19:21[icct.rl_helpers.eval_callback]INFO | (Eval ) num_timesteps=270000, Reward=-12.09 +/- 1.99, EpLength: 1600.00 +/- 0.00
20-04-24 19:23[icct.rl_helpers.eval_callback]INFO | (Eval ) num_timesteps=271500, Reward=-11.24 +/- 0.21, EpLength: 1600.00 +/- 0.00
20-04-24 19:24[icct.rl_helpers.eval_callback]INFO | (Eval ) num_timesteps=273000, Reward=-10.76 +/- 0.10, EpLength: 1600.00 +/- 0.00
20-04-24 19:26[icct.rl_helpers.eval_callback]INFO | (Eval ) num_timesteps=274500, Reward=-6.31 +/- 3.13, EpLength: 1600.00 +/- 0.00
20-04-24 19:27[icct.rl_helpers.eval_callback]INFO | (Eval ) num_timesteps=276000, Reward=-9.89 +/- 0.36, EpLength: 1600.00 +/- 0.00
20-04-24 19:29[icct.rl_helpers.eval_callback]INFO | (Eval ) num_timesteps=277500, Reward=-10.14 +/- 0.92, EpLength: 1600.00 +/- 0.00
20-04-24 19:29[icct.rl_helpers.eval_callback]INFO | (Train) Episode: 230, Avg Reward: -26.99706745429177, Best: -26.99706745429177
20-04-24 19:30[icct.rl_helpers.eval_callback]INFO | (Eval ) num_timesteps=279000, Reward=-12.27 +/- 1.18, EpLength: 1600.00 +/- 0.00
20-04-24 19:31[icct.rl_helpers.eval_callback]INFO | (Eval ) num_timesteps=280500, Reward=-25.82 +/- 0.10, EpLength: 1600.00 +/- 0.00
20-04-24 19:33[icct.rl_helpers.eval_callback]INFO | (Eval ) num_timesteps=282000, Reward=-22.79 +/- 3.90, EpLength: 1600.00 +/- 0.00
20-04-24 19:34[icct.rl_helpers.eval_callback]INFO | (Eval ) num_timesteps=283500, Reward=-8.15 +/- 0.38, EpLength: 1600.00 +/- 0.00
20-04-24 19:35[icct.rl_helpers.eval_callback]INFO | (Eval ) num_timesteps=285000, Reward=-21.16 +/- 0.07, EpLength: 1600.00 +/- 0.00
20-04-24 19:36[icct.rl_helpers.eval_callback]INFO | (Eval ) num_timesteps=286500, Reward=-25.73 +/- 0.22, EpLength: 1600.00 +/- 0.00
20-04-24 19:37[icct.rl_helpers.eval_callback]INFO | (Eval ) num_timesteps=288000, Reward=-18.27 +/- 4.49, EpLength: 1600.00 +/- 0.00
20-04-24 19:39[icct.rl_helpers.eval_callback]INFO | (Eval ) num_timesteps=289500, Reward=-11.97 +/- 0.15, EpLength: 1600.00 +/- 0.00
20-04-24 19:40[icct.rl_helpers.eval_callback]INFO | (Eval ) num_timesteps=291000, Reward=-17.05 +/- 0.40, EpLength: 1600.00 +/- 0.00
20-04-24 19:41[icct.rl_helpers.eval_callback]INFO | (Eval ) num_timesteps=292500, Reward=-16.69 +/- 0.26, EpLength: 1600.00 +/- 0.00
20-04-24 19:42[icct.rl_helpers.eval_callback]INFO | (Eval ) num_timesteps=294000, Reward=-6.17 +/- 0.28, EpLength: 1600.00 +/- 0.00
20-04-24 19:42[icct.rl_helpers.eval_callback]INFO | (Train) Episode: 240, Avg Reward: -26.81035580515499, Best: -26.81035580515499
20-04-24 19:43[icct.rl_helpers.eval_callback]INFO | (Eval ) num_timesteps=295500, Reward=-9.87 +/- 0.01, EpLength: 1600.00 +/- 0.00
20-04-24 19:44[icct.rl_helpers.eval_callback]INFO | (Eval ) num_timesteps=297000, Reward=-7.58 +/- 0.03, EpLength: 1600.00 +/- 0.00
20-04-24 19:45[icct.rl_helpers.eval_callback]INFO | (Eval ) num_timesteps=298500, Reward=-12.95 +/- 0.03, EpLength: 1600.00 +/- 0.00
20-04-24 19:47[icct.rl_helpers.eval_callback]INFO | (Eval ) num_timesteps=300000, Reward=-31.06 +/- 0.01, EpLength: 1600.00 +/- 0.00
20-04-24 19:48[icct.rl_helpers.eval_callback]INFO | (Eval ) num_timesteps=301500, Reward=-14.53 +/- 1.16, EpLength: 1600.00 +/- 0.00
20-04-24 19:49[icct.rl_helpers.eval_callback]INFO | (Eval ) num_timesteps=303000, Reward=-10.95 +/- 0.02, EpLength: 1600.00 +/- 0.00
20-04-24 19:50[icct.rl_helpers.eval_callback]INFO | (Eval ) num_timesteps=304500, Reward=-14.10 +/- 0.00, EpLength: 1600.00 +/- 0.00
20-04-24 19:51[icct.rl_helpers.eval_callback]INFO | (Eval ) num_timesteps=306000, Reward=-26.96 +/- 0.01, EpLength: 1600.00 +/- 0.00
20-04-24 19:53[icct.rl_helpers.eval_callback]INFO | (Eval ) num_timesteps=307500, Reward=-22.49 +/- 0.11, EpLength: 1600.00 +/- 0.00
20-04-24 19:54[icct.rl_helpers.eval_callback]INFO | (Eval ) num_timesteps=309000, Reward=-5.28 +/- 0.03, EpLength: 1600.00 +/- 0.00
20-04-24 19:55[icct.rl_helpers.eval_callback]INFO | (Train) Episode: 250, Avg Reward: -25.754885944736625, Best: -25.754885944736625
20-04-24 19:55[icct.rl_helpers.eval_callback]INFO | (Eval ) num_timesteps=310500, Reward=-9.05 +/- 0.14, EpLength: 1600.00 +/- 0.00
20-04-24 19:57[icct.rl_helpers.eval_callback]INFO | (Eval ) num_timesteps=312000, Reward=-12.61 +/- 0.02, EpLength: 1600.00 +/- 0.00
20-04-24 19:58[icct.rl_helpers.eval_callback]INFO | (Eval ) num_timesteps=313500, Reward=-18.33 +/- 6.24, EpLength: 1600.00 +/- 0.00
20-04-24 20:00[icct.rl_helpers.eval_callback]INFO | (Eval ) num_timesteps=315000, Reward=-10.59 +/- 0.31, EpLength: 1600.00 +/- 0.00
20-04-24 20:01[icct.rl_helpers.eval_callback]INFO | (Eval ) num_timesteps=316500, Reward=-17.73 +/- 1.15, EpLength: 1600.00 +/- 0.00
20-04-24 20:03[icct.rl_helpers.eval_callback]INFO | (Eval ) num_timesteps=318000, Reward=-16.59 +/- 0.08, EpLength: 1600.00 +/- 0.00
20-04-24 20:04[icct.rl_helpers.eval_callback]INFO | (Eval ) num_timesteps=319500, Reward=-10.68 +/- 0.08, EpLength: 1600.00 +/- 0.00
20-04-24 20:06[icct.rl_helpers.eval_callback]INFO | (Eval ) num_timesteps=321000, Reward=-7.49 +/- 0.01, EpLength: 1600.00 +/- 0.00
20-04-24 20:08[icct.rl_helpers.eval_callback]INFO | (Eval ) num_timesteps=322500, Reward=-3.18 +/- 0.13, EpLength: 1600.00 +/- 0.00
20-04-24 20:09[icct.rl_helpers.eval_callback]INFO | (Eval ) num_timesteps=324000, Reward=-6.38 +/- 0.01, EpLength: 1600.00 +/- 0.00
20-04-24 20:11[icct.rl_helpers.eval_callback]INFO | (Eval ) num_timesteps=325500, Reward=-16.39 +/- 0.01, EpLength: 1600.00 +/- 0.00
20-04-24 20:12[icct.rl_helpers.eval_callback]INFO | (Train) Episode: 260, Avg Reward: -23.043774590532358, Best: -23.043774590532358
20-04-24 20:12[icct.rl_helpers.eval_callback]INFO | (Eval ) num_timesteps=327000, Reward=-9.94 +/- 0.02, EpLength: 1600.00 +/- 0.00
20-04-24 20:14[icct.rl_helpers.eval_callback]INFO | (Eval ) num_timesteps=328500, Reward=-18.26 +/- 0.01, EpLength: 1600.00 +/- 0.00
20-04-24 20:15[icct.rl_helpers.eval_callback]INFO | (Eval ) num_timesteps=330000, Reward=-7.16 +/- 0.49, EpLength: 1600.00 +/- 0.00
20-04-24 20:17[icct.rl_helpers.eval_callback]INFO | (Eval ) num_timesteps=331500, Reward=-10.41 +/- 1.52, EpLength: 1600.00 +/- 0.00
20-04-24 20:18[icct.rl_helpers.eval_callback]INFO | (Eval ) num_timesteps=333000, Reward=-3.86 +/- 2.82, EpLength: 1600.00 +/- 0.00
20-04-24 20:20[icct.rl_helpers.eval_callback]INFO | (Eval ) num_timesteps=334500, Reward=-42.98 +/- 34.84, EpLength: 1600.00 +/- 0.00
20-04-24 20:21[icct.rl_helpers.eval_callback]INFO | (Eval ) num_timesteps=336000, Reward=-7.37 +/- 0.32, EpLength: 1600.00 +/- 0.00
20-04-24 20:23[icct.rl_helpers.eval_callback]INFO | (Eval ) num_timesteps=337500, Reward=-9.90 +/- 0.03, EpLength: 1600.00 +/- 0.00
20-04-24 20:24[icct.rl_helpers.eval_callback]INFO | (Eval ) num_timesteps=339000, Reward=-3.18 +/- 0.04, EpLength: 1600.00 +/- 0.00
20-04-24 20:26[icct.rl_helpers.eval_callback]INFO | (Eval ) num_timesteps=340500, Reward=-16.62 +/- 0.06, EpLength: 1600.00 +/- 0.00
20-04-24 20:27[icct.rl_helpers.eval_callback]INFO | (Eval ) num_timesteps=342000, Reward=-9.92 +/- 1.52, EpLength: 1600.00 +/- 0.00
20-04-24 20:27[icct.rl_helpers.eval_callback]INFO | (Train) Episode: 270, Avg Reward: -21.250873093218452, Best: -21.211283401624442
20-04-24 20:29[icct.rl_helpers.eval_callback]INFO | (Eval ) num_timesteps=343500, Reward=-39.03 +/- 11.35, EpLength: 1600.00 +/- 0.00
20-04-24 20:30[icct.rl_helpers.eval_callback]INFO | (Eval ) num_timesteps=345000, Reward=-23.87 +/- 2.95, EpLength: 1600.00 +/- 0.00
20-04-24 20:31[icct.rl_helpers.eval_callback]INFO | (Eval ) num_timesteps=346500, Reward=-24.84 +/- 13.84, EpLength: 1600.00 +/- 0.00
20-04-24 20:33[icct.rl_helpers.eval_callback]INFO | (Eval ) num_timesteps=348000, Reward=-29.38 +/- 2.33, EpLength: 1600.00 +/- 0.00
20-04-24 20:34[icct.rl_helpers.eval_callback]INFO | (Eval ) num_timesteps=349500, Reward=-15.85 +/- 0.58, EpLength: 1600.00 +/- 0.00
20-04-24 20:35[icct.rl_helpers.eval_callback]INFO | (Eval ) num_timesteps=351000, Reward=-14.89 +/- 1.41, EpLength: 1600.00 +/- 0.00
20-04-24 20:37[icct.rl_helpers.eval_callback]INFO | (Eval ) num_timesteps=352500, Reward=-12.53 +/- 0.22, EpLength: 1600.00 +/- 0.00
20-04-24 20:38[icct.rl_helpers.eval_callback]INFO | (Eval ) num_timesteps=354000, Reward=-34.24 +/- 23.92, EpLength: 1600.00 +/- 0.00
20-04-24 20:39[icct.rl_helpers.eval_callback]INFO | (Eval ) num_timesteps=355500, Reward=-12.64 +/- 0.37, EpLength: 1600.00 +/- 0.00
20-04-24 20:40[icct.rl_helpers.eval_callback]INFO | (Eval ) num_timesteps=357000, Reward=-9.37 +/- 0.15, EpLength: 1600.00 +/- 0.00
20-04-24 20:42[icct.rl_helpers.eval_callback]INFO | (Train) Episode: 280, Avg Reward: -21.63517910480724, Best: -21.187300649050375
20-04-24 20:42[icct.rl_helpers.eval_callback]INFO | (Eval ) num_timesteps=358500, Reward=-6.24 +/- 0.00, EpLength: 1600.00 +/- 0.00
20-04-24 20:43[icct.rl_helpers.eval_callback]INFO | (Eval ) num_timesteps=360000, Reward=-4.84 +/- 0.05, EpLength: 1600.00 +/- 0.00
20-04-24 20:45[icct.rl_helpers.eval_callback]INFO | (Eval ) num_timesteps=361500, Reward=-5.51 +/- 1.80, EpLength: 1600.00 +/- 0.00
20-04-24 20:46[icct.rl_helpers.eval_callback]INFO | (Eval ) num_timesteps=363000, Reward=-8.55 +/- 0.10, EpLength: 1600.00 +/- 0.00
20-04-24 20:48[icct.rl_helpers.eval_callback]INFO | (Eval ) num_timesteps=364500, Reward=-16.32 +/- 0.46, EpLength: 1600.00 +/- 0.00
20-04-24 20:49[icct.rl_helpers.eval_callback]INFO | (Eval ) num_timesteps=366000, Reward=-5.41 +/- 0.09, EpLength: 1600.00 +/- 0.00
20-04-24 20:51[icct.rl_helpers.eval_callback]INFO | (Eval ) num_timesteps=367500, Reward=-13.26 +/- 0.01, EpLength: 1600.00 +/- 0.00
20-04-24 20:52[icct.rl_helpers.eval_callback]INFO | (Eval ) num_timesteps=369000, Reward=-15.84 +/- 0.07, EpLength: 1600.00 +/- 0.00
20-04-24 20:53[icct.rl_helpers.eval_callback]INFO | (Eval ) num_timesteps=370500, Reward=-10.42 +/- 0.34, EpLength: 1600.00 +/- 0.00
20-04-24 20:55[icct.rl_helpers.eval_callback]INFO | (Eval ) num_timesteps=372000, Reward=-28.89 +/- 0.07, EpLength: 1600.00 +/- 0.00
20-04-24 20:56[icct.rl_helpers.eval_callback]INFO | (Train) Episode: 290, Avg Reward: -21.80751658719405, Best: -21.187300649050375
20-04-24 20:57[icct.rl_helpers.eval_callback]INFO | (Eval ) num_timesteps=373500, Reward=-24.49 +/- 0.02, EpLength: 1600.00 +/- 0.00
20-04-24 20:59[icct.rl_helpers.eval_callback]INFO | (Eval ) num_timesteps=375000, Reward=-29.07 +/- 0.93, EpLength: 1600.00 +/- 0.00
20-04-24 21:00[icct.rl_helpers.eval_callback]INFO | (Eval ) num_timesteps=376500, Reward=-22.21 +/- 0.44, EpLength: 1600.00 +/- 0.00
20-04-24 21:01[icct.rl_helpers.eval_callback]INFO | (Eval ) num_timesteps=378000, Reward=-22.55 +/- 1.03, EpLength: 1600.00 +/- 0.00
20-04-24 21:03[icct.rl_helpers.eval_callback]INFO | (Eval ) num_timesteps=379500, Reward=-33.21 +/- 9.67, EpLength: 1600.00 +/- 0.00
20-04-24 21:04[icct.rl_helpers.eval_callback]INFO | (Eval ) num_timesteps=381000, Reward=-17.03 +/- 2.44, EpLength: 1600.00 +/- 0.00
20-04-24 21:06[icct.rl_helpers.eval_callback]INFO | (Eval ) num_timesteps=382500, Reward=-15.43 +/- 5.24, EpLength: 1600.00 +/- 0.00
20-04-24 21:07[icct.rl_helpers.eval_callback]INFO | (Eval ) num_timesteps=384000, Reward=-25.78 +/- 0.35, EpLength: 1600.00 +/- 0.00
20-04-24 21:09[icct.rl_helpers.eval_callback]INFO | (Eval ) num_timesteps=385500, Reward=-13.56 +/- 0.56, EpLength: 1600.00 +/- 0.00
20-04-24 21:10[icct.rl_helpers.eval_callback]INFO | (Eval ) num_timesteps=387000, Reward=-19.60 +/- 3.50, EpLength: 1600.00 +/- 0.00
20-04-24 21:12[icct.rl_helpers.eval_callback]INFO | (Eval ) num_timesteps=388500, Reward=-16.51 +/- 0.08, EpLength: 1600.00 +/- 0.00
20-04-24 21:12[icct.rl_helpers.eval_callback]INFO | (Train) Episode: 300, Avg Reward: -22.380411107559713, Best: -21.187300649050375
20-04-24 21:13[icct.rl_helpers.eval_callback]INFO | (Eval ) num_timesteps=390000, Reward=-75.63 +/- 0.39, EpLength: 1600.00 +/- 0.00
20-04-24 21:15[icct.rl_helpers.eval_callback]INFO | (Eval ) num_timesteps=391500, Reward=-24.13 +/- 4.86, EpLength: 1600.00 +/- 0.00
20-04-24 21:17[icct.rl_helpers.eval_callback]INFO | (Eval ) num_timesteps=393000, Reward=-0.70 +/- 0.62, EpLength: 1600.00 +/- 0.00
20-04-24 21:17[icct.rl_helpers.eval_callback]INFO | (Save ) Storing Best Model: New best mean reward!
20-04-24 21:19[icct.rl_helpers.eval_callback]INFO | (Eval ) num_timesteps=394500, Reward=-11.96 +/- 8.35, EpLength: 1600.00 +/- 0.00
20-04-24 21:20[icct.rl_helpers.eval_callback]INFO | (Eval ) num_timesteps=396000, Reward=-9.53 +/- 4.14, EpLength: 1600.00 +/- 0.00
20-04-24 21:21[icct.rl_helpers.eval_callback]INFO | (Eval ) num_timesteps=397500, Reward=-22.12 +/- 12.43, EpLength: 1600.00 +/- 0.00
20-04-24 21:23[icct.rl_helpers.eval_callback]INFO | (Eval ) num_timesteps=399000, Reward=-28.13 +/- 0.05, EpLength: 1600.00 +/- 0.00
20-04-24 21:24[icct.rl_helpers.eval_callback]INFO | (Eval ) num_timesteps=400500, Reward=-12.43 +/- 0.13, EpLength: 1600.00 +/- 0.00
20-04-24 21:26[icct.rl_helpers.eval_callback]INFO | (Eval ) num_timesteps=402000, Reward=-17.60 +/- 0.66, EpLength: 1600.00 +/- 0.00
20-04-24 21:27[icct.rl_helpers.eval_callback]INFO | (Eval ) num_timesteps=403500, Reward=-71.96 +/- 0.70, EpLength: 1600.00 +/- 0.00
20-04-24 21:28[icct.rl_helpers.eval_callback]INFO | (Train) Episode: 310, Avg Reward: -22.572285456447574, Best: -21.187300649050375
20-04-24 21:29[icct.rl_helpers.eval_callback]INFO | (Eval ) num_timesteps=405000, Reward=-46.93 +/- 13.01, EpLength: 1600.00 +/- 0.00
20-04-24 21:30[icct.rl_helpers.eval_callback]INFO | (Eval ) num_timesteps=406500, Reward=-19.34 +/- 6.77, EpLength: 1600.00 +/- 0.00
20-04-24 21:32[icct.rl_helpers.eval_callback]INFO | (Eval ) num_timesteps=408000, Reward=-16.00 +/- 5.22, EpLength: 1600.00 +/- 0.00
20-04-24 21:33[icct.rl_helpers.eval_callback]INFO | (Eval ) num_timesteps=409500, Reward=-20.42 +/- 5.51, EpLength: 1600.00 +/- 0.00
20-04-24 21:35[icct.rl_helpers.eval_callback]INFO | (Eval ) num_timesteps=411000, Reward=-17.82 +/- 0.70, EpLength: 1600.00 +/- 0.00
20-04-24 21:36[icct.rl_helpers.eval_callback]INFO | (Eval ) num_timesteps=412500, Reward=-26.33 +/- 4.34, EpLength: 1600.00 +/- 0.00
20-04-24 21:38[icct.rl_helpers.eval_callback]INFO | (Eval ) num_timesteps=414000, Reward=-16.43 +/- 3.75, EpLength: 1600.00 +/- 0.00
20-04-24 21:39[icct.rl_helpers.eval_callback]INFO | (Eval ) num_timesteps=415500, Reward=-12.89 +/- 0.91, EpLength: 1600.00 +/- 0.00
20-04-24 21:41[icct.rl_helpers.eval_callback]INFO | (Eval ) num_timesteps=417000, Reward=-15.99 +/- 0.46, EpLength: 1600.00 +/- 0.00
20-04-24 21:42[icct.rl_helpers.eval_callback]INFO | (Eval ) num_timesteps=418500, Reward=-18.50 +/- 1.76, EpLength: 1600.00 +/- 0.00
20-04-24 21:43[icct.rl_helpers.eval_callback]INFO | (Eval ) num_timesteps=420000, Reward=-15.52 +/- 3.78, EpLength: 1600.00 +/- 0.00
20-04-24 21:44[icct.rl_helpers.eval_callback]INFO | (Train) Episode: 320, Avg Reward: -22.32179792654003, Best: -21.187300649050375
20-04-24 21:45[icct.rl_helpers.eval_callback]INFO | (Eval ) num_timesteps=421500, Reward=-12.40 +/- 0.03, EpLength: 1600.00 +/- 0.00
20-04-24 21:46[icct.rl_helpers.eval_callback]INFO | (Eval ) num_timesteps=423000, Reward=-16.54 +/- 0.05, EpLength: 1600.00 +/- 0.00
20-04-24 21:48[icct.rl_helpers.eval_callback]INFO | (Eval ) num_timesteps=424500, Reward=-19.26 +/- 0.05, EpLength: 1600.00 +/- 0.00
20-04-24 21:49[icct.rl_helpers.eval_callback]INFO | (Eval ) num_timesteps=426000, Reward=-15.00 +/- 0.30, EpLength: 1600.00 +/- 0.00
20-04-24 21:51[icct.rl_helpers.eval_callback]INFO | (Eval ) num_timesteps=427500, Reward=-30.57 +/- 0.07, EpLength: 1600.00 +/- 0.00
20-04-24 21:52[icct.rl_helpers.eval_callback]INFO | (Eval ) num_timesteps=429000, Reward=-11.43 +/- 0.10, EpLength: 1600.00 +/- 0.00
20-04-24 21:54[icct.rl_helpers.eval_callback]INFO | (Eval ) num_timesteps=430500, Reward=-16.85 +/- 11.08, EpLength: 1600.00 +/- 0.00
20-04-24 21:56[icct.rl_helpers.eval_callback]INFO | (Eval ) num_timesteps=432000, Reward=-12.10 +/- 0.16, EpLength: 1600.00 +/- 0.00
20-04-24 21:57[icct.rl_helpers.eval_callback]INFO | (Eval ) num_timesteps=433500, Reward=-12.79 +/- 3.22, EpLength: 1600.00 +/- 0.00
20-04-24 21:58[icct.rl_helpers.eval_callback]INFO | (Eval ) num_timesteps=435000, Reward=-19.54 +/- 3.82, EpLength: 1600.00 +/- 0.00
20-04-24 22:00[icct.rl_helpers.eval_callback]INFO | (Eval ) num_timesteps=436500, Reward=-7.70 +/- 1.56, EpLength: 1600.00 +/- 0.00
20-04-24 22:00[icct.rl_helpers.eval_callback]INFO | (Train) Episode: 330, Avg Reward: -22.435159797784927, Best: -21.187300649050375
20-04-24 22:01[icct.rl_helpers.eval_callback]INFO | (Eval ) num_timesteps=438000, Reward=-13.95 +/- 0.69, EpLength: 1600.00 +/- 0.00
20-04-24 22:03[icct.rl_helpers.eval_callback]INFO | (Eval ) num_timesteps=439500, Reward=-7.25 +/- 0.11, EpLength: 1600.00 +/- 0.00
20-04-24 22:04[icct.rl_helpers.eval_callback]INFO | (Eval ) num_timesteps=441000, Reward=-14.38 +/- 6.58, EpLength: 1600.00 +/- 0.00
20-04-24 22:06[icct.rl_helpers.eval_callback]INFO | (Eval ) num_timesteps=442500, Reward=-12.65 +/- 0.09, EpLength: 1600.00 +/- 0.00
20-04-24 22:07[icct.rl_helpers.eval_callback]INFO | (Eval ) num_timesteps=444000, Reward=-9.59 +/- 0.18, EpLength: 1600.00 +/- 0.00
20-04-24 22:09[icct.rl_helpers.eval_callback]INFO | (Eval ) num_timesteps=445500, Reward=-5.33 +/- 0.28, EpLength: 1600.00 +/- 0.00
20-04-24 22:10[icct.rl_helpers.eval_callback]INFO | (Eval ) num_timesteps=447000, Reward=-21.08 +/- 0.06, EpLength: 1600.00 +/- 0.00
20-04-24 22:12[icct.rl_helpers.eval_callback]INFO | (Eval ) num_timesteps=448500, Reward=-16.64 +/- 0.18, EpLength: 1600.00 +/- 0.00
20-04-24 22:13[icct.rl_helpers.eval_callback]INFO | (Eval ) num_timesteps=450000, Reward=-16.42 +/- 4.20, EpLength: 1600.00 +/- 0.00
20-04-24 22:15[icct.rl_helpers.eval_callback]INFO | (Eval ) num_timesteps=451500, Reward=-17.47 +/- 0.03, EpLength: 1600.00 +/- 0.00
20-04-24 22:16[icct.rl_helpers.eval_callback]INFO | (Train) Episode: 340, Avg Reward: -22.11890200323316, Best: -21.187300649050375
20-04-24 22:16[icct.rl_helpers.eval_callback]INFO | (Eval ) num_timesteps=453000, Reward=-15.36 +/- 13.03, EpLength: 1600.00 +/- 0.00
20-04-24 22:18[icct.rl_helpers.eval_callback]INFO | (Eval ) num_timesteps=454500, Reward=-23.64 +/- 0.58, EpLength: 1600.00 +/- 0.00
20-04-24 22:19[icct.rl_helpers.eval_callback]INFO | (Eval ) num_timesteps=456000, Reward=-45.96 +/- 1.43, EpLength: 1600.00 +/- 0.00
20-04-24 22:21[icct.rl_helpers.eval_callback]INFO | (Eval ) num_timesteps=457500, Reward=-49.91 +/- 1.74, EpLength: 1600.00 +/- 0.00
20-04-24 22:23[icct.rl_helpers.eval_callback]INFO | (Eval ) num_timesteps=459000, Reward=-25.35 +/- 0.68, EpLength: 1600.00 +/- 0.00
20-04-24 22:24[icct.rl_helpers.eval_callback]INFO | (Eval ) num_timesteps=460500, Reward=-22.54 +/- 2.53, EpLength: 1600.00 +/- 0.00
20-04-24 22:25[icct.rl_helpers.eval_callback]INFO | (Eval ) num_timesteps=462000, Reward=-25.75 +/- 8.07, EpLength: 1600.00 +/- 0.00
20-04-24 22:26[icct.rl_helpers.eval_callback]INFO | (Eval ) num_timesteps=463500, Reward=-27.66 +/- 0.03, EpLength: 1600.00 +/- 0.00
20-04-24 22:28[icct.rl_helpers.eval_callback]INFO | (Eval ) num_timesteps=465000, Reward=-33.45 +/- 9.25, EpLength: 1600.00 +/- 0.00
20-04-24 22:29[icct.rl_helpers.eval_callback]INFO | (Eval ) num_timesteps=466500, Reward=-35.81 +/- 0.03, EpLength: 1600.00 +/- 0.00
20-04-24 22:31[icct.rl_helpers.eval_callback]INFO | (Eval ) num_timesteps=468000, Reward=-24.73 +/- 0.02, EpLength: 1600.00 +/- 0.00
20-04-24 22:31[icct.rl_helpers.eval_callback]INFO | (Train) Episode: 350, Avg Reward: -23.13250112439941, Best: -21.187300649050375
20-04-24 22:32[icct.rl_helpers.eval_callback]INFO | (Eval ) num_timesteps=469500, Reward=-24.78 +/- 0.11, EpLength: 1600.00 +/- 0.00
20-04-24 22:34[icct.rl_helpers.eval_callback]INFO | (Eval ) num_timesteps=471000, Reward=-28.00 +/- 0.33, EpLength: 1600.00 +/- 0.00
20-04-24 22:35[icct.rl_helpers.eval_callback]INFO | (Eval ) num_timesteps=472500, Reward=-29.36 +/- 0.01, EpLength: 1600.00 +/- 0.00
20-04-24 22:37[icct.rl_helpers.eval_callback]INFO | (Eval ) num_timesteps=474000, Reward=-25.47 +/- 0.05, EpLength: 1600.00 +/- 0.00
20-04-24 22:39[icct.rl_helpers.eval_callback]INFO | (Eval ) num_timesteps=475500, Reward=-35.97 +/- 0.28, EpLength: 1600.00 +/- 0.00
20-04-24 22:40[icct.rl_helpers.eval_callback]INFO | (Eval ) num_timesteps=477000, Reward=-9.54 +/- 0.30, EpLength: 1600.00 +/- 0.00
20-04-24 22:42[icct.rl_helpers.eval_callback]INFO | (Eval ) num_timesteps=478500, Reward=-17.21 +/- 0.33, EpLength: 1600.00 +/- 0.00
20-04-24 22:44[icct.rl_helpers.eval_callback]INFO | (Eval ) num_timesteps=480000, Reward=-14.22 +/- 0.05, EpLength: 1600.00 +/- 0.00
20-04-24 22:45[icct.rl_helpers.eval_callback]INFO | (Eval ) num_timesteps=481500, Reward=-17.86 +/- 0.11, EpLength: 1600.00 +/- 0.00
20-04-24 22:46[icct.rl_helpers.eval_callback]INFO | (Eval ) num_timesteps=483000, Reward=-32.62 +/- 0.14, EpLength: 1600.00 +/- 0.00
20-04-24 22:48[icct.rl_helpers.eval_callback]INFO | (Eval ) num_timesteps=484500, Reward=-45.70 +/- 0.09, EpLength: 1600.00 +/- 0.00
20-04-24 22:48[icct.rl_helpers.eval_callback]INFO | (Train) Episode: 360, Avg Reward: -24.09358010415077, Best: -21.187300649050375
20-04-24 22:49[icct.rl_helpers.eval_callback]INFO | (Eval ) num_timesteps=486000, Reward=-60.98 +/- 0.51, EpLength: 1600.00 +/- 0.00
20-04-24 22:50[icct.rl_helpers.eval_callback]INFO | (Eval ) num_timesteps=487500, Reward=-33.42 +/- 0.02, EpLength: 1600.00 +/- 0.00
20-04-24 22:52[icct.rl_helpers.eval_callback]INFO | (Eval ) num_timesteps=489000, Reward=-20.30 +/- 1.76, EpLength: 1600.00 +/- 0.00
20-04-24 22:53[icct.rl_helpers.eval_callback]INFO | (Eval ) num_timesteps=490500, Reward=-28.51 +/- 0.02, EpLength: 1600.00 +/- 0.00
20-04-24 22:54[icct.rl_helpers.eval_callback]INFO | (Eval ) num_timesteps=492000, Reward=-24.94 +/- 0.03, EpLength: 1600.00 +/- 0.00
20-04-24 22:56[icct.rl_helpers.eval_callback]INFO | (Eval ) num_timesteps=493500, Reward=-21.71 +/- 0.05, EpLength: 1600.00 +/- 0.00
20-04-24 22:57[icct.rl_helpers.eval_callback]INFO | (Eval ) num_timesteps=495000, Reward=-10.89 +/- 0.02, EpLength: 1600.00 +/- 0.00
20-04-24 22:59[icct.rl_helpers.eval_callback]INFO | (Eval ) num_timesteps=496500, Reward=-17.42 +/- 0.10, EpLength: 1600.00 +/- 0.00
20-04-24 23:00[icct.rl_helpers.eval_callback]INFO | (Eval ) num_timesteps=498000, Reward=-18.98 +/- 0.49, EpLength: 1600.00 +/- 0.00
20-04-24 23:01[icct.rl_helpers.eval_callback]INFO | (Eval ) num_timesteps=499500, Reward=-15.45 +/- 0.04, EpLength: 1600.00 +/- 0.00
20-04-24 23:02[icct.rl_helpers.eval_callback]INFO | (Train) Episode: 370, Avg Reward: -24.957340404057444, Best: -21.187300649050375
20-04-24 23:03[icct.rl_helpers.eval_callback]INFO | (Eval ) num_timesteps=501000, Reward=-26.60 +/- 0.19, EpLength: 1600.00 +/- 0.00
20-04-24 23:04[icct.rl_helpers.eval_callback]INFO | (Eval ) num_timesteps=502500, Reward=-26.89 +/- 0.06, EpLength: 1600.00 +/- 0.00
20-04-24 23:05[icct.rl_helpers.eval_callback]INFO | (Eval ) num_timesteps=504000, Reward=-13.07 +/- 0.08, EpLength: 1600.00 +/- 0.00
20-04-24 23:07[icct.rl_helpers.eval_callback]INFO | (Eval ) num_timesteps=505500, Reward=-11.04 +/- 0.06, EpLength: 1600.00 +/- 0.00
20-04-24 23:08[icct.rl_helpers.eval_callback]INFO | (Eval ) num_timesteps=507000, Reward=-11.68 +/- 0.12, EpLength: 1600.00 +/- 0.00
20-04-24 23:10[icct.rl_helpers.eval_callback]INFO | (Eval ) num_timesteps=508500, Reward=-17.87 +/- 0.30, EpLength: 1600.00 +/- 0.00
20-04-24 23:12[icct.rl_helpers.eval_callback]INFO | (Eval ) num_timesteps=510000, Reward=-8.80 +/- 0.15, EpLength: 1600.00 +/- 0.00
20-04-24 23:13[icct.rl_helpers.eval_callback]INFO | (Eval ) num_timesteps=511500, Reward=-15.04 +/- 0.23, EpLength: 1600.00 +/- 0.00
20-04-24 23:15[icct.rl_helpers.eval_callback]INFO | (Eval ) num_timesteps=513000, Reward=-15.95 +/- 0.04, EpLength: 1600.00 +/- 0.00
20-04-24 23:16[icct.rl_helpers.eval_callback]INFO | (Eval ) num_timesteps=514500, Reward=-24.77 +/- 0.12, EpLength: 1600.00 +/- 0.00
20-04-24 23:17[icct.rl_helpers.eval_callback]INFO | (Eval ) num_timesteps=516000, Reward=-13.77 +/- 0.19, EpLength: 1600.00 +/- 0.00
20-04-24 23:18[icct.rl_helpers.eval_callback]INFO | (Train) Episode: 380, Avg Reward: -24.855466732465846, Best: -21.187300649050375
20-04-24 23:19[icct.rl_helpers.eval_callback]INFO | (Eval ) num_timesteps=517500, Reward=-10.75 +/- 0.19, EpLength: 1600.00 +/- 0.00
20-04-24 23:20[icct.rl_helpers.eval_callback]INFO | (Eval ) num_timesteps=519000, Reward=-18.72 +/- 0.06, EpLength: 1600.00 +/- 0.00
20-04-24 23:22[icct.rl_helpers.eval_callback]INFO | (Eval ) num_timesteps=520500, Reward=-11.64 +/- 0.05, EpLength: 1600.00 +/- 0.00
20-04-24 23:23[icct.rl_helpers.eval_callback]INFO | (Eval ) num_timesteps=522000, Reward=-18.78 +/- 0.01, EpLength: 1600.00 +/- 0.00
20-04-24 23:25[icct.rl_helpers.eval_callback]INFO | (Eval ) num_timesteps=523500, Reward=-15.34 +/- 0.71, EpLength: 1600.00 +/- 0.00
20-04-24 23:26[icct.rl_helpers.eval_callback]INFO | (Eval ) num_timesteps=525000, Reward=-9.67 +/- 0.06, EpLength: 1600.00 +/- 0.00
20-04-24 23:28[icct.rl_helpers.eval_callback]INFO | (Eval ) num_timesteps=526500, Reward=-16.50 +/- 0.04, EpLength: 1600.00 +/- 0.00
20-04-24 23:29[icct.rl_helpers.eval_callback]INFO | (Eval ) num_timesteps=528000, Reward=-20.36 +/- 0.04, EpLength: 1600.00 +/- 0.00
20-04-24 23:30[icct.rl_helpers.eval_callback]INFO | (Eval ) num_timesteps=529500, Reward=-10.39 +/- 0.04, EpLength: 1600.00 +/- 0.00
20-04-24 23:32[icct.rl_helpers.eval_callback]INFO | (Eval ) num_timesteps=531000, Reward=-19.97 +/- 0.09, EpLength: 1600.00 +/- 0.00
20-04-24 23:33[icct.rl_helpers.eval_callback]INFO | (Eval ) num_timesteps=532500, Reward=-15.37 +/- 0.76, EpLength: 1600.00 +/- 0.00
20-04-24 23:34[icct.rl_helpers.eval_callback]INFO | (Train) Episode: 390, Avg Reward: -23.963898640381466, Best: -21.187300649050375
20-04-24 23:35[icct.rl_helpers.eval_callback]INFO | (Eval ) num_timesteps=534000, Reward=-12.44 +/- 3.84, EpLength: 1600.00 +/- 0.00
20-04-24 23:36[icct.rl_helpers.eval_callback]INFO | (Eval ) num_timesteps=535500, Reward=-13.22 +/- 1.70, EpLength: 1600.00 +/- 0.00
20-04-24 23:37[icct.rl_helpers.eval_callback]INFO | (Eval ) num_timesteps=537000, Reward=-13.58 +/- 0.03, EpLength: 1600.00 +/- 0.00
20-04-24 23:38[icct.rl_helpers.eval_callback]INFO | (Eval ) num_timesteps=538500, Reward=-20.40 +/- 4.48, EpLength: 1600.00 +/- 0.00
20-04-24 23:40[icct.rl_helpers.eval_callback]INFO | (Eval ) num_timesteps=540000, Reward=-46.22 +/- 1.16, EpLength: 1600.00 +/- 0.00
20-04-24 23:41[icct.rl_helpers.eval_callback]INFO | (Eval ) num_timesteps=541500, Reward=-91.28 +/- 1.20, EpLength: 1600.00 +/- 0.00
20-04-24 23:43[icct.rl_helpers.eval_callback]INFO | (Eval ) num_timesteps=543000, Reward=-20.80 +/- 0.19, EpLength: 1600.00 +/- 0.00
20-04-24 23:45[icct.rl_helpers.eval_callback]INFO | (Eval ) num_timesteps=544500, Reward=-9.53 +/- 0.12, EpLength: 1600.00 +/- 0.00
20-04-24 23:46[icct.rl_helpers.eval_callback]INFO | (Eval ) num_timesteps=546000, Reward=-20.88 +/- 0.06, EpLength: 1600.00 +/- 0.00
20-04-24 23:48[icct.rl_helpers.eval_callback]INFO | (Eval ) num_timesteps=547500, Reward=-15.67 +/- 0.04, EpLength: 1600.00 +/- 0.00
20-04-24 23:49[icct.rl_helpers.eval_callback]INFO | (Train) Episode: 400, Avg Reward: -25.05375224348929, Best: -21.187300649050375
20-04-24 23:49[icct.rl_helpers.eval_callback]INFO | (Eval ) num_timesteps=549000, Reward=-17.72 +/- 0.22, EpLength: 1600.00 +/- 0.00
20-04-24 23:51[icct.rl_helpers.eval_callback]INFO | (Eval ) num_timesteps=550500, Reward=-25.28 +/- 0.01, EpLength: 1600.00 +/- 0.00
20-04-24 23:53[icct.rl_helpers.eval_callback]INFO | (Eval ) num_timesteps=552000, Reward=-8.81 +/- 0.07, EpLength: 1600.00 +/- 0.00
20-04-24 23:54[icct.rl_helpers.eval_callback]INFO | (Eval ) num_timesteps=553500, Reward=-9.39 +/- 0.24, EpLength: 1600.00 +/- 0.00
20-04-24 23:56[icct.rl_helpers.eval_callback]INFO | (Eval ) num_timesteps=555000, Reward=-15.35 +/- 1.57, EpLength: 1600.00 +/- 0.00
20-04-24 23:57[icct.rl_helpers.eval_callback]INFO | (Eval ) num_timesteps=556500, Reward=-18.18 +/- 0.11, EpLength: 1600.00 +/- 0.00
20-04-24 23:59[icct.rl_helpers.eval_callback]INFO | (Eval ) num_timesteps=558000, Reward=-7.82 +/- 0.11, EpLength: 1600.00 +/- 0.00
21-04-24 00:00[icct.rl_helpers.eval_callback]INFO | (Eval ) num_timesteps=559500, Reward=-13.66 +/- 0.11, EpLength: 1600.00 +/- 0.00
21-04-24 00:02[icct.rl_helpers.eval_callback]INFO | (Eval ) num_timesteps=561000, Reward=-31.96 +/- 0.02, EpLength: 1600.00 +/- 0.00
21-04-24 00:04[icct.rl_helpers.eval_callback]INFO | (Eval ) num_timesteps=562500, Reward=-57.97 +/- 23.81, EpLength: 1600.00 +/- 0.00
21-04-24 00:05[icct.rl_helpers.eval_callback]INFO | (Eval ) num_timesteps=564000, Reward=-20.56 +/- 0.14, EpLength: 1600.00 +/- 0.00
21-04-24 00:06[icct.rl_helpers.eval_callback]INFO | (Train) Episode: 410, Avg Reward: -24.68976110672369, Best: -21.187300649050375
21-04-24 00:07[icct.rl_helpers.eval_callback]INFO | (Eval ) num_timesteps=565500, Reward=-11.00 +/- 0.03, EpLength: 1600.00 +/- 0.00
21-04-24 00:08[icct.rl_helpers.eval_callback]INFO | (Eval ) num_timesteps=567000, Reward=-19.77 +/- 0.02, EpLength: 1600.00 +/- 0.00
21-04-24 00:10[icct.rl_helpers.eval_callback]INFO | (Eval ) num_timesteps=568500, Reward=-26.20 +/- 4.54, EpLength: 1600.00 +/- 0.00
21-04-24 00:12[icct.rl_helpers.eval_callback]INFO | (Eval ) num_timesteps=570000, Reward=-12.69 +/- 0.20, EpLength: 1600.00 +/- 0.00
21-04-24 00:13[icct.rl_helpers.eval_callback]INFO | (Eval ) num_timesteps=571500, Reward=-15.49 +/- 0.76, EpLength: 1600.00 +/- 0.00
21-04-24 00:15[icct.rl_helpers.eval_callback]INFO | (Eval ) num_timesteps=573000, Reward=-29.31 +/- 0.36, EpLength: 1600.00 +/- 0.00
21-04-24 00:17[icct.rl_helpers.eval_callback]INFO | (Eval ) num_timesteps=574500, Reward=-105.81 +/- 0.14, EpLength: 81.00 +/- 2.45
21-04-24 00:18[icct.rl_helpers.eval_callback]INFO | (Eval ) num_timesteps=576000, Reward=-63.92 +/- 19.33, EpLength: 1295.80 +/- 608.40
21-04-24 00:20[icct.rl_helpers.eval_callback]INFO | (Eval ) num_timesteps=577500, Reward=-27.82 +/- 2.36, EpLength: 1600.00 +/- 0.00
21-04-24 00:21[icct.rl_helpers.eval_callback]INFO | (Eval ) num_timesteps=579000, Reward=-30.09 +/- 1.20, EpLength: 1600.00 +/- 0.00
21-04-24 00:21[icct.rl_helpers.eval_callback]INFO | (Train) Episode: 420, Avg Reward: -25.78492657706378, Best: -21.187300649050375
21-04-24 00:23[icct.rl_helpers.eval_callback]INFO | (Eval ) num_timesteps=580500, Reward=-33.60 +/- 6.08, EpLength: 1600.00 +/- 0.00
21-04-24 00:24[icct.rl_helpers.eval_callback]INFO | (Eval ) num_timesteps=582000, Reward=-36.26 +/- 12.63, EpLength: 1600.00 +/- 0.00
21-04-24 00:26[icct.rl_helpers.eval_callback]INFO | (Eval ) num_timesteps=583500, Reward=-25.18 +/- 0.61, EpLength: 1600.00 +/- 0.00
21-04-24 00:28[icct.rl_helpers.eval_callback]INFO | (Eval ) num_timesteps=585000, Reward=-31.66 +/- 0.04, EpLength: 1600.00 +/- 0.00
21-04-24 00:29[icct.rl_helpers.eval_callback]INFO | (Eval ) num_timesteps=586500, Reward=-16.03 +/- 0.01, EpLength: 1600.00 +/- 0.00
21-04-24 00:31[icct.rl_helpers.eval_callback]INFO | (Eval ) num_timesteps=588000, Reward=-35.70 +/- 0.70, EpLength: 1600.00 +/- 0.00
21-04-24 00:32[icct.rl_helpers.eval_callback]INFO | (Eval ) num_timesteps=589500, Reward=-32.71 +/- 0.16, EpLength: 1600.00 +/- 0.00
21-04-24 00:34[icct.rl_helpers.eval_callback]INFO | (Eval ) num_timesteps=591000, Reward=-25.86 +/- 4.28, EpLength: 1600.00 +/- 0.00
21-04-24 00:35[icct.rl_helpers.eval_callback]INFO | (Eval ) num_timesteps=592500, Reward=-34.97 +/- 9.33, EpLength: 1600.00 +/- 0.00
21-04-24 00:37[icct.rl_helpers.eval_callback]INFO | (Eval ) num_timesteps=594000, Reward=-48.80 +/- 0.15, EpLength: 1600.00 +/- 0.00
21-04-24 00:38[icct.rl_helpers.eval_callback]INFO | (Train) Episode: 430, Avg Reward: -26.990990178825506, Best: -21.187300649050375
21-04-24 00:38[icct.rl_helpers.eval_callback]INFO | (Eval ) num_timesteps=595500, Reward=-24.45 +/- 6.33, EpLength: 1600.00 +/- 0.00
21-04-24 00:40[icct.rl_helpers.eval_callback]INFO | (Eval ) num_timesteps=597000, Reward=-18.27 +/- 0.02, EpLength: 1600.00 +/- 0.00
21-04-24 00:42[icct.rl_helpers.eval_callback]INFO | (Eval ) num_timesteps=598500, Reward=-20.21 +/- 0.14, EpLength: 1600.00 +/- 0.00
21-04-24 00:43[icct.rl_helpers.eval_callback]INFO | (Eval ) num_timesteps=600000, Reward=-9.93 +/- 1.97, EpLength: 1600.00 +/- 0.00
21-04-24 00:44[icct.rl_helpers.eval_callback]INFO | (Eval ) num_timesteps=601500, Reward=-25.99 +/- 0.05, EpLength: 1600.00 +/- 0.00
21-04-24 00:46[icct.rl_helpers.eval_callback]INFO | (Eval ) num_timesteps=603000, Reward=-7.95 +/- 0.18, EpLength: 1600.00 +/- 0.00
21-04-24 00:48[icct.rl_helpers.eval_callback]INFO | (Eval ) num_timesteps=604500, Reward=-15.91 +/- 0.01, EpLength: 1600.00 +/- 0.00
21-04-24 00:49[icct.rl_helpers.eval_callback]INFO | (Eval ) num_timesteps=606000, Reward=-15.61 +/- 0.17, EpLength: 1600.00 +/- 0.00
21-04-24 00:51[icct.rl_helpers.eval_callback]INFO | (Eval ) num_timesteps=607500, Reward=-20.69 +/- 0.01, EpLength: 1600.00 +/- 0.00
21-04-24 00:52[icct.rl_helpers.eval_callback]INFO | (Eval ) num_timesteps=609000, Reward=-18.20 +/- 0.22, EpLength: 1600.00 +/- 0.00
21-04-24 00:54[icct.rl_helpers.eval_callback]INFO | (Eval ) num_timesteps=610500, Reward=-25.91 +/- 0.05, EpLength: 1600.00 +/- 0.00
21-04-24 00:54[icct.rl_helpers.eval_callback]INFO | (Train) Episode: 440, Avg Reward: -27.318372075211084, Best: -21.187300649050375
21-04-24 00:55[icct.rl_helpers.eval_callback]INFO | (Eval ) num_timesteps=612000, Reward=-36.05 +/- 0.76, EpLength: 1600.00 +/- 0.00
21-04-24 00:56[icct.rl_helpers.eval_callback]INFO | (Eval ) num_timesteps=613500, Reward=-10.30 +/- 2.14, EpLength: 1600.00 +/- 0.00
21-04-24 00:58[icct.rl_helpers.eval_callback]INFO | (Eval ) num_timesteps=615000, Reward=-31.70 +/- 0.51, EpLength: 1600.00 +/- 0.00
21-04-24 00:59[icct.rl_helpers.eval_callback]INFO | (Eval ) num_timesteps=616500, Reward=-21.38 +/- 0.14, EpLength: 1600.00 +/- 0.00
21-04-24 01:01[icct.rl_helpers.eval_callback]INFO | (Eval ) num_timesteps=618000, Reward=-12.34 +/- 0.11, EpLength: 1600.00 +/- 0.00
21-04-24 01:02[icct.rl_helpers.eval_callback]INFO | (Eval ) num_timesteps=619500, Reward=-28.78 +/- 0.92, EpLength: 1600.00 +/- 0.00
21-04-24 01:03[icct.rl_helpers.eval_callback]INFO | (Eval ) num_timesteps=621000, Reward=-80.09 +/- 30.76, EpLength: 717.60 +/- 720.48
21-04-24 01:04[icct.rl_helpers.eval_callback]INFO | (Eval ) num_timesteps=622500, Reward=-32.77 +/- 0.10, EpLength: 1600.00 +/- 0.00
21-04-24 01:06[icct.rl_helpers.eval_callback]INFO | (Eval ) num_timesteps=624000, Reward=-13.47 +/- 3.62, EpLength: 1600.00 +/- 0.00
21-04-24 01:07[icct.rl_helpers.eval_callback]INFO | (Eval ) num_timesteps=625500, Reward=-11.31 +/- 0.03, EpLength: 1600.00 +/- 0.00
21-04-24 01:09[icct.rl_helpers.eval_callback]INFO | (Eval ) num_timesteps=627000, Reward=-29.38 +/- 1.05, EpLength: 1600.00 +/- 0.00
21-04-24 01:09[icct.rl_helpers.eval_callback]INFO | (Train) Episode: 450, Avg Reward: -27.4580046623846, Best: -21.187300649050375
21-04-24 01:10[icct.rl_helpers.eval_callback]INFO | (Eval ) num_timesteps=628500, Reward=-25.60 +/- 0.08, EpLength: 1600.00 +/- 0.00
21-04-24 01:12[icct.rl_helpers.eval_callback]INFO | (Eval ) num_timesteps=630000, Reward=-27.73 +/- 0.05, EpLength: 1600.00 +/- 0.00
21-04-24 01:13[icct.rl_helpers.eval_callback]INFO | (Eval ) num_timesteps=631500, Reward=-12.42 +/- 0.02, EpLength: 1600.00 +/- 0.00
21-04-24 01:14[icct.rl_helpers.eval_callback]INFO | (Eval ) num_timesteps=633000, Reward=-26.61 +/- 0.10, EpLength: 1600.00 +/- 0.00
21-04-24 01:16[icct.rl_helpers.eval_callback]INFO | (Eval ) num_timesteps=634500, Reward=-12.86 +/- 0.16, EpLength: 1600.00 +/- 0.00
21-04-24 01:17[icct.rl_helpers.eval_callback]INFO | (Eval ) num_timesteps=636000, Reward=-15.65 +/- 0.05, EpLength: 1600.00 +/- 0.00
21-04-24 01:18[icct.rl_helpers.eval_callback]INFO | (Eval ) num_timesteps=637500, Reward=-19.04 +/- 0.04, EpLength: 1600.00 +/- 0.00
21-04-24 01:20[icct.rl_helpers.eval_callback]INFO | (Eval ) num_timesteps=639000, Reward=-14.59 +/- 0.18, EpLength: 1600.00 +/- 0.00
21-04-24 01:21[icct.rl_helpers.eval_callback]INFO | (Eval ) num_timesteps=640500, Reward=-23.41 +/- 0.36, EpLength: 1600.00 +/- 0.00
21-04-24 01:23[icct.rl_helpers.eval_callback]INFO | (Eval ) num_timesteps=642000, Reward=-20.36 +/- 0.27, EpLength: 1600.00 +/- 0.00
21-04-24 01:24[icct.rl_helpers.eval_callback]INFO | (Train) Episode: 460, Avg Reward: -27.2439246107018, Best: -21.187300649050375
21-04-24 01:24[icct.rl_helpers.eval_callback]INFO | (Eval ) num_timesteps=643500, Reward=-16.88 +/- 7.35, EpLength: 1600.00 +/- 0.00
21-04-24 01:25[icct.rl_helpers.eval_callback]INFO | (Eval ) num_timesteps=645000, Reward=-6.93 +/- 0.12, EpLength: 1600.00 +/- 0.00
21-04-24 01:27[icct.rl_helpers.eval_callback]INFO | (Eval ) num_timesteps=646500, Reward=-20.22 +/- 0.05, EpLength: 1600.00 +/- 0.00
21-04-24 01:29[icct.rl_helpers.eval_callback]INFO | (Eval ) num_timesteps=648000, Reward=-16.86 +/- 3.12, EpLength: 1600.00 +/- 0.00
21-04-24 01:30[icct.rl_helpers.eval_callback]INFO | (Eval ) num_timesteps=649500, Reward=-22.51 +/- 1.19, EpLength: 1600.00 +/- 0.00
21-04-24 01:31[icct.rl_helpers.eval_callback]INFO | (Eval ) num_timesteps=651000, Reward=-15.25 +/- 0.05, EpLength: 1600.00 +/- 0.00
21-04-24 01:33[icct.rl_helpers.eval_callback]INFO | (Eval ) num_timesteps=652500, Reward=-10.26 +/- 0.11, EpLength: 1600.00 +/- 0.00
21-04-24 01:34[icct.rl_helpers.eval_callback]INFO | (Eval ) num_timesteps=654000, Reward=-6.65 +/- 0.01, EpLength: 1600.00 +/- 0.00
21-04-24 01:36[icct.rl_helpers.eval_callback]INFO | (Eval ) num_timesteps=655500, Reward=-15.77 +/- 7.55, EpLength: 1600.00 +/- 0.00
21-04-24 01:37[icct.rl_helpers.eval_callback]INFO | (Eval ) num_timesteps=657000, Reward=-7.26 +/- 1.39, EpLength: 1600.00 +/- 0.00
21-04-24 01:39[icct.rl_helpers.eval_callback]INFO | (Eval ) num_timesteps=658500, Reward=-2.67 +/- 0.09, EpLength: 1600.00 +/- 0.00
21-04-24 01:40[icct.rl_helpers.eval_callback]INFO | (Train) Episode: 470, Avg Reward: -26.48615410120171, Best: -21.187300649050375
21-04-24 01:40[icct.rl_helpers.eval_callback]INFO | (Eval ) num_timesteps=660000, Reward=-47.69 +/- 13.81, EpLength: 1600.00 +/- 0.00
21-04-24 01:42[icct.rl_helpers.eval_callback]INFO | (Eval ) num_timesteps=661500, Reward=-34.81 +/- 0.53, EpLength: 1600.00 +/- 0.00
21-04-24 01:44[icct.rl_helpers.eval_callback]INFO | (Eval ) num_timesteps=663000, Reward=-20.18 +/- 0.13, EpLength: 1600.00 +/- 0.00
21-04-24 01:45[icct.rl_helpers.eval_callback]INFO | (Eval ) num_timesteps=664500, Reward=-16.38 +/- 0.61, EpLength: 1600.00 +/- 0.00
21-04-24 01:47[icct.rl_helpers.eval_callback]INFO | (Eval ) num_timesteps=666000, Reward=-5.06 +/- 0.04, EpLength: 1600.00 +/- 0.00
21-04-24 01:49[icct.rl_helpers.eval_callback]INFO | (Eval ) num_timesteps=667500, Reward=-6.45 +/- 0.61, EpLength: 1600.00 +/- 0.00
21-04-24 01:50[icct.rl_helpers.eval_callback]INFO | (Eval ) num_timesteps=669000, Reward=-11.49 +/- 0.17, EpLength: 1600.00 +/- 0.00
21-04-24 01:52[icct.rl_helpers.eval_callback]INFO | (Eval ) num_timesteps=670500, Reward=-13.78 +/- 0.18, EpLength: 1600.00 +/- 0.00
21-04-24 01:53[icct.rl_helpers.eval_callback]INFO | (Eval ) num_timesteps=672000, Reward=-14.89 +/- 0.25, EpLength: 1600.00 +/- 0.00
21-04-24 01:55[icct.rl_helpers.eval_callback]INFO | (Eval ) num_timesteps=673500, Reward=-8.05 +/- 0.05, EpLength: 1600.00 +/- 0.00
21-04-24 01:56[icct.rl_helpers.eval_callback]INFO | (Eval ) num_timesteps=675000, Reward=-15.88 +/- 0.06, EpLength: 1600.00 +/- 0.00
21-04-24 01:57[icct.rl_helpers.eval_callback]INFO | (Train) Episode: 480, Avg Reward: -26.548576893748386, Best: -21.187300649050375
21-04-24 01:58[icct.rl_helpers.eval_callback]INFO | (Eval ) num_timesteps=676500, Reward=-13.01 +/- 1.67, EpLength: 1600.00 +/- 0.00
21-04-24 01:59[icct.rl_helpers.eval_callback]INFO | (Eval ) num_timesteps=678000, Reward=-11.03 +/- 0.57, EpLength: 1600.00 +/- 0.00
21-04-24 02:01[icct.rl_helpers.eval_callback]INFO | (Eval ) num_timesteps=679500, Reward=-14.21 +/- 0.16, EpLength: 1600.00 +/- 0.00
21-04-24 02:03[icct.rl_helpers.eval_callback]INFO | (Eval ) num_timesteps=681000, Reward=-73.77 +/- 29.48, EpLength: 1600.00 +/- 0.00
21-04-24 02:04[icct.rl_helpers.eval_callback]INFO | (Eval ) num_timesteps=682500, Reward=-13.72 +/- 0.07, EpLength: 1600.00 +/- 0.00
21-04-24 02:06[icct.rl_helpers.eval_callback]INFO | (Eval ) num_timesteps=684000, Reward=-8.77 +/- 0.05, EpLength: 1600.00 +/- 0.00
21-04-24 02:07[icct.rl_helpers.eval_callback]INFO | (Eval ) num_timesteps=685500, Reward=-13.63 +/- 0.02, EpLength: 1600.00 +/- 0.00
21-04-24 02:08[icct.rl_helpers.eval_callback]INFO | (Eval ) num_timesteps=687000, Reward=-87.13 +/- 29.96, EpLength: 1600.00 +/- 0.00
21-04-24 02:09[icct.rl_helpers.eval_callback]INFO | (Eval ) num_timesteps=688500, Reward=-14.91 +/- 4.30, EpLength: 1600.00 +/- 0.00
21-04-24 02:11[icct.rl_helpers.eval_callback]INFO | (Eval ) num_timesteps=690000, Reward=-48.85 +/- 0.06, EpLength: 1600.00 +/- 0.00
21-04-24 02:12[icct.rl_helpers.eval_callback]INFO | (Train) Episode: 490, Avg Reward: -26.628000195034502, Best: -21.187300649050375
21-04-24 02:12[icct.rl_helpers.eval_callback]INFO | (Eval ) num_timesteps=691500, Reward=-20.94 +/- 0.02, EpLength: 1600.00 +/- 0.00
21-04-24 02:13[icct.rl_helpers.eval_callback]INFO | (Eval ) num_timesteps=693000, Reward=-12.20 +/- 0.20, EpLength: 1600.00 +/- 0.00
21-04-24 02:14[icct.rl_helpers.eval_callback]INFO | (Eval ) num_timesteps=694500, Reward=-18.90 +/- 1.96, EpLength: 1600.00 +/- 0.00
21-04-24 02:15[icct.rl_helpers.eval_callback]INFO | (Eval ) num_timesteps=696000, Reward=-22.52 +/- 6.05, EpLength: 1600.00 +/- 0.00
21-04-24 02:17[icct.rl_helpers.eval_callback]INFO | (Eval ) num_timesteps=697500, Reward=-10.27 +/- 0.05, EpLength: 1600.00 +/- 0.00
21-04-24 02:18[icct.rl_helpers.eval_callback]INFO | (Eval ) num_timesteps=699000, Reward=-19.62 +/- 1.30, EpLength: 1600.00 +/- 0.00
21-04-24 02:18[root]INFO | [END]======> Execution time of seed 17: 10 hours, 59 minutes, 53 seconds
