20-04-24 02:42[root]INFO | Training on env: walker
20-04-24 02:42[root]INFO | Agent Type: dgt
20-04-24 02:42[root]INFO | Log Directory: ./logs/walker_cpu/dgt/64leaves_01-42-02-20-Apr_Final/
20-04-24 02:42[root]INFO | GPU?: False
20-04-24 02:42[root]INFO | Num Leaves: 64
20-04-24 02:42[root]INFO | DGT Policy
20-04-24 02:42[root]INFO | Value Net Size: [256, 256]
20-04-24 02:42[root]INFO | [START]======> Training Started for Seed [23]: 2024-04-20 02:42:32
20-04-24 02:42[root]INFO | actor: DGTActor(
  (features_extractor): FlattenExtractor(
    (flatten): Flatten(start_dim=1, end_dim=-1)
  )
  (drnet): DGT(
    (_and_act_fn): Softmax(dim=-1)
    (_predicate_l): Sequential(
      (0): Linear(in_features=24, out_features=63, bias=True)
    )
    (_and_l): XLinear(
      (_l): Linear(in_features=63, out_features=64, bias=False)
    )
    (_or_l): XLinear(
      (_l): Linear(in_features=64, out_features=4, bias=False)
    )
  )
)
20-04-24 02:42[icct.rl_helpers.eval_callback]INFO | (Eval ) num_timesteps=1500, Reward=-100.71 +/- 0.08, EpLength: 80.80 +/- 1.33
20-04-24 02:42[icct.rl_helpers.eval_callback]INFO | (Save ) Storing Best Model: New best mean reward!
20-04-24 02:42[icct.rl_helpers.eval_callback]INFO | (Train) Episode: 0, Avg Reward: -83.35245116192823, Best: -83.35245116192823
20-04-24 02:42[icct.rl_helpers.eval_callback]INFO | (Eval ) num_timesteps=3000, Reward=-100.59 +/- 0.11, EpLength: 80.80 +/- 0.98
20-04-24 02:42[icct.rl_helpers.eval_callback]INFO | (Save ) Storing Best Model: New best mean reward!
20-04-24 02:42[icct.rl_helpers.eval_callback]INFO | (Eval ) num_timesteps=4500, Reward=-100.58 +/- 0.25, EpLength: 80.40 +/- 0.80
20-04-24 02:42[icct.rl_helpers.eval_callback]INFO | (Save ) Storing Best Model: New best mean reward!
20-04-24 02:42[icct.rl_helpers.eval_callback]INFO | (Eval ) num_timesteps=6000, Reward=-100.63 +/- 0.12, EpLength: 80.20 +/- 0.98
20-04-24 02:42[icct.rl_helpers.eval_callback]INFO | (Train) Episode: 10, Avg Reward: -102.01928043491925, Best: -83.35245116192823
20-04-24 02:42[icct.rl_helpers.eval_callback]INFO | (Eval ) num_timesteps=7500, Reward=-100.47 +/- 0.21, EpLength: 80.60 +/- 0.80
20-04-24 02:42[icct.rl_helpers.eval_callback]INFO | (Save ) Storing Best Model: New best mean reward!
20-04-24 02:42[icct.rl_helpers.eval_callback]INFO | (Eval ) num_timesteps=9000, Reward=-100.56 +/- 0.25, EpLength: 81.20 +/- 0.98
20-04-24 02:42[icct.rl_helpers.eval_callback]INFO | (Train) Episode: 20, Avg Reward: -103.73881640629514, Best: -83.35245116192823
20-04-24 02:43[icct.rl_helpers.eval_callback]INFO | (Eval ) num_timesteps=10500, Reward=-106.25 +/- 0.11, EpLength: 87.00 +/- 0.89
20-04-24 02:44[icct.rl_helpers.eval_callback]INFO | (Train) Episode: 30, Avg Reward: -107.88018631143933, Best: -83.35245116192823
20-04-24 02:44[icct.rl_helpers.eval_callback]INFO | (Eval ) num_timesteps=12000, Reward=-160.84 +/- 28.32, EpLength: 985.20 +/- 553.71
20-04-24 02:45[icct.rl_helpers.eval_callback]INFO | (Eval ) num_timesteps=13500, Reward=-105.98 +/- 0.60, EpLength: 74.40 +/- 1.74
20-04-24 02:47[icct.rl_helpers.eval_callback]INFO | (Eval ) num_timesteps=15000, Reward=-119.35 +/- 0.31, EpLength: 1600.00 +/- 0.00
20-04-24 02:49[icct.rl_helpers.eval_callback]INFO | (Eval ) num_timesteps=16500, Reward=-82.68 +/- 0.48, EpLength: 1600.00 +/- 0.00
20-04-24 02:49[icct.rl_helpers.eval_callback]INFO | (Save ) Storing Best Model: New best mean reward!
20-04-24 02:50[icct.rl_helpers.eval_callback]INFO | (Eval ) num_timesteps=18000, Reward=-96.85 +/- 0.03, EpLength: 1600.00 +/- 0.00
20-04-24 02:52[icct.rl_helpers.eval_callback]INFO | (Eval ) num_timesteps=19500, Reward=-139.32 +/- 1.14, EpLength: 1600.00 +/- 0.00
20-04-24 02:53[icct.rl_helpers.eval_callback]INFO | (Eval ) num_timesteps=21000, Reward=-137.88 +/- 2.44, EpLength: 1600.00 +/- 0.00
20-04-24 02:55[icct.rl_helpers.eval_callback]INFO | (Eval ) num_timesteps=22500, Reward=-102.90 +/- 8.72, EpLength: 1294.80 +/- 610.40
20-04-24 02:55[icct.rl_helpers.eval_callback]INFO | (Train) Episode: 40, Avg Reward: -112.75029535130548, Best: -83.35245116192823
20-04-24 02:56[icct.rl_helpers.eval_callback]INFO | (Eval ) num_timesteps=24000, Reward=-110.40 +/- 0.54, EpLength: 65.60 +/- 3.50
20-04-24 02:57[icct.rl_helpers.eval_callback]INFO | (Eval ) num_timesteps=25500, Reward=-117.63 +/- 0.16, EpLength: 56.60 +/- 0.49
20-04-24 02:59[icct.rl_helpers.eval_callback]INFO | (Eval ) num_timesteps=27000, Reward=-118.98 +/- 0.06, EpLength: 1600.00 +/- 0.00
20-04-24 03:00[icct.rl_helpers.eval_callback]INFO | (Eval ) num_timesteps=28500, Reward=-121.19 +/- 0.08, EpLength: 1600.00 +/- 0.00
20-04-24 03:02[icct.rl_helpers.eval_callback]INFO | (Eval ) num_timesteps=30000, Reward=-101.76 +/- 0.04, EpLength: 1600.00 +/- 0.00
20-04-24 03:03[icct.rl_helpers.eval_callback]INFO | (Eval ) num_timesteps=31500, Reward=-103.37 +/- 6.38, EpLength: 1600.00 +/- 0.00
20-04-24 03:05[icct.rl_helpers.eval_callback]INFO | (Eval ) num_timesteps=33000, Reward=-105.25 +/- 0.07, EpLength: 1600.00 +/- 0.00
20-04-24 03:06[icct.rl_helpers.eval_callback]INFO | (Eval ) num_timesteps=34500, Reward=-89.64 +/- 6.78, EpLength: 1600.00 +/- 0.00
20-04-24 03:08[icct.rl_helpers.eval_callback]INFO | (Eval ) num_timesteps=36000, Reward=-116.00 +/- 0.05, EpLength: 1600.00 +/- 0.00
20-04-24 03:08[icct.rl_helpers.eval_callback]INFO | (Train) Episode: 50, Avg Reward: -112.18467610308669, Best: -83.35245116192823
20-04-24 03:09[icct.rl_helpers.eval_callback]INFO | (Eval ) num_timesteps=37500, Reward=-126.22 +/- 0.01, EpLength: 1600.00 +/- 0.00
20-04-24 03:10[icct.rl_helpers.eval_callback]INFO | (Eval ) num_timesteps=39000, Reward=-118.32 +/- 0.16, EpLength: 62.00 +/- 0.63
20-04-24 03:12[icct.rl_helpers.eval_callback]INFO | (Eval ) num_timesteps=40500, Reward=-117.01 +/- 0.03, EpLength: 1600.00 +/- 0.00
20-04-24 03:13[icct.rl_helpers.eval_callback]INFO | (Eval ) num_timesteps=42000, Reward=-120.65 +/- 0.03, EpLength: 1600.00 +/- 0.00
20-04-24 03:15[icct.rl_helpers.eval_callback]INFO | (Eval ) num_timesteps=43500, Reward=-120.27 +/- 3.10, EpLength: 50.80 +/- 3.43
20-04-24 03:16[icct.rl_helpers.eval_callback]INFO | (Eval ) num_timesteps=45000, Reward=-119.60 +/- 1.49, EpLength: 1600.00 +/- 0.00
20-04-24 03:18[icct.rl_helpers.eval_callback]INFO | (Eval ) num_timesteps=46500, Reward=-122.86 +/- 0.98, EpLength: 1600.00 +/- 0.00
20-04-24 03:19[icct.rl_helpers.eval_callback]INFO | (Train) Episode: 60, Avg Reward: -113.18736723225378, Best: -83.35245116192823
20-04-24 03:19[icct.rl_helpers.eval_callback]INFO | (Eval ) num_timesteps=48000, Reward=-111.79 +/- 0.36, EpLength: 1600.00 +/- 0.00
20-04-24 03:19[icct.rl_helpers.eval_callback]INFO | (Train) Episode: 70, Avg Reward: -112.39320992733262, Best: -83.35245116192823
20-04-24 03:20[icct.rl_helpers.eval_callback]INFO | (Train) Episode: 80, Avg Reward: -112.4420476946898, Best: -83.35245116192823
20-04-24 03:20[icct.rl_helpers.eval_callback]INFO | (Eval ) num_timesteps=49500, Reward=-100.35 +/- 17.58, EpLength: 1600.00 +/- 0.00
20-04-24 03:22[icct.rl_helpers.eval_callback]INFO | (Eval ) num_timesteps=51000, Reward=-115.89 +/- 1.50, EpLength: 1600.00 +/- 0.00
20-04-24 03:23[icct.rl_helpers.eval_callback]INFO | (Eval ) num_timesteps=52500, Reward=-141.55 +/- 4.79, EpLength: 289.20 +/- 53.19
20-04-24 03:24[icct.rl_helpers.eval_callback]INFO | (Eval ) num_timesteps=54000, Reward=-155.51 +/- 0.57, EpLength: 1600.00 +/- 0.00
20-04-24 03:26[icct.rl_helpers.eval_callback]INFO | (Eval ) num_timesteps=55500, Reward=-125.45 +/- 0.05, EpLength: 1600.00 +/- 0.00
20-04-24 03:27[icct.rl_helpers.eval_callback]INFO | (Eval ) num_timesteps=57000, Reward=-126.57 +/- 0.07, EpLength: 1600.00 +/- 0.00
20-04-24 03:29[icct.rl_helpers.eval_callback]INFO | (Eval ) num_timesteps=58500, Reward=-113.81 +/- 0.01, EpLength: 1600.00 +/- 0.00
20-04-24 03:30[icct.rl_helpers.eval_callback]INFO | (Eval ) num_timesteps=60000, Reward=-129.20 +/- 0.01, EpLength: 47.00 +/- 0.00
20-04-24 03:30[icct.rl_helpers.eval_callback]INFO | (Train) Episode: 90, Avg Reward: -113.11029505455504, Best: -83.35245116192823
20-04-24 03:31[icct.rl_helpers.eval_callback]INFO | (Eval ) num_timesteps=61500, Reward=-136.61 +/- 0.12, EpLength: 1600.00 +/- 0.00
20-04-24 03:33[icct.rl_helpers.eval_callback]INFO | (Eval ) num_timesteps=63000, Reward=-127.00 +/- 1.49, EpLength: 1600.00 +/- 0.00
20-04-24 03:34[icct.rl_helpers.eval_callback]INFO | (Eval ) num_timesteps=64500, Reward=-124.87 +/- 0.05, EpLength: 1600.00 +/- 0.00
20-04-24 03:36[icct.rl_helpers.eval_callback]INFO | (Eval ) num_timesteps=66000, Reward=-102.18 +/- 0.37, EpLength: 132.80 +/- 5.38
20-04-24 03:37[icct.rl_helpers.eval_callback]INFO | (Eval ) num_timesteps=67500, Reward=-103.13 +/- 0.17, EpLength: 129.20 +/- 2.04
20-04-24 03:39[icct.rl_helpers.eval_callback]INFO | (Eval ) num_timesteps=69000, Reward=-73.11 +/- 1.65, EpLength: 1600.00 +/- 0.00
20-04-24 03:39[icct.rl_helpers.eval_callback]INFO | (Save ) Storing Best Model: New best mean reward!
20-04-24 03:40[icct.rl_helpers.eval_callback]INFO | (Eval ) num_timesteps=70500, Reward=-94.87 +/- 0.03, EpLength: 1600.00 +/- 0.00
20-04-24 03:41[icct.rl_helpers.eval_callback]INFO | (Eval ) num_timesteps=72000, Reward=-115.43 +/- 0.01, EpLength: 1600.00 +/- 0.00
20-04-24 03:43[icct.rl_helpers.eval_callback]INFO | (Eval ) num_timesteps=73500, Reward=-76.81 +/- 0.82, EpLength: 1600.00 +/- 0.00
20-04-24 03:43[icct.rl_helpers.eval_callback]INFO | (Train) Episode: 100, Avg Reward: -113.41140651750767, Best: -83.35245116192823
20-04-24 03:44[icct.rl_helpers.eval_callback]INFO | (Eval ) num_timesteps=75000, Reward=-140.58 +/- 0.12, EpLength: 1600.00 +/- 0.00
20-04-24 03:46[icct.rl_helpers.eval_callback]INFO | (Eval ) num_timesteps=76500, Reward=-132.04 +/- 0.06, EpLength: 1600.00 +/- 0.00
20-04-24 03:47[icct.rl_helpers.eval_callback]INFO | (Eval ) num_timesteps=78000, Reward=-138.22 +/- 0.25, EpLength: 1600.00 +/- 0.00
20-04-24 03:49[icct.rl_helpers.eval_callback]INFO | (Eval ) num_timesteps=79500, Reward=-76.01 +/- 0.34, EpLength: 1600.00 +/- 0.00
20-04-24 03:50[icct.rl_helpers.eval_callback]INFO | (Eval ) num_timesteps=81000, Reward=-125.45 +/- 0.45, EpLength: 1600.00 +/- 0.00
20-04-24 03:51[icct.rl_helpers.eval_callback]INFO | (Eval ) num_timesteps=82500, Reward=-121.90 +/- 0.01, EpLength: 1600.00 +/- 0.00
20-04-24 03:53[icct.rl_helpers.eval_callback]INFO | (Eval ) num_timesteps=84000, Reward=-130.17 +/- 0.38, EpLength: 1310.80 +/- 578.40
20-04-24 03:54[icct.rl_helpers.eval_callback]INFO | (Eval ) num_timesteps=85500, Reward=-123.48 +/- 0.12, EpLength: 1600.00 +/- 0.00
20-04-24 03:55[icct.rl_helpers.eval_callback]INFO | (Eval ) num_timesteps=87000, Reward=-131.14 +/- 0.22, EpLength: 1600.00 +/- 0.00
20-04-24 03:56[icct.rl_helpers.eval_callback]INFO | (Train) Episode: 110, Avg Reward: -114.29914694195057, Best: -83.35245116192823
20-04-24 03:57[icct.rl_helpers.eval_callback]INFO | (Eval ) num_timesteps=88500, Reward=-137.18 +/- 0.06, EpLength: 1600.00 +/- 0.00
20-04-24 03:58[icct.rl_helpers.eval_callback]INFO | (Eval ) num_timesteps=90000, Reward=-125.90 +/- 0.88, EpLength: 1600.00 +/- 0.00
20-04-24 04:00[icct.rl_helpers.eval_callback]INFO | (Eval ) num_timesteps=91500, Reward=-141.44 +/- 11.68, EpLength: 1600.00 +/- 0.00
20-04-24 04:01[icct.rl_helpers.eval_callback]INFO | (Eval ) num_timesteps=93000, Reward=-129.34 +/- 0.37, EpLength: 1600.00 +/- 0.00
20-04-24 04:03[icct.rl_helpers.eval_callback]INFO | (Eval ) num_timesteps=94500, Reward=-124.39 +/- 0.41, EpLength: 118.40 +/- 7.14
20-04-24 04:04[icct.rl_helpers.eval_callback]INFO | (Eval ) num_timesteps=96000, Reward=-110.67 +/- 0.24, EpLength: 1600.00 +/- 0.00
20-04-24 04:05[icct.rl_helpers.eval_callback]INFO | (Eval ) num_timesteps=97500, Reward=-113.36 +/- 0.64, EpLength: 40.40 +/- 0.80
20-04-24 04:07[icct.rl_helpers.eval_callback]INFO | (Eval ) num_timesteps=99000, Reward=-133.37 +/- 0.09, EpLength: 1600.00 +/- 0.00
20-04-24 04:09[icct.rl_helpers.eval_callback]INFO | (Eval ) num_timesteps=100500, Reward=-117.15 +/- 1.75, EpLength: 1600.00 +/- 0.00
20-04-24 04:10[icct.rl_helpers.eval_callback]INFO | (Eval ) num_timesteps=102000, Reward=-134.46 +/- 17.04, EpLength: 760.80 +/- 685.34
20-04-24 04:10[icct.rl_helpers.eval_callback]INFO | (Train) Episode: 120, Avg Reward: -115.43685759721768, Best: -83.35245116192823
20-04-24 04:11[icct.rl_helpers.eval_callback]INFO | (Eval ) num_timesteps=103500, Reward=-91.88 +/- 1.38, EpLength: 1600.00 +/- 0.00
20-04-24 04:13[icct.rl_helpers.eval_callback]INFO | (Eval ) num_timesteps=105000, Reward=-90.46 +/- 0.05, EpLength: 1600.00 +/- 0.00
20-04-24 04:14[icct.rl_helpers.eval_callback]INFO | (Eval ) num_timesteps=106500, Reward=-103.86 +/- 0.02, EpLength: 1600.00 +/- 0.00
20-04-24 04:16[icct.rl_helpers.eval_callback]INFO | (Eval ) num_timesteps=108000, Reward=-148.00 +/- 0.04, EpLength: 1600.00 +/- 0.00
20-04-24 04:17[icct.rl_helpers.eval_callback]INFO | (Eval ) num_timesteps=109500, Reward=-124.81 +/- 0.02, EpLength: 1600.00 +/- 0.00
20-04-24 04:18[icct.rl_helpers.eval_callback]INFO | (Eval ) num_timesteps=111000, Reward=-107.11 +/- 0.12, EpLength: 1600.00 +/- 0.00
20-04-24 04:20[icct.rl_helpers.eval_callback]INFO | (Eval ) num_timesteps=112500, Reward=-119.66 +/- 0.01, EpLength: 1600.00 +/- 0.00
20-04-24 04:22[icct.rl_helpers.eval_callback]INFO | (Eval ) num_timesteps=114000, Reward=-110.79 +/- 0.01, EpLength: 1600.00 +/- 0.00
20-04-24 04:23[icct.rl_helpers.eval_callback]INFO | (Eval ) num_timesteps=115500, Reward=-105.75 +/- 0.18, EpLength: 1600.00 +/- 0.00
20-04-24 04:23[icct.rl_helpers.eval_callback]INFO | (Train) Episode: 130, Avg Reward: -114.64690267788897, Best: -83.35245116192823
20-04-24 04:24[icct.rl_helpers.eval_callback]INFO | (Eval ) num_timesteps=117000, Reward=-88.54 +/- 0.03, EpLength: 1600.00 +/- 0.00
20-04-24 04:26[icct.rl_helpers.eval_callback]INFO | (Eval ) num_timesteps=118500, Reward=-122.61 +/- 3.54, EpLength: 1600.00 +/- 0.00
20-04-24 04:27[icct.rl_helpers.eval_callback]INFO | (Eval ) num_timesteps=120000, Reward=-139.17 +/- 0.33, EpLength: 1600.00 +/- 0.00
20-04-24 04:29[icct.rl_helpers.eval_callback]INFO | (Eval ) num_timesteps=121500, Reward=-124.71 +/- 0.02, EpLength: 1600.00 +/- 0.00
20-04-24 04:30[icct.rl_helpers.eval_callback]INFO | (Eval ) num_timesteps=123000, Reward=-132.07 +/- 0.01, EpLength: 1600.00 +/- 0.00
20-04-24 04:32[icct.rl_helpers.eval_callback]INFO | (Eval ) num_timesteps=124500, Reward=-144.14 +/- 0.09, EpLength: 1600.00 +/- 0.00
20-04-24 04:33[icct.rl_helpers.eval_callback]INFO | (Eval ) num_timesteps=126000, Reward=-82.69 +/- 0.10, EpLength: 1600.00 +/- 0.00
20-04-24 04:34[icct.rl_helpers.eval_callback]INFO | (Eval ) num_timesteps=127500, Reward=-103.41 +/- 1.65, EpLength: 116.60 +/- 6.86
20-04-24 04:36[icct.rl_helpers.eval_callback]INFO | (Eval ) num_timesteps=129000, Reward=-146.34 +/- 0.01, EpLength: 1600.00 +/- 0.00
20-04-24 04:36[icct.rl_helpers.eval_callback]INFO | (Train) Episode: 140, Avg Reward: -113.21465314645192, Best: -83.35245116192823
20-04-24 04:37[icct.rl_helpers.eval_callback]INFO | (Eval ) num_timesteps=130500, Reward=-140.44 +/- 0.02, EpLength: 1600.00 +/- 0.00
20-04-24 04:39[icct.rl_helpers.eval_callback]INFO | (Eval ) num_timesteps=132000, Reward=-158.41 +/- 0.04, EpLength: 1600.00 +/- 0.00
20-04-24 04:40[icct.rl_helpers.eval_callback]INFO | (Eval ) num_timesteps=133500, Reward=-129.18 +/- 0.08, EpLength: 1600.00 +/- 0.00
20-04-24 04:42[icct.rl_helpers.eval_callback]INFO | (Eval ) num_timesteps=135000, Reward=-119.82 +/- 0.05, EpLength: 1600.00 +/- 0.00
20-04-24 04:43[icct.rl_helpers.eval_callback]INFO | (Eval ) num_timesteps=136500, Reward=-119.40 +/- 0.07, EpLength: 1600.00 +/- 0.00
20-04-24 04:44[icct.rl_helpers.eval_callback]INFO | (Eval ) num_timesteps=138000, Reward=-128.34 +/- 0.03, EpLength: 1600.00 +/- 0.00
20-04-24 04:46[icct.rl_helpers.eval_callback]INFO | (Eval ) num_timesteps=139500, Reward=-112.67 +/- 1.02, EpLength: 46.80 +/- 13.11
20-04-24 04:47[icct.rl_helpers.eval_callback]INFO | (Eval ) num_timesteps=141000, Reward=-131.03 +/- 0.26, EpLength: 1600.00 +/- 0.00
20-04-24 04:48[icct.rl_helpers.eval_callback]INFO | (Train) Episode: 150, Avg Reward: -114.10228736527239, Best: -83.35245116192823
20-04-24 04:48[icct.rl_helpers.eval_callback]INFO | (Eval ) num_timesteps=142500, Reward=-120.90 +/- 2.63, EpLength: 1600.00 +/- 0.00
20-04-24 04:50[icct.rl_helpers.eval_callback]INFO | (Eval ) num_timesteps=144000, Reward=-106.15 +/- 0.73, EpLength: 1600.00 +/- 0.00
20-04-24 04:51[icct.rl_helpers.eval_callback]INFO | (Eval ) num_timesteps=145500, Reward=-123.09 +/- 0.01, EpLength: 1600.00 +/- 0.00
20-04-24 04:53[icct.rl_helpers.eval_callback]INFO | (Eval ) num_timesteps=147000, Reward=-78.28 +/- 0.02, EpLength: 1600.00 +/- 0.00
20-04-24 04:54[icct.rl_helpers.eval_callback]INFO | (Eval ) num_timesteps=148500, Reward=-113.61 +/- 0.14, EpLength: 40.80 +/- 0.40
20-04-24 04:55[icct.rl_helpers.eval_callback]INFO | (Eval ) num_timesteps=150000, Reward=-125.77 +/- 0.04, EpLength: 1600.00 +/- 0.00
20-04-24 04:57[icct.rl_helpers.eval_callback]INFO | (Eval ) num_timesteps=151500, Reward=-103.24 +/- 1.64, EpLength: 1600.00 +/- 0.00
20-04-24 04:58[icct.rl_helpers.eval_callback]INFO | (Eval ) num_timesteps=153000, Reward=-102.78 +/- 0.13, EpLength: 1600.00 +/- 0.00
20-04-24 05:00[icct.rl_helpers.eval_callback]INFO | (Eval ) num_timesteps=154500, Reward=-109.31 +/- 0.02, EpLength: 1600.00 +/- 0.00
20-04-24 05:01[icct.rl_helpers.eval_callback]INFO | (Eval ) num_timesteps=156000, Reward=-100.89 +/- 0.11, EpLength: 1600.00 +/- 0.00
20-04-24 05:03[icct.rl_helpers.eval_callback]INFO | (Eval ) num_timesteps=157500, Reward=-124.65 +/- 4.03, EpLength: 1600.00 +/- 0.00
20-04-24 05:03[icct.rl_helpers.eval_callback]INFO | (Train) Episode: 160, Avg Reward: -113.3623905489422, Best: -83.35245116192823
20-04-24 05:04[icct.rl_helpers.eval_callback]INFO | (Eval ) num_timesteps=159000, Reward=-113.43 +/- 0.11, EpLength: 43.00 +/- 0.00
20-04-24 05:06[icct.rl_helpers.eval_callback]INFO | (Eval ) num_timesteps=160500, Reward=-139.85 +/- 0.01, EpLength: 1600.00 +/- 0.00
20-04-24 05:07[icct.rl_helpers.eval_callback]INFO | (Eval ) num_timesteps=162000, Reward=-111.78 +/- 0.01, EpLength: 1600.00 +/- 0.00
20-04-24 05:09[icct.rl_helpers.eval_callback]INFO | (Eval ) num_timesteps=163500, Reward=-131.40 +/- 7.61, EpLength: 1600.00 +/- 0.00
20-04-24 05:10[icct.rl_helpers.eval_callback]INFO | (Eval ) num_timesteps=165000, Reward=-142.60 +/- 0.01, EpLength: 1600.00 +/- 0.00
20-04-24 05:12[icct.rl_helpers.eval_callback]INFO | (Eval ) num_timesteps=166500, Reward=-122.76 +/- 0.02, EpLength: 1600.00 +/- 0.00
20-04-24 05:13[icct.rl_helpers.eval_callback]INFO | (Eval ) num_timesteps=168000, Reward=-157.86 +/- 0.09, EpLength: 1600.00 +/- 0.00
20-04-24 05:15[icct.rl_helpers.eval_callback]INFO | (Eval ) num_timesteps=169500, Reward=-133.71 +/- 0.01, EpLength: 1600.00 +/- 0.00
20-04-24 05:16[icct.rl_helpers.eval_callback]INFO | (Eval ) num_timesteps=171000, Reward=-157.52 +/- 1.90, EpLength: 1600.00 +/- 0.00
20-04-24 05:18[icct.rl_helpers.eval_callback]INFO | (Eval ) num_timesteps=172500, Reward=-167.26 +/- 0.57, EpLength: 1600.00 +/- 0.00
20-04-24 05:18[icct.rl_helpers.eval_callback]INFO | (Train) Episode: 170, Avg Reward: -115.32235395326941, Best: -83.35245116192823
20-04-24 05:19[icct.rl_helpers.eval_callback]INFO | (Eval ) num_timesteps=174000, Reward=-162.49 +/- 0.02, EpLength: 1600.00 +/- 0.00
20-04-24 05:20[icct.rl_helpers.eval_callback]INFO | (Eval ) num_timesteps=175500, Reward=-126.95 +/- 12.75, EpLength: 389.40 +/- 605.30
20-04-24 05:22[icct.rl_helpers.eval_callback]INFO | (Eval ) num_timesteps=177000, Reward=-111.06 +/- 0.04, EpLength: 1600.00 +/- 0.00
20-04-24 05:23[icct.rl_helpers.eval_callback]INFO | (Eval ) num_timesteps=178500, Reward=-133.12 +/- 0.13, EpLength: 1600.00 +/- 0.00
20-04-24 05:25[icct.rl_helpers.eval_callback]INFO | (Eval ) num_timesteps=180000, Reward=-148.75 +/- 0.06, EpLength: 1600.00 +/- 0.00
20-04-24 05:26[icct.rl_helpers.eval_callback]INFO | (Eval ) num_timesteps=181500, Reward=-129.43 +/- 0.01, EpLength: 1600.00 +/- 0.00
20-04-24 05:27[icct.rl_helpers.eval_callback]INFO | (Eval ) num_timesteps=183000, Reward=-115.15 +/- 0.02, EpLength: 1600.00 +/- 0.00
20-04-24 05:29[icct.rl_helpers.eval_callback]INFO | (Eval ) num_timesteps=184500, Reward=-122.86 +/- 0.02, EpLength: 1600.00 +/- 0.00
20-04-24 05:30[icct.rl_helpers.eval_callback]INFO | (Eval ) num_timesteps=186000, Reward=-133.99 +/- 0.17, EpLength: 1600.00 +/- 0.00
20-04-24 05:31[icct.rl_helpers.eval_callback]INFO | (Train) Episode: 180, Avg Reward: -116.467530186454, Best: -83.35245116192823
20-04-24 05:31[icct.rl_helpers.eval_callback]INFO | (Eval ) num_timesteps=187500, Reward=-120.26 +/- 5.40, EpLength: 668.20 +/- 760.81
20-04-24 05:33[icct.rl_helpers.eval_callback]INFO | (Eval ) num_timesteps=189000, Reward=-107.57 +/- 0.01, EpLength: 1600.00 +/- 0.00
20-04-24 05:34[icct.rl_helpers.eval_callback]INFO | (Eval ) num_timesteps=190500, Reward=-111.22 +/- 0.02, EpLength: 1600.00 +/- 0.00
20-04-24 05:36[icct.rl_helpers.eval_callback]INFO | (Eval ) num_timesteps=192000, Reward=-101.39 +/- 2.23, EpLength: 1600.00 +/- 0.00
20-04-24 05:37[icct.rl_helpers.eval_callback]INFO | (Eval ) num_timesteps=193500, Reward=-105.44 +/- 0.02, EpLength: 1600.00 +/- 0.00
20-04-24 05:39[icct.rl_helpers.eval_callback]INFO | (Eval ) num_timesteps=195000, Reward=-113.32 +/- 0.01, EpLength: 1600.00 +/- 0.00
20-04-24 05:40[icct.rl_helpers.eval_callback]INFO | (Eval ) num_timesteps=196500, Reward=-97.42 +/- 4.47, EpLength: 1600.00 +/- 0.00
20-04-24 05:42[icct.rl_helpers.eval_callback]INFO | (Eval ) num_timesteps=198000, Reward=-82.64 +/- 0.10, EpLength: 1600.00 +/- 0.00
20-04-24 05:43[icct.rl_helpers.eval_callback]INFO | (Eval ) num_timesteps=199500, Reward=-92.26 +/- 0.18, EpLength: 1600.00 +/- 0.00
20-04-24 05:44[icct.rl_helpers.eval_callback]INFO | (Train) Episode: 190, Avg Reward: -115.10130317101695, Best: -83.35245116192823
20-04-24 05:44[icct.rl_helpers.eval_callback]INFO | (Eval ) num_timesteps=201000, Reward=-46.56 +/- 0.43, EpLength: 1600.00 +/- 0.00
20-04-24 05:44[icct.rl_helpers.eval_callback]INFO | (Save ) Storing Best Model: New best mean reward!
20-04-24 05:46[icct.rl_helpers.eval_callback]INFO | (Eval ) num_timesteps=202500, Reward=-64.03 +/- 9.85, EpLength: 1600.00 +/- 0.00
20-04-24 05:47[icct.rl_helpers.eval_callback]INFO | (Eval ) num_timesteps=204000, Reward=-123.29 +/- 0.39, EpLength: 121.80 +/- 4.96
20-04-24 05:49[icct.rl_helpers.eval_callback]INFO | (Eval ) num_timesteps=205500, Reward=-103.96 +/- 0.04, EpLength: 1600.00 +/- 0.00
20-04-24 05:50[icct.rl_helpers.eval_callback]INFO | (Eval ) num_timesteps=207000, Reward=-112.49 +/- 20.61, EpLength: 391.20 +/- 604.41
20-04-24 05:51[icct.rl_helpers.eval_callback]INFO | (Eval ) num_timesteps=208500, Reward=-118.07 +/- 0.03, EpLength: 1600.00 +/- 0.00
20-04-24 05:52[icct.rl_helpers.eval_callback]INFO | (Eval ) num_timesteps=210000, Reward=-107.85 +/- 0.04, EpLength: 1600.00 +/- 0.00
20-04-24 05:54[icct.rl_helpers.eval_callback]INFO | (Eval ) num_timesteps=211500, Reward=-112.94 +/- 2.27, EpLength: 1600.00 +/- 0.00
20-04-24 05:56[icct.rl_helpers.eval_callback]INFO | (Eval ) num_timesteps=213000, Reward=-131.83 +/- 0.14, EpLength: 1600.00 +/- 0.00
20-04-24 05:57[icct.rl_helpers.eval_callback]INFO | (Eval ) num_timesteps=214500, Reward=-118.02 +/- 0.05, EpLength: 1600.00 +/- 0.00
20-04-24 05:58[icct.rl_helpers.eval_callback]INFO | (Train) Episode: 200, Avg Reward: -113.99095674757687, Best: -83.35245116192823
20-04-24 05:59[icct.rl_helpers.eval_callback]INFO | (Eval ) num_timesteps=216000, Reward=-111.68 +/- 0.01, EpLength: 1600.00 +/- 0.00
20-04-24 06:00[icct.rl_helpers.eval_callback]INFO | (Eval ) num_timesteps=217500, Reward=-129.35 +/- 0.06, EpLength: 1600.00 +/- 0.00
20-04-24 06:01[icct.rl_helpers.eval_callback]INFO | (Eval ) num_timesteps=219000, Reward=-122.96 +/- 0.17, EpLength: 1600.00 +/- 0.00
20-04-24 06:03[icct.rl_helpers.eval_callback]INFO | (Eval ) num_timesteps=220500, Reward=-143.72 +/- 0.03, EpLength: 1600.00 +/- 0.00
20-04-24 06:04[icct.rl_helpers.eval_callback]INFO | (Eval ) num_timesteps=222000, Reward=-106.35 +/- 0.09, EpLength: 1600.00 +/- 0.00
20-04-24 06:05[icct.rl_helpers.eval_callback]INFO | (Eval ) num_timesteps=223500, Reward=-114.14 +/- 0.01, EpLength: 1600.00 +/- 0.00
20-04-24 06:07[icct.rl_helpers.eval_callback]INFO | (Eval ) num_timesteps=225000, Reward=-126.91 +/- 0.24, EpLength: 1600.00 +/- 0.00
20-04-24 06:08[icct.rl_helpers.eval_callback]INFO | (Eval ) num_timesteps=226500, Reward=-112.98 +/- 0.02, EpLength: 1600.00 +/- 0.00
20-04-24 06:09[icct.rl_helpers.eval_callback]INFO | (Eval ) num_timesteps=228000, Reward=-118.85 +/- 0.02, EpLength: 1600.00 +/- 0.00
20-04-24 06:11[icct.rl_helpers.eval_callback]INFO | (Eval ) num_timesteps=229500, Reward=-129.35 +/- 0.02, EpLength: 1600.00 +/- 0.00
20-04-24 06:12[icct.rl_helpers.eval_callback]INFO | (Eval ) num_timesteps=231000, Reward=-121.91 +/- 0.03, EpLength: 1600.00 +/- 0.00
20-04-24 06:12[icct.rl_helpers.eval_callback]INFO | (Train) Episode: 210, Avg Reward: -114.79618525067943, Best: -83.35245116192823
20-04-24 06:13[icct.rl_helpers.eval_callback]INFO | (Eval ) num_timesteps=232500, Reward=-90.28 +/- 13.97, EpLength: 1600.00 +/- 0.00
20-04-24 06:15[icct.rl_helpers.eval_callback]INFO | (Eval ) num_timesteps=234000, Reward=-127.22 +/- 0.05, EpLength: 1600.00 +/- 0.00
20-04-24 06:16[icct.rl_helpers.eval_callback]INFO | (Eval ) num_timesteps=235500, Reward=-136.17 +/- 0.02, EpLength: 1600.00 +/- 0.00
20-04-24 06:18[icct.rl_helpers.eval_callback]INFO | (Eval ) num_timesteps=237000, Reward=-122.68 +/- 0.12, EpLength: 1600.00 +/- 0.00
20-04-24 06:19[icct.rl_helpers.eval_callback]INFO | (Eval ) num_timesteps=238500, Reward=-128.28 +/- 0.02, EpLength: 1600.00 +/- 0.00
20-04-24 06:20[icct.rl_helpers.eval_callback]INFO | (Eval ) num_timesteps=240000, Reward=-119.95 +/- 0.02, EpLength: 1600.00 +/- 0.00
20-04-24 06:21[icct.rl_helpers.eval_callback]INFO | (Eval ) num_timesteps=241500, Reward=-126.01 +/- 0.05, EpLength: 1600.00 +/- 0.00
20-04-24 06:22[icct.rl_helpers.eval_callback]INFO | (Eval ) num_timesteps=243000, Reward=-139.81 +/- 0.20, EpLength: 1600.00 +/- 0.00
20-04-24 06:23[icct.rl_helpers.eval_callback]INFO | (Eval ) num_timesteps=244500, Reward=-120.91 +/- 0.20, EpLength: 1600.00 +/- 0.00
20-04-24 06:25[icct.rl_helpers.eval_callback]INFO | (Eval ) num_timesteps=246000, Reward=-123.63 +/- 0.01, EpLength: 1600.00 +/- 0.00
20-04-24 06:26[icct.rl_helpers.eval_callback]INFO | (Train) Episode: 220, Avg Reward: -115.27237623459814, Best: -83.35245116192823
20-04-24 06:26[icct.rl_helpers.eval_callback]INFO | (Eval ) num_timesteps=247500, Reward=-131.63 +/- 1.24, EpLength: 1600.00 +/- 0.00
20-04-24 06:27[icct.rl_helpers.eval_callback]INFO | (Eval ) num_timesteps=249000, Reward=-120.44 +/- 0.03, EpLength: 1600.00 +/- 0.00
20-04-24 06:28[icct.rl_helpers.eval_callback]INFO | (Eval ) num_timesteps=250500, Reward=-130.90 +/- 0.13, EpLength: 1600.00 +/- 0.00
20-04-24 06:30[icct.rl_helpers.eval_callback]INFO | (Eval ) num_timesteps=252000, Reward=-115.92 +/- 2.31, EpLength: 1600.00 +/- 0.00
20-04-24 06:31[icct.rl_helpers.eval_callback]INFO | (Eval ) num_timesteps=253500, Reward=-130.37 +/- 0.12, EpLength: 1600.00 +/- 0.00
20-04-24 06:32[icct.rl_helpers.eval_callback]INFO | (Eval ) num_timesteps=255000, Reward=-125.12 +/- 0.03, EpLength: 48.00 +/- 0.00
20-04-24 06:34[icct.rl_helpers.eval_callback]INFO | (Eval ) num_timesteps=256500, Reward=-129.13 +/- 0.10, EpLength: 1600.00 +/- 0.00
20-04-24 06:35[icct.rl_helpers.eval_callback]INFO | (Eval ) num_timesteps=258000, Reward=-110.20 +/- 3.16, EpLength: 1600.00 +/- 0.00
20-04-24 06:37[icct.rl_helpers.eval_callback]INFO | (Eval ) num_timesteps=259500, Reward=-121.92 +/- 0.11, EpLength: 1600.00 +/- 0.00
20-04-24 06:38[icct.rl_helpers.eval_callback]INFO | (Train) Episode: 230, Avg Reward: -116.16692965984711, Best: -83.35245116192823
20-04-24 06:38[icct.rl_helpers.eval_callback]INFO | (Eval ) num_timesteps=261000, Reward=-111.83 +/- 5.86, EpLength: 1600.00 +/- 0.00
20-04-24 06:40[icct.rl_helpers.eval_callback]INFO | (Eval ) num_timesteps=262500, Reward=-102.72 +/- 0.17, EpLength: 1600.00 +/- 0.00
20-04-24 06:42[icct.rl_helpers.eval_callback]INFO | (Eval ) num_timesteps=264000, Reward=-122.61 +/- 0.01, EpLength: 1600.00 +/- 0.00
20-04-24 06:43[icct.rl_helpers.eval_callback]INFO | (Eval ) num_timesteps=265500, Reward=-120.21 +/- 0.01, EpLength: 49.00 +/- 0.00
20-04-24 06:43[icct.rl_helpers.eval_callback]INFO | (Train) Episode: 240, Avg Reward: -116.26422183006741, Best: -83.35245116192823
20-04-24 06:44[icct.rl_helpers.eval_callback]INFO | (Eval ) num_timesteps=267000, Reward=-121.01 +/- 0.49, EpLength: 1600.00 +/- 0.00
20-04-24 06:46[icct.rl_helpers.eval_callback]INFO | (Eval ) num_timesteps=268500, Reward=-132.10 +/- 0.50, EpLength: 1600.00 +/- 0.00
20-04-24 06:47[icct.rl_helpers.eval_callback]INFO | (Eval ) num_timesteps=270000, Reward=-99.54 +/- 2.64, EpLength: 1600.00 +/- 0.00
20-04-24 06:49[icct.rl_helpers.eval_callback]INFO | (Eval ) num_timesteps=271500, Reward=-85.88 +/- 7.05, EpLength: 1600.00 +/- 0.00
20-04-24 06:50[icct.rl_helpers.eval_callback]INFO | (Train) Episode: 250, Avg Reward: -115.34502413116824, Best: -83.35245116192823
20-04-24 06:50[icct.rl_helpers.eval_callback]INFO | (Eval ) num_timesteps=273000, Reward=-87.03 +/- 0.01, EpLength: 1600.00 +/- 0.00
20-04-24 06:52[icct.rl_helpers.eval_callback]INFO | (Eval ) num_timesteps=274500, Reward=-134.77 +/- 0.24, EpLength: 1600.00 +/- 0.00
20-04-24 06:53[icct.rl_helpers.eval_callback]INFO | (Eval ) num_timesteps=276000, Reward=-85.08 +/- 0.02, EpLength: 1600.00 +/- 0.00
20-04-24 06:55[icct.rl_helpers.eval_callback]INFO | (Eval ) num_timesteps=277500, Reward=-107.04 +/- 0.07, EpLength: 1600.00 +/- 0.00
20-04-24 06:56[icct.rl_helpers.eval_callback]INFO | (Eval ) num_timesteps=279000, Reward=-104.39 +/- 0.01, EpLength: 1600.00 +/- 0.00
20-04-24 06:58[icct.rl_helpers.eval_callback]INFO | (Eval ) num_timesteps=280500, Reward=-130.18 +/- 22.62, EpLength: 670.40 +/- 759.02
20-04-24 06:59[icct.rl_helpers.eval_callback]INFO | (Eval ) num_timesteps=282000, Reward=-174.82 +/- 3.77, EpLength: 1600.00 +/- 0.00
20-04-24 07:00[icct.rl_helpers.eval_callback]INFO | (Eval ) num_timesteps=283500, Reward=-112.20 +/- 0.07, EpLength: 46.00 +/- 0.00
20-04-24 07:01[icct.rl_helpers.eval_callback]INFO | (Train) Episode: 260, Avg Reward: -116.46791169543529, Best: -83.35245116192823
20-04-24 07:01[icct.rl_helpers.eval_callback]INFO | (Eval ) num_timesteps=285000, Reward=-115.40 +/- 0.06, EpLength: 39.00 +/- 0.00
20-04-24 07:02[icct.rl_helpers.eval_callback]INFO | (Train) Episode: 270, Avg Reward: -114.95368273670155, Best: -83.35245116192823
20-04-24 07:03[icct.rl_helpers.eval_callback]INFO | (Eval ) num_timesteps=286500, Reward=-93.45 +/- 0.05, EpLength: 105.00 +/- 1.67
20-04-24 07:04[icct.rl_helpers.eval_callback]INFO | (Eval ) num_timesteps=288000, Reward=-128.27 +/- 0.21, EpLength: 1600.00 +/- 0.00
20-04-24 07:05[icct.rl_helpers.eval_callback]INFO | (Train) Episode: 280, Avg Reward: -113.27773520646046, Best: -83.35245116192823
20-04-24 07:06[icct.rl_helpers.eval_callback]INFO | (Eval ) num_timesteps=289500, Reward=-123.20 +/- 0.37, EpLength: 1600.00 +/- 0.00
20-04-24 07:07[icct.rl_helpers.eval_callback]INFO | (Eval ) num_timesteps=291000, Reward=-84.01 +/- 0.03, EpLength: 1600.00 +/- 0.00
20-04-24 07:09[icct.rl_helpers.eval_callback]INFO | (Eval ) num_timesteps=292500, Reward=-124.51 +/- 0.00, EpLength: 1600.00 +/- 0.00
20-04-24 07:10[icct.rl_helpers.eval_callback]INFO | (Eval ) num_timesteps=294000, Reward=-107.46 +/- 0.88, EpLength: 1600.00 +/- 0.00
20-04-24 07:12[icct.rl_helpers.eval_callback]INFO | (Eval ) num_timesteps=295500, Reward=-98.14 +/- 0.06, EpLength: 1600.00 +/- 0.00
20-04-24 07:13[icct.rl_helpers.eval_callback]INFO | (Eval ) num_timesteps=297000, Reward=-104.17 +/- 0.01, EpLength: 1600.00 +/- 0.00
20-04-24 07:15[icct.rl_helpers.eval_callback]INFO | (Eval ) num_timesteps=298500, Reward=-110.65 +/- 0.62, EpLength: 40.40 +/- 1.36
20-04-24 07:16[icct.rl_helpers.eval_callback]INFO | (Eval ) num_timesteps=300000, Reward=-81.84 +/- 0.02, EpLength: 1600.00 +/- 0.00
20-04-24 07:18[icct.rl_helpers.eval_callback]INFO | (Eval ) num_timesteps=301500, Reward=-111.25 +/- 0.10, EpLength: 1600.00 +/- 0.00
20-04-24 07:18[icct.rl_helpers.eval_callback]INFO | (Train) Episode: 290, Avg Reward: -112.84922143601538, Best: -83.35245116192823
20-04-24 07:19[icct.rl_helpers.eval_callback]INFO | (Eval ) num_timesteps=303000, Reward=-111.04 +/- 0.05, EpLength: 1600.00 +/- 0.00
20-04-24 07:21[icct.rl_helpers.eval_callback]INFO | (Eval ) num_timesteps=304500, Reward=-97.26 +/- 0.02, EpLength: 1600.00 +/- 0.00
20-04-24 07:22[icct.rl_helpers.eval_callback]INFO | (Eval ) num_timesteps=306000, Reward=-61.64 +/- 0.12, EpLength: 1600.00 +/- 0.00
20-04-24 07:23[icct.rl_helpers.eval_callback]INFO | (Eval ) num_timesteps=307500, Reward=-111.99 +/- 0.16, EpLength: 55.20 +/- 0.40
20-04-24 07:25[icct.rl_helpers.eval_callback]INFO | (Eval ) num_timesteps=309000, Reward=-115.97 +/- 0.16, EpLength: 1600.00 +/- 0.00
20-04-24 07:26[icct.rl_helpers.eval_callback]INFO | (Eval ) num_timesteps=310500, Reward=-119.98 +/- 0.01, EpLength: 1600.00 +/- 0.00
20-04-24 07:28[icct.rl_helpers.eval_callback]INFO | (Eval ) num_timesteps=312000, Reward=-124.56 +/- 0.41, EpLength: 1600.00 +/- 0.00
20-04-24 07:29[icct.rl_helpers.eval_callback]INFO | (Eval ) num_timesteps=313500, Reward=-137.15 +/- 0.03, EpLength: 1600.00 +/- 0.00
20-04-24 07:31[icct.rl_helpers.eval_callback]INFO | (Eval ) num_timesteps=315000, Reward=-110.98 +/- 0.02, EpLength: 1600.00 +/- 0.00
20-04-24 07:32[icct.rl_helpers.eval_callback]INFO | (Eval ) num_timesteps=316500, Reward=-127.58 +/- 0.04, EpLength: 1600.00 +/- 0.00
20-04-24 07:33[icct.rl_helpers.eval_callback]INFO | (Train) Episode: 300, Avg Reward: -112.94610280150172, Best: -83.35245116192823
20-04-24 07:34[icct.rl_helpers.eval_callback]INFO | (Eval ) num_timesteps=318000, Reward=-119.16 +/- 0.02, EpLength: 1600.00 +/- 0.00
20-04-24 07:35[icct.rl_helpers.eval_callback]INFO | (Eval ) num_timesteps=319500, Reward=-115.65 +/- 0.01, EpLength: 1600.00 +/- 0.00
20-04-24 07:37[icct.rl_helpers.eval_callback]INFO | (Eval ) num_timesteps=321000, Reward=-127.60 +/- 3.63, EpLength: 1600.00 +/- 0.00
20-04-24 07:38[icct.rl_helpers.eval_callback]INFO | (Eval ) num_timesteps=322500, Reward=-104.61 +/- 0.16, EpLength: 1600.00 +/- 0.00
20-04-24 07:40[icct.rl_helpers.eval_callback]INFO | (Eval ) num_timesteps=324000, Reward=-116.55 +/- 0.03, EpLength: 1600.00 +/- 0.00
20-04-24 07:41[icct.rl_helpers.eval_callback]INFO | (Eval ) num_timesteps=325500, Reward=-106.04 +/- 0.01, EpLength: 1600.00 +/- 0.00
20-04-24 07:43[icct.rl_helpers.eval_callback]INFO | (Eval ) num_timesteps=327000, Reward=-143.01 +/- 0.29, EpLength: 1600.00 +/- 0.00
20-04-24 07:44[icct.rl_helpers.eval_callback]INFO | (Eval ) num_timesteps=328500, Reward=-89.16 +/- 0.09, EpLength: 1600.00 +/- 0.00
20-04-24 07:46[icct.rl_helpers.eval_callback]INFO | (Eval ) num_timesteps=330000, Reward=-98.22 +/- 1.51, EpLength: 1600.00 +/- 0.00
20-04-24 07:47[icct.rl_helpers.eval_callback]INFO | (Train) Episode: 310, Avg Reward: -112.37612901311013, Best: -83.35245116192823
20-04-24 07:47[icct.rl_helpers.eval_callback]INFO | (Eval ) num_timesteps=331500, Reward=-125.70 +/- 1.74, EpLength: 668.20 +/- 760.81
20-04-24 07:49[icct.rl_helpers.eval_callback]INFO | (Eval ) num_timesteps=333000, Reward=-142.35 +/- 0.06, EpLength: 1600.00 +/- 0.00
20-04-24 07:50[icct.rl_helpers.eval_callback]INFO | (Eval ) num_timesteps=334500, Reward=-120.22 +/- 0.49, EpLength: 84.60 +/- 2.80
20-04-24 07:51[icct.rl_helpers.eval_callback]INFO | (Eval ) num_timesteps=336000, Reward=-128.34 +/- 0.22, EpLength: 1600.00 +/- 0.00
20-04-24 07:53[icct.rl_helpers.eval_callback]INFO | (Eval ) num_timesteps=337500, Reward=-115.04 +/- 0.02, EpLength: 1600.00 +/- 0.00
20-04-24 07:55[icct.rl_helpers.eval_callback]INFO | (Eval ) num_timesteps=339000, Reward=-120.94 +/- 0.37, EpLength: 1600.00 +/- 0.00
20-04-24 07:56[icct.rl_helpers.eval_callback]INFO | (Eval ) num_timesteps=340500, Reward=-127.67 +/- 0.03, EpLength: 1600.00 +/- 0.00
20-04-24 07:58[icct.rl_helpers.eval_callback]INFO | (Eval ) num_timesteps=342000, Reward=-136.85 +/- 0.22, EpLength: 1600.00 +/- 0.00
20-04-24 07:59[icct.rl_helpers.eval_callback]INFO | (Eval ) num_timesteps=343500, Reward=-123.37 +/- 2.82, EpLength: 1600.00 +/- 0.00
20-04-24 08:00[icct.rl_helpers.eval_callback]INFO | (Eval ) num_timesteps=345000, Reward=-129.63 +/- 4.54, EpLength: 978.00 +/- 761.79
20-04-24 08:01[icct.rl_helpers.eval_callback]INFO | (Train) Episode: 320, Avg Reward: -111.93696681446428, Best: -83.35245116192823
20-04-24 08:02[icct.rl_helpers.eval_callback]INFO | (Eval ) num_timesteps=346500, Reward=-147.01 +/- 0.21, EpLength: 1600.00 +/- 0.00
20-04-24 08:03[icct.rl_helpers.eval_callback]INFO | (Eval ) num_timesteps=348000, Reward=-135.25 +/- 0.29, EpLength: 1600.00 +/- 0.00
20-04-24 08:05[icct.rl_helpers.eval_callback]INFO | (Eval ) num_timesteps=349500, Reward=-112.87 +/- 0.06, EpLength: 1600.00 +/- 0.00
20-04-24 08:06[icct.rl_helpers.eval_callback]INFO | (Eval ) num_timesteps=351000, Reward=-115.52 +/- 0.39, EpLength: 52.00 +/- 1.55
20-04-24 08:07[icct.rl_helpers.eval_callback]INFO | (Eval ) num_timesteps=352500, Reward=-107.73 +/- 0.03, EpLength: 1600.00 +/- 0.00
20-04-24 08:09[icct.rl_helpers.eval_callback]INFO | (Eval ) num_timesteps=354000, Reward=-137.13 +/- 0.31, EpLength: 1600.00 +/- 0.00
20-04-24 08:11[icct.rl_helpers.eval_callback]INFO | (Eval ) num_timesteps=355500, Reward=-122.29 +/- 0.11, EpLength: 1600.00 +/- 0.00
20-04-24 08:12[icct.rl_helpers.eval_callback]INFO | (Eval ) num_timesteps=357000, Reward=-111.85 +/- 0.07, EpLength: 50.00 +/- 0.00
20-04-24 08:13[icct.rl_helpers.eval_callback]INFO | (Eval ) num_timesteps=358500, Reward=-127.82 +/- 0.01, EpLength: 1600.00 +/- 0.00
20-04-24 08:15[icct.rl_helpers.eval_callback]INFO | (Train) Episode: 330, Avg Reward: -111.72461529512715, Best: -83.35245116192823
20-04-24 08:15[icct.rl_helpers.eval_callback]INFO | (Eval ) num_timesteps=360000, Reward=-106.90 +/- 0.02, EpLength: 1600.00 +/- 0.00
20-04-24 08:17[icct.rl_helpers.eval_callback]INFO | (Eval ) num_timesteps=361500, Reward=-111.10 +/- 0.05, EpLength: 1600.00 +/- 0.00
20-04-24 08:18[icct.rl_helpers.eval_callback]INFO | (Eval ) num_timesteps=363000, Reward=-129.08 +/- 0.02, EpLength: 1600.00 +/- 0.00
20-04-24 08:20[icct.rl_helpers.eval_callback]INFO | (Eval ) num_timesteps=364500, Reward=-112.92 +/- 0.35, EpLength: 1600.00 +/- 0.00
20-04-24 08:21[icct.rl_helpers.eval_callback]INFO | (Eval ) num_timesteps=366000, Reward=-97.79 +/- 0.02, EpLength: 1600.00 +/- 0.00
20-04-24 08:23[icct.rl_helpers.eval_callback]INFO | (Eval ) num_timesteps=367500, Reward=-124.53 +/- 0.01, EpLength: 1600.00 +/- 0.00
20-04-24 08:24[icct.rl_helpers.eval_callback]INFO | (Eval ) num_timesteps=369000, Reward=-114.43 +/- 0.04, EpLength: 1600.00 +/- 0.00
20-04-24 08:26[icct.rl_helpers.eval_callback]INFO | (Eval ) num_timesteps=370500, Reward=-98.03 +/- 0.23, EpLength: 1600.00 +/- 0.00
20-04-24 08:27[icct.rl_helpers.eval_callback]INFO | (Eval ) num_timesteps=372000, Reward=-71.49 +/- 1.23, EpLength: 1600.00 +/- 0.00
20-04-24 08:29[icct.rl_helpers.eval_callback]INFO | (Eval ) num_timesteps=373500, Reward=-110.48 +/- 0.01, EpLength: 1600.00 +/- 0.00
20-04-24 08:31[icct.rl_helpers.eval_callback]INFO | (Eval ) num_timesteps=375000, Reward=-117.80 +/- 0.01, EpLength: 1600.00 +/- 0.00
20-04-24 08:31[icct.rl_helpers.eval_callback]INFO | (Train) Episode: 340, Avg Reward: -111.1917144428636, Best: -83.35245116192823
20-04-24 08:32[icct.rl_helpers.eval_callback]INFO | (Eval ) num_timesteps=376500, Reward=-110.99 +/- 0.14, EpLength: 48.80 +/- 0.40
20-04-24 08:33[icct.rl_helpers.eval_callback]INFO | (Eval ) num_timesteps=378000, Reward=-67.16 +/- 0.07, EpLength: 1600.00 +/- 0.00
20-04-24 08:35[icct.rl_helpers.eval_callback]INFO | (Eval ) num_timesteps=379500, Reward=-122.31 +/- 0.01, EpLength: 47.00 +/- 0.00
20-04-24 08:36[icct.rl_helpers.eval_callback]INFO | (Eval ) num_timesteps=381000, Reward=-131.53 +/- 8.66, EpLength: 668.20 +/- 760.81
20-04-24 08:37[icct.rl_helpers.eval_callback]INFO | (Eval ) num_timesteps=382500, Reward=-141.60 +/- 0.20, EpLength: 1600.00 +/- 0.00
20-04-24 08:39[icct.rl_helpers.eval_callback]INFO | (Eval ) num_timesteps=384000, Reward=-115.88 +/- 0.03, EpLength: 1600.00 +/- 0.00
20-04-24 08:41[icct.rl_helpers.eval_callback]INFO | (Eval ) num_timesteps=385500, Reward=-78.09 +/- 0.01, EpLength: 1600.00 +/- 0.00
20-04-24 08:42[icct.rl_helpers.eval_callback]INFO | (Eval ) num_timesteps=387000, Reward=-114.01 +/- 0.21, EpLength: 1600.00 +/- 0.00
20-04-24 08:44[icct.rl_helpers.eval_callback]INFO | (Eval ) num_timesteps=388500, Reward=-98.28 +/- 0.06, EpLength: 1600.00 +/- 0.00
20-04-24 08:44[icct.rl_helpers.eval_callback]INFO | (Train) Episode: 350, Avg Reward: -111.11354507959, Best: -83.35245116192823
20-04-24 08:45[icct.rl_helpers.eval_callback]INFO | (Eval ) num_timesteps=390000, Reward=-130.99 +/- 0.04, EpLength: 1600.00 +/- 0.00
20-04-24 08:47[icct.rl_helpers.eval_callback]INFO | (Eval ) num_timesteps=391500, Reward=-103.58 +/- 0.01, EpLength: 1600.00 +/- 0.00
20-04-24 08:48[icct.rl_helpers.eval_callback]INFO | (Eval ) num_timesteps=393000, Reward=-113.35 +/- 0.02, EpLength: 1600.00 +/- 0.00
20-04-24 08:49[icct.rl_helpers.eval_callback]INFO | (Eval ) num_timesteps=394500, Reward=-78.59 +/- 0.02, EpLength: 1600.00 +/- 0.00
20-04-24 08:51[icct.rl_helpers.eval_callback]INFO | (Eval ) num_timesteps=396000, Reward=-101.68 +/- 0.22, EpLength: 1600.00 +/- 0.00
20-04-24 08:52[icct.rl_helpers.eval_callback]INFO | (Eval ) num_timesteps=397500, Reward=-113.61 +/- 0.01, EpLength: 1600.00 +/- 0.00
20-04-24 08:54[icct.rl_helpers.eval_callback]INFO | (Eval ) num_timesteps=399000, Reward=-96.94 +/- 0.12, EpLength: 1600.00 +/- 0.00
20-04-24 08:55[icct.rl_helpers.eval_callback]INFO | (Eval ) num_timesteps=400500, Reward=-128.27 +/- 3.26, EpLength: 977.60 +/- 762.28
20-04-24 08:57[icct.rl_helpers.eval_callback]INFO | (Eval ) num_timesteps=402000, Reward=-99.98 +/- 0.02, EpLength: 1600.00 +/- 0.00
20-04-24 08:58[icct.rl_helpers.eval_callback]INFO | (Train) Episode: 360, Avg Reward: -109.94978740522136, Best: -83.35245116192823
20-04-24 08:58[icct.rl_helpers.eval_callback]INFO | (Eval ) num_timesteps=403500, Reward=-105.07 +/- 0.01, EpLength: 1600.00 +/- 0.00
20-04-24 08:59[icct.rl_helpers.eval_callback]INFO | (Eval ) num_timesteps=405000, Reward=-118.93 +/- 0.01, EpLength: 1600.00 +/- 0.00
20-04-24 09:01[icct.rl_helpers.eval_callback]INFO | (Eval ) num_timesteps=406500, Reward=-121.52 +/- 0.09, EpLength: 1600.00 +/- 0.00
20-04-24 09:02[icct.rl_helpers.eval_callback]INFO | (Eval ) num_timesteps=408000, Reward=-116.58 +/- 0.04, EpLength: 69.00 +/- 0.00
20-04-24 09:03[icct.rl_helpers.eval_callback]INFO | (Eval ) num_timesteps=409500, Reward=-124.60 +/- 0.02, EpLength: 1600.00 +/- 0.00
20-04-24 09:05[icct.rl_helpers.eval_callback]INFO | (Eval ) num_timesteps=411000, Reward=-132.14 +/- 0.01, EpLength: 1600.00 +/- 0.00
20-04-24 09:06[icct.rl_helpers.eval_callback]INFO | (Eval ) num_timesteps=412500, Reward=-127.16 +/- 0.01, EpLength: 1600.00 +/- 0.00
20-04-24 09:07[icct.rl_helpers.eval_callback]INFO | (Eval ) num_timesteps=414000, Reward=-129.31 +/- 0.07, EpLength: 1600.00 +/- 0.00
20-04-24 09:09[icct.rl_helpers.eval_callback]INFO | (Eval ) num_timesteps=415500, Reward=-97.61 +/- 0.23, EpLength: 1600.00 +/- 0.00
20-04-24 09:11[icct.rl_helpers.eval_callback]INFO | (Eval ) num_timesteps=417000, Reward=-131.66 +/- 0.02, EpLength: 1600.00 +/- 0.00
20-04-24 09:12[icct.rl_helpers.eval_callback]INFO | (Eval ) num_timesteps=418500, Reward=-126.73 +/- 0.03, EpLength: 1600.00 +/- 0.00
20-04-24 09:13[icct.rl_helpers.eval_callback]INFO | (Train) Episode: 370, Avg Reward: -110.43003162156828, Best: -83.35245116192823
20-04-24 09:13[icct.rl_helpers.eval_callback]INFO | (Eval ) num_timesteps=420000, Reward=-125.91 +/- 0.01, EpLength: 1600.00 +/- 0.00
20-04-24 09:15[icct.rl_helpers.eval_callback]INFO | (Eval ) num_timesteps=421500, Reward=-103.77 +/- 0.01, EpLength: 1600.00 +/- 0.00
20-04-24 09:16[icct.rl_helpers.eval_callback]INFO | (Eval ) num_timesteps=423000, Reward=-125.46 +/- 0.02, EpLength: 1600.00 +/- 0.00
20-04-24 09:18[icct.rl_helpers.eval_callback]INFO | (Eval ) num_timesteps=424500, Reward=-120.91 +/- 0.19, EpLength: 1600.00 +/- 0.00
20-04-24 09:19[icct.rl_helpers.eval_callback]INFO | (Eval ) num_timesteps=426000, Reward=-107.80 +/- 0.05, EpLength: 35.00 +/- 0.00
20-04-24 09:20[icct.rl_helpers.eval_callback]INFO | (Eval ) num_timesteps=427500, Reward=-121.74 +/- 0.03, EpLength: 1600.00 +/- 0.00
20-04-24 09:22[icct.rl_helpers.eval_callback]INFO | (Eval ) num_timesteps=429000, Reward=-127.31 +/- 0.13, EpLength: 1600.00 +/- 0.00
20-04-24 09:23[icct.rl_helpers.eval_callback]INFO | (Eval ) num_timesteps=430500, Reward=-125.26 +/- 0.02, EpLength: 1600.00 +/- 0.00
20-04-24 09:25[icct.rl_helpers.eval_callback]INFO | (Eval ) num_timesteps=432000, Reward=-113.24 +/- 0.08, EpLength: 1600.00 +/- 0.00
20-04-24 09:26[icct.rl_helpers.eval_callback]INFO | (Eval ) num_timesteps=433500, Reward=-116.21 +/- 0.12, EpLength: 1600.00 +/- 0.00
20-04-24 09:26[icct.rl_helpers.eval_callback]INFO | (Train) Episode: 380, Avg Reward: -111.47971271147043, Best: -83.35245116192823
20-04-24 09:27[icct.rl_helpers.eval_callback]INFO | (Eval ) num_timesteps=435000, Reward=-113.73 +/- 0.14, EpLength: 66.00 +/- 0.00
20-04-24 09:29[icct.rl_helpers.eval_callback]INFO | (Eval ) num_timesteps=436500, Reward=-109.72 +/- 0.01, EpLength: 1600.00 +/- 0.00
20-04-24 09:30[icct.rl_helpers.eval_callback]INFO | (Eval ) num_timesteps=438000, Reward=-123.87 +/- 0.02, EpLength: 1600.00 +/- 0.00
20-04-24 09:31[icct.rl_helpers.eval_callback]INFO | (Eval ) num_timesteps=439500, Reward=-128.06 +/- 0.01, EpLength: 1600.00 +/- 0.00
20-04-24 09:33[icct.rl_helpers.eval_callback]INFO | (Eval ) num_timesteps=441000, Reward=-120.30 +/- 0.09, EpLength: 1600.00 +/- 0.00
20-04-24 09:35[icct.rl_helpers.eval_callback]INFO | (Eval ) num_timesteps=442500, Reward=-108.03 +/- 0.15, EpLength: 1600.00 +/- 0.00
20-04-24 09:36[icct.rl_helpers.eval_callback]INFO | (Eval ) num_timesteps=444000, Reward=-111.55 +/- 0.02, EpLength: 1600.00 +/- 0.00
20-04-24 09:37[icct.rl_helpers.eval_callback]INFO | (Eval ) num_timesteps=445500, Reward=-118.99 +/- 0.17, EpLength: 1600.00 +/- 0.00
20-04-24 09:39[icct.rl_helpers.eval_callback]INFO | (Eval ) num_timesteps=447000, Reward=-112.30 +/- 0.18, EpLength: 50.20 +/- 0.40
20-04-24 09:40[icct.rl_helpers.eval_callback]INFO | (Train) Episode: 390, Avg Reward: -112.72260144539686, Best: -83.35245116192823
20-04-24 09:40[icct.rl_helpers.eval_callback]INFO | (Eval ) num_timesteps=448500, Reward=-122.31 +/- 0.07, EpLength: 1600.00 +/- 0.00
20-04-24 09:42[icct.rl_helpers.eval_callback]INFO | (Eval ) num_timesteps=450000, Reward=-77.89 +/- 0.01, EpLength: 1600.00 +/- 0.00
20-04-24 09:43[icct.rl_helpers.eval_callback]INFO | (Eval ) num_timesteps=451500, Reward=-117.82 +/- 0.35, EpLength: 65.40 +/- 1.36
20-04-24 09:44[icct.rl_helpers.eval_callback]INFO | (Eval ) num_timesteps=453000, Reward=-117.49 +/- 0.01, EpLength: 1600.00 +/- 0.00
20-04-24 09:46[icct.rl_helpers.eval_callback]INFO | (Eval ) num_timesteps=454500, Reward=-125.29 +/- 0.01, EpLength: 1600.00 +/- 0.00
20-04-24 09:47[icct.rl_helpers.eval_callback]INFO | (Eval ) num_timesteps=456000, Reward=-131.87 +/- 0.06, EpLength: 1600.00 +/- 0.00
20-04-24 09:49[icct.rl_helpers.eval_callback]INFO | (Eval ) num_timesteps=457500, Reward=-111.35 +/- 0.01, EpLength: 1600.00 +/- 0.00
20-04-24 09:50[icct.rl_helpers.eval_callback]INFO | (Eval ) num_timesteps=459000, Reward=-117.88 +/- 0.02, EpLength: 1600.00 +/- 0.00
20-04-24 09:52[icct.rl_helpers.eval_callback]INFO | (Eval ) num_timesteps=460500, Reward=-121.03 +/- 0.01, EpLength: 1600.00 +/- 0.00
20-04-24 09:53[icct.rl_helpers.eval_callback]INFO | (Train) Episode: 400, Avg Reward: -113.70326634483911, Best: -83.35245116192823
20-04-24 09:53[icct.rl_helpers.eval_callback]INFO | (Eval ) num_timesteps=462000, Reward=-119.64 +/- 0.22, EpLength: 66.00 +/- 0.63
20-04-24 09:55[icct.rl_helpers.eval_callback]INFO | (Eval ) num_timesteps=463500, Reward=-126.99 +/- 0.02, EpLength: 1600.00 +/- 0.00
20-04-24 09:56[icct.rl_helpers.eval_callback]INFO | (Eval ) num_timesteps=465000, Reward=-142.45 +/- 0.06, EpLength: 1600.00 +/- 0.00
20-04-24 09:58[icct.rl_helpers.eval_callback]INFO | (Eval ) num_timesteps=466500, Reward=-122.89 +/- 1.76, EpLength: 1600.00 +/- 0.00
20-04-24 10:00[icct.rl_helpers.eval_callback]INFO | (Eval ) num_timesteps=468000, Reward=-84.29 +/- 0.17, EpLength: 1600.00 +/- 0.00
20-04-24 10:01[icct.rl_helpers.eval_callback]INFO | (Eval ) num_timesteps=469500, Reward=-114.24 +/- 0.15, EpLength: 55.80 +/- 0.40
20-04-24 10:03[icct.rl_helpers.eval_callback]INFO | (Eval ) num_timesteps=471000, Reward=-114.15 +/- 0.11, EpLength: 1600.00 +/- 0.00
20-04-24 10:04[icct.rl_helpers.eval_callback]INFO | (Eval ) num_timesteps=472500, Reward=-97.58 +/- 0.01, EpLength: 1600.00 +/- 0.00
20-04-24 10:06[icct.rl_helpers.eval_callback]INFO | (Eval ) num_timesteps=474000, Reward=-117.26 +/- 0.12, EpLength: 1600.00 +/- 0.00
20-04-24 10:07[icct.rl_helpers.eval_callback]INFO | (Eval ) num_timesteps=475500, Reward=-128.55 +/- 0.02, EpLength: 1600.00 +/- 0.00
20-04-24 10:07[icct.rl_helpers.eval_callback]INFO | (Train) Episode: 410, Avg Reward: -114.10645573720554, Best: -83.35245116192823
20-04-24 10:09[icct.rl_helpers.eval_callback]INFO | (Eval ) num_timesteps=477000, Reward=-165.30 +/- 28.90, EpLength: 712.80 +/- 287.14
20-04-24 10:10[icct.rl_helpers.eval_callback]INFO | (Eval ) num_timesteps=478500, Reward=-167.87 +/- 13.09, EpLength: 605.80 +/- 150.84
20-04-24 10:11[icct.rl_helpers.eval_callback]INFO | (Eval ) num_timesteps=480000, Reward=-162.69 +/- 1.17, EpLength: 1600.00 +/- 0.00
20-04-24 10:13[icct.rl_helpers.eval_callback]INFO | (Eval ) num_timesteps=481500, Reward=-164.69 +/- 0.07, EpLength: 1600.00 +/- 0.00
20-04-24 10:15[icct.rl_helpers.eval_callback]INFO | (Eval ) num_timesteps=483000, Reward=-170.74 +/- 0.12, EpLength: 1600.00 +/- 0.00
20-04-24 10:16[icct.rl_helpers.eval_callback]INFO | (Eval ) num_timesteps=484500, Reward=-122.90 +/- 0.02, EpLength: 43.00 +/- 0.00
20-04-24 10:18[icct.rl_helpers.eval_callback]INFO | (Eval ) num_timesteps=486000, Reward=-94.23 +/- 0.03, EpLength: 1600.00 +/- 0.00
20-04-24 10:18[icct.rl_helpers.eval_callback]INFO | (Train) Episode: 420, Avg Reward: -118.24110954172491, Best: -83.35245116192823
20-04-24 10:19[icct.rl_helpers.eval_callback]INFO | (Eval ) num_timesteps=487500, Reward=-100.30 +/- 0.05, EpLength: 1600.00 +/- 0.00
20-04-24 10:20[icct.rl_helpers.eval_callback]INFO | (Eval ) num_timesteps=489000, Reward=-133.61 +/- 0.02, EpLength: 1600.00 +/- 0.00
20-04-24 10:22[icct.rl_helpers.eval_callback]INFO | (Eval ) num_timesteps=490500, Reward=-132.37 +/- 0.10, EpLength: 1600.00 +/- 0.00
20-04-24 10:23[icct.rl_helpers.eval_callback]INFO | (Eval ) num_timesteps=492000, Reward=-113.83 +/- 1.72, EpLength: 96.60 +/- 31.48
20-04-24 10:24[icct.rl_helpers.eval_callback]INFO | (Eval ) num_timesteps=493500, Reward=-119.55 +/- 0.11, EpLength: 84.40 +/- 1.02
20-04-24 10:26[icct.rl_helpers.eval_callback]INFO | (Eval ) num_timesteps=495000, Reward=-96.24 +/- 0.04, EpLength: 1600.00 +/- 0.00
20-04-24 10:26[icct.rl_helpers.eval_callback]INFO | (Train) Episode: 430, Avg Reward: -117.9415389265354, Best: -83.35245116192823
20-04-24 10:27[icct.rl_helpers.eval_callback]INFO | (Eval ) num_timesteps=496500, Reward=-121.47 +/- 0.09, EpLength: 50.80 +/- 0.40
20-04-24 10:28[icct.rl_helpers.eval_callback]INFO | (Train) Episode: 440, Avg Reward: -119.04744732847895, Best: -83.35245116192823
20-04-24 10:28[icct.rl_helpers.eval_callback]INFO | (Eval ) num_timesteps=498000, Reward=-139.48 +/- 0.17, EpLength: 1600.00 +/- 0.00
20-04-24 10:30[icct.rl_helpers.eval_callback]INFO | (Eval ) num_timesteps=499500, Reward=-145.22 +/- 0.02, EpLength: 1600.00 +/- 0.00
20-04-24 10:31[icct.rl_helpers.eval_callback]INFO | (Eval ) num_timesteps=501000, Reward=-156.94 +/- 0.82, EpLength: 1600.00 +/- 0.00
20-04-24 10:33[icct.rl_helpers.eval_callback]INFO | (Eval ) num_timesteps=502500, Reward=-145.73 +/- 0.01, EpLength: 1600.00 +/- 0.00
20-04-24 10:34[icct.rl_helpers.eval_callback]INFO | (Eval ) num_timesteps=504000, Reward=-119.86 +/- 0.02, EpLength: 58.60 +/- 0.80
20-04-24 10:36[icct.rl_helpers.eval_callback]INFO | (Eval ) num_timesteps=505500, Reward=-150.18 +/- 0.39, EpLength: 1600.00 +/- 0.00
20-04-24 10:37[icct.rl_helpers.eval_callback]INFO | (Eval ) num_timesteps=507000, Reward=-126.02 +/- 1.41, EpLength: 47.40 +/- 4.80
20-04-24 10:38[icct.rl_helpers.eval_callback]INFO | (Eval ) num_timesteps=508500, Reward=-148.17 +/- 0.04, EpLength: 1600.00 +/- 0.00
20-04-24 10:39[icct.rl_helpers.eval_callback]INFO | (Train) Episode: 450, Avg Reward: -121.81958725314522, Best: -83.35245116192823
20-04-24 10:40[icct.rl_helpers.eval_callback]INFO | (Eval ) num_timesteps=510000, Reward=-180.98 +/- 10.70, EpLength: 783.20 +/- 156.64
20-04-24 10:41[icct.rl_helpers.eval_callback]INFO | (Eval ) num_timesteps=511500, Reward=-165.98 +/- 0.01, EpLength: 1600.00 +/- 0.00
20-04-24 10:43[icct.rl_helpers.eval_callback]INFO | (Eval ) num_timesteps=513000, Reward=-127.04 +/- 0.06, EpLength: 1600.00 +/- 0.00
20-04-24 10:44[icct.rl_helpers.eval_callback]INFO | (Eval ) num_timesteps=514500, Reward=-132.47 +/- 2.90, EpLength: 1600.00 +/- 0.00
20-04-24 10:45[icct.rl_helpers.eval_callback]INFO | (Eval ) num_timesteps=516000, Reward=-161.79 +/- 2.36, EpLength: 1600.00 +/- 0.00
20-04-24 10:47[icct.rl_helpers.eval_callback]INFO | (Eval ) num_timesteps=517500, Reward=-142.73 +/- 0.06, EpLength: 1600.00 +/- 0.00
20-04-24 10:48[icct.rl_helpers.eval_callback]INFO | (Eval ) num_timesteps=519000, Reward=-163.47 +/- 0.09, EpLength: 1600.00 +/- 0.00
20-04-24 10:50[icct.rl_helpers.eval_callback]INFO | (Eval ) num_timesteps=520500, Reward=-141.02 +/- 0.10, EpLength: 1600.00 +/- 0.00
20-04-24 10:51[icct.rl_helpers.eval_callback]INFO | (Train) Episode: 460, Avg Reward: -124.97446234774667, Best: -83.35245116192823
20-04-24 10:51[icct.rl_helpers.eval_callback]INFO | (Eval ) num_timesteps=522000, Reward=-109.32 +/- 0.11, EpLength: 36.20 +/- 0.40
20-04-24 10:52[icct.rl_helpers.eval_callback]INFO | (Eval ) num_timesteps=523500, Reward=-115.54 +/- 0.06, EpLength: 67.40 +/- 0.49
20-04-24 10:54[icct.rl_helpers.eval_callback]INFO | (Eval ) num_timesteps=525000, Reward=-119.59 +/- 0.14, EpLength: 87.00 +/- 0.63
20-04-24 10:54[icct.rl_helpers.eval_callback]INFO | (Train) Episode: 470, Avg Reward: -125.57084625196622, Best: -83.35245116192823
20-04-24 10:55[icct.rl_helpers.eval_callback]INFO | (Eval ) num_timesteps=526500, Reward=-113.10 +/- 0.14, EpLength: 45.40 +/- 0.80
20-04-24 10:55[icct.rl_helpers.eval_callback]INFO | (Train) Episode: 480, Avg Reward: -125.5462674494924, Best: -83.35245116192823
20-04-24 10:56[icct.rl_helpers.eval_callback]INFO | (Eval ) num_timesteps=528000, Reward=-116.70 +/- 3.50, EpLength: 1600.00 +/- 0.00
20-04-24 10:58[icct.rl_helpers.eval_callback]INFO | (Eval ) num_timesteps=529500, Reward=-106.14 +/- 0.31, EpLength: 1600.00 +/- 0.00
20-04-24 10:59[icct.rl_helpers.eval_callback]INFO | (Eval ) num_timesteps=531000, Reward=-71.10 +/- 0.37, EpLength: 1600.00 +/- 0.00
20-04-24 11:00[icct.rl_helpers.eval_callback]INFO | (Eval ) num_timesteps=532500, Reward=-129.61 +/- 0.03, EpLength: 1600.00 +/- 0.00
20-04-24 11:01[icct.rl_helpers.eval_callback]INFO | (Train) Episode: 490, Avg Reward: -125.2931336619109, Best: -83.35245116192823
20-04-24 11:02[icct.rl_helpers.eval_callback]INFO | (Eval ) num_timesteps=534000, Reward=-114.32 +/- 0.14, EpLength: 55.00 +/- 0.00
20-04-24 11:03[icct.rl_helpers.eval_callback]INFO | (Eval ) num_timesteps=535500, Reward=-117.72 +/- 0.17, EpLength: 80.60 +/- 0.49
20-04-24 11:04[icct.rl_helpers.eval_callback]INFO | (Eval ) num_timesteps=537000, Reward=-147.94 +/- 0.08, EpLength: 1600.00 +/- 0.00
20-04-24 11:05[icct.rl_helpers.eval_callback]INFO | (Eval ) num_timesteps=538500, Reward=-88.22 +/- 0.36, EpLength: 1600.00 +/- 0.00
20-04-24 11:06[icct.rl_helpers.eval_callback]INFO | (Train) Episode: 500, Avg Reward: -125.64542463407874, Best: -83.35245116192823
20-04-24 11:06[icct.rl_helpers.eval_callback]INFO | (Eval ) num_timesteps=540000, Reward=-117.14 +/- 0.34, EpLength: 73.60 +/- 3.20
20-04-24 11:08[icct.rl_helpers.eval_callback]INFO | (Eval ) num_timesteps=541500, Reward=-57.77 +/- 0.11, EpLength: 1600.00 +/- 0.00
20-04-24 11:09[icct.rl_helpers.eval_callback]INFO | (Eval ) num_timesteps=543000, Reward=-125.04 +/- 0.01, EpLength: 1600.00 +/- 0.00
20-04-24 11:10[icct.rl_helpers.eval_callback]INFO | (Eval ) num_timesteps=544500, Reward=-105.41 +/- 0.09, EpLength: 1600.00 +/- 0.00
20-04-24 11:12[icct.rl_helpers.eval_callback]INFO | (Eval ) num_timesteps=546000, Reward=-122.52 +/- 0.68, EpLength: 104.40 +/- 4.84
20-04-24 11:13[icct.rl_helpers.eval_callback]INFO | (Eval ) num_timesteps=547500, Reward=-121.79 +/- 0.02, EpLength: 1600.00 +/- 0.00
20-04-24 11:15[icct.rl_helpers.eval_callback]INFO | (Train) Episode: 510, Avg Reward: -126.04364944266246, Best: -83.35245116192823
20-04-24 11:15[icct.rl_helpers.eval_callback]INFO | (Eval ) num_timesteps=549000, Reward=-118.74 +/- 0.24, EpLength: 67.20 +/- 0.40
20-04-24 11:15[icct.rl_helpers.eval_callback]INFO | (Train) Episode: 520, Avg Reward: -121.93379953480981, Best: -83.35245116192823
20-04-24 11:16[icct.rl_helpers.eval_callback]INFO | (Train) Episode: 530, Avg Reward: -122.08448490613671, Best: -83.35245116192823
20-04-24 11:16[icct.rl_helpers.eval_callback]INFO | (Eval ) num_timesteps=550500, Reward=-89.96 +/- 2.27, EpLength: 1600.00 +/- 0.00
20-04-24 11:18[icct.rl_helpers.eval_callback]INFO | (Eval ) num_timesteps=552000, Reward=-111.44 +/- 0.09, EpLength: 1600.00 +/- 0.00
20-04-24 11:19[icct.rl_helpers.eval_callback]INFO | (Eval ) num_timesteps=553500, Reward=-121.21 +/- 0.21, EpLength: 1600.00 +/- 0.00
20-04-24 11:21[icct.rl_helpers.eval_callback]INFO | (Eval ) num_timesteps=555000, Reward=-122.13 +/- 0.02, EpLength: 1600.00 +/- 0.00
20-04-24 11:22[icct.rl_helpers.eval_callback]INFO | (Eval ) num_timesteps=556500, Reward=-111.67 +/- 0.02, EpLength: 1600.00 +/- 0.00
20-04-24 11:24[icct.rl_helpers.eval_callback]INFO | (Eval ) num_timesteps=558000, Reward=-108.93 +/- 0.07, EpLength: 1600.00 +/- 0.00
20-04-24 11:25[icct.rl_helpers.eval_callback]INFO | (Eval ) num_timesteps=559500, Reward=-106.92 +/- 0.05, EpLength: 1600.00 +/- 0.00
20-04-24 11:26[icct.rl_helpers.eval_callback]INFO | (Train) Episode: 540, Avg Reward: -121.23020621240063, Best: -83.35245116192823
20-04-24 11:27[icct.rl_helpers.eval_callback]INFO | (Eval ) num_timesteps=561000, Reward=-97.59 +/- 0.32, EpLength: 1600.00 +/- 0.00
20-04-24 11:28[icct.rl_helpers.eval_callback]INFO | (Eval ) num_timesteps=562500, Reward=-130.61 +/- 0.01, EpLength: 1600.00 +/- 0.00
20-04-24 11:29[icct.rl_helpers.eval_callback]INFO | (Eval ) num_timesteps=564000, Reward=-95.16 +/- 0.39, EpLength: 1600.00 +/- 0.00
20-04-24 11:29[icct.rl_helpers.eval_callback]INFO | (Train) Episode: 550, Avg Reward: -119.40773092711042, Best: -83.35245116192823
20-04-24 11:31[icct.rl_helpers.eval_callback]INFO | (Eval ) num_timesteps=565500, Reward=-111.62 +/- 0.05, EpLength: 1600.00 +/- 0.00
20-04-24 11:32[icct.rl_helpers.eval_callback]INFO | (Eval ) num_timesteps=567000, Reward=-114.66 +/- 2.59, EpLength: 65.00 +/- 20.43
20-04-24 11:33[icct.rl_helpers.eval_callback]INFO | (Eval ) num_timesteps=568500, Reward=-116.21 +/- 0.80, EpLength: 57.20 +/- 1.72
20-04-24 11:33[icct.rl_helpers.eval_callback]INFO | (Train) Episode: 560, Avg Reward: -116.50152969922314, Best: -83.35245116192823
20-04-24 11:34[icct.rl_helpers.eval_callback]INFO | (Eval ) num_timesteps=570000, Reward=-140.92 +/- 0.24, EpLength: 1600.00 +/- 0.00
20-04-24 11:35[icct.rl_helpers.eval_callback]INFO | (Eval ) num_timesteps=571500, Reward=-138.13 +/- 3.82, EpLength: 1000.20 +/- 734.61
20-04-24 11:37[icct.rl_helpers.eval_callback]INFO | (Eval ) num_timesteps=573000, Reward=-120.17 +/- 2.01, EpLength: 1600.00 +/- 0.00
20-04-24 11:38[icct.rl_helpers.eval_callback]INFO | (Eval ) num_timesteps=574500, Reward=-87.48 +/- 0.06, EpLength: 1600.00 +/- 0.00
20-04-24 11:39[icct.rl_helpers.eval_callback]INFO | (Eval ) num_timesteps=576000, Reward=-111.15 +/- 0.30, EpLength: 79.40 +/- 4.36
20-04-24 11:39[icct.rl_helpers.eval_callback]INFO | (Train) Episode: 570, Avg Reward: -115.7335644236152, Best: -83.35245116192823
20-04-24 11:40[icct.rl_helpers.eval_callback]INFO | (Train) Episode: 580, Avg Reward: -116.59714123512185, Best: -83.35245116192823
20-04-24 11:40[icct.rl_helpers.eval_callback]INFO | (Eval ) num_timesteps=577500, Reward=-118.08 +/- 0.20, EpLength: 71.40 +/- 1.36
20-04-24 11:42[icct.rl_helpers.eval_callback]INFO | (Eval ) num_timesteps=579000, Reward=-111.35 +/- 4.69, EpLength: 1600.00 +/- 0.00
20-04-24 11:43[icct.rl_helpers.eval_callback]INFO | (Eval ) num_timesteps=580500, Reward=-115.27 +/- 1.21, EpLength: 162.60 +/- 18.77
20-04-24 11:44[icct.rl_helpers.eval_callback]INFO | (Eval ) num_timesteps=582000, Reward=-140.37 +/- 0.28, EpLength: 1600.00 +/- 0.00
20-04-24 11:45[icct.rl_helpers.eval_callback]INFO | (Eval ) num_timesteps=583500, Reward=-120.94 +/- 5.42, EpLength: 428.40 +/- 586.10
20-04-24 11:46[icct.rl_helpers.eval_callback]INFO | (Eval ) num_timesteps=585000, Reward=-111.53 +/- 0.36, EpLength: 134.60 +/- 7.84
20-04-24 11:47[icct.rl_helpers.eval_callback]INFO | (Eval ) num_timesteps=586500, Reward=-120.56 +/- 0.59, EpLength: 68.40 +/- 3.61
20-04-24 11:47[icct.rl_helpers.eval_callback]INFO | (Train) Episode: 590, Avg Reward: -118.04929334962195, Best: -83.35245116192823
20-04-24 11:48[icct.rl_helpers.eval_callback]INFO | (Eval ) num_timesteps=588000, Reward=-156.49 +/- 4.05, EpLength: 398.80 +/- 45.88
20-04-24 11:49[icct.rl_helpers.eval_callback]INFO | (Eval ) num_timesteps=589500, Reward=-117.96 +/- 6.90, EpLength: 152.40 +/- 53.31
20-04-24 11:51[icct.rl_helpers.eval_callback]INFO | (Eval ) num_timesteps=591000, Reward=-116.88 +/- 0.07, EpLength: 1600.00 +/- 0.00
20-04-24 11:52[icct.rl_helpers.eval_callback]INFO | (Eval ) num_timesteps=592500, Reward=-100.77 +/- 0.15, EpLength: 1600.00 +/- 0.00
20-04-24 11:53[icct.rl_helpers.eval_callback]INFO | (Eval ) num_timesteps=594000, Reward=-114.42 +/- 0.02, EpLength: 1600.00 +/- 0.00
20-04-24 11:54[icct.rl_helpers.eval_callback]INFO | (Eval ) num_timesteps=595500, Reward=-118.61 +/- 0.01, EpLength: 1600.00 +/- 0.00
20-04-24 11:54[icct.rl_helpers.eval_callback]INFO | (Train) Episode: 600, Avg Reward: -118.98008677882015, Best: -83.35245116192823
20-04-24 11:55[icct.rl_helpers.eval_callback]INFO | (Eval ) num_timesteps=597000, Reward=-107.56 +/- 0.04, EpLength: 1600.00 +/- 0.00
20-04-24 11:57[icct.rl_helpers.eval_callback]INFO | (Eval ) num_timesteps=598500, Reward=-136.30 +/- 0.64, EpLength: 1600.00 +/- 0.00
20-04-24 11:58[icct.rl_helpers.eval_callback]INFO | (Eval ) num_timesteps=600000, Reward=-147.95 +/- 0.03, EpLength: 1600.00 +/- 0.00
20-04-24 12:00[icct.rl_helpers.eval_callback]INFO | (Eval ) num_timesteps=601500, Reward=-131.46 +/- 0.38, EpLength: 1600.00 +/- 0.00
20-04-24 12:01[icct.rl_helpers.eval_callback]INFO | (Eval ) num_timesteps=603000, Reward=-138.70 +/- 0.01, EpLength: 1600.00 +/- 0.00
20-04-24 12:02[icct.rl_helpers.eval_callback]INFO | (Eval ) num_timesteps=604500, Reward=-154.05 +/- 0.07, EpLength: 1600.00 +/- 0.00
20-04-24 12:02[icct.rl_helpers.eval_callback]INFO | (Eval ) num_timesteps=606000, Reward=-150.41 +/- 2.36, EpLength: 1600.00 +/- 0.00
20-04-24 12:03[icct.rl_helpers.eval_callback]INFO | (Eval ) num_timesteps=607500, Reward=-146.57 +/- 0.07, EpLength: 1600.00 +/- 0.00
20-04-24 12:05[icct.rl_helpers.eval_callback]INFO | (Train) Episode: 610, Avg Reward: -118.9634846821985, Best: -83.35245116192823
20-04-24 12:05[icct.rl_helpers.eval_callback]INFO | (Eval ) num_timesteps=609000, Reward=-150.85 +/- 0.18, EpLength: 1600.00 +/- 0.00
20-04-24 12:06[icct.rl_helpers.eval_callback]INFO | (Eval ) num_timesteps=610500, Reward=-137.93 +/- 0.02, EpLength: 1600.00 +/- 0.00
20-04-24 12:07[icct.rl_helpers.eval_callback]INFO | (Eval ) num_timesteps=612000, Reward=-144.83 +/- 0.02, EpLength: 1600.00 +/- 0.00
20-04-24 12:09[icct.rl_helpers.eval_callback]INFO | (Eval ) num_timesteps=613500, Reward=-173.61 +/- 0.01, EpLength: 1600.00 +/- 0.00
20-04-24 12:10[icct.rl_helpers.eval_callback]INFO | (Eval ) num_timesteps=615000, Reward=-136.76 +/- 0.01, EpLength: 1600.00 +/- 0.00
20-04-24 12:11[icct.rl_helpers.eval_callback]INFO | (Eval ) num_timesteps=616500, Reward=-151.25 +/- 0.02, EpLength: 1600.00 +/- 0.00
20-04-24 12:12[icct.rl_helpers.eval_callback]INFO | (Eval ) num_timesteps=618000, Reward=-176.70 +/- 0.01, EpLength: 1600.00 +/- 0.00
20-04-24 12:14[icct.rl_helpers.eval_callback]INFO | (Eval ) num_timesteps=619500, Reward=-179.50 +/- 0.02, EpLength: 1600.00 +/- 0.00
20-04-24 12:15[icct.rl_helpers.eval_callback]INFO | (Eval ) num_timesteps=621000, Reward=-171.51 +/- 0.09, EpLength: 1600.00 +/- 0.00
20-04-24 12:16[icct.rl_helpers.eval_callback]INFO | (Train) Episode: 620, Avg Reward: -123.89977279299383, Best: -83.35245116192823
20-04-24 12:16[icct.rl_helpers.eval_callback]INFO | (Eval ) num_timesteps=622500, Reward=-117.88 +/- 0.07, EpLength: 67.40 +/- 0.49
20-04-24 12:17[icct.rl_helpers.eval_callback]INFO | (Eval ) num_timesteps=624000, Reward=-116.06 +/- 0.12, EpLength: 68.20 +/- 0.40
20-04-24 12:18[icct.rl_helpers.eval_callback]INFO | (Train) Episode: 630, Avg Reward: -124.2258941378598, Best: -83.35245116192823
20-04-24 12:18[icct.rl_helpers.eval_callback]INFO | (Eval ) num_timesteps=625500, Reward=-114.56 +/- 1.00, EpLength: 78.20 +/- 2.32
20-04-24 12:20[icct.rl_helpers.eval_callback]INFO | (Eval ) num_timesteps=627000, Reward=-122.35 +/- 3.59, EpLength: 1600.00 +/- 0.00
20-04-24 12:21[icct.rl_helpers.eval_callback]INFO | (Eval ) num_timesteps=628500, Reward=-113.66 +/- 6.50, EpLength: 1600.00 +/- 0.00
20-04-24 12:22[icct.rl_helpers.eval_callback]INFO | (Eval ) num_timesteps=630000, Reward=-142.17 +/- 22.90, EpLength: 1600.00 +/- 0.00
20-04-24 12:24[icct.rl_helpers.eval_callback]INFO | (Eval ) num_timesteps=631500, Reward=-131.11 +/- 9.02, EpLength: 1600.00 +/- 0.00
20-04-24 12:26[icct.rl_helpers.eval_callback]INFO | (Eval ) num_timesteps=633000, Reward=-115.63 +/- 0.28, EpLength: 1600.00 +/- 0.00
20-04-24 12:27[icct.rl_helpers.eval_callback]INFO | (Eval ) num_timesteps=634500, Reward=-120.28 +/- 2.57, EpLength: 1600.00 +/- 0.00
20-04-24 12:28[icct.rl_helpers.eval_callback]INFO | (Train) Episode: 640, Avg Reward: -124.10093779823175, Best: -83.35245116192823
20-04-24 12:29[icct.rl_helpers.eval_callback]INFO | (Eval ) num_timesteps=636000, Reward=-117.76 +/- 0.06, EpLength: 1600.00 +/- 0.00
20-04-24 12:30[icct.rl_helpers.eval_callback]INFO | (Eval ) num_timesteps=637500, Reward=-148.98 +/- 2.38, EpLength: 400.40 +/- 32.84
20-04-24 12:32[icct.rl_helpers.eval_callback]INFO | (Eval ) num_timesteps=639000, Reward=-113.11 +/- 1.37, EpLength: 135.00 +/- 3.35
20-04-24 12:33[icct.rl_helpers.eval_callback]INFO | (Train) Episode: 650, Avg Reward: -124.64476797089169, Best: -83.35245116192823
20-04-24 12:33[icct.rl_helpers.eval_callback]INFO | (Eval ) num_timesteps=640500, Reward=-116.27 +/- 0.03, EpLength: 35.00 +/- 0.00
20-04-24 12:34[icct.rl_helpers.eval_callback]INFO | (Train) Episode: 660, Avg Reward: -124.68810429599515, Best: -83.35245116192823
20-04-24 12:34[icct.rl_helpers.eval_callback]INFO | (Train) Episode: 670, Avg Reward: -124.60311446134547, Best: -83.35245116192823
20-04-24 12:34[icct.rl_helpers.eval_callback]INFO | (Eval ) num_timesteps=642000, Reward=-111.24 +/- 0.08, EpLength: 83.40 +/- 0.49
20-04-24 12:36[icct.rl_helpers.eval_callback]INFO | (Eval ) num_timesteps=643500, Reward=-112.12 +/- 0.05, EpLength: 94.20 +/- 0.40
20-04-24 12:36[icct.rl_helpers.eval_callback]INFO | (Train) Episode: 680, Avg Reward: -123.84181733203434, Best: -83.35245116192823
20-04-24 12:36[icct.rl_helpers.eval_callback]INFO | (Train) Episode: 690, Avg Reward: -122.82789756773411, Best: -83.35245116192823
20-04-24 12:37[icct.rl_helpers.eval_callback]INFO | (Eval ) num_timesteps=645000, Reward=-120.53 +/- 0.23, EpLength: 1600.00 +/- 0.00
20-04-24 12:38[icct.rl_helpers.eval_callback]INFO | (Eval ) num_timesteps=646500, Reward=-115.17 +/- 0.56, EpLength: 134.00 +/- 5.69
20-04-24 12:38[icct.rl_helpers.eval_callback]INFO | (Train) Episode: 700, Avg Reward: -121.67897143613555, Best: -83.35245116192823
20-04-24 12:39[icct.rl_helpers.eval_callback]INFO | (Eval ) num_timesteps=648000, Reward=-130.43 +/- 1.88, EpLength: 112.40 +/- 24.27
20-04-24 12:39[icct.rl_helpers.eval_callback]INFO | (Train) Episode: 710, Avg Reward: -121.77122957305481, Best: -83.35245116192823
20-04-24 12:40[icct.rl_helpers.eval_callback]INFO | (Eval ) num_timesteps=649500, Reward=-115.96 +/- 0.02, EpLength: 44.00 +/- 0.00
20-04-24 12:41[icct.rl_helpers.eval_callback]INFO | (Eval ) num_timesteps=651000, Reward=-117.92 +/- 0.28, EpLength: 70.20 +/- 0.40
20-04-24 12:42[icct.rl_helpers.eval_callback]INFO | (Train) Episode: 720, Avg Reward: -117.11685224882811, Best: -83.35245116192823
20-04-24 12:43[icct.rl_helpers.eval_callback]INFO | (Eval ) num_timesteps=652500, Reward=-116.72 +/- 0.10, EpLength: 1600.00 +/- 0.00
20-04-24 12:44[icct.rl_helpers.eval_callback]INFO | (Eval ) num_timesteps=654000, Reward=-147.86 +/- 0.03, EpLength: 1600.00 +/- 0.00
20-04-24 12:45[icct.rl_helpers.eval_callback]INFO | (Eval ) num_timesteps=655500, Reward=-156.22 +/- 2.36, EpLength: 1600.00 +/- 0.00
20-04-24 12:47[icct.rl_helpers.eval_callback]INFO | (Eval ) num_timesteps=657000, Reward=-171.54 +/- 0.01, EpLength: 1600.00 +/- 0.00
20-04-24 12:49[icct.rl_helpers.eval_callback]INFO | (Eval ) num_timesteps=658500, Reward=-143.60 +/- 0.01, EpLength: 1600.00 +/- 0.00
20-04-24 12:50[icct.rl_helpers.eval_callback]INFO | (Eval ) num_timesteps=660000, Reward=-150.33 +/- 0.08, EpLength: 1600.00 +/- 0.00
20-04-24 12:52[icct.rl_helpers.eval_callback]INFO | (Eval ) num_timesteps=661500, Reward=-155.86 +/- 2.75, EpLength: 1600.00 +/- 0.00
20-04-24 12:53[icct.rl_helpers.eval_callback]INFO | (Train) Episode: 730, Avg Reward: -120.00057249029028, Best: -83.35245116192823
20-04-24 12:53[icct.rl_helpers.eval_callback]INFO | (Eval ) num_timesteps=663000, Reward=-123.44 +/- 0.12, EpLength: 59.00 +/- 0.00
20-04-24 12:54[icct.rl_helpers.eval_callback]INFO | (Eval ) num_timesteps=664500, Reward=-160.19 +/- 0.05, EpLength: 1600.00 +/- 0.00
20-04-24 12:55[icct.rl_helpers.eval_callback]INFO | (Train) Episode: 740, Avg Reward: -121.86400070192322, Best: -83.35245116192823
20-04-24 12:56[icct.rl_helpers.eval_callback]INFO | (Eval ) num_timesteps=666000, Reward=-126.47 +/- 1.96, EpLength: 84.40 +/- 3.20
20-04-24 12:57[icct.rl_helpers.eval_callback]INFO | (Eval ) num_timesteps=667500, Reward=-159.43 +/- 2.92, EpLength: 1600.00 +/- 0.00
20-04-24 12:58[icct.rl_helpers.eval_callback]INFO | (Eval ) num_timesteps=669000, Reward=-165.26 +/- 0.03, EpLength: 1600.00 +/- 0.00
20-04-24 12:59[icct.rl_helpers.eval_callback]INFO | (Eval ) num_timesteps=670500, Reward=-134.38 +/- 0.02, EpLength: 1600.00 +/- 0.00
20-04-24 13:01[icct.rl_helpers.eval_callback]INFO | (Eval ) num_timesteps=672000, Reward=-164.48 +/- 0.16, EpLength: 1600.00 +/- 0.00
20-04-24 13:02[icct.rl_helpers.eval_callback]INFO | (Eval ) num_timesteps=673500, Reward=-170.07 +/- 2.92, EpLength: 1600.00 +/- 0.00
20-04-24 13:03[icct.rl_helpers.eval_callback]INFO | (Eval ) num_timesteps=675000, Reward=-166.41 +/- 0.24, EpLength: 1600.00 +/- 0.00
20-04-24 13:04[icct.rl_helpers.eval_callback]INFO | (Eval ) num_timesteps=676500, Reward=-120.68 +/- 0.31, EpLength: 60.60 +/- 0.49
20-04-24 13:05[icct.rl_helpers.eval_callback]INFO | (Eval ) num_timesteps=678000, Reward=-175.16 +/- 0.03, EpLength: 1600.00 +/- 0.00
20-04-24 13:07[icct.rl_helpers.eval_callback]INFO | (Eval ) num_timesteps=679500, Reward=-160.84 +/- 0.13, EpLength: 1600.00 +/- 0.00
20-04-24 13:07[icct.rl_helpers.eval_callback]INFO | (Train) Episode: 750, Avg Reward: -124.48240976410743, Best: -83.35245116192823
20-04-24 13:08[icct.rl_helpers.eval_callback]INFO | (Eval ) num_timesteps=681000, Reward=-138.62 +/- 0.02, EpLength: 1600.00 +/- 0.00
20-04-24 13:09[icct.rl_helpers.eval_callback]INFO | (Eval ) num_timesteps=682500, Reward=-160.37 +/- 0.02, EpLength: 1600.00 +/- 0.00
20-04-24 13:11[icct.rl_helpers.eval_callback]INFO | (Eval ) num_timesteps=684000, Reward=-173.92 +/- 0.02, EpLength: 1600.00 +/- 0.00
20-04-24 13:12[icct.rl_helpers.eval_callback]INFO | (Eval ) num_timesteps=685500, Reward=-166.34 +/- 0.02, EpLength: 1600.00 +/- 0.00
20-04-24 13:13[icct.rl_helpers.eval_callback]INFO | (Eval ) num_timesteps=687000, Reward=-158.55 +/- 0.02, EpLength: 1600.00 +/- 0.00
20-04-24 13:15[icct.rl_helpers.eval_callback]INFO | (Eval ) num_timesteps=688500, Reward=-176.43 +/- 0.01, EpLength: 1600.00 +/- 0.00
20-04-24 13:16[icct.rl_helpers.eval_callback]INFO | (Eval ) num_timesteps=690000, Reward=-175.85 +/- 0.02, EpLength: 1600.00 +/- 0.00
20-04-24 13:17[icct.rl_helpers.eval_callback]INFO | (Eval ) num_timesteps=691500, Reward=-171.93 +/- 0.02, EpLength: 1600.00 +/- 0.00
20-04-24 13:18[icct.rl_helpers.eval_callback]INFO | (Eval ) num_timesteps=693000, Reward=-176.92 +/- 0.02, EpLength: 1600.00 +/- 0.00
20-04-24 13:19[icct.rl_helpers.eval_callback]INFO | (Eval ) num_timesteps=694500, Reward=-120.44 +/- 14.61, EpLength: 423.00 +/- 588.51
20-04-24 13:20[icct.rl_helpers.eval_callback]INFO | (Train) Episode: 760, Avg Reward: -129.23925601067467, Best: -83.35245116192823
20-04-24 13:21[icct.rl_helpers.eval_callback]INFO | (Eval ) num_timesteps=696000, Reward=-174.63 +/- 0.04, EpLength: 1600.00 +/- 0.00
20-04-24 13:22[icct.rl_helpers.eval_callback]INFO | (Eval ) num_timesteps=697500, Reward=-138.17 +/- 0.02, EpLength: 1600.00 +/- 0.00
20-04-24 13:23[icct.rl_helpers.eval_callback]INFO | (Eval ) num_timesteps=699000, Reward=-157.26 +/- 0.12, EpLength: 1600.00 +/- 0.00
20-04-24 13:24[root]INFO | [END]======> Execution time of seed 23: 10 hours, 42 minutes, 12 seconds
