20-04-24 02:42[root]INFO | Training on env: walker
20-04-24 02:42[root]INFO | Agent Type: dgt
20-04-24 02:42[root]INFO | Log Directory: ./logs/walker_cpu/dgt/64leaves_01-42-02-20-Apr_Final/
20-04-24 02:42[root]INFO | GPU?: False
20-04-24 02:42[root]INFO | Num Leaves: 64
20-04-24 02:42[root]INFO | DGT Policy
20-04-24 02:42[root]INFO | Value Net Size: [256, 256]
20-04-24 02:42[root]INFO | [START]======> Training Started for Seed [19]: 2024-04-20 02:42:32
20-04-24 02:42[root]INFO | actor: DGTActor(
  (features_extractor): FlattenExtractor(
    (flatten): Flatten(start_dim=1, end_dim=-1)
  )
  (drnet): DGT(
    (_and_act_fn): Softmax(dim=-1)
    (_predicate_l): Sequential(
      (0): Linear(in_features=24, out_features=63, bias=True)
    )
    (_and_l): XLinear(
      (_l): Linear(in_features=63, out_features=64, bias=False)
    )
    (_or_l): XLinear(
      (_l): Linear(in_features=64, out_features=4, bias=False)
    )
  )
)
20-04-24 02:42[icct.rl_helpers.eval_callback]INFO | (Eval ) num_timesteps=1500, Reward=-93.72 +/- 0.16, EpLength: 131.40 +/- 38.85
20-04-24 02:42[icct.rl_helpers.eval_callback]INFO | (Save ) Storing Best Model: New best mean reward!
20-04-24 02:42[icct.rl_helpers.eval_callback]INFO | (Train) Episode: 0, Avg Reward: -81.48007772336132, Best: -81.48007772336132
20-04-24 02:42[icct.rl_helpers.eval_callback]INFO | (Eval ) num_timesteps=3000, Reward=-93.69 +/- 0.09, EpLength: 110.80 +/- 2.23
20-04-24 02:42[icct.rl_helpers.eval_callback]INFO | (Save ) Storing Best Model: New best mean reward!
20-04-24 02:42[icct.rl_helpers.eval_callback]INFO | (Eval ) num_timesteps=4500, Reward=-93.67 +/- 0.11, EpLength: 111.60 +/- 1.96
20-04-24 02:42[icct.rl_helpers.eval_callback]INFO | (Save ) Storing Best Model: New best mean reward!
20-04-24 02:42[icct.rl_helpers.eval_callback]INFO | (Eval ) num_timesteps=6000, Reward=-93.64 +/- 0.22, EpLength: 109.80 +/- 0.75
20-04-24 02:42[icct.rl_helpers.eval_callback]INFO | (Save ) Storing Best Model: New best mean reward!
20-04-24 02:42[icct.rl_helpers.eval_callback]INFO | (Train) Episode: 10, Avg Reward: -100.23349332667591, Best: -80.80399220532308
20-04-24 02:42[icct.rl_helpers.eval_callback]INFO | (Eval ) num_timesteps=7500, Reward=-93.61 +/- 0.11, EpLength: 110.40 +/- 1.85
20-04-24 02:42[icct.rl_helpers.eval_callback]INFO | (Save ) Storing Best Model: New best mean reward!
20-04-24 02:42[icct.rl_helpers.eval_callback]INFO | (Eval ) num_timesteps=9000, Reward=-93.74 +/- 0.04, EpLength: 110.80 +/- 2.23
20-04-24 02:43[icct.rl_helpers.eval_callback]INFO | (Eval ) num_timesteps=10500, Reward=-117.88 +/- 0.86, EpLength: 41.60 +/- 0.80
20-04-24 02:43[icct.rl_helpers.eval_callback]INFO | (Train) Episode: 20, Avg Reward: -104.65215842658009, Best: -80.80399220532308
20-04-24 02:44[icct.rl_helpers.eval_callback]INFO | (Eval ) num_timesteps=12000, Reward=-131.36 +/- 8.67, EpLength: 136.00 +/- 43.91
20-04-24 02:45[icct.rl_helpers.eval_callback]INFO | (Eval ) num_timesteps=13500, Reward=-128.31 +/- 0.03, EpLength: 1600.00 +/- 0.00
20-04-24 02:45[icct.rl_helpers.eval_callback]INFO | (Train) Episode: 30, Avg Reward: -108.96764902998068, Best: -80.80399220532308
20-04-24 02:46[icct.rl_helpers.eval_callback]INFO | (Eval ) num_timesteps=15000, Reward=-109.98 +/- 0.16, EpLength: 1600.00 +/- 0.00
20-04-24 02:47[icct.rl_helpers.eval_callback]INFO | (Train) Episode: 40, Avg Reward: -112.92962428294219, Best: -80.80399220532308
20-04-24 02:47[icct.rl_helpers.eval_callback]INFO | (Eval ) num_timesteps=16500, Reward=-119.12 +/- 3.01, EpLength: 95.40 +/- 37.35
20-04-24 02:48[icct.rl_helpers.eval_callback]INFO | (Eval ) num_timesteps=18000, Reward=-102.26 +/- 1.95, EpLength: 1600.00 +/- 0.00
20-04-24 02:49[icct.rl_helpers.eval_callback]INFO | (Eval ) num_timesteps=19500, Reward=-110.14 +/- 0.69, EpLength: 1600.00 +/- 0.00
20-04-24 02:50[icct.rl_helpers.eval_callback]INFO | (Eval ) num_timesteps=21000, Reward=-120.41 +/- 0.02, EpLength: 1600.00 +/- 0.00
20-04-24 02:51[icct.rl_helpers.eval_callback]INFO | (Eval ) num_timesteps=22500, Reward=-121.64 +/- 3.86, EpLength: 72.00 +/- 49.51
20-04-24 02:52[icct.rl_helpers.eval_callback]INFO | (Eval ) num_timesteps=24000, Reward=-99.95 +/- 1.34, EpLength: 94.40 +/- 4.92
20-04-24 02:53[icct.rl_helpers.eval_callback]INFO | (Eval ) num_timesteps=25500, Reward=-130.29 +/- 0.01, EpLength: 1600.00 +/- 0.00
20-04-24 02:54[icct.rl_helpers.eval_callback]INFO | (Train) Episode: 50, Avg Reward: -111.45318807250356, Best: -80.80399220532308
20-04-24 02:55[icct.rl_helpers.eval_callback]INFO | (Eval ) num_timesteps=27000, Reward=-133.53 +/- 0.10, EpLength: 1600.00 +/- 0.00
20-04-24 02:55[icct.rl_helpers.eval_callback]INFO | (Eval ) num_timesteps=28500, Reward=-93.71 +/- 0.33, EpLength: 1600.00 +/- 0.00
20-04-24 02:57[icct.rl_helpers.eval_callback]INFO | (Eval ) num_timesteps=30000, Reward=-94.25 +/- 0.09, EpLength: 1600.00 +/- 0.00
20-04-24 02:58[icct.rl_helpers.eval_callback]INFO | (Eval ) num_timesteps=31500, Reward=-171.44 +/- 0.15, EpLength: 1600.00 +/- 0.00
20-04-24 03:00[icct.rl_helpers.eval_callback]INFO | (Eval ) num_timesteps=33000, Reward=-146.13 +/- 1.46, EpLength: 1600.00 +/- 0.00
20-04-24 03:01[icct.rl_helpers.eval_callback]INFO | (Eval ) num_timesteps=34500, Reward=-102.29 +/- 1.09, EpLength: 132.20 +/- 15.30
20-04-24 03:02[icct.rl_helpers.eval_callback]INFO | (Train) Episode: 60, Avg Reward: -111.51819156544846, Best: -80.80399220532308
20-04-24 03:03[icct.rl_helpers.eval_callback]INFO | (Eval ) num_timesteps=36000, Reward=-112.58 +/- 0.80, EpLength: 129.60 +/- 7.28
20-04-24 03:04[icct.rl_helpers.eval_callback]INFO | (Eval ) num_timesteps=37500, Reward=-125.76 +/- 0.00, EpLength: 1600.00 +/- 0.00
20-04-24 03:06[icct.rl_helpers.eval_callback]INFO | (Eval ) num_timesteps=39000, Reward=-108.65 +/- 0.02, EpLength: 1600.00 +/- 0.00
20-04-24 03:07[icct.rl_helpers.eval_callback]INFO | (Eval ) num_timesteps=40500, Reward=-106.94 +/- 3.26, EpLength: 1600.00 +/- 0.00
20-04-24 03:09[icct.rl_helpers.eval_callback]INFO | (Eval ) num_timesteps=42000, Reward=-90.87 +/- 0.03, EpLength: 1600.00 +/- 0.00
20-04-24 03:09[icct.rl_helpers.eval_callback]INFO | (Save ) Storing Best Model: New best mean reward!
20-04-24 03:10[icct.rl_helpers.eval_callback]INFO | (Eval ) num_timesteps=43500, Reward=-87.96 +/- 0.46, EpLength: 1600.00 +/- 0.00
20-04-24 03:10[icct.rl_helpers.eval_callback]INFO | (Save ) Storing Best Model: New best mean reward!
20-04-24 03:12[icct.rl_helpers.eval_callback]INFO | (Eval ) num_timesteps=45000, Reward=-112.00 +/- 0.03, EpLength: 41.20 +/- 0.40
20-04-24 03:12[icct.rl_helpers.eval_callback]INFO | (Train) Episode: 70, Avg Reward: -110.46939870278577, Best: -80.80399220532308
20-04-24 03:13[icct.rl_helpers.eval_callback]INFO | (Eval ) num_timesteps=46500, Reward=-130.03 +/- 0.24, EpLength: 137.00 +/- 2.90
20-04-24 03:15[icct.rl_helpers.eval_callback]INFO | (Eval ) num_timesteps=48000, Reward=-87.98 +/- 0.19, EpLength: 1600.00 +/- 0.00
20-04-24 03:16[icct.rl_helpers.eval_callback]INFO | (Eval ) num_timesteps=49500, Reward=-86.62 +/- 0.28, EpLength: 1600.00 +/- 0.00
20-04-24 03:16[icct.rl_helpers.eval_callback]INFO | (Save ) Storing Best Model: New best mean reward!
20-04-24 03:18[icct.rl_helpers.eval_callback]INFO | (Eval ) num_timesteps=51000, Reward=-92.59 +/- 19.46, EpLength: 1600.00 +/- 0.00
20-04-24 03:19[icct.rl_helpers.eval_callback]INFO | (Eval ) num_timesteps=52500, Reward=-91.22 +/- 0.34, EpLength: 1600.00 +/- 0.00
20-04-24 03:21[icct.rl_helpers.eval_callback]INFO | (Eval ) num_timesteps=54000, Reward=-107.28 +/- 0.06, EpLength: 1600.00 +/- 0.00
20-04-24 03:22[icct.rl_helpers.eval_callback]INFO | (Eval ) num_timesteps=55500, Reward=-109.80 +/- 0.00, EpLength: 1600.00 +/- 0.00
20-04-24 03:24[icct.rl_helpers.eval_callback]INFO | (Eval ) num_timesteps=57000, Reward=-121.05 +/- 0.02, EpLength: 1600.00 +/- 0.00
20-04-24 03:25[icct.rl_helpers.eval_callback]INFO | (Train) Episode: 80, Avg Reward: -110.2791869950431, Best: -80.80399220532308
20-04-24 03:25[icct.rl_helpers.eval_callback]INFO | (Eval ) num_timesteps=58500, Reward=-85.91 +/- 0.23, EpLength: 1600.00 +/- 0.00
20-04-24 03:25[icct.rl_helpers.eval_callback]INFO | (Save ) Storing Best Model: New best mean reward!
20-04-24 03:27[icct.rl_helpers.eval_callback]INFO | (Eval ) num_timesteps=60000, Reward=-74.28 +/- 0.03, EpLength: 1600.00 +/- 0.00
20-04-24 03:27[icct.rl_helpers.eval_callback]INFO | (Save ) Storing Best Model: New best mean reward!
20-04-24 03:28[icct.rl_helpers.eval_callback]INFO | (Eval ) num_timesteps=61500, Reward=-75.02 +/- 16.19, EpLength: 1305.40 +/- 589.20
20-04-24 03:30[icct.rl_helpers.eval_callback]INFO | (Eval ) num_timesteps=63000, Reward=-63.87 +/- 0.08, EpLength: 1600.00 +/- 0.00
20-04-24 03:30[icct.rl_helpers.eval_callback]INFO | (Save ) Storing Best Model: New best mean reward!
20-04-24 03:31[icct.rl_helpers.eval_callback]INFO | (Eval ) num_timesteps=64500, Reward=-69.83 +/- 0.40, EpLength: 1600.00 +/- 0.00
20-04-24 03:33[icct.rl_helpers.eval_callback]INFO | (Eval ) num_timesteps=66000, Reward=-104.09 +/- 0.29, EpLength: 65.40 +/- 1.96
20-04-24 03:34[icct.rl_helpers.eval_callback]INFO | (Eval ) num_timesteps=67500, Reward=-83.75 +/- 0.02, EpLength: 1600.00 +/- 0.00
20-04-24 03:35[icct.rl_helpers.eval_callback]INFO | (Eval ) num_timesteps=69000, Reward=-104.62 +/- 0.28, EpLength: 63.80 +/- 0.40
20-04-24 03:36[icct.rl_helpers.eval_callback]INFO | (Eval ) num_timesteps=70500, Reward=-81.08 +/- 0.08, EpLength: 1600.00 +/- 0.00
20-04-24 03:38[icct.rl_helpers.eval_callback]INFO | (Eval ) num_timesteps=72000, Reward=-97.77 +/- 0.23, EpLength: 1600.00 +/- 0.00
20-04-24 03:39[icct.rl_helpers.eval_callback]INFO | (Eval ) num_timesteps=73500, Reward=-81.26 +/- 0.07, EpLength: 1600.00 +/- 0.00
20-04-24 03:40[icct.rl_helpers.eval_callback]INFO | (Train) Episode: 90, Avg Reward: -107.26925359027622, Best: -80.80399220532308
20-04-24 03:40[icct.rl_helpers.eval_callback]INFO | (Eval ) num_timesteps=75000, Reward=-109.08 +/- 3.09, EpLength: 104.80 +/- 4.40
20-04-24 03:41[icct.rl_helpers.eval_callback]INFO | (Eval ) num_timesteps=76500, Reward=-102.28 +/- 0.54, EpLength: 95.20 +/- 5.64
20-04-24 03:43[icct.rl_helpers.eval_callback]INFO | (Eval ) num_timesteps=78000, Reward=-67.96 +/- 0.06, EpLength: 1600.00 +/- 0.00
20-04-24 03:44[icct.rl_helpers.eval_callback]INFO | (Eval ) num_timesteps=79500, Reward=-100.19 +/- 0.33, EpLength: 1600.00 +/- 0.00
20-04-24 03:46[icct.rl_helpers.eval_callback]INFO | (Eval ) num_timesteps=81000, Reward=-63.85 +/- 0.29, EpLength: 1600.00 +/- 0.00
20-04-24 03:46[icct.rl_helpers.eval_callback]INFO | (Save ) Storing Best Model: New best mean reward!
20-04-24 03:47[icct.rl_helpers.eval_callback]INFO | (Eval ) num_timesteps=82500, Reward=-106.23 +/- 0.33, EpLength: 101.80 +/- 7.49
20-04-24 03:48[icct.rl_helpers.eval_callback]INFO | (Eval ) num_timesteps=84000, Reward=-98.60 +/- 10.97, EpLength: 1000.60 +/- 734.11
20-04-24 03:50[icct.rl_helpers.eval_callback]INFO | (Eval ) num_timesteps=85500, Reward=-69.08 +/- 18.61, EpLength: 1316.00 +/- 568.00
20-04-24 03:51[icct.rl_helpers.eval_callback]INFO | (Train) Episode: 100, Avg Reward: -106.2770249176563, Best: -80.80399220532308
20-04-24 03:51[icct.rl_helpers.eval_callback]INFO | (Eval ) num_timesteps=87000, Reward=-124.93 +/- 0.09, EpLength: 1600.00 +/- 0.00
20-04-24 03:53[icct.rl_helpers.eval_callback]INFO | (Eval ) num_timesteps=88500, Reward=-121.60 +/- 0.66, EpLength: 1600.00 +/- 0.00
20-04-24 03:55[icct.rl_helpers.eval_callback]INFO | (Eval ) num_timesteps=90000, Reward=-108.42 +/- 0.03, EpLength: 1600.00 +/- 0.00
20-04-24 03:56[icct.rl_helpers.eval_callback]INFO | (Eval ) num_timesteps=91500, Reward=-98.73 +/- 0.39, EpLength: 1600.00 +/- 0.00
20-04-24 03:58[icct.rl_helpers.eval_callback]INFO | (Eval ) num_timesteps=93000, Reward=-95.53 +/- 0.07, EpLength: 1600.00 +/- 0.00
20-04-24 03:59[icct.rl_helpers.eval_callback]INFO | (Eval ) num_timesteps=94500, Reward=-104.38 +/- 0.23, EpLength: 1600.00 +/- 0.00
20-04-24 04:01[icct.rl_helpers.eval_callback]INFO | (Eval ) num_timesteps=96000, Reward=-111.12 +/- 0.03, EpLength: 1600.00 +/- 0.00
20-04-24 04:02[icct.rl_helpers.eval_callback]INFO | (Eval ) num_timesteps=97500, Reward=-99.71 +/- 0.09, EpLength: 1600.00 +/- 0.00
20-04-24 04:04[icct.rl_helpers.eval_callback]INFO | (Eval ) num_timesteps=99000, Reward=-105.14 +/- 0.05, EpLength: 1600.00 +/- 0.00
20-04-24 04:05[icct.rl_helpers.eval_callback]INFO | (Eval ) num_timesteps=100500, Reward=-111.76 +/- 0.23, EpLength: 1600.00 +/- 0.00
20-04-24 04:07[icct.rl_helpers.eval_callback]INFO | (Eval ) num_timesteps=102000, Reward=-80.97 +/- 0.15, EpLength: 1600.00 +/- 0.00
20-04-24 04:07[icct.rl_helpers.eval_callback]INFO | (Train) Episode: 110, Avg Reward: -106.4336399545858, Best: -80.80399220532308
20-04-24 04:08[icct.rl_helpers.eval_callback]INFO | (Eval ) num_timesteps=103500, Reward=-104.21 +/- 0.05, EpLength: 1600.00 +/- 0.00
20-04-24 04:10[icct.rl_helpers.eval_callback]INFO | (Eval ) num_timesteps=105000, Reward=-88.12 +/- 0.05, EpLength: 1600.00 +/- 0.00
20-04-24 04:11[icct.rl_helpers.eval_callback]INFO | (Eval ) num_timesteps=106500, Reward=-92.32 +/- 0.15, EpLength: 1600.00 +/- 0.00
20-04-24 04:12[icct.rl_helpers.eval_callback]INFO | (Eval ) num_timesteps=108000, Reward=-102.74 +/- 1.46, EpLength: 75.00 +/- 6.75
20-04-24 04:14[icct.rl_helpers.eval_callback]INFO | (Eval ) num_timesteps=109500, Reward=-69.47 +/- 0.03, EpLength: 1600.00 +/- 0.00
20-04-24 04:15[icct.rl_helpers.eval_callback]INFO | (Eval ) num_timesteps=111000, Reward=-64.05 +/- 0.04, EpLength: 1600.00 +/- 0.00
20-04-24 04:17[icct.rl_helpers.eval_callback]INFO | (Eval ) num_timesteps=112500, Reward=-92.24 +/- 0.23, EpLength: 1600.00 +/- 0.00
20-04-24 04:18[icct.rl_helpers.eval_callback]INFO | (Train) Episode: 120, Avg Reward: -104.78949614644289, Best: -80.80399220532308
20-04-24 04:18[icct.rl_helpers.eval_callback]INFO | (Eval ) num_timesteps=114000, Reward=-69.56 +/- 0.57, EpLength: 1600.00 +/- 0.00
20-04-24 04:20[icct.rl_helpers.eval_callback]INFO | (Eval ) num_timesteps=115500, Reward=-80.10 +/- 0.06, EpLength: 1600.00 +/- 0.00
20-04-24 04:21[icct.rl_helpers.eval_callback]INFO | (Eval ) num_timesteps=117000, Reward=-99.93 +/- 0.28, EpLength: 80.80 +/- 1.60
20-04-24 04:22[icct.rl_helpers.eval_callback]INFO | (Eval ) num_timesteps=118500, Reward=-94.49 +/- 0.05, EpLength: 83.00 +/- 1.55
20-04-24 04:24[icct.rl_helpers.eval_callback]INFO | (Eval ) num_timesteps=120000, Reward=-103.86 +/- 0.11, EpLength: 136.60 +/- 5.31
20-04-24 04:24[icct.rl_helpers.eval_callback]INFO | (Train) Episode: 130, Avg Reward: -102.242874621792, Best: -80.80399220532308
20-04-24 04:25[icct.rl_helpers.eval_callback]INFO | (Eval ) num_timesteps=121500, Reward=-46.01 +/- 0.06, EpLength: 1600.00 +/- 0.00
20-04-24 04:25[icct.rl_helpers.eval_callback]INFO | (Save ) Storing Best Model: New best mean reward!
20-04-24 04:27[icct.rl_helpers.eval_callback]INFO | (Eval ) num_timesteps=123000, Reward=-93.42 +/- 1.90, EpLength: 1600.00 +/- 0.00
20-04-24 04:28[icct.rl_helpers.eval_callback]INFO | (Eval ) num_timesteps=124500, Reward=-84.88 +/- 0.88, EpLength: 1600.00 +/- 0.00
20-04-24 04:30[icct.rl_helpers.eval_callback]INFO | (Eval ) num_timesteps=126000, Reward=-73.35 +/- 0.03, EpLength: 1600.00 +/- 0.00
20-04-24 04:31[icct.rl_helpers.eval_callback]INFO | (Eval ) num_timesteps=127500, Reward=-83.63 +/- 0.09, EpLength: 1600.00 +/- 0.00
20-04-24 04:33[icct.rl_helpers.eval_callback]INFO | (Eval ) num_timesteps=129000, Reward=-100.09 +/- 0.04, EpLength: 110.60 +/- 2.24
20-04-24 04:34[icct.rl_helpers.eval_callback]INFO | (Eval ) num_timesteps=130500, Reward=-106.50 +/- 1.22, EpLength: 104.00 +/- 9.57
20-04-24 04:34[icct.rl_helpers.eval_callback]INFO | (Train) Episode: 140, Avg Reward: -98.30403833013811, Best: -80.80399220532308
20-04-24 04:35[icct.rl_helpers.eval_callback]INFO | (Eval ) num_timesteps=132000, Reward=-112.14 +/- 0.14, EpLength: 76.00 +/- 0.00
20-04-24 04:37[icct.rl_helpers.eval_callback]INFO | (Eval ) num_timesteps=133500, Reward=-101.99 +/- 0.31, EpLength: 94.40 +/- 3.83
20-04-24 04:38[icct.rl_helpers.eval_callback]INFO | (Eval ) num_timesteps=135000, Reward=-85.51 +/- 0.07, EpLength: 1600.00 +/- 0.00
20-04-24 04:39[icct.rl_helpers.eval_callback]INFO | (Eval ) num_timesteps=136500, Reward=-92.29 +/- 0.28, EpLength: 1600.00 +/- 0.00
20-04-24 04:41[icct.rl_helpers.eval_callback]INFO | (Eval ) num_timesteps=138000, Reward=-89.93 +/- 0.03, EpLength: 1600.00 +/- 0.00
20-04-24 04:42[icct.rl_helpers.eval_callback]INFO | (Eval ) num_timesteps=139500, Reward=-81.44 +/- 0.22, EpLength: 1600.00 +/- 0.00
20-04-24 04:44[icct.rl_helpers.eval_callback]INFO | (Eval ) num_timesteps=141000, Reward=-94.73 +/- 0.07, EpLength: 1600.00 +/- 0.00
20-04-24 04:45[icct.rl_helpers.eval_callback]INFO | (Train) Episode: 150, Avg Reward: -97.59308217826464, Best: -80.80399220532308
20-04-24 04:45[icct.rl_helpers.eval_callback]INFO | (Eval ) num_timesteps=142500, Reward=-99.68 +/- 0.01, EpLength: 1600.00 +/- 0.00
20-04-24 04:47[icct.rl_helpers.eval_callback]INFO | (Eval ) num_timesteps=144000, Reward=-97.13 +/- 0.21, EpLength: 82.00 +/- 0.63
20-04-24 04:48[icct.rl_helpers.eval_callback]INFO | (Eval ) num_timesteps=145500, Reward=-102.84 +/- 0.21, EpLength: 1600.00 +/- 0.00
20-04-24 04:50[icct.rl_helpers.eval_callback]INFO | (Eval ) num_timesteps=147000, Reward=-88.23 +/- 0.02, EpLength: 1600.00 +/- 0.00
20-04-24 04:51[icct.rl_helpers.eval_callback]INFO | (Eval ) num_timesteps=148500, Reward=-72.77 +/- 0.13, EpLength: 1600.00 +/- 0.00
20-04-24 04:52[icct.rl_helpers.eval_callback]INFO | (Eval ) num_timesteps=150000, Reward=-66.74 +/- 0.03, EpLength: 1600.00 +/- 0.00
20-04-24 04:54[icct.rl_helpers.eval_callback]INFO | (Eval ) num_timesteps=151500, Reward=-88.21 +/- 0.17, EpLength: 1600.00 +/- 0.00
20-04-24 04:55[icct.rl_helpers.eval_callback]INFO | (Eval ) num_timesteps=153000, Reward=-99.44 +/- 0.38, EpLength: 1600.00 +/- 0.00
20-04-24 04:56[icct.rl_helpers.eval_callback]INFO | (Train) Episode: 160, Avg Reward: -96.24635647215393, Best: -80.80399220532308
20-04-24 04:57[icct.rl_helpers.eval_callback]INFO | (Eval ) num_timesteps=154500, Reward=-106.63 +/- 0.99, EpLength: 1600.00 +/- 0.00
20-04-24 04:58[icct.rl_helpers.eval_callback]INFO | (Eval ) num_timesteps=156000, Reward=-96.15 +/- 0.01, EpLength: 1600.00 +/- 0.00
20-04-24 04:59[icct.rl_helpers.eval_callback]INFO | (Eval ) num_timesteps=157500, Reward=-91.68 +/- 0.15, EpLength: 1600.00 +/- 0.00
20-04-24 05:01[icct.rl_helpers.eval_callback]INFO | (Eval ) num_timesteps=159000, Reward=-68.79 +/- 0.06, EpLength: 1600.00 +/- 0.00
20-04-24 05:02[icct.rl_helpers.eval_callback]INFO | (Eval ) num_timesteps=160500, Reward=-123.17 +/- 0.23, EpLength: 1600.00 +/- 0.00
20-04-24 05:04[icct.rl_helpers.eval_callback]INFO | (Eval ) num_timesteps=162000, Reward=-95.95 +/- 0.02, EpLength: 1600.00 +/- 0.00
20-04-24 05:05[icct.rl_helpers.eval_callback]INFO | (Eval ) num_timesteps=163500, Reward=-93.43 +/- 0.02, EpLength: 1600.00 +/- 0.00
20-04-24 05:06[icct.rl_helpers.eval_callback]INFO | (Eval ) num_timesteps=165000, Reward=-102.44 +/- 2.13, EpLength: 411.60 +/- 594.37
20-04-24 05:07[icct.rl_helpers.eval_callback]INFO | (Train) Episode: 170, Avg Reward: -95.93740580067143, Best: -80.80399220532308
20-04-24 05:08[icct.rl_helpers.eval_callback]INFO | (Eval ) num_timesteps=166500, Reward=-102.89 +/- 0.09, EpLength: 108.80 +/- 1.17
20-04-24 05:09[icct.rl_helpers.eval_callback]INFO | (Eval ) num_timesteps=168000, Reward=-98.57 +/- 0.05, EpLength: 1600.00 +/- 0.00
20-04-24 05:10[icct.rl_helpers.eval_callback]INFO | (Eval ) num_timesteps=169500, Reward=-119.67 +/- 0.18, EpLength: 1600.00 +/- 0.00
20-04-24 05:12[icct.rl_helpers.eval_callback]INFO | (Eval ) num_timesteps=171000, Reward=-107.67 +/- 0.04, EpLength: 1600.00 +/- 0.00
20-04-24 05:13[icct.rl_helpers.eval_callback]INFO | (Eval ) num_timesteps=172500, Reward=-95.71 +/- 0.02, EpLength: 1600.00 +/- 0.00
20-04-24 05:15[icct.rl_helpers.eval_callback]INFO | (Eval ) num_timesteps=174000, Reward=-96.18 +/- 0.21, EpLength: 1600.00 +/- 0.00
20-04-24 05:16[icct.rl_helpers.eval_callback]INFO | (Eval ) num_timesteps=175500, Reward=-105.32 +/- 2.70, EpLength: 700.20 +/- 734.68
20-04-24 05:18[icct.rl_helpers.eval_callback]INFO | (Eval ) num_timesteps=177000, Reward=-123.10 +/- 0.07, EpLength: 1600.00 +/- 0.00
20-04-24 05:20[icct.rl_helpers.eval_callback]INFO | (Eval ) num_timesteps=178500, Reward=-108.38 +/- 0.02, EpLength: 1600.00 +/- 0.00
20-04-24 05:21[icct.rl_helpers.eval_callback]INFO | (Eval ) num_timesteps=180000, Reward=-115.72 +/- 0.10, EpLength: 1600.00 +/- 0.00
20-04-24 05:22[icct.rl_helpers.eval_callback]INFO | (Train) Episode: 180, Avg Reward: -95.30836844475317, Best: -80.80399220532308
20-04-24 05:23[icct.rl_helpers.eval_callback]INFO | (Eval ) num_timesteps=181500, Reward=-97.52 +/- 7.31, EpLength: 728.80 +/- 711.37
20-04-24 05:24[icct.rl_helpers.eval_callback]INFO | (Eval ) num_timesteps=183000, Reward=-104.85 +/- 0.09, EpLength: 1600.00 +/- 0.00
20-04-24 05:25[icct.rl_helpers.eval_callback]INFO | (Eval ) num_timesteps=184500, Reward=-108.52 +/- 0.05, EpLength: 1600.00 +/- 0.00
20-04-24 05:27[icct.rl_helpers.eval_callback]INFO | (Eval ) num_timesteps=186000, Reward=-107.26 +/- 0.12, EpLength: 1600.00 +/- 0.00
20-04-24 05:28[icct.rl_helpers.eval_callback]INFO | (Eval ) num_timesteps=187500, Reward=-99.73 +/- 0.18, EpLength: 1600.00 +/- 0.00
20-04-24 05:30[icct.rl_helpers.eval_callback]INFO | (Eval ) num_timesteps=189000, Reward=-116.32 +/- 0.05, EpLength: 1600.00 +/- 0.00
20-04-24 05:31[icct.rl_helpers.eval_callback]INFO | (Eval ) num_timesteps=190500, Reward=-84.04 +/- 0.03, EpLength: 1600.00 +/- 0.00
20-04-24 05:33[icct.rl_helpers.eval_callback]INFO | (Eval ) num_timesteps=192000, Reward=-79.27 +/- 0.01, EpLength: 1600.00 +/- 0.00
20-04-24 05:34[icct.rl_helpers.eval_callback]INFO | (Eval ) num_timesteps=193500, Reward=-101.35 +/- 0.02, EpLength: 1600.00 +/- 0.00
20-04-24 05:35[icct.rl_helpers.eval_callback]INFO | (Eval ) num_timesteps=195000, Reward=-101.73 +/- 0.03, EpLength: 1600.00 +/- 0.00
20-04-24 05:37[icct.rl_helpers.eval_callback]INFO | (Eval ) num_timesteps=196500, Reward=-98.70 +/- 0.12, EpLength: 1600.00 +/- 0.00
20-04-24 05:37[icct.rl_helpers.eval_callback]INFO | (Train) Episode: 190, Avg Reward: -96.96271137128646, Best: -80.80399220532308
20-04-24 05:38[icct.rl_helpers.eval_callback]INFO | (Eval ) num_timesteps=198000, Reward=-93.42 +/- 4.90, EpLength: 1600.00 +/- 0.00
20-04-24 05:39[icct.rl_helpers.eval_callback]INFO | (Eval ) num_timesteps=199500, Reward=-105.78 +/- 0.51, EpLength: 1600.00 +/- 0.00
20-04-24 05:41[icct.rl_helpers.eval_callback]INFO | (Eval ) num_timesteps=201000, Reward=-100.72 +/- 2.43, EpLength: 1600.00 +/- 0.00
20-04-24 05:42[icct.rl_helpers.eval_callback]INFO | (Eval ) num_timesteps=202500, Reward=-101.22 +/- 0.05, EpLength: 1600.00 +/- 0.00
20-04-24 05:44[icct.rl_helpers.eval_callback]INFO | (Eval ) num_timesteps=204000, Reward=-100.75 +/- 0.02, EpLength: 1600.00 +/- 0.00
20-04-24 05:45[icct.rl_helpers.eval_callback]INFO | (Eval ) num_timesteps=205500, Reward=-107.45 +/- 0.18, EpLength: 1600.00 +/- 0.00
20-04-24 05:47[icct.rl_helpers.eval_callback]INFO | (Eval ) num_timesteps=207000, Reward=-78.90 +/- 0.64, EpLength: 1600.00 +/- 0.00
20-04-24 05:48[icct.rl_helpers.eval_callback]INFO | (Eval ) num_timesteps=208500, Reward=-110.06 +/- 0.02, EpLength: 1600.00 +/- 0.00
20-04-24 05:50[icct.rl_helpers.eval_callback]INFO | (Eval ) num_timesteps=210000, Reward=-79.91 +/- 0.20, EpLength: 1600.00 +/- 0.00
20-04-24 05:50[icct.rl_helpers.eval_callback]INFO | (Train) Episode: 200, Avg Reward: -97.38869473825955, Best: -80.80399220532308
20-04-24 05:51[icct.rl_helpers.eval_callback]INFO | (Eval ) num_timesteps=211500, Reward=-92.45 +/- 0.34, EpLength: 1600.00 +/- 0.00
20-04-24 05:53[icct.rl_helpers.eval_callback]INFO | (Eval ) num_timesteps=213000, Reward=-84.83 +/- 0.45, EpLength: 1600.00 +/- 0.00
20-04-24 05:54[icct.rl_helpers.eval_callback]INFO | (Eval ) num_timesteps=214500, Reward=-92.79 +/- 0.07, EpLength: 1600.00 +/- 0.00
20-04-24 05:55[icct.rl_helpers.eval_callback]INFO | (Eval ) num_timesteps=216000, Reward=-101.59 +/- 0.03, EpLength: 1600.00 +/- 0.00
20-04-24 05:56[icct.rl_helpers.eval_callback]INFO | (Eval ) num_timesteps=217500, Reward=-102.58 +/- 0.10, EpLength: 1600.00 +/- 0.00
20-04-24 05:58[icct.rl_helpers.eval_callback]INFO | (Eval ) num_timesteps=219000, Reward=-81.80 +/- 0.19, EpLength: 1600.00 +/- 0.00
20-04-24 05:59[icct.rl_helpers.eval_callback]INFO | (Train) Episode: 210, Avg Reward: -96.7666115393068, Best: -80.80399220532308
20-04-24 05:59[icct.rl_helpers.eval_callback]INFO | (Eval ) num_timesteps=220500, Reward=-71.58 +/- 0.11, EpLength: 1600.00 +/- 0.00
20-04-24 06:00[icct.rl_helpers.eval_callback]INFO | (Eval ) num_timesteps=222000, Reward=-107.12 +/- 0.18, EpLength: 1600.00 +/- 0.00
20-04-24 06:02[icct.rl_helpers.eval_callback]INFO | (Eval ) num_timesteps=223500, Reward=-110.17 +/- 0.15, EpLength: 1600.00 +/- 0.00
20-04-24 06:03[icct.rl_helpers.eval_callback]INFO | (Eval ) num_timesteps=225000, Reward=-76.63 +/- 0.07, EpLength: 1600.00 +/- 0.00
20-04-24 06:04[icct.rl_helpers.eval_callback]INFO | (Eval ) num_timesteps=226500, Reward=-93.79 +/- 0.11, EpLength: 1600.00 +/- 0.00
20-04-24 06:05[icct.rl_helpers.eval_callback]INFO | (Eval ) num_timesteps=228000, Reward=-100.38 +/- 0.06, EpLength: 1600.00 +/- 0.00
20-04-24 06:07[icct.rl_helpers.eval_callback]INFO | (Eval ) num_timesteps=229500, Reward=-101.53 +/- 0.20, EpLength: 1600.00 +/- 0.00
20-04-24 06:08[icct.rl_helpers.eval_callback]INFO | (Eval ) num_timesteps=231000, Reward=-97.30 +/- 0.07, EpLength: 1600.00 +/- 0.00
20-04-24 06:10[icct.rl_helpers.eval_callback]INFO | (Eval ) num_timesteps=232500, Reward=-76.42 +/- 0.04, EpLength: 1600.00 +/- 0.00
20-04-24 06:11[icct.rl_helpers.eval_callback]INFO | (Eval ) num_timesteps=234000, Reward=-93.50 +/- 0.02, EpLength: 1600.00 +/- 0.00
20-04-24 06:12[icct.rl_helpers.eval_callback]INFO | (Eval ) num_timesteps=235500, Reward=-113.11 +/- 0.04, EpLength: 1600.00 +/- 0.00
20-04-24 06:13[icct.rl_helpers.eval_callback]INFO | (Train) Episode: 220, Avg Reward: -97.0247275123536, Best: -80.80399220532308
20-04-24 06:14[icct.rl_helpers.eval_callback]INFO | (Eval ) num_timesteps=237000, Reward=-104.90 +/- 0.12, EpLength: 1600.00 +/- 0.00
20-04-24 06:15[icct.rl_helpers.eval_callback]INFO | (Eval ) num_timesteps=238500, Reward=-100.52 +/- 0.07, EpLength: 1600.00 +/- 0.00
20-04-24 06:16[icct.rl_helpers.eval_callback]INFO | (Eval ) num_timesteps=240000, Reward=-89.70 +/- 0.08, EpLength: 1600.00 +/- 0.00
20-04-24 06:18[icct.rl_helpers.eval_callback]INFO | (Eval ) num_timesteps=241500, Reward=-91.03 +/- 0.51, EpLength: 1600.00 +/- 0.00
20-04-24 06:19[icct.rl_helpers.eval_callback]INFO | (Eval ) num_timesteps=243000, Reward=-54.84 +/- 0.03, EpLength: 1600.00 +/- 0.00
20-04-24 06:20[icct.rl_helpers.eval_callback]INFO | (Eval ) num_timesteps=244500, Reward=-94.29 +/- 0.09, EpLength: 1600.00 +/- 0.00
20-04-24 06:21[icct.rl_helpers.eval_callback]INFO | (Eval ) num_timesteps=246000, Reward=-71.37 +/- 0.08, EpLength: 1600.00 +/- 0.00
20-04-24 06:22[icct.rl_helpers.eval_callback]INFO | (Eval ) num_timesteps=247500, Reward=-103.30 +/- 0.14, EpLength: 1600.00 +/- 0.00
20-04-24 06:23[icct.rl_helpers.eval_callback]INFO | (Eval ) num_timesteps=249000, Reward=-89.69 +/- 0.08, EpLength: 1600.00 +/- 0.00
20-04-24 06:25[icct.rl_helpers.eval_callback]INFO | (Eval ) num_timesteps=250500, Reward=-88.27 +/- 9.07, EpLength: 1321.40 +/- 557.20
20-04-24 06:25[icct.rl_helpers.eval_callback]INFO | (Train) Episode: 230, Avg Reward: -97.05092427109946, Best: -80.80399220532308
20-04-24 06:26[icct.rl_helpers.eval_callback]INFO | (Eval ) num_timesteps=252000, Reward=-73.93 +/- 0.47, EpLength: 1600.00 +/- 0.00
20-04-24 06:27[icct.rl_helpers.eval_callback]INFO | (Eval ) num_timesteps=253500, Reward=-111.08 +/- 0.15, EpLength: 1600.00 +/- 0.00
20-04-24 06:29[icct.rl_helpers.eval_callback]INFO | (Eval ) num_timesteps=255000, Reward=-100.75 +/- 0.16, EpLength: 113.40 +/- 8.80
20-04-24 06:30[icct.rl_helpers.eval_callback]INFO | (Eval ) num_timesteps=256500, Reward=-94.53 +/- 0.08, EpLength: 1600.00 +/- 0.00
20-04-24 06:31[icct.rl_helpers.eval_callback]INFO | (Eval ) num_timesteps=258000, Reward=-95.78 +/- 0.06, EpLength: 1600.00 +/- 0.00
20-04-24 06:32[icct.rl_helpers.eval_callback]INFO | (Eval ) num_timesteps=259500, Reward=-113.14 +/- 0.05, EpLength: 106.00 +/- 0.00
20-04-24 06:34[icct.rl_helpers.eval_callback]INFO | (Eval ) num_timesteps=261000, Reward=-92.52 +/- 0.13, EpLength: 1600.00 +/- 0.00
20-04-24 06:35[icct.rl_helpers.eval_callback]INFO | (Eval ) num_timesteps=262500, Reward=-81.28 +/- 0.05, EpLength: 1600.00 +/- 0.00
20-04-24 06:37[icct.rl_helpers.eval_callback]INFO | (Train) Episode: 240, Avg Reward: -97.59558713516131, Best: -80.80399220532308
20-04-24 06:37[icct.rl_helpers.eval_callback]INFO | (Eval ) num_timesteps=264000, Reward=-88.09 +/- 0.14, EpLength: 1600.00 +/- 0.00
20-04-24 06:38[icct.rl_helpers.eval_callback]INFO | (Eval ) num_timesteps=265500, Reward=-89.46 +/- 0.14, EpLength: 1600.00 +/- 0.00
20-04-24 06:40[icct.rl_helpers.eval_callback]INFO | (Eval ) num_timesteps=267000, Reward=-96.21 +/- 0.01, EpLength: 1600.00 +/- 0.00
20-04-24 06:41[icct.rl_helpers.eval_callback]INFO | (Eval ) num_timesteps=268500, Reward=-91.35 +/- 17.31, EpLength: 452.60 +/- 573.74
20-04-24 06:43[icct.rl_helpers.eval_callback]INFO | (Eval ) num_timesteps=270000, Reward=-69.77 +/- 0.07, EpLength: 1600.00 +/- 0.00
20-04-24 06:44[icct.rl_helpers.eval_callback]INFO | (Eval ) num_timesteps=271500, Reward=-84.06 +/- 0.02, EpLength: 1600.00 +/- 0.00
20-04-24 06:45[icct.rl_helpers.eval_callback]INFO | (Eval ) num_timesteps=273000, Reward=-102.61 +/- 0.30, EpLength: 153.40 +/- 5.24
20-04-24 06:47[icct.rl_helpers.eval_callback]INFO | (Eval ) num_timesteps=274500, Reward=-77.59 +/- 0.77, EpLength: 1600.00 +/- 0.00
20-04-24 06:48[icct.rl_helpers.eval_callback]INFO | (Eval ) num_timesteps=276000, Reward=-74.57 +/- 12.79, EpLength: 1302.00 +/- 596.00
20-04-24 06:49[icct.rl_helpers.eval_callback]INFO | (Eval ) num_timesteps=277500, Reward=-108.26 +/- 0.09, EpLength: 137.00 +/- 1.90
20-04-24 06:50[icct.rl_helpers.eval_callback]INFO | (Train) Episode: 250, Avg Reward: -96.12594937033398, Best: -80.80399220532308
20-04-24 06:50[icct.rl_helpers.eval_callback]INFO | (Eval ) num_timesteps=279000, Reward=-73.18 +/- 0.52, EpLength: 1600.00 +/- 0.00
20-04-24 06:52[icct.rl_helpers.eval_callback]INFO | (Eval ) num_timesteps=280500, Reward=-73.69 +/- 0.02, EpLength: 1600.00 +/- 0.00
20-04-24 06:53[icct.rl_helpers.eval_callback]INFO | (Eval ) num_timesteps=282000, Reward=-63.13 +/- 0.03, EpLength: 1600.00 +/- 0.00
20-04-24 06:55[icct.rl_helpers.eval_callback]INFO | (Eval ) num_timesteps=283500, Reward=-89.25 +/- 0.12, EpLength: 1600.00 +/- 0.00
20-04-24 06:56[icct.rl_helpers.eval_callback]INFO | (Eval ) num_timesteps=285000, Reward=-71.08 +/- 0.00, EpLength: 1600.00 +/- 0.00
20-04-24 06:58[icct.rl_helpers.eval_callback]INFO | (Eval ) num_timesteps=286500, Reward=-77.28 +/- 0.02, EpLength: 1600.00 +/- 0.00
20-04-24 06:59[icct.rl_helpers.eval_callback]INFO | (Eval ) num_timesteps=288000, Reward=-96.38 +/- 0.00, EpLength: 1600.00 +/- 0.00
20-04-24 07:01[icct.rl_helpers.eval_callback]INFO | (Eval ) num_timesteps=289500, Reward=-86.81 +/- 0.04, EpLength: 1600.00 +/- 0.00
20-04-24 07:01[icct.rl_helpers.eval_callback]INFO | (Train) Episode: 260, Avg Reward: -95.45136108708219, Best: -80.80399220532308
20-04-24 07:02[icct.rl_helpers.eval_callback]INFO | (Eval ) num_timesteps=291000, Reward=-94.64 +/- 0.20, EpLength: 1600.00 +/- 0.00
20-04-24 07:04[icct.rl_helpers.eval_callback]INFO | (Eval ) num_timesteps=292500, Reward=-77.01 +/- 0.03, EpLength: 1600.00 +/- 0.00
20-04-24 07:05[icct.rl_helpers.eval_callback]INFO | (Eval ) num_timesteps=294000, Reward=-74.67 +/- 0.26, EpLength: 1600.00 +/- 0.00
20-04-24 07:07[icct.rl_helpers.eval_callback]INFO | (Eval ) num_timesteps=295500, Reward=-117.61 +/- 0.16, EpLength: 91.80 +/- 0.40
20-04-24 07:08[icct.rl_helpers.eval_callback]INFO | (Eval ) num_timesteps=297000, Reward=-83.66 +/- 0.15, EpLength: 1600.00 +/- 0.00
20-04-24 07:09[icct.rl_helpers.eval_callback]INFO | (Eval ) num_timesteps=298500, Reward=-72.73 +/- 13.53, EpLength: 1300.20 +/- 599.60
20-04-24 07:11[icct.rl_helpers.eval_callback]INFO | (Eval ) num_timesteps=300000, Reward=-94.02 +/- 0.11, EpLength: 1600.00 +/- 0.00
20-04-24 07:12[icct.rl_helpers.eval_callback]INFO | (Eval ) num_timesteps=301500, Reward=-79.81 +/- 0.39, EpLength: 1600.00 +/- 0.00
20-04-24 07:12[icct.rl_helpers.eval_callback]INFO | (Train) Episode: 270, Avg Reward: -94.44142242300754, Best: -80.80399220532308
20-04-24 07:13[icct.rl_helpers.eval_callback]INFO | (Eval ) num_timesteps=303000, Reward=-105.82 +/- 0.44, EpLength: 1600.00 +/- 0.00
20-04-24 07:15[icct.rl_helpers.eval_callback]INFO | (Eval ) num_timesteps=304500, Reward=-104.31 +/- 0.05, EpLength: 114.00 +/- 0.63
20-04-24 07:17[icct.rl_helpers.eval_callback]INFO | (Eval ) num_timesteps=306000, Reward=-56.46 +/- 0.44, EpLength: 1600.00 +/- 0.00
20-04-24 07:18[icct.rl_helpers.eval_callback]INFO | (Eval ) num_timesteps=307500, Reward=-81.58 +/- 0.11, EpLength: 1600.00 +/- 0.00
20-04-24 07:20[icct.rl_helpers.eval_callback]INFO | (Eval ) num_timesteps=309000, Reward=-73.88 +/- 0.03, EpLength: 1600.00 +/- 0.00
20-04-24 07:22[icct.rl_helpers.eval_callback]INFO | (Eval ) num_timesteps=310500, Reward=-75.91 +/- 0.03, EpLength: 1600.00 +/- 0.00
20-04-24 07:23[icct.rl_helpers.eval_callback]INFO | (Eval ) num_timesteps=312000, Reward=-95.07 +/- 0.02, EpLength: 1600.00 +/- 0.00
20-04-24 07:25[icct.rl_helpers.eval_callback]INFO | (Eval ) num_timesteps=313500, Reward=-100.39 +/- 0.02, EpLength: 1600.00 +/- 0.00
20-04-24 07:26[icct.rl_helpers.eval_callback]INFO | (Eval ) num_timesteps=315000, Reward=-69.14 +/- 0.15, EpLength: 1600.00 +/- 0.00
20-04-24 07:27[icct.rl_helpers.eval_callback]INFO | (Train) Episode: 280, Avg Reward: -92.30075702178056, Best: -80.80399220532308
20-04-24 07:28[icct.rl_helpers.eval_callback]INFO | (Eval ) num_timesteps=316500, Reward=-78.15 +/- 0.44, EpLength: 1600.00 +/- 0.00
20-04-24 07:29[icct.rl_helpers.eval_callback]INFO | (Eval ) num_timesteps=318000, Reward=-71.94 +/- 0.02, EpLength: 1600.00 +/- 0.00
20-04-24 07:31[icct.rl_helpers.eval_callback]INFO | (Eval ) num_timesteps=319500, Reward=-88.14 +/- 0.53, EpLength: 1600.00 +/- 0.00
20-04-24 07:32[icct.rl_helpers.eval_callback]INFO | (Eval ) num_timesteps=321000, Reward=-99.76 +/- 0.26, EpLength: 100.40 +/- 0.80
20-04-24 07:34[icct.rl_helpers.eval_callback]INFO | (Eval ) num_timesteps=322500, Reward=-96.42 +/- 0.02, EpLength: 59.00 +/- 0.00
20-04-24 07:35[icct.rl_helpers.eval_callback]INFO | (Eval ) num_timesteps=324000, Reward=-60.58 +/- 0.11, EpLength: 1600.00 +/- 0.00
20-04-24 07:36[icct.rl_helpers.eval_callback]INFO | (Eval ) num_timesteps=325500, Reward=-74.23 +/- 0.02, EpLength: 1600.00 +/- 0.00
20-04-24 07:38[icct.rl_helpers.eval_callback]INFO | (Eval ) num_timesteps=327000, Reward=-60.71 +/- 0.06, EpLength: 1600.00 +/- 0.00
20-04-24 07:39[icct.rl_helpers.eval_callback]INFO | (Eval ) num_timesteps=328500, Reward=-82.23 +/- 0.10, EpLength: 1600.00 +/- 0.00
20-04-24 07:40[icct.rl_helpers.eval_callback]INFO | (Train) Episode: 290, Avg Reward: -91.08240652841636, Best: -80.80399220532308
20-04-24 07:41[icct.rl_helpers.eval_callback]INFO | (Eval ) num_timesteps=330000, Reward=-63.61 +/- 0.11, EpLength: 1600.00 +/- 0.00
20-04-24 07:43[icct.rl_helpers.eval_callback]INFO | (Eval ) num_timesteps=331500, Reward=-68.93 +/- 0.03, EpLength: 1600.00 +/- 0.00
20-04-24 07:44[icct.rl_helpers.eval_callback]INFO | (Eval ) num_timesteps=333000, Reward=-83.64 +/- 1.78, EpLength: 1600.00 +/- 0.00
20-04-24 07:45[icct.rl_helpers.eval_callback]INFO | (Eval ) num_timesteps=334500, Reward=-79.68 +/- 0.04, EpLength: 1600.00 +/- 0.00
20-04-24 07:46[icct.rl_helpers.eval_callback]INFO | (Eval ) num_timesteps=336000, Reward=-75.02 +/- 0.11, EpLength: 1600.00 +/- 0.00
20-04-24 07:48[icct.rl_helpers.eval_callback]INFO | (Eval ) num_timesteps=337500, Reward=-82.99 +/- 0.04, EpLength: 1600.00 +/- 0.00
20-04-24 07:49[icct.rl_helpers.eval_callback]INFO | (Eval ) num_timesteps=339000, Reward=-83.54 +/- 0.14, EpLength: 1600.00 +/- 0.00
20-04-24 07:51[icct.rl_helpers.eval_callback]INFO | (Eval ) num_timesteps=340500, Reward=-89.15 +/- 0.27, EpLength: 1600.00 +/- 0.00
20-04-24 07:52[icct.rl_helpers.eval_callback]INFO | (Eval ) num_timesteps=342000, Reward=-100.44 +/- 8.22, EpLength: 455.80 +/- 572.19
20-04-24 07:54[icct.rl_helpers.eval_callback]INFO | (Eval ) num_timesteps=343500, Reward=-84.65 +/- 0.01, EpLength: 1600.00 +/- 0.00
20-04-24 07:54[icct.rl_helpers.eval_callback]INFO | (Train) Episode: 300, Avg Reward: -89.66383619530701, Best: -80.80399220532308
20-04-24 07:55[icct.rl_helpers.eval_callback]INFO | (Eval ) num_timesteps=345000, Reward=-88.46 +/- 0.04, EpLength: 1600.00 +/- 0.00
20-04-24 07:57[icct.rl_helpers.eval_callback]INFO | (Eval ) num_timesteps=346500, Reward=-86.29 +/- 0.47, EpLength: 1600.00 +/- 0.00
20-04-24 07:58[icct.rl_helpers.eval_callback]INFO | (Eval ) num_timesteps=348000, Reward=-87.00 +/- 0.10, EpLength: 1600.00 +/- 0.00
20-04-24 08:00[icct.rl_helpers.eval_callback]INFO | (Eval ) num_timesteps=349500, Reward=-85.09 +/- 0.51, EpLength: 1600.00 +/- 0.00
20-04-24 08:01[icct.rl_helpers.eval_callback]INFO | (Eval ) num_timesteps=351000, Reward=-97.93 +/- 0.21, EpLength: 93.60 +/- 1.96
20-04-24 08:03[icct.rl_helpers.eval_callback]INFO | (Eval ) num_timesteps=352500, Reward=-94.22 +/- 0.18, EpLength: 68.40 +/- 0.80
20-04-24 08:04[icct.rl_helpers.eval_callback]INFO | (Eval ) num_timesteps=354000, Reward=-81.62 +/- 0.39, EpLength: 1600.00 +/- 0.00
20-04-24 08:05[icct.rl_helpers.eval_callback]INFO | (Eval ) num_timesteps=355500, Reward=-92.64 +/- 0.44, EpLength: 1600.00 +/- 0.00
20-04-24 08:06[icct.rl_helpers.eval_callback]INFO | (Train) Episode: 310, Avg Reward: -88.48403724401498, Best: -80.80399220532308
20-04-24 08:07[icct.rl_helpers.eval_callback]INFO | (Eval ) num_timesteps=357000, Reward=-61.39 +/- 0.08, EpLength: 1600.00 +/- 0.00
20-04-24 08:08[icct.rl_helpers.eval_callback]INFO | (Eval ) num_timesteps=358500, Reward=-82.42 +/- 0.02, EpLength: 1600.00 +/- 0.00
20-04-24 08:10[icct.rl_helpers.eval_callback]INFO | (Eval ) num_timesteps=360000, Reward=-83.91 +/- 0.20, EpLength: 1600.00 +/- 0.00
20-04-24 08:11[icct.rl_helpers.eval_callback]INFO | (Eval ) num_timesteps=361500, Reward=-81.45 +/- 0.30, EpLength: 1600.00 +/- 0.00
20-04-24 08:13[icct.rl_helpers.eval_callback]INFO | (Eval ) num_timesteps=363000, Reward=-68.41 +/- 0.60, EpLength: 1600.00 +/- 0.00
20-04-24 08:14[icct.rl_helpers.eval_callback]INFO | (Eval ) num_timesteps=364500, Reward=-95.64 +/- 0.03, EpLength: 1600.00 +/- 0.00
20-04-24 08:16[icct.rl_helpers.eval_callback]INFO | (Eval ) num_timesteps=366000, Reward=-95.87 +/- 4.57, EpLength: 999.20 +/- 735.83
20-04-24 08:17[icct.rl_helpers.eval_callback]INFO | (Eval ) num_timesteps=367500, Reward=-98.81 +/- 2.38, EpLength: 1600.00 +/- 0.00
20-04-24 08:19[icct.rl_helpers.eval_callback]INFO | (Eval ) num_timesteps=369000, Reward=-95.69 +/- 0.70, EpLength: 1600.00 +/- 0.00
20-04-24 08:20[icct.rl_helpers.eval_callback]INFO | (Eval ) num_timesteps=370500, Reward=-105.03 +/- 0.07, EpLength: 114.80 +/- 1.72
20-04-24 08:21[icct.rl_helpers.eval_callback]INFO | (Eval ) num_timesteps=372000, Reward=-87.45 +/- 0.07, EpLength: 1600.00 +/- 0.00
20-04-24 08:22[icct.rl_helpers.eval_callback]INFO | (Train) Episode: 320, Avg Reward: -87.53618910208505, Best: -80.80399220532308
20-04-24 08:22[icct.rl_helpers.eval_callback]INFO | (Eval ) num_timesteps=373500, Reward=-101.85 +/- 0.04, EpLength: 106.00 +/- 0.89
20-04-24 08:24[icct.rl_helpers.eval_callback]INFO | (Eval ) num_timesteps=375000, Reward=-95.40 +/- 3.96, EpLength: 1303.40 +/- 593.20
20-04-24 08:25[icct.rl_helpers.eval_callback]INFO | (Eval ) num_timesteps=376500, Reward=-84.39 +/- 0.05, EpLength: 1600.00 +/- 0.00
20-04-24 08:27[icct.rl_helpers.eval_callback]INFO | (Eval ) num_timesteps=378000, Reward=-93.65 +/- 0.07, EpLength: 1600.00 +/- 0.00
20-04-24 08:28[icct.rl_helpers.eval_callback]INFO | (Eval ) num_timesteps=379500, Reward=-79.33 +/- 0.02, EpLength: 1600.00 +/- 0.00
20-04-24 08:30[icct.rl_helpers.eval_callback]INFO | (Eval ) num_timesteps=381000, Reward=-71.01 +/- 0.05, EpLength: 1600.00 +/- 0.00
20-04-24 08:31[icct.rl_helpers.eval_callback]INFO | (Eval ) num_timesteps=382500, Reward=-95.48 +/- 0.06, EpLength: 1600.00 +/- 0.00
20-04-24 08:33[icct.rl_helpers.eval_callback]INFO | (Eval ) num_timesteps=384000, Reward=-78.85 +/- 0.23, EpLength: 1600.00 +/- 0.00
20-04-24 08:34[icct.rl_helpers.eval_callback]INFO | (Eval ) num_timesteps=385500, Reward=-95.41 +/- 0.27, EpLength: 1600.00 +/- 0.00
20-04-24 08:34[icct.rl_helpers.eval_callback]INFO | (Train) Episode: 330, Avg Reward: -87.26820569871485, Best: -80.80399220532308
20-04-24 08:36[icct.rl_helpers.eval_callback]INFO | (Eval ) num_timesteps=387000, Reward=-92.88 +/- 0.15, EpLength: 1600.00 +/- 0.00
20-04-24 08:37[icct.rl_helpers.eval_callback]INFO | (Eval ) num_timesteps=388500, Reward=-98.77 +/- 0.18, EpLength: 1600.00 +/- 0.00
20-04-24 08:39[icct.rl_helpers.eval_callback]INFO | (Eval ) num_timesteps=390000, Reward=-93.59 +/- 0.14, EpLength: 1600.00 +/- 0.00
20-04-24 08:40[icct.rl_helpers.eval_callback]INFO | (Eval ) num_timesteps=391500, Reward=-107.53 +/- 0.07, EpLength: 115.60 +/- 6.83
20-04-24 08:41[icct.rl_helpers.eval_callback]INFO | (Eval ) num_timesteps=393000, Reward=-75.48 +/- 0.05, EpLength: 1600.00 +/- 0.00
20-04-24 08:42[icct.rl_helpers.eval_callback]INFO | (Eval ) num_timesteps=394500, Reward=-73.54 +/- 0.03, EpLength: 1600.00 +/- 0.00
20-04-24 08:44[icct.rl_helpers.eval_callback]INFO | (Eval ) num_timesteps=396000, Reward=-99.52 +/- 6.32, EpLength: 413.40 +/- 593.30
20-04-24 08:45[icct.rl_helpers.eval_callback]INFO | (Eval ) num_timesteps=397500, Reward=-83.45 +/- 0.04, EpLength: 1600.00 +/- 0.00
20-04-24 08:46[icct.rl_helpers.eval_callback]INFO | (Eval ) num_timesteps=399000, Reward=-80.47 +/- 0.09, EpLength: 1600.00 +/- 0.00
20-04-24 08:48[icct.rl_helpers.eval_callback]INFO | (Train) Episode: 340, Avg Reward: -86.61400855269599, Best: -80.80399220532308
20-04-24 08:48[icct.rl_helpers.eval_callback]INFO | (Eval ) num_timesteps=400500, Reward=-75.03 +/- 0.02, EpLength: 1600.00 +/- 0.00
20-04-24 08:49[icct.rl_helpers.eval_callback]INFO | (Eval ) num_timesteps=402000, Reward=-79.41 +/- 0.03, EpLength: 1600.00 +/- 0.00
20-04-24 08:51[icct.rl_helpers.eval_callback]INFO | (Eval ) num_timesteps=403500, Reward=-100.57 +/- 0.04, EpLength: 108.00 +/- 0.89
20-04-24 08:52[icct.rl_helpers.eval_callback]INFO | (Eval ) num_timesteps=405000, Reward=-83.91 +/- 0.65, EpLength: 1600.00 +/- 0.00
20-04-24 08:54[icct.rl_helpers.eval_callback]INFO | (Eval ) num_timesteps=406500, Reward=-79.87 +/- 0.18, EpLength: 1600.00 +/- 0.00
20-04-24 08:55[icct.rl_helpers.eval_callback]INFO | (Eval ) num_timesteps=408000, Reward=-92.13 +/- 0.19, EpLength: 1600.00 +/- 0.00
20-04-24 08:57[icct.rl_helpers.eval_callback]INFO | (Eval ) num_timesteps=409500, Reward=-96.27 +/- 0.15, EpLength: 1600.00 +/- 0.00
20-04-24 08:58[icct.rl_helpers.eval_callback]INFO | (Eval ) num_timesteps=411000, Reward=-69.28 +/- 0.14, EpLength: 1600.00 +/- 0.00
20-04-24 09:00[icct.rl_helpers.eval_callback]INFO | (Eval ) num_timesteps=412500, Reward=-76.42 +/- 0.03, EpLength: 1600.00 +/- 0.00
20-04-24 09:01[icct.rl_helpers.eval_callback]INFO | (Eval ) num_timesteps=414000, Reward=-89.76 +/- 1.90, EpLength: 1600.00 +/- 0.00
20-04-24 09:02[icct.rl_helpers.eval_callback]INFO | (Train) Episode: 350, Avg Reward: -86.72536096803701, Best: -80.80399220532308
20-04-24 09:03[icct.rl_helpers.eval_callback]INFO | (Eval ) num_timesteps=415500, Reward=-71.55 +/- 0.06, EpLength: 1600.00 +/- 0.00
20-04-24 09:04[icct.rl_helpers.eval_callback]INFO | (Eval ) num_timesteps=417000, Reward=-59.07 +/- 0.03, EpLength: 1600.00 +/- 0.00
20-04-24 09:06[icct.rl_helpers.eval_callback]INFO | (Eval ) num_timesteps=418500, Reward=-76.88 +/- 0.46, EpLength: 1600.00 +/- 0.00
20-04-24 09:07[icct.rl_helpers.eval_callback]INFO | (Eval ) num_timesteps=420000, Reward=-67.39 +/- 0.09, EpLength: 1600.00 +/- 0.00
20-04-24 09:09[icct.rl_helpers.eval_callback]INFO | (Eval ) num_timesteps=421500, Reward=-102.31 +/- 0.48, EpLength: 1600.00 +/- 0.00
20-04-24 09:10[icct.rl_helpers.eval_callback]INFO | (Eval ) num_timesteps=423000, Reward=-104.41 +/- 0.20, EpLength: 131.60 +/- 3.50
20-04-24 09:12[icct.rl_helpers.eval_callback]INFO | (Eval ) num_timesteps=424500, Reward=-80.36 +/- 0.03, EpLength: 1600.00 +/- 0.00
20-04-24 09:13[icct.rl_helpers.eval_callback]INFO | (Eval ) num_timesteps=426000, Reward=-68.82 +/- 0.24, EpLength: 1600.00 +/- 0.00
20-04-24 09:15[icct.rl_helpers.eval_callback]INFO | (Eval ) num_timesteps=427500, Reward=-101.23 +/- 0.02, EpLength: 1600.00 +/- 0.00
20-04-24 09:16[icct.rl_helpers.eval_callback]INFO | (Eval ) num_timesteps=429000, Reward=-76.16 +/- 0.02, EpLength: 1600.00 +/- 0.00
20-04-24 09:17[icct.rl_helpers.eval_callback]INFO | (Train) Episode: 360, Avg Reward: -86.47610144172971, Best: -80.80399220532308
20-04-24 09:17[icct.rl_helpers.eval_callback]INFO | (Eval ) num_timesteps=430500, Reward=-104.37 +/- 0.06, EpLength: 118.00 +/- 0.89
20-04-24 09:19[icct.rl_helpers.eval_callback]INFO | (Eval ) num_timesteps=432000, Reward=-93.20 +/- 0.71, EpLength: 1600.00 +/- 0.00
20-04-24 09:20[icct.rl_helpers.eval_callback]INFO | (Eval ) num_timesteps=433500, Reward=-94.49 +/- 0.04, EpLength: 1600.00 +/- 0.00
20-04-24 09:22[icct.rl_helpers.eval_callback]INFO | (Eval ) num_timesteps=435000, Reward=-116.85 +/- 0.06, EpLength: 1600.00 +/- 0.00
20-04-24 09:23[icct.rl_helpers.eval_callback]INFO | (Eval ) num_timesteps=436500, Reward=-82.64 +/- 0.67, EpLength: 1600.00 +/- 0.00
20-04-24 09:25[icct.rl_helpers.eval_callback]INFO | (Eval ) num_timesteps=438000, Reward=-77.96 +/- 0.06, EpLength: 1600.00 +/- 0.00
20-04-24 09:26[icct.rl_helpers.eval_callback]INFO | (Eval ) num_timesteps=439500, Reward=-73.32 +/- 0.10, EpLength: 1600.00 +/- 0.00
20-04-24 09:28[icct.rl_helpers.eval_callback]INFO | (Eval ) num_timesteps=441000, Reward=-95.95 +/- 0.04, EpLength: 1600.00 +/- 0.00
20-04-24 09:30[icct.rl_helpers.eval_callback]INFO | (Eval ) num_timesteps=442500, Reward=-103.59 +/- 0.02, EpLength: 1600.00 +/- 0.00
20-04-24 09:31[icct.rl_helpers.eval_callback]INFO | (Eval ) num_timesteps=444000, Reward=-99.26 +/- 4.14, EpLength: 709.40 +/- 727.17
20-04-24 09:32[icct.rl_helpers.eval_callback]INFO | (Train) Episode: 370, Avg Reward: -86.72165515988522, Best: -80.80399220532308
20-04-24 09:32[icct.rl_helpers.eval_callback]INFO | (Eval ) num_timesteps=445500, Reward=-103.35 +/- 0.05, EpLength: 104.80 +/- 0.75
20-04-24 09:34[icct.rl_helpers.eval_callback]INFO | (Eval ) num_timesteps=447000, Reward=-102.98 +/- 0.05, EpLength: 102.20 +/- 0.75
20-04-24 09:35[icct.rl_helpers.eval_callback]INFO | (Eval ) num_timesteps=448500, Reward=-111.84 +/- 0.03, EpLength: 1600.00 +/- 0.00
20-04-24 09:37[icct.rl_helpers.eval_callback]INFO | (Eval ) num_timesteps=450000, Reward=-82.65 +/- 0.02, EpLength: 1600.00 +/- 0.00
20-04-24 09:38[icct.rl_helpers.eval_callback]INFO | (Eval ) num_timesteps=451500, Reward=-101.50 +/- 1.73, EpLength: 1600.00 +/- 0.00
20-04-24 09:40[icct.rl_helpers.eval_callback]INFO | (Eval ) num_timesteps=453000, Reward=-78.95 +/- 0.26, EpLength: 1600.00 +/- 0.00
20-04-24 09:41[icct.rl_helpers.eval_callback]INFO | (Eval ) num_timesteps=454500, Reward=-73.36 +/- 0.02, EpLength: 1600.00 +/- 0.00
20-04-24 09:43[icct.rl_helpers.eval_callback]INFO | (Eval ) num_timesteps=456000, Reward=-72.95 +/- 0.04, EpLength: 1600.00 +/- 0.00
20-04-24 09:44[icct.rl_helpers.eval_callback]INFO | (Eval ) num_timesteps=457500, Reward=-106.90 +/- 0.23, EpLength: 1600.00 +/- 0.00
20-04-24 09:46[icct.rl_helpers.eval_callback]INFO | (Eval ) num_timesteps=459000, Reward=-99.82 +/- 0.03, EpLength: 1600.00 +/- 0.00
20-04-24 09:47[icct.rl_helpers.eval_callback]INFO | (Eval ) num_timesteps=460500, Reward=-97.88 +/- 2.52, EpLength: 1600.00 +/- 0.00
20-04-24 09:48[icct.rl_helpers.eval_callback]INFO | (Train) Episode: 380, Avg Reward: -87.97232442837272, Best: -80.80399220532308
20-04-24 09:49[icct.rl_helpers.eval_callback]INFO | (Eval ) num_timesteps=462000, Reward=-101.85 +/- 0.09, EpLength: 1600.00 +/- 0.00
20-04-24 09:50[icct.rl_helpers.eval_callback]INFO | (Eval ) num_timesteps=463500, Reward=-111.15 +/- 1.00, EpLength: 1600.00 +/- 0.00
20-04-24 09:52[icct.rl_helpers.eval_callback]INFO | (Eval ) num_timesteps=465000, Reward=-92.84 +/- 0.01, EpLength: 1600.00 +/- 0.00
20-04-24 09:53[icct.rl_helpers.eval_callback]INFO | (Eval ) num_timesteps=466500, Reward=-100.32 +/- 0.06, EpLength: 1600.00 +/- 0.00
20-04-24 09:55[icct.rl_helpers.eval_callback]INFO | (Eval ) num_timesteps=468000, Reward=-78.48 +/- 0.04, EpLength: 1600.00 +/- 0.00
20-04-24 09:56[icct.rl_helpers.eval_callback]INFO | (Eval ) num_timesteps=469500, Reward=-86.92 +/- 0.13, EpLength: 1600.00 +/- 0.00
20-04-24 09:58[icct.rl_helpers.eval_callback]INFO | (Eval ) num_timesteps=471000, Reward=-87.96 +/- 0.06, EpLength: 1600.00 +/- 0.00
20-04-24 09:59[icct.rl_helpers.eval_callback]INFO | (Eval ) num_timesteps=472500, Reward=-102.66 +/- 0.14, EpLength: 1600.00 +/- 0.00
20-04-24 10:01[icct.rl_helpers.eval_callback]INFO | (Eval ) num_timesteps=474000, Reward=-83.98 +/- 0.12, EpLength: 1600.00 +/- 0.00
20-04-24 10:02[icct.rl_helpers.eval_callback]INFO | (Eval ) num_timesteps=475500, Reward=-85.79 +/- 0.31, EpLength: 1600.00 +/- 0.00
20-04-24 10:04[icct.rl_helpers.eval_callback]INFO | (Eval ) num_timesteps=477000, Reward=-99.35 +/- 0.01, EpLength: 1600.00 +/- 0.00
20-04-24 10:04[icct.rl_helpers.eval_callback]INFO | (Train) Episode: 390, Avg Reward: -89.18704814092007, Best: -80.80399220532308
20-04-24 10:05[icct.rl_helpers.eval_callback]INFO | (Eval ) num_timesteps=478500, Reward=-96.91 +/- 0.16, EpLength: 1600.00 +/- 0.00
20-04-24 10:06[icct.rl_helpers.eval_callback]INFO | (Eval ) num_timesteps=480000, Reward=-114.26 +/- 0.06, EpLength: 1600.00 +/- 0.00
20-04-24 10:08[icct.rl_helpers.eval_callback]INFO | (Eval ) num_timesteps=481500, Reward=-106.14 +/- 1.96, EpLength: 1600.00 +/- 0.00
20-04-24 10:09[icct.rl_helpers.eval_callback]INFO | (Eval ) num_timesteps=483000, Reward=-103.64 +/- 0.13, EpLength: 108.60 +/- 3.01
20-04-24 10:10[icct.rl_helpers.eval_callback]INFO | (Eval ) num_timesteps=484500, Reward=-114.82 +/- 0.07, EpLength: 1600.00 +/- 0.00
20-04-24 10:12[icct.rl_helpers.eval_callback]INFO | (Eval ) num_timesteps=486000, Reward=-105.96 +/- 2.57, EpLength: 706.40 +/- 729.62
20-04-24 10:13[icct.rl_helpers.eval_callback]INFO | (Eval ) num_timesteps=487500, Reward=-102.63 +/- 0.02, EpLength: 94.80 +/- 0.40
20-04-24 10:14[icct.rl_helpers.eval_callback]INFO | (Eval ) num_timesteps=489000, Reward=-137.97 +/- 0.42, EpLength: 1600.00 +/- 0.00
20-04-24 10:16[icct.rl_helpers.eval_callback]INFO | (Eval ) num_timesteps=490500, Reward=-96.09 +/- 0.18, EpLength: 1600.00 +/- 0.00
20-04-24 10:16[icct.rl_helpers.eval_callback]INFO | (Train) Episode: 400, Avg Reward: -91.10586960444826, Best: -80.80399220532308
20-04-24 10:17[icct.rl_helpers.eval_callback]INFO | (Eval ) num_timesteps=492000, Reward=-102.86 +/- 0.03, EpLength: 1600.00 +/- 0.00
20-04-24 10:19[icct.rl_helpers.eval_callback]INFO | (Eval ) num_timesteps=493500, Reward=-97.77 +/- 1.53, EpLength: 1600.00 +/- 0.00
20-04-24 10:20[icct.rl_helpers.eval_callback]INFO | (Eval ) num_timesteps=495000, Reward=-111.45 +/- 0.58, EpLength: 1600.00 +/- 0.00
20-04-24 10:21[icct.rl_helpers.eval_callback]INFO | (Eval ) num_timesteps=496500, Reward=-119.87 +/- 0.10, EpLength: 1600.00 +/- 0.00
20-04-24 10:22[icct.rl_helpers.eval_callback]INFO | (Eval ) num_timesteps=498000, Reward=-121.67 +/- 0.72, EpLength: 58.80 +/- 0.75
20-04-24 10:23[icct.rl_helpers.eval_callback]INFO | (Eval ) num_timesteps=499500, Reward=-124.60 +/- 0.12, EpLength: 1600.00 +/- 0.00
20-04-24 10:25[icct.rl_helpers.eval_callback]INFO | (Eval ) num_timesteps=501000, Reward=-96.61 +/- 0.13, EpLength: 1600.00 +/- 0.00
20-04-24 10:26[icct.rl_helpers.eval_callback]INFO | (Eval ) num_timesteps=502500, Reward=-111.89 +/- 0.04, EpLength: 1600.00 +/- 0.00
20-04-24 10:27[icct.rl_helpers.eval_callback]INFO | (Eval ) num_timesteps=504000, Reward=-102.42 +/- 0.49, EpLength: 1600.00 +/- 0.00
20-04-24 10:28[icct.rl_helpers.eval_callback]INFO | (Eval ) num_timesteps=505500, Reward=-88.98 +/- 0.12, EpLength: 1600.00 +/- 0.00
20-04-24 10:29[icct.rl_helpers.eval_callback]INFO | (Train) Episode: 410, Avg Reward: -92.29951890270125, Best: -80.80399220532308
20-04-24 10:29[icct.rl_helpers.eval_callback]INFO | (Eval ) num_timesteps=507000, Reward=-96.25 +/- 6.79, EpLength: 700.60 +/- 734.36
20-04-24 10:31[icct.rl_helpers.eval_callback]INFO | (Eval ) num_timesteps=508500, Reward=-106.98 +/- 0.07, EpLength: 1600.00 +/- 0.00
20-04-24 10:32[icct.rl_helpers.eval_callback]INFO | (Eval ) num_timesteps=510000, Reward=-112.12 +/- 0.06, EpLength: 1600.00 +/- 0.00
20-04-24 10:33[icct.rl_helpers.eval_callback]INFO | (Eval ) num_timesteps=511500, Reward=-121.02 +/- 0.17, EpLength: 1600.00 +/- 0.00
20-04-24 10:34[icct.rl_helpers.eval_callback]INFO | (Eval ) num_timesteps=513000, Reward=-80.11 +/- 0.12, EpLength: 1600.00 +/- 0.00
20-04-24 10:35[icct.rl_helpers.eval_callback]INFO | (Eval ) num_timesteps=514500, Reward=-77.76 +/- 0.11, EpLength: 1600.00 +/- 0.00
20-04-24 10:36[icct.rl_helpers.eval_callback]INFO | (Eval ) num_timesteps=516000, Reward=-88.74 +/- 0.16, EpLength: 1600.00 +/- 0.00
20-04-24 10:38[icct.rl_helpers.eval_callback]INFO | (Eval ) num_timesteps=517500, Reward=-87.35 +/- 0.02, EpLength: 1600.00 +/- 0.00
20-04-24 10:39[icct.rl_helpers.eval_callback]INFO | (Eval ) num_timesteps=519000, Reward=-95.56 +/- 0.06, EpLength: 1600.00 +/- 0.00
20-04-24 10:40[icct.rl_helpers.eval_callback]INFO | (Eval ) num_timesteps=520500, Reward=-102.22 +/- 0.53, EpLength: 1600.00 +/- 0.00
20-04-24 10:41[icct.rl_helpers.eval_callback]INFO | (Train) Episode: 420, Avg Reward: -93.1443022490226, Best: -80.80399220532308
20-04-24 10:42[icct.rl_helpers.eval_callback]INFO | (Eval ) num_timesteps=522000, Reward=-83.41 +/- 0.62, EpLength: 1600.00 +/- 0.00
20-04-24 10:43[icct.rl_helpers.eval_callback]INFO | (Eval ) num_timesteps=523500, Reward=-91.12 +/- 12.42, EpLength: 716.00 +/- 721.78
20-04-24 10:44[icct.rl_helpers.eval_callback]INFO | (Eval ) num_timesteps=525000, Reward=-101.72 +/- 0.05, EpLength: 99.80 +/- 0.75
20-04-24 10:46[icct.rl_helpers.eval_callback]INFO | (Eval ) num_timesteps=526500, Reward=-87.14 +/- 0.04, EpLength: 1600.00 +/- 0.00
20-04-24 10:47[icct.rl_helpers.eval_callback]INFO | (Eval ) num_timesteps=528000, Reward=-95.17 +/- 0.22, EpLength: 1600.00 +/- 0.00
20-04-24 10:48[icct.rl_helpers.eval_callback]INFO | (Eval ) num_timesteps=529500, Reward=-98.06 +/- 0.03, EpLength: 1600.00 +/- 0.00
20-04-24 10:50[icct.rl_helpers.eval_callback]INFO | (Eval ) num_timesteps=531000, Reward=-96.49 +/- 0.03, EpLength: 1600.00 +/- 0.00
20-04-24 10:52[icct.rl_helpers.eval_callback]INFO | (Eval ) num_timesteps=532500, Reward=-111.47 +/- 0.04, EpLength: 1600.00 +/- 0.00
20-04-24 10:53[icct.rl_helpers.eval_callback]INFO | (Eval ) num_timesteps=534000, Reward=-102.35 +/- 0.14, EpLength: 1600.00 +/- 0.00
20-04-24 10:53[icct.rl_helpers.eval_callback]INFO | (Train) Episode: 430, Avg Reward: -93.7228958376118, Best: -80.80399220532308
20-04-24 10:55[icct.rl_helpers.eval_callback]INFO | (Eval ) num_timesteps=535500, Reward=-95.84 +/- 0.14, EpLength: 1600.00 +/- 0.00
20-04-24 10:57[icct.rl_helpers.eval_callback]INFO | (Eval ) num_timesteps=537000, Reward=-92.07 +/- 0.08, EpLength: 1600.00 +/- 0.00
20-04-24 10:58[icct.rl_helpers.eval_callback]INFO | (Eval ) num_timesteps=538500, Reward=-116.06 +/- 0.04, EpLength: 1600.00 +/- 0.00
20-04-24 11:00[icct.rl_helpers.eval_callback]INFO | (Eval ) num_timesteps=540000, Reward=-110.32 +/- 0.22, EpLength: 1600.00 +/- 0.00
20-04-24 11:01[icct.rl_helpers.eval_callback]INFO | (Eval ) num_timesteps=541500, Reward=-107.89 +/- 0.12, EpLength: 1600.00 +/- 0.00
20-04-24 11:03[icct.rl_helpers.eval_callback]INFO | (Eval ) num_timesteps=543000, Reward=-98.07 +/- 0.06, EpLength: 1600.00 +/- 0.00
20-04-24 11:04[icct.rl_helpers.eval_callback]INFO | (Eval ) num_timesteps=544500, Reward=-75.17 +/- 12.61, EpLength: 1308.20 +/- 583.60
20-04-24 11:06[icct.rl_helpers.eval_callback]INFO | (Eval ) num_timesteps=546000, Reward=-115.74 +/- 0.19, EpLength: 1600.00 +/- 0.00
20-04-24 11:07[icct.rl_helpers.eval_callback]INFO | (Eval ) num_timesteps=547500, Reward=-89.06 +/- 0.06, EpLength: 1600.00 +/- 0.00
20-04-24 11:08[icct.rl_helpers.eval_callback]INFO | (Train) Episode: 440, Avg Reward: -95.25778823939494, Best: -80.80399220532308
20-04-24 11:08[icct.rl_helpers.eval_callback]INFO | (Eval ) num_timesteps=549000, Reward=-67.35 +/- 0.05, EpLength: 1600.00 +/- 0.00
20-04-24 11:10[icct.rl_helpers.eval_callback]INFO | (Eval ) num_timesteps=550500, Reward=-83.89 +/- 0.05, EpLength: 1600.00 +/- 0.00
20-04-24 11:11[icct.rl_helpers.eval_callback]INFO | (Eval ) num_timesteps=552000, Reward=-101.97 +/- 0.04, EpLength: 102.40 +/- 0.49
20-04-24 11:12[icct.rl_helpers.eval_callback]INFO | (Eval ) num_timesteps=553500, Reward=-94.57 +/- 0.23, EpLength: 69.60 +/- 0.49
20-04-24 11:14[icct.rl_helpers.eval_callback]INFO | (Eval ) num_timesteps=555000, Reward=-103.81 +/- 0.17, EpLength: 137.20 +/- 2.93
20-04-24 11:16[icct.rl_helpers.eval_callback]INFO | (Eval ) num_timesteps=556500, Reward=-86.97 +/- 0.36, EpLength: 1600.00 +/- 0.00
20-04-24 11:17[icct.rl_helpers.eval_callback]INFO | (Eval ) num_timesteps=558000, Reward=-99.03 +/- 0.10, EpLength: 1600.00 +/- 0.00
20-04-24 11:18[icct.rl_helpers.eval_callback]INFO | (Eval ) num_timesteps=559500, Reward=-78.38 +/- 0.22, EpLength: 1600.00 +/- 0.00
20-04-24 11:19[icct.rl_helpers.eval_callback]INFO | (Eval ) num_timesteps=561000, Reward=-102.42 +/- 0.04, EpLength: 1600.00 +/- 0.00
20-04-24 11:20[icct.rl_helpers.eval_callback]INFO | (Eval ) num_timesteps=562500, Reward=-113.83 +/- 0.02, EpLength: 1600.00 +/- 0.00
20-04-24 11:22[icct.rl_helpers.eval_callback]INFO | (Eval ) num_timesteps=564000, Reward=-113.02 +/- 0.04, EpLength: 1600.00 +/- 0.00
20-04-24 11:22[icct.rl_helpers.eval_callback]INFO | (Train) Episode: 450, Avg Reward: -96.74680920938172, Best: -80.80399220532308
20-04-24 11:23[icct.rl_helpers.eval_callback]INFO | (Eval ) num_timesteps=565500, Reward=-91.29 +/- 0.07, EpLength: 1600.00 +/- 0.00
20-04-24 11:24[icct.rl_helpers.eval_callback]INFO | (Eval ) num_timesteps=567000, Reward=-103.55 +/- 0.68, EpLength: 1600.00 +/- 0.00
20-04-24 11:26[icct.rl_helpers.eval_callback]INFO | (Eval ) num_timesteps=568500, Reward=-90.45 +/- 0.02, EpLength: 1600.00 +/- 0.00
20-04-24 11:27[icct.rl_helpers.eval_callback]INFO | (Eval ) num_timesteps=570000, Reward=-94.22 +/- 0.02, EpLength: 1600.00 +/- 0.00
20-04-24 11:29[icct.rl_helpers.eval_callback]INFO | (Eval ) num_timesteps=571500, Reward=-92.11 +/- 5.19, EpLength: 1301.60 +/- 596.80
20-04-24 11:30[icct.rl_helpers.eval_callback]INFO | (Eval ) num_timesteps=573000, Reward=-103.19 +/- 0.04, EpLength: 1600.00 +/- 0.00
20-04-24 11:32[icct.rl_helpers.eval_callback]INFO | (Eval ) num_timesteps=574500, Reward=-90.56 +/- 0.02, EpLength: 1600.00 +/- 0.00
20-04-24 11:33[icct.rl_helpers.eval_callback]INFO | (Eval ) num_timesteps=576000, Reward=-97.35 +/- 0.13, EpLength: 1600.00 +/- 0.00
20-04-24 11:35[icct.rl_helpers.eval_callback]INFO | (Eval ) num_timesteps=577500, Reward=-93.91 +/- 0.04, EpLength: 1600.00 +/- 0.00
20-04-24 11:36[icct.rl_helpers.eval_callback]INFO | (Eval ) num_timesteps=579000, Reward=-93.97 +/- 0.37, EpLength: 1600.00 +/- 0.00
20-04-24 11:38[icct.rl_helpers.eval_callback]INFO | (Eval ) num_timesteps=580500, Reward=-113.36 +/- 0.03, EpLength: 1600.00 +/- 0.00
20-04-24 11:38[icct.rl_helpers.eval_callback]INFO | (Train) Episode: 460, Avg Reward: -97.32407347063385, Best: -80.80399220532308
20-04-24 11:39[icct.rl_helpers.eval_callback]INFO | (Eval ) num_timesteps=582000, Reward=-103.49 +/- 0.57, EpLength: 1600.00 +/- 0.00
20-04-24 11:41[icct.rl_helpers.eval_callback]INFO | (Eval ) num_timesteps=583500, Reward=-89.83 +/- 0.10, EpLength: 1600.00 +/- 0.00
20-04-24 11:42[icct.rl_helpers.eval_callback]INFO | (Eval ) num_timesteps=585000, Reward=-85.97 +/- 0.07, EpLength: 1600.00 +/- 0.00
20-04-24 11:44[icct.rl_helpers.eval_callback]INFO | (Eval ) num_timesteps=586500, Reward=-105.15 +/- 0.04, EpLength: 1600.00 +/- 0.00
20-04-24 11:45[icct.rl_helpers.eval_callback]INFO | (Eval ) num_timesteps=588000, Reward=-111.53 +/- 1.20, EpLength: 1600.00 +/- 0.00
20-04-24 11:47[icct.rl_helpers.eval_callback]INFO | (Eval ) num_timesteps=589500, Reward=-103.95 +/- 0.06, EpLength: 112.60 +/- 1.36
20-04-24 11:48[icct.rl_helpers.eval_callback]INFO | (Eval ) num_timesteps=591000, Reward=-101.78 +/- 0.05, EpLength: 92.40 +/- 1.36
20-04-24 11:50[icct.rl_helpers.eval_callback]INFO | (Eval ) num_timesteps=592500, Reward=-112.90 +/- 0.02, EpLength: 1600.00 +/- 0.00
20-04-24 11:52[icct.rl_helpers.eval_callback]INFO | (Eval ) num_timesteps=594000, Reward=-81.87 +/- 0.22, EpLength: 1600.00 +/- 0.00
20-04-24 11:53[icct.rl_helpers.eval_callback]INFO | (Train) Episode: 470, Avg Reward: -97.48946090708542, Best: -80.80399220532308
20-04-24 11:53[icct.rl_helpers.eval_callback]INFO | (Eval ) num_timesteps=595500, Reward=-111.44 +/- 0.01, EpLength: 1600.00 +/- 0.00
20-04-24 11:55[icct.rl_helpers.eval_callback]INFO | (Eval ) num_timesteps=597000, Reward=-89.89 +/- 0.02, EpLength: 1600.00 +/- 0.00
20-04-24 11:56[icct.rl_helpers.eval_callback]INFO | (Eval ) num_timesteps=598500, Reward=-110.27 +/- 0.33, EpLength: 1600.00 +/- 0.00
20-04-24 11:58[icct.rl_helpers.eval_callback]INFO | (Eval ) num_timesteps=600000, Reward=-92.39 +/- 0.04, EpLength: 1600.00 +/- 0.00
20-04-24 12:00[icct.rl_helpers.eval_callback]INFO | (Eval ) num_timesteps=601500, Reward=-93.88 +/- 0.05, EpLength: 1600.00 +/- 0.00
20-04-24 12:01[icct.rl_helpers.eval_callback]INFO | (Eval ) num_timesteps=603000, Reward=-116.85 +/- 1.20, EpLength: 1600.00 +/- 0.00
20-04-24 12:03[icct.rl_helpers.eval_callback]INFO | (Eval ) num_timesteps=604500, Reward=-99.47 +/- 0.24, EpLength: 1600.00 +/- 0.00
20-04-24 12:04[icct.rl_helpers.eval_callback]INFO | (Eval ) num_timesteps=606000, Reward=-94.16 +/- 0.06, EpLength: 1600.00 +/- 0.00
20-04-24 12:06[icct.rl_helpers.eval_callback]INFO | (Eval ) num_timesteps=607500, Reward=-78.92 +/- 0.45, EpLength: 1600.00 +/- 0.00
20-04-24 12:07[icct.rl_helpers.eval_callback]INFO | (Eval ) num_timesteps=609000, Reward=-107.21 +/- 0.01, EpLength: 1600.00 +/- 0.00
20-04-24 12:08[icct.rl_helpers.eval_callback]INFO | (Train) Episode: 480, Avg Reward: -98.33801634352955, Best: -80.80399220532308
20-04-24 12:09[icct.rl_helpers.eval_callback]INFO | (Eval ) num_timesteps=610500, Reward=-91.22 +/- 0.01, EpLength: 1600.00 +/- 0.00
20-04-24 12:10[icct.rl_helpers.eval_callback]INFO | (Eval ) num_timesteps=612000, Reward=-81.44 +/- 0.11, EpLength: 1600.00 +/- 0.00
20-04-24 12:12[icct.rl_helpers.eval_callback]INFO | (Eval ) num_timesteps=613500, Reward=-97.13 +/- 0.02, EpLength: 1600.00 +/- 0.00
20-04-24 12:13[icct.rl_helpers.eval_callback]INFO | (Eval ) num_timesteps=615000, Reward=-103.84 +/- 0.13, EpLength: 1600.00 +/- 0.00
20-04-24 12:14[icct.rl_helpers.eval_callback]INFO | (Eval ) num_timesteps=616500, Reward=-113.18 +/- 0.09, EpLength: 1600.00 +/- 0.00
20-04-24 12:16[icct.rl_helpers.eval_callback]INFO | (Eval ) num_timesteps=618000, Reward=-110.70 +/- 0.01, EpLength: 1600.00 +/- 0.00
20-04-24 12:17[icct.rl_helpers.eval_callback]INFO | (Eval ) num_timesteps=619500, Reward=-96.37 +/- 2.80, EpLength: 1600.00 +/- 0.00
20-04-24 12:19[icct.rl_helpers.eval_callback]INFO | (Eval ) num_timesteps=621000, Reward=-64.75 +/- 0.38, EpLength: 1600.00 +/- 0.00
20-04-24 12:20[icct.rl_helpers.eval_callback]INFO | (Eval ) num_timesteps=622500, Reward=-86.14 +/- 0.10, EpLength: 1600.00 +/- 0.00
20-04-24 12:21[icct.rl_helpers.eval_callback]INFO | (Eval ) num_timesteps=624000, Reward=-79.75 +/- 0.08, EpLength: 1600.00 +/- 0.00
20-04-24 12:23[icct.rl_helpers.eval_callback]INFO | (Eval ) num_timesteps=625500, Reward=-79.00 +/- 0.10, EpLength: 1600.00 +/- 0.00
20-04-24 12:23[icct.rl_helpers.eval_callback]INFO | (Train) Episode: 490, Avg Reward: -98.22748147119398, Best: -80.80399220532308
20-04-24 12:24[icct.rl_helpers.eval_callback]INFO | (Eval ) num_timesteps=627000, Reward=-96.37 +/- 0.02, EpLength: 1600.00 +/- 0.00
20-04-24 12:25[icct.rl_helpers.eval_callback]INFO | (Eval ) num_timesteps=628500, Reward=-91.01 +/- 0.17, EpLength: 1600.00 +/- 0.00
20-04-24 12:27[icct.rl_helpers.eval_callback]INFO | (Eval ) num_timesteps=630000, Reward=-81.86 +/- 0.29, EpLength: 1600.00 +/- 0.00
20-04-24 12:28[icct.rl_helpers.eval_callback]INFO | (Eval ) num_timesteps=631500, Reward=-97.40 +/- 1.47, EpLength: 1600.00 +/- 0.00
20-04-24 12:29[icct.rl_helpers.eval_callback]INFO | (Eval ) num_timesteps=633000, Reward=-96.08 +/- 0.09, EpLength: 1600.00 +/- 0.00
20-04-24 12:30[icct.rl_helpers.eval_callback]INFO | (Eval ) num_timesteps=634500, Reward=-75.07 +/- 0.08, EpLength: 1600.00 +/- 0.00
20-04-24 12:31[icct.rl_helpers.eval_callback]INFO | (Eval ) num_timesteps=636000, Reward=-94.53 +/- 0.04, EpLength: 1600.00 +/- 0.00
20-04-24 12:33[icct.rl_helpers.eval_callback]INFO | (Eval ) num_timesteps=637500, Reward=-96.97 +/- 0.62, EpLength: 1600.00 +/- 0.00
20-04-24 12:34[icct.rl_helpers.eval_callback]INFO | (Eval ) num_timesteps=639000, Reward=-84.02 +/- 0.03, EpLength: 1600.00 +/- 0.00
20-04-24 12:35[icct.rl_helpers.eval_callback]INFO | (Eval ) num_timesteps=640500, Reward=-120.36 +/- 0.41, EpLength: 1600.00 +/- 0.00
20-04-24 12:36[icct.rl_helpers.eval_callback]INFO | (Train) Episode: 500, Avg Reward: -97.09400822394151, Best: -80.80399220532308
20-04-24 12:36[icct.rl_helpers.eval_callback]INFO | (Eval ) num_timesteps=642000, Reward=-112.82 +/- 0.01, EpLength: 1600.00 +/- 0.00
20-04-24 12:37[icct.rl_helpers.eval_callback]INFO | (Eval ) num_timesteps=643500, Reward=-104.10 +/- 0.06, EpLength: 1600.00 +/- 0.00
20-04-24 12:38[icct.rl_helpers.eval_callback]INFO | (Eval ) num_timesteps=645000, Reward=-97.30 +/- 0.02, EpLength: 1600.00 +/- 0.00
20-04-24 12:40[icct.rl_helpers.eval_callback]INFO | (Eval ) num_timesteps=646500, Reward=-91.56 +/- 0.79, EpLength: 1600.00 +/- 0.00
20-04-24 12:41[icct.rl_helpers.eval_callback]INFO | (Eval ) num_timesteps=648000, Reward=-98.81 +/- 0.14, EpLength: 1600.00 +/- 0.00
20-04-24 12:42[icct.rl_helpers.eval_callback]INFO | (Eval ) num_timesteps=649500, Reward=-110.61 +/- 0.32, EpLength: 1600.00 +/- 0.00
20-04-24 12:43[icct.rl_helpers.eval_callback]INFO | (Eval ) num_timesteps=651000, Reward=-93.26 +/- 0.18, EpLength: 1600.00 +/- 0.00
20-04-24 12:45[icct.rl_helpers.eval_callback]INFO | (Eval ) num_timesteps=652500, Reward=-111.56 +/- 0.10, EpLength: 1600.00 +/- 0.00
20-04-24 12:46[icct.rl_helpers.eval_callback]INFO | (Eval ) num_timesteps=654000, Reward=-87.19 +/- 0.51, EpLength: 1600.00 +/- 0.00
20-04-24 12:47[icct.rl_helpers.eval_callback]INFO | (Eval ) num_timesteps=655500, Reward=-108.09 +/- 0.07, EpLength: 1600.00 +/- 0.00
20-04-24 12:48[icct.rl_helpers.eval_callback]INFO | (Eval ) num_timesteps=657000, Reward=-114.20 +/- 0.10, EpLength: 1600.00 +/- 0.00
20-04-24 12:49[icct.rl_helpers.eval_callback]INFO | (Train) Episode: 510, Avg Reward: -97.03938318198024, Best: -80.80399220532308
20-04-24 12:49[icct.rl_helpers.eval_callback]INFO | (Eval ) num_timesteps=658500, Reward=-95.20 +/- 0.23, EpLength: 69.00 +/- 0.00
20-04-24 12:50[icct.rl_helpers.eval_callback]INFO | (Eval ) num_timesteps=660000, Reward=-91.38 +/- 0.06, EpLength: 1600.00 +/- 0.00
20-04-24 12:51[icct.rl_helpers.eval_callback]INFO | (Eval ) num_timesteps=661500, Reward=-86.71 +/- 1.82, EpLength: 1600.00 +/- 0.00
20-04-24 12:52[icct.rl_helpers.eval_callback]INFO | (Eval ) num_timesteps=663000, Reward=-93.51 +/- 0.06, EpLength: 1600.00 +/- 0.00
20-04-24 12:54[icct.rl_helpers.eval_callback]INFO | (Eval ) num_timesteps=664500, Reward=-96.08 +/- 0.03, EpLength: 1600.00 +/- 0.00
20-04-24 12:55[icct.rl_helpers.eval_callback]INFO | (Eval ) num_timesteps=666000, Reward=-89.66 +/- 0.01, EpLength: 1600.00 +/- 0.00
20-04-24 12:57[icct.rl_helpers.eval_callback]INFO | (Eval ) num_timesteps=667500, Reward=-94.73 +/- 0.05, EpLength: 1600.00 +/- 0.00
20-04-24 12:58[icct.rl_helpers.eval_callback]INFO | (Eval ) num_timesteps=669000, Reward=-128.95 +/- 0.35, EpLength: 1600.00 +/- 0.00
20-04-24 12:59[icct.rl_helpers.eval_callback]INFO | (Eval ) num_timesteps=670500, Reward=-91.30 +/- 0.02, EpLength: 1600.00 +/- 0.00
20-04-24 13:01[icct.rl_helpers.eval_callback]INFO | (Eval ) num_timesteps=672000, Reward=-106.03 +/- 0.39, EpLength: 1600.00 +/- 0.00
20-04-24 13:02[icct.rl_helpers.eval_callback]INFO | (Eval ) num_timesteps=673500, Reward=-79.88 +/- 0.03, EpLength: 1600.00 +/- 0.00
20-04-24 13:02[icct.rl_helpers.eval_callback]INFO | (Train) Episode: 520, Avg Reward: -96.9418609868792, Best: -80.80399220532308
20-04-24 13:03[icct.rl_helpers.eval_callback]INFO | (Eval ) num_timesteps=675000, Reward=-107.21 +/- 0.08, EpLength: 1600.00 +/- 0.00
20-04-24 13:05[icct.rl_helpers.eval_callback]INFO | (Eval ) num_timesteps=676500, Reward=-105.91 +/- 0.03, EpLength: 1600.00 +/- 0.00
20-04-24 13:06[icct.rl_helpers.eval_callback]INFO | (Eval ) num_timesteps=678000, Reward=-87.76 +/- 0.24, EpLength: 1600.00 +/- 0.00
20-04-24 13:08[icct.rl_helpers.eval_callback]INFO | (Eval ) num_timesteps=679500, Reward=-81.88 +/- 0.12, EpLength: 1600.00 +/- 0.00
20-04-24 13:09[icct.rl_helpers.eval_callback]INFO | (Eval ) num_timesteps=681000, Reward=-96.25 +/- 0.14, EpLength: 1600.00 +/- 0.00
20-04-24 13:10[icct.rl_helpers.eval_callback]INFO | (Eval ) num_timesteps=682500, Reward=-113.86 +/- 0.05, EpLength: 1600.00 +/- 0.00
20-04-24 13:11[icct.rl_helpers.eval_callback]INFO | (Eval ) num_timesteps=684000, Reward=-112.17 +/- 0.02, EpLength: 1600.00 +/- 0.00
20-04-24 13:12[icct.rl_helpers.eval_callback]INFO | (Eval ) num_timesteps=685500, Reward=-82.27 +/- 0.33, EpLength: 1600.00 +/- 0.00
20-04-24 13:14[icct.rl_helpers.eval_callback]INFO | (Eval ) num_timesteps=687000, Reward=-105.55 +/- 1.58, EpLength: 1600.00 +/- 0.00
20-04-24 13:15[icct.rl_helpers.eval_callback]INFO | (Train) Episode: 530, Avg Reward: -97.62488916030956, Best: -80.80399220532308
20-04-24 13:15[icct.rl_helpers.eval_callback]INFO | (Eval ) num_timesteps=688500, Reward=-88.09 +/- 0.01, EpLength: 1600.00 +/- 0.00
20-04-24 13:17[icct.rl_helpers.eval_callback]INFO | (Eval ) num_timesteps=690000, Reward=-109.80 +/- 0.04, EpLength: 1600.00 +/- 0.00
20-04-24 13:18[icct.rl_helpers.eval_callback]INFO | (Eval ) num_timesteps=691500, Reward=-111.92 +/- 0.05, EpLength: 1600.00 +/- 0.00
20-04-24 13:19[icct.rl_helpers.eval_callback]INFO | (Eval ) num_timesteps=693000, Reward=-88.55 +/- 0.03, EpLength: 1600.00 +/- 0.00
20-04-24 13:20[icct.rl_helpers.eval_callback]INFO | (Eval ) num_timesteps=694500, Reward=-97.82 +/- 0.03, EpLength: 1600.00 +/- 0.00
20-04-24 13:22[icct.rl_helpers.eval_callback]INFO | (Eval ) num_timesteps=696000, Reward=-90.84 +/- 0.08, EpLength: 1600.00 +/- 0.00
20-04-24 13:23[icct.rl_helpers.eval_callback]INFO | (Eval ) num_timesteps=697500, Reward=-110.51 +/- 0.16, EpLength: 1600.00 +/- 0.00
20-04-24 13:24[icct.rl_helpers.eval_callback]INFO | (Eval ) num_timesteps=699000, Reward=-104.25 +/- 1.56, EpLength: 1600.00 +/- 0.00
20-04-24 13:25[root]INFO | [END]======> Execution time of seed 19: 10 hours, 42 minutes, 53 seconds
