20-04-24 15:20[root]INFO | Training on env: walker
20-04-24 15:20[root]INFO | Agent Type: dgt
20-04-24 15:20[root]INFO | Log Directory: ./logs/walker_cpu/dgt/128leaves_33-20-15-20-Apr_Final/
20-04-24 15:20[root]INFO | GPU?: False
20-04-24 15:20[root]INFO | Num Leaves: 128
20-04-24 15:20[root]INFO | DGT Policy
20-04-24 15:20[root]INFO | Value Net Size: [256, 256]
20-04-24 15:20[root]INFO | [START]======> Training Started for Seed [17]: 2024-04-20 15:20:40
20-04-24 15:20[root]INFO | actor: DGTActor(
  (features_extractor): FlattenExtractor(
    (flatten): Flatten(start_dim=1, end_dim=-1)
  )
  (drnet): DGT(
    (_and_act_fn): Softmax(dim=-1)
    (_predicate_l): Sequential(
      (0): Linear(in_features=24, out_features=127, bias=True)
    )
    (_and_l): XLinear(
      (_l): Linear(in_features=127, out_features=128, bias=False)
    )
    (_or_l): XLinear(
      (_l): Linear(in_features=128, out_features=4, bias=False)
    )
  )
)
20-04-24 15:20[icct.rl_helpers.eval_callback]INFO | (Train) Episode: 0, Avg Reward: -99.49971721507609, Best: -99.49971721507609
20-04-24 15:20[icct.rl_helpers.eval_callback]INFO | (Eval ) num_timesteps=1500, Reward=-112.33 +/- 0.07, EpLength: 109.20 +/- 4.92
20-04-24 15:20[icct.rl_helpers.eval_callback]INFO | (Save ) Storing Best Model: New best mean reward!
20-04-24 15:20[icct.rl_helpers.eval_callback]INFO | (Eval ) num_timesteps=3000, Reward=-112.33 +/- 0.14, EpLength: 113.60 +/- 3.72
20-04-24 15:20[icct.rl_helpers.eval_callback]INFO | (Save ) Storing Best Model: New best mean reward!
20-04-24 15:20[icct.rl_helpers.eval_callback]INFO | (Eval ) num_timesteps=4500, Reward=-112.22 +/- 0.16, EpLength: 111.40 +/- 3.01
20-04-24 15:20[icct.rl_helpers.eval_callback]INFO | (Save ) Storing Best Model: New best mean reward!
20-04-24 15:20[icct.rl_helpers.eval_callback]INFO | (Train) Episode: 10, Avg Reward: -97.47239210367553, Best: -92.63044177020515
20-04-24 15:20[icct.rl_helpers.eval_callback]INFO | (Eval ) num_timesteps=6000, Reward=-112.24 +/- 0.18, EpLength: 113.80 +/- 4.07
20-04-24 15:20[icct.rl_helpers.eval_callback]INFO | (Eval ) num_timesteps=7500, Reward=-112.34 +/- 0.13, EpLength: 110.60 +/- 3.14
20-04-24 15:20[icct.rl_helpers.eval_callback]INFO | (Eval ) num_timesteps=9000, Reward=-112.32 +/- 0.14, EpLength: 112.20 +/- 5.84
20-04-24 15:21[icct.rl_helpers.eval_callback]INFO | (Eval ) num_timesteps=10500, Reward=-107.87 +/- 5.52, EpLength: 149.40 +/- 11.16
20-04-24 15:21[icct.rl_helpers.eval_callback]INFO | (Save ) Storing Best Model: New best mean reward!
20-04-24 15:22[icct.rl_helpers.eval_callback]INFO | (Eval ) num_timesteps=12000, Reward=-120.93 +/- 0.12, EpLength: 48.00 +/- 0.00
20-04-24 15:22[icct.rl_helpers.eval_callback]INFO | (Train) Episode: 20, Avg Reward: -99.70474135338134, Best: -92.63044177020515
20-04-24 15:23[icct.rl_helpers.eval_callback]INFO | (Eval ) num_timesteps=13500, Reward=-110.09 +/- 0.11, EpLength: 80.60 +/- 0.80
20-04-24 15:24[icct.rl_helpers.eval_callback]INFO | (Train) Episode: 30, Avg Reward: -104.19105799085837, Best: -92.63044177020515
20-04-24 15:24[icct.rl_helpers.eval_callback]INFO | (Eval ) num_timesteps=15000, Reward=-74.50 +/- 0.10, EpLength: 1600.00 +/- 0.00
20-04-24 15:24[icct.rl_helpers.eval_callback]INFO | (Save ) Storing Best Model: New best mean reward!
20-04-24 15:25[icct.rl_helpers.eval_callback]INFO | (Eval ) num_timesteps=16500, Reward=-136.69 +/- 0.02, EpLength: 1600.00 +/- 0.00
20-04-24 15:26[icct.rl_helpers.eval_callback]INFO | (Train) Episode: 40, Avg Reward: -104.72991147492932, Best: -92.63044177020515
20-04-24 15:27[icct.rl_helpers.eval_callback]INFO | (Eval ) num_timesteps=18000, Reward=-121.07 +/- 0.06, EpLength: 1600.00 +/- 0.00
20-04-24 15:28[icct.rl_helpers.eval_callback]INFO | (Eval ) num_timesteps=19500, Reward=-115.29 +/- 0.04, EpLength: 1600.00 +/- 0.00
20-04-24 15:30[icct.rl_helpers.eval_callback]INFO | (Eval ) num_timesteps=21000, Reward=-109.14 +/- 0.14, EpLength: 1600.00 +/- 0.00
20-04-24 15:31[icct.rl_helpers.eval_callback]INFO | (Eval ) num_timesteps=22500, Reward=-67.18 +/- 2.53, EpLength: 1600.00 +/- 0.00
20-04-24 15:31[icct.rl_helpers.eval_callback]INFO | (Save ) Storing Best Model: New best mean reward!
20-04-24 15:32[icct.rl_helpers.eval_callback]INFO | (Eval ) num_timesteps=24000, Reward=-110.24 +/- 0.92, EpLength: 1600.00 +/- 0.00
20-04-24 15:34[icct.rl_helpers.eval_callback]INFO | (Eval ) num_timesteps=25500, Reward=-106.39 +/- 16.36, EpLength: 711.00 +/- 726.34
20-04-24 15:35[icct.rl_helpers.eval_callback]INFO | (Eval ) num_timesteps=27000, Reward=-126.34 +/- 0.43, EpLength: 1600.00 +/- 0.00
20-04-24 15:37[icct.rl_helpers.eval_callback]INFO | (Eval ) num_timesteps=28500, Reward=-86.65 +/- 12.05, EpLength: 1600.00 +/- 0.00
20-04-24 15:38[icct.rl_helpers.eval_callback]INFO | (Train) Episode: 50, Avg Reward: -105.4567889667608, Best: -92.63044177020515
20-04-24 15:38[icct.rl_helpers.eval_callback]INFO | (Eval ) num_timesteps=30000, Reward=-95.57 +/- 1.38, EpLength: 1600.00 +/- 0.00
20-04-24 15:39[icct.rl_helpers.eval_callback]INFO | (Eval ) num_timesteps=31500, Reward=-44.14 +/- 8.21, EpLength: 1600.00 +/- 0.00
20-04-24 15:39[icct.rl_helpers.eval_callback]INFO | (Save ) Storing Best Model: New best mean reward!
20-04-24 15:41[icct.rl_helpers.eval_callback]INFO | (Eval ) num_timesteps=33000, Reward=-43.67 +/- 0.42, EpLength: 1600.00 +/- 0.00
20-04-24 15:41[icct.rl_helpers.eval_callback]INFO | (Save ) Storing Best Model: New best mean reward!
20-04-24 15:42[icct.rl_helpers.eval_callback]INFO | (Eval ) num_timesteps=34500, Reward=-132.21 +/- 0.71, EpLength: 1600.00 +/- 0.00
20-04-24 15:44[icct.rl_helpers.eval_callback]INFO | (Eval ) num_timesteps=36000, Reward=-96.12 +/- 13.67, EpLength: 1600.00 +/- 0.00
20-04-24 15:45[icct.rl_helpers.eval_callback]INFO | (Eval ) num_timesteps=37500, Reward=-77.43 +/- 0.76, EpLength: 1600.00 +/- 0.00
20-04-24 15:46[icct.rl_helpers.eval_callback]INFO | (Eval ) num_timesteps=39000, Reward=-82.74 +/- 1.29, EpLength: 1600.00 +/- 0.00
20-04-24 15:48[icct.rl_helpers.eval_callback]INFO | (Eval ) num_timesteps=40500, Reward=-53.75 +/- 1.23, EpLength: 1600.00 +/- 0.00
20-04-24 15:49[icct.rl_helpers.eval_callback]INFO | (Eval ) num_timesteps=42000, Reward=-55.89 +/- 1.02, EpLength: 1600.00 +/- 0.00
20-04-24 15:51[icct.rl_helpers.eval_callback]INFO | (Eval ) num_timesteps=43500, Reward=-77.09 +/- 34.04, EpLength: 1600.00 +/- 0.00
20-04-24 15:52[icct.rl_helpers.eval_callback]INFO | (Eval ) num_timesteps=45000, Reward=-133.75 +/- 2.77, EpLength: 1600.00 +/- 0.00
20-04-24 15:52[icct.rl_helpers.eval_callback]INFO | (Train) Episode: 60, Avg Reward: -104.6596629584927, Best: -92.63044177020515
20-04-24 15:53[icct.rl_helpers.eval_callback]INFO | (Eval ) num_timesteps=46500, Reward=-108.79 +/- 29.63, EpLength: 1600.00 +/- 0.00
20-04-24 15:54[icct.rl_helpers.eval_callback]INFO | (Eval ) num_timesteps=48000, Reward=-63.26 +/- 4.50, EpLength: 1600.00 +/- 0.00
20-04-24 15:56[icct.rl_helpers.eval_callback]INFO | (Eval ) num_timesteps=49500, Reward=-60.34 +/- 5.87, EpLength: 1600.00 +/- 0.00
20-04-24 15:57[icct.rl_helpers.eval_callback]INFO | (Eval ) num_timesteps=51000, Reward=-48.16 +/- 1.79, EpLength: 1600.00 +/- 0.00
20-04-24 15:58[icct.rl_helpers.eval_callback]INFO | (Eval ) num_timesteps=52500, Reward=-115.57 +/- 4.73, EpLength: 83.20 +/- 20.55
20-04-24 15:59[icct.rl_helpers.eval_callback]INFO | (Eval ) num_timesteps=54000, Reward=-65.53 +/- 0.47, EpLength: 1600.00 +/- 0.00
20-04-24 16:00[icct.rl_helpers.eval_callback]INFO | (Train) Episode: 70, Avg Reward: -103.16170699869748, Best: -92.63044177020515
20-04-24 16:01[icct.rl_helpers.eval_callback]INFO | (Eval ) num_timesteps=55500, Reward=-89.72 +/- 1.45, EpLength: 1600.00 +/- 0.00
20-04-24 16:02[icct.rl_helpers.eval_callback]INFO | (Eval ) num_timesteps=57000, Reward=-81.44 +/- 15.93, EpLength: 1600.00 +/- 0.00
20-04-24 16:03[icct.rl_helpers.eval_callback]INFO | (Eval ) num_timesteps=58500, Reward=-55.80 +/- 2.10, EpLength: 1600.00 +/- 0.00
20-04-24 16:05[icct.rl_helpers.eval_callback]INFO | (Eval ) num_timesteps=60000, Reward=-65.21 +/- 2.90, EpLength: 1600.00 +/- 0.00
20-04-24 16:06[icct.rl_helpers.eval_callback]INFO | (Eval ) num_timesteps=61500, Reward=-76.31 +/- 3.17, EpLength: 1600.00 +/- 0.00
20-04-24 16:08[icct.rl_helpers.eval_callback]INFO | (Eval ) num_timesteps=63000, Reward=-46.36 +/- 9.12, EpLength: 1600.00 +/- 0.00
20-04-24 16:09[icct.rl_helpers.eval_callback]INFO | (Eval ) num_timesteps=64500, Reward=-68.51 +/- 6.72, EpLength: 1600.00 +/- 0.00
20-04-24 16:10[icct.rl_helpers.eval_callback]INFO | (Eval ) num_timesteps=66000, Reward=-65.55 +/- 4.99, EpLength: 1600.00 +/- 0.00
20-04-24 16:12[icct.rl_helpers.eval_callback]INFO | (Eval ) num_timesteps=67500, Reward=-72.05 +/- 4.26, EpLength: 1600.00 +/- 0.00
20-04-24 16:13[icct.rl_helpers.eval_callback]INFO | (Eval ) num_timesteps=69000, Reward=-96.18 +/- 0.10, EpLength: 1600.00 +/- 0.00
20-04-24 16:14[icct.rl_helpers.eval_callback]INFO | (Eval ) num_timesteps=70500, Reward=-54.00 +/- 1.87, EpLength: 1600.00 +/- 0.00
20-04-24 16:15[icct.rl_helpers.eval_callback]INFO | (Train) Episode: 80, Avg Reward: -99.27687331080213, Best: -92.63044177020515
20-04-24 16:16[icct.rl_helpers.eval_callback]INFO | (Eval ) num_timesteps=72000, Reward=-61.36 +/- 3.50, EpLength: 1600.00 +/- 0.00
20-04-24 16:17[icct.rl_helpers.eval_callback]INFO | (Eval ) num_timesteps=73500, Reward=-66.37 +/- 7.44, EpLength: 1600.00 +/- 0.00
20-04-24 16:18[icct.rl_helpers.eval_callback]INFO | (Eval ) num_timesteps=75000, Reward=-48.90 +/- 0.06, EpLength: 1600.00 +/- 0.00
20-04-24 16:20[icct.rl_helpers.eval_callback]INFO | (Eval ) num_timesteps=76500, Reward=-64.98 +/- 0.30, EpLength: 1600.00 +/- 0.00
20-04-24 16:21[icct.rl_helpers.eval_callback]INFO | (Eval ) num_timesteps=78000, Reward=-29.95 +/- 0.23, EpLength: 1600.00 +/- 0.00
20-04-24 16:21[icct.rl_helpers.eval_callback]INFO | (Save ) Storing Best Model: New best mean reward!
20-04-24 16:23[icct.rl_helpers.eval_callback]INFO | (Eval ) num_timesteps=79500, Reward=-73.11 +/- 13.20, EpLength: 1600.00 +/- 0.00
20-04-24 16:24[icct.rl_helpers.eval_callback]INFO | (Eval ) num_timesteps=81000, Reward=-60.70 +/- 0.20, EpLength: 1600.00 +/- 0.00
20-04-24 16:26[icct.rl_helpers.eval_callback]INFO | (Eval ) num_timesteps=82500, Reward=-48.61 +/- 3.97, EpLength: 1600.00 +/- 0.00
20-04-24 16:27[icct.rl_helpers.eval_callback]INFO | (Eval ) num_timesteps=84000, Reward=-34.93 +/- 7.30, EpLength: 1600.00 +/- 0.00
20-04-24 16:28[icct.rl_helpers.eval_callback]INFO | (Eval ) num_timesteps=85500, Reward=-55.58 +/- 2.77, EpLength: 1600.00 +/- 0.00
20-04-24 16:29[icct.rl_helpers.eval_callback]INFO | (Eval ) num_timesteps=87000, Reward=-45.12 +/- 2.22, EpLength: 1600.00 +/- 0.00
20-04-24 16:29[icct.rl_helpers.eval_callback]INFO | (Train) Episode: 90, Avg Reward: -94.30697131071449, Best: -92.63044177020515
20-04-24 16:31[icct.rl_helpers.eval_callback]INFO | (Eval ) num_timesteps=88500, Reward=-42.82 +/- 1.56, EpLength: 1600.00 +/- 0.00
20-04-24 16:32[icct.rl_helpers.eval_callback]INFO | (Eval ) num_timesteps=90000, Reward=-60.78 +/- 23.38, EpLength: 1600.00 +/- 0.00
20-04-24 16:34[icct.rl_helpers.eval_callback]INFO | (Eval ) num_timesteps=91500, Reward=-53.65 +/- 0.77, EpLength: 1600.00 +/- 0.00
20-04-24 16:35[icct.rl_helpers.eval_callback]INFO | (Eval ) num_timesteps=93000, Reward=-27.59 +/- 0.60, EpLength: 1600.00 +/- 0.00
20-04-24 16:35[icct.rl_helpers.eval_callback]INFO | (Save ) Storing Best Model: New best mean reward!
20-04-24 16:37[icct.rl_helpers.eval_callback]INFO | (Eval ) num_timesteps=94500, Reward=-41.04 +/- 12.67, EpLength: 1600.00 +/- 0.00
20-04-24 16:38[icct.rl_helpers.eval_callback]INFO | (Eval ) num_timesteps=96000, Reward=-44.44 +/- 12.07, EpLength: 1600.00 +/- 0.00
20-04-24 16:40[icct.rl_helpers.eval_callback]INFO | (Eval ) num_timesteps=97500, Reward=-59.76 +/- 1.13, EpLength: 1600.00 +/- 0.00
20-04-24 16:41[icct.rl_helpers.eval_callback]INFO | (Eval ) num_timesteps=99000, Reward=-39.28 +/- 0.48, EpLength: 1600.00 +/- 0.00
20-04-24 16:42[icct.rl_helpers.eval_callback]INFO | (Eval ) num_timesteps=100500, Reward=-40.91 +/- 0.30, EpLength: 1600.00 +/- 0.00
20-04-24 16:44[icct.rl_helpers.eval_callback]INFO | (Eval ) num_timesteps=102000, Reward=-28.20 +/- 3.71, EpLength: 1600.00 +/- 0.00
20-04-24 16:44[icct.rl_helpers.eval_callback]INFO | (Train) Episode: 100, Avg Reward: -89.28859382391595, Best: -89.28859382391595
20-04-24 16:45[icct.rl_helpers.eval_callback]INFO | (Eval ) num_timesteps=103500, Reward=-35.11 +/- 0.66, EpLength: 1600.00 +/- 0.00
20-04-24 16:46[icct.rl_helpers.eval_callback]INFO | (Eval ) num_timesteps=105000, Reward=-26.36 +/- 11.67, EpLength: 1600.00 +/- 0.00
20-04-24 16:46[icct.rl_helpers.eval_callback]INFO | (Save ) Storing Best Model: New best mean reward!
20-04-24 16:47[icct.rl_helpers.eval_callback]INFO | (Eval ) num_timesteps=106500, Reward=-33.56 +/- 19.13, EpLength: 1600.00 +/- 0.00
20-04-24 16:49[icct.rl_helpers.eval_callback]INFO | (Eval ) num_timesteps=108000, Reward=-38.76 +/- 1.71, EpLength: 1600.00 +/- 0.00
20-04-24 16:50[icct.rl_helpers.eval_callback]INFO | (Eval ) num_timesteps=109500, Reward=-20.47 +/- 6.88, EpLength: 1600.00 +/- 0.00
20-04-24 16:50[icct.rl_helpers.eval_callback]INFO | (Save ) Storing Best Model: New best mean reward!
20-04-24 16:51[icct.rl_helpers.eval_callback]INFO | (Eval ) num_timesteps=111000, Reward=-30.66 +/- 3.06, EpLength: 1600.00 +/- 0.00
20-04-24 16:52[icct.rl_helpers.eval_callback]INFO | (Eval ) num_timesteps=112500, Reward=-31.93 +/- 1.53, EpLength: 1600.00 +/- 0.00
20-04-24 16:54[icct.rl_helpers.eval_callback]INFO | (Eval ) num_timesteps=114000, Reward=-22.09 +/- 0.58, EpLength: 1600.00 +/- 0.00
20-04-24 16:55[icct.rl_helpers.eval_callback]INFO | (Eval ) num_timesteps=115500, Reward=-32.85 +/- 0.02, EpLength: 1600.00 +/- 0.00
20-04-24 16:56[icct.rl_helpers.eval_callback]INFO | (Eval ) num_timesteps=117000, Reward=-49.69 +/- 46.17, EpLength: 1600.00 +/- 0.00
20-04-24 16:58[icct.rl_helpers.eval_callback]INFO | (Eval ) num_timesteps=118500, Reward=-27.11 +/- 1.77, EpLength: 1600.00 +/- 0.00
20-04-24 16:58[icct.rl_helpers.eval_callback]INFO | (Train) Episode: 110, Avg Reward: -82.88264482799096, Best: -82.88264482799096
20-04-24 16:59[icct.rl_helpers.eval_callback]INFO | (Eval ) num_timesteps=120000, Reward=-25.27 +/- 0.10, EpLength: 1600.00 +/- 0.00
20-04-24 17:01[icct.rl_helpers.eval_callback]INFO | (Eval ) num_timesteps=121500, Reward=-31.35 +/- 0.09, EpLength: 1600.00 +/- 0.00
20-04-24 17:02[icct.rl_helpers.eval_callback]INFO | (Eval ) num_timesteps=123000, Reward=-30.05 +/- 3.62, EpLength: 1600.00 +/- 0.00
20-04-24 17:04[icct.rl_helpers.eval_callback]INFO | (Eval ) num_timesteps=124500, Reward=-33.60 +/- 0.26, EpLength: 1600.00 +/- 0.00
20-04-24 17:05[icct.rl_helpers.eval_callback]INFO | (Eval ) num_timesteps=126000, Reward=-18.41 +/- 2.87, EpLength: 1600.00 +/- 0.00
20-04-24 17:05[icct.rl_helpers.eval_callback]INFO | (Save ) Storing Best Model: New best mean reward!
20-04-24 17:07[icct.rl_helpers.eval_callback]INFO | (Eval ) num_timesteps=127500, Reward=-25.88 +/- 2.64, EpLength: 1600.00 +/- 0.00
20-04-24 17:08[icct.rl_helpers.eval_callback]INFO | (Eval ) num_timesteps=129000, Reward=-22.10 +/- 0.07, EpLength: 1600.00 +/- 0.00
20-04-24 17:10[icct.rl_helpers.eval_callback]INFO | (Eval ) num_timesteps=130500, Reward=-23.82 +/- 5.39, EpLength: 1600.00 +/- 0.00
20-04-24 17:11[icct.rl_helpers.eval_callback]INFO | (Eval ) num_timesteps=132000, Reward=-29.90 +/- 1.41, EpLength: 1600.00 +/- 0.00
20-04-24 17:12[icct.rl_helpers.eval_callback]INFO | (Eval ) num_timesteps=133500, Reward=-43.90 +/- 10.52, EpLength: 1600.00 +/- 0.00
20-04-24 17:13[icct.rl_helpers.eval_callback]INFO | (Eval ) num_timesteps=135000, Reward=-19.73 +/- 0.94, EpLength: 1600.00 +/- 0.00
20-04-24 17:14[icct.rl_helpers.eval_callback]INFO | (Train) Episode: 120, Avg Reward: -76.01032063924825, Best: -76.01032063924825
20-04-24 17:15[icct.rl_helpers.eval_callback]INFO | (Eval ) num_timesteps=136500, Reward=-24.33 +/- 0.04, EpLength: 1600.00 +/- 0.00
20-04-24 17:16[icct.rl_helpers.eval_callback]INFO | (Eval ) num_timesteps=138000, Reward=-44.08 +/- 6.91, EpLength: 1600.00 +/- 0.00
20-04-24 17:18[icct.rl_helpers.eval_callback]INFO | (Eval ) num_timesteps=139500, Reward=-37.33 +/- 11.51, EpLength: 1600.00 +/- 0.00
20-04-24 17:19[icct.rl_helpers.eval_callback]INFO | (Eval ) num_timesteps=141000, Reward=-35.91 +/- 11.90, EpLength: 1600.00 +/- 0.00
20-04-24 17:21[icct.rl_helpers.eval_callback]INFO | (Eval ) num_timesteps=142500, Reward=-106.76 +/- 0.67, EpLength: 56.60 +/- 2.06
20-04-24 17:22[icct.rl_helpers.eval_callback]INFO | (Eval ) num_timesteps=144000, Reward=-35.66 +/- 0.21, EpLength: 1600.00 +/- 0.00
20-04-24 17:24[icct.rl_helpers.eval_callback]INFO | (Eval ) num_timesteps=145500, Reward=-37.98 +/- 11.13, EpLength: 1600.00 +/- 0.00
20-04-24 17:25[icct.rl_helpers.eval_callback]INFO | (Eval ) num_timesteps=147000, Reward=-21.91 +/- 2.07, EpLength: 1600.00 +/- 0.00
20-04-24 17:26[icct.rl_helpers.eval_callback]INFO | (Eval ) num_timesteps=148500, Reward=-49.80 +/- 4.88, EpLength: 1600.00 +/- 0.00
20-04-24 17:28[icct.rl_helpers.eval_callback]INFO | (Eval ) num_timesteps=150000, Reward=-24.10 +/- 1.44, EpLength: 1600.00 +/- 0.00
20-04-24 17:28[icct.rl_helpers.eval_callback]INFO | (Train) Episode: 130, Avg Reward: -67.47884971490141, Best: -67.47884971490141
20-04-24 17:29[icct.rl_helpers.eval_callback]INFO | (Eval ) num_timesteps=151500, Reward=-31.73 +/- 4.84, EpLength: 1600.00 +/- 0.00
20-04-24 17:30[icct.rl_helpers.eval_callback]INFO | (Eval ) num_timesteps=153000, Reward=-26.85 +/- 0.89, EpLength: 1600.00 +/- 0.00
20-04-24 17:32[icct.rl_helpers.eval_callback]INFO | (Eval ) num_timesteps=154500, Reward=-24.99 +/- 0.91, EpLength: 1600.00 +/- 0.00
20-04-24 17:33[icct.rl_helpers.eval_callback]INFO | (Eval ) num_timesteps=156000, Reward=-49.10 +/- 2.95, EpLength: 1600.00 +/- 0.00
20-04-24 17:34[icct.rl_helpers.eval_callback]INFO | (Eval ) num_timesteps=157500, Reward=-24.47 +/- 1.51, EpLength: 1600.00 +/- 0.00
20-04-24 17:36[icct.rl_helpers.eval_callback]INFO | (Eval ) num_timesteps=159000, Reward=-22.24 +/- 1.66, EpLength: 1600.00 +/- 0.00
20-04-24 17:37[icct.rl_helpers.eval_callback]INFO | (Eval ) num_timesteps=160500, Reward=-29.06 +/- 0.71, EpLength: 1600.00 +/- 0.00
20-04-24 17:38[icct.rl_helpers.eval_callback]INFO | (Eval ) num_timesteps=162000, Reward=-31.35 +/- 2.51, EpLength: 1600.00 +/- 0.00
20-04-24 17:40[icct.rl_helpers.eval_callback]INFO | (Eval ) num_timesteps=163500, Reward=-21.64 +/- 2.87, EpLength: 1600.00 +/- 0.00
20-04-24 17:41[icct.rl_helpers.eval_callback]INFO | (Eval ) num_timesteps=165000, Reward=-22.17 +/- 0.14, EpLength: 1600.00 +/- 0.00
20-04-24 17:42[icct.rl_helpers.eval_callback]INFO | (Eval ) num_timesteps=166500, Reward=-59.87 +/- 0.87, EpLength: 1600.00 +/- 0.00
20-04-24 17:43[icct.rl_helpers.eval_callback]INFO | (Train) Episode: 140, Avg Reward: -59.778228249313955, Best: -59.778228249313955
20-04-24 17:44[icct.rl_helpers.eval_callback]INFO | (Eval ) num_timesteps=168000, Reward=-73.81 +/- 0.15, EpLength: 1600.00 +/- 0.00
20-04-24 17:45[icct.rl_helpers.eval_callback]INFO | (Eval ) num_timesteps=169500, Reward=-105.49 +/- 0.68, EpLength: 109.00 +/- 7.80
20-04-24 17:46[icct.rl_helpers.eval_callback]INFO | (Eval ) num_timesteps=171000, Reward=-98.99 +/- 13.22, EpLength: 1037.80 +/- 688.98
20-04-24 17:47[icct.rl_helpers.eval_callback]INFO | (Eval ) num_timesteps=172500, Reward=-115.68 +/- 10.92, EpLength: 170.00 +/- 69.98
20-04-24 17:49[icct.rl_helpers.eval_callback]INFO | (Eval ) num_timesteps=174000, Reward=-24.46 +/- 3.89, EpLength: 1600.00 +/- 0.00
20-04-24 17:50[icct.rl_helpers.eval_callback]INFO | (Eval ) num_timesteps=175500, Reward=-29.80 +/- 5.62, EpLength: 1600.00 +/- 0.00
20-04-24 17:51[icct.rl_helpers.eval_callback]INFO | (Eval ) num_timesteps=177000, Reward=-29.61 +/- 2.38, EpLength: 1600.00 +/- 0.00
20-04-24 17:52[icct.rl_helpers.eval_callback]INFO | (Eval ) num_timesteps=178500, Reward=-51.03 +/- 5.20, EpLength: 1600.00 +/- 0.00
20-04-24 17:53[icct.rl_helpers.eval_callback]INFO | (Train) Episode: 150, Avg Reward: -56.266767968194216, Best: -56.266767968194216
20-04-24 17:53[icct.rl_helpers.eval_callback]INFO | (Eval ) num_timesteps=180000, Reward=-28.69 +/- 2.06, EpLength: 1600.00 +/- 0.00
20-04-24 17:55[icct.rl_helpers.eval_callback]INFO | (Eval ) num_timesteps=181500, Reward=-48.51 +/- 3.89, EpLength: 1600.00 +/- 0.00
20-04-24 17:56[icct.rl_helpers.eval_callback]INFO | (Eval ) num_timesteps=183000, Reward=-26.72 +/- 1.12, EpLength: 1600.00 +/- 0.00
20-04-24 17:57[icct.rl_helpers.eval_callback]INFO | (Eval ) num_timesteps=184500, Reward=-35.73 +/- 4.47, EpLength: 1600.00 +/- 0.00
20-04-24 17:59[icct.rl_helpers.eval_callback]INFO | (Eval ) num_timesteps=186000, Reward=-46.40 +/- 0.42, EpLength: 1600.00 +/- 0.00
20-04-24 18:00[icct.rl_helpers.eval_callback]INFO | (Eval ) num_timesteps=187500, Reward=-43.50 +/- 0.01, EpLength: 1600.00 +/- 0.00
20-04-24 18:01[icct.rl_helpers.eval_callback]INFO | (Eval ) num_timesteps=189000, Reward=-37.95 +/- 0.12, EpLength: 1600.00 +/- 0.00
20-04-24 18:02[icct.rl_helpers.eval_callback]INFO | (Eval ) num_timesteps=190500, Reward=-27.18 +/- 0.08, EpLength: 1600.00 +/- 0.00
20-04-24 18:03[icct.rl_helpers.eval_callback]INFO | (Eval ) num_timesteps=192000, Reward=-39.21 +/- 1.37, EpLength: 1600.00 +/- 0.00
20-04-24 18:04[icct.rl_helpers.eval_callback]INFO | (Train) Episode: 160, Avg Reward: -50.969354083367925, Best: -50.969354083367925
20-04-24 18:05[icct.rl_helpers.eval_callback]INFO | (Eval ) num_timesteps=193500, Reward=-38.60 +/- 0.17, EpLength: 1600.00 +/- 0.00
20-04-24 18:06[icct.rl_helpers.eval_callback]INFO | (Eval ) num_timesteps=195000, Reward=-38.12 +/- 2.92, EpLength: 1600.00 +/- 0.00
20-04-24 18:07[icct.rl_helpers.eval_callback]INFO | (Eval ) num_timesteps=196500, Reward=-36.38 +/- 6.42, EpLength: 1600.00 +/- 0.00
20-04-24 18:08[icct.rl_helpers.eval_callback]INFO | (Eval ) num_timesteps=198000, Reward=-52.38 +/- 0.21, EpLength: 1600.00 +/- 0.00
20-04-24 18:09[icct.rl_helpers.eval_callback]INFO | (Eval ) num_timesteps=199500, Reward=-38.90 +/- 0.01, EpLength: 1600.00 +/- 0.00
20-04-24 18:11[icct.rl_helpers.eval_callback]INFO | (Eval ) num_timesteps=201000, Reward=-39.73 +/- 2.88, EpLength: 1600.00 +/- 0.00
20-04-24 18:12[icct.rl_helpers.eval_callback]INFO | (Eval ) num_timesteps=202500, Reward=-35.24 +/- 2.06, EpLength: 1600.00 +/- 0.00
20-04-24 18:13[icct.rl_helpers.eval_callback]INFO | (Eval ) num_timesteps=204000, Reward=-53.30 +/- 2.69, EpLength: 1600.00 +/- 0.00
20-04-24 18:14[icct.rl_helpers.eval_callback]INFO | (Eval ) num_timesteps=205500, Reward=-46.76 +/- 1.84, EpLength: 1600.00 +/- 0.00
20-04-24 18:15[icct.rl_helpers.eval_callback]INFO | (Eval ) num_timesteps=207000, Reward=-57.71 +/- 0.11, EpLength: 1600.00 +/- 0.00
20-04-24 18:16[icct.rl_helpers.eval_callback]INFO | (Eval ) num_timesteps=208500, Reward=-46.55 +/- 0.50, EpLength: 1600.00 +/- 0.00
20-04-24 18:16[icct.rl_helpers.eval_callback]INFO | (Train) Episode: 170, Avg Reward: -45.983016346271526, Best: -45.983016346271526
20-04-24 18:17[icct.rl_helpers.eval_callback]INFO | (Eval ) num_timesteps=210000, Reward=-117.22 +/- 1.38, EpLength: 86.60 +/- 5.82
20-04-24 18:18[icct.rl_helpers.eval_callback]INFO | (Eval ) num_timesteps=211500, Reward=-113.10 +/- 4.06, EpLength: 62.40 +/- 10.86
20-04-24 18:18[icct.rl_helpers.eval_callback]INFO | (Train) Episode: 180, Avg Reward: -50.001974671381156, Best: -45.85933164880682
20-04-24 18:18[icct.rl_helpers.eval_callback]INFO | (Eval ) num_timesteps=213000, Reward=-131.38 +/- 0.22, EpLength: 1600.00 +/- 0.00
20-04-24 18:19[icct.rl_helpers.eval_callback]INFO | (Train) Episode: 190, Avg Reward: -56.561341838146944, Best: -45.85933164880682
20-04-24 18:20[icct.rl_helpers.eval_callback]INFO | (Eval ) num_timesteps=214500, Reward=-112.84 +/- 11.11, EpLength: 471.20 +/- 264.02
20-04-24 18:21[icct.rl_helpers.eval_callback]INFO | (Eval ) num_timesteps=216000, Reward=-110.31 +/- 0.09, EpLength: 53.60 +/- 0.49
20-04-24 18:22[icct.rl_helpers.eval_callback]INFO | (Eval ) num_timesteps=217500, Reward=-50.67 +/- 0.31, EpLength: 1600.00 +/- 0.00
20-04-24 18:23[icct.rl_helpers.eval_callback]INFO | (Eval ) num_timesteps=219000, Reward=-30.66 +/- 5.18, EpLength: 1600.00 +/- 0.00
20-04-24 18:24[icct.rl_helpers.eval_callback]INFO | (Eval ) num_timesteps=220500, Reward=-37.41 +/- 4.09, EpLength: 1600.00 +/- 0.00
20-04-24 18:25[icct.rl_helpers.eval_callback]INFO | (Eval ) num_timesteps=222000, Reward=-109.34 +/- 0.27, EpLength: 73.80 +/- 0.98
20-04-24 18:26[icct.rl_helpers.eval_callback]INFO | (Eval ) num_timesteps=223500, Reward=-142.24 +/- 2.44, EpLength: 261.20 +/- 21.48
20-04-24 18:27[icct.rl_helpers.eval_callback]INFO | (Train) Episode: 200, Avg Reward: -61.128528337782264, Best: -45.85933164880682
20-04-24 18:28[icct.rl_helpers.eval_callback]INFO | (Eval ) num_timesteps=225000, Reward=-107.29 +/- 0.50, EpLength: 46.20 +/- 0.40
20-04-24 18:28[icct.rl_helpers.eval_callback]INFO | (Eval ) num_timesteps=226500, Reward=-99.91 +/- 0.15, EpLength: 100.80 +/- 0.75
20-04-24 18:30[icct.rl_helpers.eval_callback]INFO | (Eval ) num_timesteps=228000, Reward=-121.10 +/- 0.63, EpLength: 1600.00 +/- 0.00
20-04-24 18:30[icct.rl_helpers.eval_callback]INFO | (Train) Episode: 210, Avg Reward: -69.61733372617114, Best: -45.85933164880682
20-04-24 18:31[icct.rl_helpers.eval_callback]INFO | (Eval ) num_timesteps=229500, Reward=-112.61 +/- 0.02, EpLength: 42.00 +/- 0.00
20-04-24 18:33[icct.rl_helpers.eval_callback]INFO | (Eval ) num_timesteps=231000, Reward=-54.56 +/- 6.07, EpLength: 1600.00 +/- 0.00
20-04-24 18:34[icct.rl_helpers.eval_callback]INFO | (Eval ) num_timesteps=232500, Reward=-95.34 +/- 6.85, EpLength: 1015.40 +/- 715.99
20-04-24 18:35[icct.rl_helpers.eval_callback]INFO | (Eval ) num_timesteps=234000, Reward=-95.76 +/- 6.40, EpLength: 1323.60 +/- 552.80
20-04-24 18:36[icct.rl_helpers.eval_callback]INFO | (Eval ) num_timesteps=235500, Reward=-56.07 +/- 0.43, EpLength: 1600.00 +/- 0.00
20-04-24 18:38[icct.rl_helpers.eval_callback]INFO | (Eval ) num_timesteps=237000, Reward=-93.69 +/- 30.28, EpLength: 359.20 +/- 620.40
20-04-24 18:39[icct.rl_helpers.eval_callback]INFO | (Eval ) num_timesteps=238500, Reward=-67.77 +/- 37.12, EpLength: 1600.00 +/- 0.00
20-04-24 18:40[icct.rl_helpers.eval_callback]INFO | (Eval ) num_timesteps=240000, Reward=-37.90 +/- 0.22, EpLength: 1600.00 +/- 0.00
20-04-24 18:42[icct.rl_helpers.eval_callback]INFO | (Train) Episode: 220, Avg Reward: -72.74747599338998, Best: -45.85933164880682
20-04-24 18:42[icct.rl_helpers.eval_callback]INFO | (Eval ) num_timesteps=241500, Reward=-39.55 +/- 6.62, EpLength: 1600.00 +/- 0.00
20-04-24 18:43[icct.rl_helpers.eval_callback]INFO | (Eval ) num_timesteps=243000, Reward=-47.05 +/- 10.43, EpLength: 1600.00 +/- 0.00
20-04-24 18:45[icct.rl_helpers.eval_callback]INFO | (Eval ) num_timesteps=244500, Reward=-47.66 +/- 9.10, EpLength: 1600.00 +/- 0.00
20-04-24 18:47[icct.rl_helpers.eval_callback]INFO | (Eval ) num_timesteps=246000, Reward=-34.85 +/- 6.35, EpLength: 1600.00 +/- 0.00
20-04-24 18:48[icct.rl_helpers.eval_callback]INFO | (Eval ) num_timesteps=247500, Reward=-61.71 +/- 2.22, EpLength: 1600.00 +/- 0.00
20-04-24 18:50[icct.rl_helpers.eval_callback]INFO | (Eval ) num_timesteps=249000, Reward=-49.72 +/- 15.61, EpLength: 1600.00 +/- 0.00
20-04-24 18:51[icct.rl_helpers.eval_callback]INFO | (Eval ) num_timesteps=250500, Reward=-34.77 +/- 1.76, EpLength: 1600.00 +/- 0.00
20-04-24 18:52[icct.rl_helpers.eval_callback]INFO | (Eval ) num_timesteps=252000, Reward=-36.35 +/- 10.37, EpLength: 1600.00 +/- 0.00
20-04-24 18:54[icct.rl_helpers.eval_callback]INFO | (Eval ) num_timesteps=253500, Reward=-19.31 +/- 1.48, EpLength: 1600.00 +/- 0.00
20-04-24 18:55[icct.rl_helpers.eval_callback]INFO | (Eval ) num_timesteps=255000, Reward=-26.18 +/- 5.81, EpLength: 1600.00 +/- 0.00
20-04-24 18:56[icct.rl_helpers.eval_callback]INFO | (Eval ) num_timesteps=256500, Reward=-28.19 +/- 11.52, EpLength: 1600.00 +/- 0.00
20-04-24 18:57[icct.rl_helpers.eval_callback]INFO | (Train) Episode: 230, Avg Reward: -73.50797813999638, Best: -45.85933164880682
20-04-24 18:58[icct.rl_helpers.eval_callback]INFO | (Eval ) num_timesteps=258000, Reward=-21.45 +/- 1.13, EpLength: 1600.00 +/- 0.00
20-04-24 18:59[icct.rl_helpers.eval_callback]INFO | (Eval ) num_timesteps=259500, Reward=-19.06 +/- 1.76, EpLength: 1600.00 +/- 0.00
20-04-24 19:00[icct.rl_helpers.eval_callback]INFO | (Eval ) num_timesteps=261000, Reward=-33.41 +/- 0.31, EpLength: 1600.00 +/- 0.00
20-04-24 19:02[icct.rl_helpers.eval_callback]INFO | (Eval ) num_timesteps=262500, Reward=-34.11 +/- 0.43, EpLength: 1600.00 +/- 0.00
20-04-24 19:03[icct.rl_helpers.eval_callback]INFO | (Eval ) num_timesteps=264000, Reward=-32.68 +/- 0.94, EpLength: 1600.00 +/- 0.00
20-04-24 19:04[icct.rl_helpers.eval_callback]INFO | (Eval ) num_timesteps=265500, Reward=-30.37 +/- 3.28, EpLength: 1600.00 +/- 0.00
20-04-24 19:06[icct.rl_helpers.eval_callback]INFO | (Eval ) num_timesteps=267000, Reward=-24.54 +/- 0.65, EpLength: 1600.00 +/- 0.00
20-04-24 19:07[icct.rl_helpers.eval_callback]INFO | (Eval ) num_timesteps=268500, Reward=-26.91 +/- 0.26, EpLength: 1600.00 +/- 0.00
20-04-24 19:09[icct.rl_helpers.eval_callback]INFO | (Eval ) num_timesteps=270000, Reward=-12.64 +/- 0.22, EpLength: 1600.00 +/- 0.00
20-04-24 19:09[icct.rl_helpers.eval_callback]INFO | (Save ) Storing Best Model: New best mean reward!
20-04-24 19:10[icct.rl_helpers.eval_callback]INFO | (Eval ) num_timesteps=271500, Reward=-39.23 +/- 7.70, EpLength: 1600.00 +/- 0.00
20-04-24 19:12[icct.rl_helpers.eval_callback]INFO | (Eval ) num_timesteps=273000, Reward=-29.16 +/- 7.58, EpLength: 1600.00 +/- 0.00
20-04-24 19:12[icct.rl_helpers.eval_callback]INFO | (Train) Episode: 240, Avg Reward: -74.04876906577803, Best: -45.85933164880682
20-04-24 19:13[icct.rl_helpers.eval_callback]INFO | (Eval ) num_timesteps=274500, Reward=-31.97 +/- 4.10, EpLength: 1600.00 +/- 0.00
20-04-24 19:15[icct.rl_helpers.eval_callback]INFO | (Eval ) num_timesteps=276000, Reward=-42.02 +/- 4.32, EpLength: 1600.00 +/- 0.00
20-04-24 19:16[icct.rl_helpers.eval_callback]INFO | (Eval ) num_timesteps=277500, Reward=-36.56 +/- 0.10, EpLength: 1600.00 +/- 0.00
20-04-24 19:18[icct.rl_helpers.eval_callback]INFO | (Eval ) num_timesteps=279000, Reward=-37.28 +/- 5.44, EpLength: 1600.00 +/- 0.00
20-04-24 19:19[icct.rl_helpers.eval_callback]INFO | (Eval ) num_timesteps=280500, Reward=-30.07 +/- 4.34, EpLength: 1600.00 +/- 0.00
20-04-24 19:20[icct.rl_helpers.eval_callback]INFO | (Eval ) num_timesteps=282000, Reward=-45.31 +/- 13.72, EpLength: 1600.00 +/- 0.00
20-04-24 19:22[icct.rl_helpers.eval_callback]INFO | (Eval ) num_timesteps=283500, Reward=-43.52 +/- 0.02, EpLength: 1600.00 +/- 0.00
20-04-24 19:23[icct.rl_helpers.eval_callback]INFO | (Eval ) num_timesteps=285000, Reward=-26.97 +/- 1.74, EpLength: 1600.00 +/- 0.00
20-04-24 19:24[icct.rl_helpers.eval_callback]INFO | (Eval ) num_timesteps=286500, Reward=-36.99 +/- 3.70, EpLength: 1600.00 +/- 0.00
20-04-24 19:26[icct.rl_helpers.eval_callback]INFO | (Eval ) num_timesteps=288000, Reward=-12.58 +/- 0.08, EpLength: 1600.00 +/- 0.00
20-04-24 19:26[icct.rl_helpers.eval_callback]INFO | (Save ) Storing Best Model: New best mean reward!
20-04-24 19:27[icct.rl_helpers.eval_callback]INFO | (Train) Episode: 250, Avg Reward: -70.33289860855487, Best: -45.85933164880682
20-04-24 19:28[icct.rl_helpers.eval_callback]INFO | (Eval ) num_timesteps=289500, Reward=-26.10 +/- 2.47, EpLength: 1600.00 +/- 0.00
20-04-24 19:29[icct.rl_helpers.eval_callback]INFO | (Eval ) num_timesteps=291000, Reward=-25.61 +/- 0.95, EpLength: 1600.00 +/- 0.00
20-04-24 19:30[icct.rl_helpers.eval_callback]INFO | (Eval ) num_timesteps=292500, Reward=-21.79 +/- 5.90, EpLength: 1600.00 +/- 0.00
20-04-24 19:32[icct.rl_helpers.eval_callback]INFO | (Eval ) num_timesteps=294000, Reward=-38.62 +/- 2.12, EpLength: 1600.00 +/- 0.00
20-04-24 19:33[icct.rl_helpers.eval_callback]INFO | (Eval ) num_timesteps=295500, Reward=-46.80 +/- 2.15, EpLength: 1600.00 +/- 0.00
20-04-24 19:34[icct.rl_helpers.eval_callback]INFO | (Eval ) num_timesteps=297000, Reward=-37.61 +/- 1.34, EpLength: 1600.00 +/- 0.00
20-04-24 19:36[icct.rl_helpers.eval_callback]INFO | (Eval ) num_timesteps=298500, Reward=-26.92 +/- 1.66, EpLength: 1600.00 +/- 0.00
20-04-24 19:37[icct.rl_helpers.eval_callback]INFO | (Eval ) num_timesteps=300000, Reward=-26.15 +/- 0.73, EpLength: 1600.00 +/- 0.00
20-04-24 19:38[icct.rl_helpers.eval_callback]INFO | (Eval ) num_timesteps=301500, Reward=-24.33 +/- 2.09, EpLength: 1600.00 +/- 0.00
20-04-24 19:39[icct.rl_helpers.eval_callback]INFO | (Eval ) num_timesteps=303000, Reward=-28.84 +/- 2.87, EpLength: 1600.00 +/- 0.00
20-04-24 19:41[icct.rl_helpers.eval_callback]INFO | (Eval ) num_timesteps=304500, Reward=-25.18 +/- 1.33, EpLength: 1600.00 +/- 0.00
20-04-24 19:41[icct.rl_helpers.eval_callback]INFO | (Train) Episode: 260, Avg Reward: -68.85766253183013, Best: -45.85933164880682
20-04-24 19:42[icct.rl_helpers.eval_callback]INFO | (Eval ) num_timesteps=306000, Reward=-45.34 +/- 6.68, EpLength: 1600.00 +/- 0.00
20-04-24 19:43[icct.rl_helpers.eval_callback]INFO | (Eval ) num_timesteps=307500, Reward=-34.81 +/- 0.69, EpLength: 1600.00 +/- 0.00
20-04-24 19:45[icct.rl_helpers.eval_callback]INFO | (Eval ) num_timesteps=309000, Reward=-20.71 +/- 1.49, EpLength: 1600.00 +/- 0.00
20-04-24 19:46[icct.rl_helpers.eval_callback]INFO | (Eval ) num_timesteps=310500, Reward=-49.13 +/- 21.19, EpLength: 1600.00 +/- 0.00
20-04-24 19:47[icct.rl_helpers.eval_callback]INFO | (Eval ) num_timesteps=312000, Reward=-24.46 +/- 2.23, EpLength: 1600.00 +/- 0.00
20-04-24 19:48[icct.rl_helpers.eval_callback]INFO | (Eval ) num_timesteps=313500, Reward=-42.45 +/- 4.56, EpLength: 1600.00 +/- 0.00
20-04-24 19:50[icct.rl_helpers.eval_callback]INFO | (Eval ) num_timesteps=315000, Reward=-44.98 +/- 1.29, EpLength: 1600.00 +/- 0.00
20-04-24 19:51[icct.rl_helpers.eval_callback]INFO | (Eval ) num_timesteps=316500, Reward=-11.41 +/- 3.45, EpLength: 1600.00 +/- 0.00
20-04-24 19:51[icct.rl_helpers.eval_callback]INFO | (Save ) Storing Best Model: New best mean reward!
20-04-24 19:53[icct.rl_helpers.eval_callback]INFO | (Eval ) num_timesteps=318000, Reward=-36.52 +/- 2.03, EpLength: 1600.00 +/- 0.00
20-04-24 19:54[icct.rl_helpers.eval_callback]INFO | (Eval ) num_timesteps=319500, Reward=-32.30 +/- 0.16, EpLength: 1600.00 +/- 0.00
20-04-24 19:55[icct.rl_helpers.eval_callback]INFO | (Eval ) num_timesteps=321000, Reward=-36.79 +/- 1.04, EpLength: 1600.00 +/- 0.00
20-04-24 19:55[icct.rl_helpers.eval_callback]INFO | (Train) Episode: 270, Avg Reward: -68.07292577936894, Best: -45.85933164880682
20-04-24 19:56[icct.rl_helpers.eval_callback]INFO | (Eval ) num_timesteps=322500, Reward=-39.55 +/- 3.26, EpLength: 1600.00 +/- 0.00
20-04-24 19:58[icct.rl_helpers.eval_callback]INFO | (Eval ) num_timesteps=324000, Reward=-49.37 +/- 11.25, EpLength: 1600.00 +/- 0.00
20-04-24 19:59[icct.rl_helpers.eval_callback]INFO | (Eval ) num_timesteps=325500, Reward=-45.26 +/- 11.09, EpLength: 1600.00 +/- 0.00
20-04-24 20:00[icct.rl_helpers.eval_callback]INFO | (Eval ) num_timesteps=327000, Reward=-54.29 +/- 0.25, EpLength: 1600.00 +/- 0.00
20-04-24 20:02[icct.rl_helpers.eval_callback]INFO | (Eval ) num_timesteps=328500, Reward=-29.87 +/- 0.97, EpLength: 1600.00 +/- 0.00
20-04-24 20:03[icct.rl_helpers.eval_callback]INFO | (Eval ) num_timesteps=330000, Reward=-58.61 +/- 0.09, EpLength: 1600.00 +/- 0.00
20-04-24 20:05[icct.rl_helpers.eval_callback]INFO | (Eval ) num_timesteps=331500, Reward=-20.63 +/- 2.02, EpLength: 1600.00 +/- 0.00
20-04-24 20:06[icct.rl_helpers.eval_callback]INFO | (Eval ) num_timesteps=333000, Reward=-36.06 +/- 0.18, EpLength: 1600.00 +/- 0.00
20-04-24 20:08[icct.rl_helpers.eval_callback]INFO | (Eval ) num_timesteps=334500, Reward=-38.96 +/- 2.14, EpLength: 1600.00 +/- 0.00
20-04-24 20:09[icct.rl_helpers.eval_callback]INFO | (Eval ) num_timesteps=336000, Reward=-34.73 +/- 0.11, EpLength: 1600.00 +/- 0.00
20-04-24 20:10[icct.rl_helpers.eval_callback]INFO | (Train) Episode: 280, Avg Reward: -60.97684397485751, Best: -45.85933164880682
20-04-24 20:11[icct.rl_helpers.eval_callback]INFO | (Eval ) num_timesteps=337500, Reward=-37.59 +/- 0.28, EpLength: 1600.00 +/- 0.00
20-04-24 20:12[icct.rl_helpers.eval_callback]INFO | (Eval ) num_timesteps=339000, Reward=-32.11 +/- 5.30, EpLength: 1600.00 +/- 0.00
20-04-24 20:14[icct.rl_helpers.eval_callback]INFO | (Eval ) num_timesteps=340500, Reward=-49.40 +/- 20.97, EpLength: 1600.00 +/- 0.00
20-04-24 20:15[icct.rl_helpers.eval_callback]INFO | (Eval ) num_timesteps=342000, Reward=-32.69 +/- 3.12, EpLength: 1600.00 +/- 0.00
20-04-24 20:16[icct.rl_helpers.eval_callback]INFO | (Eval ) num_timesteps=343500, Reward=-35.20 +/- 3.11, EpLength: 1600.00 +/- 0.00
20-04-24 20:18[icct.rl_helpers.eval_callback]INFO | (Eval ) num_timesteps=345000, Reward=-47.39 +/- 0.01, EpLength: 1600.00 +/- 0.00
20-04-24 20:20[icct.rl_helpers.eval_callback]INFO | (Eval ) num_timesteps=346500, Reward=-16.13 +/- 4.81, EpLength: 1600.00 +/- 0.00
20-04-24 20:21[icct.rl_helpers.eval_callback]INFO | (Eval ) num_timesteps=348000, Reward=-35.50 +/- 0.33, EpLength: 1600.00 +/- 0.00
20-04-24 20:22[icct.rl_helpers.eval_callback]INFO | (Eval ) num_timesteps=349500, Reward=-51.22 +/- 14.41, EpLength: 1600.00 +/- 0.00
20-04-24 20:24[icct.rl_helpers.eval_callback]INFO | (Eval ) num_timesteps=351000, Reward=3.98 +/- 0.94, EpLength: 1600.00 +/- 0.00
20-04-24 20:24[icct.rl_helpers.eval_callback]INFO | (Save ) Storing Best Model: New best mean reward!
20-04-24 20:25[icct.rl_helpers.eval_callback]INFO | (Eval ) num_timesteps=352500, Reward=-15.88 +/- 5.04, EpLength: 1600.00 +/- 0.00
20-04-24 20:26[icct.rl_helpers.eval_callback]INFO | (Train) Episode: 290, Avg Reward: -52.39740701959461, Best: -45.85933164880682
20-04-24 20:26[icct.rl_helpers.eval_callback]INFO | (Eval ) num_timesteps=354000, Reward=-30.73 +/- 4.55, EpLength: 1600.00 +/- 0.00
20-04-24 20:28[icct.rl_helpers.eval_callback]INFO | (Eval ) num_timesteps=355500, Reward=-41.28 +/- 1.32, EpLength: 1600.00 +/- 0.00
20-04-24 20:29[icct.rl_helpers.eval_callback]INFO | (Eval ) num_timesteps=357000, Reward=-42.36 +/- 0.29, EpLength: 1600.00 +/- 0.00
20-04-24 20:31[icct.rl_helpers.eval_callback]INFO | (Eval ) num_timesteps=358500, Reward=-36.84 +/- 8.39, EpLength: 1600.00 +/- 0.00
20-04-24 20:32[icct.rl_helpers.eval_callback]INFO | (Eval ) num_timesteps=360000, Reward=-21.02 +/- 0.31, EpLength: 1600.00 +/- 0.00
20-04-24 20:33[icct.rl_helpers.eval_callback]INFO | (Eval ) num_timesteps=361500, Reward=-30.98 +/- 3.63, EpLength: 1600.00 +/- 0.00
20-04-24 20:35[icct.rl_helpers.eval_callback]INFO | (Eval ) num_timesteps=363000, Reward=-42.32 +/- 1.87, EpLength: 1600.00 +/- 0.00
20-04-24 20:36[icct.rl_helpers.eval_callback]INFO | (Eval ) num_timesteps=364500, Reward=-29.17 +/- 1.68, EpLength: 1600.00 +/- 0.00
20-04-24 20:37[icct.rl_helpers.eval_callback]INFO | (Eval ) num_timesteps=366000, Reward=-35.24 +/- 3.09, EpLength: 1600.00 +/- 0.00
20-04-24 20:38[icct.rl_helpers.eval_callback]INFO | (Eval ) num_timesteps=367500, Reward=-44.60 +/- 6.21, EpLength: 1600.00 +/- 0.00
20-04-24 20:40[icct.rl_helpers.eval_callback]INFO | (Eval ) num_timesteps=369000, Reward=-31.79 +/- 3.12, EpLength: 1600.00 +/- 0.00
20-04-24 20:40[icct.rl_helpers.eval_callback]INFO | (Train) Episode: 300, Avg Reward: -46.77375678237208, Best: -45.85933164880682
20-04-24 20:41[icct.rl_helpers.eval_callback]INFO | (Eval ) num_timesteps=370500, Reward=-38.09 +/- 0.22, EpLength: 1600.00 +/- 0.00
20-04-24 20:42[icct.rl_helpers.eval_callback]INFO | (Eval ) num_timesteps=372000, Reward=-42.23 +/- 0.68, EpLength: 1600.00 +/- 0.00
20-04-24 20:44[icct.rl_helpers.eval_callback]INFO | (Eval ) num_timesteps=373500, Reward=-37.13 +/- 2.30, EpLength: 1600.00 +/- 0.00
20-04-24 20:45[icct.rl_helpers.eval_callback]INFO | (Eval ) num_timesteps=375000, Reward=-5.80 +/- 2.48, EpLength: 1600.00 +/- 0.00
20-04-24 20:46[icct.rl_helpers.eval_callback]INFO | (Eval ) num_timesteps=376500, Reward=-132.64 +/- 10.23, EpLength: 229.20 +/- 34.09
20-04-24 20:48[icct.rl_helpers.eval_callback]INFO | (Eval ) num_timesteps=378000, Reward=-32.60 +/- 7.30, EpLength: 1600.00 +/- 0.00
20-04-24 20:49[icct.rl_helpers.eval_callback]INFO | (Eval ) num_timesteps=379500, Reward=-40.07 +/- 5.09, EpLength: 1600.00 +/- 0.00
20-04-24 20:50[icct.rl_helpers.eval_callback]INFO | (Eval ) num_timesteps=381000, Reward=-46.15 +/- 2.75, EpLength: 1600.00 +/- 0.00
20-04-24 20:51[icct.rl_helpers.eval_callback]INFO | (Train) Episode: 310, Avg Reward: -39.01466118813277, Best: -39.01466118813277
20-04-24 20:52[icct.rl_helpers.eval_callback]INFO | (Eval ) num_timesteps=382500, Reward=-32.29 +/- 1.25, EpLength: 1600.00 +/- 0.00
20-04-24 20:53[icct.rl_helpers.eval_callback]INFO | (Eval ) num_timesteps=384000, Reward=-19.38 +/- 0.47, EpLength: 1600.00 +/- 0.00
20-04-24 20:54[icct.rl_helpers.eval_callback]INFO | (Eval ) num_timesteps=385500, Reward=-31.46 +/- 9.59, EpLength: 1600.00 +/- 0.00
20-04-24 20:56[icct.rl_helpers.eval_callback]INFO | (Eval ) num_timesteps=387000, Reward=-36.85 +/- 2.21, EpLength: 1600.00 +/- 0.00
20-04-24 20:57[icct.rl_helpers.eval_callback]INFO | (Eval ) num_timesteps=388500, Reward=-22.57 +/- 2.11, EpLength: 1600.00 +/- 0.00
20-04-24 20:58[icct.rl_helpers.eval_callback]INFO | (Eval ) num_timesteps=390000, Reward=-35.01 +/- 2.60, EpLength: 1600.00 +/- 0.00
20-04-24 21:00[icct.rl_helpers.eval_callback]INFO | (Eval ) num_timesteps=391500, Reward=-27.67 +/- 1.04, EpLength: 1600.00 +/- 0.00
20-04-24 21:01[icct.rl_helpers.eval_callback]INFO | (Eval ) num_timesteps=393000, Reward=-34.48 +/- 1.59, EpLength: 1600.00 +/- 0.00
20-04-24 21:03[icct.rl_helpers.eval_callback]INFO | (Eval ) num_timesteps=394500, Reward=-32.45 +/- 0.95, EpLength: 1600.00 +/- 0.00
20-04-24 21:04[icct.rl_helpers.eval_callback]INFO | (Eval ) num_timesteps=396000, Reward=-24.96 +/- 1.03, EpLength: 1600.00 +/- 0.00
20-04-24 21:06[icct.rl_helpers.eval_callback]INFO | (Eval ) num_timesteps=397500, Reward=-31.32 +/- 3.07, EpLength: 1600.00 +/- 0.00
20-04-24 21:06[icct.rl_helpers.eval_callback]INFO | (Train) Episode: 320, Avg Reward: -35.7109813927517, Best: -35.7109813927517
20-04-24 21:07[icct.rl_helpers.eval_callback]INFO | (Eval ) num_timesteps=399000, Reward=-41.88 +/- 1.30, EpLength: 1600.00 +/- 0.00
20-04-24 21:09[icct.rl_helpers.eval_callback]INFO | (Eval ) num_timesteps=400500, Reward=-15.30 +/- 0.60, EpLength: 1600.00 +/- 0.00
20-04-24 21:10[icct.rl_helpers.eval_callback]INFO | (Eval ) num_timesteps=402000, Reward=-34.21 +/- 0.16, EpLength: 1600.00 +/- 0.00
20-04-24 21:11[icct.rl_helpers.eval_callback]INFO | (Eval ) num_timesteps=403500, Reward=-40.26 +/- 0.72, EpLength: 1600.00 +/- 0.00
20-04-24 21:13[icct.rl_helpers.eval_callback]INFO | (Eval ) num_timesteps=405000, Reward=-42.79 +/- 1.18, EpLength: 1600.00 +/- 0.00
20-04-24 21:14[icct.rl_helpers.eval_callback]INFO | (Eval ) num_timesteps=406500, Reward=-32.92 +/- 3.65, EpLength: 1600.00 +/- 0.00
20-04-24 21:16[icct.rl_helpers.eval_callback]INFO | (Eval ) num_timesteps=408000, Reward=-31.38 +/- 0.29, EpLength: 1600.00 +/- 0.00
20-04-24 21:17[icct.rl_helpers.eval_callback]INFO | (Eval ) num_timesteps=409500, Reward=-34.60 +/- 1.93, EpLength: 1600.00 +/- 0.00
20-04-24 21:19[icct.rl_helpers.eval_callback]INFO | (Eval ) num_timesteps=411000, Reward=-33.48 +/- 0.96, EpLength: 1600.00 +/- 0.00
20-04-24 21:20[icct.rl_helpers.eval_callback]INFO | (Eval ) num_timesteps=412500, Reward=-39.94 +/- 0.04, EpLength: 1600.00 +/- 0.00
20-04-24 21:22[icct.rl_helpers.eval_callback]INFO | (Eval ) num_timesteps=414000, Reward=-38.54 +/- 6.09, EpLength: 1600.00 +/- 0.00
20-04-24 21:22[icct.rl_helpers.eval_callback]INFO | (Train) Episode: 330, Avg Reward: -35.346371796394244, Best: -34.856167623703435
20-04-24 21:23[icct.rl_helpers.eval_callback]INFO | (Eval ) num_timesteps=415500, Reward=-23.33 +/- 0.17, EpLength: 1600.00 +/- 0.00
20-04-24 21:24[icct.rl_helpers.eval_callback]INFO | (Eval ) num_timesteps=417000, Reward=-28.37 +/- 2.91, EpLength: 1600.00 +/- 0.00
20-04-24 21:26[icct.rl_helpers.eval_callback]INFO | (Eval ) num_timesteps=418500, Reward=-39.59 +/- 0.85, EpLength: 1600.00 +/- 0.00
20-04-24 21:27[icct.rl_helpers.eval_callback]INFO | (Eval ) num_timesteps=420000, Reward=-23.53 +/- 3.15, EpLength: 1600.00 +/- 0.00
20-04-24 21:28[icct.rl_helpers.eval_callback]INFO | (Eval ) num_timesteps=421500, Reward=-35.88 +/- 5.18, EpLength: 1600.00 +/- 0.00
20-04-24 21:30[icct.rl_helpers.eval_callback]INFO | (Eval ) num_timesteps=423000, Reward=-39.99 +/- 4.21, EpLength: 1600.00 +/- 0.00
20-04-24 21:31[icct.rl_helpers.eval_callback]INFO | (Eval ) num_timesteps=424500, Reward=-7.83 +/- 1.69, EpLength: 1600.00 +/- 0.00
20-04-24 21:32[icct.rl_helpers.eval_callback]INFO | (Eval ) num_timesteps=426000, Reward=-8.18 +/- 2.24, EpLength: 1600.00 +/- 0.00
20-04-24 21:34[icct.rl_helpers.eval_callback]INFO | (Eval ) num_timesteps=427500, Reward=-41.99 +/- 4.67, EpLength: 1600.00 +/- 0.00
20-04-24 21:35[icct.rl_helpers.eval_callback]INFO | (Eval ) num_timesteps=429000, Reward=-37.87 +/- 14.45, EpLength: 1600.00 +/- 0.00
20-04-24 21:36[icct.rl_helpers.eval_callback]INFO | (Train) Episode: 340, Avg Reward: -34.99271233654729, Best: -34.856167623703435
20-04-24 21:37[icct.rl_helpers.eval_callback]INFO | (Eval ) num_timesteps=430500, Reward=-34.04 +/- 2.90, EpLength: 1600.00 +/- 0.00
20-04-24 21:38[icct.rl_helpers.eval_callback]INFO | (Eval ) num_timesteps=432000, Reward=-30.14 +/- 16.47, EpLength: 1600.00 +/- 0.00
20-04-24 21:40[icct.rl_helpers.eval_callback]INFO | (Eval ) num_timesteps=433500, Reward=-30.21 +/- 16.99, EpLength: 1600.00 +/- 0.00
20-04-24 21:41[icct.rl_helpers.eval_callback]INFO | (Eval ) num_timesteps=435000, Reward=-40.38 +/- 1.16, EpLength: 1600.00 +/- 0.00
20-04-24 21:43[icct.rl_helpers.eval_callback]INFO | (Eval ) num_timesteps=436500, Reward=-41.37 +/- 0.11, EpLength: 1600.00 +/- 0.00
20-04-24 21:44[icct.rl_helpers.eval_callback]INFO | (Eval ) num_timesteps=438000, Reward=-41.36 +/- 0.93, EpLength: 1600.00 +/- 0.00
20-04-24 21:46[icct.rl_helpers.eval_callback]INFO | (Eval ) num_timesteps=439500, Reward=-30.79 +/- 3.44, EpLength: 1600.00 +/- 0.00
20-04-24 21:47[icct.rl_helpers.eval_callback]INFO | (Eval ) num_timesteps=441000, Reward=-35.49 +/- 8.50, EpLength: 1600.00 +/- 0.00
20-04-24 21:49[icct.rl_helpers.eval_callback]INFO | (Eval ) num_timesteps=442500, Reward=-8.59 +/- 0.85, EpLength: 1600.00 +/- 0.00
20-04-24 21:50[icct.rl_helpers.eval_callback]INFO | (Eval ) num_timesteps=444000, Reward=-11.83 +/- 3.57, EpLength: 1600.00 +/- 0.00
20-04-24 21:52[icct.rl_helpers.eval_callback]INFO | (Eval ) num_timesteps=445500, Reward=-36.50 +/- 1.91, EpLength: 1600.00 +/- 0.00
20-04-24 21:53[icct.rl_helpers.eval_callback]INFO | (Train) Episode: 350, Avg Reward: -33.508601273747544, Best: -33.508601273747544
20-04-24 21:53[icct.rl_helpers.eval_callback]INFO | (Eval ) num_timesteps=447000, Reward=-41.14 +/- 0.15, EpLength: 1600.00 +/- 0.00
20-04-24 21:55[icct.rl_helpers.eval_callback]INFO | (Eval ) num_timesteps=448500, Reward=-37.58 +/- 15.10, EpLength: 1600.00 +/- 0.00
20-04-24 21:56[icct.rl_helpers.eval_callback]INFO | (Eval ) num_timesteps=450000, Reward=-13.98 +/- 18.92, EpLength: 1600.00 +/- 0.00
20-04-24 21:57[icct.rl_helpers.eval_callback]INFO | (Eval ) num_timesteps=451500, Reward=4.91 +/- 2.26, EpLength: 1600.00 +/- 0.00
20-04-24 21:57[icct.rl_helpers.eval_callback]INFO | (Save ) Storing Best Model: New best mean reward!
20-04-24 21:59[icct.rl_helpers.eval_callback]INFO | (Eval ) num_timesteps=453000, Reward=-4.51 +/- 6.99, EpLength: 1600.00 +/- 0.00
20-04-24 22:00[icct.rl_helpers.eval_callback]INFO | (Eval ) num_timesteps=454500, Reward=4.75 +/- 1.89, EpLength: 1600.00 +/- 0.00
20-04-24 22:00[icct.rl_helpers.eval_callback]INFO | (Train) Episode: 360, Avg Reward: -36.815877941192156, Best: -33.508601273747544
20-04-24 22:01[icct.rl_helpers.eval_callback]INFO | (Eval ) num_timesteps=456000, Reward=16.58 +/- 0.99, EpLength: 1600.00 +/- 0.00
20-04-24 22:01[icct.rl_helpers.eval_callback]INFO | (Save ) Storing Best Model: New best mean reward!
20-04-24 22:02[icct.rl_helpers.eval_callback]INFO | (Eval ) num_timesteps=457500, Reward=-1.38 +/- 24.88, EpLength: 1600.00 +/- 0.00
20-04-24 22:03[icct.rl_helpers.eval_callback]INFO | (Eval ) num_timesteps=459000, Reward=-43.36 +/- 4.43, EpLength: 1600.00 +/- 0.00
20-04-24 22:05[icct.rl_helpers.eval_callback]INFO | (Eval ) num_timesteps=460500, Reward=-8.90 +/- 12.28, EpLength: 1600.00 +/- 0.00
20-04-24 22:06[icct.rl_helpers.eval_callback]INFO | (Eval ) num_timesteps=462000, Reward=-19.59 +/- 14.64, EpLength: 1600.00 +/- 0.00
20-04-24 22:08[icct.rl_helpers.eval_callback]INFO | (Eval ) num_timesteps=463500, Reward=-32.24 +/- 11.91, EpLength: 1600.00 +/- 0.00
20-04-24 22:09[icct.rl_helpers.eval_callback]INFO | (Eval ) num_timesteps=465000, Reward=-20.47 +/- 3.76, EpLength: 1600.00 +/- 0.00
20-04-24 22:11[icct.rl_helpers.eval_callback]INFO | (Eval ) num_timesteps=466500, Reward=-25.65 +/- 8.20, EpLength: 1600.00 +/- 0.00
20-04-24 22:12[icct.rl_helpers.eval_callback]INFO | (Eval ) num_timesteps=468000, Reward=-39.38 +/- 4.96, EpLength: 1600.00 +/- 0.00
20-04-24 22:14[icct.rl_helpers.eval_callback]INFO | (Eval ) num_timesteps=469500, Reward=15.40 +/- 2.61, EpLength: 1600.00 +/- 0.00
20-04-24 22:15[icct.rl_helpers.eval_callback]INFO | (Train) Episode: 370, Avg Reward: -34.14909361925972, Best: -33.508601273747544
20-04-24 22:15[icct.rl_helpers.eval_callback]INFO | (Eval ) num_timesteps=471000, Reward=-14.38 +/- 23.36, EpLength: 1600.00 +/- 0.00
20-04-24 22:16[icct.rl_helpers.eval_callback]INFO | (Eval ) num_timesteps=472500, Reward=-23.22 +/- 12.64, EpLength: 1600.00 +/- 0.00
20-04-24 22:17[icct.rl_helpers.eval_callback]INFO | (Eval ) num_timesteps=474000, Reward=-51.24 +/- 0.35, EpLength: 1600.00 +/- 0.00
20-04-24 22:19[icct.rl_helpers.eval_callback]INFO | (Eval ) num_timesteps=475500, Reward=20.11 +/- 1.76, EpLength: 1600.00 +/- 0.00
20-04-24 22:19[icct.rl_helpers.eval_callback]INFO | (Save ) Storing Best Model: New best mean reward!
20-04-24 22:20[icct.rl_helpers.eval_callback]INFO | (Eval ) num_timesteps=477000, Reward=3.54 +/- 0.80, EpLength: 1600.00 +/- 0.00
20-04-24 22:21[icct.rl_helpers.eval_callback]INFO | (Eval ) num_timesteps=478500, Reward=-51.49 +/- 3.14, EpLength: 1600.00 +/- 0.00
20-04-24 22:22[icct.rl_helpers.eval_callback]INFO | (Eval ) num_timesteps=480000, Reward=12.59 +/- 1.38, EpLength: 1600.00 +/- 0.00
20-04-24 22:23[icct.rl_helpers.eval_callback]INFO | (Eval ) num_timesteps=481500, Reward=-12.58 +/- 7.83, EpLength: 1600.00 +/- 0.00
20-04-24 22:23[icct.rl_helpers.eval_callback]INFO | (Eval ) num_timesteps=483000, Reward=-37.01 +/- 14.45, EpLength: 1600.00 +/- 0.00
20-04-24 22:25[icct.rl_helpers.eval_callback]INFO | (Eval ) num_timesteps=484500, Reward=-15.36 +/- 8.95, EpLength: 1600.00 +/- 0.00
20-04-24 22:26[icct.rl_helpers.eval_callback]INFO | (Eval ) num_timesteps=486000, Reward=-0.95 +/- 1.54, EpLength: 1600.00 +/- 0.00
20-04-24 22:26[icct.rl_helpers.eval_callback]INFO | (Train) Episode: 380, Avg Reward: -31.65348218302625, Best: -31.65348218302625
20-04-24 22:27[icct.rl_helpers.eval_callback]INFO | (Eval ) num_timesteps=487500, Reward=6.78 +/- 1.50, EpLength: 1600.00 +/- 0.00
20-04-24 22:28[icct.rl_helpers.eval_callback]INFO | (Eval ) num_timesteps=489000, Reward=9.95 +/- 6.71, EpLength: 1600.00 +/- 0.00
20-04-24 22:30[icct.rl_helpers.eval_callback]INFO | (Eval ) num_timesteps=490500, Reward=4.51 +/- 1.73, EpLength: 1600.00 +/- 0.00
20-04-24 22:31[icct.rl_helpers.eval_callback]INFO | (Eval ) num_timesteps=492000, Reward=-15.78 +/- 17.96, EpLength: 1600.00 +/- 0.00
20-04-24 22:33[icct.rl_helpers.eval_callback]INFO | (Eval ) num_timesteps=493500, Reward=-42.09 +/- 5.29, EpLength: 1600.00 +/- 0.00
20-04-24 22:34[icct.rl_helpers.eval_callback]INFO | (Eval ) num_timesteps=495000, Reward=-42.16 +/- 3.15, EpLength: 1600.00 +/- 0.00
20-04-24 22:36[icct.rl_helpers.eval_callback]INFO | (Eval ) num_timesteps=496500, Reward=-12.62 +/- 13.29, EpLength: 1600.00 +/- 0.00
20-04-24 22:37[icct.rl_helpers.eval_callback]INFO | (Eval ) num_timesteps=498000, Reward=-37.61 +/- 11.27, EpLength: 1600.00 +/- 0.00
20-04-24 22:38[icct.rl_helpers.eval_callback]INFO | (Eval ) num_timesteps=499500, Reward=-46.20 +/- 0.14, EpLength: 1600.00 +/- 0.00
20-04-24 22:40[icct.rl_helpers.eval_callback]INFO | (Eval ) num_timesteps=501000, Reward=-44.23 +/- 0.07, EpLength: 1600.00 +/- 0.00
20-04-24 22:41[icct.rl_helpers.eval_callback]INFO | (Eval ) num_timesteps=502500, Reward=-61.47 +/- 0.01, EpLength: 1600.00 +/- 0.00
20-04-24 22:41[icct.rl_helpers.eval_callback]INFO | (Train) Episode: 390, Avg Reward: -31.04173361585607, Best: -30.59804506066244
20-04-24 22:42[icct.rl_helpers.eval_callback]INFO | (Eval ) num_timesteps=504000, Reward=-14.27 +/- 9.61, EpLength: 1600.00 +/- 0.00
20-04-24 22:44[icct.rl_helpers.eval_callback]INFO | (Eval ) num_timesteps=505500, Reward=-27.13 +/- 4.26, EpLength: 1600.00 +/- 0.00
20-04-24 22:45[icct.rl_helpers.eval_callback]INFO | (Eval ) num_timesteps=507000, Reward=-12.75 +/- 2.74, EpLength: 1600.00 +/- 0.00
20-04-24 22:47[icct.rl_helpers.eval_callback]INFO | (Eval ) num_timesteps=508500, Reward=-5.78 +/- 3.27, EpLength: 1600.00 +/- 0.00
20-04-24 22:48[icct.rl_helpers.eval_callback]INFO | (Eval ) num_timesteps=510000, Reward=-11.53 +/- 11.03, EpLength: 1600.00 +/- 0.00
20-04-24 22:50[icct.rl_helpers.eval_callback]INFO | (Eval ) num_timesteps=511500, Reward=-49.28 +/- 16.55, EpLength: 1600.00 +/- 0.00
20-04-24 22:51[icct.rl_helpers.eval_callback]INFO | (Eval ) num_timesteps=513000, Reward=-40.80 +/- 10.80, EpLength: 1600.00 +/- 0.00
20-04-24 22:53[icct.rl_helpers.eval_callback]INFO | (Eval ) num_timesteps=514500, Reward=19.83 +/- 1.87, EpLength: 1600.00 +/- 0.00
20-04-24 22:54[icct.rl_helpers.eval_callback]INFO | (Eval ) num_timesteps=516000, Reward=3.37 +/- 23.13, EpLength: 1600.00 +/- 0.00
20-04-24 22:55[icct.rl_helpers.eval_callback]INFO | (Eval ) num_timesteps=517500, Reward=37.92 +/- 2.66, EpLength: 1600.00 +/- 0.00
20-04-24 22:55[icct.rl_helpers.eval_callback]INFO | (Save ) Storing Best Model: New best mean reward!
20-04-24 22:56[icct.rl_helpers.eval_callback]INFO | (Train) Episode: 400, Avg Reward: -28.99711506029986, Best: -28.99711506029986
20-04-24 22:57[icct.rl_helpers.eval_callback]INFO | (Eval ) num_timesteps=519000, Reward=-27.50 +/- 17.09, EpLength: 1600.00 +/- 0.00
20-04-24 22:58[icct.rl_helpers.eval_callback]INFO | (Eval ) num_timesteps=520500, Reward=-19.98 +/- 2.58, EpLength: 1600.00 +/- 0.00
20-04-24 23:00[icct.rl_helpers.eval_callback]INFO | (Eval ) num_timesteps=522000, Reward=-13.52 +/- 2.68, EpLength: 1600.00 +/- 0.00
20-04-24 23:01[icct.rl_helpers.eval_callback]INFO | (Eval ) num_timesteps=523500, Reward=-5.25 +/- 5.22, EpLength: 1600.00 +/- 0.00
20-04-24 23:03[icct.rl_helpers.eval_callback]INFO | (Eval ) num_timesteps=525000, Reward=4.16 +/- 0.49, EpLength: 1600.00 +/- 0.00
20-04-24 23:04[icct.rl_helpers.eval_callback]INFO | (Eval ) num_timesteps=526500, Reward=6.27 +/- 2.80, EpLength: 1600.00 +/- 0.00
20-04-24 23:05[icct.rl_helpers.eval_callback]INFO | (Eval ) num_timesteps=528000, Reward=16.57 +/- 3.05, EpLength: 1600.00 +/- 0.00
20-04-24 23:07[icct.rl_helpers.eval_callback]INFO | (Eval ) num_timesteps=529500, Reward=13.16 +/- 3.87, EpLength: 1600.00 +/- 0.00
20-04-24 23:08[icct.rl_helpers.eval_callback]INFO | (Eval ) num_timesteps=531000, Reward=-15.28 +/- 1.25, EpLength: 1600.00 +/- 0.00
20-04-24 23:10[icct.rl_helpers.eval_callback]INFO | (Eval ) num_timesteps=532500, Reward=23.10 +/- 2.25, EpLength: 1600.00 +/- 0.00
20-04-24 23:11[icct.rl_helpers.eval_callback]INFO | (Eval ) num_timesteps=534000, Reward=24.92 +/- 6.54, EpLength: 1600.00 +/- 0.00
20-04-24 23:12[icct.rl_helpers.eval_callback]INFO | (Train) Episode: 410, Avg Reward: -24.990398494530883, Best: -24.990398494530883
20-04-24 23:13[icct.rl_helpers.eval_callback]INFO | (Eval ) num_timesteps=535500, Reward=60.94 +/- 1.82, EpLength: 1600.00 +/- 0.00
20-04-24 23:13[icct.rl_helpers.eval_callback]INFO | (Save ) Storing Best Model: New best mean reward!
20-04-24 23:14[icct.rl_helpers.eval_callback]INFO | (Eval ) num_timesteps=537000, Reward=34.77 +/- 3.57, EpLength: 1600.00 +/- 0.00
20-04-24 23:16[icct.rl_helpers.eval_callback]INFO | (Eval ) num_timesteps=538500, Reward=15.96 +/- 1.94, EpLength: 1600.00 +/- 0.00
20-04-24 23:17[icct.rl_helpers.eval_callback]INFO | (Eval ) num_timesteps=540000, Reward=12.76 +/- 1.61, EpLength: 1600.00 +/- 0.00
20-04-24 23:19[icct.rl_helpers.eval_callback]INFO | (Eval ) num_timesteps=541500, Reward=-3.06 +/- 2.50, EpLength: 1600.00 +/- 0.00
20-04-24 23:21[icct.rl_helpers.eval_callback]INFO | (Eval ) num_timesteps=543000, Reward=-43.97 +/- 7.70, EpLength: 1600.00 +/- 0.00
20-04-24 23:22[icct.rl_helpers.eval_callback]INFO | (Eval ) num_timesteps=544500, Reward=-53.10 +/- 0.09, EpLength: 1600.00 +/- 0.00
20-04-24 23:24[icct.rl_helpers.eval_callback]INFO | (Eval ) num_timesteps=546000, Reward=-31.21 +/- 2.64, EpLength: 1600.00 +/- 0.00
20-04-24 23:25[icct.rl_helpers.eval_callback]INFO | (Eval ) num_timesteps=547500, Reward=-9.46 +/- 4.12, EpLength: 1600.00 +/- 0.00
20-04-24 23:27[icct.rl_helpers.eval_callback]INFO | (Eval ) num_timesteps=549000, Reward=8.58 +/- 2.72, EpLength: 1600.00 +/- 0.00
20-04-24 23:28[icct.rl_helpers.eval_callback]INFO | (Eval ) num_timesteps=550500, Reward=8.63 +/- 3.67, EpLength: 1600.00 +/- 0.00
20-04-24 23:29[icct.rl_helpers.eval_callback]INFO | (Train) Episode: 420, Avg Reward: -21.859105149576727, Best: -21.859105149576727
20-04-24 23:30[icct.rl_helpers.eval_callback]INFO | (Eval ) num_timesteps=552000, Reward=14.37 +/- 2.00, EpLength: 1600.00 +/- 0.00
20-04-24 23:31[icct.rl_helpers.eval_callback]INFO | (Eval ) num_timesteps=553500, Reward=-4.85 +/- 2.02, EpLength: 1600.00 +/- 0.00
20-04-24 23:32[icct.rl_helpers.eval_callback]INFO | (Eval ) num_timesteps=555000, Reward=-26.86 +/- 2.33, EpLength: 1600.00 +/- 0.00
20-04-24 23:34[icct.rl_helpers.eval_callback]INFO | (Eval ) num_timesteps=556500, Reward=19.37 +/- 2.98, EpLength: 1600.00 +/- 0.00
20-04-24 23:35[icct.rl_helpers.eval_callback]INFO | (Eval ) num_timesteps=558000, Reward=-30.30 +/- 0.02, EpLength: 1600.00 +/- 0.00
20-04-24 23:37[icct.rl_helpers.eval_callback]INFO | (Eval ) num_timesteps=559500, Reward=27.12 +/- 4.42, EpLength: 1600.00 +/- 0.00
20-04-24 23:38[icct.rl_helpers.eval_callback]INFO | (Eval ) num_timesteps=561000, Reward=36.86 +/- 1.99, EpLength: 1600.00 +/- 0.00
20-04-24 23:40[icct.rl_helpers.eval_callback]INFO | (Eval ) num_timesteps=562500, Reward=45.59 +/- 0.81, EpLength: 1600.00 +/- 0.00
20-04-24 23:41[icct.rl_helpers.eval_callback]INFO | (Eval ) num_timesteps=564000, Reward=15.75 +/- 30.14, EpLength: 1600.00 +/- 0.00
20-04-24 23:42[icct.rl_helpers.eval_callback]INFO | (Eval ) num_timesteps=565500, Reward=55.08 +/- 3.40, EpLength: 1600.00 +/- 0.00
20-04-24 23:43[icct.rl_helpers.eval_callback]INFO | (Train) Episode: 430, Avg Reward: -17.48782770700387, Best: -17.48782770700387
20-04-24 23:44[icct.rl_helpers.eval_callback]INFO | (Eval ) num_timesteps=567000, Reward=18.61 +/- 14.34, EpLength: 1600.00 +/- 0.00
20-04-24 23:45[icct.rl_helpers.eval_callback]INFO | (Eval ) num_timesteps=568500, Reward=21.50 +/- 3.46, EpLength: 1600.00 +/- 0.00
20-04-24 23:47[icct.rl_helpers.eval_callback]INFO | (Eval ) num_timesteps=570000, Reward=7.28 +/- 1.81, EpLength: 1600.00 +/- 0.00
20-04-24 23:48[icct.rl_helpers.eval_callback]INFO | (Eval ) num_timesteps=571500, Reward=-12.08 +/- 12.01, EpLength: 1600.00 +/- 0.00
20-04-24 23:50[icct.rl_helpers.eval_callback]INFO | (Eval ) num_timesteps=573000, Reward=-2.00 +/- 25.72, EpLength: 1600.00 +/- 0.00
20-04-24 23:51[icct.rl_helpers.eval_callback]INFO | (Eval ) num_timesteps=574500, Reward=-47.48 +/- 1.96, EpLength: 1600.00 +/- 0.00
20-04-24 23:52[icct.rl_helpers.eval_callback]INFO | (Eval ) num_timesteps=576000, Reward=9.15 +/- 2.72, EpLength: 1600.00 +/- 0.00
20-04-24 23:54[icct.rl_helpers.eval_callback]INFO | (Eval ) num_timesteps=577500, Reward=-50.40 +/- 7.66, EpLength: 1600.00 +/- 0.00
20-04-24 23:55[icct.rl_helpers.eval_callback]INFO | (Eval ) num_timesteps=579000, Reward=-29.40 +/- 10.12, EpLength: 1600.00 +/- 0.00
20-04-24 23:56[icct.rl_helpers.eval_callback]INFO | (Eval ) num_timesteps=580500, Reward=29.92 +/- 2.68, EpLength: 1600.00 +/- 0.00
20-04-24 23:58[icct.rl_helpers.eval_callback]INFO | (Eval ) num_timesteps=582000, Reward=-21.50 +/- 23.59, EpLength: 1600.00 +/- 0.00
20-04-24 23:59[icct.rl_helpers.eval_callback]INFO | (Train) Episode: 440, Avg Reward: -14.570860383842499, Best: -14.570860383842499
20-04-24 23:59[icct.rl_helpers.eval_callback]INFO | (Eval ) num_timesteps=583500, Reward=-26.15 +/- 11.81, EpLength: 1600.00 +/- 0.00
21-04-24 00:01[icct.rl_helpers.eval_callback]INFO | (Eval ) num_timesteps=585000, Reward=33.56 +/- 0.69, EpLength: 1600.00 +/- 0.00
21-04-24 00:02[icct.rl_helpers.eval_callback]INFO | (Eval ) num_timesteps=586500, Reward=15.21 +/- 0.92, EpLength: 1600.00 +/- 0.00
21-04-24 00:04[icct.rl_helpers.eval_callback]INFO | (Eval ) num_timesteps=588000, Reward=1.51 +/- 1.26, EpLength: 1600.00 +/- 0.00
21-04-24 00:05[icct.rl_helpers.eval_callback]INFO | (Eval ) num_timesteps=589500, Reward=-12.57 +/- 2.77, EpLength: 1600.00 +/- 0.00
21-04-24 00:07[icct.rl_helpers.eval_callback]INFO | (Eval ) num_timesteps=591000, Reward=11.82 +/- 1.77, EpLength: 1600.00 +/- 0.00
21-04-24 00:08[icct.rl_helpers.eval_callback]INFO | (Eval ) num_timesteps=592500, Reward=-2.27 +/- 1.67, EpLength: 1600.00 +/- 0.00
21-04-24 00:09[icct.rl_helpers.eval_callback]INFO | (Eval ) num_timesteps=594000, Reward=-96.80 +/- 13.92, EpLength: 859.80 +/- 429.17
21-04-24 00:11[icct.rl_helpers.eval_callback]INFO | (Eval ) num_timesteps=595500, Reward=-62.05 +/- 1.07, EpLength: 1600.00 +/- 0.00
21-04-24 00:12[icct.rl_helpers.eval_callback]INFO | (Eval ) num_timesteps=597000, Reward=16.74 +/- 3.48, EpLength: 1600.00 +/- 0.00
21-04-24 00:13[icct.rl_helpers.eval_callback]INFO | (Eval ) num_timesteps=598500, Reward=28.76 +/- 4.67, EpLength: 1600.00 +/- 0.00
21-04-24 00:14[icct.rl_helpers.eval_callback]INFO | (Train) Episode: 450, Avg Reward: -13.468350310850518, Best: -13.224050076861165
21-04-24 00:15[icct.rl_helpers.eval_callback]INFO | (Eval ) num_timesteps=600000, Reward=23.30 +/- 20.37, EpLength: 1600.00 +/- 0.00
21-04-24 00:16[icct.rl_helpers.eval_callback]INFO | (Eval ) num_timesteps=601500, Reward=7.78 +/- 10.89, EpLength: 1600.00 +/- 0.00
21-04-24 00:18[icct.rl_helpers.eval_callback]INFO | (Eval ) num_timesteps=603000, Reward=19.29 +/- 4.02, EpLength: 1600.00 +/- 0.00
21-04-24 00:19[icct.rl_helpers.eval_callback]INFO | (Eval ) num_timesteps=604500, Reward=3.18 +/- 7.43, EpLength: 1600.00 +/- 0.00
21-04-24 00:21[icct.rl_helpers.eval_callback]INFO | (Eval ) num_timesteps=606000, Reward=1.30 +/- 16.74, EpLength: 1600.00 +/- 0.00
21-04-24 00:22[icct.rl_helpers.eval_callback]INFO | (Eval ) num_timesteps=607500, Reward=25.76 +/- 3.22, EpLength: 1600.00 +/- 0.00
21-04-24 00:24[icct.rl_helpers.eval_callback]INFO | (Eval ) num_timesteps=609000, Reward=19.21 +/- 2.40, EpLength: 1600.00 +/- 0.00
21-04-24 00:25[icct.rl_helpers.eval_callback]INFO | (Eval ) num_timesteps=610500, Reward=14.80 +/- 1.63, EpLength: 1600.00 +/- 0.00
21-04-24 00:27[icct.rl_helpers.eval_callback]INFO | (Eval ) num_timesteps=612000, Reward=-0.63 +/- 10.46, EpLength: 1600.00 +/- 0.00
21-04-24 00:28[icct.rl_helpers.eval_callback]INFO | (Eval ) num_timesteps=613500, Reward=31.46 +/- 2.99, EpLength: 1600.00 +/- 0.00
21-04-24 00:29[icct.rl_helpers.eval_callback]INFO | (Train) Episode: 460, Avg Reward: -5.666204655694471, Best: -5.666204655694471
21-04-24 00:30[icct.rl_helpers.eval_callback]INFO | (Eval ) num_timesteps=615000, Reward=-7.01 +/- 15.76, EpLength: 1600.00 +/- 0.00
21-04-24 00:31[icct.rl_helpers.eval_callback]INFO | (Eval ) num_timesteps=616500, Reward=-37.43 +/- 25.37, EpLength: 1600.00 +/- 0.00
21-04-24 00:33[icct.rl_helpers.eval_callback]INFO | (Eval ) num_timesteps=618000, Reward=11.56 +/- 9.08, EpLength: 1600.00 +/- 0.00
21-04-24 00:34[icct.rl_helpers.eval_callback]INFO | (Eval ) num_timesteps=619500, Reward=26.26 +/- 2.89, EpLength: 1600.00 +/- 0.00
21-04-24 00:36[icct.rl_helpers.eval_callback]INFO | (Eval ) num_timesteps=621000, Reward=6.82 +/- 8.70, EpLength: 1600.00 +/- 0.00
21-04-24 00:37[icct.rl_helpers.eval_callback]INFO | (Eval ) num_timesteps=622500, Reward=0.24 +/- 5.95, EpLength: 1600.00 +/- 0.00
21-04-24 00:38[icct.rl_helpers.eval_callback]INFO | (Eval ) num_timesteps=624000, Reward=50.84 +/- 4.84, EpLength: 1600.00 +/- 0.00
21-04-24 00:40[icct.rl_helpers.eval_callback]INFO | (Eval ) num_timesteps=625500, Reward=23.83 +/- 17.53, EpLength: 1600.00 +/- 0.00
21-04-24 00:41[icct.rl_helpers.eval_callback]INFO | (Eval ) num_timesteps=627000, Reward=38.40 +/- 7.74, EpLength: 1600.00 +/- 0.00
21-04-24 00:43[icct.rl_helpers.eval_callback]INFO | (Eval ) num_timesteps=628500, Reward=20.26 +/- 7.43, EpLength: 1600.00 +/- 0.00
21-04-24 00:44[icct.rl_helpers.eval_callback]INFO | (Eval ) num_timesteps=630000, Reward=50.49 +/- 2.03, EpLength: 1600.00 +/- 0.00
21-04-24 00:45[icct.rl_helpers.eval_callback]INFO | (Train) Episode: 470, Avg Reward: -1.745330187351326, Best: -1.745330187351326
21-04-24 00:46[icct.rl_helpers.eval_callback]INFO | (Eval ) num_timesteps=631500, Reward=77.65 +/- 2.74, EpLength: 1600.00 +/- 0.00
21-04-24 00:46[icct.rl_helpers.eval_callback]INFO | (Save ) Storing Best Model: New best mean reward!
21-04-24 00:48[icct.rl_helpers.eval_callback]INFO | (Eval ) num_timesteps=633000, Reward=85.31 +/- 4.92, EpLength: 1600.00 +/- 0.00
21-04-24 00:48[icct.rl_helpers.eval_callback]INFO | (Save ) Storing Best Model: New best mean reward!
21-04-24 00:49[icct.rl_helpers.eval_callback]INFO | (Eval ) num_timesteps=634500, Reward=66.02 +/- 13.11, EpLength: 1600.00 +/- 0.00
21-04-24 00:50[icct.rl_helpers.eval_callback]INFO | (Eval ) num_timesteps=636000, Reward=66.59 +/- 3.12, EpLength: 1600.00 +/- 0.00
21-04-24 00:52[icct.rl_helpers.eval_callback]INFO | (Eval ) num_timesteps=637500, Reward=-46.56 +/- 10.69, EpLength: 1600.00 +/- 0.00
21-04-24 00:53[icct.rl_helpers.eval_callback]INFO | (Eval ) num_timesteps=639000, Reward=68.98 +/- 3.65, EpLength: 1600.00 +/- 0.00
21-04-24 00:54[icct.rl_helpers.eval_callback]INFO | (Eval ) num_timesteps=640500, Reward=33.91 +/- 31.57, EpLength: 1600.00 +/- 0.00
21-04-24 00:56[icct.rl_helpers.eval_callback]INFO | (Eval ) num_timesteps=642000, Reward=49.70 +/- 3.81, EpLength: 1600.00 +/- 0.00
21-04-24 00:57[icct.rl_helpers.eval_callback]INFO | (Eval ) num_timesteps=643500, Reward=12.72 +/- 3.38, EpLength: 1600.00 +/- 0.00
21-04-24 00:58[icct.rl_helpers.eval_callback]INFO | (Eval ) num_timesteps=645000, Reward=41.27 +/- 2.09, EpLength: 1600.00 +/- 0.00
21-04-24 00:59[icct.rl_helpers.eval_callback]INFO | (Eval ) num_timesteps=646500, Reward=47.64 +/- 10.39, EpLength: 1600.00 +/- 0.00
21-04-24 00:59[icct.rl_helpers.eval_callback]INFO | (Train) Episode: 480, Avg Reward: 3.2778977816380506, Best: 3.2778977816380506
21-04-24 01:00[icct.rl_helpers.eval_callback]INFO | (Eval ) num_timesteps=648000, Reward=-66.09 +/- 0.06, EpLength: 1600.00 +/- 0.00
21-04-24 01:02[icct.rl_helpers.eval_callback]INFO | (Eval ) num_timesteps=649500, Reward=53.55 +/- 5.60, EpLength: 1600.00 +/- 0.00
21-04-24 01:03[icct.rl_helpers.eval_callback]INFO | (Eval ) num_timesteps=651000, Reward=61.35 +/- 5.50, EpLength: 1600.00 +/- 0.00
21-04-24 01:04[icct.rl_helpers.eval_callback]INFO | (Eval ) num_timesteps=652500, Reward=42.06 +/- 3.78, EpLength: 1600.00 +/- 0.00
21-04-24 01:05[icct.rl_helpers.eval_callback]INFO | (Eval ) num_timesteps=654000, Reward=-50.64 +/- 1.94, EpLength: 1600.00 +/- 0.00
21-04-24 01:06[icct.rl_helpers.eval_callback]INFO | (Eval ) num_timesteps=655500, Reward=19.94 +/- 2.09, EpLength: 1600.00 +/- 0.00
21-04-24 01:07[icct.rl_helpers.eval_callback]INFO | (Eval ) num_timesteps=657000, Reward=-57.72 +/- 0.02, EpLength: 1600.00 +/- 0.00
21-04-24 01:09[icct.rl_helpers.eval_callback]INFO | (Eval ) num_timesteps=658500, Reward=-58.76 +/- 0.02, EpLength: 1600.00 +/- 0.00
21-04-24 01:10[icct.rl_helpers.eval_callback]INFO | (Eval ) num_timesteps=660000, Reward=56.13 +/- 5.23, EpLength: 1600.00 +/- 0.00
21-04-24 01:11[icct.rl_helpers.eval_callback]INFO | (Eval ) num_timesteps=661500, Reward=20.08 +/- 6.54, EpLength: 1600.00 +/- 0.00
21-04-24 01:12[icct.rl_helpers.eval_callback]INFO | (Train) Episode: 490, Avg Reward: 9.650701150342481, Best: 9.650701150342481
21-04-24 01:12[icct.rl_helpers.eval_callback]INFO | (Eval ) num_timesteps=663000, Reward=73.53 +/- 17.22, EpLength: 1600.00 +/- 0.00
21-04-24 01:13[icct.rl_helpers.eval_callback]INFO | (Eval ) num_timesteps=664500, Reward=39.78 +/- 2.98, EpLength: 1600.00 +/- 0.00
21-04-24 01:14[icct.rl_helpers.eval_callback]INFO | (Eval ) num_timesteps=666000, Reward=43.79 +/- 0.40, EpLength: 1600.00 +/- 0.00
21-04-24 01:15[icct.rl_helpers.eval_callback]INFO | (Eval ) num_timesteps=667500, Reward=40.25 +/- 4.42, EpLength: 1600.00 +/- 0.00
21-04-24 01:16[icct.rl_helpers.eval_callback]INFO | (Eval ) num_timesteps=669000, Reward=34.13 +/- 3.21, EpLength: 1600.00 +/- 0.00
21-04-24 01:17[icct.rl_helpers.eval_callback]INFO | (Eval ) num_timesteps=670500, Reward=47.37 +/- 22.08, EpLength: 1600.00 +/- 0.00
21-04-24 01:18[icct.rl_helpers.eval_callback]INFO | (Eval ) num_timesteps=672000, Reward=57.04 +/- 34.58, EpLength: 1600.00 +/- 0.00
21-04-24 01:19[icct.rl_helpers.eval_callback]INFO | (Eval ) num_timesteps=673500, Reward=63.43 +/- 4.18, EpLength: 1600.00 +/- 0.00
21-04-24 01:21[icct.rl_helpers.eval_callback]INFO | (Eval ) num_timesteps=675000, Reward=24.60 +/- 33.48, EpLength: 1600.00 +/- 0.00
21-04-24 01:21[icct.rl_helpers.eval_callback]INFO | (Train) Episode: 500, Avg Reward: 12.618553695739433, Best: 14.922503907725117
21-04-24 01:22[icct.rl_helpers.eval_callback]INFO | (Eval ) num_timesteps=676500, Reward=22.89 +/- 12.72, EpLength: 1600.00 +/- 0.00
21-04-24 01:23[icct.rl_helpers.eval_callback]INFO | (Eval ) num_timesteps=678000, Reward=-47.59 +/- 0.66, EpLength: 1600.00 +/- 0.00
21-04-24 01:25[icct.rl_helpers.eval_callback]INFO | (Eval ) num_timesteps=679500, Reward=31.71 +/- 19.65, EpLength: 1600.00 +/- 0.00
21-04-24 01:26[icct.rl_helpers.eval_callback]INFO | (Eval ) num_timesteps=681000, Reward=70.63 +/- 3.25, EpLength: 1600.00 +/- 0.00
21-04-24 01:28[icct.rl_helpers.eval_callback]INFO | (Eval ) num_timesteps=682500, Reward=91.11 +/- 5.91, EpLength: 1600.00 +/- 0.00
21-04-24 01:28[icct.rl_helpers.eval_callback]INFO | (Save ) Storing Best Model: New best mean reward!
21-04-24 01:29[icct.rl_helpers.eval_callback]INFO | (Eval ) num_timesteps=684000, Reward=75.57 +/- 1.82, EpLength: 1600.00 +/- 0.00
21-04-24 01:30[icct.rl_helpers.eval_callback]INFO | (Eval ) num_timesteps=685500, Reward=4.76 +/- 73.66, EpLength: 1600.00 +/- 0.00
21-04-24 01:32[icct.rl_helpers.eval_callback]INFO | (Eval ) num_timesteps=687000, Reward=67.39 +/- 4.36, EpLength: 1600.00 +/- 0.00
21-04-24 01:32[icct.rl_helpers.eval_callback]INFO | (Train) Episode: 510, Avg Reward: 13.204018020669071, Best: 14.922503907725117
21-04-24 01:33[icct.rl_helpers.eval_callback]INFO | (Eval ) num_timesteps=688500, Reward=92.65 +/- 3.28, EpLength: 1600.00 +/- 0.00
21-04-24 01:33[icct.rl_helpers.eval_callback]INFO | (Save ) Storing Best Model: New best mean reward!
21-04-24 01:35[icct.rl_helpers.eval_callback]INFO | (Eval ) num_timesteps=690000, Reward=64.60 +/- 1.75, EpLength: 1600.00 +/- 0.00
21-04-24 01:37[icct.rl_helpers.eval_callback]INFO | (Eval ) num_timesteps=691500, Reward=42.81 +/- 27.55, EpLength: 1600.00 +/- 0.00
21-04-24 01:38[icct.rl_helpers.eval_callback]INFO | (Eval ) num_timesteps=693000, Reward=-107.31 +/- 2.87, EpLength: 102.00 +/- 18.47
21-04-24 01:39[icct.rl_helpers.eval_callback]INFO | (Eval ) num_timesteps=694500, Reward=60.31 +/- 6.33, EpLength: 1600.00 +/- 0.00
21-04-24 01:40[icct.rl_helpers.eval_callback]INFO | (Eval ) num_timesteps=696000, Reward=72.46 +/- 3.39, EpLength: 1600.00 +/- 0.00
21-04-24 01:42[icct.rl_helpers.eval_callback]INFO | (Eval ) num_timesteps=697500, Reward=62.94 +/- 1.34, EpLength: 1600.00 +/- 0.00
21-04-24 01:43[icct.rl_helpers.eval_callback]INFO | (Eval ) num_timesteps=699000, Reward=57.71 +/- 2.56, EpLength: 1600.00 +/- 0.00
21-04-24 01:44[root]INFO | [END]======> Execution time of seed 17: 10 hours, 24 minutes, 7 seconds
