20-04-24 15:20[root]INFO | Training on env: walker
20-04-24 15:20[root]INFO | Agent Type: dgt
20-04-24 15:20[root]INFO | Log Directory: ./logs/walker_cpu/dgt/128leaves_33-20-15-20-Apr_Final/
20-04-24 15:20[root]INFO | GPU?: False
20-04-24 15:20[root]INFO | Num Leaves: 128
20-04-24 15:20[root]INFO | DGT Policy
20-04-24 15:20[root]INFO | Value Net Size: [256, 256]
20-04-24 15:20[root]INFO | [START]======> Training Started for Seed [11]: 2024-04-20 15:20:40
20-04-24 15:20[root]INFO | actor: DGTActor(
  (features_extractor): FlattenExtractor(
    (flatten): Flatten(start_dim=1, end_dim=-1)
  )
  (drnet): DGT(
    (_and_act_fn): Softmax(dim=-1)
    (_predicate_l): Sequential(
      (0): Linear(in_features=24, out_features=127, bias=True)
    )
    (_and_l): XLinear(
      (_l): Linear(in_features=127, out_features=128, bias=False)
    )
    (_or_l): XLinear(
      (_l): Linear(in_features=128, out_features=4, bias=False)
    )
  )
)
20-04-24 15:20[icct.rl_helpers.eval_callback]INFO | (Train) Episode: 0, Avg Reward: -99.59542501321994, Best: -99.59542501321994
20-04-24 15:20[icct.rl_helpers.eval_callback]INFO | (Eval ) num_timesteps=1500, Reward=-92.22 +/- 0.35, EpLength: 101.00 +/- 4.98
20-04-24 15:20[icct.rl_helpers.eval_callback]INFO | (Save ) Storing Best Model: New best mean reward!
20-04-24 15:20[icct.rl_helpers.eval_callback]INFO | (Eval ) num_timesteps=3000, Reward=-92.14 +/- 0.14, EpLength: 102.60 +/- 1.20
20-04-24 15:20[icct.rl_helpers.eval_callback]INFO | (Save ) Storing Best Model: New best mean reward!
20-04-24 15:20[icct.rl_helpers.eval_callback]INFO | (Eval ) num_timesteps=4500, Reward=-92.15 +/- 0.25, EpLength: 103.40 +/- 2.06
20-04-24 15:20[icct.rl_helpers.eval_callback]INFO | (Train) Episode: 10, Avg Reward: -100.24750714218399, Best: -99.59542501321994
20-04-24 15:20[icct.rl_helpers.eval_callback]INFO | (Eval ) num_timesteps=6000, Reward=-92.32 +/- 0.22, EpLength: 101.40 +/- 1.96
20-04-24 15:20[icct.rl_helpers.eval_callback]INFO | (Eval ) num_timesteps=7500, Reward=-92.26 +/- 0.21, EpLength: 101.40 +/- 1.36
20-04-24 15:20[icct.rl_helpers.eval_callback]INFO | (Eval ) num_timesteps=9000, Reward=-92.22 +/- 0.17, EpLength: 102.20 +/- 1.60
20-04-24 15:20[icct.rl_helpers.eval_callback]INFO | (Train) Episode: 20, Avg Reward: -101.13222844106478, Best: -99.59542501321994
20-04-24 15:21[icct.rl_helpers.eval_callback]INFO | (Eval ) num_timesteps=10500, Reward=-72.61 +/- 49.17, EpLength: 736.60 +/- 705.01
20-04-24 15:21[icct.rl_helpers.eval_callback]INFO | (Save ) Storing Best Model: New best mean reward!
20-04-24 15:22[icct.rl_helpers.eval_callback]INFO | (Train) Episode: 30, Avg Reward: -104.31635010670752, Best: -99.59542501321994
20-04-24 15:22[icct.rl_helpers.eval_callback]INFO | (Eval ) num_timesteps=12000, Reward=-100.70 +/- 0.60, EpLength: 82.80 +/- 21.03
20-04-24 15:23[icct.rl_helpers.eval_callback]INFO | (Eval ) num_timesteps=13500, Reward=-94.26 +/- 0.52, EpLength: 1600.00 +/- 0.00
20-04-24 15:25[icct.rl_helpers.eval_callback]INFO | (Eval ) num_timesteps=15000, Reward=-136.04 +/- 0.02, EpLength: 1600.00 +/- 0.00
20-04-24 15:25[icct.rl_helpers.eval_callback]INFO | (Train) Episode: 40, Avg Reward: -105.27493554601911, Best: -99.59542501321994
20-04-24 15:26[icct.rl_helpers.eval_callback]INFO | (Eval ) num_timesteps=16500, Reward=-106.18 +/- 0.39, EpLength: 1600.00 +/- 0.00
20-04-24 15:27[icct.rl_helpers.eval_callback]INFO | (Eval ) num_timesteps=18000, Reward=-78.75 +/- 0.12, EpLength: 1600.00 +/- 0.00
20-04-24 15:29[icct.rl_helpers.eval_callback]INFO | (Eval ) num_timesteps=19500, Reward=-145.70 +/- 0.09, EpLength: 1600.00 +/- 0.00
20-04-24 15:30[icct.rl_helpers.eval_callback]INFO | (Eval ) num_timesteps=21000, Reward=-130.59 +/- 6.89, EpLength: 431.20 +/- 584.46
20-04-24 15:31[icct.rl_helpers.eval_callback]INFO | (Eval ) num_timesteps=22500, Reward=-94.83 +/- 1.11, EpLength: 1600.00 +/- 0.00
20-04-24 15:32[icct.rl_helpers.eval_callback]INFO | (Eval ) num_timesteps=24000, Reward=-115.39 +/- 9.39, EpLength: 1600.00 +/- 0.00
20-04-24 15:34[icct.rl_helpers.eval_callback]INFO | (Eval ) num_timesteps=25500, Reward=-119.72 +/- 2.66, EpLength: 392.40 +/- 603.80
20-04-24 15:34[icct.rl_helpers.eval_callback]INFO | (Train) Episode: 50, Avg Reward: -106.4507820501239, Best: -99.59542501321994
20-04-24 15:35[icct.rl_helpers.eval_callback]INFO | (Eval ) num_timesteps=27000, Reward=-101.95 +/- 23.84, EpLength: 695.40 +/- 738.69
20-04-24 15:36[icct.rl_helpers.eval_callback]INFO | (Eval ) num_timesteps=28500, Reward=-123.44 +/- 7.53, EpLength: 143.20 +/- 5.27
20-04-24 15:38[icct.rl_helpers.eval_callback]INFO | (Eval ) num_timesteps=30000, Reward=-82.06 +/- 2.42, EpLength: 1600.00 +/- 0.00
20-04-24 15:40[icct.rl_helpers.eval_callback]INFO | (Eval ) num_timesteps=31500, Reward=-60.42 +/- 1.79, EpLength: 1600.00 +/- 0.00
20-04-24 15:40[icct.rl_helpers.eval_callback]INFO | (Save ) Storing Best Model: New best mean reward!
20-04-24 15:41[icct.rl_helpers.eval_callback]INFO | (Eval ) num_timesteps=33000, Reward=-59.57 +/- 3.98, EpLength: 1600.00 +/- 0.00
20-04-24 15:41[icct.rl_helpers.eval_callback]INFO | (Save ) Storing Best Model: New best mean reward!
20-04-24 15:42[icct.rl_helpers.eval_callback]INFO | (Eval ) num_timesteps=34500, Reward=-78.92 +/- 0.40, EpLength: 1600.00 +/- 0.00
20-04-24 15:43[icct.rl_helpers.eval_callback]INFO | (Eval ) num_timesteps=36000, Reward=-116.49 +/- 1.70, EpLength: 69.00 +/- 6.99
20-04-24 15:45[icct.rl_helpers.eval_callback]INFO | (Eval ) num_timesteps=37500, Reward=-95.88 +/- 1.90, EpLength: 1600.00 +/- 0.00
20-04-24 15:46[icct.rl_helpers.eval_callback]INFO | (Train) Episode: 60, Avg Reward: -103.39458760202709, Best: -99.59542501321994
20-04-24 15:46[icct.rl_helpers.eval_callback]INFO | (Eval ) num_timesteps=39000, Reward=-97.94 +/- 2.64, EpLength: 1600.00 +/- 0.00
20-04-24 15:48[icct.rl_helpers.eval_callback]INFO | (Eval ) num_timesteps=40500, Reward=-92.20 +/- 1.07, EpLength: 1600.00 +/- 0.00
20-04-24 15:49[icct.rl_helpers.eval_callback]INFO | (Eval ) num_timesteps=42000, Reward=-101.59 +/- 30.60, EpLength: 700.80 +/- 734.24
20-04-24 15:50[icct.rl_helpers.eval_callback]INFO | (Eval ) num_timesteps=43500, Reward=-75.20 +/- 34.74, EpLength: 1600.00 +/- 0.00
20-04-24 15:52[icct.rl_helpers.eval_callback]INFO | (Eval ) num_timesteps=45000, Reward=-105.08 +/- 4.95, EpLength: 1600.00 +/- 0.00
20-04-24 15:53[icct.rl_helpers.eval_callback]INFO | (Eval ) num_timesteps=46500, Reward=-72.05 +/- 0.33, EpLength: 1600.00 +/- 0.00
20-04-24 15:55[icct.rl_helpers.eval_callback]INFO | (Eval ) num_timesteps=48000, Reward=-79.20 +/- 5.42, EpLength: 1600.00 +/- 0.00
20-04-24 15:56[icct.rl_helpers.eval_callback]INFO | (Eval ) num_timesteps=49500, Reward=-92.41 +/- 1.72, EpLength: 1600.00 +/- 0.00
20-04-24 15:57[icct.rl_helpers.eval_callback]INFO | (Eval ) num_timesteps=51000, Reward=-123.98 +/- 0.85, EpLength: 117.00 +/- 4.24
20-04-24 15:58[icct.rl_helpers.eval_callback]INFO | (Train) Episode: 70, Avg Reward: -101.5497646930409, Best: -99.59542501321994
20-04-24 15:59[icct.rl_helpers.eval_callback]INFO | (Eval ) num_timesteps=52500, Reward=-30.02 +/- 3.76, EpLength: 1600.00 +/- 0.00
20-04-24 15:59[icct.rl_helpers.eval_callback]INFO | (Save ) Storing Best Model: New best mean reward!
20-04-24 16:00[icct.rl_helpers.eval_callback]INFO | (Eval ) num_timesteps=54000, Reward=-29.08 +/- 1.22, EpLength: 1600.00 +/- 0.00
20-04-24 16:00[icct.rl_helpers.eval_callback]INFO | (Save ) Storing Best Model: New best mean reward!
20-04-24 16:02[icct.rl_helpers.eval_callback]INFO | (Eval ) num_timesteps=55500, Reward=-78.39 +/- 34.94, EpLength: 716.60 +/- 721.53
20-04-24 16:03[icct.rl_helpers.eval_callback]INFO | (Eval ) num_timesteps=57000, Reward=-44.42 +/- 0.65, EpLength: 1600.00 +/- 0.00
20-04-24 16:04[icct.rl_helpers.eval_callback]INFO | (Eval ) num_timesteps=58500, Reward=-48.64 +/- 2.88, EpLength: 1600.00 +/- 0.00
20-04-24 16:06[icct.rl_helpers.eval_callback]INFO | (Eval ) num_timesteps=60000, Reward=-67.57 +/- 6.51, EpLength: 1600.00 +/- 0.00
20-04-24 16:07[icct.rl_helpers.eval_callback]INFO | (Eval ) num_timesteps=61500, Reward=-21.46 +/- 1.16, EpLength: 1600.00 +/- 0.00
20-04-24 16:07[icct.rl_helpers.eval_callback]INFO | (Save ) Storing Best Model: New best mean reward!
20-04-24 16:08[icct.rl_helpers.eval_callback]INFO | (Eval ) num_timesteps=63000, Reward=-43.08 +/- 0.59, EpLength: 1600.00 +/- 0.00
20-04-24 16:10[icct.rl_helpers.eval_callback]INFO | (Eval ) num_timesteps=64500, Reward=-49.00 +/- 1.37, EpLength: 1600.00 +/- 0.00
20-04-24 16:10[icct.rl_helpers.eval_callback]INFO | (Train) Episode: 80, Avg Reward: -96.55660596931484, Best: -96.55660596931484
20-04-24 16:11[icct.rl_helpers.eval_callback]INFO | (Eval ) num_timesteps=66000, Reward=-21.59 +/- 2.58, EpLength: 1600.00 +/- 0.00
20-04-24 16:13[icct.rl_helpers.eval_callback]INFO | (Eval ) num_timesteps=67500, Reward=-29.41 +/- 0.34, EpLength: 1600.00 +/- 0.00
20-04-24 16:14[icct.rl_helpers.eval_callback]INFO | (Eval ) num_timesteps=69000, Reward=-71.81 +/- 0.97, EpLength: 1600.00 +/- 0.00
20-04-24 16:16[icct.rl_helpers.eval_callback]INFO | (Eval ) num_timesteps=70500, Reward=-38.24 +/- 6.29, EpLength: 1600.00 +/- 0.00
20-04-24 16:18[icct.rl_helpers.eval_callback]INFO | (Eval ) num_timesteps=72000, Reward=-63.52 +/- 0.77, EpLength: 1600.00 +/- 0.00
20-04-24 16:19[icct.rl_helpers.eval_callback]INFO | (Eval ) num_timesteps=73500, Reward=-91.67 +/- 1.86, EpLength: 1600.00 +/- 0.00
20-04-24 16:20[icct.rl_helpers.eval_callback]INFO | (Eval ) num_timesteps=75000, Reward=-80.47 +/- 1.64, EpLength: 1600.00 +/- 0.00
20-04-24 16:21[icct.rl_helpers.eval_callback]INFO | (Eval ) num_timesteps=76500, Reward=-68.95 +/- 1.61, EpLength: 1600.00 +/- 0.00
20-04-24 16:23[icct.rl_helpers.eval_callback]INFO | (Eval ) num_timesteps=78000, Reward=-67.26 +/- 5.42, EpLength: 1600.00 +/- 0.00
20-04-24 16:24[icct.rl_helpers.eval_callback]INFO | (Train) Episode: 90, Avg Reward: -92.93108021269707, Best: -92.93108021269707
20-04-24 16:24[icct.rl_helpers.eval_callback]INFO | (Eval ) num_timesteps=79500, Reward=-37.22 +/- 5.39, EpLength: 1600.00 +/- 0.00
20-04-24 16:26[icct.rl_helpers.eval_callback]INFO | (Eval ) num_timesteps=81000, Reward=-32.40 +/- 1.77, EpLength: 1600.00 +/- 0.00
20-04-24 16:27[icct.rl_helpers.eval_callback]INFO | (Eval ) num_timesteps=82500, Reward=-44.04 +/- 10.63, EpLength: 1600.00 +/- 0.00
20-04-24 16:28[icct.rl_helpers.eval_callback]INFO | (Eval ) num_timesteps=84000, Reward=-41.44 +/- 2.88, EpLength: 1600.00 +/- 0.00
20-04-24 16:30[icct.rl_helpers.eval_callback]INFO | (Eval ) num_timesteps=85500, Reward=-25.04 +/- 0.12, EpLength: 1600.00 +/- 0.00
20-04-24 16:31[icct.rl_helpers.eval_callback]INFO | (Eval ) num_timesteps=87000, Reward=-33.10 +/- 0.04, EpLength: 1600.00 +/- 0.00
20-04-24 16:33[icct.rl_helpers.eval_callback]INFO | (Eval ) num_timesteps=88500, Reward=-41.48 +/- 0.02, EpLength: 1600.00 +/- 0.00
20-04-24 16:34[icct.rl_helpers.eval_callback]INFO | (Eval ) num_timesteps=90000, Reward=-27.64 +/- 0.04, EpLength: 1600.00 +/- 0.00
20-04-24 16:36[icct.rl_helpers.eval_callback]INFO | (Eval ) num_timesteps=91500, Reward=-31.62 +/- 5.50, EpLength: 1600.00 +/- 0.00
20-04-24 16:37[icct.rl_helpers.eval_callback]INFO | (Eval ) num_timesteps=93000, Reward=-54.84 +/- 2.63, EpLength: 1600.00 +/- 0.00
20-04-24 16:38[icct.rl_helpers.eval_callback]INFO | (Eval ) num_timesteps=94500, Reward=-27.41 +/- 0.67, EpLength: 1600.00 +/- 0.00
20-04-24 16:39[icct.rl_helpers.eval_callback]INFO | (Train) Episode: 100, Avg Reward: -87.10605593394445, Best: -87.10605593394445
20-04-24 16:40[icct.rl_helpers.eval_callback]INFO | (Eval ) num_timesteps=96000, Reward=-27.95 +/- 0.10, EpLength: 1600.00 +/- 0.00
20-04-24 16:41[icct.rl_helpers.eval_callback]INFO | (Eval ) num_timesteps=97500, Reward=-42.31 +/- 0.60, EpLength: 1600.00 +/- 0.00
20-04-24 16:42[icct.rl_helpers.eval_callback]INFO | (Eval ) num_timesteps=99000, Reward=-32.18 +/- 2.88, EpLength: 1600.00 +/- 0.00
20-04-24 16:44[icct.rl_helpers.eval_callback]INFO | (Eval ) num_timesteps=100500, Reward=-33.66 +/- 0.14, EpLength: 1600.00 +/- 0.00
20-04-24 16:45[icct.rl_helpers.eval_callback]INFO | (Eval ) num_timesteps=102000, Reward=-29.17 +/- 0.87, EpLength: 1600.00 +/- 0.00
20-04-24 16:47[icct.rl_helpers.eval_callback]INFO | (Eval ) num_timesteps=103500, Reward=-44.83 +/- 0.34, EpLength: 1600.00 +/- 0.00
20-04-24 16:48[icct.rl_helpers.eval_callback]INFO | (Eval ) num_timesteps=105000, Reward=-14.14 +/- 1.35, EpLength: 1600.00 +/- 0.00
20-04-24 16:48[icct.rl_helpers.eval_callback]INFO | (Save ) Storing Best Model: New best mean reward!
20-04-24 16:50[icct.rl_helpers.eval_callback]INFO | (Eval ) num_timesteps=106500, Reward=-36.59 +/- 1.01, EpLength: 1600.00 +/- 0.00
20-04-24 16:51[icct.rl_helpers.eval_callback]INFO | (Eval ) num_timesteps=108000, Reward=-26.61 +/- 0.14, EpLength: 1600.00 +/- 0.00
20-04-24 16:53[icct.rl_helpers.eval_callback]INFO | (Eval ) num_timesteps=109500, Reward=-33.71 +/- 0.20, EpLength: 1600.00 +/- 0.00
20-04-24 16:54[icct.rl_helpers.eval_callback]INFO | (Eval ) num_timesteps=111000, Reward=-24.02 +/- 0.08, EpLength: 1600.00 +/- 0.00
20-04-24 16:54[icct.rl_helpers.eval_callback]INFO | (Train) Episode: 110, Avg Reward: -80.63581132528324, Best: -80.63581132528324
20-04-24 16:55[icct.rl_helpers.eval_callback]INFO | (Eval ) num_timesteps=112500, Reward=-18.29 +/- 5.71, EpLength: 1600.00 +/- 0.00
20-04-24 16:56[icct.rl_helpers.eval_callback]INFO | (Eval ) num_timesteps=114000, Reward=-24.04 +/- 6.57, EpLength: 1600.00 +/- 0.00
20-04-24 16:58[icct.rl_helpers.eval_callback]INFO | (Eval ) num_timesteps=115500, Reward=-34.17 +/- 2.72, EpLength: 1600.00 +/- 0.00
20-04-24 17:00[icct.rl_helpers.eval_callback]INFO | (Eval ) num_timesteps=117000, Reward=-33.20 +/- 0.06, EpLength: 1600.00 +/- 0.00
20-04-24 17:01[icct.rl_helpers.eval_callback]INFO | (Eval ) num_timesteps=118500, Reward=-40.03 +/- 0.56, EpLength: 1600.00 +/- 0.00
20-04-24 17:03[icct.rl_helpers.eval_callback]INFO | (Eval ) num_timesteps=120000, Reward=-52.16 +/- 1.40, EpLength: 1600.00 +/- 0.00
20-04-24 17:04[icct.rl_helpers.eval_callback]INFO | (Eval ) num_timesteps=121500, Reward=-45.84 +/- 0.12, EpLength: 1600.00 +/- 0.00
20-04-24 17:06[icct.rl_helpers.eval_callback]INFO | (Eval ) num_timesteps=123000, Reward=-38.66 +/- 1.14, EpLength: 1600.00 +/- 0.00
20-04-24 17:07[icct.rl_helpers.eval_callback]INFO | (Eval ) num_timesteps=124500, Reward=-45.15 +/- 0.49, EpLength: 1600.00 +/- 0.00
20-04-24 17:09[icct.rl_helpers.eval_callback]INFO | (Eval ) num_timesteps=126000, Reward=-28.16 +/- 8.30, EpLength: 1600.00 +/- 0.00
20-04-24 17:10[icct.rl_helpers.eval_callback]INFO | (Train) Episode: 120, Avg Reward: -74.07612711948778, Best: -74.07612711948778
20-04-24 17:10[icct.rl_helpers.eval_callback]INFO | (Eval ) num_timesteps=127500, Reward=-30.53 +/- 3.55, EpLength: 1600.00 +/- 0.00
20-04-24 17:12[icct.rl_helpers.eval_callback]INFO | (Eval ) num_timesteps=129000, Reward=-30.08 +/- 1.97, EpLength: 1600.00 +/- 0.00
20-04-24 17:13[icct.rl_helpers.eval_callback]INFO | (Eval ) num_timesteps=130500, Reward=-27.63 +/- 4.26, EpLength: 1600.00 +/- 0.00
20-04-24 17:15[icct.rl_helpers.eval_callback]INFO | (Eval ) num_timesteps=132000, Reward=-33.38 +/- 5.35, EpLength: 1600.00 +/- 0.00
20-04-24 17:16[icct.rl_helpers.eval_callback]INFO | (Eval ) num_timesteps=133500, Reward=-33.85 +/- 1.23, EpLength: 1600.00 +/- 0.00
20-04-24 17:17[icct.rl_helpers.eval_callback]INFO | (Eval ) num_timesteps=135000, Reward=-75.33 +/- 27.38, EpLength: 1019.60 +/- 710.89
20-04-24 17:19[icct.rl_helpers.eval_callback]INFO | (Eval ) num_timesteps=136500, Reward=-30.41 +/- 0.90, EpLength: 1600.00 +/- 0.00
20-04-24 17:20[icct.rl_helpers.eval_callback]INFO | (Eval ) num_timesteps=138000, Reward=-31.21 +/- 0.82, EpLength: 1600.00 +/- 0.00
20-04-24 17:22[icct.rl_helpers.eval_callback]INFO | (Eval ) num_timesteps=139500, Reward=-27.33 +/- 0.12, EpLength: 1600.00 +/- 0.00
20-04-24 17:23[icct.rl_helpers.eval_callback]INFO | (Eval ) num_timesteps=141000, Reward=-28.95 +/- 4.99, EpLength: 1600.00 +/- 0.00
20-04-24 17:24[icct.rl_helpers.eval_callback]INFO | (Eval ) num_timesteps=142500, Reward=-36.94 +/- 7.80, EpLength: 1600.00 +/- 0.00
20-04-24 17:25[icct.rl_helpers.eval_callback]INFO | (Train) Episode: 130, Avg Reward: -66.24935790239999, Best: -66.24935790239999
20-04-24 17:26[icct.rl_helpers.eval_callback]INFO | (Eval ) num_timesteps=144000, Reward=-41.19 +/- 1.82, EpLength: 1600.00 +/- 0.00
20-04-24 17:27[icct.rl_helpers.eval_callback]INFO | (Eval ) num_timesteps=145500, Reward=-18.29 +/- 1.05, EpLength: 1600.00 +/- 0.00
20-04-24 17:28[icct.rl_helpers.eval_callback]INFO | (Eval ) num_timesteps=147000, Reward=-25.45 +/- 0.01, EpLength: 1600.00 +/- 0.00
20-04-24 17:29[icct.rl_helpers.eval_callback]INFO | (Eval ) num_timesteps=148500, Reward=-58.08 +/- 0.06, EpLength: 1600.00 +/- 0.00
20-04-24 17:31[icct.rl_helpers.eval_callback]INFO | (Eval ) num_timesteps=150000, Reward=-34.22 +/- 1.78, EpLength: 1600.00 +/- 0.00
20-04-24 17:32[icct.rl_helpers.eval_callback]INFO | (Eval ) num_timesteps=151500, Reward=-31.21 +/- 0.18, EpLength: 1600.00 +/- 0.00
20-04-24 17:34[icct.rl_helpers.eval_callback]INFO | (Eval ) num_timesteps=153000, Reward=-45.17 +/- 21.85, EpLength: 1600.00 +/- 0.00
20-04-24 17:35[icct.rl_helpers.eval_callback]INFO | (Eval ) num_timesteps=154500, Reward=-39.84 +/- 1.99, EpLength: 1600.00 +/- 0.00
20-04-24 17:36[icct.rl_helpers.eval_callback]INFO | (Eval ) num_timesteps=156000, Reward=-29.60 +/- 0.14, EpLength: 1600.00 +/- 0.00
20-04-24 17:37[icct.rl_helpers.eval_callback]INFO | (Eval ) num_timesteps=157500, Reward=-32.12 +/- 1.78, EpLength: 1600.00 +/- 0.00
20-04-24 17:38[icct.rl_helpers.eval_callback]INFO | (Eval ) num_timesteps=159000, Reward=-19.66 +/- 0.41, EpLength: 1600.00 +/- 0.00
20-04-24 17:38[icct.rl_helpers.eval_callback]INFO | (Train) Episode: 140, Avg Reward: -58.535069299805436, Best: -58.535069299805436
20-04-24 17:39[icct.rl_helpers.eval_callback]INFO | (Eval ) num_timesteps=160500, Reward=-33.89 +/- 1.11, EpLength: 1600.00 +/- 0.00
20-04-24 17:41[icct.rl_helpers.eval_callback]INFO | (Eval ) num_timesteps=162000, Reward=-24.82 +/- 0.02, EpLength: 1600.00 +/- 0.00
20-04-24 17:42[icct.rl_helpers.eval_callback]INFO | (Eval ) num_timesteps=163500, Reward=-27.60 +/- 0.12, EpLength: 1600.00 +/- 0.00
20-04-24 17:43[icct.rl_helpers.eval_callback]INFO | (Eval ) num_timesteps=165000, Reward=-45.15 +/- 3.73, EpLength: 1600.00 +/- 0.00
20-04-24 17:44[icct.rl_helpers.eval_callback]INFO | (Eval ) num_timesteps=166500, Reward=-124.60 +/- 1.42, EpLength: 119.80 +/- 13.50
20-04-24 17:44[icct.rl_helpers.eval_callback]INFO | (Eval ) num_timesteps=168000, Reward=-107.72 +/- 0.14, EpLength: 128.60 +/- 3.77
20-04-24 17:45[icct.rl_helpers.eval_callback]INFO | (Train) Episode: 150, Avg Reward: -55.83359695465551, Best: -55.53115512970519
20-04-24 17:45[icct.rl_helpers.eval_callback]INFO | (Eval ) num_timesteps=169500, Reward=-111.43 +/- 7.99, EpLength: 759.80 +/- 688.88
20-04-24 17:47[icct.rl_helpers.eval_callback]INFO | (Eval ) num_timesteps=171000, Reward=-107.13 +/- 0.42, EpLength: 126.40 +/- 3.93
20-04-24 17:48[icct.rl_helpers.eval_callback]INFO | (Eval ) num_timesteps=172500, Reward=-134.80 +/- 12.44, EpLength: 1600.00 +/- 0.00
20-04-24 17:49[icct.rl_helpers.eval_callback]INFO | (Eval ) num_timesteps=174000, Reward=-43.23 +/- 0.69, EpLength: 1600.00 +/- 0.00
20-04-24 17:50[icct.rl_helpers.eval_callback]INFO | (Eval ) num_timesteps=175500, Reward=-24.75 +/- 1.65, EpLength: 1600.00 +/- 0.00
20-04-24 17:52[icct.rl_helpers.eval_callback]INFO | (Eval ) num_timesteps=177000, Reward=-35.88 +/- 0.08, EpLength: 1600.00 +/- 0.00
20-04-24 17:52[icct.rl_helpers.eval_callback]INFO | (Train) Episode: 160, Avg Reward: -57.51491401403802, Best: -55.53115512970519
20-04-24 17:53[icct.rl_helpers.eval_callback]INFO | (Eval ) num_timesteps=178500, Reward=-12.51 +/- 0.39, EpLength: 1600.00 +/- 0.00
20-04-24 17:53[icct.rl_helpers.eval_callback]INFO | (Save ) Storing Best Model: New best mean reward!
20-04-24 17:54[icct.rl_helpers.eval_callback]INFO | (Eval ) num_timesteps=180000, Reward=-19.14 +/- 3.31, EpLength: 1600.00 +/- 0.00
20-04-24 17:55[icct.rl_helpers.eval_callback]INFO | (Eval ) num_timesteps=181500, Reward=-21.02 +/- 2.19, EpLength: 1600.00 +/- 0.00
20-04-24 17:56[icct.rl_helpers.eval_callback]INFO | (Eval ) num_timesteps=183000, Reward=-18.36 +/- 12.98, EpLength: 1600.00 +/- 0.00
20-04-24 17:58[icct.rl_helpers.eval_callback]INFO | (Eval ) num_timesteps=184500, Reward=-23.12 +/- 0.65, EpLength: 1600.00 +/- 0.00
20-04-24 17:59[icct.rl_helpers.eval_callback]INFO | (Eval ) num_timesteps=186000, Reward=-23.47 +/- 3.27, EpLength: 1600.00 +/- 0.00
20-04-24 18:00[icct.rl_helpers.eval_callback]INFO | (Eval ) num_timesteps=187500, Reward=-18.98 +/- 5.46, EpLength: 1600.00 +/- 0.00
20-04-24 18:01[icct.rl_helpers.eval_callback]INFO | (Eval ) num_timesteps=189000, Reward=-15.09 +/- 0.50, EpLength: 1600.00 +/- 0.00
20-04-24 18:02[icct.rl_helpers.eval_callback]INFO | (Eval ) num_timesteps=190500, Reward=-32.89 +/- 0.07, EpLength: 1600.00 +/- 0.00
20-04-24 18:04[icct.rl_helpers.eval_callback]INFO | (Eval ) num_timesteps=192000, Reward=-69.22 +/- 0.17, EpLength: 1600.00 +/- 0.00
20-04-24 18:05[icct.rl_helpers.eval_callback]INFO | (Eval ) num_timesteps=193500, Reward=-75.93 +/- 0.23, EpLength: 1600.00 +/- 0.00
20-04-24 18:06[icct.rl_helpers.eval_callback]INFO | (Train) Episode: 170, Avg Reward: -52.272828999359646, Best: -51.97139451499261
20-04-24 18:06[icct.rl_helpers.eval_callback]INFO | (Eval ) num_timesteps=195000, Reward=-74.57 +/- 0.20, EpLength: 1600.00 +/- 0.00
20-04-24 18:07[icct.rl_helpers.eval_callback]INFO | (Eval ) num_timesteps=196500, Reward=-43.05 +/- 0.13, EpLength: 1600.00 +/- 0.00
20-04-24 18:09[icct.rl_helpers.eval_callback]INFO | (Eval ) num_timesteps=198000, Reward=-58.65 +/- 3.06, EpLength: 1600.00 +/- 0.00
20-04-24 18:10[icct.rl_helpers.eval_callback]INFO | (Eval ) num_timesteps=199500, Reward=-11.90 +/- 0.34, EpLength: 1600.00 +/- 0.00
20-04-24 18:10[icct.rl_helpers.eval_callback]INFO | (Save ) Storing Best Model: New best mean reward!
20-04-24 18:11[icct.rl_helpers.eval_callback]INFO | (Eval ) num_timesteps=201000, Reward=-15.99 +/- 7.64, EpLength: 1600.00 +/- 0.00
20-04-24 18:12[icct.rl_helpers.eval_callback]INFO | (Eval ) num_timesteps=202500, Reward=-11.49 +/- 1.03, EpLength: 1600.00 +/- 0.00
20-04-24 18:12[icct.rl_helpers.eval_callback]INFO | (Save ) Storing Best Model: New best mean reward!
20-04-24 18:13[icct.rl_helpers.eval_callback]INFO | (Eval ) num_timesteps=204000, Reward=-21.97 +/- 2.71, EpLength: 1600.00 +/- 0.00
20-04-24 18:14[icct.rl_helpers.eval_callback]INFO | (Eval ) num_timesteps=205500, Reward=-26.98 +/- 0.06, EpLength: 1600.00 +/- 0.00
20-04-24 18:15[icct.rl_helpers.eval_callback]INFO | (Eval ) num_timesteps=207000, Reward=-29.81 +/- 0.81, EpLength: 1600.00 +/- 0.00
20-04-24 18:16[icct.rl_helpers.eval_callback]INFO | (Eval ) num_timesteps=208500, Reward=-21.59 +/- 0.66, EpLength: 1600.00 +/- 0.00
20-04-24 18:17[icct.rl_helpers.eval_callback]INFO | (Eval ) num_timesteps=210000, Reward=-8.81 +/- 1.38, EpLength: 1600.00 +/- 0.00
20-04-24 18:17[icct.rl_helpers.eval_callback]INFO | (Save ) Storing Best Model: New best mean reward!
20-04-24 18:18[icct.rl_helpers.eval_callback]INFO | (Train) Episode: 180, Avg Reward: -49.3352659683999, Best: -49.3352659683999
20-04-24 18:18[icct.rl_helpers.eval_callback]INFO | (Eval ) num_timesteps=211500, Reward=-15.79 +/- 2.17, EpLength: 1600.00 +/- 0.00
20-04-24 18:20[icct.rl_helpers.eval_callback]INFO | (Eval ) num_timesteps=213000, Reward=-19.40 +/- 2.03, EpLength: 1600.00 +/- 0.00
20-04-24 18:21[icct.rl_helpers.eval_callback]INFO | (Eval ) num_timesteps=214500, Reward=-24.92 +/- 0.04, EpLength: 1600.00 +/- 0.00
20-04-24 18:22[icct.rl_helpers.eval_callback]INFO | (Eval ) num_timesteps=216000, Reward=-17.37 +/- 0.07, EpLength: 1600.00 +/- 0.00
20-04-24 18:24[icct.rl_helpers.eval_callback]INFO | (Eval ) num_timesteps=217500, Reward=-13.83 +/- 2.65, EpLength: 1600.00 +/- 0.00
20-04-24 18:25[icct.rl_helpers.eval_callback]INFO | (Eval ) num_timesteps=219000, Reward=-17.64 +/- 0.79, EpLength: 1600.00 +/- 0.00
20-04-24 18:26[icct.rl_helpers.eval_callback]INFO | (Eval ) num_timesteps=220500, Reward=-38.40 +/- 0.11, EpLength: 1600.00 +/- 0.00
20-04-24 18:27[icct.rl_helpers.eval_callback]INFO | (Eval ) num_timesteps=222000, Reward=-57.00 +/- 17.26, EpLength: 1600.00 +/- 0.00
20-04-24 18:28[icct.rl_helpers.eval_callback]INFO | (Eval ) num_timesteps=223500, Reward=-31.55 +/- 7.53, EpLength: 1600.00 +/- 0.00
20-04-24 18:29[icct.rl_helpers.eval_callback]INFO | (Eval ) num_timesteps=225000, Reward=-22.85 +/- 9.00, EpLength: 1600.00 +/- 0.00
20-04-24 18:30[icct.rl_helpers.eval_callback]INFO | (Train) Episode: 190, Avg Reward: -45.60393082013151, Best: -45.60393082013151
20-04-24 18:30[icct.rl_helpers.eval_callback]INFO | (Eval ) num_timesteps=226500, Reward=-31.26 +/- 0.75, EpLength: 1600.00 +/- 0.00
20-04-24 18:31[icct.rl_helpers.eval_callback]INFO | (Eval ) num_timesteps=228000, Reward=-27.73 +/- 6.82, EpLength: 1600.00 +/- 0.00
20-04-24 18:33[icct.rl_helpers.eval_callback]INFO | (Eval ) num_timesteps=229500, Reward=-18.65 +/- 0.41, EpLength: 1600.00 +/- 0.00
20-04-24 18:34[icct.rl_helpers.eval_callback]INFO | (Eval ) num_timesteps=231000, Reward=-17.52 +/- 3.39, EpLength: 1600.00 +/- 0.00
20-04-24 18:36[icct.rl_helpers.eval_callback]INFO | (Eval ) num_timesteps=232500, Reward=-22.30 +/- 0.02, EpLength: 1600.00 +/- 0.00
20-04-24 18:38[icct.rl_helpers.eval_callback]INFO | (Eval ) num_timesteps=234000, Reward=-23.77 +/- 0.09, EpLength: 1600.00 +/- 0.00
20-04-24 18:39[icct.rl_helpers.eval_callback]INFO | (Eval ) num_timesteps=235500, Reward=-25.66 +/- 5.57, EpLength: 1600.00 +/- 0.00
20-04-24 18:40[icct.rl_helpers.eval_callback]INFO | (Eval ) num_timesteps=237000, Reward=-19.55 +/- 2.18, EpLength: 1600.00 +/- 0.00
20-04-24 18:42[icct.rl_helpers.eval_callback]INFO | (Eval ) num_timesteps=238500, Reward=-18.89 +/- 0.32, EpLength: 1600.00 +/- 0.00
20-04-24 18:43[icct.rl_helpers.eval_callback]INFO | (Eval ) num_timesteps=240000, Reward=-12.07 +/- 1.36, EpLength: 1600.00 +/- 0.00
20-04-24 18:43[icct.rl_helpers.eval_callback]INFO | (Train) Episode: 200, Avg Reward: -45.59792509245594, Best: -45.59792509245594
20-04-24 18:44[icct.rl_helpers.eval_callback]INFO | (Eval ) num_timesteps=241500, Reward=-39.25 +/- 14.70, EpLength: 1600.00 +/- 0.00
20-04-24 18:45[icct.rl_helpers.eval_callback]INFO | (Eval ) num_timesteps=243000, Reward=-9.82 +/- 1.31, EpLength: 1600.00 +/- 0.00
20-04-24 18:46[icct.rl_helpers.eval_callback]INFO | (Eval ) num_timesteps=244500, Reward=-31.76 +/- 6.43, EpLength: 1600.00 +/- 0.00
20-04-24 18:47[icct.rl_helpers.eval_callback]INFO | (Eval ) num_timesteps=246000, Reward=-54.31 +/- 4.51, EpLength: 1600.00 +/- 0.00
20-04-24 18:49[icct.rl_helpers.eval_callback]INFO | (Eval ) num_timesteps=247500, Reward=-59.45 +/- 0.48, EpLength: 1600.00 +/- 0.00
20-04-24 18:50[icct.rl_helpers.eval_callback]INFO | (Eval ) num_timesteps=249000, Reward=-23.29 +/- 0.02, EpLength: 1600.00 +/- 0.00
20-04-24 18:51[icct.rl_helpers.eval_callback]INFO | (Eval ) num_timesteps=250500, Reward=-104.44 +/- 1.40, EpLength: 62.40 +/- 16.66
20-04-24 18:53[icct.rl_helpers.eval_callback]INFO | (Eval ) num_timesteps=252000, Reward=-29.40 +/- 0.05, EpLength: 1600.00 +/- 0.00
20-04-24 18:54[icct.rl_helpers.eval_callback]INFO | (Eval ) num_timesteps=253500, Reward=-32.22 +/- 1.56, EpLength: 1600.00 +/- 0.00
20-04-24 18:55[icct.rl_helpers.eval_callback]INFO | (Eval ) num_timesteps=255000, Reward=-24.16 +/- 2.09, EpLength: 1600.00 +/- 0.00
20-04-24 18:57[icct.rl_helpers.eval_callback]INFO | (Eval ) num_timesteps=256500, Reward=-20.94 +/- 1.85, EpLength: 1600.00 +/- 0.00
20-04-24 18:57[icct.rl_helpers.eval_callback]INFO | (Train) Episode: 210, Avg Reward: -45.60873451860478, Best: -45.265010826462095
20-04-24 18:58[icct.rl_helpers.eval_callback]INFO | (Eval ) num_timesteps=258000, Reward=-17.00 +/- 8.70, EpLength: 1600.00 +/- 0.00
20-04-24 19:00[icct.rl_helpers.eval_callback]INFO | (Eval ) num_timesteps=259500, Reward=-15.37 +/- 2.31, EpLength: 1600.00 +/- 0.00
20-04-24 19:01[icct.rl_helpers.eval_callback]INFO | (Eval ) num_timesteps=261000, Reward=-52.79 +/- 11.20, EpLength: 1600.00 +/- 0.00
20-04-24 19:03[icct.rl_helpers.eval_callback]INFO | (Eval ) num_timesteps=262500, Reward=-38.33 +/- 0.16, EpLength: 1600.00 +/- 0.00
20-04-24 19:04[icct.rl_helpers.eval_callback]INFO | (Eval ) num_timesteps=264000, Reward=-17.90 +/- 6.87, EpLength: 1600.00 +/- 0.00
20-04-24 19:06[icct.rl_helpers.eval_callback]INFO | (Eval ) num_timesteps=265500, Reward=-110.16 +/- 28.86, EpLength: 419.60 +/- 590.41
20-04-24 19:07[icct.rl_helpers.eval_callback]INFO | (Eval ) num_timesteps=267000, Reward=-33.26 +/- 0.05, EpLength: 1600.00 +/- 0.00
20-04-24 19:09[icct.rl_helpers.eval_callback]INFO | (Eval ) num_timesteps=268500, Reward=-40.01 +/- 5.78, EpLength: 1600.00 +/- 0.00
20-04-24 19:10[icct.rl_helpers.eval_callback]INFO | (Eval ) num_timesteps=270000, Reward=-37.92 +/- 4.83, EpLength: 1600.00 +/- 0.00
20-04-24 19:11[icct.rl_helpers.eval_callback]INFO | (Train) Episode: 220, Avg Reward: -45.842390018162504, Best: -45.265010826462095
20-04-24 19:11[icct.rl_helpers.eval_callback]INFO | (Eval ) num_timesteps=271500, Reward=-40.09 +/- 22.95, EpLength: 1600.00 +/- 0.00
20-04-24 19:13[icct.rl_helpers.eval_callback]INFO | (Eval ) num_timesteps=273000, Reward=-7.05 +/- 0.03, EpLength: 1600.00 +/- 0.00
20-04-24 19:13[icct.rl_helpers.eval_callback]INFO | (Save ) Storing Best Model: New best mean reward!
20-04-24 19:14[icct.rl_helpers.eval_callback]INFO | (Eval ) num_timesteps=274500, Reward=-22.69 +/- 0.38, EpLength: 1600.00 +/- 0.00
20-04-24 19:16[icct.rl_helpers.eval_callback]INFO | (Eval ) num_timesteps=276000, Reward=-10.96 +/- 0.06, EpLength: 1600.00 +/- 0.00
20-04-24 19:17[icct.rl_helpers.eval_callback]INFO | (Eval ) num_timesteps=277500, Reward=-29.95 +/- 17.12, EpLength: 1600.00 +/- 0.00
20-04-24 19:19[icct.rl_helpers.eval_callback]INFO | (Eval ) num_timesteps=279000, Reward=-9.00 +/- 1.30, EpLength: 1600.00 +/- 0.00
20-04-24 19:20[icct.rl_helpers.eval_callback]INFO | (Eval ) num_timesteps=280500, Reward=-13.24 +/- 2.43, EpLength: 1600.00 +/- 0.00
20-04-24 19:21[icct.rl_helpers.eval_callback]INFO | (Eval ) num_timesteps=282000, Reward=-15.29 +/- 6.09, EpLength: 1600.00 +/- 0.00
20-04-24 19:23[icct.rl_helpers.eval_callback]INFO | (Eval ) num_timesteps=283500, Reward=-18.66 +/- 0.03, EpLength: 1600.00 +/- 0.00
20-04-24 19:24[icct.rl_helpers.eval_callback]INFO | (Eval ) num_timesteps=285000, Reward=-43.31 +/- 0.01, EpLength: 1600.00 +/- 0.00
20-04-24 19:26[icct.rl_helpers.eval_callback]INFO | (Eval ) num_timesteps=286500, Reward=-12.62 +/- 8.52, EpLength: 1600.00 +/- 0.00
20-04-24 19:26[icct.rl_helpers.eval_callback]INFO | (Train) Episode: 230, Avg Reward: -45.0259546888147, Best: -44.994380660842644
20-04-24 19:27[icct.rl_helpers.eval_callback]INFO | (Eval ) num_timesteps=288000, Reward=-8.95 +/- 0.13, EpLength: 1600.00 +/- 0.00
20-04-24 19:28[icct.rl_helpers.eval_callback]INFO | (Eval ) num_timesteps=289500, Reward=-7.86 +/- 5.96, EpLength: 1600.00 +/- 0.00
20-04-24 19:29[icct.rl_helpers.eval_callback]INFO | (Eval ) num_timesteps=291000, Reward=-22.61 +/- 0.03, EpLength: 1600.00 +/- 0.00
20-04-24 19:31[icct.rl_helpers.eval_callback]INFO | (Eval ) num_timesteps=292500, Reward=-24.82 +/- 0.20, EpLength: 1600.00 +/- 0.00
20-04-24 19:32[icct.rl_helpers.eval_callback]INFO | (Eval ) num_timesteps=294000, Reward=-27.57 +/- 0.03, EpLength: 1600.00 +/- 0.00
20-04-24 19:33[icct.rl_helpers.eval_callback]INFO | (Eval ) num_timesteps=295500, Reward=-12.79 +/- 0.15, EpLength: 1600.00 +/- 0.00
20-04-24 19:35[icct.rl_helpers.eval_callback]INFO | (Eval ) num_timesteps=297000, Reward=-28.28 +/- 2.33, EpLength: 1600.00 +/- 0.00
20-04-24 19:36[icct.rl_helpers.eval_callback]INFO | (Eval ) num_timesteps=298500, Reward=-21.18 +/- 7.68, EpLength: 1600.00 +/- 0.00
20-04-24 19:38[icct.rl_helpers.eval_callback]INFO | (Eval ) num_timesteps=300000, Reward=-9.09 +/- 0.01, EpLength: 1600.00 +/- 0.00
20-04-24 19:39[icct.rl_helpers.eval_callback]INFO | (Eval ) num_timesteps=301500, Reward=-11.02 +/- 0.04, EpLength: 1600.00 +/- 0.00
20-04-24 19:41[icct.rl_helpers.eval_callback]INFO | (Eval ) num_timesteps=303000, Reward=-15.35 +/- 0.02, EpLength: 1600.00 +/- 0.00
20-04-24 19:41[icct.rl_helpers.eval_callback]INFO | (Train) Episode: 240, Avg Reward: -44.67490443579173, Best: -44.67490443579173
20-04-24 19:42[icct.rl_helpers.eval_callback]INFO | (Eval ) num_timesteps=304500, Reward=-17.12 +/- 3.29, EpLength: 1600.00 +/- 0.00
20-04-24 19:44[icct.rl_helpers.eval_callback]INFO | (Eval ) num_timesteps=306000, Reward=-17.93 +/- 1.35, EpLength: 1600.00 +/- 0.00
20-04-24 19:45[icct.rl_helpers.eval_callback]INFO | (Eval ) num_timesteps=307500, Reward=-45.16 +/- 0.08, EpLength: 1600.00 +/- 0.00
20-04-24 19:47[icct.rl_helpers.eval_callback]INFO | (Eval ) num_timesteps=309000, Reward=-38.91 +/- 4.43, EpLength: 1600.00 +/- 0.00
20-04-24 19:48[icct.rl_helpers.eval_callback]INFO | (Eval ) num_timesteps=310500, Reward=-34.02 +/- 13.79, EpLength: 1600.00 +/- 0.00
20-04-24 19:50[icct.rl_helpers.eval_callback]INFO | (Eval ) num_timesteps=312000, Reward=-44.27 +/- 5.63, EpLength: 1600.00 +/- 0.00
20-04-24 19:51[icct.rl_helpers.eval_callback]INFO | (Eval ) num_timesteps=313500, Reward=-17.57 +/- 0.07, EpLength: 1600.00 +/- 0.00
20-04-24 19:52[icct.rl_helpers.eval_callback]INFO | (Eval ) num_timesteps=315000, Reward=-16.97 +/- 0.03, EpLength: 1600.00 +/- 0.00
20-04-24 19:54[icct.rl_helpers.eval_callback]INFO | (Eval ) num_timesteps=316500, Reward=-27.96 +/- 0.13, EpLength: 1600.00 +/- 0.00
20-04-24 19:55[icct.rl_helpers.eval_callback]INFO | (Eval ) num_timesteps=318000, Reward=-64.87 +/- 1.31, EpLength: 1600.00 +/- 0.00
20-04-24 19:56[icct.rl_helpers.eval_callback]INFO | (Train) Episode: 250, Avg Reward: -38.85393537714319, Best: -38.85393537714319
20-04-24 19:56[icct.rl_helpers.eval_callback]INFO | (Eval ) num_timesteps=319500, Reward=-22.49 +/- 0.22, EpLength: 1600.00 +/- 0.00
20-04-24 19:58[icct.rl_helpers.eval_callback]INFO | (Eval ) num_timesteps=321000, Reward=-10.66 +/- 2.01, EpLength: 1600.00 +/- 0.00
20-04-24 19:59[icct.rl_helpers.eval_callback]INFO | (Eval ) num_timesteps=322500, Reward=-47.84 +/- 9.23, EpLength: 1600.00 +/- 0.00
20-04-24 20:01[icct.rl_helpers.eval_callback]INFO | (Eval ) num_timesteps=324000, Reward=-6.73 +/- 2.04, EpLength: 1600.00 +/- 0.00
20-04-24 20:01[icct.rl_helpers.eval_callback]INFO | (Save ) Storing Best Model: New best mean reward!
20-04-24 20:02[icct.rl_helpers.eval_callback]INFO | (Eval ) num_timesteps=325500, Reward=-14.22 +/- 0.10, EpLength: 1600.00 +/- 0.00
20-04-24 20:04[icct.rl_helpers.eval_callback]INFO | (Eval ) num_timesteps=327000, Reward=-33.97 +/- 18.09, EpLength: 1600.00 +/- 0.00
20-04-24 20:05[icct.rl_helpers.eval_callback]INFO | (Eval ) num_timesteps=328500, Reward=-62.34 +/- 7.76, EpLength: 1600.00 +/- 0.00
20-04-24 20:06[icct.rl_helpers.eval_callback]INFO | (Eval ) num_timesteps=330000, Reward=-42.17 +/- 2.06, EpLength: 1600.00 +/- 0.00
20-04-24 20:08[icct.rl_helpers.eval_callback]INFO | (Eval ) num_timesteps=331500, Reward=-13.08 +/- 1.43, EpLength: 1600.00 +/- 0.00
20-04-24 20:09[icct.rl_helpers.eval_callback]INFO | (Eval ) num_timesteps=333000, Reward=-137.80 +/- 0.32, EpLength: 1600.00 +/- 0.00
20-04-24 20:10[icct.rl_helpers.eval_callback]INFO | (Eval ) num_timesteps=334500, Reward=-18.68 +/- 3.65, EpLength: 1600.00 +/- 0.00
20-04-24 20:11[icct.rl_helpers.eval_callback]INFO | (Train) Episode: 260, Avg Reward: -30.812498801697384, Best: -30.812498801697384
20-04-24 20:12[icct.rl_helpers.eval_callback]INFO | (Eval ) num_timesteps=336000, Reward=-39.97 +/- 1.10, EpLength: 1600.00 +/- 0.00
20-04-24 20:13[icct.rl_helpers.eval_callback]INFO | (Eval ) num_timesteps=337500, Reward=-17.44 +/- 9.21, EpLength: 1600.00 +/- 0.00
20-04-24 20:14[icct.rl_helpers.eval_callback]INFO | (Eval ) num_timesteps=339000, Reward=-20.00 +/- 0.76, EpLength: 1600.00 +/- 0.00
20-04-24 20:15[icct.rl_helpers.eval_callback]INFO | (Eval ) num_timesteps=340500, Reward=-27.04 +/- 2.31, EpLength: 1600.00 +/- 0.00
20-04-24 20:17[icct.rl_helpers.eval_callback]INFO | (Eval ) num_timesteps=342000, Reward=-6.26 +/- 2.69, EpLength: 1600.00 +/- 0.00
20-04-24 20:17[icct.rl_helpers.eval_callback]INFO | (Save ) Storing Best Model: New best mean reward!
20-04-24 20:18[icct.rl_helpers.eval_callback]INFO | (Eval ) num_timesteps=343500, Reward=-3.96 +/- 0.73, EpLength: 1600.00 +/- 0.00
20-04-24 20:18[icct.rl_helpers.eval_callback]INFO | (Save ) Storing Best Model: New best mean reward!
20-04-24 20:20[icct.rl_helpers.eval_callback]INFO | (Eval ) num_timesteps=345000, Reward=-14.27 +/- 1.64, EpLength: 1600.00 +/- 0.00
20-04-24 20:21[icct.rl_helpers.eval_callback]INFO | (Eval ) num_timesteps=346500, Reward=-6.54 +/- 2.49, EpLength: 1600.00 +/- 0.00
20-04-24 20:22[icct.rl_helpers.eval_callback]INFO | (Eval ) num_timesteps=348000, Reward=-31.36 +/- 0.65, EpLength: 1600.00 +/- 0.00
20-04-24 20:24[icct.rl_helpers.eval_callback]INFO | (Eval ) num_timesteps=349500, Reward=-12.71 +/- 0.33, EpLength: 1600.00 +/- 0.00
20-04-24 20:25[icct.rl_helpers.eval_callback]INFO | (Eval ) num_timesteps=351000, Reward=-117.21 +/- 1.29, EpLength: 75.40 +/- 9.31
20-04-24 20:25[icct.rl_helpers.eval_callback]INFO | (Train) Episode: 270, Avg Reward: -29.74420794374836, Best: -29.10944759307754
20-04-24 20:26[icct.rl_helpers.eval_callback]INFO | (Eval ) num_timesteps=352500, Reward=-160.75 +/- 0.10, EpLength: 1600.00 +/- 0.00
20-04-24 20:27[icct.rl_helpers.eval_callback]INFO | (Train) Episode: 280, Avg Reward: -38.26820052359171, Best: -29.10944759307754
20-04-24 20:28[icct.rl_helpers.eval_callback]INFO | (Eval ) num_timesteps=354000, Reward=-75.69 +/- 1.28, EpLength: 1600.00 +/- 0.00
20-04-24 20:29[icct.rl_helpers.eval_callback]INFO | (Eval ) num_timesteps=355500, Reward=-25.68 +/- 0.02, EpLength: 1600.00 +/- 0.00
20-04-24 20:30[icct.rl_helpers.eval_callback]INFO | (Eval ) num_timesteps=357000, Reward=-20.11 +/- 0.01, EpLength: 1600.00 +/- 0.00
20-04-24 20:32[icct.rl_helpers.eval_callback]INFO | (Eval ) num_timesteps=358500, Reward=-19.00 +/- 0.09, EpLength: 1600.00 +/- 0.00
20-04-24 20:33[icct.rl_helpers.eval_callback]INFO | (Eval ) num_timesteps=360000, Reward=-41.93 +/- 27.42, EpLength: 1600.00 +/- 0.00
20-04-24 20:35[icct.rl_helpers.eval_callback]INFO | (Eval ) num_timesteps=361500, Reward=-21.16 +/- 7.09, EpLength: 1600.00 +/- 0.00
20-04-24 20:36[icct.rl_helpers.eval_callback]INFO | (Eval ) num_timesteps=363000, Reward=-43.60 +/- 0.01, EpLength: 1600.00 +/- 0.00
20-04-24 20:38[icct.rl_helpers.eval_callback]INFO | (Eval ) num_timesteps=364500, Reward=-29.94 +/- 0.23, EpLength: 1600.00 +/- 0.00
20-04-24 20:39[icct.rl_helpers.eval_callback]INFO | (Eval ) num_timesteps=366000, Reward=-15.77 +/- 2.69, EpLength: 1600.00 +/- 0.00
20-04-24 20:40[icct.rl_helpers.eval_callback]INFO | (Eval ) num_timesteps=367500, Reward=-25.46 +/- 0.02, EpLength: 1600.00 +/- 0.00
20-04-24 20:42[icct.rl_helpers.eval_callback]INFO | (Eval ) num_timesteps=369000, Reward=-22.37 +/- 1.85, EpLength: 1600.00 +/- 0.00
20-04-24 20:42[icct.rl_helpers.eval_callback]INFO | (Train) Episode: 290, Avg Reward: -39.08514268368157, Best: -29.10944759307754
20-04-24 20:43[icct.rl_helpers.eval_callback]INFO | (Eval ) num_timesteps=370500, Reward=-25.59 +/- 7.19, EpLength: 1600.00 +/- 0.00
20-04-24 20:45[icct.rl_helpers.eval_callback]INFO | (Eval ) num_timesteps=372000, Reward=-41.48 +/- 12.58, EpLength: 1600.00 +/- 0.00
20-04-24 20:46[icct.rl_helpers.eval_callback]INFO | (Eval ) num_timesteps=373500, Reward=-57.80 +/- 0.02, EpLength: 1600.00 +/- 0.00
20-04-24 20:47[icct.rl_helpers.eval_callback]INFO | (Eval ) num_timesteps=375000, Reward=-17.90 +/- 2.40, EpLength: 1600.00 +/- 0.00
20-04-24 20:49[icct.rl_helpers.eval_callback]INFO | (Eval ) num_timesteps=376500, Reward=-17.92 +/- 0.45, EpLength: 1600.00 +/- 0.00
20-04-24 20:50[icct.rl_helpers.eval_callback]INFO | (Eval ) num_timesteps=378000, Reward=-22.44 +/- 0.12, EpLength: 1600.00 +/- 0.00
20-04-24 20:52[icct.rl_helpers.eval_callback]INFO | (Eval ) num_timesteps=379500, Reward=-44.03 +/- 1.56, EpLength: 1600.00 +/- 0.00
20-04-24 20:53[icct.rl_helpers.eval_callback]INFO | (Eval ) num_timesteps=381000, Reward=-27.26 +/- 1.97, EpLength: 1600.00 +/- 0.00
20-04-24 20:54[icct.rl_helpers.eval_callback]INFO | (Eval ) num_timesteps=382500, Reward=-102.35 +/- 0.41, EpLength: 76.60 +/- 3.88
20-04-24 20:54[icct.rl_helpers.eval_callback]INFO | (Train) Episode: 300, Avg Reward: -40.083471274893846, Best: -29.10944759307754
20-04-24 20:55[icct.rl_helpers.eval_callback]INFO | (Train) Episode: 310, Avg Reward: -47.18785064758071, Best: -29.10944759307754
20-04-24 20:55[icct.rl_helpers.eval_callback]INFO | (Eval ) num_timesteps=384000, Reward=-102.52 +/- 0.07, EpLength: 58.60 +/- 0.49
20-04-24 20:56[icct.rl_helpers.eval_callback]INFO | (Train) Episode: 320, Avg Reward: -54.437940133835035, Best: -29.10944759307754
20-04-24 20:57[icct.rl_helpers.eval_callback]INFO | (Eval ) num_timesteps=385500, Reward=-102.77 +/- 0.07, EpLength: 59.80 +/- 0.40
20-04-24 20:57[icct.rl_helpers.eval_callback]INFO | (Train) Episode: 330, Avg Reward: -62.61692054544303, Best: -29.10944759307754
20-04-24 20:58[icct.rl_helpers.eval_callback]INFO | (Eval ) num_timesteps=387000, Reward=-91.36 +/- 10.24, EpLength: 696.40 +/- 737.79
20-04-24 20:59[icct.rl_helpers.eval_callback]INFO | (Eval ) num_timesteps=388500, Reward=-118.04 +/- 1.04, EpLength: 1600.00 +/- 0.00
20-04-24 21:01[icct.rl_helpers.eval_callback]INFO | (Eval ) num_timesteps=390000, Reward=-49.71 +/- 10.96, EpLength: 1600.00 +/- 0.00
20-04-24 21:02[icct.rl_helpers.eval_callback]INFO | (Eval ) num_timesteps=391500, Reward=-47.89 +/- 1.38, EpLength: 1600.00 +/- 0.00
20-04-24 21:04[icct.rl_helpers.eval_callback]INFO | (Eval ) num_timesteps=393000, Reward=-63.55 +/- 0.87, EpLength: 1600.00 +/- 0.00
20-04-24 21:05[icct.rl_helpers.eval_callback]INFO | (Train) Episode: 340, Avg Reward: -69.30422813018232, Best: -29.10944759307754
20-04-24 21:05[icct.rl_helpers.eval_callback]INFO | (Eval ) num_timesteps=394500, Reward=-64.64 +/- 16.25, EpLength: 1600.00 +/- 0.00
20-04-24 21:06[icct.rl_helpers.eval_callback]INFO | (Eval ) num_timesteps=396000, Reward=-97.13 +/- 0.30, EpLength: 1600.00 +/- 0.00
20-04-24 21:08[icct.rl_helpers.eval_callback]INFO | (Eval ) num_timesteps=397500, Reward=-84.22 +/- 1.02, EpLength: 1600.00 +/- 0.00
20-04-24 21:09[icct.rl_helpers.eval_callback]INFO | (Eval ) num_timesteps=399000, Reward=-109.79 +/- 12.12, EpLength: 1600.00 +/- 0.00
20-04-24 21:10[icct.rl_helpers.eval_callback]INFO | (Eval ) num_timesteps=400500, Reward=-96.41 +/- 0.03, EpLength: 1600.00 +/- 0.00
20-04-24 21:11[icct.rl_helpers.eval_callback]INFO | (Eval ) num_timesteps=402000, Reward=-19.76 +/- 1.79, EpLength: 1600.00 +/- 0.00
20-04-24 21:13[icct.rl_helpers.eval_callback]INFO | (Eval ) num_timesteps=403500, Reward=-15.48 +/- 0.25, EpLength: 1600.00 +/- 0.00
20-04-24 21:14[icct.rl_helpers.eval_callback]INFO | (Eval ) num_timesteps=405000, Reward=-18.08 +/- 0.74, EpLength: 1600.00 +/- 0.00
20-04-24 21:16[icct.rl_helpers.eval_callback]INFO | (Eval ) num_timesteps=406500, Reward=-14.53 +/- 1.69, EpLength: 1600.00 +/- 0.00
20-04-24 21:17[icct.rl_helpers.eval_callback]INFO | (Eval ) num_timesteps=408000, Reward=-19.88 +/- 8.99, EpLength: 1600.00 +/- 0.00
20-04-24 21:17[icct.rl_helpers.eval_callback]INFO | (Train) Episode: 350, Avg Reward: -72.54458863398666, Best: -29.10944759307754
20-04-24 21:18[icct.rl_helpers.eval_callback]INFO | (Eval ) num_timesteps=409500, Reward=-73.00 +/- 1.38, EpLength: 1600.00 +/- 0.00
20-04-24 21:19[icct.rl_helpers.eval_callback]INFO | (Eval ) num_timesteps=411000, Reward=-25.61 +/- 0.19, EpLength: 1600.00 +/- 0.00
20-04-24 21:21[icct.rl_helpers.eval_callback]INFO | (Eval ) num_timesteps=412500, Reward=-40.45 +/- 1.89, EpLength: 1600.00 +/- 0.00
20-04-24 21:22[icct.rl_helpers.eval_callback]INFO | (Eval ) num_timesteps=414000, Reward=-35.65 +/- 3.81, EpLength: 1600.00 +/- 0.00
20-04-24 21:23[icct.rl_helpers.eval_callback]INFO | (Eval ) num_timesteps=415500, Reward=-59.68 +/- 1.51, EpLength: 1600.00 +/- 0.00
20-04-24 21:25[icct.rl_helpers.eval_callback]INFO | (Eval ) num_timesteps=417000, Reward=-29.50 +/- 0.20, EpLength: 1600.00 +/- 0.00
20-04-24 21:26[icct.rl_helpers.eval_callback]INFO | (Eval ) num_timesteps=418500, Reward=-33.08 +/- 1.88, EpLength: 1600.00 +/- 0.00
20-04-24 21:28[icct.rl_helpers.eval_callback]INFO | (Eval ) num_timesteps=420000, Reward=-31.17 +/- 0.01, EpLength: 1600.00 +/- 0.00
20-04-24 21:29[icct.rl_helpers.eval_callback]INFO | (Eval ) num_timesteps=421500, Reward=-27.38 +/- 6.77, EpLength: 1600.00 +/- 0.00
20-04-24 21:31[icct.rl_helpers.eval_callback]INFO | (Eval ) num_timesteps=423000, Reward=-28.75 +/- 0.09, EpLength: 1600.00 +/- 0.00
20-04-24 21:33[icct.rl_helpers.eval_callback]INFO | (Eval ) num_timesteps=424500, Reward=-68.92 +/- 41.68, EpLength: 1600.00 +/- 0.00
20-04-24 21:33[icct.rl_helpers.eval_callback]INFO | (Train) Episode: 360, Avg Reward: -73.61131646717402, Best: -29.10944759307754
20-04-24 21:34[icct.rl_helpers.eval_callback]INFO | (Eval ) num_timesteps=426000, Reward=-37.76 +/- 8.41, EpLength: 1600.00 +/- 0.00
20-04-24 21:36[icct.rl_helpers.eval_callback]INFO | (Eval ) num_timesteps=427500, Reward=-17.30 +/- 0.03, EpLength: 1600.00 +/- 0.00
20-04-24 21:37[icct.rl_helpers.eval_callback]INFO | (Eval ) num_timesteps=429000, Reward=-42.11 +/- 19.86, EpLength: 1600.00 +/- 0.00
20-04-24 21:38[icct.rl_helpers.eval_callback]INFO | (Eval ) num_timesteps=430500, Reward=-18.04 +/- 3.52, EpLength: 1600.00 +/- 0.00
20-04-24 21:39[icct.rl_helpers.eval_callback]INFO | (Eval ) num_timesteps=432000, Reward=-61.56 +/- 0.40, EpLength: 1600.00 +/- 0.00
20-04-24 21:40[icct.rl_helpers.eval_callback]INFO | (Eval ) num_timesteps=433500, Reward=-33.61 +/- 6.02, EpLength: 1600.00 +/- 0.00
20-04-24 21:41[icct.rl_helpers.eval_callback]INFO | (Eval ) num_timesteps=435000, Reward=-8.60 +/- 0.46, EpLength: 1600.00 +/- 0.00
20-04-24 21:42[icct.rl_helpers.eval_callback]INFO | (Eval ) num_timesteps=436500, Reward=-109.92 +/- 4.71, EpLength: 79.20 +/- 13.67
20-04-24 21:43[icct.rl_helpers.eval_callback]INFO | (Eval ) num_timesteps=438000, Reward=-41.65 +/- 14.04, EpLength: 1600.00 +/- 0.00
20-04-24 21:45[icct.rl_helpers.eval_callback]INFO | (Eval ) num_timesteps=439500, Reward=-35.83 +/- 8.13, EpLength: 1600.00 +/- 0.00
20-04-24 21:45[icct.rl_helpers.eval_callback]INFO | (Train) Episode: 370, Avg Reward: -73.98484827565031, Best: -29.10944759307754
20-04-24 21:46[icct.rl_helpers.eval_callback]INFO | (Eval ) num_timesteps=441000, Reward=-28.13 +/- 12.64, EpLength: 1600.00 +/- 0.00
20-04-24 21:47[icct.rl_helpers.eval_callback]INFO | (Eval ) num_timesteps=442500, Reward=-20.24 +/- 5.43, EpLength: 1600.00 +/- 0.00
20-04-24 21:48[icct.rl_helpers.eval_callback]INFO | (Eval ) num_timesteps=444000, Reward=-32.37 +/- 2.17, EpLength: 1600.00 +/- 0.00
20-04-24 21:50[icct.rl_helpers.eval_callback]INFO | (Eval ) num_timesteps=445500, Reward=-15.26 +/- 4.57, EpLength: 1600.00 +/- 0.00
20-04-24 21:51[icct.rl_helpers.eval_callback]INFO | (Eval ) num_timesteps=447000, Reward=-25.13 +/- 0.31, EpLength: 1600.00 +/- 0.00
20-04-24 21:52[icct.rl_helpers.eval_callback]INFO | (Eval ) num_timesteps=448500, Reward=-22.55 +/- 1.61, EpLength: 1600.00 +/- 0.00
20-04-24 21:53[icct.rl_helpers.eval_callback]INFO | (Eval ) num_timesteps=450000, Reward=-21.67 +/- 0.44, EpLength: 1600.00 +/- 0.00
20-04-24 21:54[icct.rl_helpers.eval_callback]INFO | (Eval ) num_timesteps=451500, Reward=-28.63 +/- 6.20, EpLength: 1600.00 +/- 0.00
20-04-24 21:56[icct.rl_helpers.eval_callback]INFO | (Eval ) num_timesteps=453000, Reward=-10.70 +/- 0.26, EpLength: 1600.00 +/- 0.00
20-04-24 21:57[icct.rl_helpers.eval_callback]INFO | (Eval ) num_timesteps=454500, Reward=-24.91 +/- 6.88, EpLength: 1600.00 +/- 0.00
20-04-24 21:58[icct.rl_helpers.eval_callback]INFO | (Train) Episode: 380, Avg Reward: -65.86275880865925, Best: -29.10944759307754
20-04-24 21:58[icct.rl_helpers.eval_callback]INFO | (Eval ) num_timesteps=456000, Reward=-15.68 +/- 4.47, EpLength: 1600.00 +/- 0.00
20-04-24 22:00[icct.rl_helpers.eval_callback]INFO | (Eval ) num_timesteps=457500, Reward=-12.19 +/- 0.39, EpLength: 1600.00 +/- 0.00
20-04-24 22:02[icct.rl_helpers.eval_callback]INFO | (Eval ) num_timesteps=459000, Reward=-3.77 +/- 0.36, EpLength: 1600.00 +/- 0.00
20-04-24 22:02[icct.rl_helpers.eval_callback]INFO | (Save ) Storing Best Model: New best mean reward!
20-04-24 22:03[icct.rl_helpers.eval_callback]INFO | (Eval ) num_timesteps=460500, Reward=-22.99 +/- 0.14, EpLength: 1600.00 +/- 0.00
20-04-24 22:04[icct.rl_helpers.eval_callback]INFO | (Eval ) num_timesteps=462000, Reward=-16.49 +/- 0.07, EpLength: 1600.00 +/- 0.00
20-04-24 22:05[icct.rl_helpers.eval_callback]INFO | (Eval ) num_timesteps=463500, Reward=-20.36 +/- 3.59, EpLength: 1600.00 +/- 0.00
20-04-24 22:07[icct.rl_helpers.eval_callback]INFO | (Eval ) num_timesteps=465000, Reward=-15.24 +/- 4.68, EpLength: 1600.00 +/- 0.00
20-04-24 22:08[icct.rl_helpers.eval_callback]INFO | (Eval ) num_timesteps=466500, Reward=-18.73 +/- 0.13, EpLength: 1600.00 +/- 0.00
20-04-24 22:10[icct.rl_helpers.eval_callback]INFO | (Eval ) num_timesteps=468000, Reward=-8.32 +/- 0.14, EpLength: 1600.00 +/- 0.00
20-04-24 22:11[icct.rl_helpers.eval_callback]INFO | (Eval ) num_timesteps=469500, Reward=-20.79 +/- 3.50, EpLength: 1600.00 +/- 0.00
20-04-24 22:13[icct.rl_helpers.eval_callback]INFO | (Eval ) num_timesteps=471000, Reward=-13.88 +/- 2.08, EpLength: 1600.00 +/- 0.00
20-04-24 22:13[icct.rl_helpers.eval_callback]INFO | (Train) Episode: 390, Avg Reward: -64.72104726998498, Best: -29.10944759307754
20-04-24 22:14[icct.rl_helpers.eval_callback]INFO | (Eval ) num_timesteps=472500, Reward=-15.04 +/- 0.55, EpLength: 1600.00 +/- 0.00
20-04-24 22:16[icct.rl_helpers.eval_callback]INFO | (Eval ) num_timesteps=474000, Reward=-23.22 +/- 1.91, EpLength: 1600.00 +/- 0.00
20-04-24 22:17[icct.rl_helpers.eval_callback]INFO | (Eval ) num_timesteps=475500, Reward=-21.29 +/- 1.28, EpLength: 1600.00 +/- 0.00
20-04-24 22:19[icct.rl_helpers.eval_callback]INFO | (Eval ) num_timesteps=477000, Reward=-16.81 +/- 0.29, EpLength: 1600.00 +/- 0.00
20-04-24 22:20[icct.rl_helpers.eval_callback]INFO | (Eval ) num_timesteps=478500, Reward=-16.31 +/- 5.09, EpLength: 1600.00 +/- 0.00
20-04-24 22:22[icct.rl_helpers.eval_callback]INFO | (Eval ) num_timesteps=480000, Reward=-14.30 +/- 6.35, EpLength: 1600.00 +/- 0.00
20-04-24 22:23[icct.rl_helpers.eval_callback]INFO | (Eval ) num_timesteps=481500, Reward=-10.61 +/- 1.01, EpLength: 1600.00 +/- 0.00
20-04-24 22:25[icct.rl_helpers.eval_callback]INFO | (Eval ) num_timesteps=483000, Reward=-12.69 +/- 9.92, EpLength: 1600.00 +/- 0.00
20-04-24 22:26[icct.rl_helpers.eval_callback]INFO | (Eval ) num_timesteps=484500, Reward=-29.68 +/- 6.09, EpLength: 1600.00 +/- 0.00
20-04-24 22:28[icct.rl_helpers.eval_callback]INFO | (Eval ) num_timesteps=486000, Reward=-31.75 +/- 11.93, EpLength: 1600.00 +/- 0.00
20-04-24 22:28[icct.rl_helpers.eval_callback]INFO | (Train) Episode: 400, Avg Reward: -62.25433448211429, Best: -29.10944759307754
20-04-24 22:29[icct.rl_helpers.eval_callback]INFO | (Eval ) num_timesteps=487500, Reward=-16.34 +/- 8.89, EpLength: 1600.00 +/- 0.00
20-04-24 22:30[icct.rl_helpers.eval_callback]INFO | (Eval ) num_timesteps=489000, Reward=-26.16 +/- 12.09, EpLength: 1600.00 +/- 0.00
20-04-24 22:31[icct.rl_helpers.eval_callback]INFO | (Eval ) num_timesteps=490500, Reward=-15.67 +/- 0.28, EpLength: 1600.00 +/- 0.00
20-04-24 22:32[icct.rl_helpers.eval_callback]INFO | (Eval ) num_timesteps=492000, Reward=-45.10 +/- 16.61, EpLength: 1600.00 +/- 0.00
20-04-24 22:34[icct.rl_helpers.eval_callback]INFO | (Eval ) num_timesteps=493500, Reward=-12.54 +/- 2.43, EpLength: 1600.00 +/- 0.00
20-04-24 22:35[icct.rl_helpers.eval_callback]INFO | (Eval ) num_timesteps=495000, Reward=-7.57 +/- 0.50, EpLength: 1600.00 +/- 0.00
20-04-24 22:36[icct.rl_helpers.eval_callback]INFO | (Eval ) num_timesteps=496500, Reward=-12.86 +/- 0.72, EpLength: 1600.00 +/- 0.00
20-04-24 22:37[icct.rl_helpers.eval_callback]INFO | (Eval ) num_timesteps=498000, Reward=-14.09 +/- 0.04, EpLength: 1600.00 +/- 0.00
20-04-24 22:38[icct.rl_helpers.eval_callback]INFO | (Eval ) num_timesteps=499500, Reward=-9.26 +/- 2.15, EpLength: 1600.00 +/- 0.00
20-04-24 22:40[icct.rl_helpers.eval_callback]INFO | (Eval ) num_timesteps=501000, Reward=-12.62 +/- 1.02, EpLength: 1600.00 +/- 0.00
20-04-24 22:41[icct.rl_helpers.eval_callback]INFO | (Eval ) num_timesteps=502500, Reward=-8.02 +/- 1.07, EpLength: 1600.00 +/- 0.00
20-04-24 22:41[icct.rl_helpers.eval_callback]INFO | (Train) Episode: 410, Avg Reward: -54.74261389846616, Best: -29.10944759307754
20-04-24 22:42[icct.rl_helpers.eval_callback]INFO | (Eval ) num_timesteps=504000, Reward=-13.94 +/- 1.99, EpLength: 1600.00 +/- 0.00
20-04-24 22:43[icct.rl_helpers.eval_callback]INFO | (Eval ) num_timesteps=505500, Reward=-18.98 +/- 0.29, EpLength: 1600.00 +/- 0.00
20-04-24 22:45[icct.rl_helpers.eval_callback]INFO | (Eval ) num_timesteps=507000, Reward=-23.04 +/- 0.01, EpLength: 1600.00 +/- 0.00
20-04-24 22:47[icct.rl_helpers.eval_callback]INFO | (Eval ) num_timesteps=508500, Reward=-25.60 +/- 0.03, EpLength: 1600.00 +/- 0.00
20-04-24 22:48[icct.rl_helpers.eval_callback]INFO | (Eval ) num_timesteps=510000, Reward=-38.41 +/- 0.85, EpLength: 1600.00 +/- 0.00
20-04-24 22:50[icct.rl_helpers.eval_callback]INFO | (Eval ) num_timesteps=511500, Reward=-30.32 +/- 1.04, EpLength: 1600.00 +/- 0.00
20-04-24 22:51[icct.rl_helpers.eval_callback]INFO | (Eval ) num_timesteps=513000, Reward=-12.20 +/- 0.59, EpLength: 1600.00 +/- 0.00
20-04-24 22:53[icct.rl_helpers.eval_callback]INFO | (Eval ) num_timesteps=514500, Reward=-10.24 +/- 3.57, EpLength: 1600.00 +/- 0.00
20-04-24 22:54[icct.rl_helpers.eval_callback]INFO | (Eval ) num_timesteps=516000, Reward=-11.73 +/- 0.53, EpLength: 1600.00 +/- 0.00
20-04-24 22:55[icct.rl_helpers.eval_callback]INFO | (Eval ) num_timesteps=517500, Reward=-22.74 +/- 4.63, EpLength: 1600.00 +/- 0.00
20-04-24 22:57[icct.rl_helpers.eval_callback]INFO | (Eval ) num_timesteps=519000, Reward=-16.70 +/- 11.44, EpLength: 1600.00 +/- 0.00
20-04-24 22:57[icct.rl_helpers.eval_callback]INFO | (Train) Episode: 420, Avg Reward: -46.117015704014094, Best: -29.10944759307754
20-04-24 22:58[icct.rl_helpers.eval_callback]INFO | (Eval ) num_timesteps=520500, Reward=-18.24 +/- 0.16, EpLength: 1600.00 +/- 0.00
20-04-24 23:00[icct.rl_helpers.eval_callback]INFO | (Eval ) num_timesteps=522000, Reward=-24.77 +/- 0.11, EpLength: 1600.00 +/- 0.00
20-04-24 23:02[icct.rl_helpers.eval_callback]INFO | (Eval ) num_timesteps=523500, Reward=-17.05 +/- 4.33, EpLength: 1600.00 +/- 0.00
20-04-24 23:03[icct.rl_helpers.eval_callback]INFO | (Eval ) num_timesteps=525000, Reward=-8.20 +/- 5.74, EpLength: 1600.00 +/- 0.00
20-04-24 23:05[icct.rl_helpers.eval_callback]INFO | (Eval ) num_timesteps=526500, Reward=-36.51 +/- 20.21, EpLength: 1600.00 +/- 0.00
20-04-24 23:06[icct.rl_helpers.eval_callback]INFO | (Eval ) num_timesteps=528000, Reward=-57.80 +/- 0.08, EpLength: 1600.00 +/- 0.00
20-04-24 23:08[icct.rl_helpers.eval_callback]INFO | (Eval ) num_timesteps=529500, Reward=-26.47 +/- 0.09, EpLength: 1600.00 +/- 0.00
20-04-24 23:10[icct.rl_helpers.eval_callback]INFO | (Eval ) num_timesteps=531000, Reward=-19.83 +/- 6.92, EpLength: 1600.00 +/- 0.00
20-04-24 23:12[icct.rl_helpers.eval_callback]INFO | (Eval ) num_timesteps=532500, Reward=-38.15 +/- 6.09, EpLength: 1600.00 +/- 0.00
20-04-24 23:13[icct.rl_helpers.eval_callback]INFO | (Eval ) num_timesteps=534000, Reward=-7.96 +/- 0.21, EpLength: 1600.00 +/- 0.00
20-04-24 23:14[icct.rl_helpers.eval_callback]INFO | (Train) Episode: 430, Avg Reward: -38.32651922319393, Best: -29.10944759307754
20-04-24 23:15[icct.rl_helpers.eval_callback]INFO | (Eval ) num_timesteps=535500, Reward=-33.21 +/- 18.96, EpLength: 1600.00 +/- 0.00
20-04-24 23:16[icct.rl_helpers.eval_callback]INFO | (Eval ) num_timesteps=537000, Reward=-11.43 +/- 0.07, EpLength: 1600.00 +/- 0.00
20-04-24 23:18[icct.rl_helpers.eval_callback]INFO | (Eval ) num_timesteps=538500, Reward=-50.80 +/- 2.17, EpLength: 1600.00 +/- 0.00
20-04-24 23:19[icct.rl_helpers.eval_callback]INFO | (Eval ) num_timesteps=540000, Reward=-16.48 +/- 1.94, EpLength: 1600.00 +/- 0.00
20-04-24 23:21[icct.rl_helpers.eval_callback]INFO | (Eval ) num_timesteps=541500, Reward=-12.20 +/- 1.73, EpLength: 1600.00 +/- 0.00
20-04-24 23:22[icct.rl_helpers.eval_callback]INFO | (Eval ) num_timesteps=543000, Reward=-38.26 +/- 10.83, EpLength: 1600.00 +/- 0.00
20-04-24 23:24[icct.rl_helpers.eval_callback]INFO | (Eval ) num_timesteps=544500, Reward=-40.16 +/- 0.04, EpLength: 1600.00 +/- 0.00
20-04-24 23:25[icct.rl_helpers.eval_callback]INFO | (Eval ) num_timesteps=546000, Reward=-81.93 +/- 17.00, EpLength: 1600.00 +/- 0.00
20-04-24 23:27[icct.rl_helpers.eval_callback]INFO | (Eval ) num_timesteps=547500, Reward=-61.76 +/- 24.17, EpLength: 1600.00 +/- 0.00
20-04-24 23:28[icct.rl_helpers.eval_callback]INFO | (Eval ) num_timesteps=549000, Reward=-50.89 +/- 0.32, EpLength: 1600.00 +/- 0.00
20-04-24 23:29[icct.rl_helpers.eval_callback]INFO | (Eval ) num_timesteps=550500, Reward=-88.10 +/- 16.28, EpLength: 1600.00 +/- 0.00
20-04-24 23:30[icct.rl_helpers.eval_callback]INFO | (Train) Episode: 440, Avg Reward: -32.91514364340824, Best: -29.10944759307754
20-04-24 23:31[icct.rl_helpers.eval_callback]INFO | (Eval ) num_timesteps=552000, Reward=-28.63 +/- 0.04, EpLength: 1600.00 +/- 0.00
20-04-24 23:32[icct.rl_helpers.eval_callback]INFO | (Eval ) num_timesteps=553500, Reward=-24.83 +/- 0.01, EpLength: 1600.00 +/- 0.00
20-04-24 23:34[icct.rl_helpers.eval_callback]INFO | (Eval ) num_timesteps=555000, Reward=-51.72 +/- 0.12, EpLength: 1600.00 +/- 0.00
20-04-24 23:35[icct.rl_helpers.eval_callback]INFO | (Eval ) num_timesteps=556500, Reward=-114.14 +/- 0.10, EpLength: 1600.00 +/- 0.00
20-04-24 23:37[icct.rl_helpers.eval_callback]INFO | (Eval ) num_timesteps=558000, Reward=-133.81 +/- 2.09, EpLength: 1600.00 +/- 0.00
20-04-24 23:38[icct.rl_helpers.eval_callback]INFO | (Eval ) num_timesteps=559500, Reward=-57.14 +/- 0.90, EpLength: 1600.00 +/- 0.00
20-04-24 23:39[icct.rl_helpers.eval_callback]INFO | (Eval ) num_timesteps=561000, Reward=-59.89 +/- 0.09, EpLength: 1600.00 +/- 0.00
20-04-24 23:40[icct.rl_helpers.eval_callback]INFO | (Eval ) num_timesteps=562500, Reward=-80.23 +/- 0.02, EpLength: 1600.00 +/- 0.00
20-04-24 23:41[icct.rl_helpers.eval_callback]INFO | (Eval ) num_timesteps=564000, Reward=-53.89 +/- 3.62, EpLength: 1600.00 +/- 0.00
20-04-24 23:42[icct.rl_helpers.eval_callback]INFO | (Eval ) num_timesteps=565500, Reward=-37.98 +/- 15.07, EpLength: 1600.00 +/- 0.00
20-04-24 23:44[icct.rl_helpers.eval_callback]INFO | (Eval ) num_timesteps=567000, Reward=-20.86 +/- 0.44, EpLength: 1600.00 +/- 0.00
20-04-24 23:44[icct.rl_helpers.eval_callback]INFO | (Train) Episode: 450, Avg Reward: -33.4608448111705, Best: -29.10944759307754
20-04-24 23:45[icct.rl_helpers.eval_callback]INFO | (Eval ) num_timesteps=568500, Reward=-37.91 +/- 0.41, EpLength: 1600.00 +/- 0.00
20-04-24 23:47[icct.rl_helpers.eval_callback]INFO | (Eval ) num_timesteps=570000, Reward=-8.79 +/- 0.01, EpLength: 1600.00 +/- 0.00
20-04-24 23:48[icct.rl_helpers.eval_callback]INFO | (Eval ) num_timesteps=571500, Reward=-22.29 +/- 0.45, EpLength: 1600.00 +/- 0.00
20-04-24 23:50[icct.rl_helpers.eval_callback]INFO | (Eval ) num_timesteps=573000, Reward=-37.64 +/- 4.44, EpLength: 1600.00 +/- 0.00
20-04-24 23:51[icct.rl_helpers.eval_callback]INFO | (Eval ) num_timesteps=574500, Reward=-59.58 +/- 11.04, EpLength: 1600.00 +/- 0.00
20-04-24 23:53[icct.rl_helpers.eval_callback]INFO | (Eval ) num_timesteps=576000, Reward=-48.31 +/- 0.01, EpLength: 1600.00 +/- 0.00
20-04-24 23:54[icct.rl_helpers.eval_callback]INFO | (Eval ) num_timesteps=577500, Reward=-36.03 +/- 0.04, EpLength: 1600.00 +/- 0.00
20-04-24 23:56[icct.rl_helpers.eval_callback]INFO | (Eval ) num_timesteps=579000, Reward=-29.15 +/- 9.64, EpLength: 1600.00 +/- 0.00
20-04-24 23:57[icct.rl_helpers.eval_callback]INFO | (Eval ) num_timesteps=580500, Reward=-28.18 +/- 0.99, EpLength: 1600.00 +/- 0.00
20-04-24 23:58[icct.rl_helpers.eval_callback]INFO | (Eval ) num_timesteps=582000, Reward=-113.44 +/- 0.86, EpLength: 1600.00 +/- 0.00
20-04-24 23:59[icct.rl_helpers.eval_callback]INFO | (Train) Episode: 460, Avg Reward: -33.71431670142165, Best: -29.10944759307754
20-04-24 23:59[icct.rl_helpers.eval_callback]INFO | (Eval ) num_timesteps=583500, Reward=-35.52 +/- 1.27, EpLength: 1600.00 +/- 0.00
21-04-24 00:00[icct.rl_helpers.eval_callback]INFO | (Eval ) num_timesteps=585000, Reward=-43.84 +/- 0.04, EpLength: 1600.00 +/- 0.00
21-04-24 00:02[icct.rl_helpers.eval_callback]INFO | (Eval ) num_timesteps=586500, Reward=-99.68 +/- 0.11, EpLength: 1600.00 +/- 0.00
21-04-24 00:03[icct.rl_helpers.eval_callback]INFO | (Eval ) num_timesteps=588000, Reward=-62.29 +/- 13.54, EpLength: 1600.00 +/- 0.00
21-04-24 00:05[icct.rl_helpers.eval_callback]INFO | (Eval ) num_timesteps=589500, Reward=-52.22 +/- 0.31, EpLength: 1600.00 +/- 0.00
21-04-24 00:05[icct.rl_helpers.eval_callback]INFO | (Train) Episode: 470, Avg Reward: -39.45459648306615, Best: -29.10944759307754
21-04-24 00:06[icct.rl_helpers.eval_callback]INFO | (Eval ) num_timesteps=591000, Reward=-118.32 +/- 1.06, EpLength: 70.60 +/- 2.65
21-04-24 00:06[icct.rl_helpers.eval_callback]INFO | (Train) Episode: 480, Avg Reward: -47.64157143273411, Best: -29.10944759307754
21-04-24 00:07[icct.rl_helpers.eval_callback]INFO | (Train) Episode: 490, Avg Reward: -56.99926858382665, Best: -29.10944759307754
21-04-24 00:07[icct.rl_helpers.eval_callback]INFO | (Eval ) num_timesteps=592500, Reward=-117.95 +/- 5.86, EpLength: 87.20 +/- 14.50
21-04-24 00:09[icct.rl_helpers.eval_callback]INFO | (Eval ) num_timesteps=594000, Reward=-28.21 +/- 4.05, EpLength: 1600.00 +/- 0.00
21-04-24 00:10[icct.rl_helpers.eval_callback]INFO | (Eval ) num_timesteps=595500, Reward=-46.96 +/- 0.29, EpLength: 1600.00 +/- 0.00
21-04-24 00:11[icct.rl_helpers.eval_callback]INFO | (Eval ) num_timesteps=597000, Reward=-161.00 +/- 5.18, EpLength: 760.20 +/- 89.36
21-04-24 00:11[icct.rl_helpers.eval_callback]INFO | (Train) Episode: 500, Avg Reward: -64.56790239076403, Best: -29.10944759307754
21-04-24 00:13[icct.rl_helpers.eval_callback]INFO | (Eval ) num_timesteps=598500, Reward=-45.40 +/- 8.13, EpLength: 1600.00 +/- 0.00
21-04-24 00:14[icct.rl_helpers.eval_callback]INFO | (Eval ) num_timesteps=600000, Reward=-84.55 +/- 3.69, EpLength: 1600.00 +/- 0.00
21-04-24 00:16[icct.rl_helpers.eval_callback]INFO | (Eval ) num_timesteps=601500, Reward=-69.47 +/- 1.84, EpLength: 1600.00 +/- 0.00
21-04-24 00:17[icct.rl_helpers.eval_callback]INFO | (Eval ) num_timesteps=603000, Reward=-79.35 +/- 13.37, EpLength: 1600.00 +/- 0.00
21-04-24 00:19[icct.rl_helpers.eval_callback]INFO | (Eval ) num_timesteps=604500, Reward=-48.18 +/- 1.08, EpLength: 1600.00 +/- 0.00
21-04-24 00:20[icct.rl_helpers.eval_callback]INFO | (Eval ) num_timesteps=606000, Reward=-40.27 +/- 0.63, EpLength: 1600.00 +/- 0.00
21-04-24 00:22[icct.rl_helpers.eval_callback]INFO | (Eval ) num_timesteps=607500, Reward=-61.52 +/- 1.84, EpLength: 1600.00 +/- 0.00
21-04-24 00:23[icct.rl_helpers.eval_callback]INFO | (Eval ) num_timesteps=609000, Reward=-37.35 +/- 3.40, EpLength: 1600.00 +/- 0.00
21-04-24 00:24[icct.rl_helpers.eval_callback]INFO | (Eval ) num_timesteps=610500, Reward=-28.04 +/- 0.43, EpLength: 1600.00 +/- 0.00
21-04-24 00:26[icct.rl_helpers.eval_callback]INFO | (Eval ) num_timesteps=612000, Reward=-44.70 +/- 0.02, EpLength: 1600.00 +/- 0.00
21-04-24 00:27[icct.rl_helpers.eval_callback]INFO | (Train) Episode: 510, Avg Reward: -66.60369237122491, Best: -29.10944759307754
21-04-24 00:27[icct.rl_helpers.eval_callback]INFO | (Eval ) num_timesteps=613500, Reward=-37.40 +/- 1.47, EpLength: 1600.00 +/- 0.00
21-04-24 00:29[icct.rl_helpers.eval_callback]INFO | (Eval ) num_timesteps=615000, Reward=-98.99 +/- 0.08, EpLength: 1600.00 +/- 0.00
21-04-24 00:30[icct.rl_helpers.eval_callback]INFO | (Eval ) num_timesteps=616500, Reward=-47.25 +/- 0.32, EpLength: 1600.00 +/- 0.00
21-04-24 00:31[icct.rl_helpers.eval_callback]INFO | (Eval ) num_timesteps=618000, Reward=-18.16 +/- 0.56, EpLength: 1600.00 +/- 0.00
21-04-24 00:33[icct.rl_helpers.eval_callback]INFO | (Eval ) num_timesteps=619500, Reward=-130.15 +/- 19.53, EpLength: 523.60 +/- 545.41
21-04-24 00:34[icct.rl_helpers.eval_callback]INFO | (Eval ) num_timesteps=621000, Reward=-105.67 +/- 0.05, EpLength: 101.20 +/- 0.40
21-04-24 00:35[icct.rl_helpers.eval_callback]INFO | (Eval ) num_timesteps=622500, Reward=-49.45 +/- 1.90, EpLength: 1600.00 +/- 0.00
21-04-24 00:36[icct.rl_helpers.eval_callback]INFO | (Eval ) num_timesteps=624000, Reward=-37.85 +/- 1.17, EpLength: 1600.00 +/- 0.00
21-04-24 00:38[icct.rl_helpers.eval_callback]INFO | (Eval ) num_timesteps=625500, Reward=-120.33 +/- 2.97, EpLength: 1600.00 +/- 0.00
21-04-24 00:39[icct.rl_helpers.eval_callback]INFO | (Eval ) num_timesteps=627000, Reward=-47.25 +/- 1.18, EpLength: 1600.00 +/- 0.00
21-04-24 00:40[icct.rl_helpers.eval_callback]INFO | (Train) Episode: 520, Avg Reward: -69.57704407968161, Best: -29.10944759307754
21-04-24 00:40[icct.rl_helpers.eval_callback]INFO | (Eval ) num_timesteps=628500, Reward=-56.05 +/- 2.40, EpLength: 1600.00 +/- 0.00
21-04-24 00:42[icct.rl_helpers.eval_callback]INFO | (Eval ) num_timesteps=630000, Reward=-57.46 +/- 2.66, EpLength: 1600.00 +/- 0.00
21-04-24 00:43[icct.rl_helpers.eval_callback]INFO | (Eval ) num_timesteps=631500, Reward=-29.42 +/- 4.24, EpLength: 1600.00 +/- 0.00
21-04-24 00:45[icct.rl_helpers.eval_callback]INFO | (Eval ) num_timesteps=633000, Reward=-63.90 +/- 0.61, EpLength: 1600.00 +/- 0.00
21-04-24 00:46[icct.rl_helpers.eval_callback]INFO | (Eval ) num_timesteps=634500, Reward=-37.63 +/- 17.57, EpLength: 1600.00 +/- 0.00
21-04-24 00:47[icct.rl_helpers.eval_callback]INFO | (Eval ) num_timesteps=636000, Reward=-34.04 +/- 1.87, EpLength: 1600.00 +/- 0.00
21-04-24 00:49[icct.rl_helpers.eval_callback]INFO | (Eval ) num_timesteps=637500, Reward=-45.62 +/- 2.31, EpLength: 1600.00 +/- 0.00
21-04-24 00:50[icct.rl_helpers.eval_callback]INFO | (Eval ) num_timesteps=639000, Reward=-25.36 +/- 2.23, EpLength: 1600.00 +/- 0.00
21-04-24 00:52[icct.rl_helpers.eval_callback]INFO | (Eval ) num_timesteps=640500, Reward=-45.35 +/- 0.81, EpLength: 1600.00 +/- 0.00
21-04-24 00:53[icct.rl_helpers.eval_callback]INFO | (Eval ) num_timesteps=642000, Reward=-102.85 +/- 42.97, EpLength: 1600.00 +/- 0.00
21-04-24 00:54[icct.rl_helpers.eval_callback]INFO | (Eval ) num_timesteps=643500, Reward=-31.19 +/- 1.63, EpLength: 1600.00 +/- 0.00
21-04-24 00:54[icct.rl_helpers.eval_callback]INFO | (Train) Episode: 530, Avg Reward: -70.62114003896345, Best: -29.10944759307754
21-04-24 00:56[icct.rl_helpers.eval_callback]INFO | (Eval ) num_timesteps=645000, Reward=-12.17 +/- 3.84, EpLength: 1600.00 +/- 0.00
21-04-24 00:57[icct.rl_helpers.eval_callback]INFO | (Eval ) num_timesteps=646500, Reward=-39.46 +/- 2.48, EpLength: 1600.00 +/- 0.00
21-04-24 00:59[icct.rl_helpers.eval_callback]INFO | (Eval ) num_timesteps=648000, Reward=-82.06 +/- 4.72, EpLength: 1600.00 +/- 0.00
21-04-24 01:00[icct.rl_helpers.eval_callback]INFO | (Eval ) num_timesteps=649500, Reward=-84.50 +/- 0.26, EpLength: 1600.00 +/- 0.00
21-04-24 01:02[icct.rl_helpers.eval_callback]INFO | (Eval ) num_timesteps=651000, Reward=-37.14 +/- 0.27, EpLength: 1600.00 +/- 0.00
21-04-24 01:03[icct.rl_helpers.eval_callback]INFO | (Eval ) num_timesteps=652500, Reward=-30.87 +/- 4.31, EpLength: 1600.00 +/- 0.00
21-04-24 01:04[icct.rl_helpers.eval_callback]INFO | (Eval ) num_timesteps=654000, Reward=-117.03 +/- 0.12, EpLength: 50.40 +/- 0.49
21-04-24 01:05[icct.rl_helpers.eval_callback]INFO | (Train) Episode: 540, Avg Reward: -73.4127663664336, Best: -29.10944759307754
21-04-24 01:06[icct.rl_helpers.eval_callback]INFO | (Eval ) num_timesteps=655500, Reward=-118.05 +/- 1.86, EpLength: 42.20 +/- 1.47
21-04-24 01:06[icct.rl_helpers.eval_callback]INFO | (Train) Episode: 550, Avg Reward: -79.29653333649685, Best: -29.10944759307754
21-04-24 01:07[icct.rl_helpers.eval_callback]INFO | (Eval ) num_timesteps=657000, Reward=-82.54 +/- 1.05, EpLength: 1600.00 +/- 0.00
21-04-24 01:09[icct.rl_helpers.eval_callback]INFO | (Eval ) num_timesteps=658500, Reward=-102.21 +/- 0.03, EpLength: 1600.00 +/- 0.00
21-04-24 01:10[icct.rl_helpers.eval_callback]INFO | (Eval ) num_timesteps=660000, Reward=-25.05 +/- 0.07, EpLength: 1600.00 +/- 0.00
21-04-24 01:11[icct.rl_helpers.eval_callback]INFO | (Eval ) num_timesteps=661500, Reward=-27.27 +/- 0.34, EpLength: 1600.00 +/- 0.00
21-04-24 01:13[icct.rl_helpers.eval_callback]INFO | (Eval ) num_timesteps=663000, Reward=-50.73 +/- 0.02, EpLength: 1600.00 +/- 0.00
21-04-24 01:14[icct.rl_helpers.eval_callback]INFO | (Eval ) num_timesteps=664500, Reward=-13.92 +/- 0.06, EpLength: 1600.00 +/- 0.00
21-04-24 01:16[icct.rl_helpers.eval_callback]INFO | (Train) Episode: 560, Avg Reward: -83.31013294157549, Best: -29.10944759307754
21-04-24 01:16[icct.rl_helpers.eval_callback]INFO | (Eval ) num_timesteps=666000, Reward=-23.77 +/- 0.13, EpLength: 1600.00 +/- 0.00
21-04-24 01:17[icct.rl_helpers.eval_callback]INFO | (Eval ) num_timesteps=667500, Reward=-22.66 +/- 0.20, EpLength: 1600.00 +/- 0.00
21-04-24 01:19[icct.rl_helpers.eval_callback]INFO | (Eval ) num_timesteps=669000, Reward=-32.59 +/- 0.14, EpLength: 1600.00 +/- 0.00
21-04-24 01:20[icct.rl_helpers.eval_callback]INFO | (Eval ) num_timesteps=670500, Reward=-44.97 +/- 0.37, EpLength: 1600.00 +/- 0.00
21-04-24 01:22[icct.rl_helpers.eval_callback]INFO | (Eval ) num_timesteps=672000, Reward=-29.50 +/- 0.39, EpLength: 1600.00 +/- 0.00
21-04-24 01:23[icct.rl_helpers.eval_callback]INFO | (Eval ) num_timesteps=673500, Reward=-76.09 +/- 1.54, EpLength: 1600.00 +/- 0.00
21-04-24 01:24[icct.rl_helpers.eval_callback]INFO | (Eval ) num_timesteps=675000, Reward=-31.70 +/- 0.02, EpLength: 1600.00 +/- 0.00
21-04-24 01:25[icct.rl_helpers.eval_callback]INFO | (Eval ) num_timesteps=676500, Reward=-25.22 +/- 27.71, EpLength: 1600.00 +/- 0.00
21-04-24 01:27[icct.rl_helpers.eval_callback]INFO | (Eval ) num_timesteps=678000, Reward=-73.85 +/- 38.30, EpLength: 702.60 +/- 733.15
21-04-24 01:28[icct.rl_helpers.eval_callback]INFO | (Eval ) num_timesteps=679500, Reward=-40.45 +/- 6.57, EpLength: 1600.00 +/- 0.00
21-04-24 01:30[icct.rl_helpers.eval_callback]INFO | (Eval ) num_timesteps=681000, Reward=-74.40 +/- 0.41, EpLength: 1600.00 +/- 0.00
21-04-24 01:30[icct.rl_helpers.eval_callback]INFO | (Train) Episode: 570, Avg Reward: -78.17673422770538, Best: -29.10944759307754
21-04-24 01:31[icct.rl_helpers.eval_callback]INFO | (Eval ) num_timesteps=682500, Reward=-56.84 +/- 0.02, EpLength: 1600.00 +/- 0.00
21-04-24 01:32[icct.rl_helpers.eval_callback]INFO | (Eval ) num_timesteps=684000, Reward=-38.26 +/- 0.56, EpLength: 1600.00 +/- 0.00
21-04-24 01:33[icct.rl_helpers.eval_callback]INFO | (Eval ) num_timesteps=685500, Reward=-57.10 +/- 16.19, EpLength: 1600.00 +/- 0.00
21-04-24 01:34[icct.rl_helpers.eval_callback]INFO | (Eval ) num_timesteps=687000, Reward=-17.92 +/- 2.33, EpLength: 1600.00 +/- 0.00
21-04-24 01:36[icct.rl_helpers.eval_callback]INFO | (Eval ) num_timesteps=688500, Reward=-33.28 +/- 0.31, EpLength: 1600.00 +/- 0.00
21-04-24 01:37[icct.rl_helpers.eval_callback]INFO | (Eval ) num_timesteps=690000, Reward=-41.35 +/- 0.38, EpLength: 1600.00 +/- 0.00
21-04-24 01:38[icct.rl_helpers.eval_callback]INFO | (Eval ) num_timesteps=691500, Reward=-59.72 +/- 0.32, EpLength: 1600.00 +/- 0.00
21-04-24 01:40[icct.rl_helpers.eval_callback]INFO | (Eval ) num_timesteps=693000, Reward=-39.22 +/- 30.26, EpLength: 1298.60 +/- 602.80
21-04-24 01:41[icct.rl_helpers.eval_callback]INFO | (Eval ) num_timesteps=694500, Reward=-12.94 +/- 0.36, EpLength: 1600.00 +/- 0.00
21-04-24 01:42[icct.rl_helpers.eval_callback]INFO | (Eval ) num_timesteps=696000, Reward=-69.48 +/- 0.03, EpLength: 1600.00 +/- 0.00
21-04-24 01:43[icct.rl_helpers.eval_callback]INFO | (Eval ) num_timesteps=697500, Reward=-25.82 +/- 0.02, EpLength: 1600.00 +/- 0.00
21-04-24 01:44[icct.rl_helpers.eval_callback]INFO | (Train) Episode: 580, Avg Reward: -69.9418871016853, Best: -29.10944759307754
21-04-24 01:44[icct.rl_helpers.eval_callback]INFO | (Eval ) num_timesteps=699000, Reward=-30.13 +/- 5.29, EpLength: 1600.00 +/- 0.00
21-04-24 01:45[root]INFO | [END]======> Execution time of seed 11: 10 hours, 24 minutes, 52 seconds
