12-08-23 01:23[root]INFO | Training on cart environment for 1500 episodes
12-08-23 01:23[root]INFO | Agent Type: dtnet
12-08-23 01:23[root]INFO | Log Directory: cart_cpu/dtnet/aaai_15n_16x16c_rand/
12-08-23 01:23[root]INFO | Random Weight Initialization: True
12-08-23 01:23[root]INFO | Training Started: 2023-08-12 01:23:23
12-08-23 01:23[root]INFO | Using Cart Pole Environment
12-08-23 01:23[root]INFO | Hyperparameters: {"learning_rate": 0.024, "gamma": 0.99, "batch_size": 32, "n_steps": 832, "ent_coef": 0.02, "clip_range": 0.2, "vf_coef": 0.5, "max_grad_norm": 0.5, "gae_lambda": 0.86, "n_epochs": 20}
12-08-23 01:23[root]INFO | ===================> Training with seed 62 <=================
12-08-23 01:23[root]INFO | Using cartpole architecture 16x16
12-08-23 01:23[root]INFO | Episode: 0, Avg Reward: 17.0, Best Eval: 9.266666666666667
12-08-23 01:23[root]INFO | Episode: 50, Avg Reward: 21.098039215686274, Best Eval: 169.56666666666666
12-08-23 01:23[root]INFO | Episode: 100, Avg Reward: 72.82, Best Eval: 311.96666666666664
12-08-23 01:24[root]INFO | Episode: 150, Avg Reward: 197.16, Best Eval: 471.76666666666665
12-08-23 01:25[root]INFO | Episode: 200, Avg Reward: 259.57, Best Eval: 500.0
12-08-23 01:26[root]INFO | Episode: 250, Avg Reward: 342.56, Best Eval: 500.0
12-08-23 01:27[root]INFO | Episode: 300, Avg Reward: 398.73, Best Eval: 500.0
12-08-23 01:28[root]INFO | Episode: 350, Avg Reward: 250.43, Best Eval: 500.0
12-08-23 01:28[root]INFO | Episode: 400, Avg Reward: 132.18, Best Eval: 500.0
12-08-23 01:29[root]INFO | Episode: 450, Avg Reward: 136.12, Best Eval: 500.0
12-08-23 01:29[root]INFO | Episode: 500, Avg Reward: 172.0, Best Eval: 500.0
12-08-23 01:30[root]INFO | Episode: 550, Avg Reward: 236.69, Best Eval: 500.0
12-08-23 01:31[root]INFO | Episode: 600, Avg Reward: 299.68, Best Eval: 500.0
12-08-23 01:32[root]INFO | Episode: 650, Avg Reward: 399.5, Best Eval: 500.0
12-08-23 01:34[root]INFO | Episode: 700, Avg Reward: 461.21, Best Eval: 500.0
12-08-23 01:35[root]INFO | Episode: 750, Avg Reward: 414.27, Best Eval: 500.0
12-08-23 01:36[root]INFO | Episode: 800, Avg Reward: 392.8, Best Eval: 500.0
12-08-23 01:37[root]INFO | Episode: 850, Avg Reward: 428.06, Best Eval: 500.0
12-08-23 01:39[root]INFO | Episode: 900, Avg Reward: 474.54, Best Eval: 500.0
12-08-23 01:40[root]INFO | Episode: 950, Avg Reward: 476.55, Best Eval: 500.0
12-08-23 01:41[root]INFO | Episode: 1000, Avg Reward: 453.49, Best Eval: 500.0
12-08-23 01:42[root]INFO | Episode: 1050, Avg Reward: 364.48, Best Eval: 500.0
12-08-23 01:44[root]INFO | Episode: 1100, Avg Reward: 380.03, Best Eval: 500.0
12-08-23 01:45[root]INFO | Episode: 1150, Avg Reward: 464.52, Best Eval: 500.0
12-08-23 01:46[root]INFO | Episode: 1200, Avg Reward: 447.05, Best Eval: 500.0
12-08-23 01:47[root]INFO | Episode: 1250, Avg Reward: 466.45, Best Eval: 500.0
12-08-23 01:49[root]INFO | Episode: 1300, Avg Reward: 489.01, Best Eval: 500.0
12-08-23 01:50[root]INFO | Episode: 1350, Avg Reward: 465.52, Best Eval: 500.0
12-08-23 01:51[root]INFO | Episode: 1400, Avg Reward: 453.7, Best Eval: 500.0
12-08-23 01:53[root]INFO | Episode: 1450, Avg Reward: 467.62, Best Eval: 500.0
12-08-23 01:54[root]INFO | Using cartpole architecture 16x16
12-08-23 01:54[root]INFO | ==============> Test reward for seeds [500, 600]: 500.00 +/- 0.0 <==========
12-08-23 01:54[root]INFO | Execution time of seed 62: 0 hours, 31 minutes, 3 seconds
