29-06-25 19:58[root]INFO | Training on walker environment for 1500 episodes
29-06-25 19:58[root]INFO | Agent Type: dtsemnet_topk
29-06-25 19:58[root]INFO | Log Directory: walker_gpu/dtsemnet_topk/publish_top4/
29-06-25 19:58[root]INFO | Random Weight Initialization: True
29-06-25 19:58[root]INFO | Training Started: 2025-06-29 19:58:45
29-06-25 19:58[root]INFO | Hyperparameters: {"exp_name": "publish_top4", "torch_deterministic": true, "capture_video": false, "env_id": "walker", "agent": "dtsemnet_topk", "episodes": 1500, "total_timesteps": 700000, "num_envs": 1, "buffer_size": 1000000, "learning_starts": 10000, "seed": 13, "wt_init": true, "cuda": true, "eval_freq": 50, "height": 7, "topk": 4, "smax_temp": 0.5, "ste": "gumbel_softmax_ste", "policy_lr": 0.002, "q_lr": 0.001, "top1_lr": 0.0005, "batch_size": 256, "train_freq": 64, "gradient_steps": 32, "alpha": 0.2, "ent_coef": 0.01, "gamma": 0.98, "tau": 0.02, "autotune": true, "actor_arch": "DTSemNet", "critic_arch": 512}
29-06-25 19:58[root]INFO | Actor Architecture: DTSemNet
29-06-25 19:58[root]INFO | Critic Architecture: 512
29-06-25 19:58[root]INFO | STE: gumbel_softmax_ste
29-06-25 19:58[root]INFO | Created environment walker
29-06-25 19:58[root]INFO | ===================> Training Started with seed 13 <=================
29-06-25 19:58[root]INFO | Episode: 10, Step: [92] Avg Reward (last 100eps): -100.01
29-06-25 20:01[root]INFO | Episode: 20, Step: [122] Avg Reward (last 100eps): -100.26
29-06-25 20:27[root]INFO | Episode: 30, Step: [1600] Avg Reward (last 100eps): -101.32
29-06-25 21:10[root]INFO | Episode: 40, Step: [89] Avg Reward (last 100eps): -100.90
29-06-25 21:13[root]INFO | Episode: 50, Step: [72] Avg Reward (last 100eps): -102.16
29-06-25 21:16[root]INFO | ==>Evaluation at episode 50 step 28632: Avg Reward (ep50): -97.22 ± 0.27
29-06-25 21:16[root]INFO | ==>New best test reward: -97.22
29-06-25 21:20[root]INFO | Episode: 60, Step: [60] Avg Reward (last 100eps): -102.93
29-06-25 21:40[root]INFO | Episode: 70, Step: [100] Avg Reward (last 100eps): -102.63
29-06-25 22:14[root]INFO | Episode: 80, Step: [1600] Avg Reward (last 100eps): -100.75
29-06-25 23:36[root]INFO | Episode: 90, Step: [1600] Avg Reward (last 100eps): -94.77
30-06-25 00:29[root]INFO | Episode: 100, Step: [1600] Avg Reward (last 100eps): -91.32
30-06-25 01:12[root]INFO | ==>Evaluation at episode 100 step 66943: Avg Reward (ep50): -34.71 ± 4.28
30-06-25 01:12[root]INFO | ==>New best test reward: -34.71
30-06-25 02:25[root]INFO | Episode: 110, Step: [34] Avg Reward (last 100eps): -80.69
30-06-25 02:42[root]INFO | Episode: 120, Step: [152] Avg Reward (last 100eps): -79.65
30-06-25 04:05[root]INFO | Episode: 130, Step: [1491] Avg Reward (last 100eps): -63.10
30-06-25 05:13[root]INFO | Episode: 140, Step: [1468] Avg Reward (last 100eps): -41.44
30-06-25 06:18[root]INFO | Episode: 150, Step: [1206] Avg Reward (last 100eps): -10.48
30-06-25 06:46[root]INFO | ==>Evaluation at episode 150 step 119773: Avg Reward (ep50): 242.58 ± 91.78
30-06-25 06:46[root]INFO | ==>New best test reward: 242.58
30-06-25 07:37[root]INFO | Episode: 160, Step: [710] Avg Reward (last 100eps): 18.21
30-06-25 08:31[root]INFO | Episode: 170, Step: [943] Avg Reward (last 100eps): 51.11
30-06-25 09:23[root]INFO | Episode: 180, Step: [951] Avg Reward (last 100eps): 86.32
30-06-25 10:17[root]INFO | Episode: 190, Step: [892] Avg Reward (last 100eps): 121.12
30-06-25 11:10[root]INFO | Episode: 200, Step: [864] Avg Reward (last 100eps): 157.37
30-06-25 11:33[root]INFO | ==>Evaluation at episode 200 step 163990: Avg Reward (ep50): 303.74 ± 27.73
30-06-25 11:33[root]INFO | ==>New best test reward: 303.74
30-06-25 12:25[root]INFO | Episode: 210, Step: [849] Avg Reward (last 100eps): 187.29
30-06-25 13:16[root]INFO | Episode: 220, Step: [804] Avg Reward (last 100eps): 225.56
30-06-25 14:07[root]INFO | Episode: 230, Step: [843] Avg Reward (last 100eps): 249.93
30-06-25 14:58[root]INFO | Episode: 240, Step: [805] Avg Reward (last 100eps): 269.12
30-06-25 15:48[root]INFO | Episode: 250, Step: [812] Avg Reward (last 100eps): 279.89
30-06-25 16:08[root]INFO | ==>Evaluation at episode 250 step 205881: Avg Reward (ep50): 313.39 ± 0.55
30-06-25 16:08[root]INFO | ==>New best test reward: 313.39
30-06-25 16:58[root]INFO | Episode: 260, Step: [780] Avg Reward (last 100eps): 292.97
30-06-25 17:40[root]INFO | Episode: 270, Step: [789] Avg Reward (last 100eps): 293.16
30-06-25 18:19[root]INFO | Episode: 280, Step: [825] Avg Reward (last 100eps): 287.08
30-06-25 19:05[root]INFO | Episode: 290, Step: [759] Avg Reward (last 100eps): 284.26
30-06-25 19:52[root]INFO | Episode: 300, Step: [761] Avg Reward (last 100eps): 285.52
30-06-25 20:06[root]INFO | ==>Evaluation at episode 300 step 242010: Avg Reward (ep50): 123.23 ± 195.29
30-06-25 20:50[root]INFO | Episode: 310, Step: [779] Avg Reward (last 100eps): 283.55
30-06-25 21:36[root]INFO | Episode: 320, Step: [744] Avg Reward (last 100eps): 283.56
30-06-25 22:16[root]INFO | Episode: 330, Step: [513] Avg Reward (last 100eps): 274.82
30-06-25 23:02[root]INFO | Episode: 340, Step: [754] Avg Reward (last 100eps): 275.70
30-06-25 23:43[root]INFO | Episode: 350, Step: [751] Avg Reward (last 100eps): 268.47
01-07-25 00:04[root]INFO | ==>Evaluation at episode 350 step 276695: Avg Reward (ep50): 315.88 ± 1.11
01-07-25 00:04[root]INFO | ==>New best test reward: 315.88
01-07-25 00:47[root]INFO | Episode: 360, Step: [739] Avg Reward (last 100eps): 264.75
01-07-25 01:27[root]INFO | Episode: 370, Step: [138] Avg Reward (last 100eps): 265.03
01-07-25 01:32[root]INFO | Episode: 380, Step: [53] Avg Reward (last 100eps): 234.67
01-07-25 01:36[root]INFO | Episode: 390, Step: [104] Avg Reward (last 100eps): 197.31
01-07-25 01:49[root]INFO | Episode: 400, Step: [539] Avg Reward (last 100eps): 162.40
01-07-25 02:08[root]INFO | ==>Evaluation at episode 400 step 293280: Avg Reward (ep50): 288.23 ± 104.12
01-07-25 02:53[root]INFO | Episode: 410, Step: [750] Avg Reward (last 100eps): 161.01
01-07-25 03:42[root]INFO | Episode: 420, Step: [722] Avg Reward (last 100eps): 163.53
01-07-25 04:29[root]INFO | Episode: 430, Step: [744] Avg Reward (last 100eps): 173.52
01-07-25 05:16[root]INFO | Episode: 440, Step: [723] Avg Reward (last 100eps): 173.72
01-07-25 06:04[root]INFO | Episode: 450, Step: [716] Avg Reward (last 100eps): 173.47
01-07-25 06:22[root]INFO | ==>Evaluation at episode 450 step 329986: Avg Reward (ep50): 316.98 ± 30.33
01-07-25 06:22[root]INFO | ==>New best test reward: 316.98
01-07-25 07:08[root]INFO | Episode: 460, Step: [703] Avg Reward (last 100eps): 178.03
01-07-25 07:54[root]INFO | Episode: 470, Step: [707] Avg Reward (last 100eps): 185.21
01-07-25 08:40[root]INFO | Episode: 480, Step: [756] Avg Reward (last 100eps): 225.09
01-07-25 09:27[root]INFO | Episode: 490, Step: [721] Avg Reward (last 100eps): 267.06
01-07-25 09:33[root]INFO | Episode: 500, Step: [67] Avg Reward (last 100eps): 258.79
01-07-25 09:35[root]INFO | ==>Evaluation at episode 500 step 359273: Avg Reward (ep50): -122.82 ± 0.44
01-07-25 10:08[root]INFO | Episode: 510, Step: [1365] Avg Reward (last 100eps): 228.28
01-07-25 10:59[root]INFO | Episode: 520, Step: [1600] Avg Reward (last 100eps): 221.03
01-07-25 11:51[root]INFO | Episode: 530, Step: [737] Avg Reward (last 100eps): 217.02
01-07-25 12:35[root]INFO | Episode: 540, Step: [733] Avg Reward (last 100eps): 214.51
01-07-25 13:21[root]INFO | Episode: 550, Step: [725] Avg Reward (last 100eps): 222.91
01-07-25 13:39[root]INFO | ==>Evaluation at episode 550 step 395020: Avg Reward (ep50): 275.68 ± 120.62
01-07-25 14:25[root]INFO | Episode: 560, Step: [725] Avg Reward (last 100eps): 220.46
01-07-25 15:11[root]INFO | Episode: 570, Step: [701] Avg Reward (last 100eps): 221.93
01-07-25 15:54[root]INFO | Episode: 580, Step: [704] Avg Reward (last 100eps): 220.62
01-07-25 16:40[root]INFO | Episode: 590, Step: [691] Avg Reward (last 100eps): 220.82
01-07-25 17:24[root]INFO | Episode: 600, Step: [675] Avg Reward (last 100eps): 264.60
01-07-25 17:43[root]INFO | ==>Evaluation at episode 600 step 429877: Avg Reward (ep50): 323.96 ± 0.56
01-07-25 17:43[root]INFO | ==>New best test reward: 323.96
01-07-25 18:28[root]INFO | Episode: 610, Step: [698] Avg Reward (last 100eps): 298.73
01-07-25 19:13[root]INFO | Episode: 620, Step: [724] Avg Reward (last 100eps): 305.08
01-07-25 19:54[root]INFO | Episode: 630, Step: [726] Avg Reward (last 100eps): 305.32
01-07-25 20:38[root]INFO | Episode: 640, Step: [619] Avg Reward (last 100eps): 306.47
01-07-25 21:23[root]INFO | Episode: 650, Step: [665] Avg Reward (last 100eps): 306.81
01-07-25 21:40[root]INFO | ==>Evaluation at episode 650 step 463975: Avg Reward (ep50): 267.27 ± 94.72
01-07-25 22:24[root]INFO | Episode: 660, Step: [717] Avg Reward (last 100eps): 309.44
01-07-25 23:06[root]INFO | Episode: 670, Step: [689] Avg Reward (last 100eps): 307.19
01-07-25 23:47[root]INFO | Episode: 680, Step: [697] Avg Reward (last 100eps): 305.71
02-07-25 00:31[root]INFO | Episode: 690, Step: [683] Avg Reward (last 100eps): 304.47
02-07-25 01:16[root]INFO | Episode: 700, Step: [693] Avg Reward (last 100eps): 304.65
02-07-25 01:34[root]INFO | ==>Evaluation at episode 700 step 497476: Avg Reward (ep50): 326.65 ± 0.37
02-07-25 01:34[root]INFO | ==>New best test reward: 326.65
02-07-25 02:17[root]INFO | Episode: 710, Step: [685] Avg Reward (last 100eps): 306.22
02-07-25 03:01[root]INFO | Episode: 720, Step: [668] Avg Reward (last 100eps): 306.25
02-07-25 03:55[root]INFO | Episode: 730, Step: [698] Avg Reward (last 100eps): 298.25
02-07-25 04:36[root]INFO | Episode: 740, Step: [688] Avg Reward (last 100eps): 298.06
02-07-25 05:19[root]INFO | Episode: 750, Step: [697] Avg Reward (last 100eps): 298.08
02-07-25 05:39[root]INFO | ==>Evaluation at episode 750 step 533480: Avg Reward (ep50): 321.22 ± 0.46
02-07-25 06:20[root]INFO | Episode: 760, Step: [680] Avg Reward (last 100eps): 296.82
02-07-25 07:02[root]INFO | Episode: 770, Step: [686] Avg Reward (last 100eps): 299.66
02-07-25 07:42[root]INFO | Episode: 780, Step: [695] Avg Reward (last 100eps): 302.00
02-07-25 08:25[root]INFO | Episode: 790, Step: [694] Avg Reward (last 100eps): 303.58
02-07-25 09:07[root]INFO | Episode: 800, Step: [681] Avg Reward (last 100eps): 301.83
02-07-25 09:23[root]INFO | ==>Evaluation at episode 800 step 567108: Avg Reward (ep50): 257.22 ± 104.05
02-07-25 10:04[root]INFO | Episode: 810, Step: [680] Avg Reward (last 100eps): 299.90
02-07-25 10:45[root]INFO | Episode: 820, Step: [670] Avg Reward (last 100eps): 297.87
02-07-25 11:27[root]INFO | Episode: 830, Step: [686] Avg Reward (last 100eps): 308.66
02-07-25 12:10[root]INFO | Episode: 840, Step: [690] Avg Reward (last 100eps): 310.69
02-07-25 12:50[root]INFO | Episode: 850, Step: [685] Avg Reward (last 100eps): 306.42
02-07-25 13:08[root]INFO | ==>Evaluation at episode 850 step 600214: Avg Reward (ep50): 306.81 ± 55.70
02-07-25 13:48[root]INFO | Episode: 860, Step: [692] Avg Reward (last 100eps): 305.27
02-07-25 14:28[root]INFO | Episode: 870, Step: [667] Avg Reward (last 100eps): 302.21
02-07-25 15:08[root]INFO | Episode: 880, Step: [667] Avg Reward (last 100eps): 302.86
02-07-25 15:50[root]INFO | Episode: 890, Step: [674] Avg Reward (last 100eps): 302.88
02-07-25 16:33[root]INFO | Episode: 900, Step: [682] Avg Reward (last 100eps): 304.79
02-07-25 16:50[root]INFO | ==>Evaluation at episode 900 step 633135: Avg Reward (ep50): 326.87 ± 0.41
02-07-25 16:50[root]INFO | ==>New best test reward: 326.87
02-07-25 17:33[root]INFO | Episode: 910, Step: [667] Avg Reward (last 100eps): 306.84
02-07-25 18:15[root]INFO | Episode: 920, Step: [684] Avg Reward (last 100eps): 310.33
02-07-25 18:49[root]INFO | Episode: 930, Step: [672] Avg Reward (last 100eps): 311.94
02-07-25 19:07[root]INFO | Episode: 940, Step: [687] Avg Reward (last 100eps): 311.98
02-07-25 19:13[root]INFO | Episode: 950, Step: [688] Avg Reward (last 100eps): 316.51
02-07-25 19:15[root]INFO | ==>Evaluation at episode 950 step 667154: Avg Reward (ep50): 325.03 ± 0.36
02-07-25 19:20[root]INFO | Episode: 960, Step: [657] Avg Reward (last 100eps): 319.29
02-07-25 19:26[root]INFO | Episode: 970, Step: [674] Avg Reward (last 100eps): 322.42
02-07-25 19:32[root]INFO | Episode: 980, Step: [679] Avg Reward (last 100eps): 324.84
02-07-25 19:38[root]INFO | Episode: 990, Step: [680] Avg Reward (last 100eps): 324.86
02-07-25 19:43[root]INFO | ===================> Storing Reward <=================
02-07-25 19:43[root]INFO | ===================> Evaluation Started (Last Model-Reported for Publication) <=================
02-07-25 19:47[root]INFO | ==============> Test reward for seeds [500, 600]: 323.49 +/- 0.4083026568099476 <==========
02-07-25 19:47[root]INFO | ===================> Evaluation Started (Best Model) <=================
