29-06-25 19:58[root]INFO | Training on walker environment for 1500 episodes
29-06-25 19:58[root]INFO | Agent Type: dtsemnet_topk
29-06-25 19:58[root]INFO | Log Directory: walker_gpu/dtsemnet_topk/publish_top4/
29-06-25 19:58[root]INFO | Random Weight Initialization: True
29-06-25 19:58[root]INFO | Training Started: 2025-06-29 19:58:47
29-06-25 19:58[root]INFO | Hyperparameters: {"exp_name": "publish_top4", "torch_deterministic": true, "capture_video": false, "env_id": "walker", "agent": "dtsemnet_topk", "episodes": 1500, "total_timesteps": 700000, "num_envs": 1, "buffer_size": 1000000, "learning_starts": 10000, "seed": 17, "wt_init": true, "cuda": true, "eval_freq": 50, "height": 7, "topk": 4, "smax_temp": 0.5, "ste": "gumbel_softmax_ste", "policy_lr": 0.002, "q_lr": 0.001, "top1_lr": 0.0005, "batch_size": 256, "train_freq": 64, "gradient_steps": 32, "alpha": 0.2, "ent_coef": 0.01, "gamma": 0.98, "tau": 0.02, "autotune": true, "actor_arch": "DTSemNet", "critic_arch": 512}
29-06-25 19:58[root]INFO | Actor Architecture: DTSemNet
29-06-25 19:58[root]INFO | Critic Architecture: 512
29-06-25 19:58[root]INFO | STE: gumbel_softmax_ste
29-06-25 19:58[root]INFO | Created environment walker
29-06-25 19:58[root]INFO | ===================> Training Started with seed 17 <=================
29-06-25 19:58[root]INFO | Episode: 10, Step: [84] Avg Reward (last 100eps): -99.37
29-06-25 20:17[root]INFO | Episode: 20, Step: [1600] Avg Reward (last 100eps): -96.53
29-06-25 20:44[root]INFO | Episode: 30, Step: [1600] Avg Reward (last 100eps): -98.86
29-06-25 21:00[root]INFO | Episode: 40, Step: [45] Avg Reward (last 100eps): -98.98
29-06-25 22:06[root]INFO | Episode: 50, Step: [1600] Avg Reward (last 100eps): -91.07
29-06-25 22:47[root]INFO | ==>Evaluation at episode 50 step 40644: Avg Reward (ep50): -20.16 ± 6.29
29-06-25 22:47[root]INFO | ==>New best test reward: -20.16
29-06-25 23:55[root]INFO | Episode: 60, Step: [1600] Avg Reward (last 100eps): -82.38
30-06-25 01:10[root]INFO | Episode: 70, Step: [1600] Avg Reward (last 100eps): -73.67
30-06-25 02:20[root]INFO | Episode: 80, Step: [1600] Avg Reward (last 100eps): -67.47
30-06-25 03:39[root]INFO | Episode: 90, Step: [1600] Avg Reward (last 100eps): -62.13
30-06-25 04:03[root]INFO | Episode: 100, Step: [102] Avg Reward (last 100eps): -64.66
30-06-25 04:06[root]INFO | ==>Evaluation at episode 100 step 106681: Avg Reward (ep50): -95.99 ± 3.45
30-06-25 05:00[root]INFO | Episode: 110, Step: [441] Avg Reward (last 100eps): -59.93
30-06-25 05:28[root]INFO | Episode: 120, Step: [1600] Avg Reward (last 100eps): -57.89
30-06-25 05:53[root]INFO | Episode: 130, Step: [211] Avg Reward (last 100eps): -55.18
30-06-25 06:16[root]INFO | Episode: 140, Step: [351] Avg Reward (last 100eps): -53.70
30-06-25 06:45[root]INFO | Episode: 150, Step: [125] Avg Reward (last 100eps): -53.21
30-06-25 06:59[root]INFO | ==>Evaluation at episode 150 step 137506: Avg Reward (ep50): -62.09 ± 31.06
30-06-25 07:38[root]INFO | Episode: 160, Step: [1332] Avg Reward (last 100eps): -50.27
30-06-25 08:38[root]INFO | Episode: 170, Step: [102] Avg Reward (last 100eps): -35.57
30-06-25 09:13[root]INFO | Episode: 180, Step: [305] Avg Reward (last 100eps): -26.79
30-06-25 09:44[root]INFO | Episode: 190, Step: [372] Avg Reward (last 100eps): -21.85
30-06-25 10:12[root]INFO | Episode: 200, Step: [74] Avg Reward (last 100eps): -9.16
30-06-25 10:22[root]INFO | ==>Evaluation at episode 200 step 173158: Avg Reward (ep50): -50.17 ± 82.93
30-06-25 10:54[root]INFO | Episode: 210, Step: [383] Avg Reward (last 100eps): 3.85
30-06-25 11:38[root]INFO | Episode: 220, Step: [544] Avg Reward (last 100eps): 28.83
30-06-25 12:21[root]INFO | Episode: 230, Step: [1071] Avg Reward (last 100eps): 53.37
30-06-25 13:15[root]INFO | Episode: 240, Step: [920] Avg Reward (last 100eps): 92.22
30-06-25 14:12[root]INFO | Episode: 250, Step: [978] Avg Reward (last 100eps): 127.89
30-06-25 14:37[root]INFO | ==>Evaluation at episode 250 step 213784: Avg Reward (ep50): 302.60 ± 1.17
30-06-25 14:37[root]INFO | ==>New best test reward: 302.60
30-06-25 15:25[root]INFO | Episode: 260, Step: [923] Avg Reward (last 100eps): 153.76
30-06-25 16:17[root]INFO | Episode: 270, Step: [904] Avg Reward (last 100eps): 169.86
30-06-25 17:09[root]INFO | Episode: 280, Step: [811] Avg Reward (last 100eps): 194.55
30-06-25 17:59[root]INFO | Episode: 290, Step: [815] Avg Reward (last 100eps): 219.74
30-06-25 18:44[root]INFO | Episode: 300, Step: [825] Avg Reward (last 100eps): 242.52
30-06-25 19:02[root]INFO | ==>Evaluation at episode 300 step 255657: Avg Reward (ep50): 224.78 ± 141.51
30-06-25 19:48[root]INFO | Episode: 310, Step: [799] Avg Reward (last 100eps): 263.40
30-06-25 20:31[root]INFO | Episode: 320, Step: [765] Avg Reward (last 100eps): 273.00
30-06-25 21:13[root]INFO | Episode: 330, Step: [764] Avg Reward (last 100eps): 283.06
30-06-25 21:51[root]INFO | Episode: 340, Step: [685] Avg Reward (last 100eps): 273.76
30-06-25 22:30[root]INFO | Episode: 350, Step: [778] Avg Reward (last 100eps): 266.86
30-06-25 22:47[root]INFO | ==>Evaluation at episode 350 step 291233: Avg Reward (ep50): 232.51 ± 122.40
30-06-25 23:27[root]INFO | Episode: 360, Step: [776] Avg Reward (last 100eps): 270.34
01-07-25 00:00[root]INFO | Episode: 370, Step: [798] Avg Reward (last 100eps): 259.08
01-07-25 00:35[root]INFO | Episode: 380, Step: [735] Avg Reward (last 100eps): 249.64
01-07-25 01:14[root]INFO | Episode: 390, Step: [756] Avg Reward (last 100eps): 247.70
01-07-25 01:55[root]INFO | Episode: 400, Step: [757] Avg Reward (last 100eps): 248.88
01-07-25 02:13[root]INFO | ==>Evaluation at episode 400 step 324302: Avg Reward (ep50): 267.23 ± 100.73
01-07-25 02:56[root]INFO | Episode: 410, Step: [757] Avg Reward (last 100eps): 251.95
01-07-25 03:34[root]INFO | Episode: 420, Step: [755] Avg Reward (last 100eps): 248.86
01-07-25 04:13[root]INFO | Episode: 430, Step: [430] Avg Reward (last 100eps): 247.00
01-07-25 04:54[root]INFO | Episode: 440, Step: [730] Avg Reward (last 100eps): 256.07
01-07-25 05:36[root]INFO | Episode: 450, Step: [431] Avg Reward (last 100eps): 262.28
01-07-25 05:54[root]INFO | ==>Evaluation at episode 450 step 359636: Avg Reward (ep50): 279.28 ± 88.37
01-07-25 06:36[root]INFO | Episode: 460, Step: [716] Avg Reward (last 100eps): 265.93
01-07-25 07:17[root]INFO | Episode: 470, Step: [547] Avg Reward (last 100eps): 277.22
01-07-25 07:47[root]INFO | Episode: 480, Step: [710] Avg Reward (last 100eps): 273.31
01-07-25 08:29[root]INFO | Episode: 490, Step: [725] Avg Reward (last 100eps): 279.16
01-07-25 09:12[root]INFO | Episode: 500, Step: [724] Avg Reward (last 100eps): 283.31
01-07-25 09:31[root]INFO | ==>Evaluation at episode 500 step 393895: Avg Reward (ep50): 325.08 ± 0.44
01-07-25 09:31[root]INFO | ==>New best test reward: 325.08
01-07-25 10:06[root]INFO | Episode: 510, Step: [517] Avg Reward (last 100eps): 273.50
01-07-25 10:49[root]INFO | Episode: 520, Step: [728] Avg Reward (last 100eps): 281.50
01-07-25 11:31[root]INFO | Episode: 530, Step: [705] Avg Reward (last 100eps): 288.64
01-07-25 12:13[root]INFO | Episode: 540, Step: [756] Avg Reward (last 100eps): 290.62
01-07-25 12:51[root]INFO | Episode: 550, Step: [717] Avg Reward (last 100eps): 287.81
01-07-25 13:10[root]INFO | ==>Evaluation at episode 550 step 428027: Avg Reward (ep50): 323.26 ± 0.58
01-07-25 13:50[root]INFO | Episode: 560, Step: [713] Avg Reward (last 100eps): 286.03
01-07-25 14:30[root]INFO | Episode: 570, Step: [708] Avg Reward (last 100eps): 286.53
01-07-25 15:12[root]INFO | Episode: 580, Step: [721] Avg Reward (last 100eps): 300.95
01-07-25 15:52[root]INFO | Episode: 590, Step: [434] Avg Reward (last 100eps): 298.58
01-07-25 16:34[root]INFO | Episode: 600, Step: [739] Avg Reward (last 100eps): 298.76
01-07-25 16:53[root]INFO | ==>Evaluation at episode 600 step 463050: Avg Reward (ep50): 325.23 ± 0.51
01-07-25 16:53[root]INFO | ==>New best test reward: 325.23
01-07-25 17:35[root]INFO | Episode: 610, Step: [737] Avg Reward (last 100eps): 309.08
01-07-25 18:16[root]INFO | Episode: 620, Step: [718] Avg Reward (last 100eps): 309.21
01-07-25 18:58[root]INFO | Episode: 630, Step: [696] Avg Reward (last 100eps): 309.22
01-07-25 19:39[root]INFO | Episode: 640, Step: [720] Avg Reward (last 100eps): 309.38
01-07-25 20:20[root]INFO | Episode: 650, Step: [724] Avg Reward (last 100eps): 315.08
01-07-25 20:39[root]INFO | ==>Evaluation at episode 650 step 498824: Avg Reward (ep50): 302.74 ± 64.54
01-07-25 21:20[root]INFO | Episode: 660, Step: [716] Avg Reward (last 100eps): 315.85
01-07-25 22:01[root]INFO | Episode: 670, Step: [700] Avg Reward (last 100eps): 318.95
01-07-25 22:42[root]INFO | Episode: 680, Step: [694] Avg Reward (last 100eps): 319.11
01-07-25 23:24[root]INFO | Episode: 690, Step: [695] Avg Reward (last 100eps): 321.71
02-07-25 00:03[root]INFO | Episode: 700, Step: [706] Avg Reward (last 100eps): 319.18
02-07-25 00:21[root]INFO | ==>Evaluation at episode 700 step 534114: Avg Reward (ep50): 326.05 ± 0.58
02-07-25 00:21[root]INFO | ==>New best test reward: 326.05
02-07-25 01:00[root]INFO | Episode: 710, Step: [712] Avg Reward (last 100eps): 314.25
02-07-25 01:40[root]INFO | Episode: 720, Step: [721] Avg Reward (last 100eps): 312.61
02-07-25 02:18[root]INFO | Episode: 730, Step: [714] Avg Reward (last 100eps): 309.94
02-07-25 02:59[root]INFO | Episode: 740, Step: [716] Avg Reward (last 100eps): 309.81
02-07-25 03:40[root]INFO | Episode: 750, Step: [702] Avg Reward (last 100eps): 309.71
02-07-25 03:58[root]INFO | ==>Evaluation at episode 750 step 568469: Avg Reward (ep50): 314.72 ± 43.16
02-07-25 04:38[root]INFO | Episode: 760, Step: [697] Avg Reward (last 100eps): 310.96
02-07-25 05:16[root]INFO | Episode: 770, Step: [701] Avg Reward (last 100eps): 307.94
02-07-25 05:57[root]INFO | Episode: 780, Step: [713] Avg Reward (last 100eps): 307.91
02-07-25 06:36[root]INFO | Episode: 790, Step: [671] Avg Reward (last 100eps): 307.88
02-07-25 07:17[root]INFO | Episode: 800, Step: [701] Avg Reward (last 100eps): 310.48
02-07-25 07:35[root]INFO | ==>Evaluation at episode 800 step 603047: Avg Reward (ep50): 322.92 ± 0.41
02-07-25 08:16[root]INFO | Episode: 810, Step: [692] Avg Reward (last 100eps): 315.42
02-07-25 08:57[root]INFO | Episode: 820, Step: [687] Avg Reward (last 100eps): 317.08
02-07-25 09:37[root]INFO | Episode: 830, Step: [682] Avg Reward (last 100eps): 319.88
02-07-25 10:15[root]INFO | Episode: 840, Step: [708] Avg Reward (last 100eps): 317.03
02-07-25 10:54[root]INFO | Episode: 850, Step: [696] Avg Reward (last 100eps): 314.90
02-07-25 11:12[root]INFO | ==>Evaluation at episode 850 step 637487: Avg Reward (ep50): 327.19 ± 0.37
02-07-25 11:12[root]INFO | ==>New best test reward: 327.19
02-07-25 11:53[root]INFO | Episode: 860, Step: [687] Avg Reward (last 100eps): 315.08
02-07-25 12:32[root]INFO | Episode: 870, Step: [670] Avg Reward (last 100eps): 316.82
02-07-25 13:12[root]INFO | Episode: 880, Step: [694] Avg Reward (last 100eps): 317.04
02-07-25 13:50[root]INFO | Episode: 890, Step: [269] Avg Reward (last 100eps): 313.95
02-07-25 14:30[root]INFO | Episode: 900, Step: [692] Avg Reward (last 100eps): 312.88
02-07-25 14:48[root]INFO | ==>Evaluation at episode 900 step 671460: Avg Reward (ep50): 325.47 ± 0.36
02-07-25 15:28[root]INFO | Episode: 910, Step: [687] Avg Reward (last 100eps): 313.00
02-07-25 16:06[root]INFO | Episode: 920, Step: [699] Avg Reward (last 100eps): 309.34
02-07-25 16:46[root]INFO | Episode: 930, Step: [674] Avg Reward (last 100eps): 309.37
02-07-25 17:26[root]INFO | Episode: 940, Step: [678] Avg Reward (last 100eps): 312.45
02-07-25 17:33[root]INFO | ===================> Storing Reward <=================
02-07-25 17:33[root]INFO | ===================> Evaluation Started (Last Model-Reported for Publication) <=================
02-07-25 18:36[root]INFO | ==============> Test reward for seeds [500, 600]: 327.66 +/- 0.5518927711637535 <==========
02-07-25 18:36[root]INFO | ===================> Evaluation Started (Best Model) <=================
